Solving not completed simulation: 0-th chance
Solving snapshot 0.0 794
36
time in solving system 4.305840120010544
time in solving system 0.36665591299242806
time in solving system 0.181046318000881
concluded in  7.492815563004115
Solving snapshot 0.0 795
36
time in solving system 4.700910198997008
time in solving system 0.1298117039987119
time in solving system 0.1915516720036976
concluded in  8.138128769001924
Solving snapshot 0.0 796
36
time in solving system 3.513603391009383
time in solving system 0.34850403100426774
time in solving system 0.5323738349979976
concluded in  7.630413448001491
Solving snapshot 0.0 797
36
time in solving system 3.5467360600014217
time in solving system 0.25913210700673517
time in solving system 0.39314384599856567
concluded in  7.470755571004702
Solving snapshot 0.0 798
36
