Solving not completed simulation: 0-th chance
Solving snapshot 0.0 789
36
time in solving system 4.7262095480109565
time in solving system 0.12306077200628351
time in solving system 0.13698688200383913
concluded in  7.954089537000982
Solving snapshot 0.0 790
36
time in solving system 4.814007330001914
time in solving system 0.24631861699162982
time in solving system 0.12813242699485272
concluded in  8.016737027006457
Solving snapshot 0.0 791
36
time in solving system 4.767916237004101
time in solving system 0.10885301600501407
time in solving system 0.14296300899877679
concluded in  7.973209482996026
Solving snapshot 0.0 792
36
time in solving system 5.042707084998256
time in solving system 0.37488721699628513
