Solving not completed simulation: 0-th chance
Solving snapshot 0 0
36
time in solving system 3.677849061998131
time in solving system 0.34372512900154106
time in solving system 0.2406295010005124
concluded in  8.009530165996694
Solving snapshot 0 1
36
time in solving system 3.992107694997685
time in solving system 0.14662366199627286
time in solving system 0.12592071299877716
concluded in  8.019045212997298
Solving snapshot 0 2
36
time in solving system 4.554069815996627
time in solving system 0.11754069199378137
time in solving system 0.17341272799967555
concluded in  8.737820031004958
Solving snapshot 0 3
36
time in solving system 4.585123685996223
time in solving system 0.1654902709997259
time in solving system 0.10673691599367885
concluded in  8.883034700003918
Solving snapshot 0 4
36
time in solving system 5.9517715990004945
time in solving system 0.2705588290045853
time in solving system 0.12826761699398048
concluded in  9.428896206998616
Solving snapshot 0 5
36
time in solving system 5.6539525400003185
time in solving system 0.1818862159998389
time in solving system 0.11201739399984945
concluded in  10.561013673999696
Solving snapshot 0 6
36
time in solving system 3.94297583700245
time in solving system 0.11199336100253277
time in solving system 0.11156450599810341
concluded in  10.48111447699921
Solving snapshot 0 7
36
time in solving system 4.754083239000465
time in solving system 0.14206820399704156
time in solving system 0.10336508499312913
concluded in  8.86213239299832
Solving snapshot 0 8
36
time in solving system 3.394796890002908
time in solving system 0.12131958499958273
time in solving system 0.11294021399953635
concluded in  8.271414806004032
Solving snapshot 0 9
36
time in solving system 4.16889214800176
time in solving system 0.11278561999642989
time in solving system 0.12053201599337626
concluded in  7.918739007996919
Solving snapshot 0 10
36
time in solving system 2.2836269219988026
time in solving system 0.10811955499957548
time in solving system 0.10648282299371203
concluded in  7.904457440999977
Solving snapshot 0 11
36
time in solving system 4.9327559800003655
time in solving system 0.12320070900022984
time in solving system 0.10842566499923123
concluded in  9.220738391995837
Solving snapshot 0 12
36
time in solving system 5.332078821993491
time in solving system 0.10051092399953632
time in solving system 0.10980209500121418
concluded in  10.765741899005661
Solving snapshot 0 13
36
time in solving system 3.3359752830001526
time in solving system 0.12163275299826637
time in solving system 0.11149100599868689
concluded in  10.006952673997148
Solving snapshot 0 14
36
time in solving system 4.497943178001151
time in solving system 0.12475121200259309
time in solving system 0.11211504699895158
concluded in  11.068389908999961
Solving snapshot 0 15
36
time in solving system 3.9502788789977785
time in solving system 0.19581267399917124
time in solving system 0.3100914050010033
concluded in  9.528441062000638
Solving snapshot 0 16
36
time in solving system 4.9684357209989685
time in solving system 0.27435170000535436
time in solving system 0.17775369899754878
concluded in  9.642537359002745
Solving snapshot 0 17
36
time in solving system 3.304284738005663
time in solving system 0.19362989399814978
time in solving system 0.24646765700163087
concluded in  8.744656149996445
Solving snapshot 0 18
36
time in solving system 3.5504619359999197
time in solving system 0.11522937299741898
time in solving system 0.11595609200594481
concluded in  7.756283916998655
Solving snapshot 0 19
36
time in solving system 4.406321229005698
time in solving system 0.10509060400363524
time in solving system 0.10980818599637132
concluded in  8.563727970999025
Solving snapshot 0 20
36
time in solving system 4.80390519300272
time in solving system 0.3162542299978668
time in solving system 0.14067958099622047
concluded in  9.001840158998675
Solving snapshot 0 21
36
time in solving system 4.788261258996499
time in solving system 0.16314963700278895
time in solving system 0.1261293069983367
concluded in  9.66193607999594
Solving snapshot 0 22
36
time in solving system 4.443577477002691
time in solving system 0.3335442850002437
time in solving system 0.29924327700427966
concluded in  8.680960616999073
Solving snapshot 0 23
36
time in solving system 3.55045271400013
time in solving system 0.23552728800132172
time in solving system 0.20806895299756434
concluded in  7.3980106379967765
Solving snapshot 0 24
36
time in solving system 3.700455307000084
time in solving system 0.10931120399618521
time in solving system 0.11467488800553838
concluded in  7.576046356996812
Solving snapshot 0 25
36
time in solving system 3.01722157200129
time in solving system 0.1102947370018228
time in solving system 0.11306145699927583
concluded in  6.9253606400016
Solving snapshot 0 26
36
time in solving system 4.580974872995284
time in solving system 0.11133995099953609
time in solving system 0.13251548100379296
concluded in  8.936880930996267
Solving snapshot 0 27
36
time in solving system 5.136367171995516
time in solving system 0.17872572100168327
time in solving system 0.11407143600081326
concluded in  9.67697929100541
Solving snapshot 0 28
36
time in solving system 6.104386287006491
time in solving system 0.2664781999992556
time in solving system 0.26324980099889217
concluded in  11.256999040000665
Solving snapshot 0 29
36
time in solving system 4.321112803001597
time in solving system 0.26210405099845957
time in solving system 0.2809207669997704
concluded in  9.674315491000016
Solving snapshot 0 30
36
time in solving system 5.39621688900661
time in solving system 0.25674250200245297
time in solving system 0.24411938000412192
concluded in  10.832048816002498
Solving snapshot 0 31
36
time in solving system 3.564711029001046
time in solving system 0.1155880279984558
time in solving system 0.10832416199991712
concluded in  8.359595242000069
Solving snapshot 0 32
36
time in solving system 3.127283271001943
time in solving system 0.1312513279990526
time in solving system 0.2711382039997261
concluded in  7.671617978994618
Solving snapshot 0 33
36
time in solving system 3.955812252999749
time in solving system 0.1300747049972415
time in solving system 0.10649465100141242
concluded in  9.333064516999002
Solving snapshot 0 34
36
time in solving system 3.1637996429999475
time in solving system 0.10836361999827204
time in solving system 0.09921928500261856
concluded in  8.613470794000023
Solving snapshot 0 35
36
time in solving system 3.8587627910019364
time in solving system 0.10715644300216809
time in solving system 0.1064215190053801
concluded in  8.943951182998717
Solving snapshot 0 36
36
time in solving system 2.2040557360014645
time in solving system 0.10427833100402495
time in solving system 0.11488148699572776
concluded in  8.03788853000151
Solving snapshot 0 37
36
time in solving system 3.178899431004538
time in solving system 0.11319258699950296
time in solving system 0.14774103200034006
concluded in  7.544968002002861
Solving snapshot 0 38
36
time in solving system 4.24609441299981
time in solving system 0.11253535900323186
time in solving system 0.10679746299865656
concluded in  7.793509344002814
Solving snapshot 0 39
36
time in solving system 3.5679300849951687
time in solving system 0.1688651000004029
time in solving system 0.11160594700049842
concluded in  8.49558021100529
Solving snapshot 0 40
36
time in solving system 3.3662215389995254
time in solving system 0.10902055400219979
time in solving system 0.1132859900026233
concluded in  7.468152143002953
Solving snapshot 0 41
36
time in solving system 3.4572661769998376
time in solving system 0.2661857240018435
time in solving system 0.1740836329990998
concluded in  7.852621468999132
Solving snapshot 0 42
36
time in solving system 2.678119064999919
time in solving system 0.1607559929980198
time in solving system 0.11065376800252125
concluded in  6.484448593000707
Solving snapshot 0 43
36
time in solving system 3.7590624489967013
time in solving system 0.21504997000010917
time in solving system 0.23178714999812655
concluded in  7.45003135400475
Solving snapshot 0 44
36
time in solving system 6.453730045002885
time in solving system 0.18324884599860525
time in solving system 0.2930406790037523
concluded in  10.256554600004165
Solving snapshot 0 45
36
time in solving system 4.466562689005514
time in solving system 0.11041098100395175
time in solving system 0.13874064099945826
concluded in  7.929939197005297
Solving snapshot 0 46
36
time in solving system 4.818622735001554
time in solving system 0.12112404400249943
time in solving system 0.10815745600120863
concluded in  8.37459233700065
Solving snapshot 0 47
36
time in solving system 4.035506980995706
time in solving system 0.1266143410030054
time in solving system 0.13189723099640105
concluded in  8.238187287002802
Solving snapshot 0 48
36
time in solving system 4.970980318998045
time in solving system 0.15017370600253344
time in solving system 0.1648907920025522
concluded in  9.043296349998855
Solving snapshot 0 49
36
time in solving system 5.002212915998825
time in solving system 0.11153825400106143
time in solving system 0.11144094300107099
concluded in  8.447177346002718
Solving snapshot 0 50
36
time in solving system 4.979920500001754
time in solving system 0.11689016300078947
time in solving system 0.11075542299658991
concluded in  8.658111641998403
Solving snapshot 0 51
36
time in solving system 4.232639977999497
time in solving system 0.11394510199897923
time in solving system 0.10729382599674864
concluded in  8.746295239005121
Solving snapshot 0 52
36
time in solving system 3.1454453359983745
time in solving system 0.11126918499940075
time in solving system 0.11192094299622113
concluded in  7.57193258299958
Solving snapshot 0 53
36
time in solving system 3.629603790002875
time in solving system 0.12693029300135095
time in solving system 0.11006653499498498
concluded in  8.216651501999877
Solving snapshot 0 54
36
time in solving system 3.9584187190048397
time in solving system 0.24424418400303693
time in solving system 0.24003674599953229
concluded in  8.549848210001073
Solving snapshot 0 55
36
time in solving system 3.6717040090006776
time in solving system 0.1475718709989451
time in solving system 0.24567582599411253
concluded in  8.18152261999785
Solving snapshot 0 56
36
time in solving system 3.7866544860007707
time in solving system 0.11513933799869847
time in solving system 0.1050142920066719
concluded in  7.790927426001872
Solving snapshot 0 57
36
time in solving system 3.454364261000592
time in solving system 0.21850736599299125
time in solving system 0.24271274599595927
concluded in  8.36692117999337
Solving snapshot 0 58
36
time in solving system 3.771555059000093
time in solving system 0.16696989000047324
time in solving system 0.12395799699879717
concluded in  7.615306141000474
Solving snapshot 0 59
36
time in solving system 4.069385109003633
time in solving system 0.20007537199853687
time in solving system 0.1693295580043923
concluded in  8.327574549999554
Solving snapshot 0 60
36
time in solving system 4.825374560998171
time in solving system 0.1252610809970065
time in solving system 0.20931044499593554
concluded in  9.029905820003478
Solving snapshot 0 61
36
time in solving system 3.7360908049959107
time in solving system 0.18238263799867127
time in solving system 0.2437071879976429
concluded in  8.78703173300164
Solving snapshot 0 62
36
time in solving system 5.642592891999811
time in solving system 0.18624766699940665
time in solving system 0.14045677799731493
concluded in  10.99798288600141
Solving snapshot 0 63
36
time in solving system 5.665141250996385
time in solving system 0.1779638360021636
time in solving system 0.11630880099983187
concluded in  10.581367851002142
Solving snapshot 0 64
36
time in solving system 4.74413331499818
time in solving system 0.1360478869974031
time in solving system 0.11991249299899209
concluded in  8.792643032000342
Solving snapshot 0 65
36
time in solving system 4.803274363002856
time in solving system 0.12993931900564348
time in solving system 0.1628321460011648
concluded in  9.066969654006243
Solving snapshot 0 66
36
time in solving system 5.406273013999453
time in solving system 0.11089363000064623
time in solving system 0.11354290400049649
concluded in  9.11398062200169
Solving snapshot 0 67
36
time in solving system 4.400076671998249
time in solving system 0.1267574160010554
time in solving system 0.10388510899792891
concluded in  7.640755694999825
Solving snapshot 0 68
36
time in solving system 6.3895743250031956
time in solving system 0.1490775720012607
time in solving system 0.1987852039965219
concluded in  10.562296017000335
Solving snapshot 0 69
36
time in solving system 3.6051709359962842
time in solving system 0.16122704000008525
time in solving system 0.11508140200021444
concluded in  9.106394739996176
Solving snapshot 0 70
36
time in solving system 2.273071550000168
time in solving system 0.12658541300334036
time in solving system 0.22221534200070892
concluded in  7.059139254997717
Solving snapshot 0 71
36
time in solving system 2.283885074000864
time in solving system 0.10245590699923923
time in solving system 0.1152179310010979
concluded in  7.220075381999777
Solving snapshot 0 72
36
time in solving system 2.363698872002715
time in solving system 0.11515299599705031
time in solving system 0.12119433699990623
concluded in  7.712394164998841
Solving snapshot 0 73
36
time in solving system 2.368516375994659
time in solving system 0.10863840200181585
time in solving system 0.1106128089959384
concluded in  7.355162708001444
Solving snapshot 0 74
36
time in solving system 2.3344054090048303
time in solving system 0.10895092199643841
time in solving system 0.1007907189996331
concluded in  7.861717838000914
Solving snapshot 0 75
36
time in solving system 3.986735893005971
time in solving system 0.10776597699441481
time in solving system 0.11621991099673323
concluded in  8.840436418002355
Solving snapshot 0 76
36
time in solving system 3.1530958069997723
time in solving system 0.1098070000007283
time in solving system 0.1042800939976587
concluded in  7.1365678570000455
Solving snapshot 0 77
36
time in solving system 3.4068435700028203
time in solving system 0.11629618699953426
time in solving system 0.10372841399657773
concluded in  8.149241446997621
Solving snapshot 0 78
36
time in solving system 2.1936305630006245
time in solving system 0.10955424699932337
time in solving system 0.10202577200107044
concluded in  6.624834900001588
Solving snapshot 0 79
36
time in solving system 2.281528759005596
time in solving system 0.11231350200250745
time in solving system 0.14054859499447048
concluded in  7.236694234001334
Solving snapshot 0 80
36
time in solving system 3.2573896730027627
time in solving system 0.2600263240019558
time in solving system 0.23689622299571056
concluded in  8.443317308003316
Solving snapshot 0 81
36
time in solving system 4.418739952001488
time in solving system 0.177555490998202
time in solving system 0.1657802069967147
concluded in  8.909531477998826
Solving snapshot 0 82
36
time in solving system 5.452758445004292
time in solving system 0.1465812820024439
time in solving system 0.12073475700162817
concluded in  9.539879939002276
Solving snapshot 0 83
36
time in solving system 6.072653210998396
time in solving system 0.1527857600012794
time in solving system 0.20472355800302466
concluded in  10.192510550994484
Solving snapshot 0 84
36
time in solving system 5.182143409001583
time in solving system 0.1240863140046713
time in solving system 0.1468919930048287
concluded in  10.044732809001289
Solving snapshot 0 85
36
time in solving system 4.43050371100253
time in solving system 0.2497655789993587
time in solving system 0.24267756100016413
concluded in  9.558482099004323
Solving snapshot 0 86
36
time in solving system 3.507063750002999
time in solving system 0.11473132399987662
time in solving system 0.18234099300025264
concluded in  8.162758849997772
Solving snapshot 0 87
36
time in solving system 4.060160524997627
time in solving system 0.1390720310009783
time in solving system 0.12312338999618078
concluded in  8.342758058999607
Solving snapshot 0 88
36
time in solving system 4.2501628390018595
time in solving system 0.20327267100219615
time in solving system 0.11443529799726093
concluded in  8.18647621999844
Solving snapshot 0 89
36
time in solving system 4.330444418999832
time in solving system 0.12379263799812179
time in solving system 0.466662887003622
concluded in  9.076188585000637
Solving snapshot 0 90
36
time in solving system 3.2795553819960332
time in solving system 0.27659287300048163
time in solving system 0.23955113899864955
concluded in  8.18753871199442
Solving snapshot 0 91
36
time in solving system 4.559394999996584
time in solving system 0.21316402299999027
time in solving system 0.3868133029973251
concluded in  8.918373305001296
Solving snapshot 0 92
36
time in solving system 5.43265269499534
time in solving system 0.2600692319974769
time in solving system 0.2419522700001835
concluded in  10.129133764006838
Solving snapshot 0 93
36
time in solving system 4.9201725399980205
time in solving system 0.2520924849959556
time in solving system 0.2431888639985118
concluded in  8.60073943700263
Solving snapshot 0 94
36
time in solving system 4.888008551999519
time in solving system 0.13045098599832272
time in solving system 0.11275343300076202
concluded in  8.65673383599642
Solving snapshot 0 95
36
time in solving system 4.720028229996387
time in solving system 0.11146729199390393
time in solving system 0.11869000600563595
concluded in  8.650108036999882
Solving snapshot 0 96
36
time in solving system 3.9054416739963926
time in solving system 0.39763918799872044
time in solving system 0.15268159100378398
concluded in  9.889477081997029
Solving snapshot 0 97
36
time in solving system 2.916198565006198
time in solving system 0.10925315799977398
time in solving system 0.10700602600263664
concluded in  8.606665174003865
Solving snapshot 0 98
36
time in solving system 3.3762709939983324
time in solving system 0.17657842899643583
time in solving system 0.1318899340039934
concluded in  7.7115025839957525
Solving snapshot 0 99
36
time in solving system 4.564130689999729
time in solving system 0.11193444800301222
time in solving system 0.13392286699672695
concluded in  8.657079507996968
Solving snapshot 0 100
36
time in solving system 4.85459607699886
time in solving system 0.13671811299718684
time in solving system 0.15763536199665396
concluded in  9.181134960002964
Solving snapshot 0 101
36
time in solving system 3.9248200399961206
time in solving system 0.1682595050006057
time in solving system 0.12288047000038205
concluded in  7.264382777000719
Solving snapshot 0 102
36
time in solving system 3.0940593799969065
time in solving system 0.13972569900215603
time in solving system 0.1671910260047298
concluded in  7.274450223994791
Solving snapshot 0 103
36
time in solving system 5.733543645001191
time in solving system 0.11549137200199766
time in solving system 0.16194491200440098
concluded in  9.473136325999803
Solving snapshot 0 104
36
time in solving system 6.143581360003736
time in solving system 0.28848424600437284
time in solving system 0.23863377899397165
concluded in  10.702247110995813
Solving snapshot 0 105
36
time in solving system 6.010290652993717
time in solving system 0.1805513860017527
time in solving system 0.16964531400299165
concluded in  10.91367782499583
Solving snapshot 0 106
36
time in solving system 4.79392348699912
time in solving system 0.16177263099962147
time in solving system 0.12103292399842758
concluded in  9.98479375900206
Solving snapshot 0 107
36
time in solving system 5.0321388079973985
time in solving system 0.16752640499908011
time in solving system 0.15442779699515086
concluded in  10.169772299996112
Solving snapshot 0 108
36
time in solving system 4.050071416000719
time in solving system 0.11168169099983061
time in solving system 0.1114573999948334
concluded in  9.247168403002433
Solving snapshot 0 109
36
time in solving system 4.135569158999715
time in solving system 0.10815287700097542
time in solving system 0.10784527500072727
concluded in  9.305334621996735
Solving snapshot 0 110
36
time in solving system 5.493301337999583
time in solving system 0.11661296199599747
time in solving system 0.10219026500271866
concluded in  10.6474548949991
Solving snapshot 0 111
36
time in solving system 4.427693731995532
time in solving system 0.11132861700025387
time in solving system 0.11400766100268811
concluded in  10.590021983000042
Solving snapshot 0 112
36
time in solving system 3.428158352005994
time in solving system 0.09564516600221395
time in solving system 0.10140733500156784
concluded in  9.650501849995635
Solving snapshot 0 113
36
time in solving system 3.5241785929974867
time in solving system 0.10392222100199433
time in solving system 0.10963697099941783
concluded in  8.486704769995413
Solving snapshot 0 114
36
time in solving system 2.7352745120006148
time in solving system 0.1073424909991445
time in solving system 0.10851205400103936
concluded in  7.782533275996684
Solving snapshot 0 115
36
time in solving system 3.6951151750035933
time in solving system 0.12348407800163841
time in solving system 0.11273628900380572
concluded in  8.574643400999776
Solving snapshot 0 116
36
time in solving system 4.918223220003711
time in solving system 0.10421666299953358
time in solving system 0.11540426399733406
concluded in  9.247290097002406
Solving snapshot 0 117
36
time in solving system 4.758821136005281
time in solving system 0.15758383100182982
time in solving system 0.19563504100369755
concluded in  9.946258871001191
Solving snapshot 0 118
36
time in solving system 4.899075725006696
time in solving system 0.12661239199951524
time in solving system 0.11253860400029225
concluded in  9.55340096099826
Solving snapshot 0 119
36
time in solving system 4.744597451004665
time in solving system 0.11572055100259604
time in solving system 0.20380465099879075
concluded in  8.626709781005047
Solving snapshot 0 120
36
time in solving system 4.582597352004086
time in solving system 0.13262511199718574
time in solving system 0.2381655019999016
concluded in  8.689628574997187
Solving snapshot 0 121
36
time in solving system 3.32892990399705
time in solving system 0.32048267199570546
time in solving system 0.12995360499917297
concluded in  7.573189173999708
Solving snapshot 0 122
36
time in solving system 5.518143767003494
time in solving system 0.42320180000388063
time in solving system 0.4472664700006135
concluded in  10.13067858100112
Solving snapshot 0 123
36
time in solving system 5.25453671500145
time in solving system 0.14195321800070815
time in solving system 0.22658911300095497
concluded in  10.089298794999195
Solving snapshot 0 124
36
time in solving system 5.013209116994403
time in solving system 0.2868744049992529
time in solving system 0.23901242000283673
concluded in  11.134415503998753
Solving snapshot 0 125
36
time in solving system 3.706209983000008
time in solving system 0.13657479699759278
time in solving system 0.11559035800019046
concluded in  8.104760565998731
Solving snapshot 0 126
36
time in solving system 3.7225630800021463
time in solving system 0.24993415299832122
time in solving system 0.16793358599534258
concluded in  8.026302397003747
Solving snapshot 0 127
36
time in solving system 4.016888541998924
time in solving system 0.3361509010064765
time in solving system 0.306177131998993
concluded in  8.450328710001486
Solving snapshot 0 128
36
time in solving system 3.772802880004747
time in solving system 0.25316707199817756
time in solving system 0.1261612949965638
concluded in  7.940738222998334
Solving snapshot 0 129
36
time in solving system 3.0896946220018435
time in solving system 0.28153098600159865
time in solving system 0.23158504200546304
concluded in  7.725939068994194
Solving snapshot 0 130
36
time in solving system 4.664031379004882
time in solving system 0.14758487600192893
time in solving system 0.22287983699789038
concluded in  9.169143082006485
Solving snapshot 0 131
36
time in solving system 4.0394070190013736
time in solving system 0.18882666299759876
time in solving system 0.10911260000284528
concluded in  7.497634092003864
Solving snapshot 0 132
36
time in solving system 4.847413463998237
time in solving system 0.22718517699831864
time in solving system 0.23130765699897893
concluded in  10.882763356996293
Solving snapshot 0 133
36
time in solving system 4.625536244006071
time in solving system 0.16404314700048417
time in solving system 0.17926929899840616
concluded in  9.184729139997216
Solving snapshot 0 134
36
time in solving system 3.5425518699994427
time in solving system 0.13152007199823856
time in solving system 0.11866491199907614
concluded in  9.244654936002917
Solving snapshot 0 135
36
time in solving system 5.17455828099628
time in solving system 0.13602912799979094
time in solving system 0.16621251100150403
concluded in  9.318099151001661
Solving snapshot 0 136
36
time in solving system 3.8162353849984356
time in solving system 0.3837248880008701
time in solving system 0.31282122599805007
concluded in  8.936965837994649
Solving snapshot 0 137
36
time in solving system 4.872819060998154
time in solving system 0.11496064999664668
time in solving system 0.11395160800020676
concluded in  9.474227161997987
Solving snapshot 0 138
36
time in solving system 5.3584350570017705
time in solving system 0.09701739500451367
time in solving system 0.09982919599860907
concluded in  10.122584946999268
Solving snapshot 0 139
36
time in solving system 5.024373976004426
time in solving system 0.105675730999792
time in solving system 0.09978913400118472
concluded in  8.796453631999611
Solving snapshot 0 140
36
time in solving system 3.688053835001483
time in solving system 0.10556632399675436
time in solving system 0.11018933000013931
concluded in  9.017044280997652
Solving snapshot 0 141
36
time in solving system 3.6649311280052643
time in solving system 0.11333535000449046
time in solving system 0.10927881099632941
concluded in  8.03181094500178
Solving snapshot 0 142
36
time in solving system 4.084324333998666
time in solving system 0.11970388599729631
time in solving system 0.1194473459981964
concluded in  8.43695706800645
Solving snapshot 0 143
36
time in solving system 3.9857590370011167
time in solving system 0.11376483400090365
time in solving system 0.1394773020001594
concluded in  7.901646129997971
Solving snapshot 0 144
36
time in solving system 4.920540341998276
time in solving system 0.11100992300634971
time in solving system 0.11506781899515772
concluded in  8.99655918499775
Solving snapshot 0 145
36
time in solving system 4.2815880249982
time in solving system 0.1814403750031488
time in solving system 0.10938744799932465
concluded in  7.801655751994986
Solving snapshot 0 146
36
time in solving system 4.20271624000452
time in solving system 0.099538312999357
time in solving system 0.09963278799841646
concluded in  8.560796332996688
Solving snapshot 0 147
36
time in solving system 4.672731960999954
time in solving system 0.24142448700149544
time in solving system 0.27343265200033784
concluded in  9.471221464002156
Solving snapshot 0 148
36
time in solving system 4.839235886000097
time in solving system 0.11998029200185556
time in solving system 0.11193830499541946
concluded in  9.141527383995708
Solving snapshot 0 149
36
time in solving system 3.4439931320011965
time in solving system 0.22868599600042216
time in solving system 0.12450326299585868
concluded in  7.64758417000121
Solving snapshot 0 150
36
time in solving system 4.452473934004956
time in solving system 0.24595126300118864
time in solving system 0.1329431949998252
concluded in  8.564539680999587
Solving snapshot 0 151
36
time in solving system 2.5356728099941392
time in solving system 0.2363547560016741
time in solving system 0.18492131500534015
concluded in  7.8333133480045944
Solving snapshot 0 152
36
time in solving system 4.16636200499488
time in solving system 0.22619419200054836
time in solving system 0.1500814259998151
concluded in  9.064268592999724
Solving snapshot 0 153
36
time in solving system 3.4733959490040434
time in solving system 0.17649578999407822
time in solving system 0.1027974179960438
concluded in  8.01274562299659
Solving snapshot 0 154
36
time in solving system 2.4702302040022914
time in solving system 0.11964285199792357
time in solving system 0.11859785900014685
concluded in  7.551477737004461
Solving snapshot 0 155
36
time in solving system 2.9173943999994663
time in solving system 0.23812308999913512
time in solving system 0.2339009450006415
concluded in  9.190027800003008
Solving snapshot 0 156
36
time in solving system 3.4217276890049106
time in solving system 0.12040792699554004
time in solving system 0.12636332599504385
concluded in  7.467812798000523
Solving snapshot 0 157
36
time in solving system 3.6351850959981675
time in solving system 0.11099289100093301
time in solving system 0.11831552999501582
concluded in  7.610405721999996
Solving snapshot 0 158
36
time in solving system 4.548452197996085
time in solving system 0.16860508899844717
time in solving system 0.16297068299900275
concluded in  8.333792659999745
Solving snapshot 0 159
36
time in solving system 4.319506122999883
time in solving system 0.24431481499777874
time in solving system 0.2563802399963606
concluded in  8.795700048998697
Solving snapshot 0 160
36
time in solving system 3.3399312709952937
time in solving system 0.11880491599731613
time in solving system 0.11236058500071522
concluded in  6.957233793000341
Solving snapshot 0 161
36
time in solving system 3.3286523100032355
time in solving system 0.11618009599624202
time in solving system 0.10535921299742768
concluded in  7.973359392999555
Solving snapshot 0 162
36
time in solving system 3.669010851001076
time in solving system 0.10983089399815071
time in solving system 0.11008127099921694
concluded in  7.387076441998943
Solving snapshot 0 163
36
time in solving system 4.183492151998507
time in solving system 0.10895438100124011
time in solving system 0.14370398400205886
concluded in  8.396093392999319
Solving snapshot 0 164
36
time in solving system 3.488268984001479
time in solving system 0.10884543100110022
time in solving system 0.10701529100333573
concluded in  9.574557279003784
Solving snapshot 0 165
36
time in solving system 6.489270861995465
time in solving system 0.20796024299488636
time in solving system 0.1803467179997824
concluded in  11.949228690005839
Solving snapshot 0 166
36
time in solving system 5.693963404002716
time in solving system 0.1093549420038471
time in solving system 0.11126553999929456
concluded in  11.819697086997621
Solving snapshot 0 167
36
time in solving system 5.705001482994703
time in solving system 0.1124310850063921
time in solving system 0.10989027200412238
concluded in  10.734285531005298
Solving snapshot 0 168
36
time in solving system 3.485770908999257
time in solving system 0.1122634229977848
time in solving system 0.10709668700292241
concluded in  9.887540870004159
Solving snapshot 0 169
36
time in solving system 4.568138262999128
time in solving system 0.1452292280009715
time in solving system 0.12562040700140642
concluded in  9.997818854993966
Solving snapshot 0 170
36
time in solving system 5.574928000998625
time in solving system 0.13053864899848122
time in solving system 0.3360802530005458
concluded in  11.053492275997996
Solving snapshot 0 171
36
time in solving system 3.11150179499964
time in solving system 0.24004813699866645
time in solving system 0.1499338279973017
concluded in  8.250891000003321
Solving snapshot 0 172
36
time in solving system 5.353135028999532
time in solving system 0.11184979399695294
time in solving system 0.11290754099900369
concluded in  9.915599735002615
Solving snapshot 0 173
36
time in solving system 4.694291988002078
time in solving system 0.12063381399639184
time in solving system 0.11960178799927235
concluded in  9.089552015000663
Solving snapshot 0 174
36
time in solving system 4.2906799530028366
time in solving system 0.19623301300453022
time in solving system 0.11180306700407527
concluded in  9.216773079999257
Solving snapshot 0 175
36
time in solving system 3.453648835005879
time in solving system 0.10854787499556551
time in solving system 0.1810644110009889
concluded in  8.005738340005337
Solving snapshot 0 176
36
time in solving system 4.576873644997249
time in solving system 0.24118546699901344
time in solving system 0.23732248700252967
concluded in  8.435420057001465
Solving snapshot 0 177
36
time in solving system 4.232442362997972
time in solving system 0.11207078799634473
time in solving system 0.1309188160012127
concluded in  8.0972023860013
Solving snapshot 0 178
36
time in solving system 4.372847595004714
time in solving system 0.23629548100143438
time in solving system 0.24839580499974545
concluded in  8.735107741005777
Solving snapshot 0 179
36
time in solving system 2.9040798889982398
time in solving system 0.11029769399465295
time in solving system 0.12718809399666497
concluded in  8.145620802002668
Solving snapshot 0 180
36
time in solving system 2.954064892997849
time in solving system 0.23923732999537606
time in solving system 0.29151947100035613
concluded in  8.244758994995209
Solving snapshot 0 181
36
time in solving system 4.489817200999823
time in solving system 0.10873589199763956
time in solving system 0.12190785699931439
concluded in  9.215633262996562
Solving snapshot 0 182
36
time in solving system 4.126314703004027
time in solving system 0.10849900200264528
time in solving system 0.10777435999625595
concluded in  8.642135132002295
Solving snapshot 0 183
36
time in solving system 4.861738661005802
time in solving system 0.1031874659965979
time in solving system 0.11304182899766602
concluded in  9.088270526000997
Solving snapshot 0 184
36
time in solving system 4.493762512996909
time in solving system 0.25380837800184963
time in solving system 0.2694240519995219
concluded in  9.094932560001325
Solving snapshot 0 185
36
time in solving system 3.396675366006093
time in solving system 0.23086319099820685
time in solving system 0.12795220500265714
concluded in  9.51352902900544
Solving snapshot 0 186
36
time in solving system 2.616662050000741
time in solving system 0.10906586400233209
time in solving system 0.14194771199981915
concluded in  6.75492243100598
Solving snapshot 0 187
36
time in solving system 3.9724590909972903
time in solving system 0.2974017329979688
time in solving system 0.27130550800211495
concluded in  8.543123188006575
Solving snapshot 0 188
36
time in solving system 3.7311134160045185
time in solving system 0.12114538900641492
time in solving system 0.1407291069990606
concluded in  7.590431142001762
Solving snapshot 0 189
36
time in solving system 3.256255184998736
time in solving system 0.10994668700004695
time in solving system 0.13004361099592643
concluded in  8.52197728700412
Solving snapshot 0 190
36
time in solving system 3.0747723479944398
time in solving system 0.12090701599663589
time in solving system 0.10734497699741041
concluded in  7.373133387001872
Solving snapshot 0 191
36
time in solving system 3.9653906659950735
time in solving system 0.1277534969995031
time in solving system 0.13564575299824355
concluded in  8.230785997999192
Solving snapshot 0 192
36
time in solving system 3.3176683109995793
time in solving system 0.2181718110005022
time in solving system 0.11258008499862626
concluded in  7.2363101429946255
Solving snapshot 0 193
36
time in solving system 3.9822238449996803
time in solving system 0.11461584299831884
time in solving system 0.131638621998718
concluded in  7.987871010998788
Solving snapshot 0 194
36
time in solving system 3.0951378979953006
time in solving system 0.11615027499647113
time in solving system 0.12041494499862893
concluded in  6.653761756999302
Solving snapshot 0 195
36
time in solving system 3.242306132997328
time in solving system 0.27481053499650443
time in solving system 0.38473562000581296
concluded in  9.002489490994776
Solving snapshot 0 196
36
time in solving system 5.223022313999536
time in solving system 0.2986187610003981
time in solving system 0.38178836699808016
concluded in  10.63286572299694
Solving snapshot 0 197
36
time in solving system 4.239599656000792
time in solving system 0.2543225949993939
time in solving system 0.11428060199978063
concluded in  8.681916893001471
Solving snapshot 0 198
36
time in solving system 4.073596266003733
time in solving system 0.11288531000172952
time in solving system 0.1425168339992524
concluded in  7.838948777003679
Solving snapshot 0 199
36
time in solving system 2.995032432998414
time in solving system 0.11338460900151404
time in solving system 0.11257287299667951
concluded in  8.661049531998287
Solving snapshot 0 200
36
time in solving system 4.431512360999477
time in solving system 0.1093608890005271
time in solving system 0.14145719299995108
concluded in  9.174242714994762
Solving snapshot 0 201
36
time in solving system 4.329299336000986
time in solving system 0.11892292399716098
time in solving system 0.11622063899994828
concluded in  11.725727803001064
Solving snapshot 0 202
36
time in solving system 2.4139912739992724
time in solving system 0.11089342999912333
time in solving system 0.11334510400047293
concluded in  7.800567584999953
Solving snapshot 0 203
36
time in solving system 3.5932808549987385
time in solving system 0.13133258000016212
time in solving system 0.11980540600052336
concluded in  9.488689297002566
Solving snapshot 0 204
36
time in solving system 2.2349122169980546
time in solving system 0.09762892499566078
time in solving system 0.1049648089974653
concluded in  7.008399817001191
Solving snapshot 0 205
36
time in solving system 3.1164400999987265
time in solving system 0.1235710890032351
time in solving system 0.10095943900523707
concluded in  7.742361940996489
Solving snapshot 0 206
36
time in solving system 3.115906544997415
time in solving system 0.11576768799568526
time in solving system 0.10642977799579967
concluded in  7.631698865996441
Solving snapshot 0 207
36
time in solving system 3.1050394530029735
time in solving system 0.1445057529999758
time in solving system 0.25393427800008794
concluded in  7.447300452993659
Solving snapshot 0 208
36
time in solving system 4.077606145998288
time in solving system 0.22661999599949922
time in solving system 0.23973905599996215
concluded in  7.89535917500325
Solving snapshot 0 209
36
time in solving system 3.3827480059990194
time in solving system 0.1165332300006412
time in solving system 0.16573523200349882
concluded in  6.789317321003182
Solving snapshot 0 210
36
time in solving system 3.644217645000026
time in solving system 0.23169685400353046
time in solving system 0.2228089429991087
concluded in  8.344298583004274
Solving snapshot 0 211
36
time in solving system 4.468671203001577
time in solving system 0.3335407760023372
time in solving system 0.306086778997269
concluded in  8.68128799200349
Solving snapshot 0 212
36
time in solving system 2.614158000993484
time in solving system 0.10799267399852397
time in solving system 0.1091335059973062
concluded in  6.113820006001333
Solving snapshot 0 213
36
time in solving system 3.769896042002074
time in solving system 0.23235386199667118
time in solving system 0.23469390600075712
concluded in  8.578258759000164
Solving snapshot 0 214
36
time in solving system 3.6422315279996837
time in solving system 0.2301564489971497
time in solving system 0.23509723699680762
concluded in  7.589585560002888
Solving snapshot 0 215
36
time in solving system 4.654011837003054
time in solving system 0.36172394899767824
time in solving system 0.3807716200026334
concluded in  9.913550726996618
Solving snapshot 0 216
36
time in solving system 2.994914135997533
time in solving system 0.3696079719957197
time in solving system 0.2522155830010888
concluded in  6.8291607159990235
Solving snapshot 0 217
36
time in solving system 3.2354582530024345
time in solving system 0.10920761299348669
time in solving system 0.189851588998863
concluded in  6.886763296002755
Solving snapshot 0 218
36
time in solving system 3.9566690840001684
time in solving system 0.11489318800158799
time in solving system 0.17343000799883157
concluded in  7.756002050999086
Solving snapshot 0 219
36
time in solving system 3.9353337549982825
time in solving system 0.23412035000364995
time in solving system 0.2516489889967488
concluded in  8.342547535001358
Solving snapshot 0 220
36
time in solving system 3.9869468890028656
time in solving system 0.2036031869938597
time in solving system 0.20207726399530657
concluded in  8.117467273004877
Solving snapshot 0 221
36
time in solving system 2.1608144899946637
time in solving system 0.22355497000535252
time in solving system 0.2265401769982418
concluded in  5.955744455997774
Solving snapshot 0 222
36
time in solving system 2.217931111001235
time in solving system 0.22808039400115376
time in solving system 0.23374260799755575
concluded in  6.65742293799849
Solving snapshot 0 223
36
time in solving system 2.1398076740006218
time in solving system 0.12145127200346906
time in solving system 0.1117175600011251
concluded in  5.941850797004008
Solving snapshot 0 224
36
time in solving system 2.5689390639963676
time in solving system 0.23036076499556657
time in solving system 0.22291612299886765
concluded in  7.949928269001248
Solving snapshot 0 225
36
time in solving system 2.2713994980003918
time in solving system 0.10302453100302955
time in solving system 0.10189149299549172
concluded in  6.395633662999899
Solving snapshot 0 226
36
time in solving system 2.881551453996508
time in solving system 0.11081656400347129
time in solving system 0.10787049699865747
concluded in  7.6727713419968495
Solving snapshot 0 227
36
time in solving system 3.5603924250026466
time in solving system 0.11209518700343324
time in solving system 0.13951832600287162
concluded in  7.119944240999757
Solving snapshot 0 228
36
time in solving system 3.53437974100234
time in solving system 0.1107631089980714
time in solving system 0.10482351700193249
concluded in  7.486933072999818
Solving snapshot 0 229
36
time in solving system 4.1420621989964275
time in solving system 0.1440598150002188
time in solving system 0.16315975900215562
concluded in  8.346740456996486
Solving snapshot 0 230
36
time in solving system 2.69561173600232
time in solving system 0.2715665430005174
time in solving system 0.2498768010045751
concluded in  7.510818424998433
Solving snapshot 0 231
36
time in solving system 3.921747994994803
time in solving system 0.2515492489983444
time in solving system 0.14810110599501058
concluded in  9.008600328001194
Solving snapshot 0 232
36
time in solving system 4.738325717000407
time in solving system 0.16960904499865137
time in solving system 0.11385677100042813
concluded in  8.798116548001417
Solving snapshot 0 233
36
time in solving system 3.9608722169941757
time in solving system 0.27737262500158977
time in solving system 0.34788648900575936
concluded in  9.205347882998467
Solving snapshot 0 234
36
time in solving system 4.091077069002495
time in solving system 0.11285396099992795
time in solving system 0.12122923699644161
concluded in  9.451225560005696
Solving snapshot 0 235
36
time in solving system 4.422831387993938
time in solving system 0.256911691998539
time in solving system 0.2423699629944167
concluded in  8.264098484003625
Solving snapshot 0 236
36
time in solving system 4.874082964000991
time in solving system 0.17464531000587158
time in solving system 0.1814893159971689
concluded in  8.34703316699597
Solving snapshot 0 237
36
time in solving system 3.5741449589986587
time in solving system 0.108023934000812
time in solving system 0.12195819499902427
concluded in  7.600693083993974
Solving snapshot 0 238
36
time in solving system 5.326128663000418
time in solving system 0.22383746100240387
time in solving system 0.1096076149988221
concluded in  9.627611758005514
Solving snapshot 0 239
36
time in solving system 5.378501719998894
time in solving system 0.11633294099738123
time in solving system 0.10437158399872715
concluded in  11.72254016000079
Solving snapshot 0 240
36
time in solving system 3.415885114998673
time in solving system 0.10306166599912103
time in solving system 0.10074652500043157
concluded in  7.981398408999667
Solving snapshot 0 241
36
time in solving system 3.9890121780044865
time in solving system 0.1262704689943348
time in solving system 0.10862747099599801
concluded in  9.704951528998208
Solving snapshot 0 242
36
time in solving system 3.2448564619990066
time in solving system 0.12697493500309065
time in solving system 0.2261183950031409
concluded in  9.142595469005755
Solving snapshot 0 243
36
time in solving system 3.1306389380042674
time in solving system 0.3074266550029279
time in solving system 0.25548482799786143
concluded in  8.635360813997977
Solving snapshot 0 244
36
time in solving system 3.231750856000872
time in solving system 0.10697331299888901
time in solving system 0.11899850900226738
concluded in  8.412202005994914
Solving snapshot 0 245
36
time in solving system 3.392194879001181
time in solving system 0.11982714400073746
time in solving system 0.12203018100262852
concluded in  6.896490028004337
Solving snapshot 0 246
36
time in solving system 5.302555068999936
time in solving system 0.11294933599856449
time in solving system 0.15817949699703604
concluded in  8.644797941000434
Solving snapshot 0 247
36
time in solving system 3.9205387879992486
time in solving system 0.11185593999834964
time in solving system 0.10846625499834772
concluded in  7.38426880499901
Solving snapshot 0 248
36
time in solving system 4.887260395997146
time in solving system 0.24078812000516336
time in solving system 0.35453041899745585
concluded in  9.335930943998392
Solving snapshot 0 249
36
time in solving system 3.2342252490052488
time in solving system 0.135140477999812
time in solving system 0.11175467699649744
concluded in  6.618625451003027
Solving snapshot 0 250
36
time in solving system 3.1384034379952936
time in solving system 0.23010550199978752
time in solving system 0.1383164169965312
concluded in  6.737210621002305
Solving snapshot 0 251
36
time in solving system 3.3035405140035436
time in solving system 0.11107180399994832
time in solving system 0.19462829100666568
concluded in  6.970991642003355
Solving snapshot 0 252
36
time in solving system 4.746700912000961
time in solving system 0.11094414599938318
time in solving system 0.1220640440005809
concluded in  8.731604306005465
Solving snapshot 0 253
36
time in solving system 3.988074080996739
time in solving system 0.1966761450021295
time in solving system 0.16411910000169883
concluded in  8.608012722994317
Solving snapshot 0 254
36
time in solving system 4.509795766003663
time in solving system 0.3095946829998866
time in solving system 0.11202725500334054
concluded in  9.285391961006098
Solving snapshot 0 255
36
time in solving system 3.831890248999116
time in solving system 0.11744402300246293
time in solving system 0.11227461799717275
concluded in  7.60929241800477
Solving snapshot 0 256
36
time in solving system 4.945043075997091
time in solving system 0.23114549399906537
time in solving system 0.12431845199898817
concluded in  9.439843647000089
Solving snapshot 0 257
36
time in solving system 4.919610075994569
time in solving system 0.14657050999812782
time in solving system 0.11675801700039301
concluded in  10.373175154993078
Solving snapshot 0 258
36
time in solving system 3.9065504649988725
time in solving system 0.10946918799891137
time in solving system 0.1090347909994307
concluded in  8.015014133001387
Solving snapshot 0 259
36
time in solving system 4.022197678001248
time in solving system 0.17446075600309996
time in solving system 0.11116605000279378
concluded in  8.498941801997717
Solving snapshot 0 260
36
time in solving system 3.848916320996068
time in solving system 0.15642680100427242
time in solving system 0.10669427600078052
concluded in  8.227319120996981
Solving snapshot 0 261
36
time in solving system 3.4011650719985482
time in solving system 0.2351380469990545
time in solving system 0.2318285610017483
concluded in  9.258682025996677
Solving snapshot 0 262
36
time in solving system 3.4040622399988933
time in solving system 0.23314516300160903
time in solving system 0.15944438799488125
concluded in  9.756621312000789
Solving snapshot 0 263
36
time in solving system 4.316551190997416
time in solving system 0.11081208800169406
time in solving system 0.1101283300013165
concluded in  8.552679742999317
Solving snapshot 0 264
36
time in solving system 3.0963070100042387
time in solving system 0.12315837300411658
time in solving system 0.14692562999698566
concluded in  7.794016152998665
Solving snapshot 0 265
36
time in solving system 2.355088117001287
time in solving system 0.11123482499533566
time in solving system 0.12181092399987392
concluded in  6.486899645999074
Solving snapshot 0 266
36
time in solving system 2.4623031660012202
time in solving system 0.11099827300495235
time in solving system 0.11936215400055517
concluded in  7.442761217993393
Solving snapshot 0 267
36
time in solving system 3.9397026380029274
time in solving system 0.12051778100430965
time in solving system 0.1174146949997521
concluded in  8.381613489000301
Solving snapshot 0 268
36
time in solving system 4.154428138004732
time in solving system 0.11368893399776425
time in solving system 0.11213914900145028
concluded in  7.3157484809999005
Solving snapshot 0 269
36
time in solving system 3.488495520003198
time in solving system 0.26256379499682225
time in solving system 0.31456776399863884
concluded in  7.465006418002304
Solving snapshot 0 270
36
time in solving system 3.644781230999797
time in solving system 0.12448997500177938
time in solving system 0.14554500299709616
concluded in  7.39169978100108
Solving snapshot 0 271
36
time in solving system 3.6077175560058095
time in solving system 0.16601711099792738
time in solving system 0.12565885500225704
concluded in  8.048026569995272
Solving snapshot 0 272
36
time in solving system 2.8380838420052896
time in solving system 0.2318605589971412
time in solving system 0.1981917200027965
concluded in  7.069984392997867
Solving snapshot 0 273
36
time in solving system 3.9540656120007043
time in solving system 0.1289474680015701
time in solving system 0.10670602200116264
concluded in  7.743817547998333
Solving snapshot 0 274
36
time in solving system 4.851031705002242
time in solving system 0.11217808299988974
time in solving system 0.10973295599978883
concluded in  9.189771510995342
Solving snapshot 0 275
36
time in solving system 4.726597505003156
time in solving system 0.12417168699903414
time in solving system 0.11709532500390196
concluded in  8.681324746001337
Solving snapshot 0 276
36
time in solving system 3.8335729889950017
time in solving system 0.11266778600111138
time in solving system 0.11266425000212621
concluded in  7.626017501002934
Solving snapshot 0 277
36
time in solving system 4.803378172000521
time in solving system 0.11913879799976712
time in solving system 0.1126513609997346
concluded in  8.84058818500489
Solving snapshot 0 278
36
time in solving system 3.572511352998845
time in solving system 0.2547073879977688
time in solving system 0.23655178799526766
concluded in  7.85814123700402
Solving snapshot 0 279
36
time in solving system 2.9971874639959424
time in solving system 0.22520557200186886
time in solving system 0.22777319599845214
concluded in  7.747845691003022
Solving snapshot 0 280
36
time in solving system 3.177513266004098
time in solving system 0.11700683600065531
time in solving system 0.11764443100400968
concluded in  7.116360564999923
Solving snapshot 0 281
36
time in solving system 2.11970642900269
time in solving system 0.10212726900499547
time in solving system 0.10052436300611589
concluded in  7.502290968994203
Solving snapshot 0 282
36
time in solving system 2.156706159999885
time in solving system 0.10601721599960001
time in solving system 0.1163262499976554
concluded in  7.726756639996893
Solving snapshot 0 283
36
time in solving system 2.262384583998937
time in solving system 0.12060426399693824
time in solving system 0.11152629099524347
concluded in  6.825348097001552
Solving snapshot 0 284
36
time in solving system 2.1611814969946863
time in solving system 0.12033037699438864
time in solving system 0.09900957900390495
concluded in  6.407945457001915
Solving snapshot 0 285
36
time in solving system 2.0984997720006504
time in solving system 0.12602604000130668
time in solving system 0.10412518699740758
concluded in  5.925411093005096
Solving snapshot 0 286
36
time in solving system 2.089995225003804
time in solving system 0.10424156099907123
time in solving system 0.10470209699997213
concluded in  5.954617370000051
Solving snapshot 0 287
36
time in solving system 2.2344893170011346
time in solving system 0.11294205299782334
time in solving system 0.099748679996992
concluded in  5.726767779997317
Solving snapshot 0 288
36
time in solving system 2.101296740998805
time in solving system 0.11159795700223185
time in solving system 0.11473656799353193
concluded in  6.108197804001975
Solving snapshot 0 289
36
time in solving system 2.1124803319980856
time in solving system 0.11557640200044261
time in solving system 0.10990189499716507
concluded in  6.113675229004002
Solving snapshot 0 290
36
time in solving system 2.285693235004146
time in solving system 0.1439948139959597
time in solving system 0.10536329600290628
concluded in  7.0174736350018065
Solving snapshot 0 291
36
time in solving system 2.045498065002903
time in solving system 0.11739264700008789
time in solving system 0.1141557160008233
concluded in  5.7790880350003135
Solving snapshot 0 292
36
time in solving system 1.962428500999522
time in solving system 0.11143143299705116
time in solving system 0.08922826100024395
concluded in  6.031392074000905
Solving snapshot 0 293
36
time in solving system 2.142886773995997
time in solving system 0.1071220799931325
time in solving system 0.09264214599534171
concluded in  6.0151166770010605
Solving snapshot 0 294
36
time in solving system 2.553111862995138
time in solving system 0.1074612980009988
time in solving system 0.12689574200339848
concluded in  7.09605627500423
Solving snapshot 0 295
36
time in solving system 2.8982330670041847
time in solving system 0.1153004849984427
time in solving system 0.09744255300029181
concluded in  8.09541036599694
Solving snapshot 0 296
36
time in solving system 2.9889435219956795
time in solving system 0.09956326000246918
time in solving system 0.0903782909954316
concluded in  7.267183176998515
Solving snapshot 0 297
36
time in solving system 2.5985043029941153
time in solving system 0.12179921099595958
time in solving system 0.11214923699299106
concluded in  6.594724060996668
Solving snapshot 0 298
36
time in solving system 2.0473668060003547
time in solving system 0.12792202099808492
time in solving system 0.1079945140008931
concluded in  5.60337939299643
Solving snapshot 0 299
36
time in solving system 2.5161091290065087
time in solving system 0.10431980899738846
time in solving system 0.10312686899851542
concluded in  6.129378110003017
[]
Not completed: []
