Solving not completed simulation: 0-th chance
Solving snapshot 0 0
36
time in solving system 4.7297912780049955
time in solving system 0.11539525300031528
time in solving system 0.10579026400228031
concluded in  7.908367434996762
Solving snapshot 0 1
36
time in solving system 4.617139750000206
time in solving system 0.3196473749994766
time in solving system 0.18286460399394855
concluded in  8.195231552002952
Solving snapshot 0 2
36
time in solving system 4.502609624003526
time in solving system 0.31433459199615754
time in solving system 0.2474302319897106
concluded in  8.08184246699966
Solving snapshot 0 3
36
time in solving system 4.98483982498874
time in solving system 0.12803069700021297
time in solving system 0.1693401310039917
concluded in  8.391623577001155
Solving snapshot 0 4
36
time in solving system 4.692564981000032
time in solving system 0.12061066899332218
time in solving system 0.11448203500185627
concluded in  8.191292350995354
Solving snapshot 0 5
36
time in solving system 4.27846441300062
time in solving system 0.21151482900313567
time in solving system 0.13840582899865694
concluded in  7.749421033004182
Solving snapshot 0 6
36
time in solving system 4.186232200998347
time in solving system 0.33090010000159964
time in solving system 0.421683831998962
concluded in  8.02068952099944
Solving snapshot 0 7
36
time in solving system 4.254666048000217
time in solving system 0.2873583880136721
time in solving system 0.367915320006432
concluded in  7.925012157007586
Solving snapshot 0 8
36
time in solving system 4.127434358000755
time in solving system 0.3380798679863801
time in solving system 0.30104544799542055
concluded in  7.736489361006534
Solving snapshot 0 9
36
time in solving system 3.733879250998143
time in solving system 0.38616751300287433
time in solving system 0.3448723159963265
concluded in  7.683631665000576
Solving snapshot 0 10
36
time in solving system 3.442377519008005
time in solving system 0.36686877300962806
time in solving system 0.3371346860076301
concluded in  7.357133874000283
Solving snapshot 0 11
36
time in solving system 4.546465284001897
time in solving system 0.4091866340022534
time in solving system 0.3120707940106513
concluded in  8.313659681007266
Solving snapshot 0 12
36
time in solving system 4.410469515991281
time in solving system 0.2567567359947134
time in solving system 0.2660515280003892
concluded in  7.8857498849974945
Solving snapshot 0 13
36
time in solving system 4.399195645994041
time in solving system 0.30919397101388313
time in solving system 0.15986048500053585
concluded in  7.756088323993026
Solving snapshot 0 14
36
time in solving system 3.9445764630072517
time in solving system 0.4242456240026513
time in solving system 0.4906644589937059
concluded in  7.823020012001507
Solving snapshot 0 15
36
time in solving system 4.343966313987039
time in solving system 0.13994672300759703
time in solving system 0.1704590629960876
concluded in  7.684392509996542
Solving snapshot 0 16
36
time in solving system 3.5797858200094197
time in solving system 0.246001660998445
time in solving system 0.33096199001010973
concluded in  7.3298834710003575
Solving snapshot 0 17
36
time in solving system 3.3511680779920425
time in solving system 0.5078584059956484
time in solving system 0.49560221799765714
concluded in  7.692398685001535
Solving snapshot 0 18
36
time in solving system 2.558529322996037
time in solving system 0.32004055099969264
time in solving system 0.2549162530049216
concluded in  6.425337887994829
Solving snapshot 0 19
36
time in solving system 2.4562040340097155
time in solving system 0.24218409499735571
time in solving system 0.2195790129917441
concluded in  6.064349986001616
Solving snapshot 0 20
36
time in solving system 2.2264103190100286
time in solving system 0.1272594080073759
time in solving system 0.10886984098760877
concluded in  5.648638304992346
Solving snapshot 0 21
36
time in solving system 2.1547250450093998
time in solving system 0.1271578559972113
time in solving system 0.110945297012222
concluded in  6.186323928995989
Solving snapshot 0 22
36
time in solving system 3.1815450610010885
time in solving system 0.10755040399089921
time in solving system 0.10425701898930129
concluded in  8.486423600988928
Solving snapshot 0 23
36
time in solving system 2.0765947839972796
time in solving system 0.10765266099770088
time in solving system 0.10947174399916548
concluded in  7.039998669002671
Solving snapshot 0 24
36
time in solving system 2.0694211829977576
time in solving system 0.11494871400645934
time in solving system 0.11719296399678569
concluded in  8.449094536001212
Solving snapshot 0 25
36
time in solving system 2.813676978010335
time in solving system 0.10931855200033169
time in solving system 0.10635859200556297
concluded in  8.913143187994137
Solving snapshot 0 26
36
time in solving system 2.9855456040095305
time in solving system 0.15447534898703452
time in solving system 0.11988428499898873
concluded in  8.944127837006818
Solving snapshot 0 27
36
time in solving system 3.0107242099911673
time in solving system 0.114271993006696
time in solving system 0.11043272700044326
concluded in  8.320307187997969
Solving snapshot 0 28
36
time in solving system 2.3196900579932844
time in solving system 0.1085045890067704
time in solving system 0.10254402201098856
concluded in  7.708310907997657
Solving snapshot 0 29
36
time in solving system 2.077751832010108
time in solving system 0.1061623269924894
time in solving system 0.10429792599461507
concluded in  6.547434292995604
Solving snapshot 0 30
36
time in solving system 2.098385714998585
time in solving system 0.11165745800826699
time in solving system 0.109766583002056
concluded in  7.420030722001684
Solving snapshot 0 31
36
time in solving system 2.3669186500046635
time in solving system 0.11566401299205609
time in solving system 0.10009658499620855
concluded in  7.533860429000924
Solving snapshot 0 32
36
time in solving system 2.194614181993529
time in solving system 0.10880033099965658
time in solving system 0.1187676260014996
concluded in  8.0641029279941
Solving snapshot 0 33
36
time in solving system 2.158229342006962
time in solving system 0.10846283899445552
time in solving system 0.10801886000263039
concluded in  7.280042881990084
Solving snapshot 0 34
36
time in solving system 2.5304498390032677
time in solving system 0.105985097005032
time in solving system 0.10675366000214126
concluded in  8.379492324995226
Solving snapshot 0 35
36
time in solving system 2.195891481998842
time in solving system 0.10689278000791091
time in solving system 0.09861438999359962
concluded in  7.033117427999969
Solving snapshot 0 36
36
time in solving system 3.5334029250079766
time in solving system 0.12751850399945397
time in solving system 0.10528922299272381
concluded in  7.887529351995909
Solving snapshot 0 37
36
time in solving system 4.379610586009221
time in solving system 0.10409435399924405
time in solving system 0.10542558900488075
concluded in  9.073372935003135
Solving snapshot 0 38
36
time in solving system 5.111323375007487
time in solving system 0.10937386499426793
time in solving system 0.1043718099972466
concluded in  9.157791689998703
Solving snapshot 0 39
36
time in solving system 3.375791605998529
time in solving system 0.11556788299640175
time in solving system 0.10454996800399385
concluded in  8.786437653005123
Solving snapshot 0 40
36
time in solving system 2.9766528670006664
time in solving system 0.10720276700158138
time in solving system 0.10567844899196643
concluded in  9.131310961995041
Solving snapshot 0 41
36
time in solving system 3.9604887860041345
time in solving system 0.10811002600530628
time in solving system 0.11274042099830694
concluded in  8.761131421997561
Solving snapshot 0 42
36
time in solving system 3.0304352670063963
time in solving system 0.23009594199538697
time in solving system 0.2449423670041142
concluded in  7.553868439004873
Solving snapshot 0 43
36
time in solving system 4.176990584994201
time in solving system 0.1114473710040329
time in solving system 0.11027004900097381
concluded in  8.252163233002648
Solving snapshot 0 44
36
time in solving system 4.074824619994615
time in solving system 0.24549573598778807
time in solving system 0.13665953899908345
concluded in  7.573829365996062
Solving snapshot 0 45
36
time in solving system 5.399846511994838
time in solving system 0.10200300700671505
time in solving system 0.10402366699418053
concluded in  9.558831610003836
Solving snapshot 0 46
36
time in solving system 3.336927732991171
time in solving system 0.11114969599293545
time in solving system 0.12241956499929074
concluded in  7.961630942008924
Solving snapshot 0 47
36
time in solving system 4.369875217002118
time in solving system 0.11031072400510311
time in solving system 0.09608261300309096
concluded in  8.413558380008908
Solving snapshot 0 48
36
time in solving system 4.059687507993658
time in solving system 0.11752954199619126
time in solving system 0.10971757699735463
concluded in  10.009181850997265
Solving snapshot 0 49
36
time in solving system 3.5120594869949855
time in solving system 0.11941100499825552
time in solving system 0.16958913700364064
concluded in  9.50813418799953
Solving snapshot 0 50
36
time in solving system 2.5353163830004632
time in solving system 0.11488331400323659
time in solving system 0.1597738029959146
concluded in  8.146048674010672
Solving snapshot 0 51
36
time in solving system 3.2195765809883596
time in solving system 0.10757709600147791
time in solving system 0.11184858200431336
concluded in  7.771858927997528
Solving snapshot 0 52
36
time in solving system 3.8508334409998497
time in solving system 0.1130260130012175
time in solving system 0.139383595000254
concluded in  8.954468278010609
Solving snapshot 0 53
36
time in solving system 2.5654369319963735
time in solving system 0.10640481699374504
time in solving system 0.11413571800221689
concluded in  8.132095273991581
Solving snapshot 0 54
36
time in solving system 4.256536725006299
time in solving system 0.10830499100848101
time in solving system 0.10324362700339407
concluded in  9.319756718003191
Solving snapshot 0 55
36
time in solving system 3.151967950994731
time in solving system 0.10790722600359004
time in solving system 0.10252036900783423
concluded in  7.436935623001773
Solving snapshot 0 56
36
time in solving system 3.9423601680027787
time in solving system 0.13478700400446542
time in solving system 0.11463324801297858
concluded in  8.578618020997965
Solving snapshot 0 57
36
time in solving system 4.835863360000076
time in solving system 0.1721288279950386
time in solving system 0.16378168101073243
concluded in  8.20933116300148
Solving snapshot 0 58
36
time in solving system 4.567107783004758
time in solving system 0.11073009499523323
time in solving system 0.11449975000869017
concluded in  8.39899046800565
Solving snapshot 0 59
36
time in solving system 4.881816666995292
time in solving system 0.1165223340067314
time in solving system 0.1225972800020827
concluded in  8.651758213003632
Solving snapshot 0 60
36
time in solving system 3.200478017999558
time in solving system 0.11892970200278796
time in solving system 0.11729434700100683
concluded in  7.89975932399102
Solving snapshot 0 61
36
time in solving system 3.5442594780033687
time in solving system 0.15919704500993248
time in solving system 0.10715615400113165
concluded in  7.841562506000628
Solving snapshot 0 62
36
time in solving system 4.441683048004052
time in solving system 0.12228271200729068
time in solving system 0.11038746900158003
concluded in  8.095670800001244
Solving snapshot 0 63
36
time in solving system 4.530755511004827
time in solving system 0.14762569501181133
time in solving system 0.1474104849912692
concluded in  8.274724622999202
Solving snapshot 0 64
36
time in solving system 5.0630304649967
time in solving system 0.11175556700618472
time in solving system 0.12510542800009716
concluded in  11.01262911799131
Solving snapshot 0 65
36
time in solving system 2.8515488220000407
time in solving system 0.10587668800144456
time in solving system 0.10602556400408503
concluded in  8.097992244991474
Solving snapshot 0 66
36
time in solving system 3.6548890979902353
time in solving system 0.10706466800183989
time in solving system 0.11532450199592859
concluded in  9.672405039003934
Solving snapshot 0 67
36
time in solving system 2.8076134309958434
time in solving system 0.10651181000866927
time in solving system 0.11256273700564634
concluded in  8.153840935003245
Solving snapshot 0 68
36
time in solving system 3.5469710350007517
time in solving system 0.11041709900018759
time in solving system 0.11373641600948758
concluded in  8.565408522001235
Solving snapshot 0 69
36
time in solving system 4.097355004007113
time in solving system 0.11470965600165073
time in solving system 0.11594823900668416
concluded in  8.433415431005415
Solving snapshot 0 70
36
time in solving system 2.5981959310011007
time in solving system 0.12105792399961501
time in solving system 0.10983516799751669
concluded in  6.947061523998855
Solving snapshot 0 71
36
time in solving system 2.6600191819889005
time in solving system 0.13085036700067576
time in solving system 0.14850439599831589
concluded in  8.01623162899341
Solving snapshot 0 72
36
time in solving system 4.416695122999954
time in solving system 0.13882621000811923
time in solving system 0.10896686499472708
concluded in  9.157146110999747
Solving snapshot 0 73
36
time in solving system 3.3972768990061013
time in solving system 0.16079735600214917
time in solving system 0.09685120399808511
concluded in  8.51057813699299
Solving snapshot 0 74
36
time in solving system 2.7824565900082234
time in solving system 0.10748267700546421
time in solving system 0.11357540800236166
concluded in  8.069481836995692
Solving snapshot 0 75
36
time in solving system 2.696777918987209
time in solving system 0.1063851990038529
time in solving system 0.11050259000330698
concluded in  8.100138639987563
Solving snapshot 0 76
36
time in solving system 4.331259365004371
time in solving system 0.24089471600018442
time in solving system 0.22717584199563134
concluded in  9.653321817007964
Solving snapshot 0 77
36
time in solving system 3.9482935080013704
time in solving system 0.1192525310034398
time in solving system 0.15120483400824014
concluded in  7.822054212010698
Solving snapshot 0 78
36
time in solving system 3.0165023599984124
time in solving system 0.13231019799422938
time in solving system 0.11475110398896504
concluded in  7.443599629012169
Solving snapshot 0 79
36
time in solving system 3.9611315020010807
time in solving system 0.1369929609936662
time in solving system 0.14612398600729648
concluded in  7.782907184009673
Solving snapshot 0 80
36
time in solving system 2.8204985089978436
time in solving system 0.11051771600614302
time in solving system 0.11589680600445718
concluded in  6.758558090994484
Solving snapshot 0 81
36
time in solving system 2.5287609119986882
time in solving system 0.13544690700655337
time in solving system 0.11081337100767996
concluded in  6.292719571007183
Solving snapshot 0 82
36
time in solving system 5.4891215179959545
time in solving system 0.10504317599406932
time in solving system 0.10801929701119661
concluded in  9.975282747996971
Solving snapshot 0 83
36
time in solving system 2.530576133998693
time in solving system 0.12764043700008187
time in solving system 0.10528840600454714
concluded in  7.937028480999288
Solving snapshot 0 84
36
time in solving system 3.0063170149951475
time in solving system 0.11430506900069304
time in solving system 0.10757845800253563
concluded in  8.429054105989053
Solving snapshot 0 85
36
time in solving system 2.1269200189999538
time in solving system 0.10752980200049933
time in solving system 0.10118542501004413
concluded in  7.120569377002539
Solving snapshot 0 86
36
time in solving system 2.484874026995385
time in solving system 0.10439494300226215
time in solving system 0.10215898399474099
concluded in  8.055486266996013
Solving snapshot 0 87
36
time in solving system 1.9873691420070827
time in solving system 0.13128234699252062
time in solving system 0.11051754499203525
concluded in  6.534048981004162
Solving snapshot 0 88
36
time in solving system 2.2280359910073457
time in solving system 0.12420923799800221
time in solving system 0.10215318200062029
concluded in  7.092424153990578
Solving snapshot 0 89
36
time in solving system 2.310563071994693
time in solving system 0.10396878400933929
time in solving system 0.10467229399364442
concluded in  6.35233325700392
Solving snapshot 0 90
36
time in solving system 3.531555050998577
time in solving system 0.14393563799967524
time in solving system 0.12506218999624252
concluded in  8.57245651500125
Solving snapshot 0 91
36
time in solving system 3.627001282002311
time in solving system 0.11230998999963049
time in solving system 0.1037019609939307
concluded in  7.723930731008295
Solving snapshot 0 92
36
time in solving system 4.121321166006965
time in solving system 0.10384377000445966
time in solving system 0.09953318200132344
concluded in  8.21578471599787
Solving snapshot 0 93
36
time in solving system 3.6570188629993936
time in solving system 0.2529315739957383
time in solving system 0.22161780299211387
concluded in  8.336399984007585
Solving snapshot 0 94
36
time in solving system 3.2744197080028243
time in solving system 0.11379497099551372
time in solving system 0.13163831499696244
concluded in  7.598259095000685
Solving snapshot 0 95
36
time in solving system 4.282979552008328
time in solving system 0.29108903800079133
time in solving system 0.11780042901227716
concluded in  8.75246702998993
Solving snapshot 0 96
36
time in solving system 3.3750044269982027
time in solving system 0.24471602198900655
time in solving system 0.3686083110078471
concluded in  8.301959706004709
Solving snapshot 0 97
36
time in solving system 3.0562675109977135
time in solving system 0.14382120399386622
time in solving system 0.1181513250048738
concluded in  7.176204609000706
Solving snapshot 0 98
36
time in solving system 3.7169609679986024
time in solving system 0.14707920000364538
time in solving system 0.10823162700398825
concluded in  7.8451355660072295
Solving snapshot 0 99
36
time in solving system 3.8827047889935784
time in solving system 0.12906315000145696
time in solving system 0.11567490598827135
concluded in  7.573298147006426
Solving snapshot 0 100
36
time in solving system 3.9078431779926177
time in solving system 0.11707303799630608
time in solving system 0.10764100299275015
concluded in  8.133868791002897
Solving snapshot 0 101
36
time in solving system 3.161982519988669
time in solving system 0.10296571400249377
time in solving system 0.11158588400576264
concluded in  6.885615413993946
Solving snapshot 0 102
36
time in solving system 3.2212512860132847
time in solving system 0.16073519398923963
time in solving system 0.10920807099319063
concluded in  7.535750854003709
Solving snapshot 0 103
36
time in solving system 3.2519871080003213
time in solving system 0.10944458001176827
time in solving system 0.11658861600153614
concluded in  8.335220875000232
Solving snapshot 0 104
36
time in solving system 3.812471106997691
time in solving system 0.12023752499953844
time in solving system 0.13497728599759284
concluded in  8.438102914005867
Solving snapshot 0 105
36
time in solving system 3.771889469004236
time in solving system 0.11121678800554946
time in solving system 0.11234609599341638
concluded in  8.053988311003195
Solving snapshot 0 106
36
time in solving system 3.186400506005157
time in solving system 0.21199200800037943
time in solving system 0.24451816899818368
concluded in  7.930554389997269
Solving snapshot 0 107
36
time in solving system 2.7323974259925308
time in solving system 0.21828007099975366
time in solving system 0.2554903900017962
concluded in  8.421773820999078
Solving snapshot 0 108
36
time in solving system 3.1185307869891403
time in solving system 0.2525609870062908
time in solving system 0.26241202201345004
concluded in  8.297511283992208
Solving snapshot 0 109
36
time in solving system 2.679582994998782
time in solving system 0.27452422899659723
time in solving system 0.2429720989894122
concluded in  8.349069436007994
Solving snapshot 0 110
36
time in solving system 2.6850857729878044
time in solving system 0.13485962500271853
time in solving system 0.13554085299256258
concluded in  8.057861969995429
Solving snapshot 0 111
36
time in solving system 2.46871536000981
time in solving system 0.1155909579974832
time in solving system 0.11104563799744938
concluded in  7.1974397170124575
Solving snapshot 0 112
36
time in solving system 2.148989622000954
time in solving system 0.1309677250101231
time in solving system 0.1303809859964531
concluded in  6.8474171130073955
Solving snapshot 0 113
36
time in solving system 2.518087705990183
time in solving system 0.12043083300522994
time in solving system 0.11259175700251944
concluded in  7.645132008998189
Solving snapshot 0 114
36
time in solving system 3.393702347006183
time in solving system 0.12998575100209564
time in solving system 0.12570054600655567
concluded in  6.793780612992123
Solving snapshot 0 115
36
time in solving system 3.4717093299987027
time in solving system 0.15314454700273927
time in solving system 0.2513677050010301
concluded in  7.941727805999108
Solving snapshot 0 116
36
time in solving system 3.7976010059937835
time in solving system 0.1184031699958723
time in solving system 0.22178842198627535
concluded in  7.628368033998413
Solving snapshot 0 117
36
time in solving system 3.2603713889984647
time in solving system 0.23547980301373173
time in solving system 0.12899650599865709
concluded in  7.245849840997835
Solving snapshot 0 118
36
time in solving system 2.4668507349997526
time in solving system 0.10825842300255317
time in solving system 0.10970766399987042
concluded in  6.796665842994116
Solving snapshot 0 119
36
time in solving system 4.336213716989732
time in solving system 0.22777360999316443
time in solving system 0.24889391899341717
concluded in  9.566322315993602
Solving snapshot 0 120
36
time in solving system 2.451851156001794
time in solving system 0.14093247000710107
time in solving system 0.12882074298977386
concluded in  6.682598817002145
Solving snapshot 0 121
36
time in solving system 2.107656051986851
time in solving system 0.20939900599478278
time in solving system 0.23804821200610604
concluded in  7.307304715010105
Solving snapshot 0 122
36
time in solving system 2.268427080998663
time in solving system 0.11368700799357612
time in solving system 0.15445407899096608
concluded in  7.886981852003373
Solving snapshot 0 123
36
time in solving system 2.4586489129869733
time in solving system 0.11482401500688866
time in solving system 0.164520142992842
concluded in  6.9080931229982525
Solving snapshot 0 124
36
time in solving system 4.020120019995375
time in solving system 0.25513370700355154
time in solving system 0.2485610040021129
concluded in  8.290110180998454
Solving snapshot 0 125
36
time in solving system 3.681789223002852
time in solving system 0.11198432699893601
time in solving system 0.11278722200950142
concluded in  7.212047537002945
Solving snapshot 0 126
36
time in solving system 5.3001084760035155
time in solving system 0.12674354600312654
time in solving system 0.11996307100343984
concluded in  9.66758209800173
Solving snapshot 0 127
36
time in solving system 5.238830529007828
time in solving system 0.12734445300884545
time in solving system 0.09940089000156149
concluded in  8.677149891998852
Solving snapshot 0 128
36
time in solving system 4.7206227730057435
time in solving system 0.19778012699680403
time in solving system 0.25349295100022573
concluded in  9.144429745996604
Solving snapshot 0 129
36
time in solving system 4.232168831003946
time in solving system 0.23070066700165626
time in solving system 0.2292211519961711
concluded in  8.532411188003607
Solving snapshot 0 130
36
time in solving system 3.583696470988798
time in solving system 0.11998138199851383
time in solving system 0.13186619499174412
concluded in  7.476495763999992
Solving snapshot 0 131
36
time in solving system 3.960429717990337
time in solving system 0.10812331599299796
time in solving system 0.10756011499324813
concluded in  7.767876598998555
Solving snapshot 0 132
36
time in solving system 2.773355936995358
time in solving system 0.11104135400091764
time in solving system 0.12060844100778922
concluded in  6.4819556750007905
Solving snapshot 0 133
36
time in solving system 4.271747358012362
time in solving system 0.2691964050027309
time in solving system 0.25300000999413896
concluded in  8.642214377992786
Solving snapshot 0 134
36
time in solving system 4.629113179005799
time in solving system 0.10727159299131017
time in solving system 0.10497840199968778
concluded in  8.571975292012212
Solving snapshot 0 135
36
time in solving system 4.93337210000027
time in solving system 0.11110308799834456
time in solving system 0.12311295999097638
concluded in  8.672902558988426
Solving snapshot 0 136
36
time in solving system 4.557272991994978
time in solving system 0.17974335700273514
time in solving system 0.11351677399943583
concluded in  8.186915839003632
Solving snapshot 0 137
36
time in solving system 4.505835642994498
time in solving system 0.1428012359974673
time in solving system 0.1978820939984871
concluded in  8.29423157099518
Solving snapshot 0 138
36
time in solving system 4.745485366001958
time in solving system 0.11630768798931967
time in solving system 0.10808453000208829
concluded in  8.59188827300386
Solving snapshot 0 139
36
time in solving system 4.662610847997712
time in solving system 0.1059769569983473
time in solving system 0.10627417299838271
concluded in  9.053576695005177
Solving snapshot 0 140
36
time in solving system 3.1817336750100367
time in solving system 0.10387297399574891
time in solving system 0.1096042269928148
concluded in  8.31326369800081
Solving snapshot 0 141
36
time in solving system 3.4955156949872617
time in solving system 0.11402147600892931
time in solving system 0.14537739199295174
concluded in  7.8901250409981
Solving snapshot 0 142
36
time in solving system 3.714919064004789
time in solving system 0.12326714600203559
time in solving system 0.09687905499595217
concluded in  8.972349261006457
Solving snapshot 0 143
36
time in solving system 4.435257891993388
time in solving system 0.10913807900215033
time in solving system 0.10090954700717703
concluded in  8.601009249992785
Solving snapshot 0 144
36
time in solving system 3.795089947001543
time in solving system 0.11175094101054128
time in solving system 0.11826285101415124
concluded in  8.306588609993923
Solving snapshot 0 145
36
time in solving system 3.6982413519872352
time in solving system 0.1206675259891199
time in solving system 0.10754358700069133
concluded in  7.584079385997029
Solving snapshot 0 146
36
time in solving system 4.190331327001331
time in solving system 0.1677897580084391
time in solving system 0.11950195000099484
concluded in  8.150674204996903
Solving snapshot 0 147
36
time in solving system 4.7695094010123285
time in solving system 0.14752088600653224
time in solving system 0.1190096270001959
concluded in  8.54479576399899
Solving snapshot 0 148
36
time in solving system 4.018276900998899
time in solving system 0.16327358200214803
time in solving system 0.11100422900926787
concluded in  8.110515211999882
Solving snapshot 0 149
36
time in solving system 4.09492770700308
time in solving system 0.17515442699368577
time in solving system 0.1485445659927791
concluded in  8.871257456004969
Solving snapshot 0 150
36
time in solving system 3.9813153199938824
time in solving system 0.20991648400377017
time in solving system 0.1696826469997177
concluded in  7.742265606997535
Solving snapshot 0 151
36
time in solving system 3.9699187869991874
time in solving system 0.11675746100081597
time in solving system 0.11189805399044417
concluded in  7.432034734010813
Solving snapshot 0 152
36
time in solving system 4.334718685990083
time in solving system 0.2586007689969847
time in solving system 0.23738136200699955
concluded in  8.074159881012747
Solving snapshot 0 153
36
time in solving system 4.7359272580069955
time in solving system 0.13411738599825185
time in solving system 0.15060821300721727
concluded in  8.376112399011618
Solving snapshot 0 154
36
time in solving system 4.00401884400344
time in solving system 0.21355476400640327
time in solving system 0.1485890079929959
concluded in  7.660028701007832
Solving snapshot 0 155
36
time in solving system 4.498907120010699
time in solving system 0.13990862200444099
time in solving system 0.13081641600001603
concluded in  8.17945140399388
Solving snapshot 0 156
36
time in solving system 4.793622219003737
time in solving system 0.16370701900450513
time in solving system 0.14992412200081162
concluded in  8.707529509993037
Solving snapshot 0 157
36
time in solving system 3.9039801230101148
time in solving system 0.1622634340019431
time in solving system 0.11679986400122289
concluded in  7.486293382011354
Solving snapshot 0 158
36
time in solving system 3.958532318996731
time in solving system 0.159771594000631
time in solving system 0.11439174599945545
concluded in  7.626327197998762
Solving snapshot 0 159
36
time in solving system 3.3669479439995484
time in solving system 0.14143720400170423
time in solving system 0.1689711890066974
concluded in  7.254931306000799
Solving snapshot 0 160
36
time in solving system 3.7408011439983966
time in solving system 0.12417024400201626
time in solving system 0.12752959001227282
concluded in  7.891106332986965
Solving snapshot 0 161
36
time in solving system 3.873622051003622
time in solving system 0.13686273100029211
time in solving system 0.12740224399021827
concluded in  8.581056162991445
Solving snapshot 0 162
36
time in solving system 3.821434543002397
time in solving system 0.11629920999985188
time in solving system 0.11229839599400293
concluded in  7.736666070995852
Solving snapshot 0 163
36
time in solving system 3.1677470760041615
time in solving system 0.23709350699209608
time in solving system 0.12850901200727094
concluded in  6.9367611540073995
Solving snapshot 0 164
36
time in solving system 2.686477487994125
time in solving system 0.23325299899443053
time in solving system 0.11358223599381745
concluded in  7.079529965005349
Solving snapshot 0 165
36
time in solving system 3.905996864006738
time in solving system 0.2939461969945114
time in solving system 0.26002956899174023
concluded in  8.632160451990785
Solving snapshot 0 166
36
time in solving system 3.531556789006572
time in solving system 0.3731238070031395
time in solving system 0.4951986499945633
concluded in  7.9249784059938975
Solving snapshot 0 167
36
time in solving system 4.46309271499922
time in solving system 0.10556355900189374
time in solving system 0.10558336900430731
concluded in  8.29049725799996
Solving snapshot 0 168
36
time in solving system 2.404668507995666
time in solving system 0.11104047299886588
time in solving system 0.13232455200341064
concluded in  6.491558554000221
Solving snapshot 0 169
36
time in solving system 3.383358737992239
time in solving system 0.12102003399922978
time in solving system 0.11093134499969892
concluded in  8.561625860995264
Solving snapshot 0 170
36
time in solving system 2.3547720079950523
time in solving system 0.22374135699647013
time in solving system 0.23588806900079362
concluded in  7.688172501992085
Solving snapshot 0 171
36
time in solving system 2.1996102389966836
time in solving system 0.13705067700357176
time in solving system 0.12234342900046613
concluded in  7.159393749010633
Solving snapshot 0 172
36
time in solving system 2.797207925003022
time in solving system 0.12194252799963579
time in solving system 0.11197449000610504
concluded in  8.255360672003007
Solving snapshot 0 173
36
time in solving system 2.861789121001493
time in solving system 0.10762438000529073
time in solving system 0.09950954301166348
concluded in  8.51128554600291
Solving snapshot 0 174
36
time in solving system 3.6630888570070965
time in solving system 0.11768774900701828
time in solving system 0.13085499200678896
concluded in  10.11370299498958
Solving snapshot 0 175
36
time in solving system 2.3081449029996293
time in solving system 0.11802970299322624
time in solving system 0.15689931600354612
concluded in  7.308669359001215
Solving snapshot 0 176
36
time in solving system 2.6973278789955657
time in solving system 0.12563789400155656
time in solving system 0.10133896900515538
concluded in  8.070845807000296
Solving snapshot 0 177
36
time in solving system 3.1107186540029943
time in solving system 0.10832900699460879
time in solving system 0.10740849199646618
concluded in  8.112482705997536
Solving snapshot 0 178
36
time in solving system 2.9277002359885955
time in solving system 0.11834361900400836
time in solving system 0.11809017999621574
concluded in  9.179646875010803
Solving snapshot 0 179
36
time in solving system 2.839221522997832
time in solving system 0.12078476200986188
time in solving system 0.11984312400454655
concluded in  7.484566087005078
Solving snapshot 0 180
36
time in solving system 4.479240204993403
time in solving system 0.23515334200055804
time in solving system 0.23593517699919175
concluded in  10.006752260000212
Solving snapshot 0 181
36
time in solving system 3.3246345319930697
time in solving system 0.13010020600631833
time in solving system 0.13528493500780314
concluded in  7.950057032998302
Solving snapshot 0 182
36
time in solving system 2.5604624080006033
time in solving system 0.10883592900063377
time in solving system 0.12764342200534884
concluded in  7.62851590399805
Solving snapshot 0 183
36
time in solving system 3.3455181409954093
time in solving system 0.18388899299316108
time in solving system 0.11155363298894372
concluded in  8.221882690995699
Solving snapshot 0 184
36
time in solving system 2.45733743000892
time in solving system 0.24261514299723785
time in solving system 0.1479135679983301
concluded in  7.042943058011588
Solving snapshot 0 185
36
time in solving system 2.882420595997246
time in solving system 0.2505399819929153
time in solving system 0.25822167900332715
concluded in  7.697464634999051
Solving snapshot 0 186
36
time in solving system 2.827921131000039
time in solving system 0.14761911799723748
time in solving system 0.11743249499704689
concluded in  8.152085169000202
Solving snapshot 0 187
36
time in solving system 2.796773160007433
time in solving system 0.1560822659957921
time in solving system 0.19154246599646285
concluded in  8.125964088991168
Solving snapshot 0 188
36
time in solving system 3.0947752309875796
time in solving system 0.23828795600275043
time in solving system 0.23857369500910863
concluded in  8.507703362993198
Solving snapshot 0 189
36
time in solving system 3.0394837339990772
time in solving system 0.1104151849867776
time in solving system 0.1092564120044699
concluded in  7.618189707005513
Solving snapshot 0 190
36
time in solving system 4.702670257000136
time in solving system 0.24177316800341941
time in solving system 0.2431670549995033
concluded in  9.856573609999032
Solving snapshot 0 191
36
time in solving system 4.036004537003464
time in solving system 0.14357665099669248
time in solving system 0.14718547099619173
concluded in  8.130188513998291
Solving snapshot 0 192
36
time in solving system 3.3439785829978064
time in solving system 0.11935344600351527
time in solving system 0.10856604599393904
concluded in  6.995541404001415
Solving snapshot 0 193
36
time in solving system 3.9089706770027988
time in solving system 0.21240816499630455
time in solving system 0.10974797900416888
concluded in  8.418940966002992
Solving snapshot 0 194
36
time in solving system 3.7086679869971704
time in solving system 0.11311629999545403
time in solving system 0.1428059059981024
concluded in  8.301388149993727
Solving snapshot 0 195
36
time in solving system 3.787697719002608
time in solving system 0.11324824699840974
time in solving system 0.10786977200768888
concluded in  8.082801352007664
Solving snapshot 0 196
36
time in solving system 4.303592965006828
time in solving system 0.12139729599584825
time in solving system 0.10477839098894037
concluded in  9.352662195989978
Solving snapshot 0 197
36
time in solving system 4.037407323005027
time in solving system 0.10590557700197678
time in solving system 0.10751972800062504
concluded in  8.398063141998136
Solving snapshot 0 198
36
time in solving system 1.7810203039989574
time in solving system 0.09942946600494906
time in solving system 0.09266893500171136
concluded in  4.817010067999945
[]
Not completed: []
