Solving not completed simulation: 0-th chance
Solving snapshot 0 0
36
time in solving system 2.5777441919999546
time in solving system 0.178942554999594
time in solving system 0.15671925400056352
concluded in  9.144607808000728
Solving snapshot 0 1
36
time in solving system 2.4784500420009863
time in solving system 0.151461086999916
time in solving system 0.1535854849989846
concluded in  8.507187265000539
Solving snapshot 0 2
36
time in solving system 2.355913387000328
time in solving system 0.22743894099949102
time in solving system 0.13497788899985608
concluded in  9.346044800000527
Solving snapshot 0 3
36
time in solving system 2.589971751000121
time in solving system 0.1442431369996484
time in solving system 0.14593063699976483
concluded in  9.121197483000287
Solving snapshot 0 4
36
time in solving system 2.5488491590003832
time in solving system 0.14210187299977406
time in solving system 0.13752067200039164
concluded in  8.680162119999295
Solving snapshot 0 5
36
time in solving system 2.6379803380004887
time in solving system 0.15856271700067737
time in solving system 0.17931310899984965
concluded in  9.264149226999507
Solving snapshot 0 6
36
time in solving system 2.542210867000904
time in solving system 0.1387877600009233
time in solving system 0.11664871500033769
concluded in  8.237258126000597
Solving snapshot 0 7
36
time in solving system 2.3810549099998752
time in solving system 0.12382606400024088
time in solving system 0.12105187599991041
concluded in  8.260065131000374
Solving snapshot 0 8
36
time in solving system 2.809077600000819
time in solving system 0.15228277099959087
time in solving system 0.12622573199951148
concluded in  9.940839373000927
Solving snapshot 0 9
36
time in solving system 2.838783946001058
time in solving system 0.15238985199903254
time in solving system 0.12642701400000078
concluded in  9.66702761399938
Solving snapshot 0 10
36
time in solving system 2.8774799550010357
time in solving system 0.15170760999899358
time in solving system 0.1266284369994537
concluded in  10.014680909000163
Solving snapshot 0 11
36
time in solving system 2.6974922619992867
time in solving system 0.1448874279994925
time in solving system 0.13720536900109437
concluded in  9.778029207000145
Solving snapshot 0 12
36
time in solving system 2.520240419999027
time in solving system 0.125552700001208
time in solving system 0.12245396100115613
concluded in  10.959998103000544
Solving snapshot 0 13
36
time in solving system 2.6843774349999876
time in solving system 0.13853149399983522
time in solving system 0.13285935299973062
concluded in  10.503813133000222
Solving snapshot 0 14
36
time in solving system 2.8291539790006937
time in solving system 0.15376253800059203
time in solving system 0.1260810389994731
concluded in  9.788607427999523
Solving snapshot 0 15
36
time in solving system 2.890947366000546
time in solving system 0.1714693209996767
time in solving system 0.12269537300016964
concluded in  10.085117443000854
Solving snapshot 0 16
36
time in solving system 2.860790351000105
time in solving system 0.16444358300032036
time in solving system 0.13765995500034478
concluded in  9.86024215100042
Solving snapshot 0 17
36
time in solving system 2.693978037999841
time in solving system 0.14475165600015316
time in solving system 0.13721341400014353
concluded in  10.627513588999136
Solving snapshot 0 18
36
time in solving system 2.9046025440002268
time in solving system 0.1613451419998455
time in solving system 0.1681521549999161
concluded in  10.586265337000441
Solving snapshot 0 19
36
time in solving system 2.6320150700012164
time in solving system 0.17744662599943695
time in solving system 0.17238776999874972
concluded in  9.799073247000706
Solving snapshot 0 20
36
time in solving system 2.8219363749994955
time in solving system 0.16338152099888248
time in solving system 0.15132015899871476
concluded in  9.403070652000679
Solving snapshot 0 21
36
time in solving system 3.0532155170003534
time in solving system 0.2012723339994409
time in solving system 0.17170282200095244
concluded in  9.934456913999384
Solving snapshot 0 22
36
time in solving system 3.138638983000419
time in solving system 0.20658097799969255
time in solving system 0.2214271220000228
concluded in  10.292423484999745
Solving snapshot 0 23
36
time in solving system 2.7556573229994683
time in solving system 0.1565319780002028
time in solving system 0.14521467499980645
concluded in  9.454321931001687
Solving snapshot 0 24
36
time in solving system 2.997870666000381
time in solving system 0.16433183700064546
time in solving system 0.17417783600103576
concluded in  9.955414787998961
Solving snapshot 0 25
36
time in solving system 2.990743520998876
time in solving system 0.2582017749991792
time in solving system 0.2314118079993932
concluded in  10.372301737999805
Solving snapshot 0 26
36
time in solving system 4.219346290999965
time in solving system 0.20281104099922231
time in solving system 0.1661784389998502
concluded in  11.491081076001137
Solving snapshot 0 27
36
time in solving system 3.1879704729999503
time in solving system 0.22716582899920468
time in solving system 0.35759982600029616
concluded in  10.072234471001138
Solving snapshot 0 28
36
time in solving system 2.770142796000073
time in solving system 0.21053276599923265
time in solving system 0.1664803249987017
concluded in  8.955702479999673
Solving snapshot 0 29
36
time in solving system 2.801099335001709
time in solving system 0.15850479299842846
time in solving system 0.14552793900111283
concluded in  9.4170143249994
Solving snapshot 0 30
36
time in solving system 2.5482922999999573
time in solving system 0.15284183100084192
time in solving system 0.2960952900011762
concluded in  9.593117730000813
Solving snapshot 0 31
36
time in solving system 2.5409143670003687
time in solving system 0.13412652000079106
time in solving system 0.1269900659990526
concluded in  8.582934019001186
Solving snapshot 0 32
36
time in solving system 2.7618978990012693
time in solving system 0.15033169300113514
time in solving system 0.1340783060004469
concluded in  9.821779623000111
Solving snapshot 0 33
36
time in solving system 2.77826306300085
time in solving system 0.155029370000193
time in solving system 0.1645441220007342
concluded in  9.278262441999686
Solving snapshot 0 34
36
time in solving system 3.6894975890008936
time in solving system 0.17760324200025934
time in solving system 0.21033166000052006
concluded in  10.578365762999965
Solving snapshot 0 35
36
time in solving system 3.161213975001374
time in solving system 0.22645183599888696
time in solving system 0.21303491999969992
concluded in  9.905549519000488
Solving snapshot 0 36
36
time in solving system 3.0006708199998684
time in solving system 0.16905430799852184
time in solving system 0.1650922160006303
concluded in  9.09011504999944
Solving snapshot 0 37
36
time in solving system 3.836007649999374
time in solving system 0.17826153600071848
time in solving system 0.1450987879998138
concluded in  10.334115783000016
Solving snapshot 0 38
36
time in solving system 4.460036038000908
time in solving system 0.36024775299847533
time in solving system 0.4089893500004109
concluded in  11.853369320000638
Solving snapshot 0 39
36
time in solving system 4.265312776000428
time in solving system 0.37237372000163305
time in solving system 0.38467521900020074
concluded in  11.10753912600012
Solving snapshot 0 40
36
time in solving system 5.454909181000403
time in solving system 0.18638017500052229
time in solving system 0.1539141479988757
concluded in  11.771582532999673
Solving snapshot 0 41
36
time in solving system 5.181950168000185
time in solving system 0.27072786200005794
time in solving system 0.19598942599986913
concluded in  11.866917002000264
Solving snapshot 0 42
36
time in solving system 4.864714666000509
time in solving system 0.3288274030001048
time in solving system 0.20138169200072298
concluded in  10.938909185000739
Solving snapshot 0 43
36
time in solving system 4.892167767000501
time in solving system 0.1862626519996411
time in solving system 0.18245044900140783
concluded in  11.475357635999899
Solving snapshot 0 44
36
time in solving system 4.232865084999503
time in solving system 0.24377833300059137
time in solving system 0.29042440699959116
concluded in  11.202410689998942
Solving snapshot 0 45
36
time in solving system 3.8476114770001004
time in solving system 0.16842915000052017
time in solving system 0.16982817300049646
concluded in  9.630714462999094
Solving snapshot 0 46
36
time in solving system 5.227502305999224
time in solving system 0.1981726180001715
time in solving system 0.21725921600045695
concluded in  11.633693756999492
Solving snapshot 0 47
36
time in solving system 3.9586755949985672
time in solving system 0.16383386099914787
time in solving system 0.19756030499956978
concluded in  9.800902458000564
Solving snapshot 0 48
36
time in solving system 4.1720935290013585
time in solving system 0.1636343609989126
time in solving system 0.26416445200084127
concluded in  10.10803309900075
Solving snapshot 0 49
36
time in solving system 4.741699696000069
time in solving system 0.31712696499926096
time in solving system 0.2740119380014221
concluded in  10.838318758000241
Solving snapshot 0 50
36
time in solving system 4.494837303000168
time in solving system 0.2570791159996588
time in solving system 0.20666103300027316
concluded in  10.499219875000563
Solving snapshot 0 51
36
time in solving system 4.489185958000235
time in solving system 0.17085816500002693
time in solving system 0.25902992299961625
concluded in  10.896125823999682
Solving snapshot 0 52
36
time in solving system 4.291428272999838
time in solving system 0.208215205999295
time in solving system 0.276901605000603
concluded in  10.24215783299951
Solving snapshot 0 53
36
time in solving system 4.002161221000279
time in solving system 0.18856030700044357
time in solving system 0.2717085690001113
concluded in  10.564956868000081
Solving snapshot 0 54
36
time in solving system 4.339831997000147
time in solving system 0.368777059000422
time in solving system 0.17147173400007887
concluded in  10.806875377000324
Solving snapshot 0 55
36
time in solving system 5.0471115880009165
time in solving system 0.13815236000118603
time in solving system 0.13000213899977098
concluded in  11.551900139000281
Solving snapshot 0 56
36
time in solving system 3.992783141999098
time in solving system 0.16229800499968405
time in solving system 0.26030820600135485
concluded in  9.933558658000038
Solving snapshot 0 57
36
time in solving system 4.748445698998694
time in solving system 0.24962793499980762
time in solving system 0.19865512499927718
concluded in  10.643191470000602
Solving snapshot 0 58
36
time in solving system 4.666559320001397
time in solving system 0.2174360050012183
time in solving system 0.20281416500074556
concluded in  11.195134915999006
Solving snapshot 0 59
36
time in solving system 4.522398394001357
time in solving system 0.26440425799955847
time in solving system 0.24110040300001856
concluded in  10.631262767001317
Solving snapshot 0 60
36
time in solving system 4.0779793380006595
time in solving system 0.1709273350006697
time in solving system 0.3195337719989766
concluded in  10.792638466000426
Solving snapshot 0 61
36
time in solving system 5.190741457998229
time in solving system 0.15973052099980123
time in solving system 0.2420687949997955
concluded in  11.742098432001512
Solving snapshot 0 62
36
time in solving system 5.082395761999578
time in solving system 0.30103363700072805
time in solving system 0.21226724999905855
concluded in  11.224821964999137
Solving snapshot 0 63
36
time in solving system 4.845792750000328
time in solving system 0.2789202280000609
time in solving system 0.20123470999897108
concluded in  11.53751736400045
Solving snapshot 0 64
36
time in solving system 4.400302427000497
time in solving system 0.19172587300090527
time in solving system 0.2462957190000452
concluded in  10.988991019999958
Solving snapshot 0 65
36
time in solving system 4.43884641799923
time in solving system 0.2778505750011391
time in solving system 0.25652822600022773
concluded in  10.73811046099945
Solving snapshot 0 66
36
time in solving system 4.053309224998884
time in solving system 0.20858865899936063
time in solving system 0.16366449099950842
concluded in  10.534046050001052
Solving snapshot 0 67
36
time in solving system 4.793131925000125
time in solving system 0.2289862669986178
time in solving system 0.17941722899922752
concluded in  11.51321053600077
Solving snapshot 0 68
36
time in solving system 4.017145746998722
time in solving system 0.20378807799897913
time in solving system 0.1710345920000691
concluded in  10.132406077998894
Solving snapshot 0 69
36
time in solving system 3.912833493999642
time in solving system 0.1565058809992479
time in solving system 0.2141945499988651
concluded in  10.317498782998882
Solving snapshot 0 70
36
time in solving system 3.777613479000138
time in solving system 0.22900744999969902
time in solving system 0.21615655200002948
concluded in  9.713032030998875
Solving snapshot 0 71
36
time in solving system 3.8607114639999054
time in solving system 0.18391656300082104
time in solving system 0.14592717199957406
concluded in  9.80917231499916
Solving snapshot 0 72
36
time in solving system 4.815926217001106
time in solving system 0.2052469240006758
time in solving system 0.2456397170008131
concluded in  11.70619712000007
Solving snapshot 0 73
36
time in solving system 5.4368063189995155
time in solving system 0.2109499229991343
time in solving system 0.15334591999999247
concluded in  11.830755085000419
Solving snapshot 0 74
36
time in solving system 5.248308560001533
time in solving system 0.22788486199897307
time in solving system 0.14375090599969553
concluded in  11.812548035000873
Solving snapshot 0 75
36
time in solving system 4.667660987999625
time in solving system 0.16322898200087366
time in solving system 0.15824525599964545
concluded in  10.475817652000842
Solving snapshot 0 76
36
time in solving system 4.689483828999073
time in solving system 0.2362029239993717
time in solving system 0.18838188200061268
concluded in  11.267607179001061
Solving snapshot 0 77
36
time in solving system 4.460362223999255
time in solving system 0.1754387199998746
time in solving system 0.2749140420000913
concluded in  11.069868327998847
Solving snapshot 0 78
36
time in solving system 3.830311445000916
time in solving system 0.1821871789998113
time in solving system 0.23788841299938213
concluded in  9.849271154000235
Solving snapshot 0 79
36
time in solving system 4.250281827000435
time in solving system 0.16723452500082203
time in solving system 0.25478462699902593
concluded in  10.57504519900067
Solving snapshot 0 80
36
time in solving system 5.2129048999995575
time in solving system 0.30318569600058254
time in solving system 0.16146454899899254
concluded in  11.601062837999052
Solving snapshot 0 81
36
time in solving system 5.643516995998652
time in solving system 0.17182730099921173
time in solving system 0.2199099980007304
concluded in  11.494575113001702
Solving snapshot 0 82
36
time in solving system 4.787832022999282
time in solving system 0.17008465399885608
time in solving system 0.13481113299894787
concluded in  10.521007540999562
Solving snapshot 0 83
36
time in solving system 4.686739464999846
time in solving system 0.1695526620005694
time in solving system 0.23786844200003543
concluded in  11.279475942999852
Solving snapshot 0 84
36
time in solving system 5.309022698000263
time in solving system 0.28616115899967554
time in solving system 0.24306502500076022
concluded in  11.331824192000568
Solving snapshot 0 85
36
time in solving system 4.597173943999223
time in solving system 0.17523762500059092
time in solving system 0.15050287599842704
concluded in  10.387250505000338
Solving snapshot 0 86
36
time in solving system 5.134948044998964
time in solving system 0.17759692299841845
time in solving system 0.13558999199995014
concluded in  11.496142862999477
Solving snapshot 0 87
36
time in solving system 4.909288192000531
time in solving system 0.26836463600011484
time in solving system 0.2509635070000513
concluded in  10.843124244000137
Solving snapshot 0 88
36
time in solving system 4.422758144000909
time in solving system 0.20484469999973953
time in solving system 0.189824717999727
concluded in  11.08615263000138
Solving snapshot 0 89
36
time in solving system 4.418017158999646
time in solving system 0.24434851799924218
time in solving system 0.1958243440003571
concluded in  10.372220213001128
Solving snapshot 0 90
36
time in solving system 4.930331571000352
time in solving system 0.20424329900015437
time in solving system 0.1401136710010178
concluded in  11.168340516000171
Solving snapshot 0 91
36
time in solving system 5.196856244001538
time in solving system 0.27523653600110265
time in solving system 0.1825947899997118
concluded in  11.479465733000325
Solving snapshot 0 92
36
time in solving system 4.811650540999835
time in solving system 0.18771048300004622
time in solving system 0.21809914000004937
concluded in  11.219266213000083
Solving snapshot 0 93
36
time in solving system 4.859553813001185
time in solving system 0.2910850449989084
time in solving system 0.25244996799847286
concluded in  10.41552371599937
Solving snapshot 0 94
36
time in solving system 4.50923722600055
time in solving system 0.18348278299890808
time in solving system 0.25980368299860856
concluded in  10.931380522000836
Solving snapshot 0 95
36
time in solving system 4.550868091000666
time in solving system 0.20207703099913488
time in solving system 0.21289105100004235
concluded in  10.48916437400112
Solving snapshot 0 96
36
time in solving system 5.475823365999531
time in solving system 0.23221337900031358
time in solving system 0.2034964009999385
concluded in  11.977710196000771
Solving snapshot 0 97
36
time in solving system 5.058743632998812
time in solving system 0.2349547000012535
time in solving system 0.1963336619992333
concluded in  11.62571568400017
Solving snapshot 0 98
36
time in solving system 5.503385770000023
time in solving system 0.2773242159983056
time in solving system 0.18458221400032926
concluded in  12.149340949999896
Solving snapshot 0 99
36
time in solving system 5.0035244099999545
time in solving system 0.24804928800040216
time in solving system 0.23618453100061743
concluded in  11.164795934000722
Solving snapshot 0 100
36
time in solving system 5.248717303999001
time in solving system 0.18992434600113484
time in solving system 0.23689582999941194
concluded in  11.617440326001088
Solving snapshot 0 101
36
time in solving system 4.3599367839997285
time in solving system 0.23865755299993907
time in solving system 0.2594161580000218
concluded in  10.891147846999957
Solving snapshot 0 102
36
time in solving system 5.047047456000655
time in solving system 0.2041506900004606
time in solving system 0.17022813699986727
concluded in  10.63965933000145
Solving snapshot 0 103
36
time in solving system 5.362869034999676
time in solving system 0.18095651900148368
time in solving system 0.23181462499996996
concluded in  11.88472321700101
Solving snapshot 0 104
36
time in solving system 5.547351774001072
time in solving system 0.15569476000018767
time in solving system 0.1322384859995509
concluded in  11.288444846999482
Solving snapshot 0 105
36
time in solving system 5.018831735000276
time in solving system 0.1977953619989421
time in solving system 0.27236813999843434
concluded in  11.263909635001255
Solving snapshot 0 106
36
time in solving system 5.5207650949996605
time in solving system 0.24333933199886815
time in solving system 0.19221093600026506
concluded in  11.77955658099927
Solving snapshot 0 107
36
time in solving system 5.102522011000474
time in solving system 0.17674216400155274
time in solving system 0.21568992699940281
concluded in  11.50895356699948
Solving snapshot 0 108
36
time in solving system 5.0111830290006765
time in solving system 0.17429531600100745
time in solving system 0.13393561100019724
concluded in  10.981675967999763
Solving snapshot 0 109
36
time in solving system 4.2930451089996495
time in solving system 0.2064392840002256
time in solving system 0.20697737900081847
concluded in  11.094445853999787
Solving snapshot 0 110
36
time in solving system 4.5063681849987915
time in solving system 0.22262565299934067
time in solving system 0.20326843400107464
concluded in  10.658338557001116
Solving snapshot 0 111
36
time in solving system 4.751991963999899
time in solving system 0.26351328099917737
time in solving system 0.16508029900069232
concluded in  11.296511810000084
Solving snapshot 0 112
36
time in solving system 4.2504273029990145
time in solving system 0.1982036360004713
time in solving system 0.17513145100019756
concluded in  10.89219182099987
Solving snapshot 0 113
36
time in solving system 4.717749999999796
time in solving system 0.2520314449993748
time in solving system 0.18199032799930137
concluded in  11.248277622000387
Solving snapshot 0 114
36
time in solving system 4.667992811999284
time in solving system 0.17425566099882417
time in solving system 0.1790242090009997
concluded in  10.58427059099995
Solving snapshot 0 115
36
time in solving system 5.097375638999438
time in solving system 0.16853356000137865
time in solving system 0.135831256999154
concluded in  11.636612252001214
Solving snapshot 0 116
36
time in solving system 4.41851378300089
time in solving system 0.23558239299927664
time in solving system 0.2336420649990032
concluded in  11.242158060998918
Solving snapshot 0 117
36
time in solving system 4.457557617999555
time in solving system 0.3012733079995087
time in solving system 0.137645816001168
concluded in  10.84408823099875
Solving snapshot 0 118
36
time in solving system 5.11096698000074
time in solving system 0.17276893700000073
time in solving system 0.12865087700083677
concluded in  11.782026698001573
Solving snapshot 0 119
36
time in solving system 4.122019120999539
time in solving system 0.15480783999919367
time in solving system 0.24193231400022341
concluded in  10.1893321259995
Solving snapshot 0 120
36
time in solving system 4.098778544999732
time in solving system 0.21342528400055016
time in solving system 0.17678104100014025
concluded in  10.656856583000263
Solving snapshot 0 121
36
time in solving system 5.239142726999489
time in solving system 0.23097060500003863
time in solving system 0.13501138200081186
concluded in  11.283908399000211
Solving snapshot 0 122
36
time in solving system 5.073335175000466
time in solving system 0.2121671469994908
time in solving system 0.16267392100053257
concluded in  11.312318965001396
Solving snapshot 0 123
36
time in solving system 5.376993448000576
time in solving system 0.1948889600007533
time in solving system 0.1538057050001953
concluded in  11.11226478699973
Solving snapshot 0 124
36
time in solving system 4.931516335000197
time in solving system 0.22036323300017102
time in solving system 0.21521660100006557
concluded in  10.864427230999354
Solving snapshot 0 125
36
time in solving system 5.50002405899977
time in solving system 0.2501155780009867
time in solving system 0.18985417600015353
concluded in  11.681400270999802
Solving snapshot 0 126
36
time in solving system 5.363799839000421
time in solving system 0.3278827129997808
time in solving system 0.2253310899995995
concluded in  11.313787626000703
Solving snapshot 0 127
36
time in solving system 5.437714976000279
time in solving system 0.14969784800086927
time in solving system 0.2732549439988361
concluded in  11.715137744000458
Solving snapshot 0 128
36
time in solving system 5.248977942001147
time in solving system 0.2399604049987829
time in solving system 0.22154209499967692
concluded in  11.746155515998908
Solving snapshot 0 129
36
time in solving system 4.729684431000351
time in solving system 0.23843293400022958
time in solving system 0.13738083600037498
concluded in  11.039805602000342
Solving snapshot 0 130
36
time in solving system 5.243007648999992
time in solving system 0.16091558200059808
time in solving system 0.14554978600062896
concluded in  10.82051268900068
Solving snapshot 0 131
36
time in solving system 5.281923337999615
time in solving system 0.15422821900028794
time in solving system 0.2094929430004413
concluded in  11.788445886000773
Solving snapshot 0 132
36
time in solving system 5.227997665000657
time in solving system 0.23143517500102462
time in solving system 0.18697021900152322
concluded in  11.637104755998735
Solving snapshot 0 133
36
time in solving system 4.117551666999134
time in solving system 0.22473701299895765
time in solving system 0.1901310020002711
concluded in  10.699715881000884
Solving snapshot 0 134
36
time in solving system 5.216624245998901
time in solving system 0.18805392099966411
time in solving system 0.28351668100003735
concluded in  11.40984552000009
Solving snapshot 0 135
36
time in solving system 4.939729522999187
time in solving system 0.1586686410009861
time in solving system 0.2637978490001842
concluded in  10.978962073999355
Solving snapshot 0 136
36
time in solving system 4.937319795000803
time in solving system 0.15254700599871285
time in solving system 0.13631075200100895
concluded in  10.990807059000872
Solving snapshot 0 137
36
time in solving system 4.7979053300005035
time in solving system 0.23272895099944435
time in solving system 0.17668056999900728
concluded in  10.643416320999677
Solving snapshot 0 138
36
time in solving system 4.03261238900086
time in solving system 0.2428425870002684
time in solving system 0.17699707900101203
concluded in  10.06239862700022
Solving snapshot 0 139
36
time in solving system 4.182464379999146
time in solving system 0.32596413799910806
time in solving system 0.21401644599973224
concluded in  10.560665069999231
Solving snapshot 0 140
36
time in solving system 4.17769098700046
time in solving system 0.2996949770003994
time in solving system 0.19083292200048163
concluded in  10.57979860800151
Solving snapshot 0 141
36
time in solving system 4.394613673001004
time in solving system 0.2087855359986861
time in solving system 0.2577017799994792
concluded in  10.82182566099982
Solving snapshot 0 142
36
time in solving system 4.93908340499911
time in solving system 0.2587808150001365
time in solving system 0.2647585070008063
concluded in  11.396222620000117
Solving snapshot 0 143
36
time in solving system 4.8828329509997275
time in solving system 0.1556390610003291
time in solving system 0.13528826399851823
concluded in  11.15659311499985
Solving snapshot 0 144
36
time in solving system 5.151723696000772
time in solving system 0.22110369300025923
time in solving system 0.1343118360000517
concluded in  11.433034711999426
Solving snapshot 0 145
36
time in solving system 5.255326428999979
time in solving system 0.1527030069992179
time in solving system 0.19224339900029008
concluded in  11.254627811998944
Solving snapshot 0 146
36
time in solving system 4.739082390000476
time in solving system 0.17925230999935593
time in solving system 0.16533839000112494
concluded in  11.585741494998729
Solving snapshot 0 147
36
time in solving system 5.047639260999858
time in solving system 0.1557067729991104
time in solving system 0.2221242079995136
concluded in  11.791166832999807
Solving snapshot 0 148
36
time in solving system 5.133450588000414
time in solving system 0.17009232899908966
time in solving system 0.22645746400121425
concluded in  11.030443472000115
Solving snapshot 0 149
36
time in solving system 4.355239974000142
time in solving system 0.1597822889998497
time in solving system 0.1441752720002114
concluded in  10.6844441989997
Solving snapshot 0 150
36
time in solving system 4.6816634999995586
time in solving system 0.29487517999950796
time in solving system 0.2527769349999289
concluded in  10.699753889999556
Solving snapshot 0 151
36
time in solving system 6.016326258000845
time in solving system 0.14999213199916994
time in solving system 0.13147421699977713
concluded in  12.268672461001188
Solving snapshot 0 152
36
time in solving system 4.875664515000608
time in solving system 0.21900128899869742
time in solving system 0.14393374800056336
concluded in  11.563225363001038
Solving snapshot 0 153
36
time in solving system 5.148341128999164
time in solving system 0.18298499699994863
time in solving system 0.23625753600026655
concluded in  10.990337006998743
Solving snapshot 0 154
36
time in solving system 4.8734424430003855
time in solving system 0.16093632600131969
time in solving system 0.1444221870006004
concluded in  10.893984861000718
Solving snapshot 0 155
36
time in solving system 4.683245188000001
time in solving system 0.15516191400092794
time in solving system 0.22360601800028235
concluded in  11.107473765998293
Solving snapshot 0 156
36
time in solving system 5.22330427199995
time in solving system 0.26094795700009854
time in solving system 0.1916156810002576
concluded in  11.885065896000015
Solving snapshot 0 157
36
time in solving system 4.4711227450006845
time in solving system 0.18253167200055032
time in solving system 0.13512249900122697
concluded in  10.967985503000818
Solving snapshot 0 158
36
time in solving system 4.80885914099963
time in solving system 0.21488744399903226
time in solving system 0.21706825599903823
concluded in  10.756903213999976
Solving snapshot 0 159
36
time in solving system 4.911601681998945
time in solving system 0.20077517900062958
time in solving system 0.13162973900034558
concluded in  11.31934938700033
Solving snapshot 0 160
36
time in solving system 4.888641928000652
time in solving system 0.15932775900000706
time in solving system 0.13650264100033382
concluded in  10.739792935999503
Solving snapshot 0 161
36
time in solving system 4.125554148000447
time in solving system 0.20955443600178114
time in solving system 0.20629281500077923
concluded in  9.944107500999962
Solving snapshot 0 162
36
time in solving system 3.5065866079985426
time in solving system 0.16929308799990395
time in solving system 0.1698589150000771
concluded in  9.834454268000627
Solving snapshot 0 163
36
time in solving system 3.826713362999726
time in solving system 0.21936614999867743
time in solving system 0.15838427299968316
concluded in  9.653925431999596
Solving snapshot 0 164
36
time in solving system 3.9845116039996356
time in solving system 0.24263748799967289
time in solving system 0.18352559999948426
concluded in  10.464788956998746
Solving snapshot 0 165
36
time in solving system 3.9620912259997567
time in solving system 0.2898231590006617
time in solving system 0.24484677399959764
concluded in  10.527087309001217
Solving snapshot 0 166
36
time in solving system 3.9267652180005825
time in solving system 0.1981254969996371
time in solving system 0.21372532100031094
concluded in  9.884223277998899
Solving snapshot 0 167
36
time in solving system 3.7874013959990407
time in solving system 0.18473631000051682
time in solving system 0.28854992499873333
concluded in  10.39128200399864
Solving snapshot 0 168
36
time in solving system 3.7171315499999764
time in solving system 0.16587091899964435
time in solving system 0.16613998699904187
concluded in  9.854747764999047
Solving snapshot 0 169
36
time in solving system 2.855281248999745
time in solving system 0.1608622789990477
time in solving system 0.17903995099914027
concluded in  8.579731952000657
Solving snapshot 0 170
36
time in solving system 2.7608262399990053
time in solving system 0.19003616100053478
time in solving system 0.23153941199961992
concluded in  7.746930455999973
Solving snapshot 0 171
36
time in solving system 2.2130471970012877
time in solving system 0.14657026799977757
time in solving system 0.1229813390000345
concluded in  6.688605004999772
Solving snapshot 0 172
36
time in solving system 2.035754280999754
time in solving system 0.12156520999997156
time in solving system 0.11534380900047836
concluded in  6.283988039000178
Solving snapshot 0 173
36
time in solving system 2.0234285699989414
time in solving system 0.11954640399926575
time in solving system 0.11270091500045964
concluded in  6.238631914000507
Solving snapshot 0 174
36
time in solving system 2.0958485350001865
time in solving system 0.12287292000110028
time in solving system 0.11434091699993587
concluded in  6.820596904000922
Solving snapshot 0 175
36
time in solving system 2.0757930270010547
time in solving system 0.12196771500020986
time in solving system 0.12376050899911206
concluded in  6.379536246999123
Solving snapshot 0 176
36
time in solving system 2.2327323099998466
time in solving system 0.1570254969992675
time in solving system 0.1310652129996015
concluded in  6.915480057999957
Solving snapshot 0 177
36
time in solving system 2.1370800830009102
time in solving system 0.10892209499979799
time in solving system 0.11257453899997927
concluded in  6.3700774799999635
Solving snapshot 0 178
36
time in solving system 2.2289247299995623
time in solving system 0.14122529800079064
time in solving system 0.111726039000132
concluded in  6.976132098001472
Solving snapshot 0 179
36
time in solving system 2.2132040559990855
time in solving system 0.13763044500046817
time in solving system 0.1114819680005894
concluded in  6.461653480999303
Solving snapshot 0 180
36
time in solving system 2.1996509960008552
time in solving system 0.1371284659999219
time in solving system 0.11040340699946682
concluded in  6.880379845000789
Solving snapshot 0 181
36
time in solving system 2.041203754999515
time in solving system 0.11964798699955281
time in solving system 0.11323891000029107
concluded in  6.217357489000278
Solving snapshot 0 182
36
time in solving system 2.111473261998981
time in solving system 0.11939775399878272
time in solving system 0.11334318199988047
concluded in  6.864143701999637
Solving snapshot 0 183
36
time in solving system 2.03906843599907
time in solving system 0.12302437399921473
time in solving system 0.11606985099933809
concluded in  6.824143984998955
Solving snapshot 0 184
36
time in solving system 2.0521424020007544
time in solving system 0.12234290999913355
time in solving system 0.14154403999964416
concluded in  6.436949187000209
Solving snapshot 0 185
36
time in solving system 2.044507574999443
time in solving system 0.12097199900017586
time in solving system 0.1128078439996898
concluded in  6.2229563429991686
Solving snapshot 0 186
36
time in solving system 2.175256631000593
time in solving system 0.13931111599958967
time in solving system 0.11178472699975828
concluded in  6.881871360999867
Solving snapshot 0 187
36
time in solving system 2.25122286000078
time in solving system 0.16009715000109281
time in solving system 0.1351451080008701
concluded in  6.924859000999277
Solving snapshot 0 188
36
time in solving system 2.224658664999879
time in solving system 0.18142069100031222
time in solving system 0.12447088600129064
concluded in  6.837788881999586
Solving snapshot 0 189
36
time in solving system 2.2382644480003364
time in solving system 0.18038055400029407
time in solving system 0.13029659499989066
concluded in  6.84262794300048
Solving snapshot 0 190
36
time in solving system 2.315023461000237
time in solving system 0.13110458300070604
time in solving system 0.11696385300092516
concluded in  6.796590980000474
Solving snapshot 0 191
36
time in solving system 2.3377442239998345
time in solving system 0.1410370289995626
time in solving system 0.11399082599928079
concluded in  6.849604560000444
Solving snapshot 0 192
36
time in solving system 2.586018627998783
time in solving system 0.21362008599862747
time in solving system 0.12383447299907857
concluded in  7.223092019999967
Solving snapshot 0 193
36
time in solving system 2.4947648879988265
time in solving system 0.12160058199879131
time in solving system 0.20532781299880298
concluded in  6.795962670001245
Solving snapshot 0 194
36
time in solving system 2.457365230000505
time in solving system 0.13076023800022085
time in solving system 0.12549812700126495
concluded in  7.005453526000565
Solving snapshot 0 195
36
time in solving system 2.3317227340012323
time in solving system 0.16649147499992978
time in solving system 0.17752181099967856
concluded in  6.662402464999104
Solving snapshot 0 196
36
time in solving system 2.3997400009993726
time in solving system 0.19936903300003905
time in solving system 0.11603797200041299
concluded in  6.8016794710001705
Solving snapshot 0 197
36
time in solving system 2.324410169001567
time in solving system 0.1409774269995978
time in solving system 0.11104525900009321
concluded in  6.529991312998391
Solving snapshot 0 198
36
time in solving system 2.312691810000615
time in solving system 0.14334634700026072
time in solving system 0.11260817100082932
concluded in  6.844469338000636
Solving snapshot 0 199
36
time in solving system 2.153329279999525
time in solving system 0.16159063699888065
time in solving system 0.16798147599911317
concluded in  6.602356122999481
Solving snapshot 0 200
36
time in solving system 2.287418613999762
time in solving system 0.14989855500061822
time in solving system 0.11721271700116631
concluded in  6.815206703999138
Solving snapshot 0 201
36
time in solving system 2.258080195999355
time in solving system 0.16719330200066906
time in solving system 0.12323913500040362
concluded in  6.836738088000857
Solving snapshot 0 202
36
time in solving system 2.089385670999036
time in solving system 0.1568610730009823
time in solving system 0.1557588730011048
concluded in  6.516715723000743
Solving snapshot 0 203
36
time in solving system 2.3052330749997054
time in solving system 0.1628243890008889
time in solving system 0.13358661599886545
concluded in  6.873995572999775
Solving snapshot 0 204
36
time in solving system 2.2889911039983417
time in solving system 0.1501555480008392
time in solving system 0.12268682200010517
concluded in  6.490405829999872
Solving snapshot 0 205
36
time in solving system 2.35006716099997
time in solving system 0.14547771199977433
time in solving system 0.11316609400091693
concluded in  6.903114246000769
Solving snapshot 0 206
36
time in solving system 2.3674750339996535
time in solving system 0.1433739770000102
time in solving system 0.21067564500117442
concluded in  7.050936071998876
Solving snapshot 0 207
36
time in solving system 2.431334519000302
time in solving system 0.17962642000020423
time in solving system 0.12071874700086482
concluded in  7.037371520000306
Solving snapshot 0 208
36
time in solving system 2.536790101999941
time in solving system 0.13219867899897508
time in solving system 0.21170600000004924
concluded in  7.1673171630009165
Solving snapshot 0 209
36
time in solving system 2.5708209900003567
time in solving system 0.1978938569991442
time in solving system 0.12430227600088983
concluded in  7.120809546000601
Solving snapshot 0 210
36
time in solving system 2.5529566519999207
time in solving system 0.21733146500082512
time in solving system 0.16592656099965097
concluded in  7.215420131000428
Solving snapshot 0 211
36
time in solving system 2.5233007979986724
time in solving system 0.16911703900041175
time in solving system 0.13491577599961602
concluded in  7.032465884998601
Solving snapshot 0 212
36
time in solving system 2.720903449000616
time in solving system 0.1545831889998226
time in solving system 0.11418123200019181
concluded in  7.263267938000354
Solving snapshot 0 213
36
time in solving system 2.7231786949996604
time in solving system 0.1414864079997642
time in solving system 0.11024293700029375
concluded in  7.280327939000927
Solving snapshot 0 214
36
time in solving system 2.692172222999943
time in solving system 0.12307246500131441
time in solving system 0.11292183099976683
concluded in  6.852430478000315
Solving snapshot 0 215
36
time in solving system 2.601468427999862
time in solving system 0.14189082899974892
time in solving system 0.11368473000038648
concluded in  7.108738978000474
Solving snapshot 0 216
36
time in solving system 2.5647805640001025
time in solving system 0.12244049800028733
time in solving system 0.11394167499929608
concluded in  7.011371442999007
Solving snapshot 0 217
36
time in solving system 2.405015550999451
time in solving system 0.13067501899968192
time in solving system 0.20098199099993508
concluded in  6.75287618099901
Solving snapshot 0 218
36
time in solving system 2.4739110030004667
time in solving system 0.16466098799901374
time in solving system 0.11097996500029694
concluded in  7.000001459999112
Solving snapshot 0 219
36
time in solving system 2.5027385749999667
time in solving system 0.1261933859987039
time in solving system 0.21810168199954205
concluded in  7.123019925000335
Solving snapshot 0 220
36
time in solving system 2.5229808549993322
time in solving system 0.14977734800049802
time in solving system 0.20470802900126728
concluded in  6.87441712799955
Solving snapshot 0 221
36
time in solving system 2.3785634029991343
time in solving system 0.138967324000987
time in solving system 0.11184333599885576
concluded in  6.658491087999209
Solving snapshot 0 222
36
time in solving system 2.513756659000137
time in solving system 0.12640789799843333
time in solving system 0.21171608400072728
concluded in  7.118692336000095
Solving snapshot 0 223
36
time in solving system 2.461381720000645
time in solving system 0.12508742499994696
time in solving system 0.21668987699922582
concluded in  6.80837521399917
Solving snapshot 0 224
36
time in solving system 2.5206927050003287
time in solving system 0.13259084099991014
time in solving system 0.14543009099907067
concluded in  6.770063657999344
Solving snapshot 0 225
36
time in solving system 2.410944853998444
time in solving system 0.21008908299882023
time in solving system 0.11520444300003874
concluded in  7.086944177000987
Solving snapshot 0 226
36
time in solving system 2.5598200160002307
time in solving system 0.18918226999994658
time in solving system 0.11548687600043195
concluded in  7.083130791999793
Solving snapshot 0 227
36
time in solving system 2.3899673739997525
time in solving system 0.21113085999968462
time in solving system 0.11944913099978294
concluded in  6.79867190999903
Solving snapshot 0 228
36
time in solving system 2.302952701000322
time in solving system 0.125927238001168
time in solving system 0.11338829499982239
concluded in  6.478204682998694
Solving snapshot 0 229
36
time in solving system 2.3687295299987454
time in solving system 0.13392043000021658
time in solving system 0.11481237499901908
concluded in  6.555873544999486
Solving snapshot 0 230
36
time in solving system 2.315182084999833
time in solving system 0.14764753000054043
time in solving system 0.11732148499868345
concluded in  6.866526538000471
Solving snapshot 0 231
36
time in solving system 2.1606928300006985
time in solving system 0.15470977299992228
time in solving system 0.12840893099928508
concluded in  6.4245510660002765
Solving snapshot 0 232
36
time in solving system 2.06291584200153
time in solving system 0.1482219890003762
time in solving system 0.15305838099993707
concluded in  6.477274835000571
Solving snapshot 0 233
36
time in solving system 2.2271989490000124
time in solving system 0.15723560900005396
time in solving system 0.12874481600010768
concluded in  6.870887633998791
Solving snapshot 0 234
36
time in solving system 2.2551598449990706
time in solving system 0.16049985000063316
time in solving system 0.13192179499856138
concluded in  6.569335661000878
Solving snapshot 0 235
36
time in solving system 2.085376463999637
time in solving system 0.15723018900098396
time in solving system 0.15179507600078068
concluded in  6.493694224000137
Solving snapshot 0 236
36
time in solving system 2.109557190000487
time in solving system 0.16009185000075377
time in solving system 0.15909955099959916
concluded in  6.887833673999921
Solving snapshot 0 237
36
time in solving system 2.2512224199999764
time in solving system 0.19298409600014566
time in solving system 0.1469529229998443
concluded in  6.854681638998954
Solving snapshot 0 238
36
time in solving system 2.3621430459988915
time in solving system 0.14608532099919103
time in solving system 0.12029333099962969
concluded in  6.579818890000752
Solving snapshot 0 239
36
time in solving system 2.337033836000046
time in solving system 0.12370476000069175
time in solving system 0.14013452300059726
concluded in  6.986462486000164
Solving snapshot 0 240
36
time in solving system 2.26451953600008
time in solving system 0.20021548400109168
time in solving system 0.1450601819997246
concluded in  6.564048610998725
Solving snapshot 0 241
36
time in solving system 2.3153118690006522
time in solving system 0.17870098800085543
time in solving system 0.14043550600035815
concluded in  6.640642035999917
Solving snapshot 0 242
36
time in solving system 2.033100327000284
time in solving system 0.1580221709991747
time in solving system 0.15337706499849446
concluded in  6.389748646000953
Solving snapshot 0 243
36
time in solving system 2.0966934049993142
time in solving system 0.15629535400148598
time in solving system 0.1530434710002737
concluded in  6.534378135000225
Solving snapshot 0 244
36
time in solving system 2.1922480140001426
time in solving system 0.15486131200123054
time in solving system 0.13086606099932396
concluded in  6.7754663710002205
Solving snapshot 0 245
36
time in solving system 2.2268189750011516
time in solving system 0.15374647199860192
time in solving system 0.1293244610005786
concluded in  6.512496638000812
Solving snapshot 0 246
36
time in solving system 2.092833726999743
time in solving system 0.1304369259996747
time in solving system 0.15364871299971128
concluded in  6.742715480000697
Solving snapshot 0 247
36
time in solving system 2.1861340470004507
time in solving system 0.15095825800017337
time in solving system 0.13537273300062225
concluded in  6.745889623998664
Solving snapshot 0 248
36
time in solving system 2.084251659000074
time in solving system 0.12239575799867453
time in solving system 0.1356632280003396
concluded in  6.408072389000154
Solving snapshot 0 249
36
time in solving system 2.0813056919996598
time in solving system 0.12014385499969649
time in solving system 0.11329522999949404
concluded in  6.25634730999991
Solving snapshot 0 250
36
time in solving system 2.072315088000323
time in solving system 0.12349725300009595
time in solving system 0.13110770000093908
concluded in  6.821898919000887
Solving snapshot 0 251
36
time in solving system 2.2040661970004294
time in solving system 0.15045121999901312
time in solving system 0.130349004000891
concluded in  6.457112902000517
Solving snapshot 0 252
36
time in solving system 2.0282587630008493
time in solving system 0.12066998299997067
time in solving system 0.11313855700063868
concluded in  6.193796511999608
Solving snapshot 0 253
36
time in solving system 2.0940565840010095
time in solving system 0.15511067000079493
time in solving system 0.13218422300087695
concluded in  6.827664104999712
Solving snapshot 0 254
36
time in solving system 2.0853798940006527
time in solving system 0.1557345590008481
time in solving system 0.13088681099907262
concluded in  6.665269930001159
Solving snapshot 0 255
36
time in solving system 2.3177656719999504
time in solving system 0.15117951300089771
time in solving system 0.12288211099985347
concluded in  6.872870178000085
Solving snapshot 0 256
36
time in solving system 2.3693860760013195
time in solving system 0.12442052799997327
time in solving system 0.1163835619991005
concluded in  6.612677962999442
Solving snapshot 0 257
36
time in solving system 2.117967531001341
time in solving system 0.1581288819998008
time in solving system 0.18908848800128908
concluded in  6.536550258999341
Solving snapshot 0 258
36
time in solving system 2.250945560999753
time in solving system 0.18723021599907952
time in solving system 0.12814446599986695
concluded in  6.939993320000212
Solving snapshot 0 259
36
time in solving system 2.0613254889995005
time in solving system 0.15448189600101614
time in solving system 0.13461788999848068
concluded in  6.380476735999764
Solving snapshot 0 260
36
time in solving system 2.01315708599941
time in solving system 0.14691959799893084
time in solving system 0.15750135900088935
concluded in  6.6922098960003495
Solving snapshot 0 261
36
time in solving system 2.042460905999178
time in solving system 0.15407952399982605
time in solving system 0.15158110300035332
concluded in  6.716389369999888
Solving snapshot 0 262
36
time in solving system 2.076861272000315
time in solving system 0.15698334599983355
time in solving system 0.1564151149996178
concluded in  6.432392188000449
Solving snapshot 0 263
36
time in solving system 2.1232102180001675
time in solving system 0.15797342100086098
time in solving system 0.15726166099921102
concluded in  6.901624469001035
Solving snapshot 0 264
36
time in solving system 2.1678769449990796
time in solving system 0.16791277999982412
time in solving system 0.20552128800045466
concluded in  6.573377939999773
Solving snapshot 0 265
36
time in solving system 2.282978549999825
time in solving system 0.17774940699928266
time in solving system 0.15300143099921115
concluded in  6.627434699001242
Solving snapshot 0 266
36
time in solving system 2.204697154000314
time in solving system 0.1837796960007836
time in solving system 0.18706375799956731
concluded in  6.602931864999846
Solving snapshot 0 267
36
time in solving system 2.3143195820011897
time in solving system 0.17690745400068408
time in solving system 0.1407059510002
concluded in  6.938833385998805
Solving snapshot 0 268
36
time in solving system 2.315728973999285
time in solving system 0.144656305999888
time in solving system 0.12093774300046789
concluded in  6.473849138001242
Solving snapshot 0 269
36
time in solving system 2.331707297998946
time in solving system 0.14531386799899337
time in solving system 0.11344016100156296
concluded in  6.903611212999749
Solving snapshot 0 270
36
time in solving system 2.165028704001088
time in solving system 0.16088282500095374
time in solving system 0.17587239700151258
concluded in  6.644939862000683
Solving snapshot 0 271
36
time in solving system 2.1554562159999477
time in solving system 0.15557052900112467
time in solving system 0.20251491400085797
concluded in  6.918463491998409
Solving snapshot 0 272
36
time in solving system 2.306666561000384
time in solving system 0.14577020999968227
time in solving system 0.1133598209999036
concluded in  6.812310849998539
Solving snapshot 0 273
36
time in solving system 2.2559250039994367
time in solving system 0.17529395500059763
time in solving system 0.15714238200052932
concluded in  6.621149513999626
Solving snapshot 0 274
36
time in solving system 2.0866467779997038
time in solving system 0.15724036400024488
time in solving system 0.15056081900002027
concluded in  6.4674450760012405
Solving snapshot 0 275
36
time in solving system 2.069224999000653
time in solving system 0.14616262500021548
time in solving system 0.15588077200118278
concluded in  6.423739554000349
Solving snapshot 0 276
36
time in solving system 2.2850871659993572
time in solving system 0.19042752600034873
time in solving system 0.14874051900005725
concluded in  6.896407834999991
Solving snapshot 0 277
36
time in solving system 2.2275885510007356
time in solving system 0.19561110199902032
time in solving system 0.14733688099840947
concluded in  6.87123645399879
Solving snapshot 0 278
36
time in solving system 2.326309788000799
time in solving system 0.1520085720003408
time in solving system 0.1254060279989062
concluded in  6.620207121000931
Solving snapshot 0 279
36
time in solving system 2.2061289489993214
time in solving system 0.1562191540015192
time in solving system 0.19496261199856235
concluded in  6.673071618999529
Solving snapshot 0 280
36
time in solving system 2.3305435790007323
time in solving system 0.12581736299944168
time in solving system 0.11543445800089103
concluded in  6.866656524998689
Solving snapshot 0 281
36
time in solving system 2.1722402890009107
time in solving system 0.1547382379994815
time in solving system 0.19418081699950562
concluded in  6.610416924000674
Solving snapshot 0 282
36
time in solving system 2.1761856650009577
time in solving system 0.1611156189992471
time in solving system 0.1608517419990676
concluded in  6.947611927000253
Solving snapshot 0 283
36
time in solving system 2.329367973999979
time in solving system 0.12413057100093283
time in solving system 0.11624242799916829
concluded in  6.955559709000227
Solving snapshot 0 284
36
time in solving system 2.289045307001288
time in solving system 0.1740786880000087
time in solving system 0.14117668400103867
concluded in  6.651819558999705
Solving snapshot 0 285
36
time in solving system 2.1515291050000087
time in solving system 0.15978870800063305
time in solving system 0.16383817399946565
concluded in  6.61641630899976
Solving snapshot 0 286
36
time in solving system 2.1709683839999343
time in solving system 0.1603418699996837
time in solving system 0.2221509099999821
concluded in  6.608811881998918
Solving snapshot 0 287
36
time in solving system 2.0915456200000335
time in solving system 0.16173288999925717
time in solving system 0.12912305700047
concluded in  6.382781979998981
Solving snapshot 0 288
36
time in solving system 2.0174744040014048
time in solving system 0.15246681300050113
time in solving system 0.15670002099977864
concluded in  6.4150031989993295
Solving snapshot 0 289
36
time in solving system 2.0507111759998224
time in solving system 0.15765409899904625
time in solving system 0.15462864899927808
concluded in  6.744878275998417
Solving snapshot 0 290
36
time in solving system 2.0374073700004374
time in solving system 0.14018601600037073
time in solving system 0.15370733800045855
concluded in  6.396794326999952
Solving snapshot 0 291
36
time in solving system 2.1728218759999436
time in solving system 0.15711307600031432
time in solving system 0.19738734500060673
concluded in  6.942645195000296
Solving snapshot 0 292
36
time in solving system 2.21089002699955
time in solving system 0.188785596001253
time in solving system 0.1582922449997568
concluded in  6.522178967999935
Solving snapshot 0 293
36
time in solving system 2.3387731410002743
time in solving system 0.1442370849999861
time in solving system 0.11269703799916897
concluded in  6.854318707999482
Solving snapshot 0 294
36
time in solving system 2.2171141799990437
time in solving system 0.15499088099932123
time in solving system 0.16792341800100985
concluded in  6.566193388998727
Solving snapshot 0 295
36
time in solving system 2.070730954999817
time in solving system 0.16525861000081932
time in solving system 0.15774805399996694
concluded in  6.516794835000837
Solving snapshot 0 296
36
time in solving system 2.0957608059998165
time in solving system 0.1600230570002168
time in solving system 0.14981219800029066
concluded in  6.484786459999668
Solving snapshot 0 297
36
time in solving system 2.057009014999494
time in solving system 0.15777278400128125
time in solving system 0.1325498999995034
concluded in  6.323467555001116
Solving snapshot 0 298
36
time in solving system 2.2668313559988746
time in solving system 0.16111329900013516
time in solving system 0.17410854199988535
concluded in  6.922747230999448
Solving snapshot 0 299
36
time in solving system 2.126641369999561
time in solving system 0.16210424299970327
time in solving system 0.2114647470007185
concluded in  6.891335825001079
[]
Not completed: []
