Solving not completed simulation: 0-th chance
Solving snapshot 0 0
36
time in solving system 2.6436896640007035
time in solving system 0.09732158299448201
time in solving system 0.09395762799977092
concluded in  7.0074403769976925
Solving snapshot 0 1
36
time in solving system 2.040828559001966
time in solving system 0.10542076900310349
time in solving system 0.09921882700291462
concluded in  6.252186352001445
Solving snapshot 0 2
36
time in solving system 2.0309594709979137
time in solving system 0.10404132099938579
time in solving system 0.10239071300020441
concluded in  6.27137161900464
Solving snapshot 0 3
36
time in solving system 2.0701958349964116
time in solving system 0.10100479100219673
time in solving system 0.09922575499513187
concluded in  6.617316112999106
Solving snapshot 0 4
36
time in solving system 2.5026179589985986
time in solving system 0.10182212299696403
time in solving system 0.09477266300382325
concluded in  7.12157047099754
Solving snapshot 0 5
36
time in solving system 2.045273563999217
time in solving system 0.10247847400023602
time in solving system 0.09415441299643135
concluded in  6.1777859939975315
Solving snapshot 0 6
36
time in solving system 3.2511963529977947
time in solving system 0.10746701700554695
time in solving system 0.10326773399719968
concluded in  8.152275642998575
Solving snapshot 0 7
36
time in solving system 2.2704016380012035
time in solving system 0.10085235500446288
time in solving system 0.09953619899897603
concluded in  9.399581836005382
Solving snapshot 0 8
36
time in solving system 2.820570443000179
time in solving system 0.116132158000255
time in solving system 0.11407445400254801
concluded in  9.07319256199844
Solving snapshot 0 9
36
time in solving system 3.1528421510010958
time in solving system 0.11150438200274948
time in solving system 0.10493151599803241
concluded in  9.664579545999004
Solving snapshot 0 10
36
time in solving system 2.4359739709980204
time in solving system 0.12176923300285125
time in solving system 0.10957969199807849
concluded in  8.861948047000624
Solving snapshot 0 11
36
time in solving system 2.052816355993855
time in solving system 0.12248214900318999
time in solving system 0.10463307399913901
concluded in  7.580735716001072
Solving snapshot 0 12
36
time in solving system 2.4179587500038906
time in solving system 0.11480285699508386
time in solving system 0.11142099999415223
concluded in  8.345379834994674
Solving snapshot 0 13
36
time in solving system 3.2708491349985707
time in solving system 0.15023836299951654
time in solving system 0.12468279899621848
concluded in  8.543191960998229
Solving snapshot 0 14
36
time in solving system 4.159726236001006
time in solving system 0.1105926929958514
time in solving system 0.10604743200383382
concluded in  9.009199608000927
Solving snapshot 0 15
36
time in solving system 4.185192375996849
time in solving system 0.12638258600054542
time in solving system 0.11702746900118655
concluded in  8.479910075999214
Solving snapshot 0 16
36
time in solving system 3.839311028001248
time in solving system 0.11409259399806615
time in solving system 0.11523143500380684
concluded in  8.231168479003827
Solving snapshot 0 17
36
time in solving system 3.245191400004842
time in solving system 0.11590324900316773
time in solving system 0.11785159200371709
concluded in  7.617720502996235
Solving snapshot 0 18
36
time in solving system 4.183624796001823
time in solving system 0.1451192969980184
time in solving system 0.2506837929977337
concluded in  8.00505550699745
Solving snapshot 0 19
36
time in solving system 5.228948439005762
time in solving system 0.245170046997373
time in solving system 0.23157610899943393
concluded in  9.057842273999995
Solving snapshot 0 20
36
time in solving system 2.935375813001883
time in solving system 0.12112917600461515
time in solving system 0.10740993299987167
concluded in  6.853678722996847
Solving snapshot 0 21
36
time in solving system 3.1947351839990006
time in solving system 0.2735616749996552
time in solving system 0.24832201899698703
concluded in  7.934184403995459
Solving snapshot 0 22
36
time in solving system 3.7171820770017803
time in solving system 0.12321547399915289
time in solving system 0.11820658900251146
concluded in  7.446778975994675
Solving snapshot 0 23
36
time in solving system 4.350992934007081
time in solving system 0.1144138390009175
time in solving system 0.12047287699533626
concluded in  8.599889076998807
Solving snapshot 0 24
36
time in solving system 2.4253386030031834
time in solving system 0.11074092699709581
time in solving system 0.15359819700097432
concluded in  7.734384561998013
Solving snapshot 0 25
36
time in solving system 2.926584205000836
time in solving system 0.10578998999699252
time in solving system 0.10976111300260527
concluded in  7.191685384001175
Solving snapshot 0 26
36
time in solving system 4.93837043500389
time in solving system 0.11381609299860429
time in solving system 0.12917659899540013
concluded in  9.231537211999239
Solving snapshot 0 27
36
time in solving system 4.608259075997921
time in solving system 0.11930772499908926
time in solving system 0.11465233700437238
concluded in  8.806969491000928
Solving snapshot 0 28
36
time in solving system 4.26050688399846
time in solving system 0.12230884900054662
time in solving system 0.11682467799982987
concluded in  8.660177527999622
Solving snapshot 0 29
36
time in solving system 3.868477438998525
time in solving system 0.11682590599957621
time in solving system 0.15563972900417866
concluded in  9.416999003995443
Solving snapshot 0 30
36
time in solving system 3.010371309996117
time in solving system 0.24087017199781258
time in solving system 0.21957661499618553
concluded in  7.59840853499918
Solving snapshot 0 31
36
time in solving system 4.169147131004138
time in solving system 0.22779362800065428
time in solving system 0.28624941800080705
concluded in  8.92315549900377
Solving snapshot 0 32
36
time in solving system 4.057781547002378
time in solving system 0.183574034999765
time in solving system 0.2886957219961914
concluded in  8.402434352996352
Solving snapshot 0 33
36
time in solving system 3.948063121002633
time in solving system 0.21266175899654627
time in solving system 0.13009576199692674
concluded in  8.172074212001462
Solving snapshot 0 34
36
time in solving system 5.132584833998408
time in solving system 0.2363819589954801
time in solving system 0.3326240699971095
concluded in  9.124338601002819
Solving snapshot 0 35
36
time in solving system 5.143447656002536
time in solving system 0.10312031299690716
time in solving system 0.1059810849983478
concluded in  9.651198118997854
Solving snapshot 0 36
36
time in solving system 2.9140669889966375
time in solving system 0.11954347400023835
time in solving system 0.11267649100045674
concluded in  9.01824665300228
Solving snapshot 0 37
36
time in solving system 3.0221011050016386
time in solving system 0.17808847400010563
time in solving system 0.11015461300121387
concluded in  8.676575893994595
Solving snapshot 0 38
36
time in solving system 3.976545705998433
time in solving system 0.18046084199886536
time in solving system 0.11458138099987991
concluded in  8.559564002003754
Solving snapshot 0 39
36
time in solving system 4.665605689006043
time in solving system 0.22840166399691952
time in solving system 0.10968135499570053
concluded in  8.451618844999757
Solving snapshot 0 40
36
time in solving system 3.38561487300467
time in solving system 0.11494917800155235
time in solving system 0.1806339129980188
concluded in  7.376858137002273
Solving snapshot 0 41
36
time in solving system 4.205263119998563
time in solving system 0.11891904599906411
time in solving system 0.14559456200368004
concluded in  8.449560458000633
Solving snapshot 0 42
36
time in solving system 3.6627608890048577
time in solving system 0.13492569600202842
time in solving system 0.10718199700204423
concluded in  8.4956517669998
Solving snapshot 0 43
36
time in solving system 2.7665072090021567
time in solving system 0.13146329099981813
time in solving system 0.11994208000396611
concluded in  7.924688163002429
Solving snapshot 0 44
36
time in solving system 3.668962052994175
time in solving system 0.23314179900626186
time in solving system 0.2591298379993532
concluded in  9.536843385001703
Solving snapshot 0 45
36
time in solving system 3.9908859269999084
time in solving system 0.1973565470034373
time in solving system 0.1096398970039445
concluded in  7.970599890002632
Solving snapshot 0 46
36
time in solving system 3.3877171460044337
time in solving system 0.22487838600500254
time in solving system 0.2227235929967719
concluded in  9.245498358999612
Solving snapshot 0 47
36
time in solving system 3.8988257910023094
time in solving system 0.12919682999927318
time in solving system 0.10130471799493534
concluded in  8.089691418004804
Solving snapshot 0 48
36
time in solving system 2.691518603998702
time in solving system 0.10895357399567729
time in solving system 0.10959741199621931
concluded in  7.498322893996374
Solving snapshot 0 49
36
time in solving system 5.009096993999265
time in solving system 0.12152744599734433
time in solving system 0.12920607600244693
concluded in  9.65799138899456
Solving snapshot 0 50
36
time in solving system 4.2058710679993965
time in solving system 0.11367956900357967
time in solving system 0.1746680389987887
concluded in  9.853716671001166
Solving snapshot 0 51
36
time in solving system 3.7761284000007436
time in solving system 0.11871786499978043
time in solving system 0.11022198099817615
concluded in  8.425479372999689
Solving snapshot 0 52
36
time in solving system 2.3202829319998273
time in solving system 0.10968934500124305
time in solving system 0.10431806599808624
concluded in  7.745656658997177
Solving snapshot 0 53
36
time in solving system 3.2611535270043532
time in solving system 0.1263721040013479
time in solving system 0.10962342399579939
concluded in  9.278025077001075
Solving snapshot 0 54
36
time in solving system 2.5471355259942356
time in solving system 0.14321895699686138
time in solving system 0.12423752599715954
concluded in  7.9496806360039045
Solving snapshot 0 55
36
time in solving system 2.585429846003535
time in solving system 0.10767622399725951
time in solving system 0.10728132399526658
concluded in  8.007007036998402
Solving snapshot 0 56
36
time in solving system 2.879661429004045
time in solving system 0.24817205999715952
time in solving system 0.2488081109986524
concluded in  9.019837600004394
Solving snapshot 0 57
36
time in solving system 2.245931505000044
time in solving system 0.10084773999551544
time in solving system 0.11420468200230971
concluded in  7.036875206002151
Solving snapshot 0 58
36
time in solving system 2.925577866997628
time in solving system 0.23671566999837523
time in solving system 0.13134740999521455
concluded in  7.210218194995832
Solving snapshot 0 59
36
time in solving system 2.9651261310064
time in solving system 0.11857037500158185
time in solving system 0.21962111700122477
concluded in  8.37988726599724
Solving snapshot 0 60
36
time in solving system 2.4418354709996493
time in solving system 0.23878605499339756
time in solving system 0.2323185889981687
concluded in  8.381837764005468
Solving snapshot 0 61
36
time in solving system 3.0672163010021904
time in solving system 0.11010025800351286
time in solving system 0.15995206899970071
concluded in  8.178246912000759
Solving snapshot 0 62
36
time in solving system 2.7219735690014204
time in solving system 0.13131182199867908
time in solving system 0.11500593200617004
concluded in  7.685186574999534
Solving snapshot 0 63
36
time in solving system 2.528990145001444
time in solving system 0.11852415899920743
time in solving system 0.11376446100621251
concluded in  7.760384522000095
Solving snapshot 0 64
36
time in solving system 3.8221090549996006
time in solving system 0.11611763999826508
time in solving system 0.1059016859944677
concluded in  9.005308595995302
Solving snapshot 0 65
36
time in solving system 3.2090473660064163
time in solving system 0.11038891800126294
time in solving system 0.11337377500603907
concluded in  9.015778810004122
Solving snapshot 0 66
36
time in solving system 2.5946068780031055
time in solving system 0.12656226399849402
time in solving system 0.1227480640009162
concluded in  8.169058430001314
Solving snapshot 0 67
36
time in solving system 2.9674188169956324
time in solving system 0.12146498299989616
time in solving system 0.10837208100565476
concluded in  7.473218404004001
Solving snapshot 0 68
36
time in solving system 2.4977541039988864
time in solving system 0.20789871099987067
time in solving system 0.23206987399316859
concluded in  8.096558201003063
Solving snapshot 0 69
36
time in solving system 2.9221878979951725
time in solving system 0.10737851900194073
time in solving system 0.10932595600024797
concluded in  7.248069536995899
Solving snapshot 0 70
36
time in solving system 2.265693758999987
time in solving system 0.09521377999772085
time in solving system 0.09303776900196681
concluded in  6.308315258000221
Solving snapshot 0 71
36
time in solving system 2.555061420003767
time in solving system 0.1232340659989859
time in solving system 0.1146943259955151
concluded in  7.074435092996282
Solving snapshot 0 72
36
time in solving system 2.2099452120019123
time in solving system 0.10347328899661079
time in solving system 0.10259673900145572
concluded in  7.135570623999229
Solving snapshot 0 73
36
time in solving system 3.139458812001976
time in solving system 0.10495132800133433
time in solving system 0.10278084300080081
concluded in  8.823963518996607
Solving snapshot 0 74
36
time in solving system 3.399317934003193
time in solving system 0.18961765200219816
time in solving system 0.11355812099645846
concluded in  7.603931117002503
Solving snapshot 0 75
36
time in solving system 3.117772760000662
time in solving system 0.11766254599933745
time in solving system 0.11111147399788024
concluded in  6.525064976995054
Solving snapshot 0 76
36
time in solving system 3.4564374169931398
time in solving system 0.12975567799730925
time in solving system 0.11541799000406172
concluded in  7.265822046007088
Solving snapshot 0 77
36
time in solving system 2.6459520130010787
time in solving system 0.14316427300218493
time in solving system 0.22596031700231833
concluded in  7.228573891996348
Solving snapshot 0 78
36
time in solving system 3.0784570969990455
time in solving system 0.10966068199923029
time in solving system 0.11599783600104274
concluded in  7.670068150997395
Solving snapshot 0 79
36
time in solving system 4.319418115002918
time in solving system 0.11125978000200121
time in solving system 0.10958577699784655
concluded in  8.275678220998088
Solving snapshot 0 80
36
time in solving system 4.337442059004388
time in solving system 0.109849435997603
time in solving system 0.10806470500392606
concluded in  8.515256131999195
Solving snapshot 0 81
36
time in solving system 5.014847411002847
time in solving system 0.15910451600211672
time in solving system 0.11177468900132226
concluded in  8.559583968002698
Solving snapshot 0 82
36
time in solving system 4.347180761003983
time in solving system 0.24996912100323243
time in solving system 0.17249065399664687
concluded in  8.34143856800074
Solving snapshot 0 83
36
time in solving system 3.9267458629983594
time in solving system 0.32493444900319446
time in solving system 0.25249271299981046
concluded in  8.116369057002885
Solving snapshot 0 84
36
time in solving system 3.656923755996104
time in solving system 0.1650441480014706
time in solving system 0.12122301600174978
concluded in  7.157697258997359
Solving snapshot 0 85
36
time in solving system 4.737885627997457
time in solving system 0.11055159100214951
time in solving system 0.11426432800362818
concluded in  8.315247515994997
Solving snapshot 0 86
36
time in solving system 4.380334175002645
time in solving system 0.10901998100598576
time in solving system 0.10182896300102584
concluded in  9.068802729998424
Solving snapshot 0 87
36
time in solving system 4.872232569003245
time in solving system 0.11121933400136186
time in solving system 0.11109567599487491
concluded in  9.520764049004356
Solving snapshot 0 88
36
time in solving system 4.9595596309955
time in solving system 0.11224895200575702
time in solving system 0.1200135129984119
concluded in  9.277278341003694
Solving snapshot 0 89
36
time in solving system 3.468503131000034
time in solving system 0.1107426230009878
time in solving system 0.11864297300053295
concluded in  7.930866689996037
Solving snapshot 0 90
36
time in solving system 4.397682291993988
time in solving system 0.1732470800052397
time in solving system 0.20360148000327172
concluded in  8.360464142999263
Solving snapshot 0 91
36
time in solving system 4.843355222001264
time in solving system 0.11423866800032556
time in solving system 0.11239193499932298
concluded in  8.278999474998272
Solving snapshot 0 92
36
time in solving system 4.13775128400448
time in solving system 0.11155323799903272
time in solving system 0.10678349900263129
concluded in  7.6244659750009305
Solving snapshot 0 93
36
time in solving system 5.083928193998872
time in solving system 0.14723841899831314
time in solving system 0.11208972899476066
concluded in  9.197354634001385
Solving snapshot 0 94
36
time in solving system 4.933949120997568
time in solving system 0.11640052799339173
time in solving system 0.11443259099905845
concluded in  9.05031365800096
Solving snapshot 0 95
36
time in solving system 5.117566713997803
time in solving system 0.13738099300098838
time in solving system 0.1220789959988906
concluded in  8.934279451001203
Solving snapshot 0 96
36
time in solving system 4.384188677999191
time in solving system 0.12065414099924965
time in solving system 0.11712344899569871
concluded in  7.940847147001477
Solving snapshot 0 97
36
time in solving system 5.248741309995239
time in solving system 0.1780472410027869
time in solving system 0.12065171499853022
concluded in  9.188551491002727
Solving snapshot 0 98
36
time in solving system 4.452499589999206
time in solving system 0.25366642999870237
time in solving system 0.1438945209956728
concluded in  8.390555375997792
Solving snapshot 0 99
36
time in solving system 3.847143677994609
time in solving system 0.27515400200354634
time in solving system 0.4066851489988039
concluded in  7.655450190999545
Solving snapshot 0 100
36
time in solving system 3.9005556929987506
time in solving system 0.27128717899904586
time in solving system 0.3034603780033649
concluded in  7.641386360002798
Solving snapshot 0 101
36
time in solving system 4.781964117995813
time in solving system 0.11395870999695035
time in solving system 0.1240316379989963
concluded in  8.064689382001234
Solving snapshot 0 102
36
time in solving system 3.9752263960035634
time in solving system 0.43691007800225634
time in solving system 0.26944173099764157
concluded in  8.660978421001346
Solving snapshot 0 103
36
time in solving system 3.9748895239972626
time in solving system 0.39248108699393924
time in solving system 0.13132488599512726
concluded in  7.946591020998312
Solving snapshot 0 104
36
time in solving system 4.59482318800292
time in solving system 0.26844110499951057
time in solving system 0.23486836099618813
concluded in  8.681320085997868
Solving snapshot 0 105
36
time in solving system 4.161178030997689
time in solving system 0.1627225299962447
time in solving system 0.11622769400128163
concluded in  7.966686250001658
Solving snapshot 0 106
36
time in solving system 3.369659520998539
time in solving system 0.247747380999499
time in solving system 0.11487072499585338
concluded in  7.037170814997808
Solving snapshot 0 107
36
time in solving system 4.368232581000484
time in solving system 0.12632173900055932
time in solving system 0.11686475299939048
concluded in  8.037446207999892
Solving snapshot 0 108
36
time in solving system 3.7303194950000034
time in solving system 0.15205934499681462
time in solving system 0.11421611599507742
concluded in  8.235934046999319
Solving snapshot 0 109
36
time in solving system 4.061079627004801
time in solving system 0.12027012200269382
time in solving system 0.11678774699976202
concluded in  8.711566373000096
Solving snapshot 0 110
36
time in solving system 3.0706472669990035
time in solving system 0.11558780600171303
time in solving system 0.17504779499722645
concluded in  6.898172887995315
Solving snapshot 0 111
36
time in solving system 4.6984242309990805
time in solving system 0.11976227900595404
time in solving system 0.21432526200078428
concluded in  9.355881514995417
Solving snapshot 0 112
36
time in solving system 4.9974620930006495
time in solving system 0.16039976699539693
time in solving system 0.10519573900091927
concluded in  10.04279894100182
Solving snapshot 0 113
36
time in solving system 4.403799040999729
time in solving system 0.10621371800516499
time in solving system 0.14053271699958714
concluded in  9.323046475998126
Solving snapshot 0 114
36
time in solving system 3.8036753020060132
time in solving system 0.11226105900277616
time in solving system 0.14439212700381177
concluded in  8.029108572998666
Solving snapshot 0 115
36
time in solving system 3.724376416001178
time in solving system 0.11323088200151687
time in solving system 0.12451577300089411
concluded in  9.209417824997217
Solving snapshot 0 116
36
time in solving system 4.966160882002441
time in solving system 0.11549770699639339
time in solving system 0.11671708400535863
concluded in  9.173777875999804
Solving snapshot 0 117
36
time in solving system 4.483044567001343
time in solving system 0.10582307000004221
time in solving system 0.11841986900253687
concluded in  8.30116788399755
Solving snapshot 0 118
36
time in solving system 4.717936717999692
time in solving system 0.12675626300188014
time in solving system 0.1236209639973822
concluded in  8.452123424001911
Solving snapshot 0 119
36
time in solving system 4.5602942099940265
time in solving system 0.113815546996193
time in solving system 0.10031831100059208
concluded in  8.534632243994565
Solving snapshot 0 120
36
time in solving system 2.9890256020007655
time in solving system 0.1493815590001759
time in solving system 0.11159289799979888
concluded in  7.211083491994941
Solving snapshot 0 121
36
time in solving system 4.484162243003084
time in solving system 0.1160608999998658
time in solving system 0.10800140100036515
concluded in  9.236516298005881
Solving snapshot 0 122
36
time in solving system 3.8354179479938466
time in solving system 0.15118204100144794
time in solving system 0.11084735199983697
concluded in  7.809978609002428
Solving snapshot 0 123
36
time in solving system 4.856144941004459
time in solving system 0.10668474200065248
time in solving system 0.11593805000302382
concluded in  9.414109691999329
Solving snapshot 0 124
36
time in solving system 4.239283358998364
time in solving system 0.1062942490025307
time in solving system 0.12743640600092476
concluded in  8.7545977569971
Solving snapshot 0 125
36
time in solving system 3.400361965999764
time in solving system 0.13640971599670593
time in solving system 0.10415358500176808
concluded in  8.3974553789958
Solving snapshot 0 126
36
time in solving system 3.186422703998687
time in solving system 0.24328562599839643
time in solving system 0.2699964009952964
concluded in  8.179791000999103
Solving snapshot 0 127
36
time in solving system 4.224991602997761
time in solving system 0.23935762000473915
time in solving system 0.23165792500367388
concluded in  8.533142044994747
Solving snapshot 0 128
36
time in solving system 3.474524006996944
time in solving system 0.11636395300592994
time in solving system 0.10344757799612125
concluded in  7.216105027000594
Solving snapshot 0 129
36
time in solving system 3.176675687995157
time in solving system 0.11406013899977552
time in solving system 0.10828170800232328
concluded in  8.048903778006206
Solving snapshot 0 130
36
time in solving system 4.458264802000485
time in solving system 0.10783410400472349
time in solving system 0.1105000219977228
concluded in  9.329684356001962
Solving snapshot 0 131
36
time in solving system 3.284731797000859
time in solving system 0.10302989200135926
time in solving system 0.11609556500479812
concluded in  8.539769868999429
Solving snapshot 0 132
36
time in solving system 3.5716536679974524
time in solving system 0.12866957299411297
time in solving system 0.11141485499683768
concluded in  8.543133182996826
Solving snapshot 0 133
36
time in solving system 3.862835289000941
time in solving system 0.11178270100208465
time in solving system 0.13455048600008013
concluded in  9.947702476005361
Solving snapshot 0 134
36
time in solving system 2.7989111979986774
time in solving system 0.10264140799699817
time in solving system 0.10481325099681271
concluded in  7.422675132998847
Solving snapshot 0 135
36
time in solving system 2.0248338090023026
time in solving system 0.10738059999857796
time in solving system 0.10908452999865403
concluded in  6.636330057001032
Solving snapshot 0 136
36
time in solving system 2.325295868999092
time in solving system 0.10416941800212953
time in solving system 0.10166035199654289
concluded in  7.765351163005107
Solving snapshot 0 137
36
time in solving system 2.9113104839998414
time in solving system 0.12513665100414073
time in solving system 0.1131675950018689
concluded in  8.322843196001486
Solving snapshot 0 138
36
time in solving system 2.6358336479970603
time in solving system 0.21712643000500975
time in solving system 0.2384101310017286
concluded in  7.352085478996742
Solving snapshot 0 139
36
time in solving system 2.586120756001037
time in solving system 0.10696115599421319
time in solving system 0.10947938000026625
concluded in  7.731443687000137
Solving snapshot 0 140
36
time in solving system 2.1473122450042865
time in solving system 0.10842811800102936
time in solving system 0.10156861799623584
concluded in  6.727283664004062
Solving snapshot 0 141
36
time in solving system 2.060839412995847
time in solving system 0.1141964719936368
time in solving system 0.10787179800536251
concluded in  7.951328319999448
Solving snapshot 0 142
36
time in solving system 2.385664902998542
time in solving system 0.10785870200197678
time in solving system 0.11096335099864518
concluded in  7.934585178001726
Solving snapshot 0 143
36
time in solving system 3.0413173329943675
time in solving system 0.10778544099594001
time in solving system 0.10951847700198414
concluded in  8.391639882000163
Solving snapshot 0 144
36
time in solving system 4.673459735000506
time in solving system 0.11275737399409991
time in solving system 0.13234920999821043
concluded in  9.657038525001553
Solving snapshot 0 145
36
time in solving system 3.5722000430032494
time in solving system 0.13223729399760487
time in solving system 0.11205696199613158
concluded in  8.396260325003823
Solving snapshot 0 146
36
time in solving system 4.2495699409992085
time in solving system 0.11929166300251381
time in solving system 0.11979885800246848
concluded in  8.634112480001932
Solving snapshot 0 147
36
time in solving system 3.1627603610031656
time in solving system 0.10527459600416478
time in solving system 0.10798458700446645
concluded in  7.003094773004705
Solving snapshot 0 148
36
time in solving system 3.247282992997498
time in solving system 0.10245594300067751
time in solving system 0.11424716799956514
concluded in  8.07355825400009
Solving snapshot 0 149
36
time in solving system 4.7681655019987375
time in solving system 0.2449383229977684
time in solving system 0.22879731399734737
concluded in  10.211610037003993
Solving snapshot 0 150
36
time in solving system 2.6048667219947674
time in solving system 0.11578088500391459
time in solving system 0.13827022300392855
concluded in  7.674675875001412
Solving snapshot 0 151
36
time in solving system 2.126363944997138
time in solving system 0.11202215700177476
time in solving system 0.11873208299948601
concluded in  6.839678718999494
Solving snapshot 0 152
36
time in solving system 2.765065815001435
time in solving system 0.23446234600123717
time in solving system 0.26365388599515427
concluded in  8.32408765299624
Solving snapshot 0 153
36
time in solving system 3.475604913001007
time in solving system 0.11536522000096738
time in solving system 0.1107490550057264
concluded in  8.232155624995357
Solving snapshot 0 154
36
time in solving system 2.1436534820022644
time in solving system 0.15358222000213573
time in solving system 0.10348784399684519
concluded in  6.359756213001674
Solving snapshot 0 155
36
time in solving system 2.2636153439962072
time in solving system 0.11001549700449686
time in solving system 0.10548064300382975
concluded in  7.299413799999456
Solving snapshot 0 156
36
time in solving system 2.417973309995432
time in solving system 0.14739376199577237
time in solving system 0.10557803999836324
concluded in  8.103113990000566
Solving snapshot 0 157
36
time in solving system 2.322827635005524
time in solving system 0.1133177279989468
time in solving system 0.10778324399871053
concluded in  7.773326721995545
Solving snapshot 0 158
36
time in solving system 2.263594160001958
time in solving system 0.11603620900132228
time in solving system 0.10128881499986164
concluded in  8.683168385003228
Solving snapshot 0 159
36
time in solving system 2.7245137260033516
time in solving system 0.11515801300265593
time in solving system 0.10327123800379923
concluded in  8.351033131002623
Solving snapshot 0 160
36
time in solving system 1.9959861180032021
time in solving system 0.1663177789960173
time in solving system 0.12760852399514988
concluded in  7.85062022999773
Solving snapshot 0 161
36
time in solving system 2.423903237999184
time in solving system 0.11352285299653886
time in solving system 0.10697453400644008
concluded in  8.314484675996937
Solving snapshot 0 162
36
time in solving system 2.7633975360004115
time in solving system 0.10678728300263174
time in solving system 0.10183730499556987
concluded in  8.777560424001422
Solving snapshot 0 163
36
time in solving system 2.702967664998141
time in solving system 0.12301087800005917
time in solving system 0.11188347300048918
concluded in  8.529282117997354
Solving snapshot 0 164
36
time in solving system 2.142423912002414
time in solving system 0.10704967800120357
time in solving system 0.10970202700264053
concluded in  7.773825258002034
Solving snapshot 0 165
36
time in solving system 2.200200829000096
time in solving system 0.09314507099770708
time in solving system 0.1013007510046009
concluded in  7.980296119996638
Solving snapshot 0 166
36
time in solving system 2.680865886999527
time in solving system 0.1206942179996986
time in solving system 0.1095065670015174
concluded in  8.633675430995936
Solving snapshot 0 167
36
time in solving system 3.703986442000314
time in solving system 0.11549570599891013
time in solving system 0.11532197199994698
concluded in  9.072667410997383
Solving snapshot 0 168
36
time in solving system 2.1155241939995904
time in solving system 0.10608352199778892
time in solving system 0.10035081199748674
concluded in  5.709501786994224
Solving snapshot 0 169
36
time in solving system 2.476258943002904
time in solving system 0.10398830399935832
time in solving system 0.10996712499763817
concluded in  7.14961706000031
Solving snapshot 0 170
36
time in solving system 2.706776737999462
time in solving system 0.11919733299873769
time in solving system 0.1154399890001514
concluded in  7.594543324004917
Solving snapshot 0 171
36
time in solving system 3.0066362969955662
time in solving system 0.26620365600683726
time in solving system 0.2911495419975836
concluded in  7.583496708000894
Solving snapshot 0 172
36
time in solving system 2.58948264799983
time in solving system 0.14569528699939838
time in solving system 0.293865002997336
concluded in  7.096674108004663
Solving snapshot 0 173
36
time in solving system 2.8650622659988585
time in solving system 0.15464090499881422
time in solving system 0.24411755499750143
concluded in  7.393911336999736
Solving snapshot 0 174
36
time in solving system 3.260604112998408
time in solving system 0.12199189199600369
time in solving system 0.11953749300300842
concluded in  8.062600581004517
Solving snapshot 0 175
36
time in solving system 2.971508923001238
time in solving system 0.11477500099863391
time in solving system 0.11315885999647435
concluded in  6.878378845998668
Solving snapshot 0 176
36
time in solving system 3.831910473003518
time in solving system 0.13040215899673058
time in solving system 0.11925214099755976
concluded in  7.941994414999499
Solving snapshot 0 177
36
time in solving system 3.55095051999524
time in solving system 0.11046915499900933
time in solving system 0.10960888899717247
concluded in  7.055430904001696
Solving snapshot 0 178
36
time in solving system 4.4924156599954586
time in solving system 0.10850574900541687
time in solving system 0.10965112400299404
concluded in  8.860532474995125
Solving snapshot 0 179
36
time in solving system 3.207452953000029
time in solving system 0.16157868599839276
time in solving system 0.1118477440031711
concluded in  7.872295793997182
Solving snapshot 0 180
36
time in solving system 4.099232688000484
time in solving system 0.12145153899473371
time in solving system 0.11727864600106841
concluded in  8.468546522999532
Solving snapshot 0 181
36
time in solving system 5.4284851039992645
time in solving system 0.11747615999775007
time in solving system 0.11604033799812896
concluded in  9.020689170996775
Solving snapshot 0 182
36
time in solving system 4.651643855999282
time in solving system 0.11422557599871652
time in solving system 0.10824025500187417
concluded in  9.808241314000043
Solving snapshot 0 183
36
time in solving system 4.4395901130046695
time in solving system 0.11421289900317788
time in solving system 0.13070132799475687
concluded in  11.068233292993682
Solving snapshot 0 184
36
time in solving system 3.1378915710010915
time in solving system 0.12699790500482777
time in solving system 0.10895931300183292
concluded in  9.599305353003729
Solving snapshot 0 185
36
time in solving system 2.2900782199940295
time in solving system 0.11011557900201296
time in solving system 0.1264274170025601
concluded in  7.978108025003166
Solving snapshot 0 186
36
time in solving system 2.6403113929991378
time in solving system 0.10108197200315772
time in solving system 0.11002998299954925
concluded in  8.364835396001581
Solving snapshot 0 187
36
time in solving system 4.568683033998241
time in solving system 0.13885321300040232
time in solving system 0.11590912500105333
concluded in  8.666777692000323
Solving snapshot 0 188
36
time in solving system 4.289131400997576
time in solving system 0.11622231799992733
time in solving system 0.14476835599634796
concluded in  7.984164198001963
Solving snapshot 0 189
36
time in solving system 4.642305732995737
time in solving system 0.11789394199877279
time in solving system 0.1113216250014375
concluded in  8.579395266002393
Solving snapshot 0 190
36
time in solving system 5.455601396999555
time in solving system 0.11529938699823106
time in solving system 0.1073149910007487
concluded in  9.433931521998602
Solving snapshot 0 191
36
time in solving system 3.8093782540017855
time in solving system 0.11755270499998005
time in solving system 0.1088675989958574
concluded in  8.122452010000416
Solving snapshot 0 192
36
time in solving system 3.439121660005185
time in solving system 0.11359004200494383
time in solving system 0.12997041199560044
concluded in  8.522542508995684
Solving snapshot 0 193
36
time in solving system 4.912011382999481
time in solving system 0.11477770500641782
time in solving system 0.11521782499767141
concluded in  9.817864930999349
Solving snapshot 0 194
36
time in solving system 2.577770310002961
time in solving system 0.1123122780045378
time in solving system 0.10812063499906799
concluded in  8.183909097999276
Solving snapshot 0 195
36
time in solving system 3.088083419999748
time in solving system 0.12853746500331908
time in solving system 0.10809691300528357
concluded in  8.987643754997407
Solving snapshot 0 196
36
time in solving system 2.437572169001214
time in solving system 0.14427047400386073
time in solving system 0.10111892299755709
concluded in  8.537636237000697
Solving snapshot 0 197
36
time in solving system 2.8497519099983037
time in solving system 0.1124314240005333
time in solving system 0.10640074600087246
concluded in  9.449035767000169
Solving snapshot 0 198
36
time in solving system 3.052198168996256
time in solving system 0.17877167100232327
time in solving system 0.18914928100275574
concluded in  8.511638214004051
Solving snapshot 0 199
36
time in solving system 4.09214264399634
time in solving system 0.330711941998743
time in solving system 0.2466830050034332
concluded in  8.295530048002547
Solving snapshot 0 200
36
time in solving system 2.3446781849997933
time in solving system 0.11416815200209385
time in solving system 0.11729578900121851
concluded in  5.953760615004285
Solving snapshot 0 201
36
time in solving system 3.140497376996791
time in solving system 0.13548217200150248
time in solving system 0.10280162600247422
concluded in  7.35133235000103
Solving snapshot 0 202
36
time in solving system 2.906046112002514
time in solving system 0.11715682900103275
time in solving system 0.10790269499557326
concluded in  8.788246537995292
Solving snapshot 0 203
36
time in solving system 3.003360930000781
time in solving system 0.10438710499875015
time in solving system 0.11293824199674418
concluded in  7.972749090004072
Solving snapshot 0 204
36
time in solving system 3.4165341930056456
time in solving system 0.150454342001467
time in solving system 0.19052096300583798
concluded in  8.887186485997518
Solving snapshot 0 205
36
time in solving system 2.7321884090051753
time in solving system 0.12063870099518681
time in solving system 0.12397247799526667
concluded in  7.610986954998225
Solving snapshot 0 206
36
time in solving system 3.284690287997364
time in solving system 0.22479377200215822
time in solving system 0.22747207199427066
concluded in  7.424517676998221
Solving snapshot 0 207
36
time in solving system 2.5588699500003713
time in solving system 0.11996493200422265
time in solving system 0.11445253099373076
concluded in  5.930958618002478
Solving snapshot 0 208
36
time in solving system 3.1122944980015745
time in solving system 0.32028016499680234
time in solving system 0.4086663759953808
concluded in  7.386859682999784
Solving snapshot 0 209
36
time in solving system 2.3308998279972
time in solving system 0.3418013769987738
time in solving system 0.2521852689969819
concluded in  6.479270732001169
Solving snapshot 0 210
36
time in solving system 4.618942057997629
time in solving system 0.23741290399630088
time in solving system 0.23310650400526356
concluded in  8.236995480001497
Solving snapshot 0 211
36
time in solving system 4.066475411003921
time in solving system 0.2404623500042362
time in solving system 0.24661752399697434
concluded in  7.839304640001501
Solving snapshot 0 212
36
time in solving system 3.305553542006237
time in solving system 0.1890898549972917
time in solving system 0.31184830900019733
concluded in  7.1529688439986785
Solving snapshot 0 213
36
time in solving system 4.108007743998314
time in solving system 0.11072766500001308
time in solving system 0.15606734799803235
concluded in  9.020904791999783
Solving snapshot 0 214
36
time in solving system 3.8194196989934426
time in solving system 0.11518710999371251
time in solving system 0.1297379390016431
concluded in  8.32101437500387
Solving snapshot 0 215
36
time in solving system 3.366397900004813
time in solving system 0.274151356999937
time in solving system 0.23778903700440424
concluded in  7.3384382799995365
Solving snapshot 0 216
36
time in solving system 3.835440347000258
time in solving system 0.11562227299873484
time in solving system 0.1767453169959481
concluded in  8.006127246000688
Solving snapshot 0 217
36
time in solving system 4.201060877996497
time in solving system 0.11722018699947512
time in solving system 0.11311742499674438
concluded in  8.220185760001186
Solving snapshot 0 218
36
time in solving system 4.528820778999943
time in solving system 0.09721585999795934
time in solving system 0.10504593099904014
concluded in  9.902702638995834
Solving snapshot 0 219
36
time in solving system 2.7375818329965114
time in solving system 0.19228223199752392
time in solving system 0.11831972999789286
concluded in  7.445949358996586
Solving snapshot 0 220
36
time in solving system 4.479600839003979
time in solving system 0.1975800460058963
time in solving system 0.11159931700240122
concluded in  9.974221883996506
Solving snapshot 0 221
36
time in solving system 3.179150362004293
time in solving system 0.12436349699419225
time in solving system 0.13933535799878882
concluded in  7.671283325005788
Solving snapshot 0 222
36
time in solving system 3.5148887480027042
time in solving system 0.2438791870008572
time in solving system 0.24288073400384746
concluded in  9.331142429997271
Solving snapshot 0 223
36
time in solving system 4.270324297998741
time in solving system 0.11714637599652633
time in solving system 0.11218610799551243
concluded in  9.727899326004263
Solving snapshot 0 224
36
time in solving system 4.035755160999543
time in solving system 0.10913769399485318
time in solving system 0.12103910600126255
concluded in  7.866106825997122
Solving snapshot 0 225
36
time in solving system 3.659599930004333
time in solving system 0.11373978499614168
time in solving system 0.10689232200093102
concluded in  8.352565916000458
Solving snapshot 0 226
36
time in solving system 4.536086113002966
time in solving system 0.2678816929983441
time in solving system 0.2403859529949841
concluded in  9.33885260799434
Solving snapshot 0 227
36
time in solving system 4.319448602000193
time in solving system 0.2170373870030744
time in solving system 0.10159389899490634
concluded in  8.852706400000898
Solving snapshot 0 228
36
time in solving system 3.8426595389973954
time in solving system 0.2191134009990492
time in solving system 0.2469710209988989
concluded in  8.805245379000553
Solving snapshot 0 229
36
time in solving system 4.289720269996906
time in solving system 0.3005870019987924
time in solving system 0.22778517899860162
concluded in  8.122451005001494
Solving snapshot 0 230
36
time in solving system 4.980450802999258
time in solving system 0.13412345699907746
time in solving system 0.11388686099962797
concluded in  9.624757007004519
Solving snapshot 0 231
36
time in solving system 4.374352491999161
time in solving system 0.1134142820010311
time in solving system 0.14611262200196506
concluded in  8.233135358001164
Solving snapshot 0 232
36
time in solving system 4.0373132650056505
time in solving system 0.11873639700206695
time in solving system 0.10769898800208466
concluded in  9.578608010000607
Solving snapshot 0 233
36
time in solving system 4.374321196002711
time in solving system 0.09873955399962142
time in solving system 0.11174122800002806
concluded in  10.644948749002651
Solving snapshot 0 234
36
time in solving system 3.0941404389959644
time in solving system 0.13134256599732907
time in solving system 0.11064739999710582
concluded in  8.22988546799752
Solving snapshot 0 235
36
time in solving system 3.568124274999718
time in solving system 0.15977070799999638
time in solving system 0.23052939300396247
concluded in  9.007039400996291
Solving snapshot 0 236
36
time in solving system 3.1140534650039626
time in solving system 0.22851088099560002
time in solving system 0.13076803299918538
concluded in  8.692689032999624
Solving snapshot 0 237
36
time in solving system 2.7806599140021717
time in solving system 0.28519939399848226
time in solving system 0.28087983500154223
concluded in  7.521674353003618
Solving snapshot 0 238
36
time in solving system 2.9429214570045588
time in solving system 0.24678156599838985
time in solving system 0.1485150579974288
concluded in  8.169266179997067
Solving snapshot 0 239
36
time in solving system 3.153632073997869
time in solving system 0.2518761870014714
time in solving system 0.22438742500526132
concluded in  7.885819977003848
Solving snapshot 0 240
36
time in solving system 3.1229735289962264
time in solving system 0.11903727700700983
time in solving system 0.10240214700024808
concluded in  6.937382582000282
Solving snapshot 0 241
36
time in solving system 2.1400021529989317
time in solving system 0.11179312299645972
time in solving system 0.10961517700343393
concluded in  6.59412611299922
Solving snapshot 0 242
36
time in solving system 2.7782223079993855
time in solving system 0.1063624059970607
time in solving system 0.10223891900386661
concluded in  7.990625714002817
Solving snapshot 0 243
36
time in solving system 3.938008102995809
time in solving system 0.1364584770053625
time in solving system 0.11491434399795253
concluded in  8.536620197999582
Solving snapshot 0 244
36
time in solving system 4.776276396005414
time in solving system 0.10432565600058297
time in solving system 0.11156600099639036
concluded in  8.404924675000075
Solving snapshot 0 245
36
time in solving system 3.2707575680033187
time in solving system 0.13997379499778617
time in solving system 0.1365849529975094
concluded in  7.658361045003403
Solving snapshot 0 246
36
time in solving system 3.4830592799989972
time in solving system 0.2344966899981955
time in solving system 0.23955640899657737
concluded in  8.151385081000626
Solving snapshot 0 247
36
time in solving system 4.9787088869998115
time in solving system 0.2907740480004577
time in solving system 0.27044488600222394
concluded in  9.020225463995303
Solving snapshot 0 248
36
time in solving system 3.966345446999185
time in solving system 0.13257797100231983
time in solving system 0.14223225900059333
concluded in  9.058219771999575
Solving snapshot 0 249
36
time in solving system 4.537070637001307
time in solving system 0.1409941029996844
time in solving system 0.12345205999736208
concluded in  7.959612574995845
Solving snapshot 0 250
36
time in solving system 4.4742112380045
time in solving system 0.28239566500269575
time in solving system 0.28730155900120735
concluded in  8.57916300999932
Solving snapshot 0 251
36
time in solving system 2.520959554000001
time in solving system 0.14886366100108717
time in solving system 0.10636961300042458
concluded in  6.968468860999565
Solving snapshot 0 252
36
time in solving system 3.6886789499985753
time in solving system 0.11550357400119537
time in solving system 0.11369923599704634
concluded in  8.137954136996996
Solving snapshot 0 253
36
time in solving system 5.356204855001124
time in solving system 0.23229179599729832
time in solving system 0.24468236199754756
concluded in  10.170032134999929
Solving snapshot 0 254
36
time in solving system 4.172779190004803
time in solving system 0.11269022499618586
time in solving system 0.1165482520009391
concluded in  7.652616535000561
Solving snapshot 0 255
36
time in solving system 3.0703925330017228
time in solving system 0.2319482370003243
time in solving system 0.2597410430025775
concluded in  7.3360111950023565
Solving snapshot 0 256
36
time in solving system 3.1914891790002002
time in solving system 0.09989168700121809
time in solving system 0.10843592600576812
concluded in  7.012834697001381
Solving snapshot 0 257
36
time in solving system 2.287797989003593
time in solving system 0.13052816299750702
time in solving system 0.10451979500066955
concluded in  6.100311499001691
Solving snapshot 0 258
36
time in solving system 2.991603310001665
time in solving system 0.11098448999837274
time in solving system 0.10992937999981223
concluded in  7.848283292994893
Solving snapshot 0 259
36
time in solving system 4.386520762003784
time in solving system 0.1146287730007316
time in solving system 0.11667083700012881
concluded in  8.95701958599966
Solving snapshot 0 260
36
time in solving system 4.803591978998156
time in solving system 0.2509944479970727
time in solving system 0.2536959380013286
concluded in  8.938002998998854
Solving snapshot 0 261
36
time in solving system 3.8003702930000145
time in solving system 0.1259379129987792
time in solving system 0.11221185800241074
concluded in  7.913050850998843
Solving snapshot 0 262
36
time in solving system 3.0157727810001234
time in solving system 0.11605264299578266
time in solving system 0.12560170800134074
concluded in  6.693709439001395
Solving snapshot 0 263
36
time in solving system 2.1483376840042183
time in solving system 0.1326212959975237
time in solving system 0.10604846700152848
concluded in  6.498110470995016
Solving snapshot 0 264
36
time in solving system 2.7832912869998836
time in solving system 0.1112263319955673
time in solving system 0.10803489400132094
concluded in  8.034556067002995
Solving snapshot 0 265
36
time in solving system 3.30888703999517
time in solving system 0.12344110899721272
time in solving system 0.16032897999684792
concluded in  7.924248727002123
Solving snapshot 0 266
36
time in solving system 2.6853630609984975
time in solving system 0.10779283000010764
time in solving system 0.11773173300025519
concluded in  7.304007270999136
Solving snapshot 0 267
36
time in solving system 2.272897251001268
time in solving system 0.10843202300020494
time in solving system 0.10144675400078995
concluded in  6.5543421159964055
Solving snapshot 0 268
36
time in solving system 4.5208887359985965
time in solving system 0.11160744099470321
time in solving system 0.11181961800321005
concluded in  9.068229425000027
Solving snapshot 0 269
36
time in solving system 3.469815626995114
time in solving system 0.15281961300206603
time in solving system 0.14084988199465442
concluded in  7.608988270003465
Solving snapshot 0 270
36
time in solving system 4.184703655002522
time in solving system 0.1563059929976589
time in solving system 0.13140383300196845
concluded in  8.864407458997448
Solving snapshot 0 271
36
time in solving system 3.760161803998926
time in solving system 0.11019928199675633
time in solving system 0.11706728900026064
concluded in  8.109071350001614
Solving snapshot 0 272
36
time in solving system 4.827510983996035
time in solving system 0.12141270100255497
time in solving system 0.1027096320030978
concluded in  9.571041638002498
Solving snapshot 0 273
36
time in solving system 2.3085709660008433
time in solving system 0.10579865999898175
time in solving system 0.10324998400028562
concluded in  5.951959808997344
Solving snapshot 0 274
36
time in solving system 3.4205401569997775
time in solving system 0.1061474080051994
time in solving system 0.10471687899553217
concluded in  7.691278892998525
Solving snapshot 0 275
36
time in solving system 3.0806581919969176
time in solving system 0.10916953699779697
time in solving system 0.1043714529951103
concluded in  7.655225004993554
Solving snapshot 0 276
36
time in solving system 4.401870968002186
time in solving system 0.1537311369975214
time in solving system 0.10805604399502045
concluded in  8.947169831997599
Solving snapshot 0 277
36
time in solving system 2.6272297839968815
time in solving system 0.11733347799599869
time in solving system 0.10965004900208442
concluded in  7.8656271639993065
Solving snapshot 0 278
36
time in solving system 3.5234119669985375
time in solving system 0.1330490539985476
time in solving system 0.12110861600376666
concluded in  8.820415080001112
Solving snapshot 0 279
36
time in solving system 4.322287139002583
time in solving system 0.12642785500065656
time in solving system 0.13702871900022728
concluded in  9.037329650003812
Solving snapshot 0 280
36
time in solving system 4.627417730000161
time in solving system 0.11577854099596152
time in solving system 0.11262714699842036
concluded in  9.711523736004892
Solving snapshot 0 281
36
time in solving system 3.763432323001325
time in solving system 0.1271716830015066
time in solving system 0.10887809099949664
concluded in  8.817983911998454
Solving snapshot 0 282
36
time in solving system 2.798056198997074
time in solving system 0.11276746100338642
time in solving system 0.11033410099480534
concluded in  8.192974482000864
Solving snapshot 0 283
36
time in solving system 2.9587705569938407
time in solving system 0.11159496300388128
time in solving system 0.11212020499806385
concluded in  8.582404665001377
Solving snapshot 0 284
36
time in solving system 2.37826167899766
time in solving system 0.10743350700067822
time in solving system 0.10006169699772727
concluded in  8.0022747250041
Solving snapshot 0 285
36
time in solving system 4.263258722996397
time in solving system 0.11997378099476919
time in solving system 0.11685342399869114
concluded in  8.260822398995515
Solving snapshot 0 286
36
time in solving system 3.2955494950001594
time in solving system 0.09434278999833623
time in solving system 0.09057159099756973
concluded in  8.134723436996865
Solving snapshot 0 287
36
time in solving system 2.775748645995918
time in solving system 0.10272661899944069
time in solving system 0.10092643200187013
concluded in  6.967521469006897
Solving snapshot 0 288
36
time in solving system 2.41109945000062
time in solving system 0.10295072599546984
time in solving system 0.09973009100212948
concluded in  6.357934195002599
Solving snapshot 0 289
36
time in solving system 1.828073119999317
time in solving system 0.10633064200374065
time in solving system 0.11003174799407134
concluded in  6.101350042001286
Solving snapshot 0 290
36
time in solving system 2.2900351809948916
time in solving system 0.11454366999532795
time in solving system 0.10095037099381443
concluded in  6.090364117997524
Solving snapshot 0 291
36
time in solving system 2.4337764980009524
time in solving system 0.10639302100025816
time in solving system 0.10339783599920338
concluded in  6.463066379001248
Solving snapshot 0 292
36
time in solving system 2.67215712700272
time in solving system 0.10861846400075592
time in solving system 0.10084033100429224
concluded in  5.8576283829970635
Solving snapshot 0 293
36
time in solving system 3.175847998005338
time in solving system 0.1130974999978207
time in solving system 0.10037789700436406
concluded in  6.303108291998797
Solving snapshot 0 294
36
time in solving system 2.6422565989996656
time in solving system 0.10418930499872658
time in solving system 0.10452311400149483
concluded in  7.01955860399903
Solving snapshot 0 295
36
time in solving system 2.8183036699992954
time in solving system 0.1107451259958907
time in solving system 0.10623766999924555
concluded in  6.387204010999994
Solving snapshot 0 296
36
time in solving system 2.3479310300026555
time in solving system 0.11511322599835694
time in solving system 0.11527387899695896
concluded in  5.682045970999752
Solving snapshot 0 297
36
time in solving system 2.2917019559972687
time in solving system 0.10700402099610073
time in solving system 0.10349964100169018
concluded in  5.5336112000004505
Solving snapshot 0 298
36
time in solving system 2.5695867629983695
time in solving system 0.09359161300380947
time in solving system 0.08885064799687825
concluded in  5.334959735002485
Solving snapshot 0 299
36
time in solving system 2.48683121400245
time in solving system 0.11755086499761092
time in solving system 0.09676155199849745
concluded in  5.376523781000287
[]
Not completed: []
