Solving not completed simulation: 0-th chance
Solving snapshot 0 0
36
time in solving system 3.8606473820036626
time in solving system 0.23309241300012218
time in solving system 0.13653429800615413
concluded in  7.69711814999755
Solving snapshot 0 1
36
time in solving system 3.259816147998208
time in solving system 0.4448095820043818
time in solving system 0.3622137839993229
concluded in  7.662516261996643
Solving snapshot 0 2
36
time in solving system 4.188396924000699
time in solving system 0.4510285369979101
time in solving system 0.2348985860007815
concluded in  8.70995108999341
Solving snapshot 0 3
36
time in solving system 2.5693372590030776
time in solving system 0.26854002800246235
time in solving system 0.24169982800231082
concluded in  6.971245945998817
Solving snapshot 0 4
36
time in solving system 5.406377704995975
time in solving system 0.15867001399601577
time in solving system 0.149538878002204
concluded in  9.441774050996173
Solving snapshot 0 5
36
time in solving system 4.646596893995593
time in solving system 0.1458670389984036
time in solving system 0.13106732400046894
concluded in  10.218597456994758
Solving snapshot 0 6
36
time in solving system 5.27701594500104
time in solving system 0.1183821300001
time in solving system 0.1307863609981723
concluded in  9.500958582000749
Solving snapshot 0 7
36
time in solving system 3.8519226260032156
time in solving system 0.10847094200289575
time in solving system 0.1179160600004252
concluded in  7.277812985004857
Solving snapshot 0 8
36
time in solving system 4.7767333290030365
time in solving system 0.1726127939982689
time in solving system 0.09392767900135368
concluded in  8.112616654994781
Solving snapshot 0 9
36
time in solving system 3.152472289002617
time in solving system 0.2119381440061261
time in solving system 0.22831897299329285
concluded in  7.270655299995269
Solving snapshot 0 10
36
time in solving system 3.517202608003572
time in solving system 0.11499255000671837
time in solving system 0.10777415399934398
concluded in  7.39888783400238
Solving snapshot 0 11
36
time in solving system 4.12132852999639
time in solving system 0.12563990100170486
time in solving system 0.12960652799665695
concluded in  7.74044386800233
Solving snapshot 0 12
36
time in solving system 3.908333917002892
time in solving system 0.24441654800466495
time in solving system 0.22276111999963177
concluded in  8.596960336995835
Solving snapshot 0 13
36
time in solving system 6.0049136050001835
time in solving system 0.28408340200257953
time in solving system 0.2639141820036457
concluded in  10.597426561995235
Solving snapshot 0 14
36
time in solving system 5.546885748997738
time in solving system 0.3225385479963734
time in solving system 0.24847911899996689
concluded in  10.46662001000368
Solving snapshot 0 15
36
time in solving system 3.9388752880040556
time in solving system 0.13191209499927936
time in solving system 0.11497397899802309
concluded in  8.412288457002433
Solving snapshot 0 16
36
time in solving system 6.1125288999974146
time in solving system 0.11173547899670666
time in solving system 0.11075863799487706
concluded in  10.102169175996096
Solving snapshot 0 17
36
time in solving system 4.443226942996262
time in solving system 0.11803970400069375
time in solving system 0.12143127500166884
concluded in  9.921892965998268
Solving snapshot 0 18
36
time in solving system 3.8219283250000444
time in solving system 0.11837086499872385
time in solving system 0.11979720299859764
concluded in  8.811942626001837
Solving snapshot 0 19
36
time in solving system 3.5723976120061707
time in solving system 0.1108176400011871
time in solving system 0.11247927100339439
concluded in  8.06010440600221
Solving snapshot 0 20
36
time in solving system 2.8854553639976075
time in solving system 0.11824447200342547
time in solving system 0.15326893999736058
concluded in  7.306878775998484
Solving snapshot 0 21
36
time in solving system 3.6069729149967316
time in solving system 0.11353034900093917
time in solving system 0.11908760499500204
concluded in  9.992788151997956
Solving snapshot 0 22
36
time in solving system 4.18404646700219
time in solving system 0.24222657299833372
time in solving system 0.24285038299422013
concluded in  9.942585696000606
Solving snapshot 0 23
36
time in solving system 2.9020138199994108
time in solving system 0.1199420229968382
time in solving system 0.17376061000686605
concluded in  8.271009102994867
Solving snapshot 0 24
36
time in solving system 2.3566532940021716
time in solving system 0.11134344199672341
time in solving system 0.12134545099979732
concluded in  6.7122928960016
Solving snapshot 0 25
36
time in solving system 2.203179350006394
time in solving system 0.1277053040030296
time in solving system 0.10961238999880152
concluded in  7.821167679001519
Solving snapshot 0 26
36
time in solving system 3.6038059319980675
time in solving system 0.11964318299578736
time in solving system 0.1345107189990813
concluded in  8.371535459998995
Solving snapshot 0 27
36
time in solving system 3.9577515400014818
time in solving system 0.1814792520017363
time in solving system 0.2641969720061752
concluded in  9.211489752000489
Solving snapshot 0 28
36
time in solving system 4.897613644003286
time in solving system 0.17381043099885574
time in solving system 0.11857811800291529
concluded in  9.1619589059992
Solving snapshot 0 29
36
time in solving system 4.870829293002316
time in solving system 0.21083964300487423
time in solving system 0.2687937789960415
concluded in  9.62954256300145
Solving snapshot 0 30
36
time in solving system 3.7277495289963554
time in solving system 0.1845934259981732
time in solving system 0.18235159499454312
concluded in  7.8941187629970955
Solving snapshot 0 31
36
time in solving system 3.7171185389961465
time in solving system 0.12872911099839257
time in solving system 0.11505017900344683
concluded in  9.20900219000032
Solving snapshot 0 32
36
time in solving system 2.764183346000209
time in solving system 0.2306293799993
time in solving system 0.25227798800187884
concluded in  7.309283392998623
Solving snapshot 0 33
36
time in solving system 4.230853728004149
time in solving system 0.2249826330007636
time in solving system 0.3432343709937413
concluded in  9.68065791400295
Solving snapshot 0 34
36
time in solving system 3.958453744999133
time in solving system 0.24251702000037767
time in solving system 0.14489910499833059
concluded in  8.335962230994483
Solving snapshot 0 35
36
time in solving system 3.6135135020012967
time in solving system 0.11233692699897802
time in solving system 0.10601866000070004
concluded in  8.446129935997305
Solving snapshot 0 36
36
time in solving system 4.855301925999811
time in solving system 0.17882117899716832
time in solving system 0.10454206800204702
concluded in  10.229627480999625
Solving snapshot 0 37
36
time in solving system 5.004807418998098
time in solving system 0.23201073800009908
time in solving system 0.17040938899299363
concluded in  9.305682401995
Solving snapshot 0 38
36
time in solving system 3.4508244730022852
time in solving system 0.2413282259949483
time in solving system 0.17623552000441123
concluded in  7.197878788996604
Solving snapshot 0 39
36
time in solving system 4.70183386500139
time in solving system 0.2147588360021473
time in solving system 0.12513589800073532
concluded in  8.7013921329999
Solving snapshot 0 40
36
time in solving system 4.359396252002625
time in solving system 0.3102146309975069
time in solving system 0.13471102099720156
concluded in  7.828979639001773
Solving snapshot 0 41
36
time in solving system 4.449624639004469
time in solving system 0.11389316800341476
time in solving system 0.10969461900094757
concluded in  8.131737597999745
Solving snapshot 0 42
36
time in solving system 3.192725718996371
time in solving system 0.11317359899840085
time in solving system 0.11427493800147204
concluded in  7.6068154589956976
Solving snapshot 0 43
36
time in solving system 4.757564535997517
time in solving system 0.10927389599964954
time in solving system 0.1321374450053554
concluded in  8.13901795700076
Solving snapshot 0 44
36
time in solving system 6.511055462004151
time in solving system 0.12276441400172189
time in solving system 0.10816234999947483
concluded in  11.080158685996139
Solving snapshot 0 45
36
time in solving system 3.535419091997028
time in solving system 0.11929964299633866
time in solving system 0.109236835000047
concluded in  9.848708200996043
Solving snapshot 0 46
36
time in solving system 3.9247170129965525
time in solving system 0.12101600800087908
time in solving system 0.11476820900134044
concluded in  9.920511017000536
Solving snapshot 0 47
36
time in solving system 4.267121176002547
time in solving system 0.14900022999790963
time in solving system 0.11643642700073542
concluded in  9.796308682001836
Solving snapshot 0 48
36
time in solving system 2.215442950997385
time in solving system 0.11464627800160088
time in solving system 0.11620608899829676
concluded in  6.039982187998248
Solving snapshot 0 49
36
time in solving system 2.881971058995987
time in solving system 0.11203358000057051
time in solving system 0.12651494599413127
concluded in  6.826360554005078
Solving snapshot 0 50
36
time in solving system 2.1775108899964835
time in solving system 0.18950272700021742
time in solving system 0.24248862100648694
concluded in  6.84901160300069
Solving snapshot 0 51
36
time in solving system 2.110654022995732
time in solving system 0.10093642699939664
time in solving system 0.11044491700158687
concluded in  6.56489753400092
Solving snapshot 0 52
36
time in solving system 2.4458652370012715
time in solving system 0.2476846019999357
time in solving system 0.24331753700244008
concluded in  8.05788057600148
Solving snapshot 0 53
36
time in solving system 2.4508041799999774
time in solving system 0.11475580200203694
time in solving system 0.11161074200208532
concluded in  7.4335605110027245
Solving snapshot 0 54
36
time in solving system 2.54244513699814
time in solving system 0.10378374400170287
time in solving system 0.11849217800045153
concluded in  7.490491958000348
Solving snapshot 0 55
36
time in solving system 2.023632305004867
time in solving system 0.11622478000208503
time in solving system 0.10417551799764624
concluded in  7.520960103996913
Solving snapshot 0 56
36
time in solving system 2.131303875998128
time in solving system 0.10992765700211748
time in solving system 0.1067351539968513
concluded in  7.139470594003797
Solving snapshot 0 57
36
time in solving system 3.4188056380007765
time in solving system 0.12836599799629766
time in solving system 0.12376239000150235
concluded in  8.459660045002238
Solving snapshot 0 58
36
time in solving system 2.6554754199969466
time in solving system 0.13311618299485417
time in solving system 0.12432455499947537
concluded in  7.79140370299865
Solving snapshot 0 59
36
time in solving system 3.040543630006141
time in solving system 0.11647535899828654
time in solving system 0.13333742800023174
concluded in  9.044992811002885
Solving snapshot 0 60
36
time in solving system 5.385930436998024
time in solving system 0.11399951500061434
time in solving system 0.10731528900214471
concluded in  12.047887443994114
Solving snapshot 0 61
36
time in solving system 5.278730414000165
time in solving system 0.2214608060021419
time in solving system 0.20244217999425018
concluded in  13.308493769996858
Solving snapshot 0 62
36
time in solving system 3.5665949270041892
time in solving system 0.16552320499613415
time in solving system 0.20126542099751532
concluded in  7.873759358000825
Solving snapshot 0 63
36
time in solving system 3.185178719999385
time in solving system 0.23317839700030163
time in solving system 0.2378845179991913
concluded in  8.42167788099323
Solving snapshot 0 64
36
time in solving system 4.162912145002338
time in solving system 0.25529961600113893
time in solving system 0.3334770709989243
concluded in  8.46287224200205
Solving snapshot 0 65
36
time in solving system 3.9484558190015377
time in solving system 0.32759270700626075
time in solving system 0.27099232799810125
concluded in  8.203336217004107
Solving snapshot 0 66
36
time in solving system 2.7675504139988334
time in solving system 0.24000193800020497
time in solving system 0.2600501869965228
concluded in  6.753990958000941
Solving snapshot 0 67
36
time in solving system 4.412137691993848
time in solving system 0.24850932599656517
time in solving system 0.15417354500095826
concluded in  8.457735222997144
Solving snapshot 0 68
36
time in solving system 3.8077551089954795
time in solving system 0.12464810699748341
time in solving system 0.10631710400048178
concluded in  8.48012785299943
Solving snapshot 0 69
36
time in solving system 3.2644084249986918
time in solving system 0.11575070900289575
time in solving system 0.11492547400121111
concluded in  7.906880652997643
Solving snapshot 0 70
36
time in solving system 3.1425578580019646
time in solving system 0.12471418399945833
time in solving system 0.13048971200623782
concluded in  7.075611910993757
Solving snapshot 0 71
36
time in solving system 3.1640143530021305
time in solving system 0.22664429800352082
time in solving system 0.10978287699981593
concluded in  7.451351207004336
Solving snapshot 0 72
36
time in solving system 3.8688391969990334
time in solving system 0.25581847700232174
time in solving system 0.11003987500589574
concluded in  8.365010071996949
Solving snapshot 0 73
36
time in solving system 3.516791240006569
time in solving system 0.12075707199983299
time in solving system 0.12196758099889848
concluded in  7.374063711999042
Solving snapshot 0 74
36
time in solving system 3.6815766830040957
time in solving system 0.21117086600133916
time in solving system 0.11083321700425586
concluded in  7.475280673999805
Solving snapshot 0 75
36
time in solving system 3.5229474590014433
time in solving system 0.10936638600105653
time in solving system 0.11519806999422144
concluded in  7.59589877500548
Solving snapshot 0 76
36
time in solving system 3.706309624001733
time in solving system 0.10593089799658628
time in solving system 0.1041036710012122
concluded in  8.22598342099809
Solving snapshot 0 77
36
time in solving system 3.937437142994895
time in solving system 0.10775234999891836
time in solving system 0.11108973700174829
concluded in  7.896892669996305
Solving snapshot 0 78
36
time in solving system 3.7828991139977006
time in solving system 0.11691746199358022
time in solving system 0.1077402040027664
concluded in  7.499751939998532
Solving snapshot 0 79
36
time in solving system 3.548822279997694
time in solving system 0.1360049529976095
time in solving system 0.12524377499357797
concluded in  7.3604933000024175
Solving snapshot 0 80
36
time in solving system 4.596025460996316
time in solving system 0.11131218299851753
time in solving system 0.12226804700185312
concluded in  8.17919516099937
Solving snapshot 0 81
36
time in solving system 4.471035561000463
time in solving system 0.12911366500338772
time in solving system 0.1478327100048773
concluded in  8.364341150001565
Solving snapshot 0 82
36
time in solving system 4.435524321997946
time in solving system 0.21098752700345358
time in solving system 0.2571139489955385
concluded in  8.453152671005228
Solving snapshot 0 83
36
time in solving system 4.57551412400062
time in solving system 0.23933490699710092
time in solving system 0.3019327729998622
concluded in  9.533315148000838
Solving snapshot 0 84
36
time in solving system 3.5949472170032095
time in solving system 0.23237129399785772
time in solving system 0.23885745499865152
concluded in  8.336623768998834
Solving snapshot 0 85
36
time in solving system 4.43292774099973
time in solving system 0.11272987200209172
time in solving system 0.1682884740002919
concluded in  9.256380980994436
Solving snapshot 0 86
36
time in solving system 4.837075607996667
time in solving system 0.11229211200407008
time in solving system 0.16693935399962356
concluded in  9.65249814800336
Solving snapshot 0 87
36
time in solving system 3.159471436003514
time in solving system 0.11101515599875711
time in solving system 0.10879859499982558
concluded in  7.521653682997567
Solving snapshot 0 88
36
time in solving system 2.87305198499962
time in solving system 0.12199388299632119
time in solving system 0.12360343799809925
concluded in  7.468652042996837
Solving snapshot 0 89
36
time in solving system 3.9963193440053146
time in solving system 0.2278915809947648
time in solving system 0.10659645399573492
concluded in  9.322851857999922
Solving snapshot 0 90
36
time in solving system 2.624553002999164
time in solving system 0.11666852299822494
time in solving system 0.12042225700133713
concluded in  7.427719482002431
Solving snapshot 0 91
36
time in solving system 2.079826017994492
time in solving system 0.13068070900044404
time in solving system 0.10399843300547218
concluded in  6.364529755002877
Solving snapshot 0 92
36
time in solving system 4.627470439998433
time in solving system 0.2512088599978597
time in solving system 0.35581193300458835
concluded in  11.120524898004078
Solving snapshot 0 93
36
time in solving system 3.0468827160002547
time in solving system 0.30301488900295226
time in solving system 0.28966937399673043
concluded in  8.100707117002457
Solving snapshot 0 94
36
time in solving system 3.4196021239986294
time in solving system 0.12399723999988055
time in solving system 0.11097353900549933
concluded in  7.149928712002293
Solving snapshot 0 95
36
time in solving system 2.829637153998192
time in solving system 0.11478861800424056
time in solving system 0.13506891200086102
concluded in  7.4122886170007405
Solving snapshot 0 96
36
time in solving system 3.833074020993081
time in solving system 0.16266896000161069
time in solving system 0.20543524700042326
concluded in  9.520480020997638
Solving snapshot 0 97
36
time in solving system 4.27492932700261
time in solving system 0.2199123359969235
time in solving system 0.2303644709973014
concluded in  9.63731899499544
Solving snapshot 0 98
36
Failed solving snapshot 48398 98
Solving snapshot 0 99
36
time in solving system 3.7761621590034338
time in solving system 0.23322590000316268
time in solving system 0.2696338289970299
concluded in  8.195473526997375
Solving snapshot 0 100
36
time in solving system 4.011912535999727
time in solving system 0.24014911899575964
time in solving system 0.2403013219955028
concluded in  7.889573938002286
Solving snapshot 0 101
36
time in solving system 4.544407632994989
time in solving system 0.11775919899810106
time in solving system 0.15290947000175947
concluded in  8.294591214995307
Solving snapshot 0 102
36
time in solving system 3.1358158930015634
time in solving system 0.12846215299941832
time in solving system 0.13184245199954603
concluded in  6.545893858994532
Solving snapshot 0 103
36
time in solving system 3.466369781999674
time in solving system 0.12194159800128546
time in solving system 0.1956734210034483
concluded in  7.590570280000975
Solving snapshot 0 104
36
time in solving system 4.227161596994847
time in solving system 0.11151866000000155
time in solving system 0.25563162999605993
concluded in  7.994096971000545
Solving snapshot 0 105
36
time in solving system 3.4454653110005893
time in solving system 0.24101689200324472
time in solving system 0.28588036599830957
concluded in  8.049743726995075
Solving snapshot 0 106
36
time in solving system 4.2930459049966885
time in solving system 0.22003439100080868
time in solving system 0.15356089800479822
concluded in  9.668058822004241
Solving snapshot 0 107
36
time in solving system 4.438374416000443
time in solving system 0.11939575099677313
time in solving system 0.11939900799916359
concluded in  9.555731594002282
Solving snapshot 0 108
36
time in solving system 3.352873757998168
time in solving system 0.2402933839985053
time in solving system 0.2652609049982857
concluded in  8.65194543400139
Solving snapshot 0 109
36
time in solving system 3.8304340440008673
time in solving system 0.2023361890023807
time in solving system 0.13099788499675924
concluded in  8.586154469005123
Solving snapshot 0 110
36
time in solving system 3.8601180120022036
time in solving system 0.11974103799730074
time in solving system 0.11305854200327303
concluded in  8.8587797470027
Solving snapshot 0 111
36
time in solving system 4.110247200995218
time in solving system 0.10991552599443821
time in solving system 0.18005952500243438
concluded in  8.40682670899696
Solving snapshot 0 112
36
time in solving system 4.311762219003867
time in solving system 0.11828856600186555
time in solving system 0.11359511600312544
concluded in  9.289210980998178
Solving snapshot 0 113
36
time in solving system 4.265743905001727
time in solving system 0.2911560280044796
time in solving system 0.2768193490046542
concluded in  9.768263741003466
Solving snapshot 0 114
36
time in solving system 3.3330522649994236
time in solving system 0.10799140099697979
time in solving system 0.13892590499744983
concluded in  7.308888432999083
Solving snapshot 0 115
36
time in solving system 3.5714992379944306
time in solving system 0.24333687000034843
time in solving system 0.2517088269960368
concluded in  8.588624524003535
Solving snapshot 0 116
36
time in solving system 3.834827320999466
time in solving system 0.11792383300053189
time in solving system 0.11060595299932174
concluded in  7.905623639002442
Solving snapshot 0 117
36
time in solving system 2.5630270109977573
time in solving system 0.2439671219981392
time in solving system 0.23069039799884195
concluded in  7.396559980996244
Solving snapshot 0 118
36
time in solving system 2.4306922129981103
time in solving system 0.1097632529999828
time in solving system 0.1994976450005197
concluded in  8.32371410199994
Solving snapshot 0 119
36
time in solving system 2.9408796040006564
time in solving system 0.11923099200066645
time in solving system 0.12744554000528296
concluded in  8.9879056389982
Solving snapshot 0 120
36
time in solving system 3.070075698000437
time in solving system 0.14292110400128877
time in solving system 0.13040373900003033
concluded in  9.634229118993971
Solving snapshot 0 121
36
time in solving system 2.6355007079982897
time in solving system 0.13401222699758364
time in solving system 0.10751931100094225
concluded in  8.67745511999965
Solving snapshot 0 122
36
time in solving system 3.283643975999439
time in solving system 0.1300997139987885
time in solving system 0.13099914399936097
concluded in  9.619895087002078
Solving snapshot 0 123
36
time in solving system 2.572161600997788
time in solving system 0.1749196410019067
time in solving system 0.1312067079998087
concluded in  8.573036818001128
Solving snapshot 0 124
36
time in solving system 3.598902443998668
time in solving system 0.1414167249968159
time in solving system 0.1015317440032959
concluded in  10.661140167001577
Solving snapshot 0 125
36
time in solving system 4.173398360995634
time in solving system 0.11128893500426784
time in solving system 0.09824611200019717
concluded in  10.727123638993362
Solving snapshot 0 126
36
time in solving system 3.3748987709986977
time in solving system 0.10974873200029833
time in solving system 0.11055730900261551
concluded in  10.126501956998254
Solving snapshot 0 127
36
time in solving system 4.280037108997931
time in solving system 0.11226688700116938
time in solving system 0.10860763199889334
concluded in  9.705415869997523
Solving snapshot 0 128
36
time in solving system 2.573673268998391
time in solving system 0.10953201299707871
time in solving system 0.10454573400056688
concluded in  8.27438955999969
Solving snapshot 0 129
36
time in solving system 3.3056679430010263
time in solving system 0.10755899899959331
time in solving system 0.10250658400036627
concluded in  10.055581202999747
Solving snapshot 0 130
36
time in solving system 4.093456105001678
time in solving system 0.13310228000045754
time in solving system 0.10516142100095749
concluded in  9.458316932999878
Solving snapshot 0 131
36
time in solving system 5.178074675997777
time in solving system 0.2366215350048151
time in solving system 0.2642740130031598
concluded in  10.318054504998145
Solving snapshot 0 132
36
time in solving system 3.429897905996768
time in solving system 0.16420032199675916
time in solving system 0.24443373599933693
concluded in  7.468745245998434
Solving snapshot 0 133
36
time in solving system 4.412276555995049
time in solving system 0.3616721719954512
time in solving system 0.23504242399940267
concluded in  9.809215715999017
Solving snapshot 0 134
36
time in solving system 3.8018653670005733
time in solving system 0.23608545400202274
time in solving system 0.25018876700050896
concluded in  9.840480831000605
Solving snapshot 0 135
36
time in solving system 3.1962943889957387
time in solving system 0.11441186499723699
time in solving system 0.10458378399926005
concluded in  7.31107737399725
Solving snapshot 0 136
36
time in solving system 3.342474659002619
time in solving system 0.1596629049963667
time in solving system 0.11254490799910855
concluded in  7.030774770995777
Solving snapshot 0 137
36
time in solving system 3.738891093998973
time in solving system 0.11667580899666063
time in solving system 0.11066692299937131
concluded in  7.286480814000242
Solving snapshot 0 138
36
time in solving system 4.491408256995783
time in solving system 0.25932997599738883
time in solving system 0.3716328220034484
concluded in  9.03117520500382
Solving snapshot 0 139
36
time in solving system 3.2239841830014484
time in solving system 0.24875074999727076
time in solving system 0.2536359719961183
concluded in  8.169646757996816
Solving snapshot 0 140
36
time in solving system 3.6647205430053873
time in solving system 0.1973512290060171
time in solving system 0.14429462899715872
concluded in  7.622248981002485
Solving snapshot 0 141
36
time in solving system 4.2362281949972385
time in solving system 0.14138661399920238
time in solving system 0.1361367599965888
concluded in  8.958914065995486
Solving snapshot 0 142
36
time in solving system 3.4820669280015863
time in solving system 0.12867226500384277
time in solving system 0.16324423500191187
concluded in  7.268715004000114
Solving snapshot 0 143
36
time in solving system 4.154890008998336
time in solving system 0.19944582999596605
time in solving system 0.14203373799682595
concluded in  8.640601833998517
Solving snapshot 0 144
36
time in solving system 3.6502292119985214
time in solving system 0.29964730600477196
time in solving system 0.24929204799991567
concluded in  8.14059582799382
Solving snapshot 0 145
36
time in solving system 3.0418035940019763
time in solving system 0.11168771999655291
time in solving system 0.17740273300296394
concluded in  7.047677708003903
Solving snapshot 0 146
36
time in solving system 4.424977148002654
time in solving system 0.14731904499785742
time in solving system 0.14468378799938364
concluded in  8.636389086997951
Solving snapshot 0 147
36
time in solving system 2.9460408390004886
time in solving system 0.24754601700260537
time in solving system 0.24144007300492376
concluded in  7.862129528999503
Solving snapshot 0 148
36
time in solving system 3.6163988469998003
time in solving system 0.1854163879979751
time in solving system 0.11446573400462512
concluded in  7.997814986003505
Solving snapshot 0 149
36
time in solving system 4.394095106996247
time in solving system 0.23485942499974044
time in solving system 0.16034457299974747
concluded in  8.922130245999142
Solving snapshot 0 150
36
time in solving system 3.137283173004107
time in solving system 0.10665782100113574
time in solving system 0.10293076899688458
concluded in  6.300322308001341
Solving snapshot 0 151
36
time in solving system 3.3997060370020336
time in solving system 0.11489784600416897
time in solving system 0.11512161300197477
concluded in  7.024363491000258
Solving snapshot 0 152
36
time in solving system 3.486061098999926
time in solving system 0.10382904399739346
time in solving system 0.1014700880041346
concluded in  7.748225832998287
Solving snapshot 0 153
36
time in solving system 3.936675886005105
time in solving system 0.12345484200341161
time in solving system 0.1110658909965423
concluded in  8.425971780001419
Solving snapshot 0 154
36
time in solving system 3.670271214003151
time in solving system 0.11215891000028932
time in solving system 0.11004868199961493
concluded in  8.593070059992897
Solving snapshot 0 155
36
time in solving system 3.7860685500054387
time in solving system 0.11163564099842915
time in solving system 0.11213573300483404
concluded in  9.190714643002138
Solving snapshot 0 156
36
time in solving system 4.66727949900087
time in solving system 0.17952608500490896
time in solving system 0.11193189400364645
concluded in  9.437693547995877
Solving snapshot 0 157
36
time in solving system 3.8859574290036107
time in solving system 0.11976628100092057
time in solving system 0.11858357900200645
concluded in  8.902963338994596
Solving snapshot 0 158
36
time in solving system 4.090015820998815
time in solving system 0.12867195199942216
time in solving system 0.11721543499879772
concluded in  7.565932669000176
Solving snapshot 0 159
36
time in solving system 4.307415770999796
time in solving system 0.11249177400168264
time in solving system 0.12132153200218454
concluded in  8.30932501800271
Solving snapshot 0 160
36
time in solving system 3.6340041829971597
time in solving system 0.23919589899742277
time in solving system 0.21374490600283025
concluded in  8.615373542997986
Solving snapshot 0 161
36
time in solving system 2.8452446529990993
time in solving system 0.11372079399734503
time in solving system 0.11301816500053974
concluded in  6.660629830999824
Solving snapshot 0 162
36
time in solving system 3.700440754997544
time in solving system 0.1172234510013368
time in solving system 0.11484802199993283
concluded in  7.798496324001462
Solving snapshot 0 163
36
time in solving system 3.29159577399696
time in solving system 0.25963986900023883
time in solving system 0.24488141499750782
concluded in  7.940082234999863
Solving snapshot 0 164
36
time in solving system 3.5306074760010233
time in solving system 0.13129587899311446
time in solving system 0.13708307599881664
concluded in  8.884214163001161
Solving snapshot 0 165
36
time in solving system 3.811171863002528
time in solving system 0.12670611700013978
time in solving system 0.13720242799900007
concluded in  8.732052250001288
Solving snapshot 0 166
36
time in solving system 7.087096935996669
time in solving system 0.12523696700372966
time in solving system 0.1238256279975758
concluded in  11.176626911001222
Solving snapshot 0 167
36
time in solving system 5.679074815001513
time in solving system 0.25656703800632386
time in solving system 0.36462235799990594
concluded in  10.470596339000622
Solving snapshot 0 168
36
time in solving system 4.547501941000519
time in solving system 0.2375320430001011
time in solving system 0.24634220999723766
concluded in  9.670242072999827
Solving snapshot 0 169
36
time in solving system 4.90294269000151
time in solving system 0.13145850100409007
time in solving system 0.13153515299927676
concluded in  8.500750803999836
Solving snapshot 0 170
36
time in solving system 5.111787167996226
time in solving system 0.18681959199602716
time in solving system 0.13078761699580355
concluded in  10.031684706002125
Solving snapshot 0 171
36
time in solving system 4.404662943998119
time in solving system 0.15527511999971466
time in solving system 0.1456798580038594
concluded in  9.549741105998692
Solving snapshot 0 172
36
time in solving system 3.8162661229944206
time in solving system 0.11331661399890436
time in solving system 0.10550009899452562
concluded in  10.351337890002469
Solving snapshot 0 173
36
time in solving system 3.670829031005269
time in solving system 0.11211260600248352
time in solving system 0.12933525500557153
concluded in  8.473615299000812
Solving snapshot 0 174
36
time in solving system 5.112881442997605
time in solving system 0.17694480500358623
time in solving system 0.11449118600285146
concluded in  10.250317013000313
Solving snapshot 0 175
36
time in solving system 5.009272973002226
time in solving system 0.20839701899967622
time in solving system 0.12311019299522741
concluded in  9.211703355998907
Solving snapshot 0 176
36
time in solving system 3.1085353319940623
time in solving system 0.1151070459964103
time in solving system 0.11164975800056709
concluded in  6.74984034299996
Solving snapshot 0 177
36
time in solving system 3.820968608997646
time in solving system 0.14556777099642204
time in solving system 0.1829857120028464
concluded in  7.421310518999235
Solving snapshot 0 178
36
time in solving system 3.434605910006212
time in solving system 0.11358408399973996
time in solving system 0.18897426199691836
concluded in  7.6527132950068335
Solving snapshot 0 179
36
time in solving system 3.7423552379987086
time in solving system 0.12620568399870535
time in solving system 0.13194335499429144
concluded in  8.068706038997334
Solving snapshot 0 180
36
time in solving system 3.3845765070000198
time in solving system 0.18250077099946793
time in solving system 0.10312269399582874
concluded in  7.922734669002239
Solving snapshot 0 181
36
time in solving system 3.6935765360030928
time in solving system 0.11899140899913618
time in solving system 0.1183630550003727
concluded in  8.709199669996451
Solving snapshot 0 182
36
time in solving system 3.9349543830030598
time in solving system 0.11856314900069265
time in solving system 0.11026222100190353
concluded in  8.098486860995763
Solving snapshot 0 183
36
time in solving system 3.9964150240048184
time in solving system 0.11130263499944704
time in solving system 0.10337017600249965
concluded in  8.607603610005754
Solving snapshot 0 184
36
time in solving system 3.84258970200608
time in solving system 0.24558150999655481
time in solving system 0.24787943499541143
concluded in  9.043367926999053
Solving snapshot 0 185
36
time in solving system 3.037414368998725
time in solving system 0.1543108760015457
time in solving system 0.10794563500530785
concluded in  7.833651895001822
Solving snapshot 0 186
36
time in solving system 4.757852452996303
time in solving system 0.17877859299915144
time in solving system 0.10517267300019739
concluded in  10.038992601002974
Solving snapshot 0 187
36
time in solving system 4.212777831002313
time in solving system 0.09788454700174043
time in solving system 0.10406637499545468
concluded in  9.12606142200093
Solving snapshot 0 188
36
time in solving system 2.46015590299794
time in solving system 0.1254578579973895
time in solving system 0.11213811099878512
concluded in  7.009962198004359
Solving snapshot 0 189
36
time in solving system 2.214981737997732
time in solving system 0.10727623199636582
time in solving system 0.1007635619971552
concluded in  6.476788091000344
Solving snapshot 0 190
36
time in solving system 2.977655237002182
time in solving system 0.10820005999994464
time in solving system 0.11817731699557044
concluded in  9.049580195998715
Solving snapshot 0 191
36
time in solving system 2.5576806390017737
time in solving system 0.13622661100089317
time in solving system 0.15280167599848937
concluded in  7.478702952997992
Solving snapshot 0 192
36
time in solving system 4.288558591004403
time in solving system 0.11008911899989471
time in solving system 0.11382114899606677
concluded in  9.396232719998807
Solving snapshot 0 193
36
time in solving system 4.085718961003295
time in solving system 0.10500732299988158
time in solving system 0.09523396100121317
concluded in  9.398719139004243
Solving snapshot 0 194
36
time in solving system 2.5312073189998046
time in solving system 0.16295628400257556
time in solving system 0.12069474899908528
concluded in  7.822105136001483
Solving snapshot 0 195
36
time in solving system 2.167176777002169
time in solving system 0.11255276900192257
time in solving system 0.11013942999852588
concluded in  7.6385553009968135
Solving snapshot 0 196
36
time in solving system 3.4724622880021343
time in solving system 0.1272156169943628
time in solving system 0.10905230599746574
concluded in  8.017699948999507
Solving snapshot 0 197
36
time in solving system 3.7049614360003034
time in solving system 0.11392577199876541
time in solving system 0.10271765699872049
concluded in  9.241491113003576
Solving snapshot 0 198
36
time in solving system 3.7583186519987066
time in solving system 0.12021630099479808
time in solving system 0.12546279299567686
concluded in  10.381425029998354
Solving snapshot 0 199
36
time in solving system 3.293853825998667
time in solving system 0.11250724500132492
time in solving system 0.10113694299798226
concluded in  8.809027171002526
Solving snapshot 0 200
36
time in solving system 4.333403261000058
time in solving system 0.2505277659947751
time in solving system 0.26923979200364556
concluded in  8.611167852999642
Solving snapshot 0 201
36
time in solving system 3.3918872400026885
time in solving system 0.2556415779981762
time in solving system 0.26532911699905526
concluded in  8.879941229999531
Solving snapshot 0 202
36
time in solving system 3.8959333289967617
time in solving system 0.2308456210012082
time in solving system 0.12419847100682091
concluded in  8.375698805997672
Solving snapshot 0 203
36
time in solving system 4.033902029004821
time in solving system 0.2942489570050384
time in solving system 0.35930324500077404
concluded in  8.58166981699469
Solving snapshot 0 204
36
time in solving system 2.5377590379939647
time in solving system 0.1592574960013735
time in solving system 0.234021048003342
concluded in  6.368511455999396
Solving snapshot 0 205
36
time in solving system 4.349485241997172
time in solving system 0.24064663099852623
time in solving system 0.2099564750024001
concluded in  7.975739750996581
Solving snapshot 0 206
36
time in solving system 2.9205203509991406
time in solving system 0.26662082099937834
time in solving system 0.2541065250043175
concluded in  7.693131369000184
Solving snapshot 0 207
36
time in solving system 3.3721760589978658
time in solving system 0.10941673100023763
time in solving system 0.15472960300394334
concluded in  7.9574104490020545
Solving snapshot 0 208
36
time in solving system 2.9862619310006266
time in solving system 0.22666628599836258
time in solving system 0.11435540999809746
concluded in  7.283617098000832
Solving snapshot 0 209
36
time in solving system 2.858300683001289
time in solving system 0.10990314499940723
time in solving system 0.10860967299959157
concluded in  6.701611073003733
Solving snapshot 0 210
36
time in solving system 3.67292723099672
time in solving system 0.13368008600082248
time in solving system 0.1122759989957558
concluded in  7.468279070002609
Solving snapshot 0 211
36
time in solving system 4.249196721997578
time in solving system 0.18335663500329247
time in solving system 0.22360174400091637
concluded in  8.304018777998863
Solving snapshot 0 212
36
time in solving system 4.137815955000406
time in solving system 0.2639406730013434
time in solving system 0.2833420430033584
concluded in  8.285984973001177
Solving snapshot 0 213
36
time in solving system 5.06893794300413
time in solving system 0.15985423699748935
time in solving system 0.1343396010051947
concluded in  9.633289787998365
Solving snapshot 0 214
36
time in solving system 3.6213748959999066
time in solving system 0.22379836800246267
time in solving system 0.2330053939949721
concluded in  8.054157476006367
Solving snapshot 0 215
36
time in solving system 4.148581113004184
time in solving system 0.18633684299857123
time in solving system 0.16431727999588475
concluded in  7.697490246995585
Solving snapshot 0 216
36
time in solving system 4.896005286995205
time in solving system 0.11201819899724796
time in solving system 0.11582465800165664
concluded in  8.404757732001599
Solving snapshot 0 217
36
time in solving system 4.936709681998764
time in solving system 0.22333162900031311
time in solving system 0.27514980800333433
concluded in  9.668705771000532
Solving snapshot 0 218
36
time in solving system 3.6708896349955467
time in solving system 0.15382760200009216
time in solving system 0.25574019300256623
concluded in  7.588942793001479
Solving snapshot 0 219
36
time in solving system 4.505282963000354
time in solving system 0.1963636009968468
time in solving system 0.11026162200141698
concluded in  8.0072018619976
Solving snapshot 0 220
36
time in solving system 3.639269184001023
time in solving system 0.1520502999992459
time in solving system 0.11438903700036462
concluded in  7.277522392003448
Solving snapshot 0 221
36
time in solving system 4.737168097002723
time in solving system 0.2813030990000698
time in solving system 0.2662850190026802
concluded in  9.113031007000245
Solving snapshot 0 222
36
time in solving system 4.408632704005868
time in solving system 0.2418151960009709
time in solving system 0.263764663002803
concluded in  8.51244867999776
Solving snapshot 0 223
36
time in solving system 4.63601303500036
time in solving system 0.12866831599967554
time in solving system 0.17919538800197188
concluded in  8.161098889999266
Solving snapshot 0 224
36
time in solving system 3.5541874729970004
time in solving system 0.25475951899716165
time in solving system 0.2514515799994115
concluded in  7.259972931999073
Solving snapshot 0 225
36
time in solving system 2.8930509490019176
time in solving system 0.24497267500555608
time in solving system 0.24270503700245172
concluded in  7.112440277996939
Solving snapshot 0 226
36
time in solving system 3.549030373003916
time in solving system 0.22939608299930114
time in solving system 0.24325366000266513
concluded in  7.515006273002655
Solving snapshot 0 227
36
time in solving system 2.552565249003237
time in solving system 0.11371101700206054
time in solving system 0.10991024800023297
concluded in  6.505185469002754
Solving snapshot 0 228
36
time in solving system 3.376785275002476
time in solving system 0.11512358800246147
time in solving system 0.11142452799685998
concluded in  7.845712150003237
Solving snapshot 0 229
36
time in solving system 2.8878005590013345
time in solving system 0.11346449099801248
time in solving system 0.11561412999435561
concluded in  8.484650236998277
Solving snapshot 0 230
36
time in solving system 2.3343145430044387
time in solving system 0.14393462100269971
time in solving system 0.1627934110001661
concluded in  8.178702977995272
Solving snapshot 0 231
36
time in solving system 2.6172349369953736
time in solving system 0.11364227600279264
time in solving system 0.10910146400419762
concluded in  8.635584527000901
Solving snapshot 0 232
36
time in solving system 3.35606415199436
time in solving system 0.10883224400458857
time in solving system 0.10596724999777507
concluded in  7.7666198079969035
Solving snapshot 0 233
36
time in solving system 2.6159583350017783
time in solving system 0.10843293300422374
time in solving system 0.10138993599684909
concluded in  7.38732351300132
Solving snapshot 0 234
36
time in solving system 3.7667740780016175
time in solving system 0.11468494500149973
time in solving system 0.11108361100195907
concluded in  10.178907394998532
Solving snapshot 0 235
36
time in solving system 3.836211447000096
time in solving system 0.12347237899666652
time in solving system 0.10210764100338565
concluded in  8.885238906004815
Solving snapshot 0 236
36
time in solving system 4.41996044699772
time in solving system 0.1315485700033605
time in solving system 0.10960568800510373
concluded in  8.152922551998927
Solving snapshot 0 237
36
time in solving system 3.55837708600302
time in solving system 0.11759645900019677
time in solving system 0.11434116500458913
concluded in  8.268015898000158
Solving snapshot 0 238
36
time in solving system 3.3854769539975678
time in solving system 0.11093358800280839
time in solving system 0.14909810100652976
concluded in  7.487930196002708
Solving snapshot 0 239
36
time in solving system 4.961270605999744
time in solving system 0.1408600889990339
time in solving system 0.21306104700488504
concluded in  8.962764015996072
Solving snapshot 0 240
36
time in solving system 4.53524072500295
time in solving system 0.11389930499717593
time in solving system 0.16088261499680812
concluded in  12.289457273996959
Solving snapshot 0 241
36
time in solving system 4.023113700997783
time in solving system 0.11054800000420073
time in solving system 0.10222873000020627
concluded in  10.07807662999403
Solving snapshot 0 242
36
time in solving system 3.918824358996062
time in solving system 0.103389548996347
time in solving system 0.10206766500050435
concluded in  9.313090615003603
Solving snapshot 0 243
36
time in solving system 2.893853390000004
time in solving system 0.1130237089964794
time in solving system 0.10925294700427912
concluded in  8.098884518003615
Solving snapshot 0 244
36
time in solving system 4.003973415005021
time in solving system 0.18176983400189783
time in solving system 0.21290453700203216
concluded in  8.681621380004799
Solving snapshot 0 245
36
time in solving system 4.710182734001137
time in solving system 0.318304195003293
time in solving system 0.2043659929986461
concluded in  9.477986106001481
Solving snapshot 0 246
36
time in solving system 4.573947606004367
time in solving system 0.1195801370049594
time in solving system 0.11431372399965767
concluded in  9.070557402003033
Solving snapshot 0 247
36
time in solving system 4.8235235110041685
time in solving system 0.3420460740017006
time in solving system 0.13501917000394315
concluded in  8.656732524999825
Solving snapshot 0 248
36
time in solving system 5.225876020005671
time in solving system 0.113273921997461
time in solving system 0.12252232899481896
concluded in  10.047675415000413
Solving snapshot 0 249
36
time in solving system 3.792165106002358
time in solving system 0.10840943299990613
time in solving system 0.11631995099742198
concluded in  8.561291956000787
Solving snapshot 0 250
36
time in solving system 4.439178972002992
time in solving system 0.24105360899557127
time in solving system 0.22361454299971228
concluded in  9.171381011001358
Solving snapshot 0 251
36
time in solving system 4.456345841004804
time in solving system 0.11008251600287622
time in solving system 0.11619346900261007
concluded in  9.006370267998136
Solving snapshot 0 252
36
time in solving system 4.838055133994203
time in solving system 0.10860868900635978
time in solving system 0.10688159999699565
concluded in  8.704277819000708
Solving snapshot 0 253
36
time in solving system 4.652698671998223
time in solving system 0.100968577004096
time in solving system 0.09808555400377372
concluded in  9.066722119001497
Solving snapshot 0 254
36
time in solving system 4.65407917000266
time in solving system 0.11151177900319453
time in solving system 0.09493463399849134
concluded in  10.00404590400285
Solving snapshot 0 255
36
time in solving system 3.440949982003076
time in solving system 0.19706714399944758
time in solving system 0.10957201400015038
concluded in  8.693441775998508
Solving snapshot 0 256
36
time in solving system 3.815558226000576
time in solving system 0.09067242700257339
time in solving system 0.09354453899868531
concluded in  9.942984846995387
Solving snapshot 0 257
36
time in solving system 4.2149597740062745
time in solving system 0.10430101300153183
time in solving system 0.11095479399955366
concluded in  10.415657949000888
Solving snapshot 0 258
36
time in solving system 3.9520979989974876
time in solving system 0.150473036999756
time in solving system 0.13098676200024784
concluded in  9.84911989900138
Solving snapshot 0 259
36
time in solving system 2.553089002001798
time in solving system 0.1064172240003245
time in solving system 0.10385413699987112
concluded in  8.452497332000348
Solving snapshot 0 260
36
time in solving system 2.433926651996444
time in solving system 0.1471841519960435
time in solving system 0.11692763600149192
concluded in  8.998583815002348
Solving snapshot 0 261
36
time in solving system 3.460120199000812
time in solving system 0.11900957199395634
time in solving system 0.1176777820001007
concluded in  7.755781845000456
Solving snapshot 0 262
36
time in solving system 4.3072819389999495
time in solving system 0.12471092299529118
time in solving system 0.11298017200169852
concluded in  9.921046320996538
Solving snapshot 0 263
36
time in solving system 4.1496593129995745
time in solving system 0.156471746005991
time in solving system 0.10941983700467972
concluded in  8.568759909001528
Solving snapshot 0 264
36
time in solving system 3.4891462000014144
time in solving system 0.1113612600020133
time in solving system 0.10943774099723669
concluded in  8.932613443001173
Solving snapshot 0 265
36
time in solving system 3.880060258998128
time in solving system 0.10712038500059862
time in solving system 0.10958396599744447
concluded in  9.10195622399624
Solving snapshot 0 266
36
time in solving system 3.090784888001508
time in solving system 0.11902142599865329
time in solving system 0.11449744099809323
concluded in  7.040966738000861
Solving snapshot 0 267
36
time in solving system 3.661901064995618
time in solving system 0.11363739899388747
time in solving system 0.12998203199822456
concluded in  8.323337062000064
Solving snapshot 0 268
36
time in solving system 4.601234629000828
time in solving system 0.23345228300604504
time in solving system 0.24626912999519845
concluded in  9.251541187994007
Solving snapshot 0 269
36
time in solving system 4.834508644002199
time in solving system 0.11554823999904329
time in solving system 0.11557162299868651
concluded in  8.826147633997607
Solving snapshot 0 270
36
time in solving system 3.6157021109975176
time in solving system 0.1110658060060814
time in solving system 0.14573262100020656
concluded in  8.008175596994988
Solving snapshot 0 271
36
time in solving system 3.7831009090004954
time in solving system 0.11593984800128965
time in solving system 0.13833420699666021
concluded in  7.786121140998148
Solving snapshot 0 272
36
time in solving system 4.45536946500215
time in solving system 0.14914110400422942
time in solving system 0.11967303400160745
concluded in  8.143333581996558
Solving snapshot 0 273
36
time in solving system 4.905844891996821
time in solving system 0.10000949999812292
time in solving system 0.10310928700346267
concluded in  8.390137178997975
Solving snapshot 0 274
36
time in solving system 2.784377318996121
time in solving system 0.1171523340017302
time in solving system 0.2142442249969463
concluded in  7.638311278999026
Solving snapshot 0 275
36
time in solving system 4.325325174999307
time in solving system 0.11721572799433488
time in solving system 0.10888918500131695
concluded in  8.783615537002333
Solving snapshot 0 276
36
time in solving system 3.8121386409984552
time in solving system 0.13561238599504577
time in solving system 0.11268817899690475
concluded in  7.506538722002006
Solving snapshot 0 277
36
time in solving system 2.7483875719990465
time in solving system 0.1152108890019008
time in solving system 0.17440652200457407
concluded in  6.2671510110012605
Solving snapshot 0 278
36
time in solving system 2.683296725997934
time in solving system 0.22394243700546212
time in solving system 0.19050742499530315
concluded in  7.02716062500258
Solving snapshot 0 279
36
time in solving system 3.430332611002086
time in solving system 0.11055038100312231
time in solving system 0.10651267600042047
concluded in  7.368641802000639
Solving snapshot 0 280
36
time in solving system 2.217296629001794
time in solving system 0.10647172199969646
time in solving system 0.11252542900183471
concluded in  6.95512139499624
Solving snapshot 0 281
36
time in solving system 2.201594844002102
time in solving system 0.0996945489969221
time in solving system 0.10125356599746738
concluded in  7.558169850999548
Solving snapshot 0 282
36
time in solving system 3.7177760980048333
time in solving system 0.11958732900529867
time in solving system 0.10751358899869956
concluded in  8.846934066001268
Solving snapshot 0 283
36
time in solving system 3.880412010999862
time in solving system 0.11545109700091416
time in solving system 0.14859987900126725
concluded in  8.028929690997757
Solving snapshot 0 284
36
time in solving system 3.3436638649945962
time in solving system 0.14548380100313807
time in solving system 0.11262398600229062
concluded in  7.374651869002264
Solving snapshot 0 285
36
time in solving system 3.041384240001207
time in solving system 0.1878287299987278
time in solving system 0.12809175499569392
concluded in  6.502787488003378
Solving snapshot 0 286
36
time in solving system 2.5020660149966716
time in solving system 0.12807102000078885
time in solving system 0.13951760799682233
concluded in  5.762972994001757
Solving snapshot 0 287
36
time in solving system 2.7333027069980744
time in solving system 0.10756685299566016
time in solving system 0.10668984500080114
concluded in  6.215064566997171
Solving snapshot 0 288
36
time in solving system 2.2176926559986896
time in solving system 0.11722313499922166
time in solving system 0.11074433799512917
concluded in  5.778180950001115
Solving snapshot 0 289
36
time in solving system 3.0046323809947353
time in solving system 0.10737498199887341
time in solving system 0.10685429399745772
concluded in  6.598557143996004
Solving snapshot 0 290
36
time in solving system 2.9445132420005393
time in solving system 0.10887164199812105
time in solving system 0.12330137699609622
concluded in  6.336534735994064
Solving snapshot 0 291
36
time in solving system 3.28916464500071
time in solving system 0.11192299699905561
time in solving system 0.1092912329986575
concluded in  6.850772370999039
Solving snapshot 0 292
36
time in solving system 2.622635025996715
time in solving system 0.11671531500178389
time in solving system 0.11701634599739918
concluded in  6.237711327004945
Solving snapshot 0 293
36
time in solving system 2.89196709299722
time in solving system 0.11673716000223067
time in solving system 0.10117402600008063
concluded in  6.227067448999151
Solving snapshot 0 294
36
time in solving system 2.5631104319982114
time in solving system 0.1720824769945466
time in solving system 0.10591061400191393
concluded in  5.962156372996105
Solving snapshot 0 295
36
time in solving system 3.7866535669963923
time in solving system 0.11103630800062092
time in solving system 0.1006815880027716
concluded in  7.196414645994082
Solving snapshot 0 296
36
time in solving system 3.9570651419999194
time in solving system 0.11509236299752956
time in solving system 0.1571896410023328
concluded in  7.586379726002633
Solving snapshot 0 297
36
time in solving system 3.1653595190000487
time in solving system 0.12309015399659984
time in solving system 0.20298706999892602
concluded in  6.975263794003695
Solving snapshot 0 298
36
time in solving system 2.7884324620026746
time in solving system 0.11597939900093479
time in solving system 0.09942443700128933
concluded in  7.1796184920021915
Solving snapshot 0 299
36
time in solving system 2.676243940004497
time in solving system 0.10465441399719566
time in solving system 0.10343712100439006
concluded in  6.141999580002448
[98]
Solving not completed simulation: 1-th chance
Solving snapshot -1 98
36
time in solving system 2.1148876860024757
time in solving system 0.09925871199811809
time in solving system 0.08811641100328416
Building point search tree to accelerate distance queries.
Computed bounding box tree with 40307 nodes for 20154 points.
Failed solving snapshot 48398 98
[98]
Solving not completed simulation: 2-th chance
Solving snapshot -1 98
36
time in solving system 2.061058427003445
time in solving system 0.10096675899694674
time in solving system 0.08468345300207147
Building point search tree to accelerate distance queries.
Computed bounding box tree with 40147 nodes for 20074 points.
Failed solving snapshot 48398 98
[98]
Solving not completed simulation: 3-th chance
Solving snapshot -1 98
36
time in solving system 2.535962770001788
time in solving system 0.09974312800477492
time in solving system 0.09347650300333044
Building point search tree to accelerate distance queries.
Computed bounding box tree with 40231 nodes for 20116 points.
Failed solving snapshot 48398 98
[98]
Solving not completed simulation: 4-th chance
Solving snapshot -1 98
36
time in solving system 2.212929321998672
time in solving system 0.09733913200034294
time in solving system 0.0889502599966363
concluded in  5.5631463719983
[]
Not completed: []
