Solving not completed simulation: 0-th chance
Solving snapshot 0 0
36
time in solving system 3.0655486059986288
time in solving system 0.15750405099970521
time in solving system 0.0942759620011202
concluded in  5.686279969995667
Solving snapshot 0 1
36
time in solving system 2.351875893997203
time in solving system 0.11893979500018759
time in solving system 0.10351058599917451
concluded in  5.276550438000413
Solving snapshot 0 2
36
time in solving system 2.54222354599915
time in solving system 0.10596194300160278
time in solving system 0.09635022400470916
concluded in  5.290651884999534
Solving snapshot 0 3
36
time in solving system 2.431230214999232
time in solving system 0.10107373599748826
time in solving system 0.09393840799748432
concluded in  5.018933981002192
Solving snapshot 0 4
36
time in solving system 2.4275612450001063
time in solving system 0.12569382499350468
time in solving system 0.10088767600245774
concluded in  5.183296508999774
Solving snapshot 0 5
36
time in solving system 3.364795811998192
time in solving system 0.11668177299725357
time in solving system 0.11429797299933853
concluded in  6.328192075001425
Solving snapshot 0 6
36
time in solving system 3.0789158699990367
time in solving system 0.11984587399638258
time in solving system 0.11185226999805309
concluded in  6.39615659500123
Solving snapshot 0 7
36
time in solving system 3.212183569004992
time in solving system 0.1622748129957472
time in solving system 0.11765847299830057
concluded in  6.701606606999121
Solving snapshot 0 8
36
time in solving system 3.1442360660003033
time in solving system 0.09736059500573901
time in solving system 0.10427034700114746
concluded in  6.444964781003364
Solving snapshot 0 9
36
time in solving system 3.5406758839963004
time in solving system 0.17149005800456507
time in solving system 0.1089235949984868
concluded in  6.9754562990056
Solving snapshot 0 10
36
time in solving system 3.0845403680068557
time in solving system 0.11223759299900848
time in solving system 0.10293874300259631
concluded in  6.783648908000032
Solving snapshot 0 11
36
time in solving system 4.284761916002026
time in solving system 0.11831276000157231
time in solving system 0.11717784000211395
concluded in  7.4670154670020565
Solving snapshot 0 12
36
time in solving system 5.787823792001291
time in solving system 0.1588077720007277
time in solving system 0.13962633299524896
concluded in  9.67289666900615
Solving snapshot 0 13
36
time in solving system 5.203181340999436
time in solving system 0.18338223199680215
time in solving system 0.17738835999625735
concluded in  8.755768538998382
Solving snapshot 0 14
36
time in solving system 5.26525122300518
time in solving system 0.15920752300007734
time in solving system 0.10888967000209959
concluded in  9.447781853996275
Solving snapshot 0 15
36
time in solving system 5.408957513005589
time in solving system 0.1836270570056513
time in solving system 0.11767012500058627
concluded in  9.383376564997889
Solving snapshot 0 16
36
time in solving system 4.524322523997398
time in solving system 0.14736543800245272
time in solving system 0.11958327500178711
concluded in  8.676498952998372
Solving snapshot 0 17
36
time in solving system 5.0320016170007875
time in solving system 0.12350987600075314
time in solving system 0.1188465810046182
concluded in  8.536982801000704
Solving snapshot 0 18
36
time in solving system 4.512935559003381
time in solving system 0.1362231620005332
time in solving system 0.11566732299979776
concluded in  9.392461531002482
Solving snapshot 0 19
36
time in solving system 3.707890508994751
time in solving system 0.14853216699702898
time in solving system 0.10856052099552471
concluded in  8.354299548002018
Solving snapshot 0 20
36
time in solving system 5.597997133998433
time in solving system 0.1146941990009509
time in solving system 0.11461596099979943
concluded in  9.517100148004829
Solving snapshot 0 21
36
time in solving system 4.055435096997826
time in solving system 0.12270413499936694
time in solving system 0.11384413800260518
concluded in  8.435206747999473
Solving snapshot 0 22
36
time in solving system 2.9734108109987574
time in solving system 0.13131555200379808
time in solving system 0.1516799950040877
concluded in  7.891254817004665
Solving snapshot 0 23
36
time in solving system 4.524108561003231
time in solving system 0.1821823909995146
time in solving system 0.11505707899777917
concluded in  8.727151668994338
Solving snapshot 0 24
36
time in solving system 5.045092463995388
time in solving system 0.14529799400042975
time in solving system 0.11250821200519567
concluded in  9.482732376003696
Solving snapshot 0 25
36
time in solving system 3.88132740099536
time in solving system 0.11875837299885461
time in solving system 0.10211835499649169
concluded in  7.641041832997871
Solving snapshot 0 26
36
time in solving system 4.0642163879965665
time in solving system 0.11537728500115918
time in solving system 0.13460264199966332
concluded in  8.411358430996188
Solving snapshot 0 27
36
time in solving system 4.247101408000162
time in solving system 0.24618284199823393
time in solving system 0.15092689499579137
concluded in  9.196697029998177
Solving snapshot 0 28
36
time in solving system 3.1786048989961273
time in solving system 0.12616597200394608
time in solving system 0.10897761999513023
concluded in  7.6283288819977315
Solving snapshot 0 29
36
time in solving system 3.7378237859957153
time in solving system 0.11100190800061682
time in solving system 0.11359207499481272
concluded in  8.614761245997215
Solving snapshot 0 30
36
time in solving system 3.6194333679959527
time in solving system 0.11065278699970804
time in solving system 0.12711962700268487
concluded in  8.073165911002434
Solving snapshot 0 31
36
time in solving system 3.8903914319962496
time in solving system 0.11214149100123905
time in solving system 0.10480394399928628
concluded in  9.021896284997638
Solving snapshot 0 32
36
time in solving system 4.359440275999077
time in solving system 0.1087121080054203
time in solving system 0.11576380599581171
concluded in  9.319867303995125
Solving snapshot 0 33
36
time in solving system 4.318640978002804
time in solving system 0.11474314099905314
time in solving system 0.11695869400136871
concluded in  8.953567485994427
Solving snapshot 0 34
36
time in solving system 3.906944755995937
time in solving system 0.14978645999508444
time in solving system 0.10842003599827876
concluded in  9.22856848200172
Solving snapshot 0 35
36
time in solving system 4.600330257999303
time in solving system 0.10781603799841832
time in solving system 0.10907347800093703
concluded in  9.010138350000489
Solving snapshot 0 36
36
time in solving system 4.7278345369995805
time in solving system 0.10978204099956201
time in solving system 0.1085123949960689
concluded in  8.962287864997052
Solving snapshot 0 37
36
time in solving system 4.8718593180019525
time in solving system 0.1122771219961578
time in solving system 0.10526548900088528
concluded in  9.4002130259978
Solving snapshot 0 38
36
time in solving system 4.391677184998116
time in solving system 0.12820159600232728
time in solving system 0.10914489199785748
concluded in  8.46343474999594
Solving snapshot 0 39
36
time in solving system 3.92731019200437
time in solving system 0.11653847900015535
time in solving system 0.11364160999801243
concluded in  8.366372056996624
Solving snapshot 0 40
36
time in solving system 3.5200950440048473
time in solving system 0.12684001999878092
time in solving system 0.11358275300153764
concluded in  7.8826263369992375
Solving snapshot 0 41
36
time in solving system 3.176750594000623
time in solving system 0.1066426519973902
time in solving system 0.11443901900202036
concluded in  8.285408684001595
Solving snapshot 0 42
36
time in solving system 4.858003634995839
time in solving system 0.25865081699885195
time in solving system 0.13169701399601763
concluded in  9.561907212999358
Solving snapshot 0 43
36
time in solving system 4.149552257993491
time in solving system 0.14417365699773654
time in solving system 0.16881732400361216
concluded in  8.493670427000325
Solving snapshot 0 44
36
time in solving system 4.872884789001546
time in solving system 0.11067976200138219
time in solving system 0.10936497700458858
concluded in  9.023484694000217
Solving snapshot 0 45
36
time in solving system 4.760836784000276
time in solving system 0.10628473800170468
time in solving system 0.11183919999893988
concluded in  8.708461734000593
Solving snapshot 0 46
36
time in solving system 3.838544603997434
time in solving system 0.13513881199469324
time in solving system 0.24241294400417246
concluded in  10.029215775000921
Solving snapshot 0 47
36
time in solving system 3.3359570230022655
time in solving system 0.16352346599887824
time in solving system 0.2532652810041327
concluded in  8.314985336000973
Solving snapshot 0 48
36
time in solving system 3.3903357349990983
time in solving system 0.24526433300343342
time in solving system 0.2233641519997036
concluded in  7.707281750997936
Solving snapshot 0 49
36
time in solving system 4.352515082995524
time in solving system 0.11774271199828945
time in solving system 0.1248320849990705
concluded in  7.989448647997051
Solving snapshot 0 50
36
time in solving system 3.856470270999125
time in solving system 0.11233032399468357
time in solving system 0.10817047599994112
concluded in  7.644471679996059
Solving snapshot 0 51
36
time in solving system 4.341932494004141
time in solving system 0.2329477789971861
time in solving system 0.25888118800503435
concluded in  8.891209512003115
Solving snapshot 0 52
36
time in solving system 3.5885090570009197
time in solving system 0.25542699299694505
time in solving system 0.22553744800097775
concluded in  8.79881874700368
Solving snapshot 0 53
36
time in solving system 2.360342143998423
time in solving system 0.10928185300144833
time in solving system 0.1366981620012666
concluded in  7.2576854530052515
Solving snapshot 0 54
36
time in solving system 3.4878274670045357
time in solving system 0.10158810000575613
time in solving system 0.10071148199494928
concluded in  9.248471730999881
Solving snapshot 0 55
36
time in solving system 4.510932842000329
time in solving system 0.12494170400168514
time in solving system 0.10625628400157439
concluded in  9.475972572996398
Solving snapshot 0 56
36
time in solving system 4.379485028002819
time in solving system 0.16519081300066318
time in solving system 0.243465115003346
concluded in  9.22378121499787
Solving snapshot 0 57
36
time in solving system 2.297854124000878
time in solving system 0.24117005099833477
time in solving system 0.22694465499807848
concluded in  6.869438296002045
Solving snapshot 0 58
36
time in solving system 3.733734776993515
time in solving system 0.11258783399534877
time in solving system 0.10517929599882336
concluded in  8.35298142299871
Solving snapshot 0 59
36
time in solving system 4.133621651002613
time in solving system 0.11648078600410372
time in solving system 0.12652919699758058
concluded in  8.052716627003974
Solving snapshot 0 60
36
time in solving system 2.8446526959960465
time in solving system 0.12332837200665381
time in solving system 0.2273825840020436
concluded in  6.619858660000318
Solving snapshot 0 61
36
time in solving system 3.4603820999982418
time in solving system 0.11157029299647547
time in solving system 0.1998385260012583
concluded in  7.347285378004017
Solving snapshot 0 62
36
time in solving system 2.9146369630034314
time in solving system 0.11388841399457306
time in solving system 0.19047155699809082
concluded in  7.36361933399894
Solving snapshot 0 63
36
time in solving system 3.8587676489987643
time in solving system 0.22376674300176091
time in solving system 0.18714220199763076
concluded in  7.828064179993817
Solving snapshot 0 64
36
time in solving system 3.8870212550027645
time in solving system 0.10521068900561659
time in solving system 0.11046157300006598
concluded in  7.352142954994633
Solving snapshot 0 65
36
time in solving system 3.79670920100034
time in solving system 0.11289963799936231
time in solving system 0.11656470299931243
concluded in  7.946861955002532
Solving snapshot 0 66
36
time in solving system 4.4235104999970645
time in solving system 0.1091384140017908
time in solving system 0.11270551200141199
concluded in  7.818105679994915
Solving snapshot 0 67
36
time in solving system 4.172605888998078
time in solving system 0.11299460800364614
time in solving system 0.12885026699950686
concluded in  7.665494132997992
Solving snapshot 0 68
36
time in solving system 4.513945042999694
time in solving system 0.2430831789970398
time in solving system 0.11223848400550196
concluded in  8.653669168998022
Solving snapshot 0 69
36
time in solving system 3.8251581779986736
time in solving system 0.12370805700629717
time in solving system 0.14249971599929268
concluded in  8.115285414998652
Solving snapshot 0 70
36
time in solving system 3.51973231699958
time in solving system 0.40186258000176167
time in solving system 0.2867249159971834
concluded in  8.646114512994245
Solving snapshot 0 71
36
time in solving system 4.4338253069945495
time in solving system 0.30702630700398004
time in solving system 0.2336938430016744
concluded in  8.528998728994338
Solving snapshot 0 72
36
time in solving system 4.532612916998914
time in solving system 0.1453295059982338
time in solving system 0.2520951249971404
concluded in  8.567192864997196
Solving snapshot 0 73
36
time in solving system 3.664806688997487
time in solving system 0.10683774600329343
time in solving system 0.10692174099676777
concluded in  7.528587442000571
Solving snapshot 0 74
36
time in solving system 4.334335669998836
time in solving system 0.10898364100285107
time in solving system 0.10881640800653258
concluded in  8.281991976000427
Solving snapshot 0 75
36
time in solving system 3.910101431996736
time in solving system 0.22152357699815184
time in solving system 0.1052032869993127
concluded in  8.053659555000195
Solving snapshot 0 76
36
time in solving system 4.194562791999488
time in solving system 0.11527880599896889
time in solving system 0.11990983699797653
concluded in  8.27603799100325
Solving snapshot 0 77
36
time in solving system 3.6371853979944717
time in solving system 0.13731302400265122
time in solving system 0.096142308000708
concluded in  7.172939015996235
Solving snapshot 0 78
36
time in solving system 4.331254495999019
time in solving system 0.13354725299723214
time in solving system 0.1090671969941468
concluded in  8.354119816001912
Solving snapshot 0 79
36
time in solving system 3.870747607004887
time in solving system 0.20404994399723364
time in solving system 0.11473925300379051
concluded in  7.638501348003047
Solving snapshot 0 80
36
time in solving system 3.110345351000433
time in solving system 0.11093372300092597
time in solving system 0.15731381899968255
concluded in  7.746446460994775
Solving snapshot 0 81
36
time in solving system 2.8716929169968353
time in solving system 0.11642390699853422
time in solving system 0.1404770740045933
concluded in  7.129915509998682
Solving snapshot 0 82
36
time in solving system 4.441346703999443
time in solving system 0.12328740099474089
time in solving system 0.11367738300032215
concluded in  8.379279760993086
Solving snapshot 0 83
36
time in solving system 2.799498714004585
time in solving system 0.12922340099612484
time in solving system 0.11351311699399957
concluded in  8.478078943997389
Solving snapshot 0 84
36
time in solving system 2.3444734670047183
time in solving system 0.13233082099759486
time in solving system 0.10739461400225991
concluded in  8.069461227001739
Solving snapshot 0 85
36
time in solving system 4.5435052039974835
time in solving system 0.10156143100175541
time in solving system 0.10133185899758246
concluded in  9.841646863998903
Solving snapshot 0 86
36
time in solving system 2.799008207002771
time in solving system 0.11236156700033462
time in solving system 0.10794476100272732
concluded in  8.808661682000093
Solving snapshot 0 87
36
time in solving system 3.159786226999131
time in solving system 0.10494720900169341
time in solving system 0.10164445500413422
concluded in  9.371712097003183
Solving snapshot 0 88
36
time in solving system 3.0746707299986156
time in solving system 0.11022244200285058
time in solving system 0.10952771099982783
concluded in  8.875229949997447
Solving snapshot 0 89
36
time in solving system 2.619945259997621
time in solving system 0.19304144499619724
time in solving system 0.23329229199589463
concluded in  7.784824251000828
Solving snapshot 0 90
36
time in solving system 2.7271840349931153
time in solving system 0.10803386000043247
time in solving system 0.10003258399956394
concluded in  6.737149282998871
Solving snapshot 0 91
36
time in solving system 4.032677712995792
time in solving system 0.09828684700187296
time in solving system 0.11786280500382418
concluded in  8.351648267998826
Solving snapshot 0 92
36
time in solving system 3.3463025860037305
time in solving system 0.11023776599904522
time in solving system 0.22917823000170756
concluded in  7.477930228997138
Solving snapshot 0 93
36
time in solving system 2.1708093830020516
time in solving system 0.11810601400065934
time in solving system 0.1185084190001362
concluded in  7.231096160998277
Solving snapshot 0 94
36
time in solving system 2.8425589659964317
time in solving system 0.24331584200263023
time in solving system 0.234165521003888
concluded in  8.358495709995623
Solving snapshot 0 95
36
time in solving system 2.595742616998905
time in solving system 0.13231447999714874
time in solving system 0.11398406000080286
concluded in  7.62998688800144
Solving snapshot 0 96
36
time in solving system 1.9893246790015837
time in solving system 0.10526216099970043
time in solving system 0.10672295399854193
concluded in  6.1432519650043105
Solving snapshot 0 97
36
time in solving system 2.712129653999
time in solving system 0.10846938000031514
time in solving system 0.10954787000082433
concluded in  7.304511760004971
Solving snapshot 0 98
36
time in solving system 3.3335736799999722
time in solving system 0.10606075200485066
time in solving system 0.10855244999402203
concluded in  8.261720653994416
Solving snapshot 0 99
36
time in solving system 3.579939589006244
time in solving system 0.11331287500070175
time in solving system 0.10569845099962549
concluded in  8.519785629003309
Solving snapshot 0 100
36
time in solving system 2.0102498510022997
time in solving system 0.11075708600401413
time in solving system 0.10080787100014277
concluded in  7.169794100002036
Solving snapshot 0 101
36
time in solving system 3.2471254510019207
time in solving system 0.2198897339985706
time in solving system 0.23121034300129395
concluded in  8.565668449999066
Solving snapshot 0 102
36
time in solving system 4.0904208259962616
time in solving system 0.11807927599875256
time in solving system 0.11337789700337453
concluded in  8.954061645003094
Solving snapshot 0 103
36
time in solving system 3.5090488299974822
time in solving system 0.23105276199930813
time in solving system 0.27630406700336607
concluded in  7.591971072004526
Solving snapshot 0 104
36
time in solving system 2.198369678000745
time in solving system 0.2472452650035848
time in solving system 0.2397162080014823
concluded in  5.74514885499957
Solving snapshot 0 105
36
time in solving system 2.373837173996435
time in solving system 0.22791111299738986
time in solving system 0.38778300000558374
concluded in  7.560759683998185
Solving snapshot 0 106
36
time in solving system 3.2099324899973
time in solving system 0.10620045199902961
time in solving system 0.11898060599924065
concluded in  7.22603893300402
Solving snapshot 0 107
36
time in solving system 2.645048566002515
time in solving system 0.11063512499822536
time in solving system 0.09612650100461906
concluded in  6.6140556469981675
Solving snapshot 0 108
36
time in solving system 2.5631390339985956
time in solving system 0.11198495300050126
time in solving system 0.109966957999859
concluded in  7.72678025100322
Solving snapshot 0 109
36
time in solving system 2.167518618000031
time in solving system 0.09647733999736374
time in solving system 0.10331526899972232
concluded in  6.742809409995971
Solving snapshot 0 110
36
time in solving system 2.074832886995864
time in solving system 0.10444123899651458
time in solving system 0.10451853700214997
concluded in  7.074331638999865
Solving snapshot 0 111
36
time in solving system 3.4463072209982784
time in solving system 0.10691141099960078
time in solving system 0.10607897400041111
concluded in  7.9764158410034725
Solving snapshot 0 112
36
time in solving system 2.893767129004118
time in solving system 0.10863094300293596
time in solving system 0.10667247899982613
concluded in  8.082339128995955
Solving snapshot 0 113
36
time in solving system 3.7677555749978637
time in solving system 0.10938790799991693
time in solving system 0.10755343199707568
concluded in  7.6795461980000255
Solving snapshot 0 114
36
time in solving system 2.9425068010023097
time in solving system 0.11187132199847838
time in solving system 0.11427868299506372
concluded in  7.268748100002995
Solving snapshot 0 115
36
time in solving system 3.7436858680011937
time in solving system 0.10629169800085947
time in solving system 0.10349988999951165
concluded in  7.998703352997836
Solving snapshot 0 116
36
time in solving system 4.210068594999029
time in solving system 0.11159480099740904
time in solving system 0.11304227199434536
concluded in  9.698370160003833
Solving snapshot 0 117
36
time in solving system 4.436455038994609
time in solving system 0.11516557099821512
time in solving system 0.12064403800468426
concluded in  8.78638687000057
Solving snapshot 0 118
36
time in solving system 3.2589535630031605
time in solving system 0.12610945099731907
time in solving system 0.10323332700500032
concluded in  8.497426866000751
Solving snapshot 0 119
36
time in solving system 3.921397643003729
time in solving system 0.14737467400118476
time in solving system 0.10779173899936723
concluded in  7.8028739349974785
Solving snapshot 0 120
36
time in solving system 4.5417231140017975
time in solving system 0.22424329099885654
time in solving system 0.26486622599622933
concluded in  9.056311954002012
Solving snapshot 0 121
36
time in solving system 3.3515131680032937
time in solving system 0.3715112450008746
time in solving system 0.2851843969983747
concluded in  7.445333725998353
Solving snapshot 0 122
36
time in solving system 2.670203285997559
time in solving system 0.11349233600049047
time in solving system 0.1625738119982998
concluded in  6.331109972001286
Solving snapshot 0 123
36
time in solving system 2.524561238999013
time in solving system 0.11593704100232571
time in solving system 0.11136745599651476
concluded in  6.493040793997352
Solving snapshot 0 124
36
time in solving system 2.950658237998141
time in solving system 0.11824874699959764
time in solving system 0.14486645300348755
concluded in  6.844447896997735
Solving snapshot 0 125
36
time in solving system 4.088201327998831
time in solving system 0.1645272349996958
time in solving system 0.13515223799913656
concluded in  8.566994396001974
Solving snapshot 0 126
36
time in solving system 3.028313849994447
time in solving system 0.13493530699633993
time in solving system 0.11293660999945132
concluded in  6.620921478999662
Solving snapshot 0 127
36
time in solving system 3.5572512349972385
time in solving system 0.1131927739988896
time in solving system 0.10862001300120028
concluded in  7.118379824998556
Solving snapshot 0 128
36
time in solving system 4.032023992003815
time in solving system 0.11553906599874608
time in solving system 0.10997252599918284
concluded in  7.987744550999196
Solving snapshot 0 129
36
time in solving system 3.4673757509954157
time in solving system 0.13199780400464078
time in solving system 0.11275940100313164
concluded in  6.8781797909978195
Solving snapshot 0 130
36
time in solving system 3.070043668994913
time in solving system 0.13207754300674424
time in solving system 0.11452442400332075
concluded in  7.712183668001671
Solving snapshot 0 131
36
time in solving system 3.6738732310041087
time in solving system 0.12412208499881672
time in solving system 0.13922623400139855
concluded in  7.871946043000207
Solving snapshot 0 132
36
time in solving system 3.337898582001799
time in solving system 0.10963395199360093
time in solving system 0.11821809100365499
concluded in  7.587845948000904
Solving snapshot 0 133
36
time in solving system 3.7400528130019666
time in solving system 0.1064464310038602
time in solving system 0.1096331939988886
concluded in  8.981298740000057
Solving snapshot 0 134
36
time in solving system 2.222966533001454
time in solving system 0.10645190200011712
time in solving system 0.09889937000116333
concluded in  7.239160628996615
Solving snapshot 0 135
36
time in solving system 3.4311316160019487
time in solving system 0.12386737699853256
time in solving system 0.10902802600321593
concluded in  8.55366733399569
Solving snapshot 0 136
36
time in solving system 2.763507794996258
time in solving system 0.1360986049985513
time in solving system 0.10880622799595585
concluded in  7.340293667999504
Solving snapshot 0 137
36
time in solving system 5.800696050995612
time in solving system 0.11423195699899225
time in solving system 0.0990854749979917
concluded in  9.934435180999571
Solving snapshot 0 138
36
time in solving system 3.598802957996668
time in solving system 0.11606471199775115
time in solving system 0.11006177899980685
concluded in  8.173388982002507
Solving snapshot 0 139
36
time in solving system 4.606332515999384
time in solving system 0.11175428100250429
time in solving system 0.1438410249975277
concluded in  8.18630212500284
Solving snapshot 0 140
36
time in solving system 4.13412561199948
time in solving system 0.1274095490007312
time in solving system 0.1408411430020351
concluded in  7.8427904449999915
Solving snapshot 0 141
36
time in solving system 4.948525282998162
time in solving system 0.12272041699907277
time in solving system 0.10476447900146013
concluded in  8.624773073999677
Solving snapshot 0 142
36
time in solving system 4.970038874002057
time in solving system 0.11420739199820673
time in solving system 0.15732882900192635
concluded in  8.888370148000831
Solving snapshot 0 143
36
time in solving system 5.269699365999259
time in solving system 0.1517389170039678
time in solving system 0.12737363600172102
concluded in  9.155354182999872
Solving snapshot 0 144
36
time in solving system 4.201927041001909
time in solving system 0.11092217499390244
time in solving system 0.11100584999803687
concluded in  8.016014163004002
Solving snapshot 0 145
36
time in solving system 5.159593192998727
time in solving system 0.13076842999726068
time in solving system 0.12896387499495177
concluded in  8.802007529004186
Solving snapshot 0 146
36
time in solving system 4.48450579099881
time in solving system 0.15642900000239024
time in solving system 0.10890427700360306
concluded in  8.057561578003515
Solving snapshot 0 147
36
time in solving system 4.468335716002912
time in solving system 0.13516793800226878
time in solving system 0.12036541300039971
concluded in  8.196878432005178
Solving snapshot 0 148
36
time in solving system 5.59965619599825
time in solving system 0.24201909999828786
time in solving system 0.24666354399960255
concluded in  10.675428190996172
Solving snapshot 0 149
36
time in solving system 4.403610878995096
time in solving system 0.17944260000513168
time in solving system 0.12515162699855864
concluded in  8.997977910999907
Solving snapshot 0 150
36
time in solving system 3.239785142002802
time in solving system 0.11689480600034585
time in solving system 0.1262476939955377
concluded in  7.384824395994656
Solving snapshot 0 151
36
time in solving system 3.3510304680021363
time in solving system 0.11005864400067367
time in solving system 0.11294441000063671
concluded in  7.472519438997551
Solving snapshot 0 152
36
time in solving system 2.8564692479994847
time in solving system 0.15734380800131476
time in solving system 0.10685362299409462
concluded in  7.238350102001277
Solving snapshot 0 153
36
time in solving system 3.9992944760015234
time in solving system 0.1301935230003437
time in solving system 0.1555227909993846
concluded in  7.524348988998099
Solving snapshot 0 154
36
time in solving system 3.917705553001724
time in solving system 0.11184167699684622
time in solving system 0.1105853919943911
concluded in  9.30024245900131
Solving snapshot 0 155
36
time in solving system 3.386563658998057
time in solving system 0.15703727399522904
time in solving system 0.11114376799378078
concluded in  7.685381105999113
Solving snapshot 0 156
36
time in solving system 3.862839477005764
time in solving system 0.11041536199627444
time in solving system 0.15654340499895625
concluded in  7.437772263001534
Solving snapshot 0 157
36
time in solving system 4.647630289000517
time in solving system 0.17815755600167904
time in solving system 0.11725244400440715
concluded in  9.08544883599825
Solving snapshot 0 158
36
time in solving system 3.304291659005685
time in solving system 0.1542901860011625
time in solving system 0.10704029099724721
concluded in  8.33021133299917
Solving snapshot 0 159
36
time in solving system 4.53232264899998
time in solving system 0.12337390500033507
time in solving system 0.11311623200163012
concluded in  8.169602016998397
Solving snapshot 0 160
36
time in solving system 4.213270836000447
time in solving system 0.24782369499735069
time in solving system 0.2666615299967816
concluded in  8.399451395998767
Solving snapshot 0 161
36
time in solving system 4.120191129994055
time in solving system 0.11265841400017962
time in solving system 0.1086503089973121
concluded in  7.843355973003781
Solving snapshot 0 162
36
time in solving system 3.495093208999606
time in solving system 0.37401185400085524
time in solving system 0.30138403999444563
concluded in  7.921946401998866
Solving snapshot 0 163
36
time in solving system 3.80174704700039
time in solving system 0.3094724199982011
time in solving system 0.3048346800060244
concluded in  7.693011258001206
Solving snapshot 0 164
36
time in solving system 4.647578336996958
time in solving system 0.2546915260027163
time in solving system 0.1500279359970591
concluded in  8.835586246997991
Solving snapshot 0 165
36
time in solving system 3.6554883680000785
time in solving system 0.24281712200172478
time in solving system 0.3232930700032739
concluded in  7.6840538999967976
Solving snapshot 0 166
36
time in solving system 4.228178828998352
time in solving system 0.15936626500479179
time in solving system 0.11946355099644279
concluded in  7.8672884839979815
Solving snapshot 0 167
36
time in solving system 4.668809568996949
time in solving system 0.15568251800141297
time in solving system 0.13995723699918017
concluded in  8.506582016998436
Solving snapshot 0 168
36
time in solving system 4.243201379998936
time in solving system 0.259439220004424
time in solving system 0.2973690799990436
concluded in  8.368479877994105
Solving snapshot 0 169
36
time in solving system 4.267557727005624
time in solving system 0.13352887800283497
time in solving system 0.1698453260032693
concluded in  8.055222639995918
Solving snapshot 0 170
36
time in solving system 4.435351480999088
time in solving system 0.11086478900688235
time in solving system 0.14785565700003644
concluded in  8.12326071300049
Solving snapshot 0 171
36
time in solving system 4.839367303000472
time in solving system 0.1630006310006138
time in solving system 0.11182525999902282
concluded in  8.918055285001174
Solving snapshot 0 172
36
time in solving system 4.8931715409999015
time in solving system 0.11220412900001975
time in solving system 0.13246572500065668
concluded in  8.697293750999961
Solving snapshot 0 173
36
time in solving system 4.513556038997194
time in solving system 0.1572146079997765
time in solving system 0.13380362099997
concluded in  8.132435229003022
Solving snapshot 0 174
36
time in solving system 4.893384604001767
time in solving system 0.11728097499872092
time in solving system 0.10794668200105662
concluded in  8.555713574001857
Solving snapshot 0 175
36
time in solving system 4.935304302998702
time in solving system 0.11616429400601191
time in solving system 0.10989750099543016
concluded in  8.827556635005749
Solving snapshot 0 176
36
time in solving system 4.646784750999359
time in solving system 0.11932880700624082
time in solving system 0.10799110899824882
concluded in  9.079363245000422
Solving snapshot 0 177
36
time in solving system 4.624890416998824
time in solving system 0.11394173000007868
time in solving system 0.10596945299766958
concluded in  9.35279268999875
Solving snapshot 0 178
36
time in solving system 3.783528343999933
time in solving system 0.1022784269953263
time in solving system 0.09657839000283275
concluded in  9.330201824996038
Solving snapshot 0 179
36
time in solving system 3.1792165920051048
time in solving system 0.12142116500035627
time in solving system 0.10891074500250397
concluded in  8.721358469003462
Solving snapshot 0 180
36
time in solving system 4.614466366998386
time in solving system 0.23001708299852908
time in solving system 0.23391226599778747
concluded in  10.27093487100501
Solving snapshot 0 181
36
time in solving system 2.718295108003076
time in solving system 0.1376700789987808
time in solving system 0.11093750500003807
concluded in  6.95928852900397
Solving snapshot 0 182
36
time in solving system 3.826264546994935
time in solving system 0.2227467440025066
time in solving system 0.21175775599840563
concluded in  8.495878385998367
Solving snapshot 0 183
36
time in solving system 4.703521121999074
time in solving system 0.10963180800172267
time in solving system 0.11284142200020142
concluded in  8.224889112003439
Solving snapshot 0 184
36
time in solving system 3.9636106280013337
time in solving system 0.12199377600336447
time in solving system 0.12623255200014682
concluded in  7.114732111003832
Solving snapshot 0 185
36
time in solving system 4.440028990000428
time in solving system 0.11001941600261489
time in solving system 0.23152289299468976
concluded in  8.286151939006231
Solving snapshot 0 186
36
time in solving system 3.956011917005526
time in solving system 0.10398399899713695
time in solving system 0.11442073600483127
concluded in  7.6423897620043135
Solving snapshot 0 187
36
time in solving system 4.545063396995829
time in solving system 0.2212465480042738
time in solving system 0.18579081499774475
concluded in  8.688894204999087
Solving snapshot 0 188
36
time in solving system 4.192654215999937
time in solving system 0.24829141500231344
time in solving system 0.16445726500387536
concluded in  8.452765160996933
Solving snapshot 0 189
36
time in solving system 3.0903165209965664
time in solving system 0.21904740200261585
time in solving system 0.2341991209978005
concluded in  7.250448000995675
Solving snapshot 0 190
36
time in solving system 2.539778585000022
time in solving system 0.11354988999664783
time in solving system 0.1752145560021745
concluded in  6.4690559309965465
Solving snapshot 0 191
36
time in solving system 2.9316085949976696
time in solving system 0.11865185199712869
time in solving system 0.10865098900103476
concluded in  6.668422875998658
Solving snapshot 0 192
36
time in solving system 2.183151142002316
time in solving system 0.10164622899901588
time in solving system 0.10442350399534917
concluded in  7.0696787830020185
Solving snapshot 0 193
36
time in solving system 2.2397036109978217
time in solving system 0.11870371799886925
time in solving system 0.09422366399667226
concluded in  8.099545803001092
Solving snapshot 0 194
36
time in solving system 3.3091757980000693
time in solving system 0.09845975099597126
time in solving system 0.10238241399929393
concluded in  8.918988375000481
Solving snapshot 0 195
36
time in solving system 2.1107643760042265
time in solving system 0.1455958529986674
time in solving system 0.1103909199955524
concluded in  7.54603256900009
Solving snapshot 0 196
36
time in solving system 2.350112022002577
time in solving system 0.10408945800008951
time in solving system 0.09874653699807823
concluded in  7.516706859998521
Solving snapshot 0 197
36
time in solving system 2.6819969810021576
time in solving system 0.11685705600393703
time in solving system 0.14820930499990936
concluded in  7.916496731006191
Solving snapshot 0 198
36
time in solving system 3.527263664000202
time in solving system 0.1253554040013114
time in solving system 0.1602974359993823
concluded in  8.44715698800428
Solving snapshot 0 199
36
time in solving system 3.823270526001579
time in solving system 0.1829643759992905
time in solving system 0.11310131400387036
concluded in  7.626595834000909
Solving snapshot 0 200
36
time in solving system 4.648555215004308
time in solving system 0.272215763994609
time in solving system 0.12313869000354316
concluded in  8.89860990899615
Solving snapshot 0 201
36
time in solving system 3.575300516997231
time in solving system 0.17193881099956343
time in solving system 0.23504320999927586
concluded in  7.593099657999119
Solving snapshot 0 202
36
time in solving system 4.0027735749972635
time in solving system 0.1615508660033811
time in solving system 0.108283895002387
concluded in  8.330761582001287
Solving snapshot 0 203
36
time in solving system 4.329172014004143
time in solving system 0.13490738499967847
time in solving system 0.13706740299676312
concluded in  8.132485118003387
Solving snapshot 0 204
36
time in solving system 3.9874417049941258
time in solving system 0.24861294999573147
time in solving system 0.2919251150015043
concluded in  7.842576515999099
Solving snapshot 0 205
36
time in solving system 3.9317917600055807
time in solving system 0.11343317999853753
time in solving system 0.11636809199990239
concluded in  7.689627879000909
Solving snapshot 0 206
36
Failed solving snapshot 45506 206
Solving snapshot 0 207
36
time in solving system 3.089409568005067
time in solving system 0.2561202049982967
time in solving system 0.27910382399568334
concluded in  8.029766909996397
Solving snapshot 0 208
36
time in solving system 3.289378168003168
time in solving system 0.22302645099989604
time in solving system 0.2577841399979661
concluded in  7.301679568001418
Solving snapshot 0 209
36
time in solving system 3.4367096700007096
time in solving system 0.25687238899990916
time in solving system 0.227577139994537
concluded in  7.452204191002238
Solving snapshot 0 210
36
time in solving system 4.525332269004139
time in solving system 0.3768699620050029
time in solving system 0.279820858995663
concluded in  9.122149347997038
Solving snapshot 0 211
36
time in solving system 3.6991905370014138
time in solving system 0.12624428600247484
time in solving system 0.14415522100171074
concluded in  7.236254677998659
Solving snapshot 0 212
36
time in solving system 4.0820370510045905
time in solving system 0.39471402100025443
time in solving system 0.37706492399593117
concluded in  8.16873934999603
Solving snapshot 0 213
36
time in solving system 4.370649646996753
time in solving system 0.3218445390011766
time in solving system 0.34720029000163777
concluded in  8.11035469500348
Solving snapshot 0 214
36
time in solving system 4.5726801109994994
time in solving system 0.39934099999663886
time in solving system 0.3952689849975286
concluded in  8.257316709001316
Solving snapshot 0 215
36
time in solving system 3.9382006650048424
time in solving system 0.2953860230045393
time in solving system 0.2421524169985787
concluded in  7.642788940996979
Solving snapshot 0 216
36
time in solving system 4.648751544998959
time in solving system 0.13945018999947933
time in solving system 0.16950004899990745
concluded in  7.76000160699914
Solving snapshot 0 217
36
time in solving system 4.040705554005399
time in solving system 0.13264021299983142
time in solving system 0.15492310500121675
concluded in  7.390130463994865
Solving snapshot 0 218
36
time in solving system 4.382067967002513
time in solving system 0.14728372199897422
time in solving system 0.10363053299806779
concluded in  8.155412558997341
Solving snapshot 0 219
36
time in solving system 3.760809485997015
time in solving system 0.252723841003899
time in solving system 0.27290284400078235
concluded in  7.789930903003551
Solving snapshot 0 220
36
time in solving system 4.298013862004154
time in solving system 0.3187679239999852
time in solving system 0.21343588600575458
concluded in  8.449116641000728
Solving snapshot 0 221
36
time in solving system 5.143580462005048
time in solving system 0.15946594900015043
time in solving system 0.11131677599769318
concluded in  8.783534246998897
Solving snapshot 0 222
36
time in solving system 3.4952363839984173
time in solving system 0.1066802379937144
time in solving system 0.10387484999955632
concluded in  8.581230518000666
Solving snapshot 0 223
36
time in solving system 4.980335101005039
time in solving system 0.10321756100165658
time in solving system 0.10337846200127387
concluded in  10.85129838600551
Solving snapshot 0 224
36
time in solving system 2.662614068998664
time in solving system 0.11602039299759781
time in solving system 0.11437765799928457
concluded in  6.805669919995125
Solving snapshot 0 225
36
time in solving system 3.448090655001579
time in solving system 0.10686003899900243
time in solving system 0.10657308000372723
concluded in  8.094348086000537
Solving snapshot 0 226
36
time in solving system 4.4915988680004375
time in solving system 0.11107376499421662
time in solving system 0.23668305600585882
concluded in  10.182137562005664
Solving snapshot 0 227
36
time in solving system 3.4830737040028907
time in solving system 0.11234469799819635
time in solving system 0.12160025000048336
concluded in  7.50167468500149
Solving snapshot 0 228
36
time in solving system 4.090358144996571
time in solving system 0.17925489900517277
time in solving system 0.11922741499438416
concluded in  8.941628806001972
Solving snapshot 0 229
36
time in solving system 4.604315204996965
time in solving system 0.11717377899913117
time in solving system 0.19177247299376177
concluded in  8.693690537998918
Solving snapshot 0 230
36
time in solving system 3.025197852999554
time in solving system 0.10676848699949915
time in solving system 0.11507174199505243
concluded in  6.5309378870006185
Solving snapshot 0 231
36
time in solving system 4.193935837000026
time in solving system 0.11926552899967646
time in solving system 0.13163252099911915
concluded in  8.393898282003647
Solving snapshot 0 232
36
time in solving system 3.1303380929966806
time in solving system 0.1078659799968591
time in solving system 0.1103614710009424
concluded in  6.886582906998228
Solving snapshot 0 233
36
time in solving system 3.993729447000078
time in solving system 0.11339374000090174
time in solving system 0.11079090899875155
concluded in  8.160044023003138
Solving snapshot 0 234
36
time in solving system 4.771759919000033
time in solving system 0.18969470700540114
time in solving system 0.4298840499977814
concluded in  8.738128680997761
Solving snapshot 0 235
36
time in solving system 2.419474729002104
time in solving system 0.24765064800158143
time in solving system 0.24033049699937692
concluded in  6.025893626996549
Solving snapshot 0 236
36
time in solving system 4.180954781993933
time in solving system 0.17753853899921523
time in solving system 0.19032535000587814
concluded in  8.238704924006015
Solving snapshot 0 237
36
time in solving system 3.0748579659993993
time in solving system 0.12205466099840123
time in solving system 0.10969288000342203
concluded in  6.956173124999623
Solving snapshot 0 238
36
time in solving system 4.2596958719950635
time in solving system 0.24940772599802585
time in solving system 0.23731160199531587
concluded in  8.346691266000562
Solving snapshot 0 239
36
time in solving system 4.726545353994879
time in solving system 0.10738544599735178
time in solving system 0.10633886299910955
concluded in  8.418098215995997
Solving snapshot 0 240
36
time in solving system 3.8154002860028413
time in solving system 0.16959652800142067
time in solving system 0.10740262099716347
concluded in  9.351162462000502
Solving snapshot 0 241
36
time in solving system 4.9747599299953436
time in solving system 0.12073173300450435
time in solving system 0.13831088499864563
concluded in  9.293927458005783
Solving snapshot 0 242
36
time in solving system 4.665057205995254
time in solving system 0.10909323999658227
time in solving system 0.10455272900435375
concluded in  8.580635063000955
Solving snapshot 0 243
36
time in solving system 4.038470840998343
time in solving system 0.157025437001721
time in solving system 0.1227051850000862
concluded in  8.57300149799994
Solving snapshot 0 244
36
time in solving system 3.9610542680020444
time in solving system 0.11372738000500249
time in solving system 0.15724764299375238
concluded in  8.432965152001998
Solving snapshot 0 245
36
time in solving system 2.9886948700004723
time in solving system 0.14197872100339737
time in solving system 0.11040967099688714
concluded in  8.216941863996908
Solving snapshot 0 246
36
time in solving system 3.4396037149999756
time in solving system 0.12832370400428772
time in solving system 0.10596430199802853
concluded in  8.551108236999426
Solving snapshot 0 247
36
time in solving system 3.0278901290002977
time in solving system 0.11481893499876605
time in solving system 0.1334455880059977
concluded in  7.72594264500367
Solving snapshot 0 248
36
time in solving system 4.76559997300501
time in solving system 0.11431033600092633
time in solving system 0.11117230499803554
concluded in  9.265854127996136
Solving snapshot 0 249
36
time in solving system 3.9137400330000673
time in solving system 0.1592450079988339
time in solving system 0.17121099199721357
concluded in  8.371180469002866
Solving snapshot 0 250
36
time in solving system 3.912209823996818
time in solving system 0.25724815300054615
time in solving system 0.22846228200069163
concluded in  7.63679716099432
Solving snapshot 0 251
36
time in solving system 3.8572296280035516
time in solving system 0.10504878599749645
time in solving system 0.10810552499606274
concluded in  7.663867866998771
Solving snapshot 0 252
36
time in solving system 4.007149895995099
time in solving system 0.09738910000305623
time in solving system 0.10240711599908536
concluded in  7.672013144001539
Solving snapshot 0 253
36
time in solving system 4.44146806000208
time in solving system 0.12693838899576804
time in solving system 0.12596923800447257
concluded in  8.80215286600287
Solving snapshot 0 254
36
time in solving system 3.728292624997266
time in solving system 0.16071478799858596
time in solving system 0.11124534499685979
concluded in  7.72638540600019
Solving snapshot 0 255
36
time in solving system 4.275410510999791
time in solving system 0.16041956000117352
time in solving system 0.11094426600175211
concluded in  9.134600726996723
Solving snapshot 0 256
36
time in solving system 3.243232827997417
time in solving system 0.25876373799837893
time in solving system 0.25303197799803456
concluded in  7.295783927002049
Solving snapshot 0 257
36
time in solving system 3.327225647997693
time in solving system 0.13966192099906038
time in solving system 0.14238820299942745
concluded in  8.020803539002372
Solving snapshot 0 258
36
time in solving system 3.228693779994501
time in solving system 0.12603899100213312
time in solving system 0.11338312699808739
concluded in  6.684441135999805
Solving snapshot 0 259
36
time in solving system 4.465002912998898
time in solving system 0.25406834100431297
time in solving system 0.2544384459979483
concluded in  10.189995674001693
Solving snapshot 0 260
36
time in solving system 2.118784197002242
time in solving system 0.11487270100042224
time in solving system 0.1031995290031773
concluded in  6.267790474004869
Solving snapshot 0 261
36
time in solving system 2.4658505049956148
time in solving system 0.11676266300491989
time in solving system 0.11298655800055712
concluded in  7.358862275999854
Solving snapshot 0 262
36
time in solving system 2.6412758250007755
time in solving system 0.1123880890008877
time in solving system 0.10877587900176877
concluded in  8.655958306000684
Solving snapshot 0 263
36
time in solving system 1.8854680090007605
time in solving system 0.10899778400198556
time in solving system 0.10255461699853186
concluded in  7.283002228999976
Solving snapshot 0 264
36
time in solving system 2.5820423670011223
time in solving system 0.11246624500199687
time in solving system 0.1331941899989033
concluded in  7.989216921996558
Solving snapshot 0 265
36
time in solving system 3.2482868439983577
time in solving system 0.161077110999031
time in solving system 0.232444449000468
concluded in  9.136970715000643
Solving snapshot 0 266
36
time in solving system 2.2837739149981644
time in solving system 0.155523670000548
time in solving system 0.16564118600217625
concluded in  7.2246724529977655
Solving snapshot 0 267
36
time in solving system 1.9612717070049257
time in solving system 0.09996539900021162
time in solving system 0.11313086000154726
concluded in  6.688117800003965
Solving snapshot 0 268
36
time in solving system 2.263764811003057
time in solving system 0.10072483200201532
time in solving system 0.10764770000241697
concluded in  7.06723889499699
Solving snapshot 0 269
36
time in solving system 2.195245381000859
time in solving system 0.10303109399683308
time in solving system 0.09957613100414164
concluded in  6.965934866995667
Solving snapshot 0 270
36
time in solving system 3.4512312639999436
time in solving system 0.1309126380001544
time in solving system 0.10512305500014918
concluded in  8.905124097997032
Solving snapshot 0 271
36
time in solving system 2.496485297997424
time in solving system 0.11505540199868847
time in solving system 0.10857883800053969
concluded in  7.1987868919968605
Solving snapshot 0 272
36
time in solving system 3.435748607000278
time in solving system 0.13871324899810134
time in solving system 0.11755929399805609
concluded in  8.796829172002617
Solving snapshot 0 273
36
time in solving system 3.1150885460010613
time in solving system 0.11758162000478478
time in solving system 0.11433719700289657
concluded in  7.238011644003564
Solving snapshot 0 274
36
time in solving system 4.887926003997563
time in solving system 0.17858497999986866
time in solving system 0.22043948299688054
concluded in  10.282044382001914
Solving snapshot 0 275
36
time in solving system 3.2366682730062166
time in solving system 0.24489964499662165
time in solving system 0.25703032100136625
concluded in  8.067191583999374
Solving snapshot 0 276
36
time in solving system 2.780215134996979
time in solving system 0.11436808099824702
time in solving system 0.11199223600124242
concluded in  7.984635943001194
Solving snapshot 0 277
36
time in solving system 3.288575298000069
time in solving system 0.23603964899666607
time in solving system 0.23918343900004402
concluded in  8.986935387998528
Solving snapshot 0 278
36
time in solving system 2.1709271440049633
time in solving system 0.15311210800427943
time in solving system 0.12184516900015296
concluded in  7.40569992899691
Solving snapshot 0 279
36
time in solving system 1.891031238999858
time in solving system 0.10382215200661449
time in solving system 0.1108887450027396
concluded in  7.682693179995113
Solving snapshot 0 280
36
time in solving system 3.9800125979963923
time in solving system 0.12023762500029989
time in solving system 0.10877277799590956
concluded in  9.010614385006193
Solving snapshot 0 281
36
time in solving system 2.120776198004023
time in solving system 0.10955841899703955
time in solving system 0.11588907500117784
concluded in  7.322436637005012
Solving snapshot 0 282
36
time in solving system 2.756597760999284
time in solving system 0.1155689080042066
time in solving system 0.11352853200514801
concluded in  6.968242369999643
Solving snapshot 0 283
36
time in solving system 4.50645780099876
time in solving system 0.11744244400324533
time in solving system 0.12361966399475932
concluded in  9.776003036997281
Solving snapshot 0 284
36
time in solving system 3.796654404999572
time in solving system 0.12914883499615826
time in solving system 0.1118519110023044
concluded in  8.04099030400539
Solving snapshot 0 285
36
time in solving system 4.125142806995427
time in solving system 0.10294125699874712
time in solving system 0.11000654199597193
concluded in  9.734683114998916
Solving snapshot 0 286
36
time in solving system 3.2523379039994325
time in solving system 0.16263876700395485
time in solving system 0.11388001600425923
concluded in  7.237767124999664
Solving snapshot 0 287
36
time in solving system 4.557618993996584
time in solving system 0.24311225000565173
time in solving system 0.26121894900279585
concluded in  10.07932708500448
Solving snapshot 0 288
36
time in solving system 3.5881334869991406
time in solving system 0.13662116799969226
time in solving system 0.14999821400124347
concluded in  7.531127635003941
Solving snapshot 0 289
36
time in solving system 3.9384568659952492
time in solving system 0.17306320699572098
time in solving system 0.26362479499948677
concluded in  7.794988433000981
Solving snapshot 0 290
36
time in solving system 5.440220319003856
time in solving system 0.11228916500112973
time in solving system 0.13131473399698734
concluded in  9.312077229995339
Solving snapshot 0 291
36
time in solving system 4.36440658900392
time in solving system 0.11589759100024821
time in solving system 0.114167636995262
concluded in  8.932542877999367
Solving snapshot 0 292
36
time in solving system 2.7251505800013547
time in solving system 0.167131613001402
time in solving system 0.10062364799523493
concluded in  6.443464975003735
Solving snapshot 0 293
36
time in solving system 2.9189528150018305
time in solving system 0.1422784469978069
time in solving system 0.18058280200057197
concluded in  6.151790269999765
Solving snapshot 0 294
36
time in solving system 1.9764380139968125
time in solving system 0.11769123100384604
time in solving system 0.11200155100232223
concluded in  5.285212703005527
Solving snapshot 0 295
36
time in solving system 2.3041398900022614
time in solving system 0.10653492900019046
time in solving system 0.10528976400382817
concluded in  5.862841747002676
Solving snapshot 0 296
36
time in solving system 2.213996192003833
time in solving system 0.09954327800369356
time in solving system 0.09196851200249512
concluded in  5.254393770999741
Solving snapshot 0 297
36
time in solving system 2.873033926000062
time in solving system 0.1358243409995339
time in solving system 0.10410501700243913
concluded in  6.06679365200398
Solving snapshot 0 298
36
time in solving system 1.8229736540015438
time in solving system 0.11799937599425903
time in solving system 0.0970775359965046
concluded in  5.35783509400062
Solving snapshot 0 299
36
time in solving system 1.9409343260049354
time in solving system 0.10748179400252411
time in solving system 0.10645912800100632
concluded in  5.9236725679947995
[206]
Solving not completed simulation: 1-th chance
Solving snapshot -1 206
36
time in solving system 2.6209799419957562
time in solving system 0.09748478900291957
time in solving system 0.0965285540005425
Building point search tree to accelerate distance queries.
Computed bounding box tree with 40391 nodes for 20196 points.
Failed solving snapshot 45506 206
[206]
Solving not completed simulation: 2-th chance
Solving snapshot -1 206
36
time in solving system 2.4141811820009025
time in solving system 0.10023976000229595
time in solving system 0.09027130399772432
Building point search tree to accelerate distance queries.
Computed bounding box tree with 40359 nodes for 20180 points.
Failed solving snapshot 45506 206
[206]
Solving not completed simulation: 3-th chance
Solving snapshot -1 206
36
time in solving system 2.816510794000351
time in solving system 0.0944892610059469
time in solving system 0.08345284299866762
Building point search tree to accelerate distance queries.
Computed bounding box tree with 40403 nodes for 20202 points.
Failed solving snapshot 45506 206
[206]
Solving not completed simulation: 4-th chance
Solving snapshot -1 206
36
time in solving system 2.86264153799857
time in solving system 0.10944511900015641
time in solving system 0.10092086000076961
concluded in  6.963834684000176
[]
Not completed: []
