Solving not completed simulation: 0-th chance
Solving snapshot 0 0
36
time in solving system 4.870515068992972
time in solving system 0.10798762300692033
time in solving system 0.13821887799713295
concluded in  8.075681223999709
Solving snapshot 0 1
36
time in solving system 5.030020826990949
time in solving system 0.23246239298896398
time in solving system 0.12826065300032496
concluded in  8.417857056003413
Solving snapshot 0 2
36
time in solving system 4.91429233099916
time in solving system 0.1100055529968813
time in solving system 0.15177441500418354
concluded in  7.948250547007774
Solving snapshot 0 3
36
time in solving system 5.158704251996824
time in solving system 0.18683084200893063
time in solving system 0.12832916401384864
concluded in  8.561681393010076
Solving snapshot 0 4
36
time in solving system 4.603058348991908
time in solving system 0.18756172200664878
time in solving system 0.11587812799552921
concluded in  7.895673956008977
Solving snapshot 0 5
36
time in solving system 4.827126701988163
time in solving system 0.11295387998688966
time in solving system 0.17573190901021007
concluded in  8.171291433012811
Solving snapshot 0 6
36
time in solving system 4.556590684995172
time in solving system 0.2539806839922676
time in solving system 0.13442069799930323
concluded in  8.102628141990863
Solving snapshot 0 7
36
time in solving system 5.393408720003208
time in solving system 0.11590503899788018
time in solving system 0.14377058400714304
concluded in  8.454301655001473
Solving snapshot 0 8
36
time in solving system 5.204944398996304
time in solving system 0.19858379900688305
time in solving system 0.13122097299492452
concluded in  8.553764499010867
Solving snapshot 0 9
36
time in solving system 5.294940609994228
time in solving system 0.10940896300598979
time in solving system 0.15369825100060552
concluded in  8.534249481002917
Solving snapshot 0 10
36
time in solving system 4.913686296000378
time in solving system 0.15065152299939655
time in solving system 0.12099383199529257
concluded in  8.166540510006598
Solving snapshot 0 11
36
time in solving system 4.828375721001066
time in solving system 0.11366463000013027
time in solving system 0.1266947300027823
concluded in  7.907645522995153
Solving snapshot 0 12
36
time in solving system 4.939748951990623
time in solving system 0.16272450301039498
time in solving system 0.19621943900710903
concluded in  8.008022829992115
Solving snapshot 0 13
36
time in solving system 5.273973563991603
time in solving system 0.13283163800952025
time in solving system 0.2068323489947943
concluded in  8.465027004000149
Solving snapshot 0 14
36
time in solving system 4.670118591995561
time in solving system 0.21509118199173827
time in solving system 0.1153457820037147
concluded in  7.989613572994131
Solving snapshot 0 15
36
time in solving system 5.286363875988172
time in solving system 0.1917146390042035
time in solving system 0.14372591199935414
concluded in  8.616759172000457
Solving snapshot 0 16
36
time in solving system 5.263524465990486
time in solving system 0.17022987399832346
time in solving system 0.11597363000328187
concluded in  8.331251943003736
Solving snapshot 0 17
36
time in solving system 4.276502904001973
time in solving system 0.2835351149988128
time in solving system 0.15780890599125996
concluded in  7.375324113003444
Solving snapshot 0 18
36
time in solving system 3.7057833340077195
time in solving system 0.3005489790084539
time in solving system 0.2553410079999594
concluded in  7.648018445004709
Solving snapshot 0 19
36
time in solving system 4.450570758999675
time in solving system 0.3143671490106499
time in solving system 0.2526878480130108
concluded in  7.905574794000131
Solving snapshot 0 20
36
time in solving system 4.374981738990755
time in solving system 0.2749714999954449
time in solving system 0.2756309130054433
concluded in  8.00026739599707
Solving snapshot 0 21
36
time in solving system 3.0558092900027987
time in solving system 0.3417119470104808
time in solving system 0.2640926730091451
concluded in  7.578755998998531
Solving snapshot 0 22
36
time in solving system 2.8612020000000484
time in solving system 0.1087986769998679
time in solving system 0.1404827229998773
concluded in  6.655493437996483
Solving snapshot 0 23
36
time in solving system 4.276746522009489
time in solving system 0.1155789519980317
time in solving system 0.27180977500393055
concluded in  8.050553604989545
Solving snapshot 0 24
36
time in solving system 3.80927910299215
time in solving system 0.19785197199962568
time in solving system 0.35877257499669213
concluded in  7.998269139992772
Solving snapshot 0 25
36
time in solving system 4.456962021009531
time in solving system 0.26477126400277484
time in solving system 0.3478169050067663
concluded in  8.904188118991442
Solving snapshot 0 26
36
time in solving system 3.930849994008895
time in solving system 0.1413108170090709
time in solving system 0.22170775801350828
concluded in  8.079314785005408
Solving snapshot 0 27
36
time in solving system 3.56592447499861
time in solving system 0.23637543800577987
time in solving system 0.23797692799416836
concluded in  8.134492865996435
Solving snapshot 0 28
36
time in solving system 4.97387444099877
time in solving system 0.3012947270035511
time in solving system 0.2825642270036042
concluded in  8.886619847005932
Solving snapshot 0 29
36
time in solving system 3.987862223002594
time in solving system 0.17909756299923174
time in solving system 0.13996829598909244
concluded in  7.90477250800177
Solving snapshot 0 30
36
time in solving system 3.406660519001889
time in solving system 0.14181877400551457
time in solving system 0.13903294899500906
concluded in  6.772977820990491
Solving snapshot 0 31
36
time in solving system 3.5566931450011907
time in solving system 0.11256981598853599
time in solving system 0.10734425300324801
concluded in  6.883512961998349
Solving snapshot 0 32
36
time in solving system 2.2388150499900803
time in solving system 0.1267088760068873
time in solving system 0.10960270400391892
concluded in  5.9844883940095315
Solving snapshot 0 33
36
time in solving system 3.952226794004673
time in solving system 0.16649049099942204
time in solving system 0.11202497000340372
concluded in  7.8395496439916315
Solving snapshot 0 34
36
time in solving system 3.3632286570064025
time in solving system 0.23210415100038517
time in solving system 0.24134708699421026
concluded in  7.649764642992523
Solving snapshot 0 35
36
time in solving system 2.6680673679948086
time in solving system 0.12000660100602545
time in solving system 0.12349361200176645
concluded in  6.396878580999328
Solving snapshot 0 36
36
time in solving system 2.347241141003906
time in solving system 0.11071928500314243
time in solving system 0.1216114910057513
concluded in  6.416983022005297
Solving snapshot 0 37
36
time in solving system 2.225623447986436
time in solving system 0.10921624201000668
time in solving system 0.11237100799917243
concluded in  7.92852786500589
Solving snapshot 0 38
36
time in solving system 3.9012742780032568
time in solving system 0.19334730799891986
time in solving system 0.11642951300018467
concluded in  9.34964245199808
Solving snapshot 0 39
36
time in solving system 4.231605898996349
time in solving system 0.23918829100148287
time in solving system 0.2340511929942295
concluded in  9.174953723995714
Solving snapshot 0 40
36
time in solving system 3.3489972420065897
time in solving system 0.12141982899629511
time in solving system 0.13389153199386783
concluded in  7.330298084998503
Solving snapshot 0 41
36
time in solving system 3.236055817003944
time in solving system 0.1344838009972591
time in solving system 0.12508930500189308
concluded in  8.262617020998732
Solving snapshot 0 42
36
time in solving system 3.152584775001742
time in solving system 0.14465523500985
time in solving system 0.12180144000740256
concluded in  7.018562083001598
Solving snapshot 0 43
36
time in solving system 3.586760794001748
time in solving system 0.11355686000024434
time in solving system 0.12932577200990636
concluded in  7.942653919002623
Solving snapshot 0 44
36
time in solving system 3.7529183510050643
time in solving system 0.10724846199445892
time in solving system 0.10929172999749426
concluded in  7.152908335992834
Solving snapshot 0 45
36
time in solving system 3.4305272649944527
time in solving system 0.2527752410096582
time in solving system 0.23857266099366825
concluded in  7.397785758992541
Solving snapshot 0 46
36
time in solving system 3.7570211139973253
time in solving system 0.12646668899105862
time in solving system 0.12877686700085178
concluded in  8.249896705994615
Solving snapshot 0 47
36
time in solving system 3.8111087040015263
time in solving system 0.11424253998848144
time in solving system 0.13446445600129664
concluded in  7.461013085005106
Solving snapshot 0 48
36
time in solving system 3.921232766006142
time in solving system 0.11965195600350853
time in solving system 0.11465510199195705
concluded in  7.535138364997692
Solving snapshot 0 49
36
time in solving system 4.5373157400026685
time in solving system 0.22810943600779865
time in solving system 0.11502510300488211
concluded in  8.549485243012896
Solving snapshot 0 50
36
time in solving system 3.7277773859968875
time in solving system 0.24145545400097035
time in solving system 0.24072063100175
concluded in  9.286330105998786
Solving snapshot 0 51
36
time in solving system 4.783174281008542
time in solving system 0.10877940499631222
time in solving system 0.12315952099743299
concluded in  10.211252102992148
Solving snapshot 0 52
36
time in solving system 2.6195566399983363
time in solving system 0.19706513300479855
time in solving system 0.11323915900720749
concluded in  7.006958087004023
Solving snapshot 0 53
36
time in solving system 5.101095887002884
time in solving system 0.11362810101127252
time in solving system 0.12339667200285476
concluded in  9.487371761002578
Solving snapshot 0 54
36
time in solving system 4.301543039007811
time in solving system 0.10881759200128727
time in solving system 0.14234548500098754
concluded in  8.450671759012039
Solving snapshot 0 55
36
time in solving system 3.8152634680009214
time in solving system 0.11088791400834452
time in solving system 0.11958216299535707
concluded in  7.977321551006753
Solving snapshot 0 56
36
time in solving system 3.860786057994119
time in solving system 0.10659128600673284
time in solving system 0.10447515299892984
concluded in  7.124879377995967
Solving snapshot 0 57
36
time in solving system 4.313199568001437
time in solving system 0.124738223006716
time in solving system 0.11359786899993196
concluded in  8.280789293989073
Solving snapshot 0 58
36
time in solving system 4.080704128995421
time in solving system 0.30535812900052406
time in solving system 0.1834540499985451
concluded in  8.142487542005256
Solving snapshot 0 59
36
time in solving system 2.578107726003509
time in solving system 0.22652625599585008
time in solving system 0.2349852369952714
concluded in  6.354502310001408
Solving snapshot 0 60
36
time in solving system 3.7003927810001187
time in solving system 0.3133782500080997
time in solving system 0.1817276030051289
concluded in  8.790778116002912
Solving snapshot 0 61
36
time in solving system 3.133355080994079
time in solving system 0.2139821849996224
time in solving system 0.24572362200706266
concluded in  8.414495259014075
Solving snapshot 0 62
36
time in solving system 3.3722547009965638
time in solving system 0.1651650760031771
time in solving system 0.15746243498870172
concluded in  7.125630627997452
Solving snapshot 0 63
36
time in solving system 4.747274420005851
time in solving system 0.26490385699435137
time in solving system 0.1322503490082454
concluded in  8.834130953007843
Solving snapshot 0 64
36
time in solving system 4.69522537800367
time in solving system 0.2577624779951293
time in solving system 0.24041813499934506
concluded in  9.396953604009468
Solving snapshot 0 65
36
time in solving system 3.626438743012841
time in solving system 0.10765451700717676
time in solving system 0.1071372180012986
concluded in  7.44784635900578
Solving snapshot 0 66
36
time in solving system 4.679356054999516
time in solving system 0.18935111800965387
time in solving system 0.12701938199461438
concluded in  8.236254767994978
Solving snapshot 0 67
36
time in solving system 3.8012291399936657
time in solving system 0.11014752399933059
time in solving system 0.10324313200544566
concluded in  8.377991412009578
Solving snapshot 0 68
36
time in solving system 3.19966306599963
time in solving system 0.17554528699838556
time in solving system 0.11083519400563091
concluded in  7.166062335003517
Solving snapshot 0 69
36
time in solving system 3.3960639059951063
time in solving system 0.11343275300168898
time in solving system 0.10781934199621901
concluded in  7.308406061987625
Solving snapshot 0 70
36
time in solving system 2.161303596003563
time in solving system 0.11645955800486263
time in solving system 0.10718609699688386
concluded in  7.4110661880113184
Solving snapshot 0 71
36
time in solving system 3.6732159779930953
time in solving system 0.24272975001076702
time in solving system 0.28990638100367505
concluded in  9.931529187000706
Solving snapshot 0 72
36
time in solving system 2.8435867129883263
time in solving system 0.1799680030089803
time in solving system 0.11811807999038137
concluded in  7.30230397899868
Solving snapshot 0 73
36
time in solving system 3.115345055004582
time in solving system 0.24119554299977608
time in solving system 0.22023705100582447
concluded in  8.933552047004923
Solving snapshot 0 74
36
time in solving system 2.4714764399977867
time in solving system 0.11651852200157009
time in solving system 0.10399720599525608
concluded in  7.507569699999294
Solving snapshot 0 75
36
time in solving system 3.308853697992163
time in solving system 0.11428803300077561
time in solving system 0.10631018999265507
concluded in  7.612292237012298
Solving snapshot 0 76
36
time in solving system 2.8544525439938297
time in solving system 0.10710571700474247
time in solving system 0.10198362699884456
concluded in  7.291528011992341
Solving snapshot 0 77
36
time in solving system 3.3528450449957745
time in solving system 0.10669673299707938
time in solving system 0.09916696100845002
concluded in  7.841904532993794
Solving snapshot 0 78
36
time in solving system 2.982805694991839
time in solving system 0.11369920599099714
time in solving system 0.0994091229949845
concluded in  7.3729305559973
Solving snapshot 0 79
36
time in solving system 3.772238674995606
time in solving system 0.23045076400740072
time in solving system 0.13596694999432657
concluded in  8.825851998000871
Solving snapshot 0 80
36
time in solving system 2.5850603790022433
time in solving system 0.1623461589915678
time in solving system 0.1083317390002776
concluded in  6.165151485009119
Solving snapshot 0 81
36
time in solving system 2.8835740360082127
time in solving system 0.12386435600637924
time in solving system 0.12087628200242762
concluded in  6.87486917199567
Solving snapshot 0 82
36
time in solving system 4.110769549995894
time in solving system 0.12919508099730592
time in solving system 0.12424471000849735
concluded in  8.046186434003175
Solving snapshot 0 83
36
time in solving system 4.066143985997769
time in solving system 0.11163326699170284
time in solving system 0.11502856000151951
concluded in  8.367792621997069
Solving snapshot 0 84
36
time in solving system 3.9891753069969127
time in solving system 0.1317450469941832
time in solving system 0.13123298999562394
concluded in  7.8467016739887185
Solving snapshot 0 85
36
time in solving system 4.188500308009679
time in solving system 0.12776174400642049
time in solving system 0.12051758400048129
concluded in  8.865166399991722
Solving snapshot 0 86
36
time in solving system 4.232517262003967
time in solving system 0.13249156800156925
time in solving system 0.14414245999068953
concluded in  7.835653736998211
Solving snapshot 0 87
36
time in solving system 3.7598901839955943
time in solving system 0.14654343700385652
time in solving system 0.16331916800118051
concluded in  7.358422364995931
Solving snapshot 0 88
36
time in solving system 4.362579716995242
time in solving system 0.14298637500905897
time in solving system 0.11051579999912065
concluded in  8.406632136990083
Solving snapshot 0 89
36
time in solving system 2.7697092440066626
time in solving system 0.11717452299490105
time in solving system 0.10134796799684409
concluded in  8.75430921500083
Solving snapshot 0 90
36
time in solving system 4.075091587001225
time in solving system 0.10607435301062651
time in solving system 0.1078254899912281
concluded in  9.3940534049907
Solving snapshot 0 91
36
time in solving system 3.6375947859924054
time in solving system 0.14438342899666168
time in solving system 0.22380878099647816
concluded in  8.71356864500558
Solving snapshot 0 92
36
time in solving system 3.128105238007265
time in solving system 0.11195629599387757
time in solving system 0.11753459798637778
concluded in  7.853954215010162
Solving snapshot 0 93
36
time in solving system 1.854894427000545
time in solving system 0.11078065900073852
time in solving system 0.1054566300008446
concluded in  6.947970565001015
Solving snapshot 0 94
36
time in solving system 2.6948405139992246
time in solving system 0.11077861199737526
time in solving system 0.1046142709965352
concluded in  7.477281117986422
Solving snapshot 0 95
36
time in solving system 4.205378429993289
time in solving system 0.11568362198886462
time in solving system 0.10719872899062466
concluded in  9.496318549994612
Solving snapshot 0 96
36
time in solving system 2.5471057999966433
time in solving system 0.10405832200194709
time in solving system 0.10158251399116125
concluded in  7.829159102999256
Solving snapshot 0 97
36
time in solving system 2.101272069994593
time in solving system 0.10716626700013876
time in solving system 0.10690022799826693
concluded in  7.669650270006969
Solving snapshot 0 98
36
time in solving system 4.722504545992706
time in solving system 0.11024155000632163
time in solving system 0.11195350499474443
concluded in  8.744656650000252
Solving snapshot 0 99
36
time in solving system 2.3576566289993934
time in solving system 0.10791369900107384
time in solving system 0.1123764219955774
concluded in  6.783750685994164
Solving snapshot 0 100
36
time in solving system 3.9558440430118935
time in solving system 0.1523853390099248
time in solving system 0.10720131000562105
concluded in  8.461312152998289
Solving snapshot 0 101
36
time in solving system 3.438076813996304
time in solving system 0.1081316829950083
time in solving system 0.10573571299028117
concluded in  8.340937251996365
Solving snapshot 0 102
36
time in solving system 3.503363978001289
time in solving system 0.26158260500233155
time in solving system 0.1335453130013775
concluded in  8.264845940997475
Solving snapshot 0 103
36
time in solving system 4.462108384992462
time in solving system 0.11241923600027803
time in solving system 0.1152657999919029
concluded in  9.167605474998709
Solving snapshot 0 104
36
time in solving system 3.8760583139955997
time in solving system 0.09805646000313573
time in solving system 0.09974856200278737
concluded in  8.178375938005047
Solving snapshot 0 105
36
time in solving system 3.0301363189937547
time in solving system 0.12780567299341783
time in solving system 0.12151211900345515
concluded in  7.479841880995082
Solving snapshot 0 106
36
time in solving system 2.788688127999194
time in solving system 0.10605570299958345
time in solving system 0.10813084300025366
concluded in  7.505116690997966
Solving snapshot 0 107
36
time in solving system 4.060498564009322
time in solving system 0.17493832200125325
time in solving system 0.11489793998771347
concluded in  9.118686278990936
Solving snapshot 0 108
36
time in solving system 3.1335741779912496
time in solving system 0.16185043400037102
time in solving system 0.11267872800817713
concluded in  8.066657867995673
Solving snapshot 0 109
36
time in solving system 4.187446412994177
time in solving system 0.1195861089945538
time in solving system 0.17318148599588312
concluded in  8.844886496997788
Solving snapshot 0 110
36
time in solving system 3.3400097349949647
time in solving system 0.18339174200082198
time in solving system 0.1319496590003837
concluded in  7.711068755001179
Solving snapshot 0 111
36
time in solving system 2.5432374810043257
time in solving system 0.16002406500047073
time in solving system 0.26069236399780493
concluded in  7.957368392002536
Solving snapshot 0 112
36
time in solving system 2.4666023640020285
time in solving system 0.22439417500572745
time in solving system 0.2292950720002409
concluded in  6.703973944997415
Solving snapshot 0 113
36
time in solving system 2.81467825800064
time in solving system 0.14169121900340542
time in solving system 0.10681924199161585
concluded in  6.5261124719982035
Solving snapshot 0 114
36
time in solving system 3.771551407990046
time in solving system 0.11948381298861932
time in solving system 0.14731539400236215
concluded in  7.620888730001752
Solving snapshot 0 115
36
time in solving system 4.306407572003081
time in solving system 0.11694776800868567
time in solving system 0.11274180198961403
concluded in  8.658603941003093
Solving snapshot 0 116
36
time in solving system 5.255867457992281
time in solving system 0.10557076300028712
time in solving system 0.11996374400041532
concluded in  9.047541688007186
Solving snapshot 0 117
36
time in solving system 3.7778713480074657
time in solving system 0.1293051519896835
time in solving system 0.14705009599856567
concluded in  7.885930929012829
Solving snapshot 0 118
36
time in solving system 3.8102671029919293
time in solving system 0.23718869998992886
time in solving system 0.14446404999762308
concluded in  7.406302791991038
Solving snapshot 0 119
36
time in solving system 3.383400722013903
time in solving system 0.11326230999839026
time in solving system 0.11923453499912284
concluded in  7.405063559010159
Solving snapshot 0 120
36
time in solving system 4.351339847999043
time in solving system 0.2502342289953958
time in solving system 0.24611242800892796
concluded in  8.677125829999568
Solving snapshot 0 121
36
time in solving system 3.4283833049994428
time in solving system 0.12137841100047808
time in solving system 0.2028912470123032
concluded in  7.1198436389968265
Solving snapshot 0 122
36
time in solving system 4.147710257006111
time in solving system 0.2295050629909383
time in solving system 0.24089244699280243
concluded in  8.263542325003073
Solving snapshot 0 123
36
time in solving system 4.505426408009953
time in solving system 0.11233022798842285
time in solving system 0.11479410099855158
concluded in  8.571969153999817
Solving snapshot 0 124
36
time in solving system 4.946880108996993
time in solving system 0.10857771299197339
time in solving system 0.10681043099611998
concluded in  9.106760317998123
Solving snapshot 0 125
36
time in solving system 3.1628398849861696
time in solving system 0.1108904520078795
time in solving system 0.10555937999743037
concluded in  8.537983567002811
Solving snapshot 0 126
36
time in solving system 4.097161780009628
time in solving system 0.10504932000185363
time in solving system 0.10026596799434628
concluded in  9.381123623999883
Solving snapshot 0 127
36
time in solving system 2.4242095989902737
time in solving system 0.11742253799457103
time in solving system 0.1107062630035216
concluded in  8.574245470997994
Solving snapshot 0 128
36
time in solving system 3.015647109990823
time in solving system 0.12300667898671236
time in solving system 0.1180896560108522
concluded in  8.683288836007705
Solving snapshot 0 129
36
time in solving system 3.5746180820133304
time in solving system 0.11460329899273347
time in solving system 0.11533700699510518
concluded in  9.042790983003215
Solving snapshot 0 130
36
time in solving system 4.634978725996916
time in solving system 0.10582125600194559
time in solving system 0.104834469006164
concluded in  9.043335181995644
Solving snapshot 0 131
36
time in solving system 4.4786633379990235
time in solving system 0.12891809300344903
time in solving system 0.12954773000092246
concluded in  8.845513786000083
Solving snapshot 0 132
36
time in solving system 3.380996770996717
time in solving system 0.110004079004284
time in solving system 0.1102404760022182
concluded in  7.496815988008166
Solving snapshot 0 133
36
time in solving system 4.712371215005987
time in solving system 0.12580479799362365
time in solving system 0.11582280199218076
concluded in  7.931810390000464
Solving snapshot 0 134
36
time in solving system 3.295005599997239
time in solving system 0.1310693720006384
time in solving system 0.145738313003676
concluded in  7.448426376999123
Solving snapshot 0 135
36
time in solving system 4.073712678000447
time in solving system 0.20694061400718056
time in solving system 0.10734587899059989
concluded in  7.60912537999684
Solving snapshot 0 136
36
time in solving system 3.146430216002045
time in solving system 0.1812386920064455
time in solving system 0.11010135800461285
concluded in  6.614085724009783
Solving snapshot 0 137
36
time in solving system 3.559044823006843
time in solving system 0.290532572005759
time in solving system 0.24285855499329045
concluded in  8.274722638001549
Solving snapshot 0 138
36
time in solving system 4.163519727007952
time in solving system 0.26965001100325026
time in solving system 0.2401875409996137
concluded in  8.116356623999309
Solving snapshot 0 139
36
time in solving system 2.272267112013651
time in solving system 0.12013270899478812
time in solving system 0.12193104399193544
concluded in  5.6447078280034475
Solving snapshot 0 140
36
time in solving system 2.408174758995301
time in solving system 0.10304368600191083
time in solving system 0.10123758400732186
concluded in  5.814823984997929
Solving snapshot 0 141
36
time in solving system 3.7586152689909795
time in solving system 0.13643150799907744
time in solving system 0.13563078599690925
concluded in  8.691691956002614
Solving snapshot 0 142
36
time in solving system 3.857509049004875
time in solving system 0.11350290400150698
time in solving system 0.11700742600078229
concluded in  8.101447559994995
Solving snapshot 0 143
36
time in solving system 4.359319798997603
time in solving system 0.10581520799314603
time in solving system 0.10317544899589848
concluded in  8.786865012996714
Solving snapshot 0 144
36
time in solving system 3.0715430799900787
time in solving system 0.11934858399035875
time in solving system 0.13209192499925848
concluded in  8.159073119997629
Solving snapshot 0 145
36
time in solving system 2.7664564719889313
time in solving system 0.11727393399633002
time in solving system 0.1118630220007617
concluded in  6.727121714997338
Solving snapshot 0 146
36
time in solving system 3.7848326079983963
time in solving system 0.2404753949958831
time in solving system 0.2574826719937846
concluded in  8.406897172011668
Solving snapshot 0 147
36
time in solving system 3.8876066710072337
time in solving system 0.11427835200447589
time in solving system 0.11406303400872275
concluded in  7.6163949749898165
Solving snapshot 0 148
36
time in solving system 2.5086089100077515
time in solving system 0.25389776699012145
time in solving system 0.3093304689973593
concluded in  6.754988732005586
Solving snapshot 0 149
36
time in solving system 3.8518719490093645
time in solving system 0.12352390300657135
time in solving system 0.13516374000755604
concluded in  7.636674576991936
Solving snapshot 0 150
36
time in solving system 4.844965554992086
time in solving system 0.2071845110040158
time in solving system 0.39013524699839763
concluded in  9.139807917003054
Solving snapshot 0 151
36
time in solving system 3.243468628003029
time in solving system 0.2361914280045312
time in solving system 0.33402631399803795
concluded in  7.636123710006359
Solving snapshot 0 152
36
time in solving system 3.2897273120033788
time in solving system 0.11017225599789526
time in solving system 0.21600202500121668
concluded in  7.351774185008253
Solving snapshot 0 153
36
time in solving system 2.8349115169985453
time in solving system 0.2210019820049638
time in solving system 0.22748526599025354
concluded in  6.582957113991142
Solving snapshot 0 154
36
time in solving system 3.8569434880046174
time in solving system 0.30301515699829906
time in solving system 0.24698046399862505
concluded in  8.05285754999204
Solving snapshot 0 155
36
time in solving system 4.019186328994692
time in solving system 0.139949788004742
time in solving system 0.12767352700757328
concluded in  8.473581858008401
Solving snapshot 0 156
36
time in solving system 3.61774470799719
time in solving system 0.2536912060022587
time in solving system 0.33794901899818797
concluded in  7.474244149008882
Solving snapshot 0 157
36
time in solving system 4.2330272889958
time in solving system 0.21559368100133725
time in solving system 0.39024185700691305
concluded in  8.709351778001292
Solving snapshot 0 158
36
time in solving system 3.15921012799663
time in solving system 0.3660080959962215
time in solving system 0.29826402199978475
concluded in  7.365001902988297
Solving snapshot 0 159
36
time in solving system 3.6729679739946732
time in solving system 0.37128358300833497
time in solving system 0.30483294298755936
concluded in  7.783272126005613
Solving snapshot 0 160
36
time in solving system 3.210339520999696
time in solving system 0.2853025609947508
time in solving system 0.22900768800172955
concluded in  7.080305695999414
Solving snapshot 0 161
36
time in solving system 2.695322491999832
time in solving system 0.23577945200668182
time in solving system 0.25521086899971124
concluded in  7.2207758060103515
Solving snapshot 0 162
36
time in solving system 2.6801743270043517
time in solving system 0.18831318498996552
time in solving system 0.22969487799855415
concluded in  7.425496155003202
Solving snapshot 0 163
36
time in solving system 3.8542314219957916
time in solving system 0.29584824400080834
time in solving system 0.23266524999053217
concluded in  8.55879871599609
Solving snapshot 0 164
36
time in solving system 4.137036722997436
time in solving system 0.2732848840096267
time in solving system 0.23617072100751102
concluded in  8.239380478989915
Solving snapshot 0 165
36
time in solving system 4.354529632997583
time in solving system 0.2503733340126928
time in solving system 0.22697565099224448
concluded in  8.28749995699036
Solving snapshot 0 166
36
time in solving system 3.6439953689987306
time in solving system 0.12871059399913065
time in solving system 0.11004939499252941
concluded in  7.190065689996118
Solving snapshot 0 167
36
time in solving system 4.815003643991076
time in solving system 0.13225452799815685
time in solving system 0.13411581300897524
concluded in  8.573094228995615
Solving snapshot 0 168
36
time in solving system 4.033260943004279
time in solving system 0.11512006499106064
time in solving system 0.10349504899932072
concluded in  7.79859647199919
Solving snapshot 0 169
36
time in solving system 3.125007219001418
time in solving system 0.11709047899057623
time in solving system 0.11901220699655823
concluded in  7.7606873200129485
Solving snapshot 0 170
36
time in solving system 4.583769659991958
time in solving system 0.12676308600930497
time in solving system 0.10880580599769019
concluded in  9.501364376003039
Solving snapshot 0 171
36
time in solving system 3.030958837000071
time in solving system 0.1085080310003832
time in solving system 0.1097962850035401
concluded in  7.361993900995003
Solving snapshot 0 172
36
time in solving system 3.978385459005949
time in solving system 0.1015948779968312
time in solving system 0.0908739270089427
concluded in  8.351182861006237
Solving snapshot 0 173
36
time in solving system 4.0963169719907455
time in solving system 0.2168279040051857
time in solving system 0.12703017199237365
concluded in  8.403561208004248
Solving snapshot 0 174
36
time in solving system 4.480829527994501
time in solving system 0.11930190700513776
time in solving system 0.10937793900666293
concluded in  8.322686863990384
Solving snapshot 0 175
36
time in solving system 2.5210731090046465
time in solving system 0.10884457199426834
time in solving system 0.10898613500467036
concluded in  6.216180301998975
Solving snapshot 0 176
36
time in solving system 3.6664709159958875
time in solving system 0.2498012040014146
time in solving system 0.25596878900250886
concluded in  8.346350936000817
Solving snapshot 0 177
36
time in solving system 3.5288593959994614
time in solving system 0.15753938199486583
time in solving system 0.1385037209984148
concluded in  7.5336765669926535
Solving snapshot 0 178
36
time in solving system 3.2315412719908636
time in solving system 0.11467460199492052
time in solving system 0.13236153600155376
concluded in  6.856054732998018
Solving snapshot 0 179
36
time in solving system 4.324473001004662
time in solving system 0.135682676002034
time in solving system 0.22689985399483703
concluded in  8.101058048006962
Solving snapshot 0 180
36
time in solving system 3.2836757140030386
time in solving system 0.12263726699166
time in solving system 0.11361765999754425
concluded in  7.158118088002084
Solving snapshot 0 181
36
time in solving system 6.05474850499013
time in solving system 0.2500529300014023
time in solving system 0.25164283499179874
concluded in  11.162041003000923
Solving snapshot 0 182
36
time in solving system 3.382627113998751
time in solving system 0.11220492799475323
time in solving system 0.12552677201165352
concluded in  7.054785535001429
Solving snapshot 0 183
36
time in solving system 3.8859125029994175
time in solving system 0.1344600839947816
time in solving system 0.11574176298745442
concluded in  8.710327382999822
Solving snapshot 0 184
36
time in solving system 3.0043897430005018
time in solving system 0.1252585820038803
time in solving system 0.10350868399837054
concluded in  6.70660222999868
Solving snapshot 0 185
36
time in solving system 3.0985710530076176
time in solving system 0.11807430000044405
time in solving system 0.11092181999993045
concluded in  7.680821495989221
Solving snapshot 0 186
36
time in solving system 3.3283642129972577
time in solving system 0.11823559500044212
time in solving system 0.1159980469965376
concluded in  7.403867910004919
Solving snapshot 0 187
36
time in solving system 3.6976596699969377
time in solving system 0.1098260449944064
time in solving system 0.14695784500509035
concluded in  8.200437388994033
Solving snapshot 0 188
36
time in solving system 3.579255941003794
time in solving system 0.10563419701065868
time in solving system 0.11464871300267987
concluded in  8.678561470995191
Solving snapshot 0 189
36
time in solving system 4.734029465995263
time in solving system 0.12092313400353305
time in solving system 0.2002177690010285
concluded in  9.426420418007183
Solving snapshot 0 190
36
time in solving system 2.268487813998945
time in solving system 0.10419715799798723
time in solving system 0.10120100200583693
concluded in  5.867852162002237
Solving snapshot 0 191
36
time in solving system 4.672191653007758
time in solving system 0.2798659480031347
time in solving system 0.273004406990367
concluded in  9.232243730002665
Solving snapshot 0 192
36
time in solving system 3.021821688991622
time in solving system 0.10983349199523218
time in solving system 0.13519259700842667
concluded in  6.686390116010443
Solving snapshot 0 193
36
time in solving system 3.023773754001013
time in solving system 0.24101036600768566
time in solving system 0.12671648900141008
concluded in  7.782003529995563
Solving snapshot 0 194
36
time in solving system 3.700441717999638
time in solving system 0.11225619800097775
time in solving system 0.10611696900741663
concluded in  8.863341835007304
Solving snapshot 0 195
36
time in solving system 3.084435313998256
time in solving system 0.1706596120056929
time in solving system 0.17627801500202622
concluded in  7.613302949001081
Solving snapshot 0 196
36
time in solving system 3.5121209339995403
time in solving system 0.24027837900212035
time in solving system 0.24550649100274313
concluded in  8.172995482993429
Solving snapshot 0 197
36
time in solving system 3.102152737992583
time in solving system 0.12145692198828328
time in solving system 0.12868598800559994
concluded in  8.042534289998002
Solving snapshot 0 198
36
time in solving system 3.6188415190117666
time in solving system 0.12148738499672618
time in solving system 0.12228537100600079
concluded in  7.826227565004956
[]
Not completed: []
