Solving not completed simulation: 0-th chance
Solving snapshot 0 0
36
time in solving system 2.3867969869970693
time in solving system 0.17351169099856634
time in solving system 0.1363313889996789
concluded in  7.815736739998101
Solving snapshot 0 1
36
time in solving system 2.576112060000014
time in solving system 0.12725277400022605
time in solving system 0.11051845999827492
concluded in  8.450155587001063
Solving snapshot 0 2
36
time in solving system 3.1195668510008545
time in solving system 0.15800892599872896
time in solving system 0.11819811699751881
concluded in  8.652306793999742
Solving snapshot 0 3
36
time in solving system 2.8487406950007426
time in solving system 0.15339756500179647
time in solving system 0.1729900699974678
concluded in  8.282889180001803
Solving snapshot 0 4
36
time in solving system 3.248305265999079
time in solving system 0.19859461600208306
time in solving system 0.19385188600062975
concluded in  9.187987173998408
Solving snapshot 0 5
36
time in solving system 3.2322099109987903
time in solving system 0.24225477399886586
time in solving system 0.2320418100025563
concluded in  9.516029091999371
Solving snapshot 0 6
36
time in solving system 2.938924816000508
time in solving system 0.20865918499839609
time in solving system 0.19181223000123282
concluded in  8.451439172000391
Solving snapshot 0 7
36
time in solving system 3.1968606330010516
time in solving system 0.16352075000031618
time in solving system 0.16863896200084127
concluded in  9.013205862000177
Solving snapshot 0 8
36
time in solving system 4.075203297001281
time in solving system 0.19846264699663152
time in solving system 0.17102116299793124
concluded in  9.961252101002174
Solving snapshot 0 9
36
time in solving system 3.3377069929993013
time in solving system 0.22220943499996793
time in solving system 0.30142360600075335
concluded in  9.137079676998837
Solving snapshot 0 10
36
time in solving system 4.105071708003379
time in solving system 0.21711760100151878
time in solving system 0.13380335900001228
concluded in  10.269203857998946
Solving snapshot 0 11
36
time in solving system 4.251060034002876
time in solving system 0.13656863099822658
time in solving system 0.13024846899861586
concluded in  9.48110340600033
Solving snapshot 0 12
36
time in solving system 4.104460311002185
time in solving system 0.17703478900148184
time in solving system 0.2265165539974987
concluded in  10.09707923300084
Solving snapshot 0 13
36
time in solving system 4.450115375002497
time in solving system 0.18319878400143352
time in solving system 0.14206475500031956
concluded in  9.96506539999973
Solving snapshot 0 14
36
time in solving system 3.761470945999463
time in solving system 0.1644700200013176
time in solving system 0.2163581669992709
concluded in  9.706352450997656
Solving snapshot 0 15
36
time in solving system 3.8985359859980235
time in solving system 0.22694595900247805
time in solving system 0.18298683499961044
concluded in  9.876117805997637
Solving snapshot 0 16
36
time in solving system 3.4538418680022005
time in solving system 0.21603159100050107
time in solving system 0.24746069200045895
concluded in  9.663071899001807
Solving snapshot 0 17
36
time in solving system 3.9008124060019327
time in solving system 0.15246609099995112
time in solving system 0.22250209900084883
concluded in  9.662404999999126
Solving snapshot 0 18
36
time in solving system 3.6834889620004105
time in solving system 0.2767090549968998
time in solving system 0.18677640500027337
concluded in  9.975307298998814
Solving snapshot 0 19
36
time in solving system 3.7564380880030512
time in solving system 0.17677660300250864
time in solving system 0.14506655399964075
concluded in  9.484493725001812
Solving snapshot 0 20
36
time in solving system 3.8657170350015804
time in solving system 0.14798462299950188
time in solving system 0.12316618800105061
concluded in  9.73073575699891
Solving snapshot 0 21
36
time in solving system 3.379603296998539
time in solving system 0.17689495400190935
time in solving system 0.19210830799784162
concluded in  8.978035652999097
Solving snapshot 0 22
36
time in solving system 3.5026913680012512
time in solving system 0.15987408100045286
time in solving system 0.18098367799757398
concluded in  9.417077000998688
Solving snapshot 0 23
36
time in solving system 3.629183529999864
time in solving system 0.15757994700106792
time in solving system 0.16903432400067686
concluded in  9.005419201999757
Solving snapshot 0 24
36
time in solving system 3.3724538040005427
time in solving system 0.26737526600118144
time in solving system 0.19461452000177815
concluded in  9.390731821000372
Solving snapshot 0 25
36
time in solving system 3.461487770000531
time in solving system 0.16720223200172768
time in solving system 0.143308900998818
concluded in  8.825359268998
Solving snapshot 0 26
36
time in solving system 3.7414480519983044
time in solving system 0.159903657000541
time in solving system 0.14421161499922164
concluded in  9.317370692002442
Solving snapshot 0 27
36
time in solving system 2.879175115001999
time in solving system 0.20665925800130935
time in solving system 0.14394758799971896
concluded in  8.278011161000904
Solving snapshot 0 28
36
time in solving system 2.858954161998554
time in solving system 0.16287618599744746
time in solving system 0.2459513150024577
concluded in  8.460264691002521
Solving snapshot 0 29
36
time in solving system 2.992429469999479
time in solving system 0.13384568100082106
time in solving system 0.12958305400024983
concluded in  8.91040007799893
Solving snapshot 0 30
36
time in solving system 2.6832053139987693
time in solving system 0.23070405900216429
time in solving system 0.18406503000005614
concluded in  8.702922651002154
Solving snapshot 0 31
36
time in solving system 2.924434469001426
time in solving system 0.1843598049999855
time in solving system 0.21659511899997597
concluded in  8.601825096997345
Solving snapshot 0 32
36
time in solving system 3.2335925699990185
time in solving system 0.303593599001033
time in solving system 0.2523802069990779
concluded in  9.137346135998087
Solving snapshot 0 33
36
time in solving system 3.3054737919992476
time in solving system 0.16984629199941992
time in solving system 0.17128762600259506
concluded in  9.054564306999964
Solving snapshot 0 34
36
time in solving system 3.53267816099833
time in solving system 0.19208431800143444
time in solving system 0.2703355310004554
concluded in  9.188457874999585
Solving snapshot 0 35
36
time in solving system 4.051660164997884
time in solving system 0.19767332099945634
time in solving system 0.21270758899845532
concluded in  9.798511363998841
Solving snapshot 0 36
36
time in solving system 3.755987175998598
time in solving system 0.2376524029969005
time in solving system 0.2083838159996958
concluded in  9.810436290998041
Solving snapshot 0 37
36
time in solving system 4.172788094001589
time in solving system 0.2569732080009999
time in solving system 0.2304291420005029
concluded in  10.107904823998979
Solving snapshot 0 38
36
time in solving system 4.4265324430016335
time in solving system 0.23104893300114782
time in solving system 0.259833002997766
concluded in  9.899969845999294
Solving snapshot 0 39
36
time in solving system 4.144954280000093
time in solving system 0.15986833199713146
time in solving system 0.2276705389995186
concluded in  9.508779019997746
Solving snapshot 0 40
36
time in solving system 4.154183717997512
time in solving system 0.1587310350005282
time in solving system 0.24801574700177298
concluded in  9.982460276998609
Solving snapshot 0 41
36
time in solving system 4.268986394999956
time in solving system 0.16058070299914107
time in solving system 0.13028722099988954
concluded in  9.747012903000723
Solving snapshot 0 42
36
time in solving system 3.8447801180009264
time in solving system 0.18695088300228235
time in solving system 0.22708570099712233
concluded in  9.567147519999708
Solving snapshot 0 43
36
time in solving system 4.2111663590003445
time in solving system 0.15274698200300918
time in solving system 0.1910265389997221
concluded in  9.661702352997963
Solving snapshot 0 44
36
time in solving system 3.738752855002531
time in solving system 0.2266146080000908
time in solving system 0.15870791399720474
concluded in  9.006386171000486
Solving snapshot 0 45
36
time in solving system 3.6884375250010635
time in solving system 0.17926992399952724
time in solving system 0.19712721099858754
concluded in  9.6189512810015
Solving snapshot 0 46
36
time in solving system 2.9046351370016055
time in solving system 0.1805452679982409
time in solving system 0.21133093200114672
concluded in  8.456426073997136
Solving snapshot 0 47
36
time in solving system 3.216953717997967
time in solving system 0.21034772200073348
time in solving system 0.19298528799845371
concluded in  8.68318108099993
Solving snapshot 0 48
36
time in solving system 2.5704635809997853
time in solving system 0.16358713600129704
time in solving system 0.14234569900145289
concluded in  8.029615048999403
Solving snapshot 0 49
36
time in solving system 2.360072529001627
time in solving system 0.13422583600186044
time in solving system 0.1343166190017655
concluded in  8.27983578900239
Solving snapshot 0 50
36
time in solving system 2.4437163050024537
time in solving system 0.13480836400049157
time in solving system 0.12728193200018723
concluded in  8.310050111998862
Solving snapshot 0 51
36
time in solving system 2.6924638460004644
time in solving system 0.13586548100283835
time in solving system 0.12798074999955134
concluded in  9.49509060499986
Solving snapshot 0 52
36
time in solving system 2.4306704939990595
time in solving system 0.13512145099957706
time in solving system 0.12434872999801883
concluded in  8.927164004999213
Solving snapshot 0 53
36
time in solving system 2.614911139000469
time in solving system 0.15207763400030672
time in solving system 0.12452703300004941
concluded in  8.96681915299996
Solving snapshot 0 54
36
time in solving system 2.8119346250023227
time in solving system 0.17240619699805393
time in solving system 0.16252518400142435
concluded in  9.425615108000784
Solving snapshot 0 55
36
time in solving system 3.549628454999038
time in solving system 0.38309818799825734
time in solving system 0.19794299700151896
concluded in  10.116900254000939
Solving snapshot 0 56
36
time in solving system 3.860831901001802
time in solving system 0.29530269899987616
time in solving system 0.2870066699979361
concluded in  9.996391898999718
Solving snapshot 0 57
36
time in solving system 3.1945252450022963
time in solving system 0.28636037400065106
time in solving system 0.1933167829993181
concluded in  8.726101218999247
Solving snapshot 0 58
36
time in solving system 2.7631717270014633
time in solving system 0.19191559399769176
time in solving system 0.21071612300147535
concluded in  8.121682965000218
Solving snapshot 0 59
36
time in solving system 2.407736429999204
time in solving system 0.16627924400017946
time in solving system 0.17202182199980598
concluded in  7.933784913999261
Solving snapshot 0 60
36
time in solving system 2.665650552000443
time in solving system 0.20733803099938086
time in solving system 0.17570173199783312
concluded in  8.10794268400059
Solving snapshot 0 61
36
time in solving system 2.742449620000116
time in solving system 0.15734358000190696
time in solving system 0.1381465600024967
concluded in  8.181356852997851
Solving snapshot 0 62
36
time in solving system 2.4593595509977604
time in solving system 0.16744754899991676
time in solving system 0.16282800200133352
concluded in  8.229908032997628
Solving snapshot 0 63
36
time in solving system 2.831328279000445
time in solving system 0.1590255650007748
time in solving system 0.1791942880008719
concluded in  9.123124151999946
Solving snapshot 0 64
36
time in solving system 3.266604013999313
time in solving system 0.2704676430003019
time in solving system 0.18280175399922882
concluded in  9.452538374000142
Solving snapshot 0 65
36
time in solving system 2.784525545001088
time in solving system 0.27943543500077794
time in solving system 0.2952589859996806
concluded in  9.087562808002986
Solving snapshot 0 66
36
time in solving system 2.8011666870006593
time in solving system 0.2030447759971139
time in solving system 0.25718604999929084
concluded in  8.460789909000596
Solving snapshot 0 67
36
time in solving system 2.90077849500085
time in solving system 0.20573295800204505
time in solving system 0.16706005100058974
concluded in  8.403538929997012
Solving snapshot 0 68
36
time in solving system 2.6819000839968794
time in solving system 0.1763478969987773
time in solving system 0.17300678299943684
concluded in  8.568026680000912
Solving snapshot 0 69
36
time in solving system 2.6824039700004505
time in solving system 0.23835147299905657
time in solving system 0.25900420600009966
concluded in  8.968184249999467
Solving snapshot 0 70
36
time in solving system 2.408600191000005
time in solving system 0.13720387099965592
time in solving system 0.13832968900169362
concluded in  7.656768094999279
Solving snapshot 0 71
36
time in solving system 2.584663460998854
time in solving system 0.17626010699677863
time in solving system 0.1783288350015937
concluded in  8.961724183001934
Solving snapshot 0 72
36
time in solving system 2.597641222000675
time in solving system 0.16913176699745236
time in solving system 0.16479648500171606
concluded in  8.626294743000471
Solving snapshot 0 73
36
time in solving system 3.491030156998022
time in solving system 0.30768546300168964
time in solving system 0.2647586710008909
concluded in  9.760885035000683
Solving snapshot 0 74
36
time in solving system 2.9236881350007025
time in solving system 0.3469230520022393
time in solving system 0.33770774000004167
concluded in  9.017137856000772
Solving snapshot 0 75
36
time in solving system 2.5477378079995106
time in solving system 0.3144432040026004
time in solving system 0.33991933400102425
concluded in  8.531456286997127
Solving snapshot 0 76
36
time in solving system 2.4050574579996464
time in solving system 0.15673043900096673
time in solving system 0.1587727639998775
concluded in  7.60037875800117
Solving snapshot 0 77
36
time in solving system 2.6111242820006737
time in solving system 0.14935667299869237
time in solving system 0.12014674799866043
concluded in  8.013212859001214
Solving snapshot 0 78
36
time in solving system 2.3529026899996097
time in solving system 0.132238733000122
time in solving system 0.12431816199750756
concluded in  8.32874491199982
Solving snapshot 0 79
36
time in solving system 2.5691763140021067
time in solving system 0.14936653500262764
time in solving system 0.12206174500170164
concluded in  8.68799098999807
Solving snapshot 0 80
36
time in solving system 2.4758439409997663
time in solving system 0.13579595400005928
time in solving system 0.12845964699954493
concluded in  8.438631772001827
Solving snapshot 0 81
36
time in solving system 2.50167474400223
time in solving system 0.13303380499928608
time in solving system 0.12514916200234438
concluded in  9.636937875999138
Solving snapshot 0 82
36
time in solving system 2.446169976999954
time in solving system 0.1478069709992269
time in solving system 0.13831779300016933
concluded in  8.524161844001355
Solving snapshot 0 83
36
time in solving system 2.623220671001036
time in solving system 0.15277504899859196
time in solving system 0.12125759699847549
concluded in  9.852197902000626
Solving snapshot 0 84
36
time in solving system 2.4211720429993875
time in solving system 0.13387029099976644
time in solving system 0.12756393300151103
concluded in  8.594749415999104
Solving snapshot 0 85
36
time in solving system 2.592279406999296
time in solving system 0.15165774200067972
time in solving system 0.12516780299847596
concluded in  9.085578327001713
Solving snapshot 0 86
36
time in solving system 2.6402108129987027
time in solving system 0.15363236800112645
time in solving system 0.12950364499920397
concluded in  9.539036211997882
Solving snapshot 0 87
36
time in solving system 2.637242790999153
time in solving system 0.15712228900156333
time in solving system 0.16180810699734138
concluded in  8.487175007001497
Solving snapshot 0 88
36
time in solving system 2.475248233997263
time in solving system 0.13340972999867518
time in solving system 0.1267686480023258
concluded in  7.990703000999929
Solving snapshot 0 89
36
time in solving system 2.580584526000166
time in solving system 0.15108855099970242
time in solving system 0.12501576200156705
concluded in  8.651532080002653
Solving snapshot 0 90
36
time in solving system 2.692877100998885
time in solving system 0.1769076620003034
time in solving system 0.1425815690017771
concluded in  9.30724902899965
Solving snapshot 0 91
36
time in solving system 2.6083343050013355
time in solving system 0.14675430900024367
time in solving system 0.12015180600064923
concluded in  8.17147518499769
Solving snapshot 0 92
36
time in solving system 2.4282163479983865
time in solving system 0.1373153389977233
time in solving system 0.12717666900061886
concluded in  8.341498272002354
Solving snapshot 0 93
36
time in solving system 2.41725036200296
time in solving system 0.13625777600100264
time in solving system 0.122664418999193
concluded in  9.114932742002566
Solving snapshot 0 94
36
time in solving system 2.4135991369985277
time in solving system 0.1427065780007979
time in solving system 0.13052430099924095
concluded in  8.90376020199983
Solving snapshot 0 95
36
time in solving system 2.6154534769993916
time in solving system 0.1560058110007958
time in solving system 0.12385413800075185
concluded in  9.619840950999787
Solving snapshot 0 96
36
time in solving system 2.396498251000594
time in solving system 0.13432319899948197
time in solving system 0.12759498200102826
concluded in  9.327516156001366
Solving snapshot 0 97
36
time in solving system 2.5978178109980945
time in solving system 0.15303432600194355
time in solving system 0.14141771299910033
concluded in  9.417862102000072
Solving snapshot 0 98
36
time in solving system 2.589173385997128
time in solving system 0.14816769000026397
time in solving system 0.12026774299738463
concluded in  8.346057719998498
Solving snapshot 0 99
36
time in solving system 2.4485632270007045
time in solving system 0.13348792499891715
time in solving system 0.13163378099852707
concluded in  8.939171150999755
Solving snapshot 0 100
36
time in solving system 2.3921447200009425
time in solving system 0.1305331230032607
time in solving system 0.12225855199721991
concluded in  7.831091550000565
Solving snapshot 0 101
36
time in solving system 2.4449764219971257
time in solving system 0.13423567100107903
time in solving system 0.1270385099996929
concluded in  8.365410130998498
Solving snapshot 0 102
36
time in solving system 2.4307479390008666
time in solving system 0.13574091300324653
time in solving system 0.12285029899794608
concluded in  8.315546021000046
Solving snapshot 0 103
36
time in solving system 2.4691615529991395
time in solving system 0.13541035399975954
time in solving system 0.12956740200024797
concluded in  8.832027385000401
Solving snapshot 0 104
36
time in solving system 2.4716664740008127
time in solving system 0.1350593939969258
time in solving system 0.12605994799741893
concluded in  9.433258655997633
Solving snapshot 0 105
36
time in solving system 2.6339526740011934
time in solving system 0.15310219200182473
time in solving system 0.1263136140005372
concluded in  8.95217651799976
Solving snapshot 0 106
36
time in solving system 2.4406511310007772
time in solving system 0.13991304200317245
time in solving system 0.12781866899968009
concluded in  8.557811558999674
Solving snapshot 0 107
36
time in solving system 2.4534270059994014
time in solving system 0.1421263930023997
time in solving system 0.12860433400055626
concluded in  9.153092822001781
Solving snapshot 0 108
36
time in solving system 2.403968745999009
time in solving system 0.13516395300030126
time in solving system 0.12459577499976149
concluded in  9.53289323900026
Solving snapshot 0 109
36
time in solving system 2.4575844280007004
time in solving system 0.13855161799801863
time in solving system 0.13135162700200453
concluded in  8.597379670998635
Solving snapshot 0 110
36
time in solving system 2.6551700470008655
time in solving system 0.15534468999976525
time in solving system 0.1314770099997986
concluded in  9.389258628001699
Solving snapshot 0 111
36
time in solving system 2.4151205939997453
time in solving system 0.1379009230004158
time in solving system 0.1313859340007184
concluded in  9.50784512699829
Solving snapshot 0 112
36
time in solving system 2.6124342609982705
time in solving system 0.15377521000118577
time in solving system 0.12679310300154611
concluded in  9.632711255999311
Solving snapshot 0 113
36
time in solving system 2.605556902002718
time in solving system 0.1549767630021961
time in solving system 0.12717770900053438
concluded in  8.852624478000507
Solving snapshot 0 114
36
time in solving system 2.444957956999133
time in solving system 0.1337657260010019
time in solving system 0.12718133399903309
concluded in  9.407040922000306
Solving snapshot 0 115
36
time in solving system 2.4781693479999376
time in solving system 0.14466614900084096
time in solving system 0.14465049999853363
concluded in  8.8991742420003
Solving snapshot 0 116
36
time in solving system 2.731761461000133
time in solving system 0.15652094400138594
time in solving system 0.14077061900025
concluded in  9.259661031002906
Solving snapshot 0 117
36
time in solving system 2.4303248649994202
time in solving system 0.15886260900151683
time in solving system 0.15639445099805016
concluded in  8.585488745000475
Solving snapshot 0 118
36
time in solving system 2.4501454469973396
time in solving system 0.16556693500024267
time in solving system 0.1710745490017871
concluded in  8.855469681999239
Solving snapshot 0 119
36
time in solving system 2.8904352850004216
time in solving system 0.17692618200089782
time in solving system 0.1914728619995003
concluded in  9.050910425998154
Solving snapshot 0 120
36
time in solving system 2.5027373359989724
time in solving system 0.16303804099879926
time in solving system 0.1480023779986368
concluded in  8.246116590999009
Solving snapshot 0 121
36
time in solving system 2.5495974009972997
time in solving system 0.14924059699842473
time in solving system 0.1314751169993542
concluded in  8.027851131999341
Solving snapshot 0 122
36
time in solving system 2.3636949749998166
time in solving system 0.13105737099976977
time in solving system 0.12491375800163951
concluded in  8.431893150998803
Solving snapshot 0 123
36
time in solving system 2.624715424997703
time in solving system 0.14862286200150265
time in solving system 0.1209142219995556
concluded in  8.01346316100171
Solving snapshot 0 124
36
time in solving system 2.6293501680011104
time in solving system 0.15105628699893714
time in solving system 0.1213612989995454
concluded in  8.878327852999064
Solving snapshot 0 125
36
time in solving system 2.4345339280007465
time in solving system 0.13221962600073311
time in solving system 0.12367777100007515
concluded in  8.583458395998605
Solving snapshot 0 126
36
time in solving system 2.6354573130010976
time in solving system 0.15587102999779745
time in solving system 0.1249863289995119
concluded in  8.658592718002183
Solving snapshot 0 127
36
time in solving system 2.4529332230013097
time in solving system 0.13831741800095188
time in solving system 0.13277390800067224
concluded in  8.917859622000833
Solving snapshot 0 128
36
time in solving system 2.4879067159999977
time in solving system 0.14000781100185122
time in solving system 0.13337364600010915
concluded in  9.499683833000745
Solving snapshot 0 129
36
time in solving system 2.6054295450012432
time in solving system 0.15643901899966295
time in solving system 0.12282722199961427
concluded in  9.737010171997099
Solving snapshot 0 130
36
time in solving system 2.4796491519991832
time in solving system 0.1369299689977197
time in solving system 0.12767394100228557
concluded in  9.35181164900132
Solving snapshot 0 131
36
time in solving system 2.4350713819985685
time in solving system 0.13699842400092166
time in solving system 0.125743885000702
concluded in  8.994090868000058
Solving snapshot 0 132
36
time in solving system 2.5950218819998554
time in solving system 0.1476152609975543
time in solving system 0.12079144100061967
concluded in  8.846934346001945
Solving snapshot 0 133
36
time in solving system 2.6176371129986364
time in solving system 0.14941551800075104
time in solving system 0.12123157199675916
concluded in  9.125112636000267
Solving snapshot 0 134
36
time in solving system 2.6159667630017793
time in solving system 0.1493603519993485
time in solving system 0.12123520499881124
concluded in  8.909481926999433
Solving snapshot 0 135
36
time in solving system 2.567224594000436
time in solving system 0.1475478709980962
time in solving system 0.14678641200225684
concluded in  8.247650782999699
Solving snapshot 0 136
36
time in solving system 2.4034736690009595
time in solving system 0.13223777299936046
time in solving system 0.14908240600198042
concluded in  8.348646409998764
Solving snapshot 0 137
36
time in solving system 2.4230049239995424
time in solving system 0.15661149700099486
time in solving system 0.16389935800179956
concluded in  8.581050067001343
Solving snapshot 0 138
36
time in solving system 3.0889675870021165
time in solving system 0.25633200699667213
time in solving system 0.24466799400033779
concluded in  9.238832302999072
Solving snapshot 0 139
36
time in solving system 2.5854957709998416
time in solving system 0.1518867910017434
time in solving system 0.14065618099994026
concluded in  7.87789194600191
Solving snapshot 0 140
36
time in solving system 2.5188584299976355
time in solving system 0.18339935399853857
time in solving system 0.1794985920023464
concluded in  8.817801583998516
Solving snapshot 0 141
36
time in solving system 2.799653803002002
time in solving system 0.15522095800042734
time in solving system 0.20995289699931163
concluded in  8.757417991000693
Solving snapshot 0 142
36
time in solving system 2.58413988400207
time in solving system 0.15229565400295542
time in solving system 0.14173376400140114
concluded in  8.327185611997265
Solving snapshot 0 143
36
time in solving system 3.374564386998827
time in solving system 0.18555457800175645
time in solving system 0.18325202600317425
concluded in  9.79566489699937
Solving snapshot 0 144
36
time in solving system 2.690511802000401
time in solving system 0.15254549699966446
time in solving system 0.15460752199942362
concluded in  8.191801496999688
Solving snapshot 0 145
36
time in solving system 2.507781058000546
time in solving system 0.16456394100168836
time in solving system 0.16250882200256456
concluded in  8.403300573001616
Solving snapshot 0 146
36
time in solving system 2.440698866001185
time in solving system 0.15387476099931519
time in solving system 0.17922423300115042
concluded in  8.424573995001992
Solving snapshot 0 147
36
time in solving system 3.4386424369986344
time in solving system 0.15010111100127688
time in solving system 0.12494247799986624
concluded in  10.23278469700017
Solving snapshot 0 148
36
time in solving system 2.8158820499993453
time in solving system 0.15449274999991758
time in solving system 0.2335959410011128
concluded in  9.199991409997892
Solving snapshot 0 149
36
time in solving system 2.920865200998378
time in solving system 0.1958766090028803
time in solving system 0.16468602999884752
concluded in  8.440706568999303
Solving snapshot 0 150
36
time in solving system 3.4367829530019662
time in solving system 0.24287275800088537
time in solving system 0.20550407900009304
concluded in  9.485464452001906
Solving snapshot 0 151
36
time in solving system 3.1188186120016326
time in solving system 0.272872671001096
time in solving system 0.24515487299868255
concluded in  8.632211703999928
Solving snapshot 0 152
36
time in solving system 2.6140556460013613
time in solving system 0.16205022700160043
time in solving system 0.1688284219999332
concluded in  7.882585494000523
Solving snapshot 0 153
36
time in solving system 2.353696857000614
time in solving system 0.15249826999934157
time in solving system 0.17251360500085866
concluded in  8.32100460899892
Solving snapshot 0 154
36
time in solving system 2.3964106679995894
time in solving system 0.13255806300003314
time in solving system 0.12238273500042851
concluded in  7.624054674997751
Solving snapshot 0 155
36
time in solving system 2.6066377669994836
time in solving system 0.1489643069980957
time in solving system 0.12094686099953833
concluded in  8.865418793000572
Solving snapshot 0 156
36
time in solving system 2.566111241001636
time in solving system 0.1534378789983748
time in solving system 0.11972837500070455
concluded in  8.406577908001054
Solving snapshot 0 157
36
time in solving system 2.6226234399982786
time in solving system 0.16511720899870852
time in solving system 0.1439290689995687
concluded in  8.755306486997142
Solving snapshot 0 158
36
time in solving system 2.4980923060029454
time in solving system 0.2410159430000931
time in solving system 0.18435831000169856
concluded in  8.932023826000659
Solving snapshot 0 159
36
time in solving system 2.7493861929979175
time in solving system 0.16238206699927105
time in solving system 0.1722804040000483
concluded in  9.413590731997829
Solving snapshot 0 160
36
time in solving system 2.5884207190028974
time in solving system 0.162096100000781
time in solving system 0.16358706800019718
concluded in  8.74443332699957
Solving snapshot 0 161
36
time in solving system 2.4553784969975823
time in solving system 0.1597561950002273
time in solving system 0.1652159510013007
concluded in  8.86455436200049
Solving snapshot 0 162
36
time in solving system 2.465988894997281
time in solving system 0.1603100539978186
time in solving system 0.1573524189989257
concluded in  8.783264382000198
Solving snapshot 0 163
36
time in solving system 2.5802952400008508
time in solving system 0.16828793500098982
time in solving system 0.18440176299918676
concluded in  8.832308621997072
Solving snapshot 0 164
36
time in solving system 2.5655680159979966
time in solving system 0.15542775199719472
time in solving system 0.14597159000186366
concluded in  8.099340480999672
Solving snapshot 0 165
36
time in solving system 2.4283110449978267
time in solving system 0.1586045500007458
time in solving system 0.16389058799904888
concluded in  8.505319425999915
Solving snapshot 0 166
36
time in solving system 2.7030866329987475
time in solving system 0.21085659000164014
time in solving system 0.14299110399952042
concluded in  8.403863773997728
Solving snapshot 0 167
36
time in solving system 2.472681710998586
time in solving system 0.16252107599939336
time in solving system 0.17140033400210086
concluded in  8.997723658998439
Solving snapshot 0 168
36
time in solving system 2.6414791280003556
time in solving system 0.15503727800023626
time in solving system 0.13721234499826096
concluded in  8.746615342999576
Solving snapshot 0 169
36
time in solving system 2.4375140219999594
time in solving system 0.14931538800010458
time in solving system 0.16174801099987235
concluded in  8.782516683000722
Solving snapshot 0 170
36
time in solving system 2.4549689640007273
time in solving system 0.14110732499830192
time in solving system 0.13046440399921266
concluded in  7.997127734000969
Solving snapshot 0 171
36
time in solving system 2.6579830219998257
time in solving system 0.15268338400346693
time in solving system 0.1346410259975528
concluded in  9.308415559000423
Solving snapshot 0 172
36
time in solving system 2.5868617609994544
time in solving system 0.16692901300120866
time in solving system 0.16464260800057673
concluded in  8.954320864002511
Solving snapshot 0 173
36
time in solving system 2.6523536130007415
time in solving system 0.15215502400315017
time in solving system 0.1407765100011602
concluded in  8.619206973999098
Solving snapshot 0 174
36
time in solving system 2.6257312759989873
time in solving system 0.15960778299995582
time in solving system 0.1759629429980123
concluded in  9.326320399999531
Solving snapshot 0 175
36
time in solving system 2.6365363730001263
time in solving system 0.15434957700199448
time in solving system 0.1241888549993746
concluded in  8.416687771998113
Solving snapshot 0 176
36
time in solving system 2.6068239510022977
time in solving system 0.1567769909997878
time in solving system 0.15355637800166733
concluded in  9.373841011998593
Solving snapshot 0 177
36
time in solving system 2.4491361849977693
time in solving system 0.15907087300001876
time in solving system 0.1672697469984996
concluded in  9.024552049999329
Solving snapshot 0 178
36
time in solving system 2.400670603998151
time in solving system 0.14344202400025097
time in solving system 0.1588798869997845
concluded in  8.699686150997877
Solving snapshot 0 179
36
time in solving system 2.7977347529995313
time in solving system 0.14890848900176934
time in solving system 0.14348729099947377
concluded in  9.042362165000668
Solving snapshot 0 180
36
time in solving system 2.4502649379974173
time in solving system 0.13780064700040384
time in solving system 0.1292855210012931
concluded in  8.109586013000808
Solving snapshot 0 181
36
time in solving system 2.624467457000719
time in solving system 0.15098699200098054
time in solving system 0.12579605000064475
concluded in  9.389324698000564
Solving snapshot 0 182
36
time in solving system 2.5694895410015306
time in solving system 0.1874898470014159
time in solving system 0.16785362799782888
concluded in  8.967360122001992
Solving snapshot 0 183
36
time in solving system 2.4801258480001707
time in solving system 0.1616821070019796
time in solving system 0.1633378439983062
concluded in  8.473451282003225
Solving snapshot 0 184
36
time in solving system 2.459619516001112
time in solving system 0.138449774000037
time in solving system 0.12606782100192504
concluded in  8.113578796001093
Solving snapshot 0 185
36
time in solving system 2.6120521189986903
time in solving system 0.14789578999989317
time in solving system 0.1422324969971669
concluded in  8.698413280002569
Solving snapshot 0 186
36
time in solving system 2.40673242900084
time in solving system 0.13332069600073737
time in solving system 0.12672522099819616
concluded in  8.234769768998376
Solving snapshot 0 187
36
time in solving system 2.601473498001724
time in solving system 0.15481143499710015
time in solving system 0.12145054799839272
concluded in  9.304550257998926
Solving snapshot 0 188
36
time in solving system 2.6013686939986655
time in solving system 0.15001336999921477
time in solving system 0.1210691369997221
concluded in  9.100967878002848
Solving snapshot 0 189
36
time in solving system 2.6981089229993813
time in solving system 0.15159015000244835
time in solving system 0.1225378470007854
concluded in  8.68955447999906
Solving snapshot 0 190
36
time in solving system 2.720891084998584
time in solving system 0.1651856289972784
time in solving system 0.14478144099848578
concluded in  9.129953283998475
Solving snapshot 0 191
36
time in solving system 3.346517402002064
time in solving system 0.2034166980010923
time in solving system 0.19360642399988137
concluded in  9.774820265000017
Solving snapshot 0 192
36
time in solving system 2.555577140999958
time in solving system 0.17450891100088484
time in solving system 0.17279292900275323
concluded in  8.050643946000491
Solving snapshot 0 193
36
time in solving system 3.5139159969985485
time in solving system 0.22447515599924373
time in solving system 0.18388906700056395
concluded in  9.495794745998865
Solving snapshot 0 194
36
time in solving system 3.2894499650028592
time in solving system 0.2611258260003524
time in solving system 0.2270396809981321
concluded in  9.434193258002779
Solving snapshot 0 195
36
time in solving system 3.5766647630007355
time in solving system 0.19022270800269325
time in solving system 0.2081610669993097
concluded in  9.388437434998195
Solving snapshot 0 196
36
time in solving system 3.6920157830027165
time in solving system 0.16642338200108497
time in solving system 0.16325926399804302
concluded in  9.405130500999803
Solving snapshot 0 197
36
time in solving system 3.5828674719996343
time in solving system 0.21809183599907556
time in solving system 0.20609015299851308
concluded in  9.489103298998089
Solving snapshot 0 198
36
time in solving system 4.06036875800055
time in solving system 0.1959270879997348
time in solving system 0.1669884179973451
concluded in  9.472662709998986
Solving snapshot 0 199
36
time in solving system 3.6454855580013827
time in solving system 0.26716172399756033
time in solving system 0.2515802720008651
concluded in  9.579719528999703
Solving snapshot 0 200
36
time in solving system 3.9618327599964687
time in solving system 0.23065205899911234
time in solving system 0.2834546220001357
concluded in  9.807764730001509
Solving snapshot 0 201
36
time in solving system 3.458277862999239
time in solving system 0.2675780660028977
time in solving system 0.2220901450018573
concluded in  8.993645857997763
Solving snapshot 0 202
36
time in solving system 4.087986815000477
time in solving system 0.26942390099793556
time in solving system 0.14847915299833403
concluded in  9.831700396000087
Solving snapshot 0 203
36
time in solving system 4.081352998000511
time in solving system 0.18923965499925544
time in solving system 0.154785692000587
concluded in  9.395851203000348
Solving snapshot 0 204
36
time in solving system 3.6765282619999198
time in solving system 0.15788865699869348
time in solving system 0.23286052299954463
concluded in  9.05780795100145
Solving snapshot 0 205
36
time in solving system 4.024890944998333
time in solving system 0.2867245900015405
time in solving system 0.1419748520020221
concluded in  9.826716944000509
Solving snapshot 0 206
36
time in solving system 3.575394167997729
time in solving system 0.18887309700221522
time in solving system 0.23142365400053677
concluded in  8.963149516999692
Solving snapshot 0 207
36
time in solving system 4.0254421180034115
time in solving system 0.27394803700008197
time in solving system 0.15648531899933005
concluded in  9.873695045000204
Solving snapshot 0 208
36
time in solving system 3.824255911000364
time in solving system 0.25377198299975134
time in solving system 0.18977574200107483
concluded in  9.420815079000022
Solving snapshot 0 209
36
time in solving system 3.987143995000224
time in solving system 0.29139065300114453
time in solving system 0.2135889130004216
concluded in  9.332965392000915
Solving snapshot 0 210
36
time in solving system 3.7625233750004554
time in solving system 0.22129165300066234
time in solving system 0.16508317599800648
concluded in  9.633687244000612
Solving snapshot 0 211
36
time in solving system 3.868305607000366
time in solving system 0.15944224700069753
time in solving system 0.26728902400282095
concluded in  9.136931535998883
Solving snapshot 0 212
36
time in solving system 4.084531841999706
time in solving system 0.2285864359982952
time in solving system 0.17571733499789843
concluded in  10.05016396100109
Solving snapshot 0 213
36
time in solving system 3.6743640019994928
time in solving system 0.2197821070003556
time in solving system 0.15515382399826194
concluded in  9.509261601000617
Solving snapshot 0 214
36
time in solving system 4.0831307459993695
time in solving system 0.17350736699881963
time in solving system 0.12319879399728961
concluded in  9.857805096002267
Solving snapshot 0 215
36
time in solving system 3.739517228998011
time in solving system 0.22692115099926013
time in solving system 0.12661509000099613
concluded in  9.548399762999907
Solving snapshot 0 216
36
time in solving system 3.9732937659973686
time in solving system 0.19655970100211562
time in solving system 0.21038215400039917
concluded in  10.100621559999126
Solving snapshot 0 217
36
time in solving system 3.6942018019981333
time in solving system 0.1732033739972394
time in solving system 0.22351833100037766
concluded in  9.682293735000712
Solving snapshot 0 218
36
time in solving system 3.682937342000514
time in solving system 0.27866927300055977
time in solving system 0.13256931999785593
concluded in  9.721808131998841
Solving snapshot 0 219
36
time in solving system 3.786079643999983
time in solving system 0.14006025700291502
time in solving system 0.12597662799817044
concluded in  9.74495498500255
Solving snapshot 0 220
36
time in solving system 4.096317053998064
time in solving system 0.16798120900057256
time in solving system 0.1462218880005821
concluded in  9.88142418300049
Solving snapshot 0 221
36
time in solving system 3.6553394039983687
time in solving system 0.16712968399951933
time in solving system 0.14624210100009805
concluded in  8.986424692997389
Solving snapshot 0 222
36
time in solving system 3.486234885000158
time in solving system 0.1667735890005133
time in solving system 0.14100474400038365
concluded in  9.133612296998763
Solving snapshot 0 223
36
time in solving system 2.8968699679971905
time in solving system 0.15329375299916137
time in solving system 0.26630956099688774
concluded in  8.335485477000475
Solving snapshot 0 224
36
time in solving system 2.900678730002255
time in solving system 0.1448507929999323
time in solving system 0.12002279300213559
concluded in  8.02713738500097
Solving snapshot 0 225
36
time in solving system 3.0709405279994826
time in solving system 0.19272667200129945
time in solving system 0.2025705169980938
concluded in  9.10897106700213
Solving snapshot 0 226
36
time in solving system 2.9000375579998945
time in solving system 0.2339877480007999
time in solving system 0.16913010400094208
concluded in  8.46083364000151
Solving snapshot 0 227
36
time in solving system 2.8912849340013054
time in solving system 0.13668253699870547
time in solving system 0.15756010400218656
concluded in  8.313998286997958
Solving snapshot 0 228
36
time in solving system 2.9688833649997832
time in solving system 0.15689276000193786
time in solving system 0.2451352859970939
concluded in  9.134571120001056
Solving snapshot 0 229
36
time in solving system 3.1343970599991735
time in solving system 0.20853392999924836
time in solving system 0.23724693999974988
concluded in  8.602085782000358
Solving snapshot 0 230
36
time in solving system 3.257700998998189
time in solving system 0.16086615799940773
time in solving system 0.17378891599946655
concluded in  8.662850046999665
Solving snapshot 0 231
36
time in solving system 3.551208646997111
time in solving system 0.2739051690004999
time in solving system 0.22164551600144478
concluded in  9.086930568999378
Solving snapshot 0 232
36
time in solving system 3.1854079120021197
time in solving system 0.19283077000000048
time in solving system 0.1914583270008734
concluded in  9.055728459999955
Solving snapshot 0 233
36
time in solving system 3.1126135820013587
time in solving system 0.15946547199928318
time in solving system 0.14496066300125676
concluded in  8.492118257003312
Solving snapshot 0 234
36
time in solving system 2.7141850749976584
time in solving system 0.18303906400251435
time in solving system 0.18631353700038744
concluded in  8.341891285999736
Solving snapshot 0 235
36
time in solving system 2.7106845380003506
time in solving system 0.1605063240021991
time in solving system 0.14017791600053897
concluded in  8.085161461000098
Solving snapshot 0 236
36
time in solving system 2.398699122000835
time in solving system 0.1311069130024407
time in solving system 0.12306877400260419
concluded in  7.9869288980007695
Solving snapshot 0 237
36
time in solving system 2.6598699030000716
time in solving system 0.16228747999775806
time in solving system 0.14554346300064935
concluded in  9.284463209998648
Solving snapshot 0 238
36
time in solving system 2.6108224659983534
time in solving system 0.14845682200029842
time in solving system 0.14220836499953293
concluded in  8.300071780999133
Solving snapshot 0 239
36
time in solving system 2.776497401002416
time in solving system 0.18773599300038768
time in solving system 0.1898890369993751
concluded in  9.048769672001072
Solving snapshot 0 240
36
time in solving system 2.7723123360010504
time in solving system 0.18899433499973384
time in solving system 0.1699764779987163
concluded in  8.428209056000924
Solving snapshot 0 241
36
time in solving system 2.5779787589999614
time in solving system 0.17790484799843398
time in solving system 0.17027572900042287
concluded in  8.19326433400056
Solving snapshot 0 242
36
time in solving system 2.6421747540007345
time in solving system 0.1659312449992285
time in solving system 0.17471374299930176
concluded in  8.739436357998784
Solving snapshot 0 243
36
time in solving system 2.3748941289995855
time in solving system 0.13098820400045952
time in solving system 0.13016670200158842
concluded in  7.930793838000682
Solving snapshot 0 244
36
time in solving system 2.5732292659995437
time in solving system 0.25898467500155675
time in solving system 0.16550087399809854
concluded in  8.777861048998602
Solving snapshot 0 245
36
time in solving system 2.6520246879990736
time in solving system 0.1630079440001282
time in solving system 0.1912548029977188
concluded in  8.048818769999343
Solving snapshot 0 246
36
time in solving system 2.5953272210026626
time in solving system 0.1613781439991726
time in solving system 0.20652205199803575
concluded in  8.710031217000505
Solving snapshot 0 247
36
time in solving system 2.4462157990019477
time in solving system 0.1580510250023508
time in solving system 0.16420987599849468
concluded in  7.82111591300054
Solving snapshot 0 248
36
time in solving system 2.3361779280021437
time in solving system 0.13090325400116853
time in solving system 0.1361366029996134
concluded in  8.356975169001089
Solving snapshot 0 249
36
time in solving system 2.4152914349979255
time in solving system 0.13363786300033098
time in solving system 0.12731284099936602
concluded in  8.048856598001294
Solving snapshot 0 250
36
time in solving system 2.6103996979982185
time in solving system 0.1488218880003842
time in solving system 0.120981183998083
concluded in  8.878366942000866
Solving snapshot 0 251
36
time in solving system 2.4084559850016376
time in solving system 0.1341289730007702
time in solving system 0.12747525699887774
concluded in  8.886253378001129
Solving snapshot 0 252
36
time in solving system 2.5616258929985634
time in solving system 0.21668507499998668
time in solving system 0.14430700699813315
concluded in  8.671865524000168
Solving snapshot 0 253
36
time in solving system 2.416364265998709
time in solving system 0.13478776500051026
time in solving system 0.12273100099992007
concluded in  8.026074712000991
Solving snapshot 0 254
36
time in solving system 2.598304225000902
time in solving system 0.14815880999958608
time in solving system 0.122480287001963
concluded in  9.046052953999606
Solving snapshot 0 255
36
time in solving system 2.618246531001205
time in solving system 0.1545994010011782
time in solving system 0.1411724969984789
concluded in  8.988089043999935
Solving snapshot 0 256
36
time in solving system 2.4455217140020977
time in solving system 0.1356904249987565
time in solving system 0.15744198999891523
concluded in  8.665745712001808
Solving snapshot 0 257
36
time in solving system 2.841958242999681
time in solving system 0.16273303599882638
time in solving system 0.17203143200094928
concluded in  9.043370537998271
Solving snapshot 0 258
36
time in solving system 2.7561506099991675
time in solving system 0.184164767000766
time in solving system 0.14767911200033268
concluded in  9.120263688997511
Solving snapshot 0 259
36
time in solving system 2.4871235489990795
time in solving system 0.22584056599953328
time in solving system 0.17339691799861612
concluded in  8.553839569998672
Solving snapshot 0 260
36
time in solving system 2.5833371820008324
time in solving system 0.14936550499987788
time in solving system 0.13195538600120926
concluded in  8.062557084002037
Solving snapshot 0 261
36
time in solving system 2.579441556998063
time in solving system 0.15320945100029348
time in solving system 0.1574962199993024
concluded in  8.323215019001509
Solving snapshot 0 262
36
time in solving system 2.6418032229994424
time in solving system 0.258025560000533
time in solving system 0.20721517400306766
concluded in  9.050452267001674
Solving snapshot 0 263
36
time in solving system 2.6194286569989345
time in solving system 0.3005543509971176
time in solving system 0.19527184699836653
concluded in  8.540079992999381
Solving snapshot 0 264
36
time in solving system 2.4255128079967108
time in solving system 0.17001200600134325
time in solving system 0.17176841299806256
concluded in  7.975472501002514
Solving snapshot 0 265
36
time in solving system 3.467956641001365
time in solving system 0.2784255740007211
time in solving system 0.2128041989999474
concluded in  9.724057572002494
Solving snapshot 0 266
36
time in solving system 3.3408500010009448
time in solving system 0.25367040499986615
time in solving system 0.2957114429991634
concluded in  9.37344547000248
Solving snapshot 0 267
36
time in solving system 3.113793923999765
time in solving system 0.3371233219986607
time in solving system 0.3245304899974144
concluded in  8.956089477000205
Solving snapshot 0 268
36
time in solving system 3.3722460379976837
time in solving system 0.33412142299857805
time in solving system 0.35680046700144885
concluded in  9.65209225900253
Solving snapshot 0 269
36
time in solving system 3.0572311750001973
time in solving system 0.18833912899935967
time in solving system 0.1905292030023702
concluded in  8.942173272000218
Solving snapshot 0 270
36
time in solving system 2.996801820001565
time in solving system 0.19302622299801442
time in solving system 0.16979655400064075
concluded in  8.69974642300076
Solving snapshot 0 271
36
time in solving system 3.4662420630011184
time in solving system 0.16097597199768643
time in solving system 0.23424684800193063
concluded in  8.895649252997828
Solving snapshot 0 272
36
time in solving system 3.253034294997633
time in solving system 0.2702036840018991
time in solving system 0.19025178300216794
concluded in  9.119663774999935
Solving snapshot 0 273
36
time in solving system 3.3323378960012633
time in solving system 0.29298230899803457
time in solving system 0.2642747120007698
concluded in  9.31405242999972
Solving snapshot 0 274
36
time in solving system 3.8895074800020666
time in solving system 0.20357961800254998
time in solving system 0.2116428219997033
concluded in  9.831268871999782
Solving snapshot 0 275
36
time in solving system 3.395235945998138
time in solving system 0.19796153800052707
time in solving system 0.17213899300259072
concluded in  9.108704526999645
Solving snapshot 0 276
36
time in solving system 3.2117033190006623
time in solving system 0.175764291001542
time in solving system 0.20379853899794398
concluded in  8.552120112999546
Solving snapshot 0 277
36
time in solving system 3.3748616099983337
time in solving system 0.19948287499937578
time in solving system 0.178482689003431
concluded in  9.027596572999755
Solving snapshot 0 278
36
time in solving system 2.8900587130010535
time in solving system 0.1515713090011559
time in solving system 0.12753201099985745
concluded in  8.072007754002698
Solving snapshot 0 279
36
time in solving system 2.992303595001431
time in solving system 0.23347156000090763
time in solving system 0.13728622700000415
concluded in  8.599727187000099
Solving snapshot 0 280
36
time in solving system 3.038645878998068
time in solving system 0.25344045699966955
time in solving system 0.1930130700020527
concluded in  9.282662222998624
Solving snapshot 0 281
36
time in solving system 2.838474361000408
time in solving system 0.23174439500144217
time in solving system 0.1901878749995376
concluded in  8.762756467000145
Solving snapshot 0 282
36
time in solving system 2.936455041002773
time in solving system 0.1484955589985475
time in solving system 0.21744722899893532
concluded in  8.283202207003342
Solving snapshot 0 283
36
time in solving system 2.9392355019990646
time in solving system 0.18622422699991148
time in solving system 0.19005964000098174
concluded in  8.771817477001605
Solving snapshot 0 284
36
time in solving system 3.9681079740003042
time in solving system 0.2559256220010866
time in solving system 0.2556493639967812
concluded in  10.195035286997154
Solving snapshot 0 285
36
time in solving system 3.4109908229984285
time in solving system 0.25753810700189206
time in solving system 0.1775574899984349
concluded in  9.323277439001686
Solving snapshot 0 286
36
time in solving system 3.4589651399983268
time in solving system 0.24283168699912494
time in solving system 0.269259004999185
concluded in  9.035183314001188
Solving snapshot 0 287
36
time in solving system 2.73491191499852
time in solving system 0.2036559589978424
time in solving system 0.20475432200328214
concluded in  8.289816078002332
Solving snapshot 0 288
36
time in solving system 2.9187763549998635
time in solving system 0.19619613100076094
time in solving system 0.21783676400082186
concluded in  8.759985527001845
Solving snapshot 0 289
36
time in solving system 2.3756347410017042
time in solving system 0.1581379349991039
time in solving system 0.1579609780019382
concluded in  7.770482283998717
Solving snapshot 0 290
36
time in solving system 2.4073997949999466
time in solving system 0.28612977499869885
time in solving system 0.24555173499902594
concluded in  8.954231120998884
Solving snapshot 0 291
36
time in solving system 2.429928817000473
time in solving system 0.14353573999687796
time in solving system 0.1595717549971596
concluded in  8.004419772998517
Solving snapshot 0 292
36
time in solving system 2.410691526001756
time in solving system 0.15740109200123698
time in solving system 0.167469940999581
concluded in  8.071609870999964
Solving snapshot 0 293
36
time in solving system 2.4334778180018475
time in solving system 0.13297290099944803
time in solving system 0.12509507599679637
concluded in  8.546437977998721
Solving snapshot 0 294
36
time in solving system 2.4420383640026557
time in solving system 0.1324461229996814
time in solving system 0.12507991700113053
concluded in  8.786526440999296
Solving snapshot 0 295
36
time in solving system 2.6336197429991444
time in solving system 0.15786138700059382
time in solving system 0.1669777110000723
concluded in  8.991847149998648
Solving snapshot 0 296
36
time in solving system 2.4675937140018505
time in solving system 0.15687597100259154
time in solving system 0.1374722219989053
concluded in  7.564372392000223
Solving snapshot 0 297
36
time in solving system 2.804096618001495
time in solving system 0.2154425059998175
time in solving system 0.17607799799952772
concluded in  8.291229503000068
Solving snapshot 0 298
36
time in solving system 2.198419898002612
time in solving system 0.16085849899900495
time in solving system 0.20954422800059547
concluded in  6.954378811002243
Solving snapshot 0 299
36
time in solving system 2.009785178997845
time in solving system 0.14458846300112782
time in solving system 0.15590983600122854
concluded in  6.3814971139981935
[]
Not completed: []
