Solving not completed simulation: 0-th chance
Solving snapshot 0 0
36
time in solving system 2.234978725999099
time in solving system 0.13773471300009987
time in solving system 0.09831533000033232
concluded in  6.924642298003164
Solving snapshot 0 1
36
time in solving system 2.1100421940027445
time in solving system 0.11525304300084827
time in solving system 0.10144144800142385
concluded in  6.976011891998496
Solving snapshot 0 2
36
time in solving system 2.2893755860022793
time in solving system 0.12641374899976654
time in solving system 0.10165004600276006
concluded in  7.806278086001839
Solving snapshot 0 3
36
time in solving system 2.336200325997197
time in solving system 0.12682150999899022
time in solving system 0.11345187400002033
concluded in  8.785914595002396
Solving snapshot 0 4
36
time in solving system 2.265714361998107
time in solving system 0.12475194000217016
time in solving system 0.1195126810016518
concluded in  9.47433927900056
Solving snapshot 0 5
36
time in solving system 2.2507267849978234
time in solving system 0.12436648800212424
time in solving system 0.12316966200160095
concluded in  8.793881155001145
Solving snapshot 0 6
36
time in solving system 2.3864045219997934
time in solving system 0.14368024200302898
time in solving system 0.1273276439969777
concluded in  9.284657678002986
Solving snapshot 0 7
36
time in solving system 2.439269457998307
time in solving system 0.13934221499948762
time in solving system 0.13207929099735338
concluded in  9.498004278000735
Solving snapshot 0 8
36
time in solving system 2.622834685000271
time in solving system 0.15325526199740125
time in solving system 0.13010693300020648
concluded in  9.618219569998473
Solving snapshot 0 9
36
time in solving system 2.4286046989982424
time in solving system 0.13436018799984595
time in solving system 0.127449097999488
concluded in  9.668704364001314
Solving snapshot 0 10
36
time in solving system 2.4302823270008957
time in solving system 0.14082959900042624
time in solving system 0.12533946099938476
concluded in  8.898100952999812
Solving snapshot 0 11
36
time in solving system 2.4623665229992184
time in solving system 0.13699457499751588
time in solving system 0.1325250629997754
concluded in  9.586035363998235
Solving snapshot 0 12
36
time in solving system 2.60302239000157
time in solving system 0.15083854999829782
time in solving system 0.12374794499919517
concluded in  9.522222713996598
Solving snapshot 0 13
36
time in solving system 2.4333817359984096
time in solving system 0.12936172499757959
time in solving system 0.12259838899990427
concluded in  9.419215126999916
Solving snapshot 0 14
36
time in solving system 2.645773072999873
time in solving system 0.1475901750018238
time in solving system 0.11992895900039002
concluded in  9.315702842999599
Solving snapshot 0 15
36
time in solving system 2.650700706999487
time in solving system 0.15303721300006146
time in solving system 0.11908961500012083
concluded in  8.891970679000224
Solving snapshot 0 16
36
time in solving system 2.4115305909981544
time in solving system 0.13325336500201956
time in solving system 0.12481662700156448
concluded in  9.021430343000247
Solving snapshot 0 17
36
time in solving system 2.71956693500033
time in solving system 0.15302569100094843
time in solving system 0.12805066800137865
concluded in  9.036200552996888
Solving snapshot 0 18
36
time in solving system 2.42099390599833
time in solving system 0.139204035000148
time in solving system 0.12662984899725416
concluded in  9.114196386999538
Solving snapshot 0 19
36
time in solving system 2.561159425000369
time in solving system 0.1515465390002646
time in solving system 0.1255429960001493
concluded in  8.965001428001415
Solving snapshot 0 20
36
time in solving system 2.650893329999235
time in solving system 0.15606599199963966
time in solving system 0.1270245240011718
concluded in  9.390623040999344
Solving snapshot 0 21
36
time in solving system 2.4604579229999217
time in solving system 0.13595476699993014
time in solving system 0.12946446999922046
concluded in  9.285298950999277
Solving snapshot 0 22
36
time in solving system 2.632243855001434
time in solving system 0.15313327299736557
time in solving system 0.12851077600134886
concluded in  9.13982241299891
Solving snapshot 0 23
36
time in solving system 2.563041984998563
time in solving system 0.15095821400245768
time in solving system 0.12657377400319092
concluded in  9.523574427999847
Solving snapshot 0 24
36
time in solving system 2.42390216000058
time in solving system 0.13779465100014932
time in solving system 0.13108552199992118
concluded in  9.65029921400128
Solving snapshot 0 25
36
time in solving system 2.6762012580002192
time in solving system 0.1511488489995827
time in solving system 0.12496964000092703
concluded in  9.235963653001818
Solving snapshot 0 26
36
time in solving system 2.585862209998595
time in solving system 0.15203139200093574
time in solving system 0.1270570559972839
concluded in  8.852121244002774
Solving snapshot 0 27
36
time in solving system 2.6132992589991773
time in solving system 0.15064173999780905
time in solving system 0.12386832899937872
concluded in  9.567501220997656
Solving snapshot 0 28
36
time in solving system 2.5880492860014783
time in solving system 0.15022618099828833
time in solving system 0.11936565499854623
concluded in  8.667108781002753
Solving snapshot 0 29
36
time in solving system 2.384703776999231
time in solving system 0.1323955379994004
time in solving system 0.13224111100134905
concluded in  9.306266928000696
Solving snapshot 0 30
36
time in solving system 2.640855000998272
time in solving system 0.2021254629980831
time in solving system 0.1696113729994977
concluded in  8.684867226998904
Solving snapshot 0 31
36
time in solving system 2.4270408939992194
time in solving system 0.13623937499869498
time in solving system 0.12608756299960078
concluded in  8.439776647999679
Solving snapshot 0 32
36
time in solving system 2.6123433299981116
time in solving system 0.15343009699790855
time in solving system 0.15408045700314688
concluded in  9.38813372700315
Solving snapshot 0 33
36
time in solving system 2.644903558000806
time in solving system 0.1662938910012599
time in solving system 0.16499745699911728
concluded in  8.565072538000095
Solving snapshot 0 34
36
time in solving system 2.419456376999733
time in solving system 0.14850749700053711
time in solving system 0.1629398389995913
concluded in  8.21008445500047
Solving snapshot 0 35
36
time in solving system 2.602062986999954
time in solving system 0.1698618959999294
time in solving system 0.2617890389992681
concluded in  8.770451527001569
Solving snapshot 0 36
36
time in solving system 2.815740055000788
time in solving system 0.2056395390027319
time in solving system 0.1643710780008405
concluded in  8.444538136001938
Solving snapshot 0 37
36
time in solving system 2.3861755110010563
time in solving system 0.16667049399984535
time in solving system 0.27255032600078266
concluded in  8.287991971999872
Solving snapshot 0 38
36
time in solving system 3.1481925519983633
time in solving system 0.3734041919997253
time in solving system 0.36076306799805025
concluded in  9.677715515001182
Solving snapshot 0 39
36
time in solving system 3.433192912998493
time in solving system 0.35620734199983417
time in solving system 0.21294088899958297
concluded in  9.495123175001936
Solving snapshot 0 40
36
time in solving system 3.046124627999234
time in solving system 0.23045293500035768
time in solving system 0.25139978200240876
concluded in  8.650282020000304
Solving snapshot 0 41
36
time in solving system 3.766757511999458
time in solving system 0.2184589459975541
time in solving system 0.22271338299833587
concluded in  9.630682275001163
Solving snapshot 0 42
36
time in solving system 4.527270328999293
time in solving system 0.24984660199697828
time in solving system 0.18808758000159287
concluded in  10.361816578999424
Solving snapshot 0 43
36
time in solving system 3.689599576002365
time in solving system 0.20735851700010244
time in solving system 0.21140561900028843
concluded in  9.167185818001599
Solving snapshot 0 44
36
time in solving system 4.28170356299961
time in solving system 0.22827871200206573
time in solving system 0.13354428300226573
concluded in  10.283645826999418
Solving snapshot 0 45
36
time in solving system 4.193402788001549
time in solving system 0.1477836230005778
time in solving system 0.16989422500046203
concluded in  9.419482243996754
Solving snapshot 0 46
36
time in solving system 3.8348821549989225
time in solving system 0.16679306200239807
time in solving system 0.164812440998503
concluded in  9.316066572002455
Solving snapshot 0 47
36
time in solving system 4.061110267997719
time in solving system 0.2875183060023119
time in solving system 0.1802971510005591
concluded in  10.070867831000214
Solving snapshot 0 48
36
time in solving system 3.6115134810024756
time in solving system 0.18987332800315926
time in solving system 0.17823793800198473
concluded in  9.47788479400333
Solving snapshot 0 49
36
time in solving system 3.6893219070007035
time in solving system 0.20637460199941415
time in solving system 0.38981807900199783
concluded in  9.255408783999883
Solving snapshot 0 50
36
time in solving system 3.6401892579997366
time in solving system 0.19117657799870358
time in solving system 0.14651357700131484
concluded in  9.434393919000286
Solving snapshot 0 51
36
time in solving system 3.5820995139984007
time in solving system 0.2711409930016089
time in solving system 0.1883156180010701
concluded in  9.585908105000271
Solving snapshot 0 52
36
time in solving system 4.246510962999309
time in solving system 0.26746741300303256
time in solving system 0.1618790739994438
concluded in  10.107275586997275
Solving snapshot 0 53
36
time in solving system 3.798387124999863
time in solving system 0.2178606560009939
time in solving system 0.14446000599855324
concluded in  9.889981126001658
Solving snapshot 0 54
36
time in solving system 3.916280003999418
time in solving system 0.21990174100210425
time in solving system 0.13171286199940369
concluded in  9.7387524629994
Solving snapshot 0 55
36
time in solving system 3.8509479709973675
time in solving system 0.21503178300190484
time in solving system 0.123955670002033
concluded in  9.770744518998981
Solving snapshot 0 56
36
time in solving system 3.8170172450008977
time in solving system 0.14614929600065807
time in solving system 0.1278694100001303
concluded in  9.172088708997762
Solving snapshot 0 57
36
time in solving system 3.8554502240003785
time in solving system 0.1966448430030141
time in solving system 0.1288808669996797
concluded in  9.339292930999363
Solving snapshot 0 58
36
time in solving system 3.98864459899778
time in solving system 0.1876641369999561
time in solving system 0.1863526669985731
concluded in  9.44168070899832
Solving snapshot 0 59
36
time in solving system 3.7606760909984587
time in solving system 0.27400425300220377
time in solving system 0.20349705400076346
concluded in  9.707960080999328
Solving snapshot 0 60
36
time in solving system 3.592300959997374
time in solving system 0.1960363199978019
time in solving system 0.18419686299966997
concluded in  9.46736346599937
Solving snapshot 0 61
36
time in solving system 3.8463830780019634
time in solving system 0.18320828799915034
time in solving system 0.2819538809999358
concluded in  9.299367400999472
Solving snapshot 0 62
36
time in solving system 3.172346215000289
time in solving system 0.17404006899960223
time in solving system 0.24332722700273735
concluded in  8.547513910001726
Solving snapshot 0 63
36
time in solving system 3.1991227270009404
time in solving system 0.19478801999866846
time in solving system 0.2299842920001538
concluded in  8.676979280000523
Solving snapshot 0 64
36
time in solving system 3.112394822001079
time in solving system 0.16716901100153336
time in solving system 0.2332954899975448
concluded in  8.545192159999715
Solving snapshot 0 65
36
time in solving system 3.158022276998963
time in solving system 0.17298323799695936
time in solving system 0.23447434400077327
concluded in  8.752175874000386
Solving snapshot 0 66
36
time in solving system 3.2474249769984453
time in solving system 0.19088992300021346
time in solving system 0.2159786129996064
concluded in  9.267224136998266
Solving snapshot 0 67
36
time in solving system 3.7181942310016893
time in solving system 0.24903845799781266
time in solving system 0.19147784700180637
concluded in  9.72889294900233
Solving snapshot 0 68
36
time in solving system 3.411372589001985
time in solving system 0.22105605699834996
time in solving system 0.24668340100106434
concluded in  8.843750918997102
Solving snapshot 0 69
36
time in solving system 3.801542770001106
time in solving system 0.21602699700088124
time in solving system 0.314373784000054
concluded in  9.667285585001082
Solving snapshot 0 70
36
time in solving system 3.6237541129994497
time in solving system 0.2832779729978938
time in solving system 0.23099160700076027
concluded in  9.48363863600025
Solving snapshot 0 71
36
time in solving system 3.9758462809986668
time in solving system 0.23768924500109279
time in solving system 0.22593562299880432
concluded in  9.821950306999497
Solving snapshot 0 72
36
time in solving system 3.326806184002635
time in solving system 0.20955369899820653
time in solving system 0.16915944799984572
concluded in  8.63997932500206
Solving snapshot 0 73
36
time in solving system 3.955780173000676
time in solving system 0.4140807180010597
time in solving system 0.19661545800045133
concluded in  9.775024692000443
Solving snapshot 0 74
36
time in solving system 4.126825365998229
time in solving system 0.17121204399882117
time in solving system 0.15956377999827964
concluded in  9.864703659000952
Solving snapshot 0 75
36
time in solving system 3.8753149039985146
time in solving system 0.2661514050014375
time in solving system 0.2941888019995531
concluded in  9.836359437998908
Solving snapshot 0 76
36
time in solving system 4.0213501150028605
time in solving system 0.3061518350004917
time in solving system 0.17357668399927206
concluded in  9.495384395999281
Solving snapshot 0 77
36
time in solving system 4.43777290199796
time in solving system 0.22456796400001622
time in solving system 0.1371908129985968
concluded in  10.283291504998488
Solving snapshot 0 78
36
time in solving system 3.868151744001807
time in solving system 0.2464668469983735
time in solving system 0.14057281799978227
concluded in  9.65851790799934
Solving snapshot 0 79
36
time in solving system 3.5638300350001373
time in solving system 0.1668732660000387
time in solving system 0.1607178259982902
concluded in  9.345666411998536
Solving snapshot 0 80
36
time in solving system 3.676067795000563
time in solving system 0.23684951399991405
time in solving system 0.1596908520004945
concluded in  9.522585867001908
Solving snapshot 0 81
36
time in solving system 3.539266445000976
time in solving system 0.21274222300053225
time in solving system 0.18896770299761556
concluded in  9.366175292998378
Solving snapshot 0 82
36
time in solving system 3.7943710460021975
time in solving system 0.1995950990021811
time in solving system 0.192728268000792
concluded in  9.70516338300149
Solving snapshot 0 83
36
time in solving system 3.827330238000286
time in solving system 0.16712302900123177
time in solving system 0.1807130209999741
concluded in  9.65962025099725
Solving snapshot 0 84
36
time in solving system 3.448867868999514
time in solving system 0.19342125999901327
time in solving system 0.14752093000060995
concluded in  9.045791980999638
Solving snapshot 0 85
36
time in solving system 3.5141303519994835
time in solving system 0.18162676700012526
time in solving system 0.1703497039998183
concluded in  9.351855985001748
Solving snapshot 0 86
36
time in solving system 3.148918621998746
time in solving system 0.1657931390000158
time in solving system 0.21895306599981268
concluded in  8.593294759997661
Solving snapshot 0 87
36
time in solving system 3.622538318999432
time in solving system 0.1520303249999415
time in solving system 0.1304707809977117
concluded in  9.095375494001928
Solving snapshot 0 88
36
time in solving system 3.4152237189991865
time in solving system 0.1489411629991082
time in solving system 0.1324174170003971
concluded in  9.185920627998712
Solving snapshot 0 89
36
time in solving system 3.3386959480012592
time in solving system 0.1534700479969615
time in solving system 0.12897555500239832
concluded in  9.000393577000068
Solving snapshot 0 90
36
time in solving system 3.856925247997424
time in solving system 0.15285508700253558
time in solving system 0.177687513998535
concluded in  9.584501485998771
Solving snapshot 0 91
36
time in solving system 3.4863075350003783
time in solving system 0.159438914997736
time in solving system 0.22930541999812704
concluded in  9.268849465999665
Solving snapshot 0 92
36
time in solving system 3.8837051250011427
time in solving system 0.263867277000827
time in solving system 0.22615265200147405
concluded in  9.330992875999073
Solving snapshot 0 93
36
time in solving system 3.7083090860032826
time in solving system 0.18264945999908377
time in solving system 0.26051942100093584
concluded in  9.55273291499907
Solving snapshot 0 94
36
time in solving system 3.813481758999842
time in solving system 0.24189694100277848
time in solving system 0.18683595800030162
concluded in  9.874291873999027
Solving snapshot 0 95
36
time in solving system 3.865928213999723
time in solving system 0.1710916289994202
time in solving system 0.1339562979992479
concluded in  9.353541388998565
Solving snapshot 0 96
36
time in solving system 3.8805514740015496
time in solving system 0.16893608000100357
time in solving system 0.22197961400161148
concluded in  10.002135193000868
Solving snapshot 0 97
36
time in solving system 3.607929640002112
time in solving system 0.1395816529984586
time in solving system 0.16623070199784706
concluded in  9.73027065199858
Solving snapshot 0 98
36
time in solving system 3.5128610740030126
time in solving system 0.21493316399937612
time in solving system 0.17289541100035422
concluded in  9.303988946998288
Solving snapshot 0 99
36
time in solving system 3.8490598629978194
time in solving system 0.25248119900061283
time in solving system 0.1639040150002984
concluded in  9.166054741002881
Solving snapshot 0 100
36
time in solving system 3.81223218499872
time in solving system 0.2065155579985003
time in solving system 0.2874394949976704
concluded in  9.389186024000082
Solving snapshot 0 101
36
time in solving system 3.7425306790028117
time in solving system 0.1915911470023275
time in solving system 0.1902006189993699
concluded in  9.187017863001529
Solving snapshot 0 102
36
time in solving system 3.7540062699990813
time in solving system 0.25324144099795376
time in solving system 0.23931682799957343
concluded in  9.692566049998277
Solving snapshot 0 103
36
time in solving system 3.9380766460017185
time in solving system 0.20977645399761968
time in solving system 0.25257507499918574
concluded in  9.4300170839997
Solving snapshot 0 104
36
time in solving system 3.7453466260012647
time in solving system 0.2571182680003403
time in solving system 0.21915568700205768
concluded in  9.377650935999554
Solving snapshot 0 105
36
time in solving system 3.6481855220008583
time in solving system 0.15557483399970806
time in solving system 0.17879714400260127
concluded in  9.196125618000224
Solving snapshot 0 106
36
time in solving system 4.285872141001164
time in solving system 0.21478915400075493
time in solving system 0.21873355700154207
concluded in  9.691932376001205
Solving snapshot 0 107
36
time in solving system 3.8731105669976387
time in solving system 0.16160833799949614
time in solving system 0.19524293900030898
concluded in  9.34518104700328
Solving snapshot 0 108
36
time in solving system 3.6197371649977867
time in solving system 0.16302501899917843
time in solving system 0.2402127550012665
concluded in  9.177647933000117
Solving snapshot 0 109
36
time in solving system 3.6308940009985236
time in solving system 0.15443620999940322
time in solving system 0.14099861399881775
concluded in  9.29867670999738
Solving snapshot 0 110
36
time in solving system 3.727499814998737
time in solving system 0.2490522790030809
time in solving system 0.21275658699960331
concluded in  9.184187216000282
Solving snapshot 0 111
36
time in solving system 2.9233936300006462
time in solving system 0.20125386899962905
time in solving system 0.20845530899896403
concluded in  8.450060719002067
Solving snapshot 0 112
36
time in solving system 3.0197455609995814
time in solving system 0.1759739980006998
time in solving system 0.17829972400068073
concluded in  8.938499168998533
Solving snapshot 0 113
36
time in solving system 3.1620596059983654
time in solving system 0.19429640999805997
time in solving system 0.1618638510008168
concluded in  9.082122244002676
Solving snapshot 0 114
36
time in solving system 2.960202253998432
time in solving system 0.16029094199984684
time in solving system 0.15725978599948576
concluded in  8.276029532000393
Solving snapshot 0 115
36
time in solving system 3.396594797002763
time in solving system 0.1976824330013187
time in solving system 0.17871971300337464
concluded in  9.200885948001087
Solving snapshot 0 116
36
time in solving system 2.909087896001438
time in solving system 0.15339235599822132
time in solving system 0.14457505499740364
concluded in  8.048473587001354
Solving snapshot 0 117
36
time in solving system 2.962808139000117
time in solving system 0.18531333200007793
time in solving system 0.1340973779988417
concluded in  8.310480566000479
Solving snapshot 0 118
36
time in solving system 2.935323690999212
time in solving system 0.14353345700146747
time in solving system 0.23026288300025044
concluded in  9.090879939998558
Solving snapshot 0 119
36
time in solving system 2.894581084001402
time in solving system 0.21201876100167283
time in solving system 0.18302364299961482
concluded in  8.594057492002321
Solving snapshot 0 120
36
time in solving system 2.924438165999163
time in solving system 0.16044585399868083
time in solving system 0.23240646200065385
concluded in  9.037589826002659
Solving snapshot 0 121
36
time in solving system 2.9918654289976985
time in solving system 0.1482163259970548
time in solving system 0.168429533001472
concluded in  8.651723593000497
Solving snapshot 0 122
36
time in solving system 2.9259619660006138
time in solving system 0.1686219790026371
time in solving system 0.2495453030023782
concluded in  9.053158437000093
Solving snapshot 0 123
36
time in solving system 3.511532038999576
time in solving system 0.18478548699931707
time in solving system 0.17518417100291117
concluded in  9.312139967001713
Solving snapshot 0 124
36
time in solving system 4.014886615997966
time in solving system 0.18866958699800307
time in solving system 0.13483021200227086
concluded in  9.702839151999797
Solving snapshot 0 125
36
time in solving system 4.843409330002032
time in solving system 0.22323746799884248
time in solving system 0.14690164900093805
concluded in  10.735825079998904
Solving snapshot 0 126
36
time in solving system 3.765369101998658
time in solving system 0.13860733500041533
time in solving system 0.12913601999753155
concluded in  9.565825255998789
Solving snapshot 0 127
36
time in solving system 3.66505131699887
time in solving system 0.18870735599921318
time in solving system 0.22927218900076696
concluded in  9.122892073999537
Solving snapshot 0 128
36
time in solving system 3.063858647001325
time in solving system 0.15854143400065368
time in solving system 0.16267515199797344
concluded in  8.732859476000158
Solving snapshot 0 129
36
time in solving system 3.423121274998266
time in solving system 0.19099005500174826
time in solving system 0.19507508400056395
concluded in  9.27999698900021
Solving snapshot 0 130
36
time in solving system 3.4191354470021906
time in solving system 0.18650970299859182
time in solving system 0.1686737140007608
concluded in  9.360485165001592
Solving snapshot 0 131
36
time in solving system 3.011211495999305
time in solving system 0.15733907599860686
time in solving system 0.1689571060014714
concluded in  8.835471288999543
Solving snapshot 0 132
36
time in solving system 3.358269594999001
time in solving system 0.19456758399974206
time in solving system 0.19000965600207564
concluded in  9.285929538997152
Solving snapshot 0 133
36
time in solving system 3.0918791080002848
time in solving system 0.15137107700138586
time in solving system 0.2031669839998358
concluded in  8.439827591999347
Solving snapshot 0 134
36
time in solving system 4.016804337999929
time in solving system 0.21359308300088742
time in solving system 0.19644157999937306
concluded in  9.850498416999471
Solving snapshot 0 135
36
time in solving system 3.206961803000013
time in solving system 0.16304102199865156
time in solving system 0.16634239199993317
concluded in  8.969396549000521
Solving snapshot 0 136
36
time in solving system 4.036144719000731
time in solving system 0.19106784000177868
time in solving system 0.15325853199828998
concluded in  9.622139097999025
Solving snapshot 0 137
36
time in solving system 3.4095126210013404
time in solving system 0.1933725719973154
time in solving system 0.25919621900175116
concluded in  8.862168272000417
Solving snapshot 0 138
36
time in solving system 3.8551449820006383
time in solving system 0.18821031699917512
time in solving system 0.1794416269985959
concluded in  9.642851505999715
Solving snapshot 0 139
36
time in solving system 2.960399462001078
time in solving system 0.15977000099883298
time in solving system 0.1683266170002753
concluded in  8.380313142002706
Solving snapshot 0 140
36
time in solving system 3.3499928300007014
time in solving system 0.1781076370025403
time in solving system 0.2815157029981492
concluded in  9.034602230996825
Solving snapshot 0 141
36
time in solving system 3.4676029490001383
time in solving system 0.23381133300063084
time in solving system 0.17878347300211317
concluded in  8.807281802000944
Solving snapshot 0 142
36
time in solving system 2.8428119419986615
time in solving system 0.17955927000002703
time in solving system 0.2676351929985685
concluded in  8.75532295100129
Solving snapshot 0 143
36
time in solving system 3.0078275929990923
time in solving system 0.13254389699795865
time in solving system 0.124365987998317
concluded in  8.362904050998623
Solving snapshot 0 144
36
time in solving system 3.211059452001791
time in solving system 0.14444197500051814
time in solving system 0.12468589800118934
concluded in  8.965775381002459
Solving snapshot 0 145
36
time in solving system 3.6355469319969416
time in solving system 0.1576672419978422
time in solving system 0.16546408900103415
concluded in  9.37709975600228
Solving snapshot 0 146
36
time in solving system 3.0870770889996493
time in solving system 0.18911022799875354
time in solving system 0.19575420500041218
concluded in  8.583114473000023
Solving snapshot 0 147
36
time in solving system 2.931740488998912
time in solving system 0.14847191800072324
time in solving system 0.2300295780005399
concluded in  8.37228510299974
Solving snapshot 0 148
36
time in solving system 2.9159196889995656
time in solving system 0.24831967199861538
time in solving system 0.18319582199910656
concluded in  8.515872593001404
Solving snapshot 0 149
36
time in solving system 2.8552753059993847
time in solving system 0.16720132399859722
time in solving system 0.1450867970015679
concluded in  8.57137986700036
Solving snapshot 0 150
36
time in solving system 2.6625002789987775
time in solving system 0.1686521099982201
time in solving system 0.16424043400184019
concluded in  8.572173257998656
Solving snapshot 0 151
36
time in solving system 2.8587669799999276
time in solving system 0.16176620500118588
time in solving system 0.16219936999914353
concluded in  8.978382148998207
Solving snapshot 0 152
36
time in solving system 3.286734620000061
time in solving system 0.20266733400058
time in solving system 0.18032403899997007
concluded in  9.339506984000764
Solving snapshot 0 153
36
time in solving system 3.4584482070022204
time in solving system 0.2145162380002148
time in solving system 0.1919835279986728
concluded in  9.391756291999627
Solving snapshot 0 154
36
time in solving system 3.166589501000999
time in solving system 0.3292232019994117
time in solving system 0.2601659460015071
concluded in  8.92965863200152
Solving snapshot 0 155
36
time in solving system 3.643462076001015
time in solving system 0.27230980599779286
time in solving system 0.16768841500015697
concluded in  9.409119096999348
Solving snapshot 0 156
36
time in solving system 4.362009440999827
time in solving system 0.13752405400009593
time in solving system 0.2204370100007509
concluded in  10.0953713600029
Solving snapshot 0 157
36
time in solving system 3.84409233399856
time in solving system 0.22728915100015
time in solving system 0.17050992800068343
concluded in  9.648549606998131
Solving snapshot 0 158
36
time in solving system 3.846170664000965
time in solving system 0.18124760900172987
time in solving system 0.15605820800192305
concluded in  9.619980554001813
Solving snapshot 0 159
36
time in solving system 3.8987106540007517
time in solving system 0.13483790600002976
time in solving system 0.12781409099989105
concluded in  9.742322967998916
Solving snapshot 0 160
36
time in solving system 3.560347673999786
time in solving system 0.15800444200067432
time in solving system 0.2001433259974874
concluded in  9.14001833400107
Solving snapshot 0 161
36
time in solving system 3.328105151998898
time in solving system 0.16404758700082311
time in solving system 0.16212739999900805
concluded in  9.22288092799863
Solving snapshot 0 162
36
time in solving system 3.569613042000128
time in solving system 0.15604512999925646
time in solving system 0.14143992599929334
concluded in  8.90635175299758
Solving snapshot 0 163
36
time in solving system 3.5431299730007595
time in solving system 0.24409065000145347
time in solving system 0.21555049999733455
concluded in  9.321205445001397
Solving snapshot 0 164
36
time in solving system 4.193995310000901
time in solving system 0.229791080000723
time in solving system 0.15362165599799482
concluded in  9.823841209999955
Solving snapshot 0 165
36
time in solving system 3.547734785999637
time in solving system 0.16136271099821897
time in solving system 0.1966415729984874
concluded in  8.848002655999153
Solving snapshot 0 166
36
time in solving system 3.840156908998324
time in solving system 0.18944042699877173
time in solving system 0.16674659500131384
concluded in  9.563548886999342
Solving snapshot 0 167
36
time in solving system 4.1802899629983585
time in solving system 0.20106361700163689
time in solving system 0.12600856000062777
concluded in  9.819688703999418
Solving snapshot 0 168
36
time in solving system 4.220691843001987
time in solving system 0.17802025600030902
time in solving system 0.15991530800238252
concluded in  9.908117831000709
Solving snapshot 0 169
36
time in solving system 3.7490608699990844
time in solving system 0.1909438129987393
time in solving system 0.14393970200035255
concluded in  9.005927704001806
Solving snapshot 0 170
36
time in solving system 4.057623167998827
time in solving system 0.138463032002619
time in solving system 0.12864240199996857
concluded in  9.698850185999618
Solving snapshot 0 171
36
time in solving system 4.0573172320000594
time in solving system 0.1527817940004752
time in solving system 0.12796496200098773
concluded in  9.683871477998764
Solving snapshot 0 172
36
time in solving system 4.113922292002826
time in solving system 0.1674572519987123
time in solving system 0.2188970999995945
concluded in  10.059243440999126
Solving snapshot 0 173
36
time in solving system 3.715532799000357
time in solving system 0.1655361310004082
time in solving system 0.12364084699947853
concluded in  9.899420714998996
Solving snapshot 0 174
36
time in solving system 4.0597186960003455
time in solving system 0.17093502300122054
time in solving system 0.1235343650005234
concluded in  9.360178437000286
Solving snapshot 0 175
36
time in solving system 3.4817741570004728
time in solving system 0.16274919799980125
time in solving system 0.2429185859982681
concluded in  8.949121438003203
Solving snapshot 0 176
36
time in solving system 3.863164913000219
time in solving system 0.17998278600134654
time in solving system 0.1687259720019938
concluded in  9.600016420001339
Solving snapshot 0 177
36
time in solving system 3.4565770939989306
time in solving system 0.17086879899943597
time in solving system 0.16079581300073187
concluded in  9.476434363001317
Solving snapshot 0 178
36
time in solving system 3.758340426997165
time in solving system 0.1318755290012632
time in solving system 0.12654541400115704
concluded in  9.63002613000208
Solving snapshot 0 179
36
time in solving system 3.9460548589995597
time in solving system 0.1629238079985953
time in solving system 0.23316902900114655
concluded in  9.84868304700285
Solving snapshot 0 180
36
time in solving system 3.7859878710005432
time in solving system 0.1858753419983259
time in solving system 0.1272036289992684
concluded in  9.55244885600041
Solving snapshot 0 181
36
time in solving system 4.178269472002285
time in solving system 0.20152416400014772
time in solving system 0.15234859999691253
concluded in  9.473215817000892
Solving snapshot 0 182
36
time in solving system 3.5209866620025423
time in solving system 0.19272208799884538
time in solving system 0.21230346499942243
concluded in  9.433772152999154
Solving snapshot 0 183
36
time in solving system 3.653693193999061
time in solving system 0.16938985099841375
time in solving system 0.24058637200141675
concluded in  9.164239768000698
Solving snapshot 0 184
36
time in solving system 4.257021484001598
time in solving system 0.21065132200237713
time in solving system 0.1248732989988639
concluded in  9.901511313997617
Solving snapshot 0 185
36
time in solving system 3.981905396998627
time in solving system 0.24128465299872914
time in solving system 0.17826837000029627
concluded in  9.327459215997806
Solving snapshot 0 186
36
time in solving system 4.026760209999338
time in solving system 0.13577376600005664
time in solving system 0.12381796800036682
concluded in  9.79840388699813
Solving snapshot 0 187
36
time in solving system 3.4673700500025006
time in solving system 0.2291374710002856
time in solving system 0.18167438300224603
concluded in  8.93301280599917
Solving snapshot 0 188
36
time in solving system 3.9293229969989625
time in solving system 0.16489300299872411
time in solving system 0.16888794800252072
concluded in  9.289081140002963
Solving snapshot 0 189
36
time in solving system 3.542023131998576
time in solving system 0.1836365109993494
time in solving system 0.22633490500084008
concluded in  9.04742792199977
Solving snapshot 0 190
36
time in solving system 3.1810566450003535
time in solving system 0.18569934600236593
time in solving system 0.17934014200000092
concluded in  8.44389904199852
Solving snapshot 0 191
36
time in solving system 3.0980685130016354
time in solving system 0.17105970499687828
time in solving system 0.16710588700152584
concluded in  8.786039298000105
Solving snapshot 0 192
36
time in solving system 2.760574665000604
time in solving system 0.20938108200061833
time in solving system 0.18139722499836353
concluded in  8.197423954999977
Solving snapshot 0 193
36
time in solving system 3.598268336001638
time in solving system 0.1970705599997018
time in solving system 0.22210179399917251
concluded in  9.232120518001466
Solving snapshot 0 194
36
time in solving system 3.0416451760029304
time in solving system 0.21886681399701047
time in solving system 0.18168318300013198
concluded in  9.086417919999803
Solving snapshot 0 195
36
time in solving system 3.818563313001505
time in solving system 0.1654991150026035
time in solving system 0.12529191799694672
concluded in  9.120559334001882
Solving snapshot 0 196
36
time in solving system 3.8401199109976005
time in solving system 0.15799022099963622
time in solving system 0.14159990199914319
concluded in  9.283862491000036
Solving snapshot 0 197
36
time in solving system 3.7242490819990053
time in solving system 0.19563598899912904
time in solving system 0.19186986899876501
concluded in  9.201367999001377
Solving snapshot 0 198
36
time in solving system 3.5698302660021
time in solving system 0.19711708500108216
time in solving system 0.17939568300062092
concluded in  9.524400103000517
Solving snapshot 0 199
36
time in solving system 3.571498730998428
time in solving system 0.3006635300007474
time in solving system 0.23352339300254243
concluded in  9.494967766000627
Solving snapshot 0 200
36
time in solving system 3.279060990000289
time in solving system 0.2290989700013597
time in solving system 0.2791153750004014
concluded in  8.897520226000779
Solving snapshot 0 201
36
time in solving system 3.56847687499976
time in solving system 0.28909803200076567
time in solving system 0.23647807900124462
concluded in  9.652179179000086
Solving snapshot 0 202
36
time in solving system 2.8351990649971412
time in solving system 0.24545763800051645
time in solving system 0.30419820000315667
concluded in  8.482619352998881
Solving snapshot 0 203
36
time in solving system 2.355428352999297
time in solving system 0.15115490699827205
time in solving system 0.16101489899665467
concluded in  7.556351107999944
Solving snapshot 0 204
36
time in solving system 2.5347314620012185
time in solving system 0.14615506200061645
time in solving system 0.14296232199922088
concluded in  8.205574211002386
Solving snapshot 0 205
36
time in solving system 2.398566531999677
time in solving system 0.130141724999703
time in solving system 0.12107541500154184
concluded in  7.917059340001288
Solving snapshot 0 206
36
time in solving system 2.556743835000816
time in solving system 0.14445337699726224
time in solving system 0.12294844400094007
concluded in  9.102864718999626
Solving snapshot 0 207
36
time in solving system 2.558490516999882
time in solving system 0.14570085099694552
time in solving system 0.14807294199999887
concluded in  8.64990148599827
Solving snapshot 0 208
36
time in solving system 2.470668600002682
time in solving system 0.16484905399920535
time in solving system 0.17272027500075637
concluded in  8.348248369002249
Solving snapshot 0 209
36
time in solving system 2.406552274002024
time in solving system 0.13233009800023865
time in solving system 0.14824417199997697
concluded in  8.367918861997168
Solving snapshot 0 210
36
time in solving system 2.665333508000913
time in solving system 0.22209075700084213
time in solving system 0.1647737759994925
concluded in  8.315906120998989
Solving snapshot 0 211
36
time in solving system 2.5504340609986684
time in solving system 0.1572052129995427
time in solving system 0.16708518499945058
concluded in  8.238631578999048
Solving snapshot 0 212
36
time in solving system 2.3884228019996954
time in solving system 0.13024833500094246
time in solving system 0.12403279700083658
concluded in  7.851739948000613
Solving snapshot 0 213
36
time in solving system 2.384309975997894
time in solving system 0.16639160999693559
time in solving system 0.1676674530026503
concluded in  8.639024001997313
Solving snapshot 0 214
36
time in solving system 2.4352221389999613
time in solving system 0.1299478809996799
time in solving system 0.12146737000148278
concluded in  7.913235280000663
Solving snapshot 0 215
36
time in solving system 2.428098451000551
time in solving system 0.1376631399980397
time in solving system 0.1292102609986614
concluded in  8.588413383000443
Solving snapshot 0 216
36
time in solving system 2.608436491998873
time in solving system 0.15413885399902938
time in solving system 0.12824243000068236
concluded in  9.340570544001821
Solving snapshot 0 217
36
time in solving system 2.598022607002349
time in solving system 0.15246085500257323
time in solving system 0.12835529500080156
concluded in  9.544869975998154
Solving snapshot 0 218
36
time in solving system 2.465690872999403
time in solving system 0.13847241499752272
time in solving system 0.1324188110011164
concluded in  9.620803245001298
Solving snapshot 0 219
36
time in solving system 2.4144859820007696
time in solving system 0.13324234299943782
time in solving system 0.12661470999955782
concluded in  9.46356217399807
Solving snapshot 0 220
36
time in solving system 2.4584420380015217
time in solving system 0.14033329700032482
time in solving system 0.1249402560024464
concluded in  9.147743532001186
Solving snapshot 0 221
36
time in solving system 2.3925394130019413
time in solving system 0.13330558199959341
time in solving system 0.12532298500082106
concluded in  8.526000036999903
Solving snapshot 0 222
36
time in solving system 2.6121742089999316
time in solving system 0.15277953400072875
time in solving system 0.12288677000105963
concluded in  8.77955098700113
Solving snapshot 0 223
36
time in solving system 2.4912920300012047
time in solving system 0.13337727200269
time in solving system 0.12679318799928296
concluded in  9.264901394002663
Solving snapshot 0 224
36
time in solving system 2.4366505189973395
time in solving system 0.13122844900135533
time in solving system 0.12251606500285561
concluded in  9.150217708000127
Solving snapshot 0 225
36
time in solving system 2.6597870100013097
time in solving system 0.14662854300331674
time in solving system 0.12106321700048284
concluded in  8.816116040001361
Solving snapshot 0 226
36
time in solving system 2.431124186998204
time in solving system 0.13752949300032924
time in solving system 0.13989591899735387
concluded in  8.649500933002855
Solving snapshot 0 227
36
time in solving system 2.808123926999542
time in solving system 0.1569458220001252
time in solving system 0.1378283400008513
concluded in  9.582574775999092
Solving snapshot 0 228
36
time in solving system 2.632224622000649
time in solving system 0.15856995600188384
time in solving system 0.1401713280029071
concluded in  8.802832243000012
Solving snapshot 0 229
36
time in solving system 2.7586380899992946
time in solving system 0.18001546200321172
time in solving system 0.13621288899958017
concluded in  8.833514391997596
Solving snapshot 0 230
36
time in solving system 2.5901128759978747
time in solving system 0.15316839899969636
time in solving system 0.13800801600154955
concluded in  8.101342326997838
Solving snapshot 0 231
36
time in solving system 2.66185236399906
time in solving system 0.16757248800058733
time in solving system 0.19303411899818457
concluded in  8.847550081998634
Solving snapshot 0 232
36
time in solving system 2.6585748939978657
time in solving system 0.1610382729995763
time in solving system 0.17097788700266392
concluded in  8.268489211000997
Solving snapshot 0 233
36
time in solving system 2.8213444990033167
time in solving system 0.16803526599687757
time in solving system 0.18718719900061842
concluded in  8.921986671997729
Solving snapshot 0 234
36
time in solving system 3.081996031000017
time in solving system 0.17473540799983311
time in solving system 0.22529021700029261
concluded in  9.080745664999995
Solving snapshot 0 235
36
time in solving system 2.8028198210013215
time in solving system 0.20130144499853486
time in solving system 0.17357308999999077
concluded in  8.301166676999856
Solving snapshot 0 236
36
time in solving system 2.976805565001996
time in solving system 0.19338350900216028
time in solving system 0.22700439800246386
concluded in  9.026782362998347
Solving snapshot 0 237
36
time in solving system 2.751472374002333
time in solving system 0.2500411629989685
time in solving system 0.1662594170011289
concluded in  8.5340357770001
Solving snapshot 0 238
36
time in solving system 3.6019960249977885
time in solving system 0.21839523499875213
time in solving system 0.26709292600207846
concluded in  9.540922091000539
Solving snapshot 0 239
36
time in solving system 3.0818710189996636
time in solving system 0.15477360200020485
time in solving system 0.23650673500014818
concluded in  8.4808364849996
Solving snapshot 0 240
36
time in solving system 2.9920321740028157
time in solving system 0.16336627999771736
time in solving system 0.2785484220003127
concluded in  9.016421787997388
Solving snapshot 0 241
36
time in solving system 3.1697002809996775
time in solving system 0.22555485300108558
time in solving system 0.253627507998317
concluded in  8.475763776001259
Solving snapshot 0 242
36
time in solving system 2.9941322299964668
time in solving system 0.2245624940005655
time in solving system 0.19157135900240974
concluded in  9.079068231996644
Solving snapshot 0 243
36
time in solving system 3.422093205997953
time in solving system 0.24070659300195985
time in solving system 0.2442890729980718
concluded in  8.925670879998506
Solving snapshot 0 244
36
time in solving system 2.9926435080014926
time in solving system 0.16291652499785414
time in solving system 0.24810607000108575
concluded in  8.606829636002658
Solving snapshot 0 245
36
time in solving system 3.684845445000974
time in solving system 0.1803739629976917
time in solving system 0.1490393200001563
concluded in  9.318698134000442
Solving snapshot 0 246
36
time in solving system 4.014946978000808
time in solving system 0.21990849699795945
time in solving system 0.16194143000029726
concluded in  9.796418317000644
Solving snapshot 0 247
36
time in solving system 3.5922262109997973
time in solving system 0.2142630169983022
time in solving system 0.15827066699785064
concluded in  9.191451011000026
Solving snapshot 0 248
36
time in solving system 4.5407477199987625
time in solving system 0.14404389300034381
time in solving system 0.22150376200079336
concluded in  10.259871112997644
Solving snapshot 0 249
36
time in solving system 4.10538791900035
time in solving system 0.27876474000004237
time in solving system 0.13898062400039635
concluded in  9.891203895997023
Solving snapshot 0 250
36
time in solving system 3.8024207849994127
time in solving system 0.19479471199883847
time in solving system 0.23063252600331907
concluded in  9.203722694001044
Solving snapshot 0 251
36
time in solving system 4.171424628999375
time in solving system 0.18999618900124915
time in solving system 0.16027779599971836
concluded in  9.442282586001966
Solving snapshot 0 252
36
time in solving system 4.21794477399817
time in solving system 0.15127848199699656
time in solving system 0.21636760799810872
concluded in  10.062294562001625
Solving snapshot 0 253
36
time in solving system 3.7037387780001154
time in solving system 0.1684991349975462
time in solving system 0.25926474000152666
concluded in  9.191022098002577
Solving snapshot 0 254
36
time in solving system 3.753623074000643
time in solving system 0.2136477570020361
time in solving system 0.225240253002994
concluded in  9.505208025002503
Solving snapshot 0 255
36
time in solving system 3.6203488549981557
time in solving system 0.20261457900051028
time in solving system 0.27123176000168314
concluded in  9.634154346997093
Solving snapshot 0 256
36
time in solving system 3.533432840999012
time in solving system 0.2309968760018819
time in solving system 0.21102606199929141
concluded in  9.10901392300002
Solving snapshot 0 257
36
time in solving system 3.940758044998802
time in solving system 0.2731159100003424
time in solving system 0.18790316000013263
concluded in  9.67245031100174
Solving snapshot 0 258
36
time in solving system 3.976551521998772
time in solving system 0.15012514400223154
time in solving system 0.12917208100043354
concluded in  9.637024843999825
Solving snapshot 0 259
36
time in solving system 4.117625596001744
time in solving system 0.1301019219972659
time in solving system 0.12575462899985723
concluded in  9.80990219800151
Solving snapshot 0 260
36
time in solving system 4.101970972002164
time in solving system 0.15063611899677198
time in solving system 0.2188779110001633
concluded in  9.402455863000796
Solving snapshot 0 261
36
time in solving system 3.9256812120001996
time in solving system 0.22832908899727045
time in solving system 0.14935307500127237
concluded in  9.87108673900002
Solving snapshot 0 262
36
time in solving system 4.195953593000013
time in solving system 0.17591873700075666
time in solving system 0.12363934299719403
concluded in  9.559262753002258
Solving snapshot 0 263
36
time in solving system 4.256671256000118
time in solving system 0.20963808600208722
time in solving system 0.1829215479992854
concluded in  9.656245741996827
Solving snapshot 0 264
36
time in solving system 4.352960255000653
time in solving system 0.1505853519993252
time in solving system 0.1277000650006812
concluded in  9.60172951399727
Solving snapshot 0 265
36
time in solving system 4.315512387998751
time in solving system 0.1930270240009122
time in solving system 0.17741303099683137
concluded in  10.21282963900012
Solving snapshot 0 266
36
time in solving system 4.27162529799898
time in solving system 0.22147236099772272
time in solving system 0.27907404899815447
concluded in  9.793921986998612
Solving snapshot 0 267
36
time in solving system 4.162802603997989
time in solving system 0.2589342979990761
time in solving system 0.18209196099996916
concluded in  9.564159926001594
Solving snapshot 0 268
36
time in solving system 4.340212453000277
time in solving system 0.14505201499923714
time in solving system 0.2108027240028605
concluded in  9.773072746000253
Solving snapshot 0 269
36
time in solving system 4.2499886240002525
time in solving system 0.17632311699708225
time in solving system 0.14289155099686468
concluded in  9.62486600900229
Solving snapshot 0 270
36
time in solving system 4.2549086719991465
time in solving system 0.1485318199993344
time in solving system 0.22617161499874783
concluded in  9.865031942001224
Solving snapshot 0 271
36
time in solving system 4.3064855609991355
time in solving system 0.23675522800112958
time in solving system 0.18427837399940472
concluded in  10.14132182100002
Solving snapshot 0 272
36
time in solving system 4.0394059930004005
time in solving system 0.23312604500097223
time in solving system 0.19821562599827303
concluded in  9.378424195998377
Solving snapshot 0 273
36
time in solving system 4.258729827000934
time in solving system 0.20788945800086367
time in solving system 0.13132037300238153
concluded in  9.583552187999885
Solving snapshot 0 274
36
time in solving system 3.8079431379992457
time in solving system 0.1749369850003859
time in solving system 0.20154504599850043
concluded in  9.48791212300057
Solving snapshot 0 275
36
time in solving system 3.9637463229992136
time in solving system 0.15549136299887323
time in solving system 0.3081970579987683
concluded in  9.815182564998395
Solving snapshot 0 276
36
time in solving system 4.6494966379977996
time in solving system 0.2288807419972727
time in solving system 0.1309932670010312
concluded in  10.113774559002195
Solving snapshot 0 277
36
time in solving system 3.7361169200012228
time in solving system 0.21821807499873103
time in solving system 0.13558512199961115
concluded in  9.611095918000501
Solving snapshot 0 278
36
time in solving system 3.549262488999375
time in solving system 0.26460472300095716
time in solving system 0.16229210999881616
concluded in  9.003581737000786
Solving snapshot 0 279
36
time in solving system 4.066469686000346
time in solving system 0.24789943400173797
time in solving system 0.15045691200066358
concluded in  10.055143438999949
Solving snapshot 0 280
36
time in solving system 3.9897533129988005
time in solving system 0.14322045800145133
time in solving system 0.17214777199842501
concluded in  9.89786024500063
Solving snapshot 0 281
36
time in solving system 3.5730656220002857
time in solving system 0.23804133500016178
time in solving system 0.13744398199924035
concluded in  9.761959614999796
Solving snapshot 0 282
36
time in solving system 3.823952773000201
time in solving system 0.21014322799965157
time in solving system 0.12826049599971157
concluded in  9.801432399999612
Solving snapshot 0 283
36
time in solving system 3.814823132001038
time in solving system 0.24439899799835985
time in solving system 0.16495323200069834
concluded in  9.130391015998612
Solving snapshot 0 284
36
time in solving system 3.763696051999432
time in solving system 0.15716731299835374
time in solving system 0.140501209996728
concluded in  9.450773714001116
Solving snapshot 0 285
36
time in solving system 4.123393613001099
time in solving system 0.2630936669993389
time in solving system 0.15858335600205464
concluded in  9.422905925999657
Solving snapshot 0 286
36
time in solving system 3.8223275350028416
time in solving system 0.17042635799953132
time in solving system 0.24287919299968053
concluded in  9.370706973000779
Solving snapshot 0 287
36
time in solving system 4.452408439999999
time in solving system 0.17540654000185896
time in solving system 0.22205535499961115
concluded in  10.270131784000114
Solving snapshot 0 288
36
time in solving system 4.080602234000253
time in solving system 0.23594575300012366
time in solving system 0.17754377700111945
concluded in  9.856229646000429
Solving snapshot 0 289
36
time in solving system 3.8468101950020355
time in solving system 0.26751383100054227
time in solving system 0.1797842150008364
concluded in  9.679404952999903
Solving snapshot 0 290
36
time in solving system 4.553154176999669
time in solving system 0.15899695900225197
time in solving system 0.2040496469999198
concluded in  10.36172518100284
Solving snapshot 0 291
36
time in solving system 3.9140292779993615
time in solving system 0.14544969299822696
time in solving system 0.26670483099951525
concluded in  9.753959006000514
Solving snapshot 0 292
36
time in solving system 3.94221207100054
time in solving system 0.15147569200053113
time in solving system 0.22213508799904957
concluded in  9.74298548400111
Solving snapshot 0 293
36
time in solving system 4.093015610000293
time in solving system 0.22739193300003535
time in solving system 0.1303352700015239
concluded in  9.886303033999866
Solving snapshot 0 294
36
time in solving system 3.6253656780027086
time in solving system 0.14730307599893422
time in solving system 0.1245159700010845
concluded in  9.486546393996832
Solving snapshot 0 295
36
time in solving system 3.8658431629992265
time in solving system 0.1527423940024164
time in solving system 0.218585262002307
concluded in  9.292457503997866
Solving snapshot 0 296
36
time in solving system 3.5443643470025563
time in solving system 0.15501967900127056
time in solving system 0.24947471400082577
concluded in  9.398040577998472
Solving snapshot 0 297
36
time in solving system 3.277622687000985
time in solving system 0.24097898499894654
time in solving system 0.1555917080004292
concluded in  9.15036876999875
Solving snapshot 0 298
36
time in solving system 3.1401865700026974
time in solving system 0.13428452399966773
time in solving system 0.1202428440010408
concluded in  7.87817245900078
Solving snapshot 0 299
36
time in solving system 3.024981932998344
time in solving system 0.21896544300034293
time in solving system 0.1298032750019047
concluded in  8.055238060002011
[]
Not completed: []
