Solving not completed simulation: 0-th chance
Solving snapshot 0 0
36
time in solving system 4.918312783998772
time in solving system 0.14850942299926828
time in solving system 0.13164015899928927
concluded in  10.849556692999613
Solving snapshot 0 1
36
time in solving system 4.786216411001078
time in solving system 0.24969649800004845
time in solving system 0.21505852900008904
concluded in  11.361961717999293
Solving snapshot 0 2
36
time in solving system 5.284909342999526
time in solving system 0.34682262999922386
time in solving system 0.28903453899874876
concluded in  11.691606342999876
Solving snapshot 0 3
36
time in solving system 5.912397086000055
time in solving system 0.1915694050003367
time in solving system 0.2889454239993938
concluded in  11.920784668000124
Solving snapshot 0 4
36
time in solving system 5.618170025998552
time in solving system 0.22452370599967253
time in solving system 0.15780027099935978
concluded in  11.94837226799973
Solving snapshot 0 5
36
time in solving system 5.458212932999231
time in solving system 0.19908659599968814
time in solving system 0.17380009299995436
concluded in  11.64559139999983
Solving snapshot 0 6
36
time in solving system 6.333176514001025
time in solving system 0.168937571999777
time in solving system 0.2357630850001442
concluded in  13.295819283001038
Solving snapshot 0 7
36
time in solving system 5.636482916999739
time in solving system 0.27583712699924945
time in solving system 0.2978040020007029
concluded in  12.427507989001242
Solving snapshot 0 8
36
time in solving system 6.132441509998898
time in solving system 0.2295424349995301
time in solving system 0.22871515000042564
concluded in  12.773582579000504
Solving snapshot 0 9
36
time in solving system 5.49837187599951
time in solving system 0.21354783199967642
time in solving system 0.19778703100018902
concluded in  11.857509645999016
Solving snapshot 0 10
36
time in solving system 5.473389983999368
time in solving system 0.27398106300097425
time in solving system 0.2626909560003696
concluded in  12.259124677999353
Solving snapshot 0 11
36
time in solving system 6.525532215000567
time in solving system 0.3037971590001689
time in solving system 0.26078428600158077
concluded in  12.918118323999806
Solving snapshot 0 12
36
time in solving system 6.505076244999145
time in solving system 0.2974986680001166
time in solving system 0.25843310299933364
concluded in  13.576694875999237
Solving snapshot 0 13
36
time in solving system 5.932390607000343
time in solving system 0.2971916300011799
time in solving system 0.16323129500051436
concluded in  12.437714420000702
Solving snapshot 0 14
36
time in solving system 6.419983988998865
time in solving system 0.21064424399992276
time in solving system 0.14388342200072657
concluded in  13.241886707999583
Solving snapshot 0 15
36
time in solving system 5.972095713999806
time in solving system 0.221597813999324
time in solving system 0.2466379790002975
concluded in  13.070320970999092
Solving snapshot 0 16
36
time in solving system 5.992663347999041
time in solving system 0.25349766700128384
time in solving system 0.15794691699920804
concluded in  12.4015956559997
Solving snapshot 0 17
36
time in solving system 6.155837647000226
time in solving system 0.16416025499893294
time in solving system 0.14423577400157228
concluded in  13.01577929099949
Solving snapshot 0 18
36
time in solving system 5.1080813400003535
time in solving system 0.2615499679995992
time in solving system 0.14436175000082585
concluded in  11.43075159199907
Solving snapshot 0 19
36
time in solving system 5.397402307000448
time in solving system 0.186782774000676
time in solving system 0.18073186000037822
concluded in  11.587815756000055
Solving snapshot 0 20
36
time in solving system 5.216057056999489
time in solving system 0.19926748299985775
time in solving system 0.13299645500046609
concluded in  10.769049373000598
Solving snapshot 0 21
36
time in solving system 5.074952707998818
time in solving system 0.21565840800030855
time in solving system 0.1878473969991319
concluded in  11.357202829000016
Solving snapshot 0 22
36
time in solving system 4.422000119999211
time in solving system 0.22796514699984982
time in solving system 0.25127440500000375
concluded in  10.414285703000132
Solving snapshot 0 23
36
time in solving system 5.114697492999767
time in solving system 0.18212127299921121
time in solving system 0.21951697900112777
concluded in  11.004004585000075
Solving snapshot 0 24
36
time in solving system 4.607115884999075
time in solving system 0.26541172799989
time in solving system 0.29780607700013206
concluded in  10.604163107000204
Solving snapshot 0 25
36
time in solving system 4.08900372899916
time in solving system 0.29048230399894237
time in solving system 0.32063934699908714
concluded in  10.098706314000083
Solving snapshot 0 26
36
time in solving system 4.871989548999409
time in solving system 0.17583639300028153
time in solving system 0.2804843300000357
concluded in  11.415283191001436
Solving snapshot 0 27
36
time in solving system 5.184929518998615
time in solving system 0.2633040090004215
time in solving system 0.1879116519994568
concluded in  11.509045775001141
Solving snapshot 0 28
36
time in solving system 4.316203357999257
time in solving system 0.25851173199953337
time in solving system 0.23118142100065597
concluded in  10.402792646998932
Solving snapshot 0 29
36
time in solving system 4.86922609100111
time in solving system 0.30274669699974766
time in solving system 0.2203556029999163
concluded in  11.299728199001038
Solving snapshot 0 30
36
time in solving system 4.8995381589993485
time in solving system 0.24213196799973957
time in solving system 0.2758648800008814
concluded in  11.292944606000674
Solving snapshot 0 31
36
time in solving system 4.847001676000218
time in solving system 0.24991155400130083
time in solving system 0.14441326800078969
concluded in  11.244467831000293
Solving snapshot 0 32
36
time in solving system 5.300935155999468
time in solving system 0.165736310000284
time in solving system 0.2889272320007876
concluded in  11.24328564499956
Solving snapshot 0 33
36
time in solving system 5.28619830399839
time in solving system 0.15921586500007834
time in solving system 0.3260090610001498
concluded in  11.341048183001476
Solving snapshot 0 34
36
time in solving system 5.456929288000538
time in solving system 0.17884885400053463
time in solving system 0.1274737580006331
concluded in  11.118363399000373
Solving snapshot 0 35
36
time in solving system 4.514499539998724
time in solving system 0.1809468299998116
time in solving system 0.1431309159997909
concluded in  9.703478310000719
Solving snapshot 0 36
36
time in solving system 4.185229857001104
time in solving system 0.250697172999935
time in solving system 0.1590431320000789
concluded in  9.976937343999452
Solving snapshot 0 37
36
time in solving system 3.7566162500006612
time in solving system 0.15377232799983176
time in solving system 0.19093968800007133
concluded in  9.076919172999624
Solving snapshot 0 38
36
time in solving system 4.0556249849996675
time in solving system 0.16965607499878388
time in solving system 0.22100983600103064
concluded in  9.698051113000474
Solving snapshot 0 39
36
time in solving system 4.1010920769986114
time in solving system 0.17498152300140646
time in solving system 0.21986725200076762
concluded in  9.49082342499969
Solving snapshot 0 40
36
time in solving system 4.029308957999092
time in solving system 0.2615609130007215
time in solving system 0.1454848020002828
concluded in  9.78902551000101
Solving snapshot 0 41
36
time in solving system 4.206221937000009
time in solving system 0.20301050399939413
time in solving system 0.2126178720009193
concluded in  9.958949201998621
Solving snapshot 0 42
36
time in solving system 3.8630729019987484
time in solving system 0.2214391710003838
time in solving system 0.14423821899981704
concluded in  9.645272027999454
Solving snapshot 0 43
36
time in solving system 3.6788887200000318
time in solving system 0.1583826890000637
time in solving system 0.23407702899930882
concluded in  9.074384251000083
Solving snapshot 0 44
36
time in solving system 3.361966250999103
time in solving system 0.2468762219996279
time in solving system 0.18271146600091015
concluded in  8.634739377001097
Solving snapshot 0 45
36
time in solving system 3.640810111999599
time in solving system 0.2348319740012812
time in solving system 0.18961859200135223
concluded in  9.527329238000675
Solving snapshot 0 46
36
time in solving system 3.3591910319992166
time in solving system 0.21048414200049592
time in solving system 0.28845667299901834
concluded in  8.919467656000052
Solving snapshot 0 47
36
time in solving system 3.343364472000758
time in solving system 0.1816501640005299
time in solving system 0.17105428600007144
concluded in  8.808370093000121
Solving snapshot 0 48
36
time in solving system 2.89028559000144
time in solving system 0.29361794800024654
time in solving system 0.17160291400068672
concluded in  8.845096834000287
Solving snapshot 0 49
36
time in solving system 3.4079599769993365
time in solving system 0.1590179539998644
time in solving system 0.24796806199992716
concluded in  8.846230332999767
Solving snapshot 0 50
36
time in solving system 3.1052036119999684
time in solving system 0.23972580400004517
time in solving system 0.2839035229990259
concluded in  9.18069028300124
Solving snapshot 0 51
36
time in solving system 3.235092684000847
time in solving system 0.26051576099962404
time in solving system 0.3093613590008317
concluded in  9.374482547998923
Solving snapshot 0 52
36
time in solving system 3.8719812849994923
time in solving system 0.1637464830000681
time in solving system 0.25235885599977337
concluded in  9.95864353899924
Solving snapshot 0 53
36
time in solving system 3.926414952000414
time in solving system 0.22593477699956566
time in solving system 0.17031218800002534
concluded in  9.448823970999001
Solving snapshot 0 54
36
time in solving system 3.5385936689999653
time in solving system 0.18056726599934336
time in solving system 0.1615645100009715
concluded in  9.479169891999845
Solving snapshot 0 55
36
time in solving system 3.3472573350009043
time in solving system 0.23916149800061248
time in solving system 0.17012977800004592
concluded in  8.926672921999852
Solving snapshot 0 56
36
time in solving system 3.536871603999316
time in solving system 0.23115859500103397
time in solving system 0.14221270400048525
concluded in  8.90979894800148
Solving snapshot 0 57
36
time in solving system 3.566345155999443
time in solving system 0.311712789000012
time in solving system 0.2148706010011665
concluded in  9.215397418000066
Solving snapshot 0 58
36
time in solving system 3.7449348449990794
time in solving system 0.16841355500037025
time in solving system 0.1610994969996682
concluded in  9.18294902100024
Solving snapshot 0 59
36
time in solving system 3.7791839900000923
time in solving system 0.16644368300148926
time in solving system 0.1619373909998103
concluded in  9.077457764000428
Solving snapshot 0 60
36
time in solving system 4.166384775000552
time in solving system 0.15985282200017537
time in solving system 0.2380497659996763
concluded in  10.022201080000741
Solving snapshot 0 61
36
time in solving system 4.204262286000812
time in solving system 0.17071666399897367
time in solving system 0.181652187000509
concluded in  9.706640735999827
Solving snapshot 0 62
36
time in solving system 3.52631581300011
time in solving system 0.16622925400042732
time in solving system 0.19718169000043417
concluded in  9.307351592000487
Solving snapshot 0 63
36
time in solving system 4.088241110999661
time in solving system 0.13501412499863363
time in solving system 0.12843210600112798
concluded in  9.554545885001062
Solving snapshot 0 64
36
time in solving system 4.098306179999781
time in solving system 0.15638352899986785
time in solving system 0.12533022100069502
concluded in  9.843328735998512
Solving snapshot 0 65
36
time in solving system 4.06992561900006
time in solving system 0.26009236599929864
time in solving system 0.1966212440001982
concluded in  9.389506929999698
Solving snapshot 0 66
36
time in solving system 3.5884921030010446
time in solving system 0.1877471699990565
time in solving system 0.14873998499933805
concluded in  9.072702784000285
Solving snapshot 0 67
36
time in solving system 3.903728114999467
time in solving system 0.17895192799915094
time in solving system 0.264494103999823
concluded in  9.662960411000313
Solving snapshot 0 68
36
time in solving system 4.055325329998595
time in solving system 0.14475043999846093
time in solving system 0.1371336850006628
concluded in  9.795293258999664
Solving snapshot 0 69
36
time in solving system 3.9257003720013017
time in solving system 0.23643636599990714
time in solving system 0.13548972099852108
concluded in  9.35987530300008
Solving snapshot 0 70
36
time in solving system 3.41893315499874
time in solving system 0.3165718410000409
time in solving system 0.2345650110000861
concluded in  8.961026053999376
Solving snapshot 0 71
36
time in solving system 4.1039776709985745
time in solving system 0.16204109600039374
time in solving system 0.13150885499999276
concluded in  9.562394275999395
Solving snapshot 0 72
36
time in solving system 3.7032941239995125
time in solving system 0.22555251499943552
time in solving system 0.13383402900035435
concluded in  9.459064915999988
Solving snapshot 0 73
36
time in solving system 4.202572850001161
time in solving system 0.17807182499927876
time in solving system 0.26488358399910794
concluded in  9.946828631000244
Solving snapshot 0 74
36
time in solving system 4.070020248000219
time in solving system 0.1680198019985255
time in solving system 0.1686688009995123
concluded in  9.406266010000763
Solving snapshot 0 75
36
time in solving system 3.9054205620013818
time in solving system 0.25546343399946636
time in solving system 0.2545134890006011
concluded in  9.397008238000126
Solving snapshot 0 76
36
time in solving system 4.001351494000119
time in solving system 0.22330771700035257
time in solving system 0.15410184200118238
concluded in  9.637169132998679
Solving snapshot 0 77
36
time in solving system 4.2744038609998825
time in solving system 0.2095700259997102
time in solving system 0.13526651299980585
concluded in  10.184678415000235
Solving snapshot 0 78
36
time in solving system 3.8876515930005553
time in solving system 0.23534159700102464
time in solving system 0.1539959910005564
concluded in  9.624332653998863
Solving snapshot 0 79
36
time in solving system 4.05904450700109
time in solving system 0.17151923699930194
time in solving system 0.19872305100034282
concluded in  9.686893562000478
Solving snapshot 0 80
36
time in solving system 4.000299069999528
time in solving system 0.19415943000058178
time in solving system 0.13851796800008742
concluded in  9.256861359999675
Solving snapshot 0 81
36
time in solving system 3.799177406999661
time in solving system 0.18267896799989103
time in solving system 0.140093853999133
concluded in  9.132063896000545
Solving snapshot 0 82
36
time in solving system 3.5380111609993037
time in solving system 0.2518048279998766
time in solving system 0.17936548000034236
concluded in  9.445207028998993
Solving snapshot 0 83
36
time in solving system 4.035933183000452
time in solving system 0.26856265800051915
time in solving system 0.22410935900006734
concluded in  9.905946962000598
Solving snapshot 0 84
36
time in solving system 3.9121474509993277
time in solving system 0.1649976320004498
time in solving system 0.22661219599831384
concluded in  9.293200107998928
Solving snapshot 0 85
36
time in solving system 4.112639753999247
time in solving system 0.30168800199862744
time in solving system 0.18996913799855975
concluded in  9.398095392998584
Solving snapshot 0 86
36
time in solving system 3.7574319019986433
time in solving system 0.17618193199996313
time in solving system 0.17887665000125708
concluded in  9.097521121999307
Solving snapshot 0 87
36
time in solving system 3.366354883000895
time in solving system 0.20937963700089313
time in solving system 0.16852959700008796
concluded in  9.172231841999746
Solving snapshot 0 88
36
time in solving system 3.7229678759995295
time in solving system 0.21205953100070474
time in solving system 0.2042815860004339
concluded in  9.711784421999255
Solving snapshot 0 89
36
time in solving system 3.373505252000541
time in solving system 0.2573390080015088
time in solving system 0.16610096099975635
concluded in  8.859731022001142
Solving snapshot 0 90
36
time in solving system 2.670190136999736
time in solving system 0.1357976580002287
time in solving system 0.1172090969994315
concluded in  7.7576550700014195
Solving snapshot 0 91
36
time in solving system 2.771240881000267
time in solving system 0.12601362999885168
time in solving system 0.12970741400022234
concluded in  7.951618377999694
Solving snapshot 0 92
36
time in solving system 2.717314051998983
time in solving system 0.12881677899895294
time in solving system 0.11721615200076485
concluded in  7.70875480200084
Solving snapshot 0 93
36
time in solving system 2.9147929920000024
time in solving system 0.14397307699982775
time in solving system 0.1424897390006663
concluded in  7.701764514000388
Solving snapshot 0 94
36
time in solving system 2.893259014999785
time in solving system 0.12435487900074804
time in solving system 0.12127911499919719
concluded in  7.514246925000407
Solving snapshot 0 95
36
time in solving system 2.976462775000982
time in solving system 0.14644403900092584
time in solving system 0.11865378999937093
concluded in  8.185387272998923
Solving snapshot 0 96
36
time in solving system 2.893892493999374
time in solving system 0.1666392730003281
time in solving system 0.11293527099951461
concluded in  7.994034560999353
Solving snapshot 0 97
36
time in solving system 2.7100818189992424
time in solving system 0.21913646400025755
time in solving system 0.12592754599972977
concluded in  7.597995830999935
Solving snapshot 0 98
36
time in solving system 2.7054645270000037
time in solving system 0.2161584599998605
time in solving system 0.12902837700130476
concluded in  7.779427539000608
Solving snapshot 0 99
36
time in solving system 2.717273190000924
time in solving system 0.16635289799887687
time in solving system 0.11852842799999053
concluded in  7.623582693999197
Solving snapshot 0 100
36
time in solving system 2.698758603999522
time in solving system 0.14613104199997906
time in solving system 0.20616716499898757
concluded in  7.742131203000099
Solving snapshot 0 101
36
time in solving system 2.6257116319993656
time in solving system 0.14720193399989512
time in solving system 0.2085699420003948
concluded in  7.6121160149996285
Solving snapshot 0 102
36
time in solving system 2.6193831340006
time in solving system 0.143960657000207
time in solving system 0.11833688099977735
concluded in  7.624012577998656
Solving snapshot 0 103
36
time in solving system 2.4880054200002633
time in solving system 0.16064272100084054
time in solving system 0.1414901580010337
concluded in  7.685570075000214
Solving snapshot 0 104
36
time in solving system 2.2561269249999896
time in solving system 0.18049251200136496
time in solving system 0.1674319279991323
concluded in  7.690986125000563
Solving snapshot 0 105
36
time in solving system 2.364161093000803
time in solving system 0.1683603530000255
time in solving system 0.17012409900053171
concluded in  8.11767869399955
Solving snapshot 0 106
36
time in solving system 2.2203215659992566
time in solving system 0.12933055699977558
time in solving system 0.12202089499987778
concluded in  7.578842942999472
Solving snapshot 0 107
36
time in solving system 2.3804845920003572
time in solving system 0.16783401099928597
time in solving system 0.16301174499858462
concluded in  8.392585601999599
Solving snapshot 0 108
36
time in solving system 2.656562137999572
time in solving system 0.1653616419989703
time in solving system 0.1637800860007701
concluded in  8.130447993999042
Solving snapshot 0 109
36
time in solving system 2.476687590000438
time in solving system 0.163872713001183
time in solving system 0.1922159379992081
concluded in  7.6063357860002725
Solving snapshot 0 110
36
time in solving system 2.281677582001066
time in solving system 0.15743563500109303
time in solving system 0.16269052699863096
concluded in  8.0290015770006
Solving snapshot 0 111
36
time in solving system 2.1966907500009256
time in solving system 0.12780029900022782
time in solving system 0.12467031300002418
concluded in  7.264172634000715
Solving snapshot 0 112
36
time in solving system 2.219466348999049
time in solving system 0.12695531300050789
time in solving system 0.12030366199905984
concluded in  7.270895018000374
Solving snapshot 0 113
36
time in solving system 2.301259152998682
time in solving system 0.1587217390006117
time in solving system 0.1280862959993101
concluded in  8.020185631001368
Solving snapshot 0 114
36
time in solving system 2.0908508190004795
time in solving system 0.11946968499978539
time in solving system 0.11530904299979738
concluded in  7.100435566999295
Solving snapshot 0 115
36
time in solving system 2.256790302000809
time in solving system 0.13575228599984257
time in solving system 0.11164723100046103
concluded in  7.80428174500048
Solving snapshot 0 116
36
time in solving system 2.0972818509999342
time in solving system 0.11573459700048261
time in solving system 0.11333808599920303
concluded in  7.127235654999822
Solving snapshot 0 117
36
time in solving system 2.2688075080004637
time in solving system 0.13471695999942312
time in solving system 0.11225187400123104
concluded in  7.911771655000848
Solving snapshot 0 118
36
time in solving system 2.3539370269991196
time in solving system 0.13757463299953088
time in solving system 0.11891286399986711
concluded in  7.715052806999665
Solving snapshot 0 119
36
time in solving system 2.1507959780010424
time in solving system 0.12062016600066272
time in solving system 0.12194614600048226
concluded in  7.724574017998748
Solving snapshot 0 120
36
time in solving system 2.3511068520001572
time in solving system 0.14959540299969376
time in solving system 0.12723336000090057
concluded in  7.906046500998855
Solving snapshot 0 121
36
time in solving system 2.3575527329994657
time in solving system 0.1443720030001714
time in solving system 0.13374658700013242
concluded in  7.300238268999237
Solving snapshot 0 122
36
time in solving system 2.1189332849990024
time in solving system 0.13302709900017362
time in solving system 0.1554750410014094
concluded in  7.363276288000634
Solving snapshot 0 123
36
time in solving system 2.2711599439990096
time in solving system 0.1309542609997152
time in solving system 0.11003974200139055
concluded in  6.871018214998912
Solving snapshot 0 124
36
time in solving system 2.3086400419997517
time in solving system 0.13707756199983123
time in solving system 0.146077632000015
concluded in  7.492879955998433
Solving snapshot 0 125
36
time in solving system 2.3493245629997546
time in solving system 0.14979911799855472
time in solving system 0.1270229300007486
concluded in  7.211556346001089
Solving snapshot 0 126
36
time in solving system 2.149366003000978
time in solving system 0.11757831899922166
time in solving system 0.1113785959987581
concluded in  6.847352360000514
Solving snapshot 0 127
36
time in solving system 2.0741038960004516
time in solving system 0.11521982900012517
time in solving system 0.11103034400002798
concluded in  7.311278949999178
Solving snapshot 0 128
36
time in solving system 2.2799780649984314
time in solving system 0.1613542699997197
time in solving system 0.16841392499918584
concluded in  7.670114466998712
Solving snapshot 0 129
36
time in solving system 2.7868663019999076
time in solving system 0.1536629020010878
time in solving system 0.1592116440006066
concluded in  7.7605278930004715
Solving snapshot 0 130
36
time in solving system 2.642240004000996
time in solving system 0.228419789000327
time in solving system 0.15859058299975004
concluded in  8.158792203999838
Solving snapshot 0 131
36
time in solving system 2.8618790460004675
time in solving system 0.18629861400040681
time in solving system 0.1827777899998182
concluded in  8.472950370000035
Solving snapshot 0 132
36
time in solving system 4.34538369099937
time in solving system 0.2663402630005294
time in solving system 0.1748122479984886
concluded in  10.56565667399991
Solving snapshot 0 133
36
time in solving system 4.330097758000193
time in solving system 0.3190850139999384
time in solving system 0.19535235699913756
concluded in  10.489749834001486
Solving snapshot 0 134
36
time in solving system 4.008354706998944
time in solving system 0.306771084000502
time in solving system 0.2045725570005743
concluded in  10.129348247999587
Solving snapshot 0 135
36
time in solving system 4.402169770999535
time in solving system 0.2175052450002113
time in solving system 0.17509090000021388
concluded in  9.760389809000117
Solving snapshot 0 136
36
time in solving system 3.9185226339996007
time in solving system 0.3167323489997216
time in solving system 0.36209094900004857
concluded in  9.657736705999923
Solving snapshot 0 137
36
time in solving system 5.042348663000666
time in solving system 0.20347737100019003
time in solving system 0.250331086001097
concluded in  11.020356609000373
Solving snapshot 0 138
36
time in solving system 5.271512162000363
time in solving system 0.18029927299903648
time in solving system 0.1786363329993037
concluded in  11.538661382999635
Solving snapshot 0 139
36
time in solving system 5.223381449999579
time in solving system 0.15707654300058493
time in solving system 0.13392588699935004
concluded in  11.602773941000123
Solving snapshot 0 140
36
time in solving system 4.3836947130002955
time in solving system 0.21074993000001996
time in solving system 0.2109920160000911
concluded in  10.838241609999386
Solving snapshot 0 141
36
time in solving system 5.216891971000223
time in solving system 0.21242996999899333
time in solving system 0.23865132399987488
concluded in  11.936156796000432
Solving snapshot 0 142
36
time in solving system 5.157935045999693
time in solving system 0.2171346260001883
time in solving system 0.16341224600000714
concluded in  10.899474293000821
Solving snapshot 0 143
36
time in solving system 5.192228505999083
time in solving system 0.20191886700013129
time in solving system 0.20459727300112718
concluded in  11.183594300999175
Solving snapshot 0 144
36
time in solving system 5.221366902000227
time in solving system 0.19639931700112356
time in solving system 0.16305888799979584
concluded in  11.19974347400057
Solving snapshot 0 145
36
time in solving system 4.298397866999949
time in solving system 0.24326029700023355
time in solving system 0.2721754909998708
concluded in  10.9866054719987
Solving snapshot 0 146
36
time in solving system 4.470092626999758
time in solving system 0.19229482299851952
time in solving system 0.23460947000057786
concluded in  11.162488662001124
Solving snapshot 0 147
36
time in solving system 4.931287765999514
time in solving system 0.17327381299946865
time in solving system 0.23079360800147697
concluded in  11.556691320000027
Solving snapshot 0 148
36
time in solving system 5.122093078000034
time in solving system 0.16583254299985128
time in solving system 0.1561809529994207
concluded in  11.008315774999573
Solving snapshot 0 149
36
time in solving system 4.828407006998532
time in solving system 0.2254385030009871
time in solving system 0.19415314300022146
concluded in  10.612440145998335
Solving snapshot 0 150
36
time in solving system 4.438297156999397
time in solving system 0.22940252700027486
time in solving system 0.19098936500085983
concluded in  10.381057161999706
Solving snapshot 0 151
36
time in solving system 4.586916489999567
time in solving system 0.3602915800001938
time in solving system 0.2075322849996155
concluded in  10.566960510999706
Solving snapshot 0 152
36
time in solving system 4.656737417000841
time in solving system 0.23356747000070754
time in solving system 0.2838278690014704
concluded in  10.555751906000296
Solving snapshot 0 153
36
time in solving system 4.634386548999828
time in solving system 0.24225798799852782
time in solving system 0.27671985199958726
concluded in  10.968172287000925
Solving snapshot 0 154
36
time in solving system 4.6469706050011155
time in solving system 0.18938402900130313
time in solving system 0.13690186900021217
concluded in  11.47662409700024
Solving snapshot 0 155
36
time in solving system 4.544401281998944
time in solving system 0.16479869800059532
time in solving system 0.12929595099922153
concluded in  11.276620361999449
Solving snapshot 0 156
36
time in solving system 5.413326710000547
time in solving system 0.2434771610005555
time in solving system 0.13680707200001052
concluded in  11.416533043999152
Solving snapshot 0 157
36
time in solving system 5.00964930400005
time in solving system 0.17619574800119153
time in solving system 0.13809665400003723
concluded in  11.361536952999813
Solving snapshot 0 158
36
time in solving system 5.32360043799963
time in solving system 0.17406746500091685
time in solving system 0.13468780600123864
concluded in  11.070015934999901
Solving snapshot 0 159
36
time in solving system 5.127888965998864
time in solving system 0.17580338699917775
time in solving system 0.21177073099897825
concluded in  10.903775370001313
Solving snapshot 0 160
36
time in solving system 5.010421035000036
time in solving system 0.2432445930007816
time in solving system 0.17357102099958865
concluded in  10.893292640999789
Solving snapshot 0 161
36
time in solving system 4.858515779998925
time in solving system 0.18253483699845674
time in solving system 0.22275256000102672
concluded in  11.264679883001008
Solving snapshot 0 162
36
time in solving system 5.05620195100164
time in solving system 0.1927182260005793
time in solving system 0.27535733500008064
concluded in  11.51540806399862
Solving snapshot 0 163
36
time in solving system 4.930783350999263
time in solving system 0.2308233889998519
time in solving system 0.19961800800047058
concluded in  11.397711100000379
Solving snapshot 0 164
36
time in solving system 5.242550311999366
time in solving system 0.19562147800024832
time in solving system 0.13149012299982132
concluded in  11.378355595999892
Solving snapshot 0 165
36
time in solving system 5.358565083999565
time in solving system 0.1633440010009508
time in solving system 0.208364469001026
concluded in  11.20924738100075
Solving snapshot 0 166
36
time in solving system 5.137913222000861
time in solving system 0.20090193900068698
time in solving system 0.17176106099941535
concluded in  11.281871756998953
Solving snapshot 0 167
36
time in solving system 4.207556545999978
time in solving system 0.21499115099868504
time in solving system 0.23084328500044649
concluded in  10.030797249999523
Solving snapshot 0 168
36
time in solving system 4.7807711549994565
time in solving system 0.27121112599888875
time in solving system 0.1970236359993578
concluded in  10.566380810001647
Solving snapshot 0 169
36
time in solving system 5.106408310000916
time in solving system 0.2527804119999928
time in solving system 0.2406443659983779
concluded in  11.524254046000351
Solving snapshot 0 170
36
time in solving system 5.238774386998557
time in solving system 0.23367289599991636
time in solving system 0.17086417000064102
concluded in  11.10616792899964
Solving snapshot 0 171
36
time in solving system 4.513126331999956
time in solving system 0.1589016219986661
time in solving system 0.21905937799965614
concluded in  11.004480940000576
Solving snapshot 0 172
36
time in solving system 5.1015543840003374
time in solving system 0.2514727510006196
time in solving system 0.13871678599934967
concluded in  11.724774086000252
Solving snapshot 0 173
36
time in solving system 4.410442806998617
time in solving system 0.22548154499963857
time in solving system 0.18326412799979153
concluded in  10.764982612001404
Solving snapshot 0 174
36
time in solving system 4.3659964020007465
time in solving system 0.17352040400146507
time in solving system 0.23236978299973998
concluded in  10.873180291999233
Solving snapshot 0 175
36
time in solving system 4.524204291001297
time in solving system 0.15670837499965273
time in solving system 0.17627430600077787
concluded in  11.232856225000432
Solving snapshot 0 176
36
time in solving system 4.549418044000049
time in solving system 0.20836911700098426
time in solving system 0.2153550120001455
concluded in  11.37218342000051
Solving snapshot 0 177
36
time in solving system 4.820509550001589
time in solving system 0.16774867699859897
time in solving system 0.26177657799962617
concluded in  11.015233809001074
Solving snapshot 0 178
36
time in solving system 4.722514978000618
time in solving system 0.24447197500012408
time in solving system 0.17858749799961515
concluded in  10.652550814000278
Solving snapshot 0 179
36
time in solving system 4.484107321999545
time in solving system 0.16372004299955734
time in solving system 0.26984717899904354
concluded in  10.38690648299962
Solving snapshot 0 180
36
time in solving system 5.012001883998892
time in solving system 0.16664863100049843
time in solving system 0.2512155620006524
concluded in  10.846476507998887
Solving snapshot 0 181
36
time in solving system 4.692986870999448
time in solving system 0.2559363429991208
time in solving system 0.24188611799945647
concluded in  10.650934498000424
Solving snapshot 0 182
36
time in solving system 4.43771170799846
time in solving system 0.24795163100134232
time in solving system 0.23979741800030752
concluded in  10.920333027999732
Solving snapshot 0 183
36
time in solving system 4.569873122998615
time in solving system 0.18559479100076715
time in solving system 0.2569587739999406
concluded in  10.94847000000118
Solving snapshot 0 184
36
time in solving system 4.314181175999693
time in solving system 0.16452035499969497
time in solving system 0.1756655179997324
concluded in  10.775371039000675
Solving snapshot 0 185
36
time in solving system 4.818794897000771
time in solving system 0.27311462499892514
time in solving system 0.16026591900117637
concluded in  11.124327739000364
Solving snapshot 0 186
36
time in solving system 4.981119538000712
time in solving system 0.2770519659989077
time in solving system 0.20591385700026876
concluded in  11.211351637000917
Solving snapshot 0 187
36
time in solving system 4.83075422300135
time in solving system 0.20687532600095437
time in solving system 0.13747418599996308
concluded in  11.245104868999988
Solving snapshot 0 188
36
time in solving system 4.854950551998627
time in solving system 0.253660458000013
time in solving system 0.1346781619995454
concluded in  11.561738145999698
Solving snapshot 0 189
36
time in solving system 4.6755265690007946
time in solving system 0.3185902119985258
time in solving system 0.259375204999742
concluded in  11.449521295000523
Solving snapshot 0 190
36
time in solving system 4.9962824859994726
time in solving system 0.3352000010017946
time in solving system 0.14752496499932022
concluded in  10.99403610599984
Solving snapshot 0 191
36
time in solving system 5.195237698999335
time in solving system 0.24608341900056985
time in solving system 0.2533109420000983
concluded in  11.276501497999561
Solving snapshot 0 192
36
time in solving system 5.103435095999885
time in solving system 0.2589410799992038
time in solving system 0.18456030299967097
concluded in  11.65427655699932
Solving snapshot 0 193
36
time in solving system 5.083258464001119
time in solving system 0.15738903599958576
time in solving system 0.23478012300074624
concluded in  11.674235002001296
Solving snapshot 0 194
36
time in solving system 4.763567415999205
time in solving system 0.22863207299997157
time in solving system 0.140702204000263
concluded in  11.267085021001549
Solving snapshot 0 195
36
time in solving system 5.242015759000424
time in solving system 0.2293713580002077
time in solving system 0.14602383000055852
concluded in  11.42445934600073
Solving snapshot 0 196
36
time in solving system 4.736829355999362
time in solving system 0.16864940499908698
time in solving system 0.19833047400061332
concluded in  11.543347136001103
Solving snapshot 0 197
36
time in solving system 4.040556366999226
time in solving system 0.157732349998696
time in solving system 0.1730021850016783
concluded in  10.974978319000002
Solving snapshot 0 198
36
time in solving system 4.422760457999175
time in solving system 0.2471264700016036
time in solving system 0.19161841599998297
concluded in  11.463383366999551
Solving snapshot 0 199
36
time in solving system 4.890325568001572
time in solving system 0.2122254759997304
time in solving system 0.1568594150012359
concluded in  11.210936774999936
Solving snapshot 0 200
36
time in solving system 5.179955928999334
time in solving system 0.1572743819997413
time in solving system 0.13190896599917323
concluded in  11.297527138000078
Solving snapshot 0 201
36
time in solving system 4.437854678999429
time in solving system 0.21143898199989053
time in solving system 0.1286542180005199
concluded in  11.114812211000753
Solving snapshot 0 202
36
time in solving system 4.739736891000575
time in solving system 0.18712736700035748
time in solving system 0.2580631919990992
concluded in  10.736630625000544
Solving snapshot 0 203
36
time in solving system 3.9897261030000664
time in solving system 0.15946789699955843
time in solving system 0.16979479099973105
concluded in  10.314178204998825
Solving snapshot 0 204
36
time in solving system 4.988652857999114
time in solving system 0.29469261600024765
time in solving system 0.29445334800038836
concluded in  11.521024985000622
Solving snapshot 0 205
36
time in solving system 4.905758586999582
time in solving system 0.1737602129996958
time in solving system 0.1332550570004969
concluded in  11.341292060000342
Solving snapshot 0 206
36
time in solving system 4.334997410000142
time in solving system 0.18403795899939723
time in solving system 0.20076158899973962
concluded in  10.869517391000045
Solving snapshot 0 207
36
time in solving system 5.175480593999964
time in solving system 0.21601245499914512
time in solving system 0.1333569130001706
concluded in  11.614203125000131
Solving snapshot 0 208
36
time in solving system 4.373361699999805
time in solving system 0.1571181939998496
time in solving system 0.12924966900027357
concluded in  11.215687380999952
Solving snapshot 0 209
36
time in solving system 4.559210176001216
time in solving system 0.15504029000112496
time in solving system 0.21036751800056663
concluded in  10.617286667000371
Solving snapshot 0 210
36
time in solving system 5.122513235999577
time in solving system 0.16347446600047988
time in solving system 0.23245506300008856
concluded in  11.2430231440012
Solving snapshot 0 211
36
time in solving system 5.00263010999879
time in solving system 0.15816930400069396
time in solving system 0.23733006499969633
concluded in  11.191622022000956
Solving snapshot 0 212
36
time in solving system 5.083239550000144
time in solving system 0.15711311300037778
time in solving system 0.13381934199969692
concluded in  10.916112548000456
Solving snapshot 0 213
36
time in solving system 4.716961263000485
time in solving system 0.20757466299983207
time in solving system 0.13284802099951776
concluded in  11.345627646000139
Solving snapshot 0 214
36
time in solving system 4.983281188999172
time in solving system 0.22071549400061485
time in solving system 0.18044107300011092
concluded in  11.485355344999334
Solving snapshot 0 215
36
time in solving system 4.526159151000684
time in solving system 0.3292719239998405
time in solving system 0.14299968900013482
concluded in  11.135804913999891
Solving snapshot 0 216
36
time in solving system 4.594113417999324
time in solving system 0.21460162499897706
time in solving system 0.1761617190004472
concluded in  10.86147967999932
Solving snapshot 0 217
36
time in solving system 5.229922337000971
time in solving system 0.1786130279997451
time in solving system 0.22203682200051844
concluded in  11.505769604998932
Solving snapshot 0 218
36
time in solving system 4.783767777998946
time in solving system 0.18647446500108344
time in solving system 0.19270139899890637
concluded in  10.836924359999102
Solving snapshot 0 219
36
time in solving system 5.080530228000498
time in solving system 0.20956190499964578
time in solving system 0.19945616099903418
concluded in  10.862257268998292
Solving snapshot 0 220
36
time in solving system 4.969744471000013
time in solving system 0.1545641060001799
time in solving system 0.1333442750001268
concluded in  11.271659596999598
Solving snapshot 0 221
36
time in solving system 5.129939833999742
time in solving system 0.22746797999934643
time in solving system 0.2696604440006922
concluded in  11.027324881000823
Solving snapshot 0 222
36
time in solving system 5.013555580000684
time in solving system 0.23035245900064183
time in solving system 0.17685295800038148
concluded in  11.218455229000028
Solving snapshot 0 223
36
time in solving system 5.281917034000799
time in solving system 0.2207841740000731
time in solving system 0.16071306300000288
concluded in  10.83370030900005
Solving snapshot 0 224
36
time in solving system 4.804029345999879
time in solving system 0.23632452499987266
time in solving system 0.3688509530002193
concluded in  10.9434447120002
Solving snapshot 0 225
36
time in solving system 5.1324373059997015
time in solving system 0.24765515899889579
time in solving system 0.2905482870010019
concluded in  11.622521973999028
Solving snapshot 0 226
36
time in solving system 4.856931080999857
time in solving system 0.1770711780009151
time in solving system 0.23916491499949188
concluded in  11.126345276999928
Solving snapshot 0 227
36
time in solving system 4.904625348999616
time in solving system 0.279063189000226
time in solving system 0.20215423600166105
concluded in  11.42794223799865
Solving snapshot 0 228
36
time in solving system 5.233059456000774
time in solving system 0.2945273889999953
time in solving system 0.28983482000148797
concluded in  11.763847452999471
Solving snapshot 0 229
36
time in solving system 4.767188196999996
time in solving system 0.16827925799952936
time in solving system 0.18569154200122284
concluded in  10.587740798000596
Solving snapshot 0 230
36
time in solving system 5.713654449000387
time in solving system 0.16190057099993282
time in solving system 0.22165666099863301
concluded in  12.081888265000089
Solving snapshot 0 231
36
time in solving system 5.211959330001264
time in solving system 0.2119601930007775
time in solving system 0.24885044700022263
concluded in  11.523248805000549
Solving snapshot 0 232
36
time in solving system 4.957365743999617
time in solving system 0.18409420500029228
time in solving system 0.15605779599900416
concluded in  10.825549007999143
Solving snapshot 0 233
36
time in solving system 4.804217459000938
time in solving system 0.24159234000035212
time in solving system 0.19380425999952422
concluded in  11.193028157998924
Solving snapshot 0 234
36
time in solving system 5.724577323999256
time in solving system 0.17711075999977766
time in solving system 0.15213340600166703
concluded in  11.651000186000601
Solving snapshot 0 235
36
time in solving system 4.967003053001463
time in solving system 0.15803463900010684
time in solving system 0.18043112099985592
concluded in  11.111307600000146
Solving snapshot 0 236
36
time in solving system 5.402420475998952
time in solving system 0.2712243320002017
time in solving system 0.1982593459997588
concluded in  11.841906503001155
Solving snapshot 0 237
36
time in solving system 4.381362042000546
time in solving system 0.24798263199954818
time in solving system 0.20246838400089473
concluded in  10.915095722000842
Solving snapshot 0 238
36
time in solving system 5.329260256999987
time in solving system 0.16069707499991637
time in solving system 0.14318223200098146
concluded in  11.172015135000038
Solving snapshot 0 239
36
time in solving system 5.12970518000111
time in solving system 0.1485749770017719
time in solving system 0.232272320001357
concluded in  12.001753811999151
Solving snapshot 0 240
36
time in solving system 4.837050737000027
time in solving system 0.17246831000011298
time in solving system 0.3387811299999157
concluded in  11.574354668000524
Solving snapshot 0 241
36
time in solving system 4.903883798999232
time in solving system 0.14945401499971922
time in solving system 0.2408168919992022
concluded in  11.76594446099989
Solving snapshot 0 242
36
time in solving system 3.9237835250005446
time in solving system 0.26148224499956996
time in solving system 0.18329156799882185
concluded in  11.076255891999608
Solving snapshot 0 243
36
time in solving system 5.017939184999705
time in solving system 0.1611208220001572
time in solving system 0.23427463400003035
concluded in  11.156522690000202
Solving snapshot 0 244
36
time in solving system 4.6606815319992165
time in solving system 0.18262890400001197
time in solving system 0.3064704629996413
concluded in  11.176629007000884
Solving snapshot 0 245
36
time in solving system 4.311179230999187
time in solving system 0.16838320700117038
time in solving system 0.29621175800093624
concluded in  10.806095243000527
Solving snapshot 0 246
36
time in solving system 4.553352451999672
time in solving system 0.161635214000853
time in solving system 0.17106435499954387
concluded in  10.60965169499832
Solving snapshot 0 247
36
time in solving system 4.894470818000627
time in solving system 0.15928058399913425
time in solving system 0.14233415599846921
concluded in  11.288891993999641
Solving snapshot 0 248
36
time in solving system 3.571701683000356
time in solving system 0.16322274499907508
time in solving system 0.18554025999947044
concluded in  9.768756199999189
Solving snapshot 0 249
36
time in solving system 3.9912931170001684
time in solving system 0.22020126399911533
time in solving system 0.17903391800064128
concluded in  9.770292375000281
Solving snapshot 0 250
36
time in solving system 3.874721326999861
time in solving system 0.19489979399986623
time in solving system 0.21478338700035238
concluded in  10.519465274999675
Solving snapshot 0 251
36
time in solving system 4.271838831000423
time in solving system 0.1652052380013629
time in solving system 0.17262856100023782
concluded in  10.019448872000794
Solving snapshot 0 252
36
time in solving system 3.999606327000947
time in solving system 0.2440572779996728
time in solving system 0.1892916739998327
concluded in  10.21450391899998
Solving snapshot 0 253
36
time in solving system 4.132518689999415
time in solving system 0.204316920000565
time in solving system 0.16105653699924005
concluded in  10.584375509000893
Solving snapshot 0 254
36
time in solving system 3.7403577249988302
time in solving system 0.4526842579998629
time in solving system 0.2976026849992195
concluded in  10.629292473000532
Solving snapshot 0 255
36
time in solving system 4.7135820369985595
time in solving system 0.2769855269998516
time in solving system 0.24272490499970445
concluded in  10.740094565999243
Solving snapshot 0 256
36
time in solving system 4.3832514969999465
time in solving system 0.18663903699962248
time in solving system 0.22385803799988935
concluded in  10.240957449001144
Solving snapshot 0 257
36
time in solving system 4.604728532000081
time in solving system 0.21583864800049923
time in solving system 0.19406167899978755
concluded in  11.120981674999712
Solving snapshot 0 258
36
time in solving system 3.939010481999503
time in solving system 0.21951004100083082
time in solving system 0.23828337200029637
concluded in  9.989695697999196
Solving snapshot 0 259
36
time in solving system 3.396098686998812
time in solving system 0.27169424500061723
time in solving system 0.20745049600009224
concluded in  9.33420994900007
Solving snapshot 0 260
36
time in solving system 3.58716589299911
time in solving system 0.1696305220011709
time in solving system 0.2553504700008489
concluded in  10.164677755999946
Solving snapshot 0 261
36
time in solving system 3.5275804579996475
time in solving system 0.33894983400023193
time in solving system 0.3546003629999177
concluded in  10.457079661000535
Solving snapshot 0 262
36
time in solving system 3.250143372000821
time in solving system 0.1944704150009784
time in solving system 0.1935164429996803
concluded in  9.16163749000043
Solving snapshot 0 263
36
time in solving system 3.858297400000083
time in solving system 0.27461896700151556
time in solving system 0.19598125099946628
concluded in  10.450090324000485
Solving snapshot 0 264
36
time in solving system 4.371164340000178
time in solving system 0.23911851699995168
time in solving system 0.23656999800004996
concluded in  11.197528196000349
Solving snapshot 0 265
36
time in solving system 4.163214516000153
time in solving system 0.21556316900023376
time in solving system 0.2149206480007706
concluded in  10.546388157001275
Solving snapshot 0 266
36
time in solving system 4.612580469000022
time in solving system 0.302078282000366
time in solving system 0.21255586599909293
concluded in  11.254665428001317
Solving snapshot 0 267
36
time in solving system 5.064489758000491
time in solving system 0.17841802099974302
time in solving system 0.1422659809995821
concluded in  11.443358666001586
Solving snapshot 0 268
36
time in solving system 4.592679968998709
time in solving system 0.24040576900006272
time in solving system 0.2778052330013452
concluded in  11.21801125300044
Solving snapshot 0 269
36
time in solving system 5.162177526999585
time in solving system 0.251091930000257
time in solving system 0.19838231399990036
concluded in  11.153526729998703
Solving snapshot 0 270
36
time in solving system 4.746174488998804
time in solving system 0.19279962700056785
time in solving system 0.21862170100030198
concluded in  11.38217126300151
Solving snapshot 0 271
36
time in solving system 4.48271587400086
time in solving system 0.1947432809993188
time in solving system 0.1481191700004274
concluded in  10.568736903000172
Solving snapshot 0 272
36
time in solving system 4.328940219998913
time in solving system 0.22500282600049104
time in solving system 0.19141950300036115
concluded in  10.501968124999621
Solving snapshot 0 273
36
time in solving system 5.0880074910000985
time in solving system 0.26038170299943886
time in solving system 0.147309062000204
concluded in  11.559282237001753
Solving snapshot 0 274
36
time in solving system 4.470905545000278
time in solving system 0.23557400099889492
time in solving system 0.23663568299889448
concluded in  11.108204762000241
Solving snapshot 0 275
36
time in solving system 4.604840615000285
time in solving system 0.22323458099890559
time in solving system 0.1977503819998674
concluded in  10.887477040001613
Solving snapshot 0 276
36
time in solving system 5.035312697000336
time in solving system 0.22141554500012717
time in solving system 0.16758729200046218
concluded in  11.826215986000534
Solving snapshot 0 277
36
time in solving system 5.110306843998842
time in solving system 0.2517773950003175
time in solving system 0.19840863199897285
concluded in  11.557965203999629
Solving snapshot 0 278
36
time in solving system 5.65037543499966
time in solving system 0.14964367600077821
time in solving system 0.233381295000072
concluded in  11.696851007998703
Solving snapshot 0 279
36
time in solving system 4.723969901999226
time in solving system 0.2435453090001829
time in solving system 0.22551609599941003
concluded in  11.676890177999667
Solving snapshot 0 280
36
time in solving system 4.791782831000091
time in solving system 0.16487201699965226
time in solving system 0.1508335939997778
concluded in  10.581816916999742
Solving snapshot 0 281
36
time in solving system 5.302244025000618
time in solving system 0.23017750100007106
time in solving system 0.19650431899935938
concluded in  11.54627901099957
Solving snapshot 0 282
36
time in solving system 4.482727447000798
time in solving system 0.16419346400107315
time in solving system 0.15893149000112317
concluded in  10.938360756001202
Solving snapshot 0 283
36
time in solving system 4.883777724000538
time in solving system 0.25225355100155866
time in solving system 0.33999795599993377
concluded in  10.903642110999499
Solving snapshot 0 284
36
time in solving system 4.99315399400075
time in solving system 0.22586014400076238
time in solving system 0.19273703799990471
concluded in  10.81438500600052
Solving snapshot 0 285
36
time in solving system 5.061947940999744
time in solving system 0.16481096600000456
time in solving system 0.1446247020012379
concluded in  11.292805090000911
Solving snapshot 0 286
36
time in solving system 4.359114070999567
time in solving system 0.20945875399957004
time in solving system 0.173593573999824
concluded in  10.534618655001395
Solving snapshot 0 287
36
time in solving system 3.6938006990003487
time in solving system 0.2573733360004553
time in solving system 0.318309293999846
concluded in  9.791457073999482
Solving snapshot 0 288
36
time in solving system 4.6429119410004205
time in solving system 0.255764765001004
time in solving system 0.2627010470005189
concluded in  11.11135748200104
Solving snapshot 0 289
36
time in solving system 3.9115049690008163
time in solving system 0.24419270900034462
time in solving system 0.28776885800107266
concluded in  9.884483392999755
Solving snapshot 0 290
36
time in solving system 5.400045325000974
time in solving system 0.19612786899961066
time in solving system 0.16475089599953208
concluded in  11.648374331998639
Solving snapshot 0 291
36
time in solving system 4.500686477000272
time in solving system 0.16999351199956436
time in solving system 0.13555378100136295
concluded in  11.143596886000523
Solving snapshot 0 292
36
time in solving system 4.808057131000169
time in solving system 0.1546790249994956
time in solving system 0.21367977199952293
concluded in  11.483843780000825
Solving snapshot 0 293
36
time in solving system 4.837603157000558
time in solving system 0.18215099699955317
time in solving system 0.22985370500100544
concluded in  11.287458307999259
Solving snapshot 0 294
36
time in solving system 4.3811502320004365
time in solving system 0.23762639799861063
time in solving system 0.13228576600158704
concluded in  11.074096846999964
Solving snapshot 0 295
36
time in solving system 4.651615994000167
time in solving system 0.2251592239990714
time in solving system 0.2110088169993105
concluded in  10.715554233000148
Solving snapshot 0 296
36
time in solving system 4.574564623999322
time in solving system 0.22605134900004487
time in solving system 0.1391536149985768
concluded in  11.129898899000182
Solving snapshot 0 297
36
time in solving system 4.477450180000233
time in solving system 0.18681274700065842
time in solving system 0.2243799339994439
concluded in  10.6386922340007
Solving snapshot 0 298
36
time in solving system 4.06914029499967
time in solving system 0.21274223200089182
time in solving system 0.18305028400027368
concluded in  10.502412116000414
Solving snapshot 0 299
36
time in solving system 4.067768355000226
time in solving system 0.1786344239990285
time in solving system 0.24648403399987728
concluded in  9.473991434000709
[]
Not completed: []
