Solving not completed simulation: 0-th chance
Solving snapshot 0 0
36
time in solving system 3.1749040110007627
time in solving system 0.2826598510000622
time in solving system 0.2603351660000044
concluded in  8.30165681699873
Solving snapshot 0 1
36
time in solving system 3.0185214090015506
time in solving system 0.20387632200072403
time in solving system 0.18822753000131343
concluded in  8.519331521001732
Solving snapshot 0 2
36
time in solving system 2.8502894819976063
time in solving system 0.17422398299822817
time in solving system 0.18482900000162772
concluded in  8.39362362799875
Solving snapshot 0 3
36
time in solving system 2.4389817070004938
time in solving system 0.2164593599991349
time in solving system 0.26458400699993945
concluded in  7.671184093000193
Solving snapshot 0 4
36
time in solving system 2.637747627002682
time in solving system 0.15847442900121678
time in solving system 0.14923519899821258
concluded in  7.680363828003465
Solving snapshot 0 5
36
time in solving system 2.3510534560009546
time in solving system 0.15142869599731057
time in solving system 0.15464158699978725
concluded in  7.612039285999344
Solving snapshot 0 6
36
time in solving system 2.460288064001361
time in solving system 0.1305563109999639
time in solving system 0.12242712300212588
concluded in  8.141786468000646
Solving snapshot 0 7
36
time in solving system 2.660579562998464
time in solving system 0.15030921500147087
time in solving system 0.12382070599778672
concluded in  9.138624273997266
Solving snapshot 0 8
36
time in solving system 2.617051376000745
time in solving system 0.15147725000133505
time in solving system 0.13801944000078947
concluded in  9.13426486499884
Solving snapshot 0 9
36
time in solving system 2.637602874001459
time in solving system 0.17589896699792007
time in solving system 0.14147466299982625
concluded in  8.530958702001953
Solving snapshot 0 10
36
time in solving system 3.31759912599955
time in solving system 0.2317524250029237
time in solving system 0.17597835099877557
concluded in  9.539893940000184
Solving snapshot 0 11
36
time in solving system 2.7649359990027733
time in solving system 0.15871669899934204
time in solving system 0.18787352799699875
concluded in  8.645765702000062
Solving snapshot 0 12
36
time in solving system 2.705706962999102
time in solving system 0.16218461300013587
time in solving system 0.16978215200288105
concluded in  8.637149114998465
Solving snapshot 0 13
36
time in solving system 2.6613425460018334
time in solving system 0.27530229699914344
time in solving system 0.1807106570013275
concluded in  8.686396310000418
Solving snapshot 0 14
36
time in solving system 2.538106585998321
time in solving system 0.1606273869983852
time in solving system 0.17268073000013828
concluded in  8.214993255998706
Solving snapshot 0 15
36
time in solving system 2.481699091997143
time in solving system 0.3077865999985079
time in solving system 0.21078956099881907
concluded in  8.667812923002202
Solving snapshot 0 16
36
time in solving system 2.455523196997092
time in solving system 0.14791034600057174
time in solving system 0.13641808000102174
concluded in  8.384906408999086
Solving snapshot 0 17
36
time in solving system 2.561981629998627
time in solving system 0.1479164399970614
time in solving system 0.11938351400021929
concluded in  7.693541519001883
Solving snapshot 0 18
36
time in solving system 2.560134060000564
time in solving system 0.148026774997561
time in solving system 0.12003097599881585
concluded in  8.176734878001298
Solving snapshot 0 19
36
time in solving system 2.441831093001383
time in solving system 0.13227121899763006
time in solving system 0.12331612100024358
concluded in  8.8286364279993
Solving snapshot 0 20
36
time in solving system 2.568298688998766
time in solving system 0.20474198599913507
time in solving system 0.16135348500029068
concluded in  8.902445864001493
Solving snapshot 0 21
36
time in solving system 2.5826648479996948
time in solving system 0.23661650199937867
time in solving system 0.17209309600002598
concluded in  8.392408744999557
Solving snapshot 0 22
36
time in solving system 2.359396593998099
time in solving system 0.17947636600001715
time in solving system 0.15575311800057534
concluded in  8.435697565000737
Solving snapshot 0 23
36
time in solving system 2.644141780001519
time in solving system 0.1475635089991556
time in solving system 0.1282421859978058
concluded in  7.922654746998887
Solving snapshot 0 24
36
time in solving system 2.44286255499901
time in solving system 0.1312817100006214
time in solving system 0.1329498129998683
concluded in  8.127642013998411
Solving snapshot 0 25
36
time in solving system 2.3634779770000023
time in solving system 0.13117043699821807
time in solving system 0.1373406940001587
concluded in  8.711197339001956
Solving snapshot 0 26
36
time in solving system 2.5161001220003527
time in solving system 0.17096937200039974
time in solving system 0.16901919500014628
concluded in  8.727221303000988
Solving snapshot 0 27
36
time in solving system 2.3167653999989852
time in solving system 0.12961817500035977
time in solving system 0.1345572819991503
concluded in  7.9109295809976174
Solving snapshot 0 28
36
time in solving system 2.440211757002544
time in solving system 0.13861654699940118
time in solving system 0.16286042199863004
concluded in  8.48849919300119
Solving snapshot 0 29
36
time in solving system 2.617587144999561
time in solving system 0.14803377199859824
time in solving system 0.1409708649989625
concluded in  8.423810058000527
Solving snapshot 0 30
36
time in solving system 2.4371537570004875
time in solving system 0.16621538599792984
time in solving system 0.1597833339983481
concluded in  8.553140365998843
Solving snapshot 0 31
36
time in solving system 2.940998320002109
time in solving system 0.18954639400180895
time in solving system 0.18316817300001276
concluded in  8.38485865199982
Solving snapshot 0 32
36
time in solving system 2.899678400000994
time in solving system 0.234369155998138
time in solving system 0.25284407599974656
concluded in  8.615643133998674
Solving snapshot 0 33
36
time in solving system 2.6575586869985273
time in solving system 0.1549314570002025
time in solving system 0.1377437569972244
concluded in  7.854586068002391
Solving snapshot 0 34
36
time in solving system 2.2865168009993795
time in solving system 0.1220874829996319
time in solving system 0.11806084499767167
concluded in  7.32884561100218
Solving snapshot 0 35
36
time in solving system 2.3120597650013224
time in solving system 0.12261191899960977
time in solving system 0.14406200799930957
concluded in  8.810603247002291
Solving snapshot 0 36
36
time in solving system 2.5403914410017023
time in solving system 0.20262104799985536
time in solving system 0.16916374300126336
concluded in  8.285810154000501
Solving snapshot 0 37
36
time in solving system 3.0201809110003524
time in solving system 0.19377066900051432
time in solving system 0.27317507000043406
concluded in  9.011262244002864
Solving snapshot 0 38
36
time in solving system 2.491856082000595
time in solving system 0.20763189799981774
time in solving system 0.20950755000012578
concluded in  7.559103594001499
Solving snapshot 0 39
36
time in solving system 2.8375087329986854
time in solving system 0.2553018760008854
time in solving system 0.1821323799995298
concluded in  8.57298167999761
Solving snapshot 0 40
36
time in solving system 2.646802324001328
time in solving system 0.16089054199983366
time in solving system 0.13871225399998366
concluded in  7.861216338998929
Solving snapshot 0 41
36
time in solving system 2.391139302002557
time in solving system 0.1858335930010071
time in solving system 0.1410195759999624
concluded in  7.791799381000601
Solving snapshot 0 42
36
time in solving system 2.418346914000722
time in solving system 0.13417004400253063
time in solving system 0.13118783200116013
concluded in  8.593432126999687
Solving snapshot 0 43
36
time in solving system 2.9022309070023766
time in solving system 0.1819157259997155
time in solving system 0.16410138400169672
concluded in  9.025193031000526
Solving snapshot 0 44
36
time in solving system 2.8931850119988667
time in solving system 0.2821177000005264
time in solving system 0.3456634690010105
concluded in  9.181135725997592
Solving snapshot 0 45
36
time in solving system 3.8354300589999184
time in solving system 0.2507772440003464
time in solving system 0.17669652499898802
concluded in  9.751926567001647
Solving snapshot 0 46
36
time in solving system 3.0347761350021756
time in solving system 0.3467228600020462
time in solving system 0.39767773199855583
concluded in  8.709851515999617
Solving snapshot 0 47
36
time in solving system 3.840894902998116
time in solving system 0.20686696900156676
time in solving system 0.1764637539999967
concluded in  9.287117749001482
Solving snapshot 0 48
36
time in solving system 3.6170229929994093
time in solving system 0.2299084820006101
time in solving system 0.22807105500032776
concluded in  9.217587540999375
Solving snapshot 0 49
36
time in solving system 3.372026122000534
time in solving system 0.2065246020029008
time in solving system 0.16338261800046894
concluded in  8.475531863998185
Solving snapshot 0 50
36
time in solving system 4.00652521200027
time in solving system 0.20956721400216338
time in solving system 0.1985753980006848
concluded in  9.497594079002738
Solving snapshot 0 51
36
time in solving system 3.733434877001855
time in solving system 0.15831180699751712
time in solving system 0.262683085999015
concluded in  9.313053136000235
Solving snapshot 0 52
36
time in solving system 3.547062712001207
time in solving system 0.15221114399901126
time in solving system 0.17335542400178383
concluded in  8.606707941002242
Solving snapshot 0 53
36
time in solving system 3.742844224001601
time in solving system 0.14263844000015524
time in solving system 0.14859358800094924
concluded in  8.72530210900004
Solving snapshot 0 54
36
time in solving system 4.0585034460018505
time in solving system 0.21268254399910802
time in solving system 0.13361300800170284
concluded in  9.541782854001212
Solving snapshot 0 55
36
time in solving system 3.804517876000318
time in solving system 0.17884991499886382
time in solving system 0.29475200699744164
concluded in  9.312736136998865
Solving snapshot 0 56
36
time in solving system 3.742788019000727
time in solving system 0.27615335199880064
time in solving system 0.2163160779964528
concluded in  9.738754668000183
Solving snapshot 0 57
36
time in solving system 3.5818763070019486
time in solving system 0.2598403150004742
time in solving system 0.32415512800071156
concluded in  9.678423838999151
Solving snapshot 0 58
36
time in solving system 4.613473106001038
time in solving system 0.19470874699982232
time in solving system 0.2377631109993672
concluded in  10.098061029999371
Solving snapshot 0 59
36
time in solving system 4.097658165999746
time in solving system 0.15204490600081044
time in solving system 0.12908184999832883
concluded in  9.451817242999823
Solving snapshot 0 60
36
time in solving system 3.9141122239998367
time in solving system 0.29955836400040425
time in solving system 0.26693302700005006
concluded in  9.423254507997626
Solving snapshot 0 61
36
time in solving system 4.529481868998118
time in solving system 0.2329563249986677
time in solving system 0.18494841799838468
concluded in  9.916767575999984
Solving snapshot 0 62
36
time in solving system 4.379313650002587
time in solving system 0.1852284930027963
time in solving system 0.1395372260012664
concluded in  10.055948060999071
Solving snapshot 0 63
36
time in solving system 3.9290895990015997
time in solving system 0.22775913999794284
time in solving system 0.20598146699921926
concluded in  9.907130833998963
Solving snapshot 0 64
36
time in solving system 4.213638933000766
time in solving system 0.22593912199954502
time in solving system 0.23687434699968435
concluded in  10.165756213002169
Solving snapshot 0 65
36
time in solving system 3.978819776999444
time in solving system 0.36618385600013426
time in solving system 0.1458167050004704
concluded in  9.953558701003203
Solving snapshot 0 66
36
time in solving system 4.135271045997797
time in solving system 0.2156877399975201
time in solving system 0.13085811500059208
concluded in  10.079810303002887
Solving snapshot 0 67
36
time in solving system 3.8182926759982365
time in solving system 0.1664090779995604
time in solving system 0.2134780660016986
concluded in  9.227012496998213
Solving snapshot 0 68
36
time in solving system 3.6294431799979066
time in solving system 0.21167898800194962
time in solving system 0.17139469999892754
concluded in  9.037009476000094
Solving snapshot 0 69
36
time in solving system 4.2673188199987635
time in solving system 0.15740576200187206
time in solving system 0.17824746900078026
concluded in  9.733917405999819
Solving snapshot 0 70
36
time in solving system 3.5193200950016035
time in solving system 0.254143934998865
time in solving system 0.23160518700024113
concluded in  9.466232542999933
Solving snapshot 0 71
36
time in solving system 3.514062557998841
time in solving system 0.26201045099878684
time in solving system 0.1794855180014565
concluded in  9.045849207999709
Solving snapshot 0 72
36
time in solving system 3.193949791002524
time in solving system 0.18655310800022562
time in solving system 0.17720694800300407
concluded in  8.583664244000829
Solving snapshot 0 73
36
time in solving system 3.0767040600003384
time in solving system 0.32526449900251464
time in solving system 0.291411590998905
concluded in  8.81234210799812
Solving snapshot 0 74
36
time in solving system 3.9129916350029816
time in solving system 0.16881163899961393
time in solving system 0.1482495319978625
concluded in  9.60692675500104
Solving snapshot 0 75
36
time in solving system 3.408231348999834
time in solving system 0.2625241339992499
time in solving system 0.22401710199847003
concluded in  9.360336259996984
Solving snapshot 0 76
36
time in solving system 4.2967106489995786
time in solving system 0.23684499799855985
time in solving system 0.25335971399908885
concluded in  10.118539532002615
Solving snapshot 0 77
36
time in solving system 4.1518590779996885
time in solving system 0.18086042299910332
time in solving system 0.2172821259991906
concluded in  9.910819054002786
Solving snapshot 0 78
36
time in solving system 3.9259418119982
time in solving system 0.22038762800002587
time in solving system 0.29896192999876803
concluded in  9.424786800002039
Solving snapshot 0 79
36
time in solving system 4.071751965999283
time in solving system 0.17702215899771545
time in solving system 0.1489189769999939
concluded in  9.92499824100014
Solving snapshot 0 80
36
time in solving system 4.067921769998065
time in solving system 0.14273201800097013
time in solving system 0.18467860599776031
concluded in  9.924201232999621
Solving snapshot 0 81
36
time in solving system 3.925791375000699
time in solving system 0.13890896799784969
time in solving system 0.21021545600160607
concluded in  9.719381802999123
Solving snapshot 0 82
36
time in solving system 3.3612089259986533
time in solving system 0.1686410580005031
time in solving system 0.2244424890013761
concluded in  8.801540047999879
Solving snapshot 0 83
36
time in solving system 2.942208923999715
time in solving system 0.2584930649973103
time in solving system 0.17094597700270242
concluded in  8.332683689997793
Solving snapshot 0 84
36
time in solving system 2.9437111020015436
time in solving system 0.2408891550003318
time in solving system 0.1738714000020991
concluded in  8.38796918799926
Solving snapshot 0 85
36
time in solving system 3.104676044000371
time in solving system 0.15818138399845338
time in solving system 0.2456080510019092
concluded in  8.59432654000193
Solving snapshot 0 86
36
time in solving system 3.3674518309999257
time in solving system 0.3198981499990623
time in solving system 0.24691978500050027
concluded in  9.031730678998429
Solving snapshot 0 87
36
time in solving system 2.7988443979993463
time in solving system 0.13308280799901695
time in solving system 0.21006046799811884
concluded in  7.988680239999667
Solving snapshot 0 88
36
time in solving system 3.1591088129971467
time in solving system 0.23127676199874259
time in solving system 0.13137445299798856
concluded in  8.886563666997972
Solving snapshot 0 89
36
time in solving system 3.026615311999194
time in solving system 0.22231388699947274
time in solving system 0.18037041299976408
concluded in  9.394967461998021
Solving snapshot 0 90
36
time in solving system 3.0109646870005236
time in solving system 0.2142816049999965
time in solving system 0.13801983399753226
concluded in  8.839982921002957
Solving snapshot 0 91
36
time in solving system 3.1589677259980817
time in solving system 0.15652285000032862
time in solving system 0.17130972599989036
concluded in  8.708880886999395
Solving snapshot 0 92
36
time in solving system 2.9480816059985955
time in solving system 0.15135400999861304
time in solving system 0.2136554159988009
concluded in  8.411640897000325
Solving snapshot 0 93
36
time in solving system 2.784081016001437
time in solving system 0.16985194299923023
time in solving system 0.12067117600236088
concluded in  8.757192712000688
Solving snapshot 0 94
36
time in solving system 2.884506947000773
time in solving system 0.2571171060008055
time in solving system 0.19080987600318622
concluded in  8.486309592000907
Solving snapshot 0 95
36
time in solving system 2.872876132001693
time in solving system 0.21244549800030654
time in solving system 0.1282862509979168
concluded in  8.596358712999063
Solving snapshot 0 96
36
time in solving system 2.8894069459965976
time in solving system 0.1401759670006868
time in solving system 0.2392669159999059
concluded in  8.379881657001533
Solving snapshot 0 97
36
time in solving system 3.211605487002089
time in solving system 0.16107942699818523
time in solving system 0.1870644890004769
concluded in  9.23819279700183
Solving snapshot 0 98
36
time in solving system 3.0524754420002864
time in solving system 0.1571367979995557
time in solving system 0.2365330749998975
concluded in  9.030304314001114
Solving snapshot 0 99
36
time in solving system 3.9572211960003187
time in solving system 0.16684098200130393
time in solving system 0.29519657800119603
concluded in  9.994737970999267
Solving snapshot 0 100
36
time in solving system 3.804396262999944
time in solving system 0.24586323400217225
time in solving system 0.17121300700091524
concluded in  9.367181379999238
Solving snapshot 0 101
36
time in solving system 4.051403039000434
time in solving system 0.25068125300094835
time in solving system 0.15217522300008568
concluded in  9.708870960999775
Solving snapshot 0 102
36
time in solving system 4.003106744999968
time in solving system 0.18099733199778711
time in solving system 0.29289398200126016
concluded in  9.464351826001803
Solving snapshot 0 103
36
time in solving system 4.1304353490013455
time in solving system 0.3099068030023773
time in solving system 0.1732539699987683
concluded in  10.01523504099896
Solving snapshot 0 104
36
time in solving system 3.8238900319993263
time in solving system 0.2700027760001831
time in solving system 0.18868346299859695
concluded in  9.203540078997321
Solving snapshot 0 105
36
time in solving system 4.032050169997092
time in solving system 0.2060783619999711
time in solving system 0.2534759150003083
concluded in  9.519787067001744
Solving snapshot 0 106
36
time in solving system 3.4200294030015357
time in solving system 0.1836155070013774
time in solving system 0.1887322900001891
concluded in  9.143190884999058
Solving snapshot 0 107
36
time in solving system 3.781757947999722
time in solving system 0.1907994110006257
time in solving system 0.22509585499938112
concluded in  9.508429852998233
Solving snapshot 0 108
36
time in solving system 3.2705691529990872
time in solving system 0.18412592000095174
time in solving system 0.17519207500299672
concluded in  8.952064662000339
Solving snapshot 0 109
36
time in solving system 3.1844332440014114
time in solving system 0.2782163789997867
time in solving system 0.33012878600129625
concluded in  9.15118025099946
Solving snapshot 0 110
36
time in solving system 2.856826444000035
time in solving system 0.2196396219987946
time in solving system 0.20076363499902072
concluded in  8.456219440002315
Solving snapshot 0 111
36
time in solving system 3.026726168998721
time in solving system 0.23664235300020664
time in solving system 0.20827512300093076
concluded in  8.877804018997267
Solving snapshot 0 112
36
time in solving system 3.460556402998918
time in solving system 0.19694387300114613
time in solving system 0.18900833899897407
concluded in  9.250129710999317
Solving snapshot 0 113
36
time in solving system 4.01473288499983
time in solving system 0.24831715800246457
time in solving system 0.16049912000016775
concluded in  9.71074853400205
Solving snapshot 0 114
36
time in solving system 4.506624369001656
time in solving system 0.2478424230030214
time in solving system 0.138149243000953
concluded in  9.873986292001064
Solving snapshot 0 115
36
time in solving system 3.9291485709982226
time in solving system 0.1496722960000625
time in solving system 0.22348141700058477
concluded in  9.70291616400209
Solving snapshot 0 116
36
time in solving system 4.190315799998643
time in solving system 0.2242131610000797
time in solving system 0.15360021900050924
concluded in  9.976442781000515
Solving snapshot 0 117
36
time in solving system 4.118600370002241
time in solving system 0.14436784800273017
time in solving system 0.2319867330006673
concluded in  9.884096022997255
Solving snapshot 0 118
36
time in solving system 3.7939036349998787
time in solving system 0.23002293199897395
time in solving system 0.17246851600066293
concluded in  9.61939653099762
Solving snapshot 0 119
36
time in solving system 4.184979317000398
time in solving system 0.18400361399835674
time in solving system 0.1996500040004321
concluded in  10.065596051001194
Solving snapshot 0 120
36
time in solving system 4.253143268000713
time in solving system 0.2169067510003515
time in solving system 0.22612969300098484
concluded in  9.646938764999504
Solving snapshot 0 121
36
time in solving system 3.8985048980030115
time in solving system 0.2594867929983593
time in solving system 0.1848303799997666
concluded in  9.756862595000712
Solving snapshot 0 122
36
time in solving system 3.835510795001028
time in solving system 0.22482126700197114
time in solving system 0.13031754800249473
concluded in  9.638664884998434
Solving snapshot 0 123
36
time in solving system 4.243032357997436
time in solving system 0.2535075980013062
time in solving system 0.2527407460001996
concluded in  9.676120413001627
Solving snapshot 0 124
36
time in solving system 3.8956754290011304
time in solving system 0.14539649400103372
time in solving system 0.13336812399938935
concluded in  9.613512175001233
Solving snapshot 0 125
36
time in solving system 4.00140106300023
time in solving system 0.25265579000188154
time in solving system 0.23963780499980203
concluded in  9.824643879001087
Solving snapshot 0 126
36
time in solving system 3.8964172020023398
time in solving system 0.14064132500061532
time in solving system 0.21761881800193805
concluded in  9.78268088600089
Solving snapshot 0 127
36
time in solving system 3.7264761439982976
time in solving system 0.14588408800045727
time in solving system 0.18141082000147435
concluded in  9.103666674000124
Solving snapshot 0 128
36
time in solving system 4.181124098999135
time in solving system 0.14912094800092746
time in solving system 0.13196995800171862
concluded in  9.83317931000056
Solving snapshot 0 129
36
time in solving system 4.2037654029991245
time in solving system 0.17785591700157966
time in solving system 0.23693558200102416
concluded in  9.973651063999569
Solving snapshot 0 130
36
time in solving system 3.9715821179997874
time in solving system 0.1926821609995386
time in solving system 0.1782028489978984
concluded in  9.328004545001022
Solving snapshot 0 131
36
time in solving system 3.826656061999529
time in solving system 0.21269720499913092
time in solving system 0.1749717709972174
concluded in  9.54736792300173
Solving snapshot 0 132
36
time in solving system 2.964942708000308
time in solving system 0.31935580799836316
time in solving system 0.21890772000188008
concluded in  8.455077091999556
Solving snapshot 0 133
36
time in solving system 3.1290096809971146
time in solving system 0.2909265480011527
time in solving system 0.225067849001789
concluded in  8.816817317998357
Solving snapshot 0 134
36
time in solving system 2.887796861999959
time in solving system 0.1564156569984334
time in solving system 0.15490083199983928
concluded in  8.667788615999598
Solving snapshot 0 135
36
time in solving system 3.760618110001815
time in solving system 0.22428945600040606
time in solving system 0.19731496399981552
concluded in  9.236132991001796
Solving snapshot 0 136
36
time in solving system 2.7502541250032664
time in solving system 0.16173411600175314
time in solving system 0.20850940099990112
concluded in  8.338359684999887
Solving snapshot 0 137
36
time in solving system 2.944394194000779
time in solving system 0.21244717599984142
time in solving system 0.17042264900010196
concluded in  8.689083766999829
Solving snapshot 0 138
36
time in solving system 2.577173204997962
time in solving system 0.1547466610027186
time in solving system 0.16412356100045145
concluded in  8.105398800002149
Solving snapshot 0 139
36
time in solving system 2.580960827999661
time in solving system 0.14887861399984104
time in solving system 0.12940031199832447
concluded in  8.193524492999131
Solving snapshot 0 140
36
time in solving system 2.549590389000514
time in solving system 0.14769058999809204
time in solving system 0.12004261499896529
concluded in  8.420844200998545
Solving snapshot 0 141
36
time in solving system 2.429946699001448
time in solving system 0.1314638530020602
time in solving system 0.12277916499806452
concluded in  8.277025205999962
Solving snapshot 0 142
36
time in solving system 2.625542551999388
time in solving system 0.15174925199971767
time in solving system 0.11995020199901774
concluded in  8.442933469003037
Solving snapshot 0 143
36
time in solving system 2.4628893229964888
time in solving system 0.13663155700123752
time in solving system 0.12616230100320536
concluded in  8.493950785003108
Solving snapshot 0 144
36
time in solving system 2.494541804000619
time in solving system 0.1397785430017393
time in solving system 0.1288281659981294
concluded in  8.810762207998778
Solving snapshot 0 145
36
time in solving system 2.4800716239988105
time in solving system 0.13624518399956287
time in solving system 0.12812575299903983
concluded in  9.672058308999112
Solving snapshot 0 146
36
time in solving system 2.4826827440010675
time in solving system 0.13565248099985183
time in solving system 0.12928918299803627
concluded in  9.150360386000102
Solving snapshot 0 147
36
time in solving system 2.66099562099771
time in solving system 0.15551923100065324
time in solving system 0.12581243800013908
concluded in  8.918085410998174
Solving snapshot 0 148
36
time in solving system 2.5974748549997457
time in solving system 0.15595828400182654
time in solving system 0.12382771600096021
concluded in  8.74795132899817
Solving snapshot 0 149
36
time in solving system 2.64212733399836
time in solving system 0.15600398700189544
time in solving system 0.1385047370022221
concluded in  9.464149485000235
Solving snapshot 0 150
36
time in solving system 2.671067999002844
time in solving system 0.15479341099853627
time in solving system 0.1393058559988276
concluded in  9.14013395800066
Solving snapshot 0 151
36
time in solving system 2.437495704001776
time in solving system 0.15962147900063428
time in solving system 0.16967751400079578
concluded in  8.617287832999864
Solving snapshot 0 152
36
time in solving system 3.07698907500162
time in solving system 0.17715700500048115
time in solving system 0.1527419550002378
concluded in  9.997415937999904
Solving snapshot 0 153
36
time in solving system 3.03896137600168
time in solving system 0.17939867700260947
time in solving system 0.20943690599960973
concluded in  9.307330706997163
Solving snapshot 0 154
36
time in solving system 3.2711104589980096
time in solving system 0.1640048579974973
time in solving system 0.2375760889990488
concluded in  8.928664107999793
Solving snapshot 0 155
36
time in solving system 4.067286880999745
time in solving system 0.24642832999961684
time in solving system 0.19569572899854393
concluded in  10.032004840999434
Solving snapshot 0 156
36
time in solving system 3.969167295999796
time in solving system 0.23613197300073807
time in solving system 0.1696480229984445
concluded in  9.825740963999124
Solving snapshot 0 157
36
time in solving system 3.8454307009997137
time in solving system 0.341815994001081
time in solving system 0.2363670099985029
concluded in  9.441261643998587
Solving snapshot 0 158
36
time in solving system 3.9411951740003133
time in solving system 0.2536514220009849
time in solving system 0.25812622800003737
concluded in  9.80775954499768
Solving snapshot 0 159
36
time in solving system 3.8844020920005278
time in solving system 0.25169043200003216
time in solving system 0.20001162200060207
concluded in  9.247311347000505
Solving snapshot 0 160
36
time in solving system 3.5097899710017373
time in solving system 0.18872629800171126
time in solving system 0.1665498540023691
concluded in  9.261003661998984
Solving snapshot 0 161
36
time in solving system 3.3981535519997124
time in solving system 0.2930134130001534
time in solving system 0.20027942699744017
concluded in  9.24896217100104
Solving snapshot 0 162
36
time in solving system 3.5305868689974886
time in solving system 0.22125297200182104
time in solving system 0.21133771600216278
concluded in  9.268975921000674
Solving snapshot 0 163
36
time in solving system 4.352084622998518
time in solving system 0.18628374699983397
time in solving system 0.24259791599979508
concluded in  10.019651792001241
Solving snapshot 0 164
36
time in solving system 4.029414784999972
time in solving system 0.20253807499830145
time in solving system 0.15135798399933265
concluded in  9.88555886299946
Solving snapshot 0 165
36
time in solving system 3.873371177000081
time in solving system 0.21077375000095344
time in solving system 0.14195522999943933
concluded in  9.507836703000066
Solving snapshot 0 166
36
time in solving system 3.5825904599987553
time in solving system 0.2801982669989229
time in solving system 0.2752767710007902
concluded in  9.197746124998957
Solving snapshot 0 167
36
time in solving system 3.3124606599994877
time in solving system 0.2062332929999684
time in solving system 0.17041528699701303
concluded in  9.257672080999328
Solving snapshot 0 168
36
time in solving system 2.997128914001223
time in solving system 0.22164650299964705
time in solving system 0.16854317099932814
concluded in  8.862926247002179
Solving snapshot 0 169
36
time in solving system 3.0290005219976592
time in solving system 0.13278915699993377
time in solving system 0.12497229899963713
concluded in  8.093480080999143
Solving snapshot 0 170
36
time in solving system 3.000953073002165
time in solving system 0.13042783100172528
time in solving system 0.12506890299846418
concluded in  8.282720373998018
Solving snapshot 0 171
36
time in solving system 2.8026595409974107
time in solving system 0.2354877609977848
time in solving system 0.16235215200140374
concluded in  8.321006314999977
Solving snapshot 0 172
36
time in solving system 2.8344714650011156
time in solving system 0.2663846069990541
time in solving system 0.16760501300086617
concluded in  8.943860793999193
Solving snapshot 0 173
36
time in solving system 3.0590180899998813
time in solving system 0.15922625299936044
time in solving system 0.2231348160021298
concluded in  8.705293129001802
Solving snapshot 0 174
36
time in solving system 2.7128851100023894
time in solving system 0.23191224999754922
time in solving system 0.16666682100185426
concluded in  8.24537599100222
Solving snapshot 0 175
36
time in solving system 2.540212513998995
time in solving system 0.16489725900100893
time in solving system 0.1591442230019311
concluded in  8.368830202998652
Solving snapshot 0 176
36
time in solving system 2.5877810519996274
time in solving system 0.15378025399695616
time in solving system 0.2764459629979683
concluded in  8.443502500002069
Solving snapshot 0 177
36
time in solving system 2.489824292002595
time in solving system 0.16229301099883742
time in solving system 0.1657472270017024
concluded in  8.07072163599878
Solving snapshot 0 178
36
time in solving system 2.753490677998343
time in solving system 0.17598475300110294
time in solving system 0.19033579699680558
concluded in  8.666721577999851
Solving snapshot 0 179
36
time in solving system 2.393707260998781
time in solving system 0.1479909019981278
time in solving system 0.16619963900302537
concluded in  7.963551500000904
Solving snapshot 0 180
36
time in solving system 2.4107883920005406
time in solving system 0.19254909599840175
time in solving system 0.18361264900158858
concluded in  8.878949547000957
Solving snapshot 0 181
36
time in solving system 2.7993640510030673
time in solving system 0.17073600799994892
time in solving system 0.13418587100022705
concluded in  9.138125859997672
Solving snapshot 0 182
36
time in solving system 2.6985772080006427
time in solving system 0.15686691800146946
time in solving system 0.138620379002532
concluded in  8.308422293001058
Solving snapshot 0 183
36
time in solving system 2.5692214560003777
time in solving system 0.14845464600148262
time in solving system 0.12180170999999973
concluded in  8.188595620998967
Solving snapshot 0 184
36
time in solving system 2.432197628000722
time in solving system 0.1964840929977072
time in solving system 0.1614875369996298
concluded in  8.749748743000964
Solving snapshot 0 185
36
time in solving system 2.595038089002628
time in solving system 0.1541492130018014
time in solving system 0.13841027699891129
concluded in  8.27966913000273
Solving snapshot 0 186
36
time in solving system 2.3784352670008957
time in solving system 0.13588464399799705
time in solving system 0.12924815799851785
concluded in  8.674798461997852
Solving snapshot 0 187
36
time in solving system 2.366719165998802
time in solving system 0.12360476899993955
time in solving system 0.1193506419986079
concluded in  7.453435994000756
Solving snapshot 0 188
36
time in solving system 2.4835988369995903
time in solving system 0.1414283769991016
time in solving system 0.1318926050007576
concluded in  9.438942400000087
Solving snapshot 0 189
36
time in solving system 2.4474305900002946
time in solving system 0.1412376750013209
time in solving system 0.13139732900162926
concluded in  8.938564002997737
Solving snapshot 0 190
36
time in solving system 2.609989491000306
time in solving system 0.15601755900206626
time in solving system 0.12293615900125587
concluded in  9.993720745998871
Solving snapshot 0 191
36
time in solving system 2.4263280459999805
time in solving system 0.13795964300152264
time in solving system 0.13185854500261485
concluded in  9.027233425000304
Solving snapshot 0 192
36
time in solving system 2.6535041310016823
time in solving system 0.1597554649997619
time in solving system 0.13225657299699378
concluded in  9.996422189000441
Solving snapshot 0 193
36
time in solving system 2.44913994700255
time in solving system 0.1421632839992526
time in solving system 0.13435279500117758
concluded in  10.006145336999907
Solving snapshot 0 194
36
time in solving system 2.4288061410006776
time in solving system 0.14317241699973238
time in solving system 0.13490468099917052
concluded in  9.49182719899909
Solving snapshot 0 195
36
time in solving system 2.675853411998105
time in solving system 0.158002898999257
time in solving system 0.12364198299837881
concluded in  10.07233581899709
Solving snapshot 0 196
36
time in solving system 2.648593781999807
time in solving system 0.15074116100004176
time in solving system 0.12136271900089923
concluded in  10.21109291799803
Solving snapshot 0 197
36
time in solving system 2.608772122999653
time in solving system 0.15520665399890277
time in solving system 0.12013389799903962
concluded in  8.949415957002202
Solving snapshot 0 198
36
time in solving system 2.6045969990009326
time in solving system 0.15720556500309613
time in solving system 0.15258265100055723
concluded in  9.06781853099892
Solving snapshot 0 199
36
time in solving system 3.243803888999537
time in solving system 0.15024985700074467
time in solving system 0.13215100099841948
concluded in  9.642391015000612
Solving snapshot 0 200
36
time in solving system 2.8827131759971962
time in solving system 0.22358891700059758
time in solving system 0.2062341969976842
concluded in  9.071932742997888
Solving snapshot 0 201
36
time in solving system 2.8266298300004564
time in solving system 0.16271519599831663
time in solving system 0.15268698500221944
concluded in  8.413031762000173
Solving snapshot 0 202
36
time in solving system 2.8944701999971585
time in solving system 0.15613525200024014
time in solving system 0.24552510700232233
concluded in  9.00388133800152
Solving snapshot 0 203
36
time in solving system 3.0840490410009807
time in solving system 0.24408832500193967
time in solving system 0.31143524200160755
concluded in  9.112792480998905
Solving snapshot 0 204
36
time in solving system 2.7691047209991666
time in solving system 0.17430693499773042
time in solving system 0.13063183199847117
concluded in  8.014666498002043
Solving snapshot 0 205
36
time in solving system 3.1029338010011998
time in solving system 0.1537482519997866
time in solving system 0.13774172800185625
concluded in  8.810742683999706
Solving snapshot 0 206
36
time in solving system 2.907174167998164
time in solving system 0.19588066099822754
time in solving system 0.12126027200065437
concluded in  8.269638998001028
Solving snapshot 0 207
36
time in solving system 2.8234186680019775
time in solving system 0.13329293400238384
time in solving system 0.12399365300007048
concluded in  8.179917353998462
Solving snapshot 0 208
36
time in solving system 3.699594370998966
time in solving system 0.21544422900115023
time in solving system 0.18642408999949112
concluded in  10.019650074998935
Solving snapshot 0 209
36
time in solving system 3.2767446159996325
time in solving system 0.3293900680000661
time in solving system 0.3614846789969306
concluded in  9.037310130999685
Solving snapshot 0 210
36
time in solving system 4.196263642999838
time in solving system 0.20783651700185146
time in solving system 0.20176321999679203
concluded in  9.987835297997663
Solving snapshot 0 211
36
time in solving system 4.010294103001797
time in solving system 0.22653291399910813
time in solving system 0.17730528200263507
concluded in  9.906486947002122
Solving snapshot 0 212
36
time in solving system 3.9194866839970928
time in solving system 0.2727967649989296
time in solving system 0.15488480000203708
concluded in  9.588246379000338
Solving snapshot 0 213
36
time in solving system 4.2658390479991795
time in solving system 0.1642446329969971
time in solving system 0.3411535630002618
concluded in  10.121306303000893
Solving snapshot 0 214
36
time in solving system 4.2021344780005165
time in solving system 0.22245051299978513
time in solving system 0.1517220419991645
concluded in  10.168864504001249
Solving snapshot 0 215
36
time in solving system 4.336461670001881
time in solving system 0.19471390900071128
time in solving system 0.21424356900024577
concluded in  10.19827961700139
Solving snapshot 0 216
36
time in solving system 4.13793757899839
time in solving system 0.3257282300000952
time in solving system 0.18034144899866078
concluded in  9.876158824998129
Solving snapshot 0 217
36
time in solving system 4.072797998000169
time in solving system 0.22516764700048952
time in solving system 0.18458875400028774
concluded in  9.569154924000031
Solving snapshot 0 218
36
time in solving system 4.169771790999221
time in solving system 0.25392820999695687
time in solving system 0.19310885099912412
concluded in  10.10901107200334
Solving snapshot 0 219
36
time in solving system 3.778699647002213
time in solving system 0.18663641899911454
time in solving system 0.19513406199985184
concluded in  9.252631596002175
Solving snapshot 0 220
36
time in solving system 4.254076825000084
time in solving system 0.24540936600169516
time in solving system 0.21991977499783388
concluded in  9.949173736000375
Solving snapshot 0 221
36
time in solving system 4.137523425997642
time in solving system 0.21819569900253555
time in solving system 0.1370811209999374
concluded in  9.881489138002507
Solving snapshot 0 222
36
time in solving system 3.9223617460011155
time in solving system 0.21851638500083936
time in solving system 0.2554650260026392
concluded in  9.549997104000795
Solving snapshot 0 223
36
time in solving system 4.251394054001139
time in solving system 0.237623461001931
time in solving system 0.1531048879987793
concluded in  10.186094950000552
Solving snapshot 0 224
36
time in solving system 4.51933233499949
time in solving system 0.22061979299905943
time in solving system 0.24066269199829549
concluded in  9.96372445399902
Solving snapshot 0 225
36
time in solving system 3.983427010000014
time in solving system 0.2926410740001302
time in solving system 0.21156918899941957
concluded in  9.400178860996675
Solving snapshot 0 226
36
time in solving system 3.977550399999018
time in solving system 0.198120568999002
time in solving system 0.16004877399973338
concluded in  9.361826190997817
Solving snapshot 0 227
36
time in solving system 3.754194011002255
time in solving system 0.29568872800155077
time in solving system 0.1916094250009337
concluded in  9.566052906997356
Solving snapshot 0 228
36
time in solving system 4.351966803998948
time in solving system 0.20551149399761925
time in solving system 0.14840912799991202
concluded in  10.169869201999973
Solving snapshot 0 229
36
time in solving system 4.271314673998859
time in solving system 0.1731230580007832
time in solving system 0.20690849400125444
concluded in  9.660822614998324
Solving snapshot 0 230
36
time in solving system 3.683964298998035
time in solving system 0.20395437300248886
time in solving system 0.1389447769979597
concluded in  9.567835218000255
Solving snapshot 0 231
36
time in solving system 3.8760115260010934
time in solving system 0.1703741329984041
time in solving system 0.22667038700092235
concluded in  9.30089240399684
Solving snapshot 0 232
36
time in solving system 3.8269640670005174
time in solving system 0.1866349629999604
time in solving system 0.24966748799852212
concluded in  9.215307029997348
Solving snapshot 0 233
36
time in solving system 3.4803755350003485
time in solving system 0.2568282130014268
time in solving system 0.172165877000225
concluded in  8.906793344001926
Solving snapshot 0 234
36
time in solving system 4.046298613000545
time in solving system 0.16079374699984328
time in solving system 0.20853292099855025
concluded in  9.767911528997502
Solving snapshot 0 235
36
time in solving system 3.9404314960011106
time in solving system 0.15624168800059124
time in solving system 0.26507664499877137
concluded in  9.423840548002772
Solving snapshot 0 236
36
time in solving system 3.562696576002054
time in solving system 0.22205903500071145
time in solving system 0.24717527499888092
concluded in  9.481279930998426
Solving snapshot 0 237
36
time in solving system 4.0901226950009
time in solving system 0.16039505699882284
time in solving system 0.14652737799769966
concluded in  9.78841535399988
Solving snapshot 0 238
36
time in solving system 4.336666592000256
time in solving system 0.18468323999695713
time in solving system 0.13520190299823298
concluded in  9.595766579001065
Solving snapshot 0 239
36
time in solving system 3.9133081910003966
time in solving system 0.14457281000068178
time in solving system 0.1372178219971829
concluded in  9.584535720998247
Solving snapshot 0 240
36
time in solving system 4.140544952002529
time in solving system 0.21094400600122754
time in solving system 0.1576221520008403
concluded in  9.805202716001077
Solving snapshot 0 241
36
time in solving system 4.090224511000997
time in solving system 0.27469059999930323
time in solving system 0.1880989689998387
concluded in  9.362999698998465
Solving snapshot 0 242
36
time in solving system 4.419574429000932
time in solving system 0.1544131059999927
time in solving system 0.12332828099897597
concluded in  9.95693614099946
Solving snapshot 0 243
36
time in solving system 4.42202355000336
time in solving system 0.22353647199997795
time in solving system 0.13165084499996738
concluded in  10.047693073000119
Solving snapshot 0 244
36
time in solving system 3.787006639999163
time in solving system 0.1706734539984609
time in solving system 0.13338921700051287
concluded in  9.664213987998664
Solving snapshot 0 245
36
time in solving system 4.137520416999905
time in solving system 0.1527753610025684
time in solving system 0.26322870800140663
concluded in  9.962650640998618
Solving snapshot 0 246
36
time in solving system 4.070799345001433
time in solving system 0.15317717300058575
time in solving system 0.18176044800202362
concluded in  9.80968072199903
Solving snapshot 0 247
36
time in solving system 3.839414604997728
time in solving system 0.1849354680016404
time in solving system 0.1307593210003688
concluded in  9.163446946000477
Solving snapshot 0 248
36
time in solving system 3.95080890400277
time in solving system 0.2247367550007766
time in solving system 0.137649522999709
concluded in  9.774984268999106
Solving snapshot 0 249
36
time in solving system 4.092583646001003
time in solving system 0.2619498169988219
time in solving system 0.1658993159981037
concluded in  9.4455956899983
Solving snapshot 0 250
36
time in solving system 4.28542312600257
time in solving system 0.24592582100012805
time in solving system 0.19373283199820435
concluded in  9.80525025800307
Solving snapshot 0 251
36
time in solving system 3.847773251000035
time in solving system 0.2325779919992783
time in solving system 0.23237530600090395
concluded in  9.794605383998714
Solving snapshot 0 252
36
time in solving system 4.510408763999294
time in solving system 0.17430674100251053
time in solving system 0.2517383019985573
concluded in  9.926306010002008
Solving snapshot 0 253
36
time in solving system 4.427284759000031
time in solving system 0.2037356010005169
time in solving system 0.2106282730019302
concluded in  10.25787517000208
Solving snapshot 0 254
36
time in solving system 3.7187732200000028
time in solving system 0.2094728470001428
time in solving system 0.29919597399930353
concluded in  9.10432118600147
Solving snapshot 0 255
36
time in solving system 3.8620937109990336
time in solving system 0.2881733419999364
time in solving system 0.17013322899947525
concluded in  9.467793781001092
Solving snapshot 0 256
36
time in solving system 3.8732198539983074
time in solving system 0.25489333199948305
time in solving system 0.26730945599774714
concluded in  9.310613006000494
Solving snapshot 0 257
36
time in solving system 3.594213069998659
time in solving system 0.16418029999840655
time in solving system 0.1715405249997275
concluded in  9.448328417001903
Solving snapshot 0 258
36
time in solving system 4.4748851750009635
time in solving system 0.1585830910007644
time in solving system 0.1406401439999172
concluded in  9.770386094998685
Solving snapshot 0 259
36
time in solving system 3.784627595996426
time in solving system 0.2761706890014466
time in solving system 0.1870681809996313
concluded in  9.359929516002012
Solving snapshot 0 260
36
time in solving system 3.8301014130011026
time in solving system 0.22947686499901465
time in solving system 0.16851925999799278
concluded in  9.6113151440004
Solving snapshot 0 261
36
time in solving system 3.4587898749996384
time in solving system 0.20405592099996284
time in solving system 0.2154176069998357
concluded in  9.25453856799868
Solving snapshot 0 262
36
time in solving system 3.561011434001557
time in solving system 0.2177796190007939
time in solving system 0.213705336998828
concluded in  9.35000008300267
Solving snapshot 0 263
36
time in solving system 3.9006224679978914
time in solving system 0.1710776319996512
time in solving system 0.14732546799859847
concluded in  9.698102520997054
Solving snapshot 0 264
36
time in solving system 4.302211767997505
time in solving system 0.2461270499989041
time in solving system 0.24945528600073885
concluded in  9.885032567999588
Solving snapshot 0 265
36
time in solving system 3.8015255149985023
time in solving system 0.18686903099660412
time in solving system 0.19272887500119396
concluded in  9.226996540997789
Solving snapshot 0 266
36
time in solving system 3.331704104999517
time in solving system 0.22393613799795276
time in solving system 0.20066215000042575
concluded in  8.884290044999943
Solving snapshot 0 267
36
time in solving system 3.7913628189999145
time in solving system 0.19598899300035555
time in solving system 0.1618057380001119
concluded in  9.546232243999839
Solving snapshot 0 268
36
time in solving system 3.5070832100027474
time in solving system 0.24257286000283784
time in solving system 0.18817673000012292
concluded in  8.905987450001703
Solving snapshot 0 269
36
time in solving system 2.8202655439999944
time in solving system 0.12878560199897038
time in solving system 0.12981765600125073
concluded in  8.041959805999795
Solving snapshot 0 270
36
time in solving system 2.958752235001157
time in solving system 0.18635344200083637
time in solving system 0.25531703200249467
concluded in  8.944551032000163
Solving snapshot 0 271
36
time in solving system 3.5047467430013057
time in solving system 0.2167880549968686
time in solving system 0.16436966599940206
concluded in  9.297467247000895
Solving snapshot 0 272
36
time in solving system 2.676486795000528
time in solving system 0.15986030799831497
time in solving system 0.208174023002357
concluded in  8.054711450000468
Solving snapshot 0 273
36
time in solving system 2.6482628310004657
time in solving system 0.22025211199797923
time in solving system 0.1846201549997204
concluded in  8.811578364002344
Solving snapshot 0 274
36
time in solving system 2.4075253490009345
time in solving system 0.1306941889997688
time in solving system 0.12346884399812552
concluded in  7.750106768999103
Solving snapshot 0 275
36
time in solving system 2.5617336579998664
time in solving system 0.15170976999797858
time in solving system 0.13574480800161837
concluded in  8.998514549999527
Solving snapshot 0 276
36
time in solving system 2.937990179998451
time in solving system 0.199882280001475
time in solving system 0.17674524200265296
concluded in  9.143140822998248
Solving snapshot 0 277
36
time in solving system 2.399122468999849
time in solving system 0.13310124600320705
time in solving system 0.13555224999799975
concluded in  7.542877456999122
Solving snapshot 0 278
36
time in solving system 2.5832422620005673
time in solving system 0.1745192579983268
time in solving system 0.16485373899922706
concluded in  8.479164889999083
Solving snapshot 0 279
36
time in solving system 2.6732223279977916
time in solving system 0.2148993779992452
time in solving system 0.21447405100116157
concluded in  8.98143527999855
Solving snapshot 0 280
36
time in solving system 3.0483997039991664
time in solving system 0.1932084149993898
time in solving system 0.1698386060015764
concluded in  9.27130238099926
Solving snapshot 0 281
36
time in solving system 2.5800938390020747
time in solving system 0.16386789500029408
time in solving system 0.16900233199703507
concluded in  8.043563153998548
Solving snapshot 0 282
36
time in solving system 2.5167001980007626
time in solving system 0.15953690599781112
time in solving system 0.1889123990004009
concluded in  8.6907276919992
Solving snapshot 0 283
36
time in solving system 2.4912948300006974
time in solving system 0.1974069520001649
time in solving system 0.17063154700008454
concluded in  8.459147222001775
Solving snapshot 0 284
36
time in solving system 2.439787322000484
time in solving system 0.22966908599846647
time in solving system 0.16701781600204413
concluded in  7.920865141997638
Solving snapshot 0 285
36
time in solving system 2.6131015210012265
time in solving system 0.1747055209998507
time in solving system 0.16671605999727035
concluded in  8.711196881999058
Solving snapshot 0 286
36
time in solving system 2.615610007000214
time in solving system 0.15475508500094293
time in solving system 0.1383589260003646
concluded in  8.04022243700092
Solving snapshot 0 287
36
time in solving system 2.796488380001392
time in solving system 0.2254659209975216
time in solving system 0.17142826100098318
concluded in  9.092619422001007
Solving snapshot 0 288
36
time in solving system 2.4088602570009243
time in solving system 0.16373297500103945
time in solving system 0.16481793799903244
concluded in  7.854853273998742
Solving snapshot 0 289
36
time in solving system 2.615545980999741
time in solving system 0.16179005300000426
time in solving system 0.13789689199984423
concluded in  8.81650513799832
Solving snapshot 0 290
36
time in solving system 2.5676041250007984
time in solving system 0.16833957899871166
time in solving system 0.1810231319977902
concluded in  7.947446280002623
Solving snapshot 0 291
36
time in solving system 2.745818375999079
time in solving system 0.20297482299793046
time in solving system 0.16318546399998013
concluded in  8.547715274999064
Solving snapshot 0 292
36
time in solving system 2.6632197619983344
time in solving system 0.15868690000206698
time in solving system 0.14208436999979313
concluded in  8.781529893996776
Solving snapshot 0 293
36
time in solving system 2.404306615000678
time in solving system 0.16313317499952973
time in solving system 0.15568385799997486
concluded in  8.565123158998176
Solving snapshot 0 294
36
time in solving system 2.3817993020020367
time in solving system 0.1317981169995619
time in solving system 0.13878005699734786
concluded in  8.225317615000677
Solving snapshot 0 295
36
time in solving system 2.5767693520028843
time in solving system 0.15016392699908465
time in solving system 0.14480699400155572
concluded in  8.663436973001808
Solving snapshot 0 296
36
time in solving system 2.3839707740007725
time in solving system 0.1302213480012142
time in solving system 0.12450544199964497
concluded in  7.803640875998099
Solving snapshot 0 297
36
time in solving system 2.393631135997566
time in solving system 0.12959177100128727
time in solving system 0.12275956899975426
concluded in  8.164293016001466
Solving snapshot 0 298
36
time in solving system 2.571828669999377
time in solving system 0.1482345490003354
time in solving system 0.12076539400004549
concluded in  8.474931908000144
Solving snapshot 0 299
36
time in solving system 2.6483484259988472
time in solving system 0.16183015899878228
time in solving system 0.1758360090025235
concluded in  8.20134022899947
[]
Not completed: []
