Solving not completed simulation: 0-th chance
Solving snapshot 0 0
36
time in solving system 9.614619704996585
time in solving system 0.5514983090033638
time in solving system 0.3409679020041949
concluded in  13.716354609001428
Solving snapshot 0 1
36
time in solving system 7.229602728999453
time in solving system 0.45284481899579987
time in solving system 0.30723380299605196
concluded in  11.742489561002003
Solving snapshot 0 2
36
time in solving system 8.696116512997833
time in solving system 0.38055409300432075
time in solving system 0.4433558829987305
concluded in  13.431711181998253
Solving snapshot 0 3
36
time in solving system 7.559677603996533
time in solving system 0.1875204389943974
time in solving system 0.20269565699709347
concluded in  11.842293084999255
Solving snapshot 0 4
36
time in solving system 8.191904236002301
time in solving system 0.2835408769969945
time in solving system 0.20684746600454673
concluded in  13.269130537999445
Solving snapshot 0 5
36
time in solving system 7.363748695999675
time in solving system 0.35063320199697046
time in solving system 0.2806789740061504
concluded in  14.13174341100239
Solving snapshot 0 6
36
time in solving system 8.1221480230015
time in solving system 0.3224068459967384
time in solving system 0.25186584499897435
concluded in  12.43851418000122
Solving snapshot 0 7
36
time in solving system 7.2154674169942155
time in solving system 0.5741202220015111
time in solving system 0.42109923300449736
concluded in  12.068317785997351
Solving snapshot 0 8
36
time in solving system 7.161038358004589
time in solving system 0.5357534320064588
time in solving system 0.3682304020039737
concluded in  11.635215850998065
Solving snapshot 0 9
36
time in solving system 7.161413439003809
time in solving system 0.46012345899362117
time in solving system 0.32887352899706457
concluded in  12.134027604995936
Solving snapshot 0 10
36
time in solving system 6.56216353399941
time in solving system 0.25891717599733965
time in solving system 0.2483172159991227
concluded in  11.406809872998565
Solving snapshot 0 11
36
time in solving system 6.346202636996168
time in solving system 0.1204794010045589
time in solving system 0.19491712499439018
concluded in  10.456752319005318
Solving snapshot 0 12
36
time in solving system 5.551697444003366
time in solving system 0.15605699700245168
time in solving system 0.29713181799888844
concluded in  10.62232347200188
Solving snapshot 0 13
36
time in solving system 7.0966224419971695
time in solving system 0.3240642989985645
time in solving system 0.25526288300170563
concluded in  14.291548793000402
Solving snapshot 0 14
36
time in solving system 6.255924796001636
time in solving system 0.12444549099745927
time in solving system 0.14644393699563807
concluded in  12.90210715700232
Solving snapshot 0 15
36
time in solving system 5.683399957000802
time in solving system 0.41180724299920257
time in solving system 0.3828683890023967
concluded in  12.800395247999404
Solving snapshot 0 16
36
time in solving system 6.895705957998871
time in solving system 0.27161396900191903
time in solving system 0.3473573109949939
concluded in  13.402699245001713
Solving snapshot 0 17
36
time in solving system 6.234889478000696
time in solving system 0.33366047799790977
time in solving system 0.30357872099557426
concluded in  13.92926284299756
Solving snapshot 0 18
36
time in solving system 7.775025173999893
time in solving system 0.15194020899798488
time in solving system 0.3208471500038286
concluded in  13.649194660996727
Solving snapshot 0 19
36
time in solving system 6.638462808004988
time in solving system 0.36881246799748624
time in solving system 0.3066642880003201
concluded in  12.186056479004037
Solving snapshot 0 20
36
time in solving system 7.968418680997274
time in solving system 0.2664029329971527
time in solving system 0.13327039000432706
concluded in  12.445354595998651
Solving snapshot 0 21
36
time in solving system 5.514158003003104
time in solving system 0.671159028999682
time in solving system 0.642642134000198
concluded in  11.959078714993666
Solving snapshot 0 22
36
time in solving system 7.904975912999362
time in solving system 0.3293375530047342
time in solving system 0.1739554770028917
concluded in  12.15890715799469
Solving snapshot 0 23
36
time in solving system 5.270214112999383
time in solving system 0.5568760349997319
time in solving system 0.5052519239980029
concluded in  9.822388535001664
Solving snapshot 0 24
36
time in solving system 6.516139609004313
time in solving system 0.3483561370012467
time in solving system 0.3931006829952821
concluded in  13.115138453002146
Solving snapshot 0 25
36
time in solving system 7.168001723999623
time in solving system 0.42288050900242524
time in solving system 0.2517781799979275
concluded in  13.576344382003299
Solving snapshot 0 26
36
time in solving system 6.849344950998784
time in solving system 0.43811208000261104
time in solving system 0.3567950409997138
concluded in  11.730507290005335
Solving snapshot 0 27
36
time in solving system 7.235393599003146
time in solving system 0.319291797997721
time in solving system 0.28327636400354095
concluded in  11.344189697003458
Solving snapshot 0 28
36
time in solving system 6.53665747299965
time in solving system 0.13692469799570972
time in solving system 0.13523322299442952
concluded in  10.911029116999998
Solving snapshot 0 29
36
time in solving system 7.765414528003021
time in solving system 0.18990727900381899
time in solving system 0.18735556100000395
concluded in  14.148928392998641
Solving snapshot 0 30
36
time in solving system 9.514997678001237
time in solving system 0.147254352006712
time in solving system 0.12106278099963674
concluded in  14.35790360700048
Solving snapshot 0 31
36
time in solving system 6.962478222994832
time in solving system 0.11754419099452207
time in solving system 0.11373201699461788
concluded in  12.748821637003857
Solving snapshot 0 32
36
time in solving system 4.971451441000681
time in solving system 0.13089278800180182
time in solving system 0.12773202899552416
concluded in  11.916364607001015
Solving snapshot 0 33
36
time in solving system 6.02634181099711
time in solving system 0.1729126569989603
time in solving system 0.1152545500008273
concluded in  13.335069033004402
Solving snapshot 0 34
36
time in solving system 6.2529481729943654
time in solving system 0.21044411799812224
time in solving system 0.10939204300666461
concluded in  13.023678860001382
Solving snapshot 0 35
36
time in solving system 6.840253276001022
time in solving system 0.12449647500034189
time in solving system 0.12253089799924055
concluded in  14.598137341999973
Solving snapshot 0 36
36
time in solving system 4.488286571999197
time in solving system 0.26199822800117545
time in solving system 0.2589342930004932
concluded in  13.276893255002506
Solving snapshot 0 37
36
time in solving system 7.046296141001221
time in solving system 0.12135284900432453
time in solving system 0.11601837300258921
concluded in  14.946893297004863
Solving snapshot 0 38
36
time in solving system 7.037099013999978
time in solving system 0.4508103719999781
time in solving system 0.5347227949969238
concluded in  15.238342981996539
Solving snapshot 0 39
36
time in solving system 6.670454398001311
time in solving system 0.42485049500101013
time in solving system 0.46012636800151085
concluded in  11.693729480000911
Solving snapshot 0 40
36
time in solving system 6.421703100000741
time in solving system 0.5612265719973948
time in solving system 0.5279019619993051
concluded in  11.973526690002473
Solving snapshot 0 41
36
time in solving system 5.898822727001971
time in solving system 0.6353025339994929
time in solving system 0.18251528299879283
concluded in  10.438640731001215
Solving snapshot 0 42
36
time in solving system 6.863114568994206
time in solving system 0.3622849449966452
time in solving system 0.2583365649988991
concluded in  11.459979740000563
Solving snapshot 0 43
36
time in solving system 7.033557187001861
time in solving system 0.3274872050023987
time in solving system 0.32303734900051495
concluded in  12.13684979199752
Solving snapshot 0 44
36
time in solving system 8.802327420002257
time in solving system 0.12910320499941008
time in solving system 0.17506123099883553
concluded in  15.087009970993677
Solving snapshot 0 45
36
time in solving system 9.285891027000616
time in solving system 0.1253583069992601
time in solving system 0.10791980900103226
concluded in  15.235906332003651
Solving snapshot 0 46
36
time in solving system 6.68660133999947
time in solving system 0.11985986899526324
time in solving system 0.11354086200299207
concluded in  14.687905974999012
Solving snapshot 0 47
36
time in solving system 8.057461083000817
time in solving system 0.4025488709958154
time in solving system 0.48324508200312266
concluded in  18.028668439998
Solving snapshot 0 48
36
time in solving system 6.72051025100518
time in solving system 0.41189715099608293
time in solving system 0.4939643530015019
concluded in  11.781834777997574
Solving snapshot 0 49
36
time in solving system 6.176009383001656
time in solving system 0.31939138100278797
time in solving system 0.4243769910026458
concluded in  10.566937539006176
Solving snapshot 0 50
36
time in solving system 5.5477895270014415
time in solving system 0.6695332589952159
time in solving system 0.5320683700047084
concluded in  10.588673382000707
Solving snapshot 0 51
36
time in solving system 6.563550653001585
time in solving system 0.2158498709977721
time in solving system 0.12497704599809367
concluded in  10.364837289002025
Solving snapshot 0 52
36
time in solving system 6.623776694003027
time in solving system 0.28347347100498155
time in solving system 0.24470047300565057
concluded in  10.713888599006168
Solving snapshot 0 53
36
time in solving system 6.57278170799691
time in solving system 0.176274764999107
time in solving system 0.2650588600008632
concluded in  10.818208929005777
Solving snapshot 0 54
36
time in solving system 6.580505167999945
time in solving system 0.3826352939940989
time in solving system 0.13955092899414012
concluded in  11.27378884400241
Solving snapshot 0 55
36
time in solving system 6.814517202998104
time in solving system 0.4136418260022765
time in solving system 0.4573287530001835
concluded in  14.142122686003859
Solving snapshot 0 56
36
time in solving system 6.329341935997945
time in solving system 0.2647946569995838
time in solving system 0.3783832179979072
concluded in  11.478724499997043
Solving snapshot 0 57
36
time in solving system 5.553879325998423
time in solving system 0.5566770560035366
time in solving system 0.28022067100391723
concluded in  9.816434068998205
Solving snapshot 0 58
36
time in solving system 5.627387362997979
time in solving system 0.6746808579991921
time in solving system 0.5809128319961019
concluded in  11.703623372006405
Solving snapshot 0 59
36
time in solving system 6.060928494996915
time in solving system 0.5311150120032835
time in solving system 0.5589701489952859
concluded in  13.401995005995559
Solving snapshot 0 60
36
time in solving system 6.280266693996964
time in solving system 0.5192172530005337
time in solving system 0.35178361099679023
concluded in  11.340644368996436
Solving snapshot 0 61
36
time in solving system 6.713159221995738
time in solving system 0.29576410799927544
time in solving system 0.33679801299877
concluded in  12.807665221000207
Solving snapshot 0 62
36
time in solving system 7.113465688002179
time in solving system 0.10839277200284414
time in solving system 0.19876977600506507
concluded in  13.776691138999013
Solving snapshot 0 63
36
time in solving system 6.834251209998911
time in solving system 0.28249606600002153
time in solving system 0.2507977959976415
concluded in  14.483665589999873
Solving snapshot 0 64
36
time in solving system 8.511889073997736
time in solving system 0.14098082100099418
time in solving system 0.17154570700222393
concluded in  15.298281752002367
Solving snapshot 0 65
36
time in solving system 5.639066378993448
time in solving system 0.2883152379945386
time in solving system 0.2681785460008541
concluded in  12.691546032998303
Solving snapshot 0 66
36
time in solving system 7.288007795999874
time in solving system 0.20397228399815504
time in solving system 0.11443704999692272
concluded in  14.260208248997515
Solving snapshot 0 67
36
time in solving system 7.216308435003157
time in solving system 0.14500297600170597
time in solving system 0.1414264000050025
concluded in  14.4176181599978
Solving snapshot 0 68
36
time in solving system 5.5957363240013365
time in solving system 0.17828332299541216
time in solving system 0.123668367996288
concluded in  13.671652252000058
Solving snapshot 0 69
36
time in solving system 6.816848563001258
time in solving system 0.17124631199840223
time in solving system 0.11558984300063457
concluded in  14.453306648996659
Solving snapshot 0 70
36
time in solving system 8.738821941005881
time in solving system 0.11607114700018428
time in solving system 0.11609233199851587
concluded in  16.362227015000826
Solving snapshot 0 71
36
time in solving system 7.944198240002152
time in solving system 0.16592553800001042
time in solving system 0.22762221000448335
concluded in  16.63845009599754
Solving snapshot 0 72
36
time in solving system 7.313685248998809
time in solving system 0.273451536995708
time in solving system 0.37820666399784386
concluded in  17.083597404998727
Solving snapshot 0 73
36
time in solving system 7.328090805000102
time in solving system 0.3943615129974205
time in solving system 0.3709704270004295
concluded in  14.40641802400205
Solving snapshot 0 74
36
time in solving system 6.429279229007079
time in solving system 0.18658984900685027
time in solving system 0.3321846800026833
concluded in  12.525316997001937
Solving snapshot 0 75
36
time in solving system 7.270694560997072
time in solving system 0.3332897540021804
time in solving system 0.21480396900005871
concluded in  13.57890814399434
Solving snapshot 0 76
36
time in solving system 5.954904832004104
time in solving system 0.22495937699568458
time in solving system 0.23099804099911125
concluded in  13.282966939994367
Solving snapshot 0 77
36
time in solving system 5.149886125000194
time in solving system 0.18844734800222795
time in solving system 0.14807263200054877
concluded in  11.511085384998296
Solving snapshot 0 78
36
time in solving system 5.28258437999466
time in solving system 0.22630260699952487
time in solving system 0.14565282900002785
concluded in  12.87432197000453
Solving snapshot 0 79
36
time in solving system 5.173996178004018
time in solving system 0.39330964099644916
time in solving system 0.35331239300285233
concluded in  13.155282765001175
Solving snapshot 0 80
36
time in solving system 4.50583584800188
time in solving system 0.34398298599990085
time in solving system 0.3443856330050039
concluded in  12.624206915003015
Solving snapshot 0 81
36
time in solving system 6.33189718399808
time in solving system 0.13088217400218127
time in solving system 0.2670395889945212
concluded in  14.30797673699999
Solving snapshot 0 82
36
time in solving system 5.4801910079986556
time in solving system 0.15125222300412133
time in solving system 0.12795632999768713
concluded in  13.095851987993228
Solving snapshot 0 83
36
time in solving system 5.970347958005732
time in solving system 0.141737705002015
time in solving system 0.19468800000322517
concluded in  13.36619050399895
Solving snapshot 0 84
36
time in solving system 5.959423536005488
time in solving system 0.1455760949975229
time in solving system 0.21786792700004298
concluded in  13.737062403000891
Solving snapshot 0 85
36
time in solving system 6.557890365002095
time in solving system 0.2980744649976259
time in solving system 0.26939118699374376
concluded in  14.131811387997004
Solving snapshot 0 86
36
time in solving system 6.545218438004667
time in solving system 0.2560858709985041
time in solving system 0.12096196699712891
concluded in  14.783387360002962
Solving snapshot 0 87
36
time in solving system 5.886385429002985
time in solving system 0.11077531799674034
time in solving system 0.17977596499986248
concluded in  13.3740703020012
Solving snapshot 0 88
36
time in solving system 7.463441594998585
time in solving system 0.1730222829937702
time in solving system 0.12245317299675662
concluded in  14.802101834000496
Solving snapshot 0 89
36
time in solving system 6.9372401389991865
time in solving system 0.17653524199704407
time in solving system 0.11509096999361645
concluded in  15.488470406999113
Solving snapshot 0 90
36
time in solving system 6.418645459998515
time in solving system 0.13163385599909816
time in solving system 0.18684317499719327
concluded in  14.327207092996105
Solving snapshot 0 91
36
time in solving system 5.9681377110027825
time in solving system 0.3377286160030053
time in solving system 0.19109261800622335
concluded in  13.815929638003581
Solving snapshot 0 92
36
time in solving system 5.469434548002027
time in solving system 0.30700320599862607
time in solving system 0.21111395399930188
concluded in  13.266730166003981
Solving snapshot 0 93
36
time in solving system 6.368030436999106
time in solving system 0.2684404120009276
time in solving system 0.17083052399539156
concluded in  13.295881581005233
Solving snapshot 0 94
36
time in solving system 5.298264133001794
time in solving system 0.4257780499974615
time in solving system 0.1306211010014522
concluded in  12.826149330998305
Solving snapshot 0 95
36
time in solving system 7.004049271999975
time in solving system 0.24356769199948758
time in solving system 0.2739023530011764
concluded in  14.722222270997008
Solving snapshot 0 96
36
time in solving system 5.373971234999772
time in solving system 0.23745735899865394
time in solving system 0.23812821700266795
concluded in  12.767844591995527
Solving snapshot 0 97
36
time in solving system 6.616666399000678
time in solving system 0.30955879500106676
time in solving system 0.13107138299528742
concluded in  14.380495425997651
Solving snapshot 0 98
36
time in solving system 6.493008651006676
time in solving system 0.11934574699989753
time in solving system 0.16037011099979281
concluded in  14.183915583998896
Solving snapshot 0 99
36
time in solving system 5.815402278996771
time in solving system 0.23897299999953248
time in solving system 0.1528578630022821
concluded in  12.835200880996126
Solving snapshot 0 100
36
time in solving system 5.854182760005642
time in solving system 0.3461875719949603
time in solving system 0.15471699900081148
concluded in  13.240228078997461
Solving snapshot 0 101
36
time in solving system 6.386988908001513
time in solving system 0.15217329600272933
time in solving system 0.16375359700032277
concluded in  14.375937081997108
Solving snapshot 0 102
36
time in solving system 5.679258374002529
time in solving system 0.1916875569950207
time in solving system 0.1147660460046609
concluded in  13.655613076000009
Solving snapshot 0 103
36
time in solving system 5.6594725149989245
time in solving system 0.2503369330006535
time in solving system 0.24819982599728974
concluded in  13.546927505994972
Solving snapshot 0 104
36
time in solving system 5.717079854999611
time in solving system 0.251855685004557
time in solving system 0.26703798300150083
concluded in  13.585962031000236
Solving snapshot 0 105
36
time in solving system 5.408080041997891
time in solving system 0.1287889669983997
time in solving system 0.12608063199877506
concluded in  12.994651508997777
Solving snapshot 0 106
36
time in solving system 6.3890374379989225
time in solving system 0.26748414400208276
time in solving system 0.1493214989968692
concluded in  14.305609212999116
Solving snapshot 0 107
36
time in solving system 4.995351252000546
time in solving system 0.16780602299695602
time in solving system 0.22073092999926303
concluded in  12.160527502004697
Solving snapshot 0 108
36
time in solving system 7.680385588995705
time in solving system 0.19293607700092252
time in solving system 0.13366588899953058
concluded in  14.817879239999456
Solving snapshot 0 109
36
time in solving system 5.525494893001451
time in solving system 0.16397834399685962
time in solving system 0.1314636419992894
concluded in  12.677733431002707
Solving snapshot 0 110
36
time in solving system 4.191484390998085
time in solving system 0.23510936299862806
time in solving system 0.26814400799776195
concluded in  12.33323660500173
Solving snapshot 0 111
36
time in solving system 4.838485181004216
time in solving system 0.3875551700039068
time in solving system 0.38163562800036743
concluded in  13.237106290995143
Solving snapshot 0 112
36
time in solving system 6.976590103993658
time in solving system 0.22562937500333646
time in solving system 0.17408545799844433
concluded in  14.127103528997395
Solving snapshot 0 113
36
time in solving system 5.905579521000618
time in solving system 0.17074669799330877
time in solving system 0.18783498000266263
concluded in  13.695004194996727
Solving snapshot 0 114
36
time in solving system 5.891606823999609
time in solving system 0.1361410480021732
time in solving system 0.18423873300343985
concluded in  13.89328759899945
Solving snapshot 0 115
36
time in solving system 5.785914808999223
time in solving system 0.14077572799578775
time in solving system 0.14147914700151887
concluded in  12.972930505995464
Solving snapshot 0 116
36
time in solving system 4.546849972000928
time in solving system 0.3661166489982861
time in solving system 0.2521805409996887
concluded in  12.223372136002581
Solving snapshot 0 117
36
time in solving system 6.982172997006273
time in solving system 0.30600787999719614
time in solving system 0.23701220599468797
concluded in  14.081286666005326
Solving snapshot 0 118
36
time in solving system 6.396339944003557
time in solving system 0.20782206199510256
time in solving system 0.13159732899657683
concluded in  13.981578330000048
Solving snapshot 0 119
36
time in solving system 7.656145632005064
time in solving system 0.12208198299776996
time in solving system 0.11361373900581384
concluded in  15.824005945003591
Solving snapshot 0 120
36
time in solving system 5.815848823003762
time in solving system 0.13158536699484102
time in solving system 0.22179376699932618
concluded in  13.114108795998618
Solving snapshot 0 121
36
time in solving system 7.225938874995336
time in solving system 0.2719237690034788
time in solving system 0.2859658550005406
concluded in  13.685002019999956
Solving snapshot 0 122
36
time in solving system 6.252916456003732
time in solving system 0.33990669800550677
time in solving system 0.2385171639980399
concluded in  13.422268572001485
Solving snapshot 0 123
36
time in solving system 7.075766314002976
time in solving system 0.13538579000305617
time in solving system 0.11827650700433878
concluded in  13.282722702002502
Solving snapshot 0 124
36
time in solving system 5.8643953900027554
time in solving system 0.28889622499991674
time in solving system 0.30886390100204153
concluded in  12.777783145000285
Solving snapshot 0 125
36
time in solving system 7.1842410969984485
time in solving system 0.29524320200289367
time in solving system 0.24140523799724178
concluded in  12.069114625999646
Solving snapshot 0 126
36
time in solving system 8.968339546998322
time in solving system 0.12317655000515515
time in solving system 0.12211527500039665
concluded in  13.359968664000917
Solving snapshot 0 127
36
time in solving system 8.880224533997534
time in solving system 0.12760974699631333
time in solving system 0.10574628400354413
concluded in  15.34223644099984
Solving snapshot 0 128
36
time in solving system 6.747733814001549
time in solving system 0.12502619099541334
time in solving system 0.11163352899893653
concluded in  16.823947113996837
Solving snapshot 0 129
36
time in solving system 7.443898202000128
time in solving system 0.6515633199960575
time in solving system 0.5961167880013818
concluded in  16.25095519000024
Solving snapshot 0 130
36
time in solving system 5.514153585994791
time in solving system 0.11350152600061847
time in solving system 0.14954449999640929
concluded in  11.213732513999275
Solving snapshot 0 131
36
time in solving system 5.852717019995907
time in solving system 0.11801775699859718
time in solving system 0.12074057800055016
concluded in  12.940100535000965
Solving snapshot 0 132
36
time in solving system 7.52977305999957
time in solving system 0.3031836119989748
time in solving system 0.13873366700136103
concluded in  14.094158202999097
Solving snapshot 0 133
36
time in solving system 8.234945349002373
time in solving system 0.13419347700255457
time in solving system 0.1256856379986857
concluded in  14.127523922004912
Solving snapshot 0 134
36
time in solving system 8.43639339299989
time in solving system 0.11089667900523636
time in solving system 0.1121906830012449
concluded in  15.862441115001275
Solving snapshot 0 135
36
time in solving system 9.793631006003125
time in solving system 0.19932024599984288
time in solving system 0.4071009690014762
concluded in  20.47222440799669
Solving snapshot 0 136
36
time in solving system 6.001943881994521
time in solving system 0.5461849939965759
time in solving system 0.4387067450006725
concluded in  11.732700509994174
Solving snapshot 0 137
36
time in solving system 6.270328083002823
time in solving system 0.40278490799391875
time in solving system 0.41239103300176794
concluded in  11.436849887002609
Solving snapshot 0 138
36
time in solving system 5.978629038996587
time in solving system 0.32294327900308417
time in solving system 0.26318941899808124
concluded in  10.98861144100374
Solving snapshot 0 139
36
time in solving system 6.738143515998672
time in solving system 0.18443821700202534
time in solving system 0.18466102999809664
concluded in  12.081125634998898
Solving snapshot 0 140
36
time in solving system 7.772564530998352
time in solving system 0.14570618199650198
time in solving system 0.19683828100096434
concluded in  12.79974595800013
Solving snapshot 0 141
36
time in solving system 8.06231139999727
time in solving system 0.1624625179974828
time in solving system 0.12081701300485292
concluded in  14.909050255999318
Solving snapshot 0 142
36
time in solving system 8.289472502001445
time in solving system 0.2347903679983574
time in solving system 0.22671943800378358
concluded in  16.11248585499561
Solving snapshot 0 143
36
time in solving system 8.645272884998121
time in solving system 0.27056926299701445
time in solving system 0.3345252500002971
concluded in  17.841971036999894
Solving snapshot 0 144
36
time in solving system 7.061767521001457
time in solving system 0.5319070999976248
time in solving system 0.41909525099617895
concluded in  15.508276541004307
Solving snapshot 0 145
36
time in solving system 6.059112802999152
time in solving system 0.5555140129945357
time in solving system 0.6757966179939103
concluded in  13.317132465002942
Solving snapshot 0 146
36
time in solving system 7.404648728996108
time in solving system 0.41292743099620566
time in solving system 0.30061387099704007
concluded in  12.574530875004712
Solving snapshot 0 147
36
time in solving system 6.950393340004666
time in solving system 0.38497712899697945
time in solving system 0.3243137560057221
concluded in  12.233853883000847
Solving snapshot 0 148
36
time in solving system 6.086781628997414
time in solving system 0.3528702949988656
time in solving system 0.31930583999928785
concluded in  11.24682448800013
Solving snapshot 0 149
36
time in solving system 6.34046577099798
time in solving system 0.426170265993278
time in solving system 0.44607663900387706
concluded in  13.105739017002634
Solving snapshot 0 150
36
time in solving system 7.441138801004854
time in solving system 0.24891747700166889
time in solving system 0.1630327790044248
concluded in  12.779951119999168
Solving snapshot 0 151
36
time in solving system 6.296405744993535
time in solving system 0.6312077389957267
time in solving system 0.36499203799758106
concluded in  10.541514677002851
Solving snapshot 0 152
36
time in solving system 5.881671355993603
time in solving system 0.46793075499590486
time in solving system 0.4789707480013021
concluded in  10.783200987993041
Solving snapshot 0 153
36
time in solving system 6.642188696998346
time in solving system 0.4018553889982286
time in solving system 0.46675739599595545
concluded in  11.48066101099539
Solving snapshot 0 154
36
time in solving system 6.428476535002119
time in solving system 0.6120563849981409
time in solving system 0.3519039579987293
concluded in  11.873218968998117
Solving snapshot 0 155
36
time in solving system 7.074080861995753
time in solving system 0.5384863539948128
time in solving system 0.6260992680035997
concluded in  13.33502446700004
Solving snapshot 0 156
36
time in solving system 6.0748300650011515
time in solving system 0.6211742809973657
time in solving system 0.6827076890040189
concluded in  11.38409084900195
Solving snapshot 0 157
36
time in solving system 7.010997108998708
time in solving system 0.6168405439966591
time in solving system 0.31971936600166373
concluded in  11.380981790993246
Solving snapshot 0 158
36
time in solving system 7.03483702900121
time in solving system 0.5885264550015563
time in solving system 0.5473387039965019
concluded in  11.58342231399729
Solving snapshot 0 159
36
time in solving system 6.80605317500158
time in solving system 0.5266407829985837
time in solving system 0.30069554399960907
concluded in  10.915458682997269
Solving snapshot 0 160
36
time in solving system 6.504993995993573
time in solving system 0.38425031400402077
time in solving system 0.39989668400085066
concluded in  11.059999308999977
Solving snapshot 0 161
36
time in solving system 7.0426681699973415
time in solving system 0.12153069700434571
time in solving system 0.2027339979977114
concluded in  11.034345191001194
Solving snapshot 0 162
36
time in solving system 6.778543231004733
time in solving system 0.3304568849998759
time in solving system 0.2427335799948196
concluded in  10.761843879998196
Solving snapshot 0 163
36
time in solving system 7.343525318996399
time in solving system 0.25846220800303854
time in solving system 0.21817231600289233
concluded in  11.75245580599585
Solving snapshot 0 164
36
time in solving system 9.593303226996795
time in solving system 0.12330426400149008
time in solving system 0.11396404999686638
concluded in  13.838297017995501
Solving snapshot 0 165
36
time in solving system 6.317997912999999
time in solving system 0.12321021299430868
time in solving system 0.11791189499490429
concluded in  13.234540555997228
Solving snapshot 0 166
36
time in solving system 8.488390325001092
time in solving system 0.11983689900080208
time in solving system 0.1154347389965551
concluded in  15.571803448998253
Solving snapshot 0 167
36
time in solving system 6.587633227005426
time in solving system 0.1299342029960826
time in solving system 0.11788672299735481
concluded in  16.059925249996013
Solving snapshot 0 168
36
time in solving system 7.511687879996316
time in solving system 0.3737770629959414
time in solving system 0.7328293559985468
concluded in  13.788428359002864
Solving snapshot 0 169
36
time in solving system 6.621087382998667
time in solving system 0.4505305899947416
time in solving system 0.3063510049978504
concluded in  11.309465056998306
Solving snapshot 0 170
36
time in solving system 6.838467252993723
time in solving system 0.4174901839942322
time in solving system 0.1709033939987421
concluded in  11.316968587001611
Solving snapshot 0 171
36
time in solving system 7.0804937229986535
time in solving system 0.37484824000421213
time in solving system 0.26152593799633905
concluded in  12.0002316099999
Solving snapshot 0 172
36
time in solving system 6.521508944002562
time in solving system 0.36502403999475064
time in solving system 0.39892126400081906
concluded in  13.054529151995666
Solving snapshot 0 173
36
time in solving system 7.139445471999352
time in solving system 0.24979390199587215
time in solving system 0.32085444899712456
concluded in  11.657240380001895
Solving snapshot 0 174
36
time in solving system 6.54715657899942
time in solving system 0.38923961899854476
time in solving system 0.4547458219967666
concluded in  11.076406283995311
Solving snapshot 0 175
36
time in solving system 6.424658089999866
time in solving system 0.3927528770000208
time in solving system 0.36648459299613023
concluded in  10.59530081399862
Solving snapshot 0 176
36
time in solving system 7.36856655000156
time in solving system 0.2475630459957756
time in solving system 0.2953870569981518
concluded in  11.377090377005516
Solving snapshot 0 177
36
time in solving system 5.876425635004125
time in solving system 0.6955415129996254
time in solving system 0.3107580399955623
concluded in  11.844649512997421
Solving snapshot 0 178
36
time in solving system 7.590847826999379
time in solving system 0.3329816609984846
time in solving system 0.2679905080003664
concluded in  13.747078259999398
Solving snapshot 0 179
36
time in solving system 7.725385528996412
time in solving system 0.33231183800671715
time in solving system 0.3899568540000473
concluded in  12.078693001996726
Solving snapshot 0 180
36
time in solving system 7.316874767995614
time in solving system 0.17874757800018415
time in solving system 0.19774765199690592
concluded in  12.18453138100449
Solving snapshot 0 181
36
time in solving system 8.444269015999453
time in solving system 0.16473879299883265
time in solving system 0.17621091800538125
concluded in  14.494915570998273
Solving snapshot 0 182
36
time in solving system 7.558912414999213
time in solving system 0.11492793500656262
time in solving system 0.11207994500000495
concluded in  13.600981267001771
Solving snapshot 0 183
36
time in solving system 8.810508713999297
time in solving system 0.13049008099915227
time in solving system 0.11848340500000631
concluded in  15.654755837997072
Solving snapshot 0 184
36
time in solving system 6.956383153003117
time in solving system 0.23995078800362535
time in solving system 0.2490152809987194
concluded in  17.33127627000067
Solving snapshot 0 185
36
time in solving system 7.012662759996601
time in solving system 0.5261638020019745
time in solving system 0.54289315600181
concluded in  13.372285229001136
Solving snapshot 0 186
36
time in solving system 6.831188273994485
time in solving system 0.4643658030036022
time in solving system 0.30550856400077464
concluded in  11.470168091997039
Solving snapshot 0 187
36
time in solving system 5.912034198998299
time in solving system 0.27079472500190604
time in solving system 0.24786257999949157
concluded in  10.20892400899902
Solving snapshot 0 188
36
time in solving system 5.941184004994284
time in solving system 0.38876906700170366
time in solving system 0.3706380600051489
concluded in  10.536502040995401
Solving snapshot 0 189
36
time in solving system 5.331432942002721
time in solving system 0.46669287900294876
time in solving system 0.2594602769968333
concluded in  10.196107958996436
Solving snapshot 0 190
36
time in solving system 6.02474671699747
time in solving system 0.3059093269985169
time in solving system 0.2719152799982112
concluded in  12.392331585004285
Solving snapshot 0 191
36
time in solving system 6.014193196999258
time in solving system 0.467214613003307
time in solving system 0.3198157890001312
concluded in  13.225013855997531
Solving snapshot 0 192
36
time in solving system 5.201537893997738
time in solving system 0.32246017300349195
time in solving system 0.2812294760005898
concluded in  12.847029497999756
Solving snapshot 0 193
36
time in solving system 5.6155569560069125
time in solving system 0.12411512099788524
time in solving system 0.1321147499984363
concluded in  11.527753880996897
Solving snapshot 0 194
36
time in solving system 5.651272099996277
time in solving system 0.399970623999252
time in solving system 0.3552945159972296
concluded in  13.861703251001018
Solving snapshot 0 195
36
time in solving system 6.6033707480019075
time in solving system 0.3781038770030136
time in solving system 0.3190412209951319
concluded in  12.820243483998638
Solving snapshot 0 196
36
time in solving system 6.773261645997991
time in solving system 0.33502576299360953
time in solving system 0.3703008860029513
concluded in  14.097275513995555
Solving snapshot 0 197
36
time in solving system 6.719961907998368
time in solving system 0.2548510340056964
time in solving system 0.248260564992961
concluded in  12.11807615699945
Solving snapshot 0 198
36
time in solving system 7.459178142999008
time in solving system 0.35461118099919986
time in solving system 0.25901778299885336
concluded in  14.520901310999761
Solving snapshot 0 199
36
time in solving system 8.438030330995389
time in solving system 0.1970500120005454
time in solving system 0.11437286400177982
concluded in  15.52525048499956
Solving snapshot 0 200
36
time in solving system 8.377986847001011
time in solving system 0.11495705499692122
time in solving system 0.11773733800509945
concluded in  16.519609249000496
Solving snapshot 0 201
36
time in solving system 6.778934736998053
time in solving system 0.24051778199645923
time in solving system 0.24262619700311916
concluded in  15.918857705997652
Solving snapshot 0 202
36
time in solving system 7.755678953995812
time in solving system 0.3239332769953762
time in solving system 0.4075267740045092
concluded in  14.820746148994658
Solving snapshot 0 203
36
time in solving system 6.164418224005203
time in solving system 0.2376203460007673
time in solving system 0.12052397899969947
concluded in  12.46945227800461
Solving snapshot 0 204
36
time in solving system 6.619785359995149
time in solving system 0.29177942300157156
time in solving system 0.32339962799596833
concluded in  13.06326124399493
Solving snapshot 0 205
36
time in solving system 5.791922871998395
time in solving system 0.39113023699610494
time in solving system 0.18043456899613375
concluded in  11.128918765993149
Solving snapshot 0 206
36
time in solving system 5.773332564000157
time in solving system 0.5087507400021423
time in solving system 0.39004667100380175
concluded in  12.692270005005412
Solving snapshot 0 207
36
time in solving system 7.343477690999862
time in solving system 0.1566673329944024
time in solving system 0.17495832400163636
concluded in  14.365248086003703
Solving snapshot 0 208
36
time in solving system 7.500410069995269
time in solving system 0.39968432699970435
time in solving system 0.22250194899970666
concluded in  13.03083292899828
Solving snapshot 0 209
36
time in solving system 5.804252998001175
time in solving system 0.39699900899722707
time in solving system 0.3925303169962717
concluded in  11.184150900000532
Solving snapshot 0 210
36
time in solving system 5.413566515002458
time in solving system 0.4318285970002762
time in solving system 0.40174675000162097
concluded in  11.805121584999142
Solving snapshot 0 211
36
time in solving system 8.176446066005155
time in solving system 0.27951116600161185
time in solving system 0.22635963899665512
concluded in  14.650669828006357
Solving snapshot 0 212
36
time in solving system 6.204337338996993
time in solving system 0.24411558200517902
time in solving system 0.23059403499792097
concluded in  13.34803758199996
Solving snapshot 0 213
36
time in solving system 9.038796311004262
time in solving system 0.11973271500028204
time in solving system 0.16190618700056802
concluded in  14.402326868999808
Solving snapshot 0 214
36
time in solving system 7.578099690996169
time in solving system 0.12179150700103492
time in solving system 0.11260601800313452
concluded in  15.460372761001054
Solving snapshot 0 215
36
time in solving system 6.4273618970037205
time in solving system 0.14877727600105572
time in solving system 0.11606974199821707
concluded in  15.173138286001631
Solving snapshot 0 216
36
time in solving system 7.070255301005091
time in solving system 0.1300951920056832
time in solving system 0.12058578900177963
concluded in  15.474982970998099
Solving snapshot 0 217
36
time in solving system 9.19454112299718
time in solving system 0.663208553000004
time in solving system 0.4952309790023719
concluded in  17.22537793900119
Solving snapshot 0 218
36
time in solving system 6.828506705998734
time in solving system 0.6332436909942771
time in solving system 0.5886685869991197
concluded in  12.628433765996306
Solving snapshot 0 219
36
time in solving system 5.8419410869973945
time in solving system 0.9042333820034401
time in solving system 0.6553488360004849
concluded in  10.865441834001103
Solving snapshot 0 220
36
time in solving system 5.833481624002161
time in solving system 0.5503621120005846
time in solving system 0.35166934399603633
concluded in  10.41109940699971
Solving snapshot 0 221
36
time in solving system 6.1168559069992625
time in solving system 0.32473277800454525
time in solving system 0.208074754998961
concluded in  10.418303698003001
Solving snapshot 0 222
36
time in solving system 6.51514714199584
time in solving system 0.24661324200133095
time in solving system 0.311529763006547
concluded in  11.747605695003585
Solving snapshot 0 223
36
time in solving system 5.97374275400216
time in solving system 0.12166589700063923
time in solving system 0.19784914900083095
concluded in  11.468772815002012
Solving snapshot 0 224
36
time in solving system 6.839396220995695
time in solving system 0.13272642900119536
time in solving system 0.25059548500576057
concluded in  14.393916232002084
Solving snapshot 0 225
36
time in solving system 7.394180666000466
time in solving system 0.12300838400551584
time in solving system 0.11820284699933836
concluded in  15.138196646999859
Solving snapshot 0 226
36
time in solving system 6.850042238002061
time in solving system 0.2588104719980038
time in solving system 0.2493163819963229
concluded in  14.171359824998945
Solving snapshot 0 227
36
time in solving system 8.11365847200068
time in solving system 0.11933457900158828
time in solving system 0.16590569300024072
concluded in  14.008726713000215
Solving snapshot 0 228
36
time in solving system 5.64616952000506
time in solving system 0.23813647499628132
time in solving system 0.24912639400281478
concluded in  13.744743194998591
Solving snapshot 0 229
36
time in solving system 6.199853495003481
time in solving system 0.11698945100215496
time in solving system 0.1211238819960272
concluded in  13.728525483005797
Solving snapshot 0 230
36
time in solving system 6.028456781001296
time in solving system 0.24124513199785724
time in solving system 0.17051848900155164
concluded in  13.647665858996334
Solving snapshot 0 231
36
time in solving system 6.30896381400089
time in solving system 0.2823506130007445
time in solving system 0.3177227660053177
concluded in  14.186290826000914
Solving snapshot 0 232
36
time in solving system 5.392189429003338
time in solving system 0.3435139290013467
time in solving system 0.30013735799730057
concluded in  13.152128072993946
Solving snapshot 0 233
36
time in solving system 6.589602136999019
time in solving system 0.4136030509980628
time in solving system 0.4352594689989928
concluded in  15.931534438001108
Solving snapshot 0 234
36
time in solving system 5.172693592998257
time in solving system 0.3616113550015143
time in solving system 0.25849844399635913
concluded in  14.197738843002298
Solving snapshot 0 235
36
time in solving system 5.899997567998071
time in solving system 0.24204852699767798
time in solving system 0.11723655399691779
concluded in  13.607529221997538
Solving snapshot 0 236
36
time in solving system 6.033098880005127
time in solving system 0.3008273990053567
time in solving system 0.13834320799651323
concluded in  13.522768166003516
Solving snapshot 0 237
36
time in solving system 5.787008758998127
time in solving system 0.2173648370007868
time in solving system 0.2669807260026573
concluded in  13.127122541001881
Solving snapshot 0 238
36
time in solving system 5.063792235996516
time in solving system 0.25617377199523617
time in solving system 0.28444593199674273
concluded in  12.607618196998374
Solving snapshot 0 239
36
time in solving system 7.217875469003047
time in solving system 0.11065716000302928
time in solving system 0.11179997600265779
concluded in  13.87789951400191
Solving snapshot 0 240
36
time in solving system 8.400775378999242
time in solving system 0.31524498500220943
time in solving system 0.30798294700070983
concluded in  13.495251305997954
Solving snapshot 0 241
36
time in solving system 7.090769804002775
time in solving system 0.14094270399800735
time in solving system 0.26719124199735234
concluded in  12.366705692002142
Solving snapshot 0 242
36
time in solving system 8.391633719998936
time in solving system 0.3822589070041431
time in solving system 0.3694676770028309
concluded in  13.613642850999895
Solving snapshot 0 243
36
time in solving system 6.95998533799866
time in solving system 0.12536634400021285
time in solving system 0.1125868859962793
concluded in  11.752187645994127
Solving snapshot 0 244
36
time in solving system 8.005442269000923
time in solving system 0.23588292599743
time in solving system 0.28725256100005936
concluded in  13.50592365799821
Solving snapshot 0 245
36
time in solving system 5.374112867000804
time in solving system 0.23968835499545094
time in solving system 0.3735854089973145
concluded in  12.888556103993324
Solving snapshot 0 246
36
time in solving system 7.40922092099936
time in solving system 0.3486674550003954
time in solving system 0.38000776899571065
concluded in  14.407291509996867
Solving snapshot 0 247
36
time in solving system 6.928266811999492
time in solving system 0.4763858730002539
time in solving system 0.2625909690032131
concluded in  14.330406433997268
Solving snapshot 0 248
36
time in solving system 4.4863219800026855
time in solving system 0.27933199499966577
time in solving system 0.2806852939975215
concluded in  12.388200004999817
Solving snapshot 0 249
36
time in solving system 4.786091639005463
time in solving system 0.3316676950053079
time in solving system 0.43680288500036113
concluded in  12.683903997000016
Solving snapshot 0 250
36
time in solving system 7.080286620999686
time in solving system 0.25365144399984274
time in solving system 0.24399495700345142
concluded in  14.250751604995457
Solving snapshot 0 251
36
time in solving system 7.212651649999316
time in solving system 0.16634841299674008
time in solving system 0.13096334900183138
concluded in  14.722314233003999
Solving snapshot 0 252
36
time in solving system 5.209908254000766
time in solving system 0.27150776000053156
time in solving system 0.38187580500380136
concluded in  13.26181034900219
Solving snapshot 0 253
36
time in solving system 6.11150961000385
time in solving system 0.19809378000354627
time in solving system 0.12022116199659649
concluded in  13.747435060999123
Solving snapshot 0 254
36
time in solving system 5.892394340000465
time in solving system 0.12993044500035467
time in solving system 0.1194082360016182
concluded in  13.13234735000151
Solving snapshot 0 255
36
time in solving system 4.874617246001435
time in solving system 0.3077363720003632
time in solving system 0.4202900239979499
concluded in  12.723527362002642
Solving snapshot 0 256
36
time in solving system 6.253696801999467
time in solving system 0.4531320410023909
time in solving system 0.28434627399838064
concluded in  14.288271751000138
Solving snapshot 0 257
36
time in solving system 6.63162221499806
time in solving system 0.26755126200441737
time in solving system 0.23888277600053698
concluded in  13.369916224000917
Solving snapshot 0 258
36
time in solving system 5.44133272000181
time in solving system 0.253414408005483
time in solving system 0.4144293290009955
concluded in  10.67947706200357
Solving snapshot 0 259
36
time in solving system 6.097057006001705
time in solving system 0.31645808900066186
time in solving system 0.27187573999981396
concluded in  11.636460134999652
Solving snapshot 0 260
36
time in solving system 5.889769557994441
time in solving system 0.48540190199855715
time in solving system 0.4132584679973661
concluded in  11.158747034001863
Solving snapshot 0 261
36
time in solving system 6.170168076001573
time in solving system 0.49832363599853124
time in solving system 0.5348731670019333
concluded in  11.385304272000212
Solving snapshot 0 262
36
time in solving system 7.533681009001157
time in solving system 0.3311958609992871
time in solving system 0.18538752799940994
concluded in  12.499356508000346
Solving snapshot 0 263
36
time in solving system 8.739502874996106
time in solving system 0.15964875100326026
time in solving system 0.12395881400152575
concluded in  14.37525380399893
Solving snapshot 0 264
36
time in solving system 8.703089467002428
time in solving system 0.1351456069969572
time in solving system 0.2166809549962636
concluded in  14.538384692001273
Solving snapshot 0 265
36
time in solving system 9.102904966995993
time in solving system 0.12210734700056491
time in solving system 0.1149894670015783
concluded in  16.604020011000102
Solving snapshot 0 266
36
time in solving system 6.556475415003661
time in solving system 0.2693569879993447
time in solving system 0.4213783199957106
concluded in  16.82914852399699
Solving snapshot 0 267
36
time in solving system 6.540184240002418
time in solving system 0.5263498179992894
time in solving system 0.5163568439966184
concluded in  12.602776409003127
Solving snapshot 0 268
36
time in solving system 6.7992213319957955
time in solving system 0.37962796299689217
time in solving system 0.21725691700703464
concluded in  10.95240713399835
Solving snapshot 0 269
36
time in solving system 6.323375777996262
time in solving system 0.2716009030045825
time in solving system 0.3211419069994008
concluded in  10.918416581000201
Solving snapshot 0 270
36
time in solving system 5.830403785999806
time in solving system 0.5791869170061545
time in solving system 0.6155362620047526
concluded in  11.274971191000077
Solving snapshot 0 271
36
time in solving system 6.914074250998965
time in solving system 0.5123182239985908
time in solving system 0.4242560249986127
concluded in  13.041499013001157
Solving snapshot 0 272
36
time in solving system 6.882672731000639
time in solving system 0.31986856200092006
time in solving system 0.2729212189951795
concluded in  13.104592303003301
Solving snapshot 0 273
36
time in solving system 8.966149978994508
time in solving system 0.11701244399591815
time in solving system 0.11686456600000383
concluded in  14.120598307003092
Solving snapshot 0 274
36
time in solving system 11.479335278003418
time in solving system 0.2680012760029058
time in solving system 0.23883329599630088
concluded in  17.834484961997077
Solving snapshot 0 275
36
time in solving system 7.203964692998852
time in solving system 0.260281399001542
time in solving system 0.343211870000232
concluded in  15.80042332100129
Solving snapshot 0 276
36
time in solving system 8.376212365998072
time in solving system 0.42913993700494757
time in solving system 0.3624804249993758
concluded in  15.983608312002616
Solving snapshot 0 277
36
time in solving system 5.8858354080002755
time in solving system 0.5789523790008388
time in solving system 0.5622321740011103
concluded in  12.163187564998225
Solving snapshot 0 278
36
time in solving system 6.0400289760000305
time in solving system 0.1925324530020589
time in solving system 0.10975290200440213
concluded in  12.06134755200037
Solving snapshot 0 279
36
time in solving system 6.4274720219982555
time in solving system 0.3149833330026013
time in solving system 0.25145487100235187
concluded in  13.035717703001865
Solving snapshot 0 280
36
time in solving system 6.85370888000034
time in solving system 0.4173347090036259
time in solving system 0.485853917998611
concluded in  12.561966550005309
Solving snapshot 0 281
36
time in solving system 5.804450336996524
time in solving system 0.40511616000003414
time in solving system 0.3619526850015973
concluded in  11.36475700900337
Solving snapshot 0 282
36
time in solving system 6.061286094001844
time in solving system 0.25067691600270336
time in solving system 0.24083783400419634
concluded in  13.0319619840011
Solving snapshot 0 283
36
time in solving system 7.221985204996599
time in solving system 0.45853883000381757
time in solving system 0.4317271339969011
concluded in  13.961464375002834
Solving snapshot 0 284
36
time in solving system 7.496082413999829
time in solving system 0.48692814700189047
time in solving system 0.2944382139976369
concluded in  13.358641170998453
Solving snapshot 0 285
36
time in solving system 6.935161485002027
time in solving system 0.47793178600113606
time in solving system 0.36547172399878036
concluded in  14.13786742600496
Solving snapshot 0 286
36
time in solving system 8.642004703993734
time in solving system 0.1892182599985972
time in solving system 0.1345301670007757
concluded in  15.190274987005978
Solving snapshot 0 287
36
time in solving system 9.018673020997085
time in solving system 0.22560323799552862
time in solving system 0.20980998299637577
concluded in  14.447300347994315
Solving snapshot 0 288
36
time in solving system 9.14915461000055
time in solving system 0.16974472200672608
time in solving system 0.15568605899898103
concluded in  13.847536191999097
Solving snapshot 0 289
36
time in solving system 10.738088293001056
time in solving system 0.2122606929988251
time in solving system 0.12899425200157566
concluded in  14.629359236998425
Solving snapshot 0 290
36
time in solving system 9.129533781997452
time in solving system 0.25274509000155376
time in solving system 0.24831607499800157
concluded in  13.041182458000549
Solving snapshot 0 291
36
time in solving system 8.675458106001315
time in solving system 0.26263451099657686
time in solving system 0.1443390519998502
concluded in  12.254349340000772
Solving snapshot 0 292
36
time in solving system 7.846695805004856
time in solving system 0.24479363700083923
time in solving system 0.22795272600342287
concluded in  12.171137102006469
Solving snapshot 0 293
36
time in solving system 7.143090778001351
time in solving system 0.36183112500293646
time in solving system 0.2824596909995307
concluded in  11.366371069001616
Solving snapshot 0 294
36
time in solving system 4.441323790000752
time in solving system 0.13037612199696014
time in solving system 0.11582993600313785
concluded in  9.359048958998756
Solving snapshot 0 295
36
time in solving system 4.877555141996709
time in solving system 0.18008682900108397
time in solving system 0.21671680100553203
concluded in  8.67879075500241
Solving snapshot 0 296
36
time in solving system 4.838763085004757
time in solving system 0.3110856400016928
time in solving system 0.23936087200127076
concluded in  10.118576132997987
Solving snapshot 0 297
36
time in solving system 4.800174417003291
time in solving system 0.26295391299936455
time in solving system 0.24072035500284983
concluded in  9.496549663002952
Solving snapshot 0 298
36
time in solving system 2.669496243004687
time in solving system 0.11661527500109514
time in solving system 0.11905525800102623
concluded in  6.923181824000494
Solving snapshot 0 299
36
time in solving system 2.771624624998367
time in solving system 0.2476760940044187
time in solving system 0.20797225199930836
concluded in  5.773494445995311
[]
Not completed: []
