Solving not completed simulation: 0-th chance
Solving snapshot 0 0
36
time in solving system 1.9193555270003344
time in solving system 0.1027295799995045
time in solving system 0.10196448799979407
concluded in  6.23357805500018
Solving snapshot 0 1
36
time in solving system 1.9986719210000956
time in solving system 0.12293770199994469
time in solving system 0.10398120599984395
concluded in  6.128545403000317
Solving snapshot 0 2
36
time in solving system 2.0819267480001145
time in solving system 0.12191953799992916
time in solving system 0.1083000489998085
concluded in  6.2816248960007215
Solving snapshot 0 3
36
time in solving system 2.0537209080002867
time in solving system 0.11892885899942485
time in solving system 0.10882111899991287
concluded in  6.461422738000692
Solving snapshot 0 4
36
time in solving system 1.9696262229999775
time in solving system 0.10744078700008686
time in solving system 0.10844887600069342
concluded in  6.396514219999517
Solving snapshot 0 5
36
time in solving system 1.953854095000679
time in solving system 0.11073239100005594
time in solving system 0.10774008099997445
concluded in  6.37034394300008
Solving snapshot 0 6
36
time in solving system 1.9195443940006953
time in solving system 0.10968851699999504
time in solving system 0.11085239900057786
concluded in  6.345714672000213
Solving snapshot 0 7
36
time in solving system 1.9382746589999442
time in solving system 0.11668267799996102
time in solving system 0.11366785399968649
concluded in  6.077563384000314
Solving snapshot 0 8
36
time in solving system 1.920705667999755
time in solving system 0.10442477300057362
time in solving system 0.11325113000020792
concluded in  6.002012853000451
Solving snapshot 0 9
36
time in solving system 1.9123271889993703
time in solving system 0.10151198000039585
time in solving system 0.11526618600055372
concluded in  5.936163134000708
Solving snapshot 0 10
36
time in solving system 1.9410028419997616
time in solving system 0.10655827099981252
time in solving system 0.1052363079998031
concluded in  6.23215862699999
Solving snapshot 0 11
36
time in solving system 2.40554346800036
time in solving system 0.1509480810000241
time in solving system 0.10434253699986584
concluded in  7.08012047900047
Solving snapshot 0 12
36
time in solving system 1.894708367000021
time in solving system 0.1035219599998527
time in solving system 0.10239817000001494
concluded in  6.240530076000141
Solving snapshot 0 13
36
time in solving system 1.9876042289997713
time in solving system 0.12106093799957307
time in solving system 0.11492269500013208
concluded in  6.072027098000035
Solving snapshot 0 14
36
time in solving system 1.903563782000674
time in solving system 0.1045422220004184
time in solving system 0.10381527000026836
concluded in  6.312103522999678
Solving snapshot 0 15
36
time in solving system 1.890167539999311
time in solving system 0.10434461300064868
time in solving system 0.10316299200076173
concluded in  6.188878558999932
Solving snapshot 0 16
36
time in solving system 2.356281385999864
time in solving system 0.15346407600009115
time in solving system 0.10144627399949968
concluded in  6.866196389999459
Solving snapshot 0 17
36
time in solving system 2.181604736999361
time in solving system 0.13222900700020546
time in solving system 0.11086606999924697
concluded in  6.633946644000389
Solving snapshot 0 18
36
time in solving system 2.2613894589994743
time in solving system 0.1426140799994755
time in solving system 0.10556132199963031
concluded in  6.5187164660001145
Solving snapshot 0 19
36
time in solving system 2.1559857840002223
time in solving system 0.1070983179997711
time in solving system 0.10661758599962923
concluded in  6.6907420309999
Solving snapshot 0 20
36
time in solving system 2.027110413999253
time in solving system 0.12066148400026577
time in solving system 0.11411262999990868
concluded in  6.25657126599981
Solving snapshot 0 21
36
time in solving system 2.1999766819999422
time in solving system 0.13637748499968438
time in solving system 0.10281554399989545
concluded in  6.961935571999675
Solving snapshot 0 22
36
time in solving system 2.1413340219996826
time in solving system 0.1145259500008251
time in solving system 0.11789511899951322
concluded in  6.978261040000689
Solving snapshot 0 23
36
time in solving system 2.229720954000186
time in solving system 0.12336982400029228
time in solving system 0.1083796960001564
concluded in  6.8616094709996105
Solving snapshot 0 24
36
time in solving system 2.406122659000175
time in solving system 0.13061517599999206
time in solving system 0.11444580500028678
concluded in  6.7943611250002505
Solving snapshot 0 25
36
time in solving system 2.061140484999669
time in solving system 0.10876971699963178
time in solving system 0.10910355200030608
concluded in  6.463339359999736
Solving snapshot 0 26
36
time in solving system 2.067827619000127
time in solving system 0.11994866899931367
time in solving system 0.10830472900033783
concluded in  6.188026820999767
Solving snapshot 0 27
36
time in solving system 2.124349071999859
time in solving system 0.12784060500052874
time in solving system 0.10858537199965212
concluded in  6.613553027999842
Solving snapshot 0 28
36
time in solving system 2.3509761049999724
time in solving system 0.13150530400071148
time in solving system 0.12546193999969546
concluded in  6.794550933999744
Solving snapshot 0 29
36
time in solving system 1.9980357220001679
time in solving system 0.13663533300041308
time in solving system 0.1292529860002105
concluded in  6.8241946690004625
Solving snapshot 0 30
36
time in solving system 1.9880901410006118
time in solving system 0.11873606799963454
time in solving system 0.11872355099967535
concluded in  6.231668321000143
Solving snapshot 0 31
36
time in solving system 2.0391830519993164
time in solving system 0.12955641400003515
time in solving system 0.11981730400020751
concluded in  6.343741693000084
Solving snapshot 0 32
36
time in solving system 2.14063514100053
time in solving system 0.11963926799944602
time in solving system 0.11667467499955819
concluded in  6.893800139999257
Solving snapshot 0 33
36
time in solving system 2.072834937999687
time in solving system 0.11906488700060436
time in solving system 0.11527945400030148
concluded in  6.7822364459998425
Solving snapshot 0 34
36
time in solving system 2.062098682999931
time in solving system 0.11527945600028033
time in solving system 0.1057682049995492
concluded in  6.468648556000517
Solving snapshot 0 35
36
time in solving system 2.122890831999939
time in solving system 0.1246133340000597
time in solving system 0.1150597480000215
concluded in  6.552697111999805
Solving snapshot 0 36
36
time in solving system 2.2122458879994156
time in solving system 0.13144911599920306
time in solving system 0.108132833000127
concluded in  6.589748090000285
Solving snapshot 0 37
36
time in solving system 2.1876035290006257
time in solving system 0.1296121850000418
time in solving system 0.11147653399984847
concluded in  6.81638976800059
Solving snapshot 0 38
36
time in solving system 2.148591476000547
time in solving system 0.11380527000073926
time in solving system 0.10997977199986053
concluded in  6.687252192000415
Solving snapshot 0 39
36
time in solving system 1.9226908280006683
time in solving system 0.1066832370006523
time in solving system 0.11558189200059132
concluded in  6.001990433999708
Solving snapshot 0 40
36
time in solving system 2.124337352999646
time in solving system 0.12360170900046796
time in solving system 0.11670086899994203
concluded in  6.567953095000121
Solving snapshot 0 41
36
time in solving system 1.9741321649999009
time in solving system 0.12068435400033195
time in solving system 0.11391140100022312
concluded in  6.351611068999773
Solving snapshot 0 42
36
time in solving system 1.9695442010006445
time in solving system 0.1050635189994864
time in solving system 0.11231133300043439
concluded in  6.114909480000279
Solving snapshot 0 43
36
time in solving system 1.9798489740005607
time in solving system 0.12300072099969839
time in solving system 0.11199203300020599
concluded in  6.483120032999977
Solving snapshot 0 44
36
time in solving system 1.989106664999781
time in solving system 0.10256188299990754
time in solving system 0.10470327300026838
concluded in  6.4235752770000545
Solving snapshot 0 45
36
time in solving system 1.9287889570005063
time in solving system 0.10041865800030791
time in solving system 0.10063380399969901
concluded in  6.308763646999978
Solving snapshot 0 46
36
time in solving system 2.1739111029992273
time in solving system 0.12684923200049525
time in solving system 0.12247537599978386
concluded in  7.1890019329994175
Solving snapshot 0 47
36
time in solving system 2.155459671999779
time in solving system 0.12272356299945386
time in solving system 0.12216574499962007
concluded in  7.356095273000392
Solving snapshot 0 48
36
time in solving system 2.260099807000188
time in solving system 0.1458196070007034
time in solving system 0.11432981799953268
concluded in  7.450166423000155
Solving snapshot 0 49
36
time in solving system 2.3898991589994694
time in solving system 0.14160462399922835
time in solving system 0.11584400599986111
concluded in  7.397945991000597
Solving snapshot 0 50
36
time in solving system 2.296540245999495
time in solving system 0.13736957300079666
time in solving system 0.12552493200018944
concluded in  7.325801204000527
Solving snapshot 0 51
36
time in solving system 2.1900932449998436
time in solving system 0.1374818320000486
time in solving system 0.11470991100031824
concluded in  7.054962270999567
Solving snapshot 0 52
36
time in solving system 2.4272984640001596
time in solving system 0.14654420299939375
time in solving system 0.1015396860002511
concluded in  7.332686204999845
Solving snapshot 0 53
36
time in solving system 2.3146778109994557
time in solving system 0.1350918329999331
time in solving system 0.11688170099932904
concluded in  6.790069882999887
Solving snapshot 0 54
36
time in solving system 2.1756559699997524
time in solving system 0.12261811999997008
time in solving system 0.10217314999954397
concluded in  7.078306602000339
Solving snapshot 0 55
36
time in solving system 2.1117442400000073
time in solving system 0.12395903899960103
time in solving system 0.1035833999994793
concluded in  6.88284221899994
Solving snapshot 0 56
36
time in solving system 2.1930120639999586
time in solving system 0.17578640500050824
time in solving system 0.15786470900002314
concluded in  7.072221510999952
Solving snapshot 0 57
36
time in solving system 1.949553559999913
time in solving system 0.13772283000071184
time in solving system 0.1448684429997229
concluded in  6.165382907000094
Solving snapshot 0 58
36
time in solving system 2.208286025000234
time in solving system 0.13782343599996238
time in solving system 0.11310216099991521
concluded in  6.683900596999592
Solving snapshot 0 59
36
time in solving system 2.3115357910000967
time in solving system 0.15007631000025867
time in solving system 0.11017111000001023
concluded in  6.730349927000134
Solving snapshot 0 60
36
time in solving system 2.149014458000238
time in solving system 0.14588049999929353
time in solving system 0.1904927890000181
concluded in  6.505117990999679
Solving snapshot 0 61
36
time in solving system 2.161374412999976
time in solving system 0.18557117300042592
time in solving system 0.11343461999967985
concluded in  6.372581368999818
Solving snapshot 0 62
36
time in solving system 2.126260570999875
time in solving system 0.1663301449998471
time in solving system 0.21895512100036285
concluded in  6.76316200600013
Solving snapshot 0 63
36
time in solving system 2.523588602000018
time in solving system 0.1670486869998058
time in solving system 0.1514112450004177
concluded in  7.141923080000197
Solving snapshot 0 64
36
time in solving system 2.8288179139999556
time in solving system 0.1650427659997149
time in solving system 0.14786499199999525
concluded in  7.813098548000198
Solving snapshot 0 65
36
time in solving system 2.9068574140001147
time in solving system 0.18469099999947503
time in solving system 0.17676458799996908
concluded in  7.583434780000061
Solving snapshot 0 66
36
time in solving system 2.6319558920004056
time in solving system 0.15098804400076915
time in solving system 0.13452639399929467
concluded in  7.181755588000669
Solving snapshot 0 67
36
time in solving system 2.704414796000492
time in solving system 0.1576784979997683
time in solving system 0.15456324499973562
concluded in  7.372602313999778
Solving snapshot 0 68
36
time in solving system 2.8153774769998563
time in solving system 0.1712574820003283
time in solving system 0.17074098200009757
concluded in  7.646472051999808
Solving snapshot 0 69
36
time in solving system 2.80713222400027
time in solving system 0.15729069200006052
time in solving system 0.26952275299936446
concluded in  7.446070619999773
Solving snapshot 0 70
36
time in solving system 2.854752039000232
time in solving system 0.1767028760004905
time in solving system 0.21704589100045268
concluded in  7.872063914000137
Solving snapshot 0 71
36
time in solving system 2.700539741999819
time in solving system 0.15012030100024276
time in solving system 0.13183741500051838
concluded in  7.345129221000207
Solving snapshot 0 72
36
time in solving system 2.9792577289999826
time in solving system 0.23248107800009166
time in solving system 0.1763930570004959
concluded in  8.187416464000307
Solving snapshot 0 73
36
time in solving system 2.93720871000005
time in solving system 0.15128570100023353
time in solving system 0.120882406000419
concluded in  7.984650149999652
Solving snapshot 0 74
36
time in solving system 2.702640554000027
time in solving system 0.19250708499930624
time in solving system 0.23356345699994563
concluded in  7.719392502000119
Solving snapshot 0 75
36
time in solving system 2.777984533000563
time in solving system 0.16304019600011088
time in solving system 0.16157776599993667
concluded in  7.905599113999415
Solving snapshot 0 76
36
time in solving system 2.7429764720000094
time in solving system 0.15208591499958857
time in solving system 0.13644690799992532
concluded in  7.840992141999777
Solving snapshot 0 77
36
time in solving system 2.833390632999908
time in solving system 0.15904649299955054
time in solving system 0.1645859489999566
concluded in  7.6260436110005685
Solving snapshot 0 78
36
time in solving system 2.849471405999793
time in solving system 0.1627198040005169
time in solving system 0.1604035020000083
concluded in  7.703844264000509
Solving snapshot 0 79
36
time in solving system 2.757917341999928
time in solving system 0.12701684900002874
time in solving system 0.12218366999968566
concluded in  7.491409114000817
Solving snapshot 0 80
36
time in solving system 2.5477885680002146
time in solving system 0.21188904999962688
time in solving system 0.1258745019995331
concluded in  7.406345588000477
Solving snapshot 0 81
36
time in solving system 2.782262398000057
time in solving system 0.15493539900035103
time in solving system 0.1461275290002959
concluded in  7.884456376000344
Solving snapshot 0 82
36
time in solving system 2.6694776770000317
time in solving system 0.14027617200008535
time in solving system 0.12962202000016987
concluded in  7.4786263200003305
Solving snapshot 0 83
36
time in solving system 2.9347903350007982
time in solving system 0.1622335270003532
time in solving system 0.16610768099963025
concluded in  8.318729479000467
Solving snapshot 0 84
36
time in solving system 2.7359790210002757
time in solving system 0.1568833210003504
time in solving system 0.15978827100025228
concluded in  7.587917510999432
Solving snapshot 0 85
36
time in solving system 2.7185944220000238
time in solving system 0.20630710200020985
time in solving system 0.16222907099927397
concluded in  7.9033317909998
Solving snapshot 0 86
36
time in solving system 2.86830144599935
time in solving system 0.1854476020016591
time in solving system 0.1324759899998753
concluded in  8.063137203000224
Solving snapshot 0 87
36
time in solving system 2.6242855840009724
time in solving system 0.20537149899973883
time in solving system 0.1633204219997424
concluded in  7.500885000999915
Solving snapshot 0 88
36
time in solving system 2.427044035999643
time in solving system 0.2442446850000124
time in solving system 0.1733203929998126
concluded in  7.418575689998761
Solving snapshot 0 89
36
time in solving system 2.376077599999917
time in solving system 0.15561932700074976
time in solving system 0.16869773199869087
concluded in  7.218525842999952
Solving snapshot 0 90
36
time in solving system 2.2169811290004873
time in solving system 0.12677464599983068
time in solving system 0.11811527999998361
concluded in  6.838026903000355
Solving snapshot 0 91
36
time in solving system 2.137746997999784
time in solving system 0.1174673259993142
time in solving system 0.11693080199984252
concluded in  6.951700808000169
Solving snapshot 0 92
36
time in solving system 2.25918540100065
time in solving system 0.13338121100059652
time in solving system 0.11193768300108786
concluded in  7.442005060000156
Solving snapshot 0 93
36
time in solving system 2.1189298999997845
time in solving system 0.12065101299958769
time in solving system 0.11242073999892455
concluded in  6.892738450000252
Solving snapshot 0 94
36
time in solving system 2.2839327590008907
time in solving system 0.13894578899999033
time in solving system 0.11100835300021572
concluded in  7.351722487999723
Solving snapshot 0 95
36
time in solving system 2.1152898050004296
time in solving system 0.12191339199853246
time in solving system 0.11923510100132262
concluded in  7.049858975999086
Solving snapshot 0 96
36
time in solving system 2.174874815998919
time in solving system 0.13230783000108204
time in solving system 0.126263320000362
concluded in  7.695654113000273
Solving snapshot 0 97
36
time in solving system 2.23636901700047
time in solving system 0.13319887799843855
time in solving system 0.12519907299974875
concluded in  8.276961640000081
Solving snapshot 0 98
36
time in solving system 2.4972023199989053
time in solving system 0.12488894799935224
time in solving system 0.11098499299987452
concluded in  8.297969027998988
Solving snapshot 0 99
36
time in solving system 2.2536683319995063
time in solving system 0.13270394899882376
time in solving system 0.11147430799974245
concluded in  7.169412817000193
Solving snapshot 0 100
36
time in solving system 2.3222149740013265
time in solving system 0.135338629999751
time in solving system 0.11271451799984789
concluded in  7.147002048999639
Solving snapshot 0 101
36
time in solving system 2.0786451940002735
time in solving system 0.11616807099926518
time in solving system 0.11203481499978807
concluded in  7.303780520998771
Solving snapshot 0 102
36
time in solving system 2.3296566369990614
time in solving system 0.14018993500030774
time in solving system 0.11533586699988518
concluded in  7.276856001000851
Solving snapshot 0 103
36
time in solving system 2.211146617999475
time in solving system 0.14789846900021075
time in solving system 0.1587157429985382
concluded in  7.801939695000328
Solving snapshot 0 104
36
time in solving system 2.421196253999369
time in solving system 0.1451321389995428
time in solving system 0.12298827799895662
concluded in  7.278705068001727
Solving snapshot 0 105
36
time in solving system 2.392908437999722
time in solving system 0.15334287999939988
time in solving system 0.1409383100017294
concluded in  7.985447658000339
Solving snapshot 0 106
36
time in solving system 2.3740410739992512
time in solving system 0.14242296799966425
time in solving system 0.11579390900078579
concluded in  7.092761640999015
Solving snapshot 0 107
36
time in solving system 2.235178865999842
time in solving system 0.1266211089987337
time in solving system 0.11810991499987722
concluded in  7.263574587999756
Solving snapshot 0 108
36
time in solving system 2.376913300000524
time in solving system 0.1440968309998425
time in solving system 0.11684766100006527
concluded in  7.88070272099867
Solving snapshot 0 109
36
time in solving system 2.3843821020000178
time in solving system 0.14187165099974663
time in solving system 0.11545251399911649
concluded in  7.162786853999933
Solving snapshot 0 110
36
time in solving system 2.205501278000156
time in solving system 0.12713646100019105
time in solving system 0.1395498370002315
concluded in  7.6828373490006925
Solving snapshot 0 111
36
time in solving system 2.4288199310012715
time in solving system 0.15275056999962544
time in solving system 0.1371628380002221
concluded in  7.350268471000163
Solving snapshot 0 112
36
time in solving system 2.2374886730012804
time in solving system 0.12616689200149267
time in solving system 0.12115714800165733
concluded in  6.948452257000099
Solving snapshot 0 113
36
time in solving system 2.3873961250010325
time in solving system 0.1562775540005532
time in solving system 0.1406289509995986
concluded in  7.785655599000165
Solving snapshot 0 114
36
time in solving system 2.47484072899897
time in solving system 0.1457053679987439
time in solving system 0.11580263500036381
concluded in  7.365805898001781
Solving snapshot 0 115
36
time in solving system 2.248031353999977
time in solving system 0.12706309600071108
time in solving system 0.11856631799855677
concluded in  7.571425456000725
Solving snapshot 0 116
36
time in solving system 2.3990160250014014
time in solving system 0.14383640100095363
time in solving system 0.11555456699898059
concluded in  7.357559678999678
Solving snapshot 0 117
36
time in solving system 2.394850046999636
time in solving system 0.22676368700012972
time in solving system 0.1679712320001272
concluded in  8.036112993999268
Solving snapshot 0 118
36
time in solving system 2.515031060000183
time in solving system 0.18665811400023813
time in solving system 0.16877734499939834
concluded in  8.175068328000634
Solving snapshot 0 119
36
time in solving system 3.3486381879993132
time in solving system 0.19830363599976408
time in solving system 0.14950276100171322
concluded in  8.89281712400043
Solving snapshot 0 120
36
time in solving system 3.361275833000036
time in solving system 0.16466499399939494
time in solving system 0.1529309479992662
concluded in  8.866662554999493
Solving snapshot 0 121
36
time in solving system 3.91541281499849
time in solving system 0.16836242899989884
time in solving system 0.1725805180012685
concluded in  8.964263646999825
Solving snapshot 0 122
36
time in solving system 3.5724938820003445
time in solving system 0.3437719689991354
time in solving system 0.19239067200032878
concluded in  9.107235985000443
Solving snapshot 0 123
36
time in solving system 3.985223498999403
time in solving system 0.2136680889998388
time in solving system 0.1515341440008342
concluded in  9.81904613000006
Solving snapshot 0 124
36
time in solving system 3.9092549230008444
time in solving system 0.17370316199958324
time in solving system 0.14917195799898764
concluded in  9.227895701000307
Solving snapshot 0 125
36
time in solving system 4.277698934
time in solving system 0.24688489199979813
time in solving system 0.20573670100020536
concluded in  10.108392158999777
Solving snapshot 0 126
36
time in solving system 3.5272158620009577
time in solving system 0.20227886199973
time in solving system 0.29279879800014896
concluded in  9.072928325000248
Solving snapshot 0 127
36
time in solving system 4.859659361000013
time in solving system 0.2550101979995816
time in solving system 0.2402400539995142
concluded in  10.615895285000079
Solving snapshot 0 128
36
time in solving system 4.324848615000519
time in solving system 0.2645236719999957
time in solving system 0.14016391999939515
concluded in  9.578181224000218
Solving snapshot 0 129
36
time in solving system 4.4617658049992315
time in solving system 0.3308945999997377
time in solving system 0.20148809700003767
concluded in  10.973034275999453
Solving snapshot 0 130
36
time in solving system 3.972154725999644
time in solving system 0.22460503799993603
time in solving system 0.30583162199945946
concluded in  9.542260676998922
Solving snapshot 0 131
36
time in solving system 3.7347330560005503
time in solving system 0.1670555050004623
time in solving system 0.15448468499926094
concluded in  9.120032501001333
Solving snapshot 0 132
36
time in solving system 4.063825657000052
time in solving system 0.14674436400127888
time in solving system 0.15597173199967074
concluded in  8.979203778999363
Solving snapshot 0 133
36
time in solving system 4.2066880259990285
time in solving system 0.2719424400002026
time in solving system 0.1328876819989091
concluded in  9.4301102240006
Solving snapshot 0 134
36
time in solving system 3.677382764999493
time in solving system 0.18262871299884864
time in solving system 0.1506952720010304
concluded in  8.991212224000265
Solving snapshot 0 135
36
time in solving system 3.982691508001153
time in solving system 0.16045513799872424
time in solving system 0.12950974500017765
concluded in  9.383195411999623
Solving snapshot 0 136
36
time in solving system 3.7799924870014365
time in solving system 0.21167292400059523
time in solving system 0.127462922999257
concluded in  9.35538460799944
Solving snapshot 0 137
36
time in solving system 3.675638677999814
time in solving system 0.19424446999983047
time in solving system 0.13414998299958825
concluded in  8.597284767998644
Solving snapshot 0 138
36
time in solving system 2.885602252999888
time in solving system 0.29609951400016143
time in solving system 0.31847404399923107
concluded in  8.444906309001453
Solving snapshot 0 139
36
time in solving system 2.6190168880002602
time in solving system 0.1927403139998205
time in solving system 0.15931926100165583
concluded in  7.709137632999045
Solving snapshot 0 140
36
time in solving system 2.2873060290003195
time in solving system 0.14967773799980932
time in solving system 0.15981051700146054
concluded in  7.545826886000214
Solving snapshot 0 141
36
time in solving system 2.704174218000844
time in solving system 0.20217423000030976
time in solving system 0.1975224010002421
concluded in  8.532916550000664
Solving snapshot 0 142
36
time in solving system 2.588686492999841
time in solving system 0.14347717999953602
time in solving system 0.1483229109999229
concluded in  8.549968396000622
Solving snapshot 0 143
36
time in solving system 2.95598376199996
time in solving system 0.22729805400012992
time in solving system 0.1677942959995562
concluded in  9.202362283000184
Solving snapshot 0 144
36
time in solving system 4.544537260000652
time in solving system 0.27425943599882885
time in solving system 0.18227675199887017
concluded in  10.612324256000647
Solving snapshot 0 145
36
time in solving system 4.04757747199983
time in solving system 0.21011916200041014
time in solving system 0.2344140260011045
concluded in  10.005480376999913
Solving snapshot 0 146
36
time in solving system 3.826639676000923
time in solving system 0.18103365000024496
time in solving system 0.2168205569996644
concluded in  9.46702039200136
Solving snapshot 0 147
36
time in solving system 3.3279368549992796
time in solving system 0.15556946600008814
time in solving system 0.1586384009988251
concluded in  8.467219413998464
Solving snapshot 0 148
36
time in solving system 2.99410188299953
time in solving system 0.14699971600020945
time in solving system 0.13113623000026564
concluded in  7.887993466998523
Solving snapshot 0 149
36
time in solving system 3.326914575000046
time in solving system 0.25558806099979847
time in solving system 0.2099140169993916
concluded in  8.667493217999436
Solving snapshot 0 150
36
time in solving system 3.54036880700005
time in solving system 0.12520904199845972
time in solving system 0.12470745199971134
concluded in  9.027155214000231
Solving snapshot 0 151
36
time in solving system 2.6618383069999254
time in solving system 0.1505527869994694
time in solving system 0.22827199099992868
concluded in  7.812625180999021
Solving snapshot 0 152
36
time in solving system 2.9187257809990115
time in solving system 0.27102321200072765
time in solving system 0.1877228909997939
concluded in  8.677045451000595
Solving snapshot 0 153
36
time in solving system 3.126921274999404
time in solving system 0.25076600200009125
time in solving system 0.16777423599887697
concluded in  8.471293455000705
Solving snapshot 0 154
36
time in solving system 2.887359383999865
time in solving system 0.22922300599930168
time in solving system 0.17121169500023825
concluded in  8.645605440000509
Solving snapshot 0 155
36
time in solving system 3.433285787999921
time in solving system 0.20831931199973042
time in solving system 0.19887269199898583
concluded in  9.014153692000036
Solving snapshot 0 156
36
time in solving system 3.6967887850005354
time in solving system 0.24026388699894596
time in solving system 0.22747272199922008
concluded in  9.256759784000678
Solving snapshot 0 157
36
time in solving system 4.073299450999912
time in solving system 0.2216696969990153
time in solving system 0.1855246699997224
concluded in  10.169225784000446
Solving snapshot 0 158
36
time in solving system 3.525275296999098
time in solving system 0.22134828499838477
time in solving system 0.1172450829999434
concluded in  9.303887017000307
Solving snapshot 0 159
36
time in solving system 3.9910522110003512
time in solving system 0.16766909400030272
time in solving system 0.12960076100171136
concluded in  9.19843085499997
Solving snapshot 0 160
36
time in solving system 3.844270661000337
time in solving system 0.144306799998958
time in solving system 0.1214043740001216
concluded in  9.310016309000275
Solving snapshot 0 161
36
time in solving system 3.4934439059998112
time in solving system 0.15433083599964448
time in solving system 0.17454114900101558
concluded in  8.542238685000484
Solving snapshot 0 162
36
time in solving system 3.4829452779995336
time in solving system 0.1698842700006935
time in solving system 0.11865971600127523
concluded in  8.92374500599908
Solving snapshot 0 163
36
time in solving system 3.963801562000299
time in solving system 0.168791340000098
time in solving system 0.2109842940008093
concluded in  9.004445335998753
Solving snapshot 0 164
36
time in solving system 4.064651136999601
time in solving system 0.18746985899997526
time in solving system 0.21007558600103948
concluded in  9.627054354999927
Solving snapshot 0 165
36
time in solving system 4.020729956999276
time in solving system 0.15176172500105167
time in solving system 0.12748418599949218
concluded in  9.327537479000966
Solving snapshot 0 166
36
time in solving system 3.475058408001132
time in solving system 0.28139177600132825
time in solving system 0.21161173499967845
concluded in  8.883210930000132
Solving snapshot 0 167
36
time in solving system 3.9348626649989455
time in solving system 0.23196153599928948
time in solving system 0.26486232500064943
concluded in  9.93743767900014
Solving snapshot 0 168
36
time in solving system 3.657051946000138
time in solving system 0.21854682999946817
time in solving system 0.1261313920003886
concluded in  9.67857492999974
Solving snapshot 0 169
36
time in solving system 3.910708725999939
time in solving system 0.13699273400015954
time in solving system 0.2045888760003436
concluded in  9.297477080001045
Solving snapshot 0 170
36
time in solving system 4.252442401000735
time in solving system 0.15570740300063335
time in solving system 0.21159158000045863
concluded in  10.03231852799945
Solving snapshot 0 171
36
time in solving system 4.197412069001075
time in solving system 0.1705266480003047
time in solving system 0.14971751600023708
concluded in  9.491427502000079
Solving snapshot 0 172
36
time in solving system 4.048564427001111
time in solving system 0.18319082299967704
time in solving system 0.24533520200020575
concluded in  9.438373401000717
Solving snapshot 0 173
36
time in solving system 3.846704650000902
time in solving system 0.25500641600046947
time in solving system 0.24831344800077204
concluded in  9.624060513000586
Solving snapshot 0 174
36
time in solving system 3.997411596999882
time in solving system 0.16583603100116306
time in solving system 0.18474096600039047
concluded in  9.414467337999668
Solving snapshot 0 175
36
time in solving system 4.08877596000093
time in solving system 0.14331101099924126
time in solving system 0.18278963000011572
concluded in  9.592743179000536
Solving snapshot 0 176
36
time in solving system 4.536825692999628
time in solving system 0.15499266799997713
time in solving system 0.21722321600100258
concluded in  9.92428423199999
Solving snapshot 0 177
36
time in solving system 4.1764988400009315
time in solving system 0.16206895200048166
time in solving system 0.14405230100055633
concluded in  9.499381850000645
Solving snapshot 0 178
36
time in solving system 4.016907788000026
time in solving system 0.21323968599972432
time in solving system 0.2328059100000246
concluded in  9.448145970000041
Solving snapshot 0 179
36
time in solving system 4.42631814699962
time in solving system 0.19488973999978043
time in solving system 0.21004980399993656
concluded in  10.177058338000279
Solving snapshot 0 180
36
time in solving system 3.2496484389994293
time in solving system 0.1886810100004368
time in solving system 0.19597090299976117
concluded in  8.718022017999829
Solving snapshot 0 181
36
time in solving system 2.9294506710011774
time in solving system 0.17216636199918867
time in solving system 0.14079153000056976
concluded in  8.127325699000721
Solving snapshot 0 182
36
time in solving system 2.8692981980002514
time in solving system 0.17403181400004542
time in solving system 0.20752425099999527
concluded in  8.168486095000844
Solving snapshot 0 183
36
time in solving system 3.01138619700032
time in solving system 0.15057117600008496
time in solving system 0.12422653300018283
concluded in  8.590277073000834
Solving snapshot 0 184
36
time in solving system 2.832705670998621
time in solving system 0.1660168110011
time in solving system 0.14137879900044936
concluded in  9.025944039000024
Solving snapshot 0 185
36
time in solving system 3.043521638999664
time in solving system 0.2679804729996249
time in solving system 0.3065681179996318
concluded in  8.791963894000219
Solving snapshot 0 186
36
time in solving system 3.6229167159999633
time in solving system 0.1685978299992712
time in solving system 0.21390292400064936
concluded in  9.7928740440002
Solving snapshot 0 187
36
time in solving system 4.249804476001373
time in solving system 0.19282683599885786
time in solving system 0.21547088700026507
concluded in  10.099034895998557
Solving snapshot 0 188
36
time in solving system 3.853123004999361
time in solving system 0.2831470940000145
time in solving system 0.2885032100002718
concluded in  9.358255065999401
Solving snapshot 0 189
36
time in solving system 3.4762495390004915
time in solving system 0.27769509199970344
time in solving system 0.25960376399962115
concluded in  9.032846651998625
Solving snapshot 0 190
36
time in solving system 3.8466187129997707
time in solving system 0.22114750499895308
time in solving system 0.17528269399917917
concluded in  9.629146015000515
Solving snapshot 0 191
36
time in solving system 3.7093539550005517
time in solving system 0.2438538709993736
time in solving system 0.2072855360001995
concluded in  9.157008387999667
Solving snapshot 0 192
36
time in solving system 4.258862400998623
time in solving system 0.15183303300000262
time in solving system 0.258269828000266
concluded in  9.825364989001173
Solving snapshot 0 193
36
time in solving system 3.880337767999663
time in solving system 0.16012213800058817
time in solving system 0.29655419700065977
concluded in  9.752279214999362
Solving snapshot 0 194
36
time in solving system 3.86529946599876
time in solving system 0.1831454479997774
time in solving system 0.13051391399858403
concluded in  9.52535867700135
Solving snapshot 0 195
36
time in solving system 3.985238355000547
time in solving system 0.2195496179992915
time in solving system 0.13020034199871588
concluded in  9.486644405000334
Solving snapshot 0 196
36
time in solving system 3.97950726199997
time in solving system 0.1546311339989188
time in solving system 0.17567447500005073
concluded in  9.790228511999885
Solving snapshot 0 197
36
time in solving system 3.530701586001669
time in solving system 0.257035814000119
time in solving system 0.20608104699931573
concluded in  9.42322610500014
Solving snapshot 0 198
36
time in solving system 3.902789792000476
time in solving system 0.3125765100012359
time in solving system 0.17794051000055333
concluded in  9.786891977000778
Solving snapshot 0 199
36
time in solving system 3.739935051999055
time in solving system 0.1805335630015179
time in solving system 0.2236678209992533
concluded in  9.57236400399961
Solving snapshot 0 200
36
time in solving system 4.016741352999816
time in solving system 0.1608737430015026
time in solving system 0.1656412909997016
concluded in  9.264251268001317
Solving snapshot 0 201
36
time in solving system 3.7793229229991994
time in solving system 0.1980795229992509
time in solving system 0.26356311200106575
concluded in  9.190121596000608
Solving snapshot 0 202
36
time in solving system 3.619700276000003
time in solving system 0.17896750600084488
time in solving system 0.24727216300016153
concluded in  9.332190023000294
Solving snapshot 0 203
36
time in solving system 3.547783538000658
time in solving system 0.15366730700043263
time in solving system 0.2340569409989257
concluded in  8.887306947999605
Solving snapshot 0 204
36
time in solving system 3.6394836500003294
time in solving system 0.25936820400056604
time in solving system 0.22211157700076
concluded in  9.561002798998743
Solving snapshot 0 205
36
time in solving system 3.733278366999002
time in solving system 0.1608495300006325
time in solving system 0.23236876700138964
concluded in  9.495186668000315
Solving snapshot 0 206
36
time in solving system 3.7493148429985013
time in solving system 0.17068106199985777
time in solving system 0.26420031000088784
concluded in  9.525934717001292
Solving snapshot 0 207
36
time in solving system 3.1695534530008445
time in solving system 0.17111185800058593
time in solving system 0.1807185630004824
concluded in  8.45587821999834
Solving snapshot 0 208
36
time in solving system 3.0819936099996994
time in solving system 0.2065168419994734
time in solving system 0.18409737699948892
concluded in  8.531690468000306
Solving snapshot 0 209
36
time in solving system 3.643216942999061
time in solving system 0.25809345400011807
time in solving system 0.1624074039991683
concluded in  9.446736887999577
Solving snapshot 0 210
36
time in solving system 3.647927410000193
time in solving system 0.2512092559991288
time in solving system 0.2354041779999534
concluded in  9.148286051000468
Solving snapshot 0 211
36
time in solving system 4.074251388999983
time in solving system 0.24230067999997118
time in solving system 0.19415083800049615
concluded in  9.54843360400082
Solving snapshot 0 212
36
time in solving system 4.040846316998795
time in solving system 0.27644069400048465
time in solving system 0.32544829299877165
concluded in  10.010384033999799
Solving snapshot 0 213
36
time in solving system 4.358863782999833
time in solving system 0.16716647999965062
time in solving system 0.16351394500088645
concluded in  10.074880845000735
Solving snapshot 0 214
36
time in solving system 4.224186416000521
time in solving system 0.1694166920005955
time in solving system 0.16108146100123122
concluded in  9.65697947999979
Solving snapshot 0 215
36
time in solving system 4.128617909000241
time in solving system 0.14643336500012083
time in solving system 0.21879111499947612
concluded in  10.243550187000437
Solving snapshot 0 216
36
time in solving system 4.241663292999874
time in solving system 0.23582922900095582
time in solving system 0.2197244529997988
concluded in  10.513487640000676
Solving snapshot 0 217
36
time in solving system 3.562202424998759
time in solving system 0.17740681000032055
time in solving system 0.2018306690006284
concluded in  9.115451047000533
Solving snapshot 0 218
36
time in solving system 3.561949998000273
time in solving system 0.22340591400097765
time in solving system 0.1860946659999172
concluded in  9.697050601000228
Solving snapshot 0 219
36
time in solving system 4.139543870000125
time in solving system 0.15909467299934477
time in solving system 0.1386046659990825
concluded in  9.552409441999771
Solving snapshot 0 220
36
time in solving system 3.7228053679991717
time in solving system 0.17378028799976164
time in solving system 0.17616776799877698
concluded in  9.650656243000412
Solving snapshot 0 221
36
time in solving system 3.5369616000007227
time in solving system 0.24172587800057954
time in solving system 0.1514817690003838
concluded in  9.526219905999824
Solving snapshot 0 222
36
time in solving system 3.9050529539999843
time in solving system 0.18058030100110045
time in solving system 0.15399190400057705
concluded in  9.64847529600047
Solving snapshot 0 223
36
time in solving system 3.61615635400085
time in solving system 0.1571896219993505
time in solving system 0.15376172300057078
concluded in  9.070258711999486
Solving snapshot 0 224
36
time in solving system 3.6159012879998045
time in solving system 0.1571375799994712
time in solving system 0.1415741059990978
concluded in  8.946987825000178
Solving snapshot 0 225
36
time in solving system 3.2533351199999743
time in solving system 0.2506785519999539
time in solving system 0.2290654970001924
concluded in  8.808073545000298
Solving snapshot 0 226
36
time in solving system 3.532866281999304
time in solving system 0.15674692999891704
time in solving system 0.1893066299999191
concluded in  8.916979493998952
Solving snapshot 0 227
36
time in solving system 3.096312613999544
time in solving system 0.34570913599964115
time in solving system 0.35748552000040945
concluded in  8.899138890999893
Solving snapshot 0 228
36
time in solving system 3.63541443000031
time in solving system 0.20324772599997232
time in solving system 0.17292825900040043
concluded in  9.402377737000279
Solving snapshot 0 229
36
time in solving system 3.4988342999986344
time in solving system 0.21436284499941394
time in solving system 0.1881161940000311
concluded in  8.917281154001103
Solving snapshot 0 230
36
time in solving system 3.557507813999109
time in solving system 0.20458058400072332
time in solving system 0.20172438000008697
concluded in  8.968583637000847
Solving snapshot 0 231
36
time in solving system 4.16392670499954
time in solving system 0.2758186319988454
time in solving system 0.28708473699953174
concluded in  10.099041695999404
Solving snapshot 0 232
36
time in solving system 3.1613958809994074
time in solving system 0.23744526500013308
time in solving system 0.259335505999843
concluded in  8.625642207000055
Solving snapshot 0 233
36
time in solving system 2.8299015060001693
time in solving system 0.18740080699899409
time in solving system 0.16808586899969669
concluded in  8.131624652000028
Solving snapshot 0 234
36
time in solving system 3.10068484400108
time in solving system 0.20662710099895776
time in solving system 0.22778770699915185
concluded in  8.963183886000479
Solving snapshot 0 235
36
time in solving system 2.8111632899999677
time in solving system 0.23224189800021122
time in solving system 0.2251879289997305
concluded in  8.399260537000373
Solving snapshot 0 236
36
time in solving system 2.8237065889989026
time in solving system 0.3318054409992328
time in solving system 0.2202691619986581
concluded in  8.932733363999432
Solving snapshot 0 237
36
time in solving system 2.7314233830002195
time in solving system 0.2988041440003144
time in solving system 0.27526345800106355
concluded in  8.371516416000304
Solving snapshot 0 238
36
time in solving system 2.3426812839988997
time in solving system 0.14733193699976255
time in solving system 0.1557296179998957
concluded in  7.585416617999726
Solving snapshot 0 239
36
time in solving system 2.3894948980014306
time in solving system 0.1308035630008817
time in solving system 0.12272880799901031
concluded in  7.674883924999449
Solving snapshot 0 240
36
time in solving system 2.3539865060010925
time in solving system 0.13244599799872958
time in solving system 0.1364273269991827
concluded in  8.367500747001031
Solving snapshot 0 241
36
time in solving system 2.8992660740004794
time in solving system 0.22882528899936005
time in solving system 0.23982800200064958
concluded in  9.11273188999985
Solving snapshot 0 242
36
time in solving system 3.243132058998526
time in solving system 0.34588537300078315
time in solving system 0.23839848700117727
concluded in  9.471740502000102
Solving snapshot 0 243
36
time in solving system 4.35429230400041
time in solving system 0.1664290049993724
time in solving system 0.1736808879995806
concluded in  10.224011849999442
Solving snapshot 0 244
36
time in solving system 3.940008613999453
time in solving system 0.34607327899902884
time in solving system 0.15175762600119924
concluded in  9.639992530999734
Solving snapshot 0 245
36
time in solving system 4.096840961001362
time in solving system 0.1684183329998632
time in solving system 0.15072079299898178
concluded in  9.563726664999194
Solving snapshot 0 246
36
time in solving system 3.8905006280001544
time in solving system 0.15830699799880676
time in solving system 0.17537794900090375
concluded in  9.450256833999447
Solving snapshot 0 247
36
time in solving system 4.560564293000425
time in solving system 0.2089852239987522
time in solving system 0.13349650599957386
concluded in  10.450648935000572
Solving snapshot 0 248
36
time in solving system 4.353266235999399
time in solving system 0.1750798240009317
time in solving system 0.13904102199921908
concluded in  9.69204379599978
Solving snapshot 0 249
36
time in solving system 3.6633639150004456
time in solving system 0.19897954800035222
time in solving system 0.15929905499979213
concluded in  9.037717990000601
Solving snapshot 0 250
36
time in solving system 3.8123489069985226
time in solving system 0.25690401999963797
time in solving system 0.24695896899902436
concluded in  9.849701544000709
Solving snapshot 0 251
36
time in solving system 3.7091697750001913
time in solving system 0.22136194800077647
time in solving system 0.19663034999939555
concluded in  9.572523731998444
Solving snapshot 0 252
36
time in solving system 3.980394289999822
time in solving system 0.1779891329988459
time in solving system 0.18675184299900138
concluded in  9.798455482999998
Solving snapshot 0 253
36
time in solving system 3.547346875000585
time in solving system 0.23532775999956357
time in solving system 0.20600681200085091
concluded in  9.06234571999994
Solving snapshot 0 254
36
time in solving system 3.77995570100029
time in solving system 0.20961360500041337
time in solving system 0.29003126099996734
concluded in  9.241610144999868
Solving snapshot 0 255
36
time in solving system 3.907853674998478
time in solving system 0.19126927200159116
time in solving system 0.16799023700150428
concluded in  9.633599322998634
Solving snapshot 0 256
36
time in solving system 4.034253697998793
time in solving system 0.15459855400149536
time in solving system 0.2158699420015182
concluded in  9.858810549998452
Solving snapshot 0 257
36
time in solving system 3.694912065000608
time in solving system 0.20917127200118557
time in solving system 0.12409290799951123
concluded in  9.682616931000666
Solving snapshot 0 258
36
time in solving system 3.673324256000342
time in solving system 0.24436228299964569
time in solving system 0.18326138900010847
concluded in  9.073945985999671
Solving snapshot 0 259
36
time in solving system 3.769939246998547
time in solving system 0.14491951399941172
time in solving system 0.1283427340003982
concluded in  9.093066969000574
Solving snapshot 0 260
36
time in solving system 3.7765614470008586
time in solving system 0.24045120899972972
time in solving system 0.16070770599981188
concluded in  9.61892038699989
Solving snapshot 0 261
36
time in solving system 3.93210044999978
time in solving system 0.22089984599915624
time in solving system 0.1304614879991277
concluded in  9.70714723600031
Solving snapshot 0 262
36
time in solving system 3.99579372900007
time in solving system 0.27424618099939835
time in solving system 0.25890120300027775
concluded in  9.556413023999994
Solving snapshot 0 263
36
time in solving system 3.99526533199969
time in solving system 0.195155216000785
time in solving system 0.13730212600057712
concluded in  9.791490533001706
Solving snapshot 0 264
36
time in solving system 4.397338430000673
time in solving system 0.169067033999454
time in solving system 0.1531418400008988
concluded in  9.746729895001408
Solving snapshot 0 265
36
time in solving system 4.085549438999806
time in solving system 0.23519692300033057
time in solving system 0.21655841699976008
concluded in  10.012683397000728
Solving snapshot 0 266
36
time in solving system 3.8563563820007403
time in solving system 0.14989165299994056
time in solving system 0.22263134900094883
concluded in  9.233801754000524
Solving snapshot 0 267
36
time in solving system 4.050214490998769
time in solving system 0.22930243100017833
time in solving system 0.15588951899917447
concluded in  9.900249485999666
Solving snapshot 0 268
36
time in solving system 4.224800980000509
time in solving system 0.22239634499965177
time in solving system 0.18105677200037462
concluded in  10.085158735000732
Solving snapshot 0 269
36
time in solving system 4.2790277610001795
time in solving system 0.13949999600117735
time in solving system 0.12608316000114428
concluded in  9.924797136000052
Solving snapshot 0 270
36
time in solving system 3.654473466000127
time in solving system 0.22143129100004444
time in solving system 0.2574459770003159
concluded in  9.127009404999626
Solving snapshot 0 271
36
time in solving system 3.7413582480003242
time in solving system 0.23198034800043388
time in solving system 0.2165461080003297
concluded in  9.676490453000952
Solving snapshot 0 272
36
time in solving system 3.409164322001743
time in solving system 0.21360297600040212
time in solving system 0.17910424999899988
concluded in  8.748707464999825
Solving snapshot 0 273
36
time in solving system 3.821367290998751
time in solving system 0.18069689299954916
time in solving system 0.17337632099952316
concluded in  9.533491067999421
Solving snapshot 0 274
36
time in solving system 3.1404399880011624
time in solving system 0.24505508499896678
time in solving system 0.1779672809989279
concluded in  8.528033244998369
Solving snapshot 0 275
36
time in solving system 3.1578106790002494
time in solving system 0.16092644699892844
time in solving system 0.16131516399946122
concluded in  8.802336792999995
Solving snapshot 0 276
36
time in solving system 3.016916078999202
time in solving system 0.1531857560003118
time in solving system 0.1624123210003745
concluded in  8.75312106399906
Solving snapshot 0 277
36
time in solving system 3.074041344001671
time in solving system 0.1694307479992858
time in solving system 0.2001747059985064
concluded in  8.456921813000008
Solving snapshot 0 278
36
time in solving system 3.199308788000053
time in solving system 0.3242900309996912
time in solving system 0.23589584800174634
concluded in  9.245220529999642
Solving snapshot 0 279
36
time in solving system 3.2572142429999076
time in solving system 0.20632208800088847
time in solving system 0.19648281100126042
concluded in  8.654161117001422
Solving snapshot 0 280
36
time in solving system 3.3527872640006535
time in solving system 0.20128631800071162
time in solving system 0.3179411010005424
concluded in  8.924133508000523
Solving snapshot 0 281
36
time in solving system 4.107803463999517
time in solving system 0.16711249400032102
time in solving system 0.17003304499849037
concluded in  9.488700290999986
Solving snapshot 0 282
36
time in solving system 3.8591063679996296
time in solving system 0.19752008300019952
time in solving system 0.2649324819994945
concluded in  9.68230291999862
Solving snapshot 0 283
36
time in solving system 4.376435868000044
time in solving system 0.16373477399974945
time in solving system 0.24683877999996184
concluded in  9.739583992999542
Solving snapshot 0 284
36
time in solving system 3.2018684039994696
time in solving system 0.16631048999988707
time in solving system 0.17220166699917172
concluded in  9.257359663999523
Solving snapshot 0 285
36
time in solving system 4.06296432399904
time in solving system 0.13367630900029326
time in solving system 0.12695044899919594
concluded in  9.846318028001406
Solving snapshot 0 286
36
time in solving system 3.9002049939990684
time in solving system 0.26350734799962083
time in solving system 0.17217953100043815
concluded in  9.245269715000177
Solving snapshot 0 287
36
time in solving system 3.6596380730006786
time in solving system 0.21578879700064135
time in solving system 0.14588480299971707
concluded in  9.58898921599939
Solving snapshot 0 288
36
time in solving system 3.9531683470013377
time in solving system 0.23676496600091923
time in solving system 0.13963953300117282
concluded in  9.812602141000752
Solving snapshot 0 289
36
time in solving system 3.6998973049994675
time in solving system 0.22431786000015563
time in solving system 0.12804147099996044
concluded in  9.690394740999182
Solving snapshot 0 290
36
time in solving system 4.252176244999646
time in solving system 0.21717008500127122
time in solving system 0.22710181399997964
concluded in  9.656477639000514
Solving snapshot 0 291
36
time in solving system 3.4868068539999513
time in solving system 0.3167347050002718
time in solving system 0.22845506600060617
concluded in  8.96183153399943
Solving snapshot 0 292
36
time in solving system 3.678726825000922
time in solving system 0.17005609400075627
time in solving system 0.23398907900082122
concluded in  9.117185299999619
Solving snapshot 0 293
36
time in solving system 3.373621169999751
time in solving system 0.30532750699967437
time in solving system 0.21559499999966647
concluded in  9.547808266001084
Solving snapshot 0 294
36
time in solving system 4.059942173000309
time in solving system 0.15734823200000392
time in solving system 0.13459160099955625
concluded in  9.732249551998393
Solving snapshot 0 295
36
time in solving system 4.172652451999966
time in solving system 0.1672836109992204
time in solving system 0.14294786999926146
concluded in  9.346986098000343
Solving snapshot 0 296
36
time in solving system 3.918393002999437
time in solving system 0.22105939799985208
time in solving system 0.12787596399903123
concluded in  9.441863203999674
Solving snapshot 0 297
36
time in solving system 4.119759568000518
time in solving system 0.22562866899897926
time in solving system 0.18788649500129395
concluded in  9.436269855999853
Solving snapshot 0 298
36
time in solving system 3.588888164000309
time in solving system 0.20657925300110946
time in solving system 0.20667805599987332
concluded in  9.343924281
Solving snapshot 0 299
36
time in solving system 3.6532124370005477
time in solving system 0.32805518899840536
time in solving system 0.16923988700000336
concluded in  9.143551151000793
[]
Not completed: []
