Solving not completed simulation: 0-th chance
Solving snapshot 0 0
36
time in solving system 9.979211063997354
time in solving system 0.31918460299493745
time in solving system 0.23971207300201058
concluded in  14.035191927003325
Solving snapshot 0 1
36
time in solving system 7.6044493000008515
time in solving system 0.1886789569980465
time in solving system 0.12070975999813527
concluded in  11.568700065996381
Solving snapshot 0 2
36
time in solving system 8.05584095800441
time in solving system 0.2755959350033663
time in solving system 0.27820891000010306
concluded in  12.073690841003554
Solving snapshot 0 3
36
time in solving system 7.55618410599709
time in solving system 0.13671200200042222
time in solving system 0.14675555599387735
concluded in  11.709167465000064
Solving snapshot 0 4
36
time in solving system 7.897868735999509
time in solving system 0.496021965998807
time in solving system 0.24884232399926987
concluded in  13.879826625001442
Solving snapshot 0 5
36
time in solving system 5.637175149997347
time in solving system 0.683075672997802
time in solving system 0.5281376670027385
concluded in  13.01953233200038
Solving snapshot 0 6
36
time in solving system 7.105464779000613
time in solving system 0.6216917589990771
time in solving system 0.38437369400344323
concluded in  12.420004969004367
Solving snapshot 0 7
36
time in solving system 7.2745199220007635
time in solving system 0.8368987310022931
time in solving system 0.38872707600239664
concluded in  12.065868299003341
Solving snapshot 0 8
36
time in solving system 7.913584474998061
time in solving system 0.26418847699824255
time in solving system 0.2637921040004585
concluded in  12.244276145996992
Solving snapshot 0 9
36
time in solving system 7.459909313001845
time in solving system 0.13038415199844167
time in solving system 0.26027705899468856
concluded in  11.627801788999932
Solving snapshot 0 10
36
time in solving system 6.465888170998369
time in solving system 0.38738348000333644
time in solving system 0.255980700996588
concluded in  11.69040301899804
Solving snapshot 0 11
36
time in solving system 5.953375858996878
time in solving system 0.2863621710057487
time in solving system 0.2539488180045737
concluded in  10.478359667002223
Solving snapshot 0 12
36
time in solving system 5.756174342997838
time in solving system 0.38805856500403024
time in solving system 0.34983408999687526
concluded in  11.67480426900147
Solving snapshot 0 13
36
time in solving system 5.51597612000478
time in solving system 0.44082833700667834
time in solving system 0.42848766499810154
concluded in  13.394997346003947
Solving snapshot 0 14
36
time in solving system 4.82253422899521
time in solving system 0.4857327149948105
time in solving system 0.4194329040037701
concluded in  12.372719651997613
Solving snapshot 0 15
36
time in solving system 7.394721902004676
time in solving system 0.1147525870037498
time in solving system 0.20136608599568717
concluded in  13.856993105000583
Solving snapshot 0 16
36
time in solving system 7.654966818001412
time in solving system 0.16300681899883784
time in solving system 0.17050748100155033
concluded in  13.805621129999054
Solving snapshot 0 17
36
time in solving system 5.780181984002411
time in solving system 0.3895353800035082
time in solving system 0.2508834839973133
concluded in  13.150329587995657
Solving snapshot 0 18
36
time in solving system 7.776533053998719
time in solving system 0.22770635299821151
time in solving system 0.20639246200153138
concluded in  14.379053087999637
Solving snapshot 0 19
36
time in solving system 10.23094888900232
time in solving system 0.10678478900081245
time in solving system 0.11630794200027594
concluded in  15.992541922998498
Solving snapshot 0 20
36
time in solving system 9.547911348003254
time in solving system 0.38602125299803447
time in solving system 0.40342887999577215
concluded in  19.76437694299966
Solving snapshot 0 21
36
time in solving system 6.907269642993924
time in solving system 0.7612301289991592
time in solving system 0.8151490960008232
concluded in  12.835548437004036
Solving snapshot 0 22
36
time in solving system 6.4590868599989335
time in solving system 0.4487106300002779
time in solving system 0.3462797350002802
concluded in  10.76331256100093
Solving snapshot 0 23
36
time in solving system 6.064658656003303
time in solving system 0.5413183430064237
time in solving system 0.2810401700044167
concluded in  12.177069040997594
Solving snapshot 0 24
36
time in solving system 7.795761572000629
time in solving system 0.13969617799739353
time in solving system 0.1992478430038318
concluded in  13.267878744998598
Solving snapshot 0 25
36
time in solving system 7.589560891996371
time in solving system 0.19478813900059322
time in solving system 0.3519186549965525
concluded in  12.303855655998632
Solving snapshot 0 26
36
time in solving system 6.895493176998571
time in solving system 0.5011233140030527
time in solving system 0.27813188599975547
concluded in  11.001690165998298
Solving snapshot 0 27
36
time in solving system 6.833184998999059
time in solving system 0.13260783500300022
time in solving system 0.1328250289952848
concluded in  10.947406742998282
Solving snapshot 0 28
36
time in solving system 6.373067478998564
time in solving system 0.7388376779999817
time in solving system 0.48730021299707005
concluded in  12.886261158004345
Solving snapshot 0 29
36
time in solving system 7.185288069995295
time in solving system 0.3659133830005885
time in solving system 0.40079506800248055
concluded in  12.292007946001831
Solving snapshot 0 30
36
time in solving system 6.675126407004427
time in solving system 0.21503706899966346
time in solving system 0.20329277699784143
concluded in  10.439694300002884
Solving snapshot 0 31
36
time in solving system 6.166262661005021
time in solving system 0.4043535079981666
time in solving system 0.3217307409940986
concluded in  10.55383641699882
Solving snapshot 0 32
36
time in solving system 5.894799647001491
time in solving system 0.3901290580033674
time in solving system 0.28856275800353615
concluded in  10.288453799999843
Solving snapshot 0 33
36
time in solving system 5.628245220003009
time in solving system 0.3380513309966773
time in solving system 0.23302307200356154
concluded in  10.56122944499657
Solving snapshot 0 34
36
time in solving system 5.873493145998509
time in solving system 0.44377878100203816
time in solving system 0.2044146330008516
concluded in  11.33087539600092
Solving snapshot 0 35
36
time in solving system 5.589804363997246
time in solving system 0.395777392994205
time in solving system 0.3829539720027242
concluded in  12.598029774999304
Solving snapshot 0 36
36
time in solving system 6.6389422380016185
time in solving system 0.1309689720001188
time in solving system 0.23776224099856336
concluded in  13.474042497000482
Solving snapshot 0 37
36
time in solving system 6.050818449002691
time in solving system 0.19883830600156216
time in solving system 0.12230692900629947
concluded in  12.973855350996018
Solving snapshot 0 38
36
time in solving system 6.360748929000692
time in solving system 0.3787204309992376
time in solving system 0.2382940269963001
concluded in  12.467651163999108
Solving snapshot 0 39
36
time in solving system 5.965095990002737
time in solving system 0.37867218800238334
time in solving system 0.4290188919985667
concluded in  11.363727937998192
Solving snapshot 0 40
36
time in solving system 6.976742029000889
time in solving system 0.3289497419973486
time in solving system 0.34144977999676485
concluded in  11.834033925006224
Solving snapshot 0 41
36
time in solving system 6.784138940995035
time in solving system 0.2646658640005626
time in solving system 0.1523685350039159
concluded in  10.543783942004666
Solving snapshot 0 42
36
time in solving system 6.409213095001178
time in solving system 0.377007691997278
time in solving system 0.2733229069999652
concluded in  10.830730426001537
Solving snapshot 0 43
36
time in solving system 5.994916466996074
time in solving system 0.24027762699552113
time in solving system 0.4250628109948593
concluded in  10.783137099999294
Solving snapshot 0 44
36
time in solving system 6.77162790899456
time in solving system 0.12547912199806888
time in solving system 0.23056167499453295
concluded in  13.201006306000636
Solving snapshot 0 45
36
time in solving system 5.721839027995884
time in solving system 0.16233298399311025
time in solving system 0.37407932699716184
concluded in  11.067202857004304
Solving snapshot 0 46
36
time in solving system 6.062872495996999
time in solving system 0.4932391309994273
time in solving system 0.4341096479984117
concluded in  11.364643631997751
Solving snapshot 0 47
36
time in solving system 5.77512287600257
time in solving system 0.2547020700003486
time in solving system 0.47609186800400494
concluded in  12.03635106299771
Solving snapshot 0 48
36
time in solving system 5.549842291999084
time in solving system 0.596099750000576
time in solving system 0.488506925998081
concluded in  11.449252120000892
Solving snapshot 0 49
36
time in solving system 5.749252568006341
time in solving system 0.7622332799946889
time in solving system 0.4249101149980561
concluded in  10.583033173999866
Solving snapshot 0 50
36
time in solving system 6.565858598005434
time in solving system 0.4319691879936727
time in solving system 0.4568544140056474
concluded in  11.206125882003107
Solving snapshot 0 51
36
time in solving system 6.291019921998668
time in solving system 0.4556103689974407
time in solving system 0.37249637100467226
concluded in  10.859247278996918
Solving snapshot 0 52
36
time in solving system 6.417297685002268
time in solving system 0.24561202000040794
time in solving system 0.14203912400262197
concluded in  10.233911460003583
Solving snapshot 0 53
36
time in solving system 6.779563160001999
time in solving system 0.29139310699974885
time in solving system 0.2803842149951379
concluded in  11.223962005999056
Solving snapshot 0 54
36
time in solving system 7.366810034996888
time in solving system 0.22085942800185876
time in solving system 0.19479716999921948
concluded in  11.140831921999052
Solving snapshot 0 55
36
time in solving system 7.503446118003922
time in solving system 0.18581708599958802
time in solving system 0.3276323179961764
concluded in  12.078153264999855
Solving snapshot 0 56
36
time in solving system 7.447063802006596
time in solving system 0.1676457150024362
time in solving system 0.20691512600023998
concluded in  13.954689760998008
Solving snapshot 0 57
36
time in solving system 9.318809110001894
time in solving system 0.17717952100065304
time in solving system 0.12620065599912778
concluded in  14.457652441000391
Solving snapshot 0 58
36
time in solving system 8.49900176099618
time in solving system 0.11902052300138166
time in solving system 0.11841130899847485
concluded in  14.670310414003325
Solving snapshot 0 59
36
time in solving system 9.785839197000314
time in solving system 0.3971528260008199
time in solving system 0.3780423600037466
concluded in  19.4290304679962
Solving snapshot 0 60
36
time in solving system 6.081627095998556
time in solving system 0.5761641960052657
time in solving system 0.6795217640028568
concluded in  13.040682098995603
Solving snapshot 0 61
36
time in solving system 5.545840983999369
time in solving system 0.41894164299446857
time in solving system 0.3065978820013697
concluded in  11.25016228700406
Solving snapshot 0 62
36
time in solving system 7.542349272000138
time in solving system 0.32519482799398247
time in solving system 0.36667007200594526
concluded in  14.68497206200118
Solving snapshot 0 63
36
time in solving system 7.36505569700239
time in solving system 0.23514570800034562
time in solving system 0.13977366800099844
concluded in  14.99315633999504
Solving snapshot 0 64
36
time in solving system 6.910755343000346
time in solving system 0.30560158399748616
time in solving system 0.2431754489953164
concluded in  14.438329440003145
Solving snapshot 0 65
36
time in solving system 7.784016523997707
time in solving system 0.17787505699379835
time in solving system 0.17354104600235587
concluded in  13.821340253998642
Solving snapshot 0 66
36
time in solving system 6.128370819998963
time in solving system 0.13940082699991763
time in solving system 0.29214549400057876
concluded in  13.096850935995462
Solving snapshot 0 67
36
time in solving system 6.975212432997068
time in solving system 0.3660360799985938
time in solving system 0.23383293300139485
concluded in  12.604208140997798
Solving snapshot 0 68
36
time in solving system 9.351935992999643
time in solving system 0.3741000510053709
time in solving system 0.3288182329997653
concluded in  14.619887410997762
Solving snapshot 0 69
36
time in solving system 7.166646920995845
time in solving system 0.22878800299804425
time in solving system 0.23136646799684968
concluded in  13.16535883799952
Solving snapshot 0 70
36
time in solving system 6.999656479005353
time in solving system 0.46959196600073483
time in solving system 0.3284951919995365
concluded in  13.702757781997207
Solving snapshot 0 71
36
time in solving system 6.2803660220015445
time in solving system 0.2696015850015101
time in solving system 0.23723630199674517
concluded in  12.661803492999752
Solving snapshot 0 72
36
time in solving system 7.892647938002483
time in solving system 0.2781434229982551
time in solving system 0.3179948430042714
concluded in  14.67423341700487
Solving snapshot 0 73
36
time in solving system 8.712433760003478
time in solving system 0.22447740000643535
time in solving system 0.15108649899775628
concluded in  16.408145228997455
Solving snapshot 0 74
36
time in solving system 8.213091949000955
time in solving system 0.11372064799797954
time in solving system 0.11206482799752848
concluded in  15.011719291003828
Solving snapshot 0 75
36
time in solving system 8.176234405000287
time in solving system 0.11821376500301994
time in solving system 0.1148064320004778
concluded in  16.074874737001664
Solving snapshot 0 76
36
time in solving system 7.948964597999293
time in solving system 0.22456075400259579
time in solving system 0.2449114710034337
concluded in  16.96580480600096
Solving snapshot 0 77
36
time in solving system 4.8708425519944285
time in solving system 0.12271978599892464
time in solving system 0.1275119980055024
concluded in  11.525318314001197
Solving snapshot 0 78
36
time in solving system 5.6392851549971965
time in solving system 0.11638821000087773
time in solving system 0.11776270499831298
concluded in  13.18356566199509
Solving snapshot 0 79
36
time in solving system 5.830231186999299
time in solving system 0.32721552799921483
time in solving system 0.25745779600401875
concluded in  12.727041279998957
Solving snapshot 0 80
36
time in solving system 6.4028534649987705
time in solving system 0.11580512599903159
time in solving system 0.1132955770008266
concluded in  13.519024806999369
Solving snapshot 0 81
36
time in solving system 6.252739850999205
time in solving system 0.12821488700137706
time in solving system 0.22266579500137595
concluded in  13.94228048199875
Solving snapshot 0 82
36
time in solving system 5.048938642001303
time in solving system 0.3939370769949164
time in solving system 0.3452706469979603
concluded in  12.876881645002868
Solving snapshot 0 83
36
time in solving system 5.42551048000314
time in solving system 0.285239698998339
time in solving system 0.2713929979945533
concluded in  12.689012855000328
Solving snapshot 0 84
36
time in solving system 5.2259986419958295
time in solving system 0.27828061399486614
time in solving system 0.3241212680004537
concluded in  12.953371485004027
Solving snapshot 0 85
36
time in solving system 5.283767681001336
time in solving system 0.285452249001537
time in solving system 0.2696502570033772
concluded in  13.675319767004112
Solving snapshot 0 86
36
time in solving system 6.909614137002791
time in solving system 0.24345882399939
time in solving system 0.24338995500147576
concluded in  15.06708695999987
Solving snapshot 0 87
36
time in solving system 4.6242752830003155
time in solving system 0.39049338400218403
time in solving system 0.38942569700157037
concluded in  13.113161081004364
Solving snapshot 0 88
36
time in solving system 5.67959444400185
time in solving system 0.42395409600430867
time in solving system 0.3633000650006579
concluded in  13.384451448997424
Solving snapshot 0 89
36
time in solving system 6.070305655004631
time in solving system 0.37532354300492443
time in solving system 0.373449092003284
concluded in  14.101904982002452
Solving snapshot 0 90
36
time in solving system 6.161548837997543
time in solving system 0.12287838100019144
time in solving system 0.20672118899528868
concluded in  13.995987187998253
Solving snapshot 0 91
36
time in solving system 5.543430671001261
time in solving system 0.38281848699989496
time in solving system 0.275726346000738
concluded in  13.047423702999367
Solving snapshot 0 92
36
time in solving system 5.715878940005496
time in solving system 0.25630417600041255
time in solving system 0.22566918899974553
concluded in  13.752773598003841
Solving snapshot 0 93
36
time in solving system 5.680120138000348
time in solving system 0.12275573700026143
time in solving system 0.1185153749975143
concluded in  13.11697231400467
Solving snapshot 0 94
36
time in solving system 6.0291793899959885
time in solving system 0.30022010099492036
time in solving system 0.13841629999660654
concluded in  13.073482965999574
Solving snapshot 0 95
36
time in solving system 6.903787187002308
time in solving system 0.1579183819994796
time in solving system 0.11804063399904408
concluded in  14.465022340998985
Solving snapshot 0 96
36
time in solving system 4.778463798000303
time in solving system 0.1747901529961382
time in solving system 0.12974166499770945
concluded in  12.303890240000328
Solving snapshot 0 97
36
time in solving system 6.684168614003283
time in solving system 0.19403797700215364
time in solving system 0.17099355399841443
concluded in  14.778729924997606
Solving snapshot 0 98
36
time in solving system 7.047191853998811
time in solving system 0.20340183000371326
time in solving system 0.11858311900141416
concluded in  15.207032888996764
Solving snapshot 0 99
36
time in solving system 4.831908868000028
time in solving system 0.1753526980028255
time in solving system 0.14818406099948334
concluded in  12.279752974995063
Solving snapshot 0 100
36
time in solving system 5.744851850999112
time in solving system 0.3051397199960775
time in solving system 0.2768610730054206
concluded in  14.058235160999175
Solving snapshot 0 101
36
time in solving system 5.610193597000034
time in solving system 0.17093313599616522
time in solving system 0.28263174199673813
concluded in  13.537876890004554
Solving snapshot 0 102
36
time in solving system 6.466435411995917
time in solving system 0.25371805600298103
time in solving system 0.2513591249953606
concluded in  14.262683458997344
Solving snapshot 0 103
36
time in solving system 5.224546821998956
time in solving system 0.40744940400327323
time in solving system 0.3229699680014164
concluded in  13.441095606998715
Solving snapshot 0 104
36
time in solving system 5.763073381996946
time in solving system 0.43053904700354906
time in solving system 0.2515215879975585
concluded in  13.587497915003041
Solving snapshot 0 105
36
time in solving system 5.246342550999543
time in solving system 0.4028260440027225
time in solving system 0.3965078520050156
concluded in  13.646313324999937
Solving snapshot 0 106
36
time in solving system 6.004745460995764
time in solving system 0.21553232699807268
time in solving system 0.24515000399696874
concluded in  14.081322124002327
Solving snapshot 0 107
36
time in solving system 5.599138811005105
time in solving system 0.25804583499848377
time in solving system 0.27799042699916754
concluded in  13.3045139570022
Solving snapshot 0 108
36
time in solving system 6.166274438997789
time in solving system 0.27242500399734126
time in solving system 0.22439581700018607
concluded in  13.702954417
Solving snapshot 0 109
36
time in solving system 4.921716377000848
time in solving system 0.4979812009987654
time in solving system 0.323151902994141
concluded in  12.995886549004354
Solving snapshot 0 110
36
time in solving system 6.976038568005606
time in solving system 0.12337708799896063
time in solving system 0.11121660799835809
concluded in  14.059516703004192
Solving snapshot 0 111
36
time in solving system 5.995657987004961
time in solving system 0.22056130199780455
time in solving system 0.13090309100516606
concluded in  13.437346512000659
Solving snapshot 0 112
36
time in solving system 5.448068163001153
time in solving system 0.31622351000260096
time in solving system 0.14392662700265646
concluded in  12.77511919799872
Solving snapshot 0 113
36
time in solving system 5.74618516699411
time in solving system 0.2476870440004859
time in solving system 0.22809678300109226
concluded in  13.771846973999345
Solving snapshot 0 114
36
time in solving system 5.040046112000709
time in solving system 0.32317543899989687
time in solving system 0.44436193000001367
concluded in  12.605786164996971
Solving snapshot 0 115
36
time in solving system 6.391913942999963
time in solving system 0.140410266998515
time in solving system 0.1140136670001084
concluded in  13.755631232997985
Solving snapshot 0 116
36
time in solving system 5.390644049999537
time in solving system 0.13563740200333996
time in solving system 0.11588553500041598
concluded in  12.196807722000813
Solving snapshot 0 117
36
time in solving system 6.28045204999944
time in solving system 0.24277727799926652
time in solving system 0.2045809939954779
concluded in  13.725924676000432
Solving snapshot 0 118
36
time in solving system 6.035887325000658
time in solving system 0.18529504400066799
time in solving system 0.11642911400122102
concluded in  13.062235914003395
Solving snapshot 0 119
36
time in solving system 8.196472335002909
time in solving system 0.4016999469968141
time in solving system 0.4771334130055038
concluded in  15.093052094001905
Solving snapshot 0 120
36
time in solving system 5.248134705994744
time in solving system 0.40658896399691
time in solving system 0.40748039499885635
concluded in  10.660037632995227
Solving snapshot 0 121
36
time in solving system 5.224805986006686
time in solving system 0.23273446600069292
time in solving system 0.23613849699904677
concluded in  10.21072827000171
Solving snapshot 0 122
36
time in solving system 5.777434719995654
time in solving system 0.11856917499972042
time in solving system 0.12541764900379349
concluded in  10.848014483999577
Solving snapshot 0 123
36
time in solving system 6.545683855001698
time in solving system 0.3743191809990094
time in solving system 0.15419330399890896
concluded in  11.717898773000343
Solving snapshot 0 124
36
time in solving system 6.584496551993652
time in solving system 0.18183864599996014
time in solving system 0.2778930929998751
concluded in  12.169667892994767
Solving snapshot 0 125
36
time in solving system 6.6325996659943485
time in solving system 0.3817949869990116
time in solving system 0.40783790800196584
concluded in  11.583789500000421
Solving snapshot 0 126
36
time in solving system 6.00581846699788
time in solving system 0.383608791998995
time in solving system 0.5179860299977008
concluded in  12.601215242000762
Solving snapshot 0 127
36
time in solving system 6.000383108999813
time in solving system 0.21373938000033377
time in solving system 0.18579167400457663
concluded in  12.238251071001287
Solving snapshot 0 128
36
time in solving system 8.59370134799974
time in solving system 0.2663855489954585
time in solving system 0.13045799500105204
concluded in  14.281919003995426
Solving snapshot 0 129
36
time in solving system 7.750957775999268
time in solving system 0.1716686439976911
time in solving system 0.11916487399867037
concluded in  14.42909750599938
Solving snapshot 0 130
36
time in solving system 6.875523709997651
time in solving system 0.14972361500258557
time in solving system 0.1314979119997588
concluded in  14.744923843005381
Solving snapshot 0 131
36
time in solving system 6.591404450002301
time in solving system 0.11808262300473871
time in solving system 0.1177042569979676
concluded in  14.5549974799942
Solving snapshot 0 132
36
time in solving system 8.650694511998154
time in solving system 0.3192311040038476
time in solving system 0.5453783140037558
concluded in  17.95860239600006
Solving snapshot 0 133
36
time in solving system 6.708359778000158
time in solving system 0.46420819900231436
time in solving system 0.40697444500256097
concluded in  13.849590138997883
Solving snapshot 0 134
36
time in solving system 8.300944419999723
time in solving system 0.29865598199830856
time in solving system 0.24305882399494294
concluded in  14.215132737001113
Solving snapshot 0 135
36
time in solving system 8.7242946510014
time in solving system 0.1251505569962319
time in solving system 0.13728308000281686
concluded in  13.798661064000044
Solving snapshot 0 136
36
time in solving system 6.55540112300514
time in solving system 0.1801583650012617
time in solving system 0.16488015300274128
concluded in  12.483743643999333
Solving snapshot 0 137
36
time in solving system 9.34263921299862
time in solving system 0.11806789899856085
time in solving system 0.12255980600457406
concluded in  14.066903238999657
Solving snapshot 0 138
36
time in solving system 7.916210585994122
time in solving system 0.10989472400251543
time in solving system 0.10890789100085385
concluded in  13.430175864996272
Solving snapshot 0 139
36
time in solving system 6.50219643300079
time in solving system 0.1329887609972502
time in solving system 0.12098078899725806
concluded in  13.692656294995686
Solving snapshot 0 140
36
time in solving system 6.511089665997133
time in solving system 0.10716574799880618
time in solving system 0.11178021399973659
concluded in  14.847865759002161
Solving snapshot 0 141
36
time in solving system 6.461279476003256
time in solving system 0.12499825900158612
time in solving system 0.12218343800486764
concluded in  15.256318166997517
Solving snapshot 0 142
36
time in solving system 4.477539238003374
time in solving system 0.2222326900009648
time in solving system 0.24153914699854795
concluded in  12.883351529999345
Solving snapshot 0 143
36
time in solving system 7.134071239001059
time in solving system 0.2239619909960311
time in solving system 0.25134198399609886
concluded in  14.881771806998586
Solving snapshot 0 144
36
time in solving system 7.477889930996753
time in solving system 0.26994210200064117
time in solving system 0.24252846099989256
concluded in  14.670359128998825
Solving snapshot 0 145
36
time in solving system 6.675197563999973
time in solving system 0.38939962300355546
time in solving system 0.38842578200274147
concluded in  13.700670890997571
Solving snapshot 0 146
36
time in solving system 7.231189293997886
time in solving system 0.45717652200255543
time in solving system 0.26926739699410973
concluded in  13.459896501997719
Solving snapshot 0 147
36
time in solving system 6.902939626997977
time in solving system 0.6081758699947386
time in solving system 0.3516144679961144
concluded in  11.973971627994615
Solving snapshot 0 148
36
time in solving system 6.936324592999881
time in solving system 0.4959824870020384
time in solving system 0.4716527769996901
concluded in  12.652395548997447
Solving snapshot 0 149
36
time in solving system 6.036939581994375
time in solving system 0.38324314799683634
time in solving system 0.3905031339963898
concluded in  11.657058853001217
Solving snapshot 0 150
36
time in solving system 7.087876795005286
time in solving system 0.1275891010009218
time in solving system 0.25726290800230345
concluded in  13.3637358699998
Solving snapshot 0 151
36
time in solving system 8.791700904002937
time in solving system 0.24640905900014332
time in solving system 0.12046520400326699
concluded in  14.273233323001477
Solving snapshot 0 152
36
time in solving system 9.314272101000824
time in solving system 0.15524679399823071
time in solving system 0.12120383100409526
concluded in  13.140907146000245
Solving snapshot 0 153
36
time in solving system 5.768145060996176
time in solving system 0.1209176819975255
time in solving system 0.11856527099735104
concluded in  12.052709830997628
Solving snapshot 0 154
36
time in solving system 10.158977860999585
time in solving system 0.12102259699895512
time in solving system 0.12363489600102184
concluded in  15.166955433000112
Solving snapshot 0 155
36
time in solving system 7.18897455700062
time in solving system 0.17208960100106196
time in solving system 0.22620739199919626
concluded in  17.09367145899887
Solving snapshot 0 156
36
time in solving system 5.79830852500163
time in solving system 0.5360439069991116
time in solving system 0.6938324310031021
concluded in  11.868299057998229
Solving snapshot 0 157
36
time in solving system 6.891121915999975
time in solving system 0.7337214590006624
time in solving system 0.5825401559995953
concluded in  11.921332029000041
Solving snapshot 0 158
36
time in solving system 7.039994808001211
time in solving system 0.5720546860029572
time in solving system 0.49914040299336193
concluded in  11.683900856995024
Solving snapshot 0 159
36
time in solving system 6.867334235001181
time in solving system 0.5471005470026284
time in solving system 0.17196817199874204
concluded in  10.71358317299746
Solving snapshot 0 160
36
time in solving system 6.532552186996327
time in solving system 0.48072290099662496
time in solving system 0.24519559699547244
concluded in  11.076734709000448
Solving snapshot 0 161
36
time in solving system 6.730741725004918
time in solving system 0.3477976909998688
time in solving system 0.204353484994499
concluded in  10.758893262005586
Solving snapshot 0 162
36
time in solving system 6.185894736001501
time in solving system 0.6963996049962589
time in solving system 0.29978088299685623
concluded in  10.938398088001122
Solving snapshot 0 163
36
time in solving system 6.971270818001358
time in solving system 0.2507698490007897
time in solving system 0.34555055999953765
concluded in  11.46135952899931
Solving snapshot 0 164
36
time in solving system 6.826102348000859
time in solving system 0.24723607600026298
time in solving system 0.29552367600263096
concluded in  11.311089151997294
Solving snapshot 0 165
36
time in solving system 6.696901743001945
time in solving system 0.22519917000317946
time in solving system 0.14813183400110574
concluded in  12.9428592080003
Solving snapshot 0 166
36
time in solving system 6.6426367109961575
time in solving system 0.2585503840018646
time in solving system 0.24633893599821022
concluded in  10.59329072899709
Solving snapshot 0 167
36
time in solving system 7.695855485995708
time in solving system 0.16756118500052253
time in solving system 0.25935224500426557
concluded in  13.318878067999322
Solving snapshot 0 168
36
time in solving system 8.282272338001349
time in solving system 0.1957941299988306
time in solving system 0.11759982899820898
concluded in  14.737127239000984
Solving snapshot 0 169
36
time in solving system 9.874075489999086
time in solving system 0.12019817699911073
time in solving system 0.11214519300119719
concluded in  14.386990286002401
Solving snapshot 0 170
36
time in solving system 5.23248118400079
time in solving system 0.1142991609958699
time in solving system 0.10977732500032289
concluded in  12.82230912999512
Solving snapshot 0 171
36
time in solving system 5.5533350559999235
time in solving system 0.1259497979990556
time in solving system 0.15089516699663363
concluded in  14.077296211995417
Solving snapshot 0 172
36
time in solving system 6.090129217001959
time in solving system 0.12854248999792617
time in solving system 0.2293466709961649
concluded in  15.799144722994242
Solving snapshot 0 173
36
time in solving system 7.323109422999551
time in solving system 0.6912863050019951
time in solving system 0.7484068359990488
concluded in  14.406953487996361
Solving snapshot 0 174
36
time in solving system 6.885446795000462
time in solving system 0.47423054299724754
time in solving system 0.3070172250008909
concluded in  11.294672320000245
Solving snapshot 0 175
36
time in solving system 6.41376992000005
time in solving system 0.3704420089998166
time in solving system 0.3448712079989491
concluded in  10.813215509995644
Solving snapshot 0 176
36
time in solving system 6.496815304999473
time in solving system 0.4678329840025981
time in solving system 0.4566275079996558
concluded in  11.216347955996753
Solving snapshot 0 177
36
time in solving system 6.6025146009997115
time in solving system 0.4524890989996493
time in solving system 0.18339528399519622
concluded in  12.21779681899352
Solving snapshot 0 178
36
time in solving system 7.205622148998373
time in solving system 0.32202280100318603
time in solving system 0.3057374549971428
concluded in  13.273777192000125
Solving snapshot 0 179
36
time in solving system 6.479504833994724
time in solving system 0.24925779899785994
time in solving system 0.3011153889965499
concluded in  10.416208767004719
Solving snapshot 0 180
36
time in solving system 5.7358160549993045
time in solving system 0.5887543159988127
time in solving system 0.4548294580017682
concluded in  11.390574132004986
Solving snapshot 0 181
36
time in solving system 7.325038925999252
time in solving system 0.4643540290053352
time in solving system 0.3468184520024806
concluded in  13.56998725500307
Solving snapshot 0 182
36
time in solving system 6.676882157000364
time in solving system 0.32554578400595346
time in solving system 0.2960481100017205
concluded in  10.865385665005306
Solving snapshot 0 183
36
time in solving system 7.029087205002725
time in solving system 0.3810405719996197
time in solving system 0.26458119400194846
concluded in  11.473983375995886
Solving snapshot 0 184
36
time in solving system 6.991743095997663
time in solving system 0.40245374599908246
time in solving system 0.3915226680037449
concluded in  13.079389065002033
Solving snapshot 0 185
36
time in solving system 6.408083770002122
time in solving system 0.42110750600113533
time in solving system 0.19526873499853536
concluded in  12.145198467995215
Solving snapshot 0 186
36
time in solving system 8.672363928999403
time in solving system 0.4102175790030742
time in solving system 0.4704603459977079
concluded in  13.863513331998547
Solving snapshot 0 187
36
time in solving system 6.788216945002205
time in solving system 0.39052401699882466
time in solving system 0.4364496009948198
concluded in  11.226581297996745
Solving snapshot 0 188
36
time in solving system 9.436565796997456
time in solving system 0.2769812970000203
time in solving system 0.31041539699799614
concluded in  13.607236819996615
Solving snapshot 0 189
36
time in solving system 8.280356354996911
time in solving system 0.26082225799473235
time in solving system 0.4403773970043403
concluded in  12.304865111000254
Solving snapshot 0 190
36
time in solving system 7.78503250599897
time in solving system 0.4045468809999875
time in solving system 0.4296530499996152
concluded in  12.004265745999874
Solving snapshot 0 191
36
time in solving system 7.619321479003702
time in solving system 0.3094807529996615
time in solving system 0.187673904998519
concluded in  12.346844008003245
Solving snapshot 0 192
36
time in solving system 7.696151675998408
time in solving system 0.11242408899852308
time in solving system 0.11266734999662731
concluded in  13.665405473999272
Solving snapshot 0 193
36
time in solving system 7.151724163995823
time in solving system 0.18059818300389452
time in solving system 0.16299658299976727
concluded in  13.813218878000043
Solving snapshot 0 194
36
time in solving system 9.379099113000848
time in solving system 0.3205691199982539
time in solving system 0.37347944600332994
concluded in  17.23586958800297
Solving snapshot 0 195
36
time in solving system 3.191273705997446
time in solving system 0.12336158800462727
time in solving system 0.20606315400073072
concluded in  11.218310486998234
Solving snapshot 0 196
36
time in solving system 7.770266691004508
time in solving system 0.142085560997657
time in solving system 0.1933116340005654
concluded in  16.595899774998543
Solving snapshot 0 197
36
time in solving system 4.02769168800296
time in solving system 0.11260382299951743
time in solving system 0.10967934200016316
concluded in  10.698285401005705
Solving snapshot 0 198
36
time in solving system 6.884683930002211
time in solving system 0.6325119899993297
time in solving system 0.5667016729930765
concluded in  14.263358983000217
Solving snapshot 0 199
36
time in solving system 7.291703688002599
time in solving system 0.21932195100089302
time in solving system 0.25615418999950634
concluded in  11.938766906001547
Solving snapshot 0 200
36
time in solving system 6.495924167997146
time in solving system 0.24662211399845546
time in solving system 0.25274079999508103
concluded in  11.921034330996918
Solving snapshot 0 201
36
time in solving system 6.316074144000595
time in solving system 0.31201177700131666
time in solving system 0.2562935749956523
concluded in  12.581422032999399
Solving snapshot 0 202
36
time in solving system 6.3392163870012155
time in solving system 0.3358234879997326
time in solving system 0.43477059900033055
concluded in  13.745792095003708
Solving snapshot 0 203
36
time in solving system 7.117592129994591
time in solving system 0.12263068099855445
time in solving system 0.23326957599783782
concluded in  13.54677391199948
Solving snapshot 0 204
36
time in solving system 7.0190835060057
time in solving system 0.23072998000134248
time in solving system 0.2505516480014194
concluded in  13.46171849300299
Solving snapshot 0 205
36
time in solving system 9.540114494004229
time in solving system 0.24568769200413954
time in solving system 0.2345293859980302
concluded in  15.844897538001533
Solving snapshot 0 206
36
time in solving system 7.378626999001426
time in solving system 0.23141599299560767
time in solving system 0.27346272399881855
concluded in  13.745320513997285
Solving snapshot 0 207
36
time in solving system 6.088103957998101
time in solving system 0.12294420099351555
time in solving system 0.11126098800014006
concluded in  13.316155798995169
Solving snapshot 0 208
36
time in solving system 6.050098911000532
time in solving system 0.13182479600072838
time in solving system 0.11339236100320704
concluded in  15.541045756996027
Solving snapshot 0 209
36
time in solving system 5.104558932995133
time in solving system 0.11857197599601932
time in solving system 0.12147995700070169
concluded in  14.6143267909938
Solving snapshot 0 210
36
time in solving system 6.632101363997208
time in solving system 0.5278696489986032
time in solving system 0.5273525600059656
concluded in  17.441214015001606
Solving snapshot 0 211
36
time in solving system 7.159259674001078
time in solving system 0.26203464200079907
time in solving system 0.11442766500113066
concluded in  13.721971351995307
Solving snapshot 0 212
36
time in solving system 6.134635064998292
time in solving system 0.3410394259990426
time in solving system 0.37575305000063963
concluded in  12.808611471002223
Solving snapshot 0 213
36
time in solving system 6.477945895006997
time in solving system 0.41621761299757054
time in solving system 0.3155392180051422
concluded in  12.789030552994518
Solving snapshot 0 214
36
time in solving system 5.789212798001245
time in solving system 0.24074636599834776
time in solving system 0.13266386600298574
concluded in  12.08685446799791
Solving snapshot 0 215
36
time in solving system 7.117825670000457
time in solving system 0.147570672997972
time in solving system 0.1324176370035275
concluded in  11.642227137999726
Solving snapshot 0 216
36
time in solving system 6.39097975200275
time in solving system 0.16600856000150088
time in solving system 0.23726864499622025
concluded in  12.460028068999236
Solving snapshot 0 217
36
time in solving system 8.015321808998124
time in solving system 0.24443851000251016
time in solving system 0.20083411700034048
concluded in  14.778421375995094
Solving snapshot 0 218
36
time in solving system 7.428707138999016
time in solving system 0.15718649700284004
time in solving system 0.16221406999829924
concluded in  14.183355977998872
Solving snapshot 0 219
36
time in solving system 8.14890679900418
time in solving system 0.2256759109950508
time in solving system 0.24818820499785943
concluded in  12.860916342004202
Solving snapshot 0 220
36
time in solving system 9.34823298399715
time in solving system 0.16073666200099979
time in solving system 0.17098915899987333
concluded in  12.97456311499991
Solving snapshot 0 221
36
time in solving system 9.341803158997209
time in solving system 0.18333810599870048
time in solving system 0.18336344699491747
concluded in  12.965577031005523
Solving snapshot 0 222
36
time in solving system 9.589361760998145
time in solving system 0.10928160900220973
time in solving system 0.10881474399502622
concluded in  14.049857446996612
Solving snapshot 0 223
36
time in solving system 6.958508741001424
time in solving system 0.11056809000001522
time in solving system 0.11304021500109229
concluded in  15.006586818999494
Solving snapshot 0 224
36
time in solving system 5.8896122759979335
time in solving system 0.12443381000048248
time in solving system 0.1140760490015964
concluded in  15.367268766996858
Solving snapshot 0 225
36
time in solving system 7.652236902998993
time in solving system 0.2975131560015143
time in solving system 0.24846794000040973
concluded in  13.874852350003493
Solving snapshot 0 226
36
time in solving system 5.519068851994234
time in solving system 0.31562187599774916
time in solving system 0.2996212270008982
concluded in  10.160319050002727
Solving snapshot 0 227
36
time in solving system 4.729300462000538
time in solving system 0.4905252259995905
time in solving system 0.611321072006831
concluded in  11.907030891998147
Solving snapshot 0 228
36
time in solving system 6.823494103002304
time in solving system 0.28230799100128934
time in solving system 0.2022317400042084
concluded in  12.535750609000388
Solving snapshot 0 229
36
time in solving system 4.084094312005618
time in solving system 0.28849934000027133
time in solving system 0.42999375100043835
concluded in  11.366365096000663
Solving snapshot 0 230
36
time in solving system 6.869486873001733
time in solving system 0.21641504899889696
time in solving system 0.24909159100207034
concluded in  14.166265872998338
Solving snapshot 0 231
36
time in solving system 6.086544104000495
time in solving system 0.13139747900277143
time in solving system 0.1203446889994666
concluded in  12.76327364899771
Solving snapshot 0 232
36
time in solving system 5.096473496996623
time in solving system 0.38723733799997717
time in solving system 0.23811304700211622
concluded in  12.826387179004087
Solving snapshot 0 233
36
time in solving system 7.261098793998826
time in solving system 0.27154954499565065
time in solving system 0.1447971229936229
concluded in  14.946003579003445
Solving snapshot 0 234
36
time in solving system 6.8341188299964415
time in solving system 0.2687867770000594
time in solving system 0.23886113300250145
concluded in  16.00156634299492
Solving snapshot 0 235
36
time in solving system 7.446072209000704
time in solving system 0.12477993700304069
time in solving system 0.17636012400180334
concluded in  15.040651340001205
Solving snapshot 0 236
36
time in solving system 5.712610629001574
time in solving system 0.16190864599775523
time in solving system 0.20865681099530775
concluded in  10.949674597999547
Solving snapshot 0 237
36
time in solving system 7.193164393000188
time in solving system 0.16305975699651754
time in solving system 0.20271612399665173
concluded in  13.85334608800622
Solving snapshot 0 238
36
time in solving system 5.324990269997215
time in solving system 0.24615106399869546
time in solving system 0.334559178998461
concluded in  12.469799171005434
Solving snapshot 0 239
36
time in solving system 5.897580561999348
time in solving system 0.3785591299965745
time in solving system 0.271260939000058
concluded in  14.404114785000274
Solving snapshot 0 240
36
time in solving system 6.9826905360023375
time in solving system 0.2542074510056409
time in solving system 0.29540732500026934
concluded in  14.022060799004976
Solving snapshot 0 241
36
time in solving system 6.699641936000262
time in solving system 0.17856813099933788
time in solving system 0.1484586670048884
concluded in  12.181144174996007
Solving snapshot 0 242
36
time in solving system 5.25878696199652
time in solving system 0.4145871150030871
time in solving system 0.28147530499700224
concluded in  10.94547868600057
Solving snapshot 0 243
36
time in solving system 5.55863594100083
time in solving system 0.1181808160035871
time in solving system 0.20213094200153137
concluded in  11.173732064999058
Solving snapshot 0 244
36
time in solving system 7.256946182002139
time in solving system 0.17249414500111016
time in solving system 0.13754582199908327
concluded in  13.676952302994323
Solving snapshot 0 245
36
time in solving system 6.782743903997471
time in solving system 0.3264683929955936
time in solving system 0.28412348300480517
concluded in  13.827723947004415
Solving snapshot 0 246
36
time in solving system 6.2532311780014425
time in solving system 0.24484377799672075
time in solving system 0.2666623269979027
concluded in  12.75990020500467
Solving snapshot 0 247
36
time in solving system 5.540877087994886
time in solving system 0.16911944699677406
time in solving system 0.16202550500020152
concluded in  12.33352410900261
Solving snapshot 0 248
36
time in solving system 4.730842236996978
time in solving system 0.43368187700252747
time in solving system 0.41767057700053556
concluded in  12.306992593999894
Solving snapshot 0 249
36
time in solving system 5.571831082001154
time in solving system 0.2717500270009623
time in solving system 0.2626130499993451
concluded in  13.114863757000421
Solving snapshot 0 250
36
time in solving system 5.555709949003358
time in solving system 0.2514614800020354
time in solving system 0.2733577759936452
concluded in  12.795363703997282
Solving snapshot 0 251
36
time in solving system 5.284560940999654
time in solving system 0.4633395240016398
time in solving system 0.30215735900128493
concluded in  13.6663820199974
Solving snapshot 0 252
36
time in solving system 6.777970087998256
time in solving system 0.17059390900249127
time in solving system 0.12339713300025323
concluded in  14.480910970996774
Solving snapshot 0 253
36
time in solving system 6.750451714993687
time in solving system 0.12321924699790543
time in solving system 0.1895469020018936
concluded in  14.361016042996198
Solving snapshot 0 254
36
time in solving system 5.436546400000225
time in solving system 0.13438740899437107
time in solving system 0.13923318500019377
concluded in  12.919678555997962
Solving snapshot 0 255
36
time in solving system 5.9229910880021635
time in solving system 0.28991768400010187
time in solving system 0.11293416599801276
concluded in  12.654526038000768
Solving snapshot 0 256
36
time in solving system 6.408912139006134
time in solving system 0.30825415699655423
time in solving system 0.23909825600276235
concluded in  14.091300758002035
Solving snapshot 0 257
36
time in solving system 5.904695917000936
time in solving system 0.23263125100493198
time in solving system 0.150216107002052
concluded in  13.323136895996868
Solving snapshot 0 258
36
time in solving system 6.977116009999008
time in solving system 0.2202767800044967
time in solving system 0.1219867969994084
concluded in  13.473120953000034
Solving snapshot 0 259
36
time in solving system 8.093557879998116
time in solving system 0.2935519849997945
time in solving system 0.3953462460049195
concluded in  13.785148296999978
Solving snapshot 0 260
36
time in solving system 9.914470400995924
time in solving system 0.20752846500545274
time in solving system 0.12272581899742363
concluded in  13.926562414999353
Solving snapshot 0 261
36
time in solving system 7.550151380004536
time in solving system 0.12624922599934507
time in solving system 0.12287008600105764
concluded in  12.637991043004149
Solving snapshot 0 262
36
time in solving system 7.661641872997279
time in solving system 0.3630493830060004
time in solving system 0.2707341009954689
concluded in  11.991559162997873
Solving snapshot 0 263
36
time in solving system 7.364358783997886
time in solving system 0.32377053199888906
time in solving system 0.2005952219988103
concluded in  11.797039318000316
Solving snapshot 0 264
36
time in solving system 7.202732468002068
time in solving system 0.12241630099742906
time in solving system 0.1955272999985027
concluded in  12.335252447999665
Solving snapshot 0 265
36
time in solving system 7.097613197998726
time in solving system 0.39220661699800985
time in solving system 0.42782123000506544
concluded in  12.724579196001287
Solving snapshot 0 266
36
time in solving system 6.9683576410025125
time in solving system 0.2004161419972661
time in solving system 0.24359926499892026
concluded in  10.938206587001332
Solving snapshot 0 267
36
time in solving system 6.564545633002126
time in solving system 0.47323860399774276
time in solving system 0.3972826939934748
concluded in  12.723312946996884
Solving snapshot 0 268
36
time in solving system 7.528376121998008
time in solving system 0.4018951960024424
time in solving system 0.24503365700365975
concluded in  13.019370674002857
Solving snapshot 0 269
36
time in solving system 8.963660266999796
time in solving system 0.27042077299847733
time in solving system 0.21525653899880126
concluded in  13.234067502999096
Solving snapshot 0 270
36
time in solving system 8.947431100001268
time in solving system 0.11706246500398265
time in solving system 0.11930322899570456
concluded in  12.488950069004204
Solving snapshot 0 271
36
time in solving system 10.71345767499588
time in solving system 0.11511946199607337
time in solving system 0.11012691199721303
concluded in  14.615150407997135
Solving snapshot 0 272
36
time in solving system 6.907848074995854
time in solving system 0.16088316999957897
time in solving system 0.1264749940019101
concluded in  14.719796040000801
Solving snapshot 0 273
36
time in solving system 6.88094660200295
time in solving system 0.2229138070033514
time in solving system 0.24105022400181042
concluded in  16.363375473003543
Solving snapshot 0 274
36
time in solving system 6.337741421004466
time in solving system 0.6126449820003472
time in solving system 0.6157800500004669
concluded in  14.853872209001565
Solving snapshot 0 275
36
time in solving system 7.189634262002073
time in solving system 0.3235003410009085
time in solving system 0.2882243069980177
concluded in  12.723348396000802
Solving snapshot 0 276
36
time in solving system 6.353608826000709
time in solving system 0.2960039070021594
time in solving system 0.25261193899495993
concluded in  13.536939238998457
Solving snapshot 0 277
36
time in solving system 7.461010305996751
time in solving system 0.41186704299616395
time in solving system 0.38442273499822477
concluded in  13.073435363003227
Solving snapshot 0 278
36
time in solving system 8.056289287000254
time in solving system 0.23555492000014056
time in solving system 0.28452056699461536
concluded in  13.876870929998404
Solving snapshot 0 279
36
time in solving system 7.158946496005228
time in solving system 0.27207256400288315
time in solving system 0.3266127799943206
concluded in  12.561049540003296
Solving snapshot 0 280
36
time in solving system 10.531945540999004
time in solving system 0.2334501180012012
time in solving system 0.22804222100239713
concluded in  16.89401194999664
Solving snapshot 0 281
36
time in solving system 6.8067827689956175
time in solving system 0.11238668500300264
time in solving system 0.11834830600128043
concluded in  14.424427830999775
Solving snapshot 0 282
36
time in solving system 4.939946653998049
time in solving system 0.13192872000217903
time in solving system 0.11667940099869156
concluded in  14.586417940001411
Solving snapshot 0 283
36
time in solving system 7.585107612998399
time in solving system 0.18465346000448335
time in solving system 0.25105301800067537
concluded in  17.4477117130009
Solving snapshot 0 284
36
time in solving system 7.818550527001207
time in solving system 0.3561998549994314
time in solving system 0.25526209799863864
concluded in  14.175529636995634
Solving snapshot 0 285
36
time in solving system 7.8783235079972656
time in solving system 0.5323870189968147
time in solving system 0.5514467570028501
concluded in  13.766959045002295
Solving snapshot 0 286
36
time in solving system 6.9329171030040015
time in solving system 0.7339938630029792
time in solving system 0.4624065360039822
concluded in  13.42696656800399
Solving snapshot 0 287
36
time in solving system 8.211604771000566
time in solving system 0.5426063769991742
time in solving system 0.5902440339996247
concluded in  14.727782934998686
Solving snapshot 0 288
36
time in solving system 9.31037524799467
time in solving system 0.2887532540044049
time in solving system 0.265591837996908
concluded in  14.221231545998307
Solving snapshot 0 289
36
time in solving system 8.712875280994922
time in solving system 0.4655909499997506
time in solving system 0.35123307799949544
concluded in  13.381625530004385
Solving snapshot 0 290
36
time in solving system 7.795592820999445
time in solving system 0.34102281899686204
time in solving system 0.4105994470010046
concluded in  12.408142054999189
Solving snapshot 0 291
36
time in solving system 6.533751777998987
time in solving system 0.3897742099943571
time in solving system 0.4006296629959252
concluded in  10.986255052004708
Solving snapshot 0 292
36
time in solving system 5.833845667999412
time in solving system 0.1512021669987007
time in solving system 0.20458631300425623
concluded in  9.839748309997958
Solving snapshot 0 293
36
time in solving system 5.340889295002853
time in solving system 0.28267037399928086
time in solving system 0.30661075800162507
concluded in  10.019257755004219
Solving snapshot 0 294
36
time in solving system 4.887347646996204
time in solving system 0.33217573200090555
time in solving system 0.3648412689944962
concluded in  9.425045996002154
Solving snapshot 0 295
36
time in solving system 5.152844074000313
time in solving system 0.17565821300377138
time in solving system 0.12942179200035753
concluded in  9.118694128999778
Solving snapshot 0 296
36
time in solving system 4.093919904000359
time in solving system 0.29984555400005775
time in solving system 0.3933471490017837
concluded in  8.616264352000144
Solving snapshot 0 297
36
time in solving system 5.223007585002051
time in solving system 0.46428938699682476
time in solving system 0.4030826879970846
concluded in  10.04004196599999
Solving snapshot 0 298
36
time in solving system 4.650104628999543
time in solving system 0.15853651100042043
time in solving system 0.15591887699702056
concluded in  8.084998493002786
Solving snapshot 0 299
36
time in solving system 1.9436876809995738
time in solving system 0.10277240499999607
time in solving system 0.1053890679977485
concluded in  6.195966030005366
[]
Not completed: []
