Solving not completed simulation: 0-th chance
Solving snapshot 0 0
36
time in solving system 1.8755434000013338
time in solving system 0.09550351800135104
time in solving system 0.0965150320007524
concluded in  6.315784585000074
Solving snapshot 0 1
36
time in solving system 1.9357111799981794
time in solving system 0.11033268499886617
time in solving system 0.11410868300299626
concluded in  6.483926605000306
Solving snapshot 0 2
36
time in solving system 2.1306517550001445
time in solving system 0.12052981899978477
time in solving system 0.11479821000102675
concluded in  6.868699737999123
Solving snapshot 0 3
36
time in solving system 2.338698730000033
time in solving system 0.1598043209996831
time in solving system 0.16238210800293018
concluded in  7.840187341000274
Solving snapshot 0 4
36
time in solving system 3.1186442600010196
time in solving system 0.2290741340002569
time in solving system 0.18491613400328788
concluded in  9.127970239002025
Solving snapshot 0 5
36
time in solving system 2.442967631999636
time in solving system 0.21992911199777154
time in solving system 0.27466688899949077
concluded in  7.784309684000618
Solving snapshot 0 6
36
time in solving system 2.7108528059980017
time in solving system 0.21039660700262175
time in solving system 0.16597983999963617
concluded in  8.27387200800149
Solving snapshot 0 7
36
time in solving system 2.531225093000103
time in solving system 0.1600899200020649
time in solving system 0.16375577099825023
concluded in  7.892957783002203
Solving snapshot 0 8
36
time in solving system 2.685932109001442
time in solving system 0.20657776499865577
time in solving system 0.1662422230001539
concluded in  8.115228475999174
Solving snapshot 0 9
36
time in solving system 2.5610869400006777
time in solving system 0.14797244199871784
time in solving system 0.12013402299999143
concluded in  7.856570076000935
Solving snapshot 0 10
36
time in solving system 2.6509322940000857
time in solving system 0.15254768100203364
time in solving system 0.12110725100137643
concluded in  9.38897780499974
Solving snapshot 0 11
36
time in solving system 2.584398830000282
time in solving system 0.1552850230000331
time in solving system 0.1288057870006014
concluded in  9.192259687999467
Solving snapshot 0 12
36
time in solving system 2.63349254700006
time in solving system 0.1606553530000383
time in solving system 0.1574411389992747
concluded in  9.511333696002112
Solving snapshot 0 13
36
time in solving system 2.592025393001677
time in solving system 0.1514081970017287
time in solving system 0.12431057399953716
concluded in  8.422441017999517
Solving snapshot 0 14
36
time in solving system 2.4505557490010688
time in solving system 0.1356338700024935
time in solving system 0.1272041980009817
concluded in  8.994627484000375
Solving snapshot 0 15
36
time in solving system 2.58986859200013
time in solving system 0.15115047699873685
time in solving system 0.12338103799993405
concluded in  8.686453564001567
Solving snapshot 0 16
36
time in solving system 2.5974036999978125
time in solving system 0.14848372400228982
time in solving system 0.12144649400215712
concluded in  9.58064953199937
Solving snapshot 0 17
36
time in solving system 2.5824307010007033
time in solving system 0.14915522299997974
time in solving system 0.12019005799811566
concluded in  8.31899034199887
Solving snapshot 0 18
36
time in solving system 2.6290971919988806
time in solving system 0.14876179400016554
time in solving system 0.12078736599869444
concluded in  9.262966956001037
Solving snapshot 0 19
36
time in solving system 2.57632018699951
time in solving system 0.14884477800296736
time in solving system 0.12051624000014272
concluded in  9.007662248997804
Solving snapshot 0 20
36
time in solving system 2.433461217999138
time in solving system 0.152314782000758
time in solving system 0.16678975299873855
concluded in  8.816232552999281
Solving snapshot 0 21
36
time in solving system 2.5992360249983903
time in solving system 0.18612559200118994
time in solving system 0.17086126999856788
concluded in  8.655351342000358
Solving snapshot 0 22
36
time in solving system 2.5834483690014167
time in solving system 0.15521643899774062
time in solving system 0.14179813699956867
concluded in  8.147440757002187
Solving snapshot 0 23
36
time in solving system 2.689524279001489
time in solving system 0.1606558630010113
time in solving system 0.17189674700057367
concluded in  8.627588886000012
Solving snapshot 0 24
36
time in solving system 2.6416691730009916
time in solving system 0.16492634200039902
time in solving system 0.18925755400050548
concluded in  9.143834981001419
Solving snapshot 0 25
36
time in solving system 2.7192327939992538
time in solving system 0.157065709001472
time in solving system 0.16626317000191193
concluded in  8.246640854998986
Solving snapshot 0 26
36
time in solving system 2.6820897729994613
time in solving system 0.1607864729994617
time in solving system 0.1703111530005117
concluded in  8.782093616999191
Solving snapshot 0 27
36
time in solving system 2.768837650997739
time in solving system 0.18799768899771152
time in solving system 0.22160135100057232
concluded in  8.831838617999892
Solving snapshot 0 28
36
time in solving system 2.5581091570020362
time in solving system 0.1586932850004814
time in solving system 0.15936308900199947
concluded in  7.890462663002836
Solving snapshot 0 29
36
time in solving system 2.4051949639979284
time in solving system 0.13224141300088377
time in solving system 0.12305815699801315
concluded in  7.851704336000694
Solving snapshot 0 30
36
time in solving system 2.6074232580031094
time in solving system 0.14818914900024538
time in solving system 0.12079003400140209
concluded in  8.232143287998042
Solving snapshot 0 31
36
time in solving system 2.514877555997373
time in solving system 0.14750964999984717
time in solving system 0.1207034989965905
concluded in  8.848601032997976
Solving snapshot 0 32
36
time in solving system 2.610064432999934
time in solving system 0.15261110800202005
time in solving system 0.1236983649978356
concluded in  8.532236086000921
Solving snapshot 0 33
36
time in solving system 2.6240845219981566
time in solving system 0.14804231399830314
time in solving system 0.1350718579997192
concluded in  9.277870807996806
Solving snapshot 0 34
36
time in solving system 2.731363541999599
time in solving system 0.1537570179971226
time in solving system 0.1407103309975355
concluded in  9.01718903499932
Solving snapshot 0 35
36
time in solving system 2.761846534001961
time in solving system 0.1636253270007728
time in solving system 0.17963278200113564
concluded in  9.236922564999986
Solving snapshot 0 36
36
time in solving system 2.9138435820023005
time in solving system 0.22474196999974083
time in solving system 0.2801460419977957
concluded in  9.236745989997871
Solving snapshot 0 37
36
time in solving system 3.1003059949980525
time in solving system 0.2429009200022847
time in solving system 0.18338765800217516
concluded in  8.601763014001335
Solving snapshot 0 38
36
time in solving system 3.8044094880024204
time in solving system 0.19038091000038548
time in solving system 0.2597072919998027
concluded in  9.820993863002514
Solving snapshot 0 39
36
time in solving system 3.6819424240020453
time in solving system 0.18957243200202356
time in solving system 0.20066515099824755
concluded in  9.615332982000837
Solving snapshot 0 40
36
time in solving system 4.021519311001612
time in solving system 0.24156978599785361
time in solving system 0.23714649199973792
concluded in  9.74786854299964
Solving snapshot 0 41
36
time in solving system 4.165291231001902
time in solving system 0.20009023099919432
time in solving system 0.1596960789975128
concluded in  10.031739555000968
Solving snapshot 0 42
36
time in solving system 3.7969483790002414
time in solving system 0.16976837800029898
time in solving system 0.18298159900223254
concluded in  9.280675604000862
Solving snapshot 0 43
36
time in solving system 3.8639550539992342
time in solving system 0.24142124699937995
time in solving system 0.18569760900209076
concluded in  9.288941607002926
Solving snapshot 0 44
36
time in solving system 3.9203835439984687
time in solving system 0.2285265270002128
time in solving system 0.19801378100237343
concluded in  9.865822065999964
Solving snapshot 0 45
36
time in solving system 4.122771269001532
time in solving system 0.26356147499973304
time in solving system 0.18711311199876945
concluded in  10.05216497299989
Solving snapshot 0 46
36
time in solving system 3.936046348000673
time in solving system 0.15408381599991117
time in solving system 0.13399588700121967
concluded in  9.583999648999452
Solving snapshot 0 47
36
time in solving system 4.628799209000135
time in solving system 0.15489673899719492
time in solving system 0.22704255600183387
concluded in  10.044512555003166
Solving snapshot 0 48
36
time in solving system 3.8959767960004683
time in solving system 0.14032490200042957
time in solving system 0.2487682790015242
concluded in  9.619013035000535
Solving snapshot 0 49
36
time in solving system 4.076931280000281
time in solving system 0.25415767899903585
time in solving system 0.1886989159975201
concluded in  9.476588974997867
Solving snapshot 0 50
36
time in solving system 4.221268348999729
time in solving system 0.2271490220009582
time in solving system 0.1646867440031201
concluded in  9.620870513997943
Solving snapshot 0 51
36
time in solving system 3.8461893840030825
time in solving system 0.3053513499980909
time in solving system 0.1447181220028142
concluded in  9.74045355600174
Solving snapshot 0 52
36
time in solving system 3.9339121079974575
time in solving system 0.24740831100280047
time in solving system 0.1542051549986354
concluded in  9.315358504001779
Solving snapshot 0 53
36
time in solving system 4.004328827999416
time in solving system 0.1950737469996966
time in solving system 0.12727878000077908
concluded in  9.6974330310004
Solving snapshot 0 54
36
time in solving system 4.103808096999273
time in solving system 0.19661670599816716
time in solving system 0.2174425359989982
concluded in  9.442336262000026
Solving snapshot 0 55
36
time in solving system 4.317349065000599
time in solving system 0.21926153000094928
time in solving system 0.12981110100008664
concluded in  10.12392288999763
Solving snapshot 0 56
36
time in solving system 3.9092640570015647
time in solving system 0.13694046399905346
time in solving system 0.12759836400073254
concluded in  9.594187310998677
Solving snapshot 0 57
36
time in solving system 4.076873008998518
time in solving system 0.28098077200047555
time in solving system 0.24396078900099383
concluded in  9.569242514000507
Solving snapshot 0 58
36
time in solving system 3.5441316429969447
time in solving system 0.2271391969989054
time in solving system 0.22329640599855338
concluded in  9.335677380997367
Solving snapshot 0 59
36
time in solving system 4.2631749760003
time in solving system 0.2003851699992083
time in solving system 0.1363378379974165
concluded in  10.131828442001279
Solving snapshot 0 60
36
time in solving system 3.663581496999541
time in solving system 0.22098955800174735
time in solving system 0.21460501900219242
concluded in  9.197352151000814
Solving snapshot 0 61
36
time in solving system 3.116902718000347
time in solving system 0.15762742900187732
time in solving system 0.17458487499970943
concluded in  8.447555789000035
Solving snapshot 0 62
36
time in solving system 3.206521135998628
time in solving system 0.15315279599963105
time in solving system 0.1391539760006708
concluded in  8.290274873997987
Solving snapshot 0 63
36
time in solving system 3.1612848289987596
time in solving system 0.16368140600025072
time in solving system 0.1689575709970086
concluded in  8.944940253997629
Solving snapshot 0 64
36
time in solving system 3.138726526998653
time in solving system 0.20338627399905818
time in solving system 0.1965078640023421
concluded in  9.146896875001403
Solving snapshot 0 65
36
time in solving system 3.145679470999312
time in solving system 0.16208186699805083
time in solving system 0.20583046100000502
concluded in  8.926991332999023
Solving snapshot 0 66
36
time in solving system 3.112513662999845
time in solving system 0.15887962899796548
time in solving system 0.16186195200134534
concluded in  8.804720674997952
Solving snapshot 0 67
36
time in solving system 3.2347873500002606
time in solving system 0.2988983949981048
time in solving system 0.18307028300114325
concluded in  9.03525665699999
Solving snapshot 0 68
36
time in solving system 3.809990364999976
time in solving system 0.21326821000184282
time in solving system 0.26683754599798704
concluded in  9.329926375001378
Solving snapshot 0 69
36
time in solving system 3.478859292998095
time in solving system 0.20149718299944652
time in solving system 0.19339995300106239
concluded in  8.901964083001076
Solving snapshot 0 70
36
time in solving system 3.4986949510021077
time in solving system 0.2959384770001634
time in solving system 0.19918008300010115
concluded in  8.926327773999219
Solving snapshot 0 71
36
time in solving system 4.0595820319977065
time in solving system 0.18236139200234902
time in solving system 0.17954902600104106
concluded in  9.638584313997853
Solving snapshot 0 72
36
time in solving system 3.259036756000569
time in solving system 0.1692576729983557
time in solving system 0.17257107899786206
concluded in  8.759453688999201
Solving snapshot 0 73
36
time in solving system 3.6727918769975076
time in solving system 0.1588467719993787
time in solving system 0.14848858400000609
concluded in  9.341667099000915
Solving snapshot 0 74
36
time in solving system 4.131438473999879
time in solving system 0.1663556929997867
time in solving system 0.2974325750001299
concluded in  10.16821771800096
Solving snapshot 0 75
36
time in solving system 3.844512785999541
time in solving system 0.2729982250020839
time in solving system 0.14420911300112493
concluded in  9.758289489000163
Solving snapshot 0 76
36
time in solving system 3.6062745800008997
time in solving system 0.20603014000153053
time in solving system 0.23175340699890512
concluded in  9.027887608997844
Solving snapshot 0 77
36
time in solving system 4.257593110000016
time in solving system 0.17327838499841164
time in solving system 0.22488368899939815
concluded in  9.68696569399981
Solving snapshot 0 78
36
time in solving system 4.332974723001826
time in solving system 0.15657722099786042
time in solving system 0.24979756000175257
concluded in  10.123399660998984
Solving snapshot 0 79
36
time in solving system 4.17523610599892
time in solving system 0.28842669900041074
time in solving system 0.16553416099850438
concluded in  9.625305003999529
Solving snapshot 0 80
36
time in solving system 3.793761932000052
time in solving system 0.1563424779997149
time in solving system 0.19131702300001052
concluded in  9.000505036001414
Solving snapshot 0 81
36
time in solving system 4.3155831930016575
time in solving system 0.20072038400030578
time in solving system 0.1570878200000152
concluded in  9.520416949002538
Solving snapshot 0 82
36
time in solving system 4.2058479499974055
time in solving system 0.2220143119993736
time in solving system 0.12841577700237394
concluded in  9.91507274399919
Solving snapshot 0 83
36
time in solving system 3.3193723040021723
time in solving system 0.20495445399865275
time in solving system 0.3004899789993942
concluded in  8.797810017000302
Solving snapshot 0 84
36
time in solving system 4.209444187999907
time in solving system 0.2650672259987914
time in solving system 0.15947348899862845
concluded in  10.07020076900153
Solving snapshot 0 85
36
time in solving system 3.6805933359974006
time in solving system 0.23638905600091675
time in solving system 0.2033352630023728
concluded in  9.496722533000138
Solving snapshot 0 86
36
time in solving system 3.5458207099982246
time in solving system 0.28079512199838064
time in solving system 0.23033565700097824
concluded in  9.00186254199798
Solving snapshot 0 87
36
time in solving system 4.171807163002086
time in solving system 0.15981308100163005
time in solving system 0.13090780499987886
concluded in  9.785154481000063
Solving snapshot 0 88
36
time in solving system 4.167736462000903
time in solving system 0.22949942400009604
time in solving system 0.13556724499721895
concluded in  9.961562205000519
Solving snapshot 0 89
36
time in solving system 4.158884786000272
time in solving system 0.23201395700016292
time in solving system 0.14163968499997281
concluded in  9.874315410997951
Solving snapshot 0 90
36
time in solving system 3.876039782000589
time in solving system 0.13860781099720043
time in solving system 0.2145420280030521
concluded in  9.112425906998396
Solving snapshot 0 91
36
time in solving system 3.3907382559991674
time in solving system 0.16525367199938046
time in solving system 0.23474132000046666
concluded in  8.870863559001009
Solving snapshot 0 92
36
time in solving system 4.264722719999554
time in solving system 0.22373273500124924
time in solving system 0.16156597500230419
concluded in  9.55518169700008
Solving snapshot 0 93
36
time in solving system 4.379791101997398
time in solving system 0.1904865169999539
time in solving system 0.18398333100049058
concluded in  10.22822863500187
Solving snapshot 0 94
36
time in solving system 3.767276963997574
time in solving system 0.18284290500014322
time in solving system 0.21936914500111016
concluded in  9.751148643001216
Solving snapshot 0 95
36
time in solving system 4.314930374999676
time in solving system 0.16086187199834967
time in solving system 0.20572737400289043
concluded in  9.837022736999643
Solving snapshot 0 96
36
time in solving system 3.7543496359976416
time in solving system 0.14290594900012366
time in solving system 0.22621921399695566
concluded in  9.59438718200181
Solving snapshot 0 97
36
time in solving system 3.997874974997103
time in solving system 0.25161872999888146
time in solving system 0.1870536410024215
concluded in  9.299436179997429
Solving snapshot 0 98
36
time in solving system 4.301005437002459
time in solving system 0.284194669999124
time in solving system 0.19190347399853636
concluded in  10.073166751000826
Solving snapshot 0 99
36
time in solving system 3.9943006339999556
time in solving system 0.15034289100003662
time in solving system 0.12416595199829317
concluded in  9.407166884000617
Solving snapshot 0 100
36
time in solving system 4.174232468998525
time in solving system 0.20969513199815992
time in solving system 0.1276349180006946
concluded in  9.351413127998967
Solving snapshot 0 101
36
time in solving system 4.1217492499999935
time in solving system 0.24740043400015566
time in solving system 0.13407613700110232
concluded in  9.477959324998665
Solving snapshot 0 102
36
time in solving system 3.586576966998109
time in solving system 0.17996790499819326
time in solving system 0.28925466099826735
concluded in  9.10511076200055
Solving snapshot 0 103
36
time in solving system 3.5551274999997986
time in solving system 0.20229808899966883
time in solving system 0.18630587599909632
concluded in  8.969594447000418
Solving snapshot 0 104
36
time in solving system 4.1401870120025706
time in solving system 0.16960712500076625
time in solving system 0.1888151179991837
concluded in  9.54759932700108
Solving snapshot 0 105
36
time in solving system 4.131430638000893
time in solving system 0.2084650509968924
time in solving system 0.25485130499873776
concluded in  9.552419341998757
Solving snapshot 0 106
36
time in solving system 3.8955258579990186
time in solving system 0.2589507990014681
time in solving system 0.14978477099793963
concluded in  9.768490903999918
Solving snapshot 0 107
36
time in solving system 3.8155346200001077
time in solving system 0.2560017140021955
time in solving system 0.21841337799924077
concluded in  9.29502802099887
Solving snapshot 0 108
36
time in solving system 3.9401274279989593
time in solving system 0.30023349299881374
time in solving system 0.18432881999979145
concluded in  9.744062522000604
Solving snapshot 0 109
36
time in solving system 3.5512217190007505
time in solving system 0.2614316869985487
time in solving system 0.19129463500212296
concluded in  9.136921597000764
Solving snapshot 0 110
36
time in solving system 3.5006557979977515
time in solving system 0.20193298799858894
time in solving system 0.2465593839988287
concluded in  9.015872913998464
Solving snapshot 0 111
36
time in solving system 3.057198949998565
time in solving system 0.17100818900144077
time in solving system 0.15811431299880496
concluded in  8.374210761998256
Solving snapshot 0 112
36
time in solving system 2.7313893499995174
time in solving system 0.16419556099936017
time in solving system 0.193712313001015
concluded in  8.187621605000459
Solving snapshot 0 113
36
time in solving system 2.689653821998945
time in solving system 0.1887903879978694
time in solving system 0.16116642400083947
concluded in  8.18520668400015
Solving snapshot 0 114
36
time in solving system 2.5956545720000577
time in solving system 0.15598556799886865
time in solving system 0.15455165499952273
concluded in  8.214370467998378
Solving snapshot 0 115
36
time in solving system 3.0058444230016903
time in solving system 0.3490858080003818
time in solving system 0.2532714720000513
concluded in  9.193783312999585
Solving snapshot 0 116
36
time in solving system 2.36705701900064
time in solving system 0.20172490699769696
time in solving system 0.21436418299708748
concluded in  7.8971924370016495
Solving snapshot 0 117
36
time in solving system 2.4436765350001224
time in solving system 0.17807853200065438
time in solving system 0.2322273710014997
concluded in  8.332957242000703
Solving snapshot 0 118
36
time in solving system 2.559780692001368
time in solving system 0.1491424720006762
time in solving system 0.1216228150005918
concluded in  7.773847034000937
Solving snapshot 0 119
36
time in solving system 2.5786982040008297
time in solving system 0.22414016900074785
time in solving system 0.16087043500010623
concluded in  9.238383146002889
Solving snapshot 0 120
36
time in solving system 2.5873684549987956
time in solving system 0.16932762899887166
time in solving system 0.23728011200000765
concluded in  9.04054715300299
Solving snapshot 0 121
36
time in solving system 3.106563735000236
time in solving system 0.21701213900087168
time in solving system 0.18941934099711943
concluded in  9.129079034002643
Solving snapshot 0 122
36
time in solving system 2.611815756001306
time in solving system 0.15584176300035324
time in solving system 0.16512794299706002
concluded in  8.235922305000713
Solving snapshot 0 123
36
time in solving system 2.549146301997098
time in solving system 0.15734318899922073
time in solving system 0.16013693799686735
concluded in  8.119756104999396
Solving snapshot 0 124
36
time in solving system 2.707427776997065
time in solving system 0.1542799130002095
time in solving system 0.18228401699889218
concluded in  8.991872839997086
Solving snapshot 0 125
36
time in solving system 2.743674875000579
time in solving system 0.18144481099807308
time in solving system 0.1372546919992601
concluded in  8.717070884998975
Solving snapshot 0 126
36
time in solving system 3.1010455659998115
time in solving system 0.21641879200251424
time in solving system 0.18772347299818648
concluded in  9.167339735999121
Solving snapshot 0 127
36
time in solving system 3.550419252998836
time in solving system 0.3041744889997062
time in solving system 0.17815709999922547
concluded in  9.64916179300053
Solving snapshot 0 128
36
time in solving system 3.45534060099817
time in solving system 0.16921535099754692
time in solving system 0.1750122539997392
concluded in  8.95528387000013
Solving snapshot 0 129
36
time in solving system 2.9661191279992636
time in solving system 0.24742784299814957
time in solving system 0.28733691799789085
concluded in  8.453107727000315
Solving snapshot 0 130
36
time in solving system 3.7193380880016775
time in solving system 0.2728266589983832
time in solving system 0.23392023599808454
concluded in  9.689618223001162
Solving snapshot 0 131
36
time in solving system 3.5139452929979598
time in solving system 0.3624382680027338
time in solving system 0.36701497299873154
concluded in  9.272767807000491
Solving snapshot 0 132
36
time in solving system 3.3960824360001425
time in solving system 0.26560650000101305
time in solving system 0.2343026540002029
concluded in  9.535806667998258
Solving snapshot 0 133
36
time in solving system 4.123639973000536
time in solving system 0.22846036400005687
time in solving system 0.14374216600117506
concluded in  9.769411777000641
Solving snapshot 0 134
36
time in solving system 3.1623779220026336
time in solving system 0.2769436439994024
time in solving system 0.24807975400108262
concluded in  8.790391364000243
Solving snapshot 0 135
36
time in solving system 3.226574753996829
time in solving system 0.34118186499836156
time in solving system 0.31494556500183535
concluded in  9.275554754996847
Solving snapshot 0 136
36
time in solving system 2.413042566000513
time in solving system 0.21838223799932166
time in solving system 0.18777730399961
concluded in  7.913962839000305
Solving snapshot 0 137
36
time in solving system 2.469814325999323
time in solving system 0.1754377779980132
time in solving system 0.16897384900221368
concluded in  7.73499832500238
Solving snapshot 0 138
36
time in solving system 2.6639080019995163
time in solving system 0.18017261099885218
time in solving system 0.17722138699900825
concluded in  8.463237184998434
Solving snapshot 0 139
36
time in solving system 3.029851037001208
time in solving system 0.16003022999939276
time in solving system 0.16456623499834677
concluded in  8.9195819939996
Solving snapshot 0 140
36
time in solving system 2.697284562000277
time in solving system 0.16785164500106475
time in solving system 0.1728459899968584
concluded in  8.95811385399793
Solving snapshot 0 141
36
time in solving system 2.6182171309992555
time in solving system 0.15615902100034873
time in solving system 0.14579182200031937
concluded in  8.330882494999969
Solving snapshot 0 142
36
time in solving system 2.5987290419980127
time in solving system 0.1677626099990448
time in solving system 0.17577238699959707
concluded in  8.459952291999798
Solving snapshot 0 143
36
time in solving system 2.6159832990015275
time in solving system 0.15446149399940623
time in solving system 0.15243542499956675
concluded in  8.378657098000986
Solving snapshot 0 144
36
time in solving system 2.556951755999762
time in solving system 0.15205451500150957
time in solving system 0.12547089500003494
concluded in  8.20144145300219
Solving snapshot 0 145
36
time in solving system 2.5543921739990765
time in solving system 0.14908274000117672
time in solving system 0.1206608780012175
concluded in  8.166571218996978
Solving snapshot 0 146
36
time in solving system 2.6830135849995713
time in solving system 0.16857056300068507
time in solving system 0.1633949360002589
concluded in  8.86896673299998
Solving snapshot 0 147
36
time in solving system 2.6867886369982443
time in solving system 0.15812823299711454
time in solving system 0.18862998899930972
concluded in  8.876908095000545
Solving snapshot 0 148
36
time in solving system 2.598037771000236
time in solving system 0.15376622899930226
time in solving system 0.1368433810021088
concluded in  8.097371589999966
Solving snapshot 0 149
36
time in solving system 2.44468252599836
time in solving system 0.2042262489994755
time in solving system 0.16039912799897138
concluded in  8.586603104999085
Solving snapshot 0 150
36
time in solving system 2.405702137002663
time in solving system 0.15296554100132198
time in solving system 0.14017304699882516
concluded in  8.209884970998246
Solving snapshot 0 151
36
time in solving system 2.4636898470016604
time in solving system 0.13412077999964822
time in solving system 0.1271380139987741
concluded in  8.257302280999284
Solving snapshot 0 152
36
time in solving system 2.4555416370021703
time in solving system 0.15331424800024251
time in solving system 0.1663659709993226
concluded in  9.02649462699992
Solving snapshot 0 153
36
time in solving system 2.619512648001546
time in solving system 0.15551803400012432
time in solving system 0.14085958800205844
concluded in  8.981262549998064
Solving snapshot 0 154
36
time in solving system 2.584333487000549
time in solving system 0.15732234200186213
time in solving system 0.1385913519989117
concluded in  8.712034894997487
Solving snapshot 0 155
36
time in solving system 2.7582487049985502
time in solving system 0.15994770800170954
time in solving system 0.1588659870030824
concluded in  9.090757304998988
Solving snapshot 0 156
36
time in solving system 3.1913548759985133
time in solving system 0.17136336600015056
time in solving system 0.16687400199953117
concluded in  9.429592286000116
Solving snapshot 0 157
36
time in solving system 3.95490574899668
time in solving system 0.26677784499770496
time in solving system 0.18601822600248852
concluded in  9.910511811001925
Solving snapshot 0 158
36
time in solving system 4.09384235700054
time in solving system 0.15742617700016126
time in solving system 0.13374547399871517
concluded in  9.775408827001229
Solving snapshot 0 159
36
time in solving system 4.013834502999089
time in solving system 0.14497497099728207
time in solving system 0.22399643000244396
concluded in  9.75856482600284
Solving snapshot 0 160
36
time in solving system 4.385164792001888
time in solving system 0.16381178899973747
time in solving system 0.20925527899817098
concluded in  10.256501734002086
Solving snapshot 0 161
36
time in solving system 3.822875631001807
time in solving system 0.14974023399918224
time in solving system 0.12848532699717907
concluded in  9.178508173001319
Solving snapshot 0 162
36
time in solving system 3.540146740000637
time in solving system 0.2539988229982555
time in solving system 0.18054267000115942
concluded in  9.05406247299834
Solving snapshot 0 163
36
time in solving system 3.5198693230013305
time in solving system 0.16661650899914093
time in solving system 0.2037333279986342
concluded in  8.966609735001839
Solving snapshot 0 164
36
time in solving system 3.401185621998593
time in solving system 0.1546929230025853
time in solving system 0.24141965399758192
concluded in  9.13893836599891
Solving snapshot 0 165
36
time in solving system 4.0868478789998335
time in solving system 0.18444615400221664
time in solving system 0.12672740500056534
concluded in  9.722466344999702
Solving snapshot 0 166
36
time in solving system 4.051067821998004
time in solving system 0.25572962099977303
time in solving system 0.15946283400262473
concluded in  9.452979246001632
Solving snapshot 0 167
36
time in solving system 3.869208714000706
time in solving system 0.20071475899749203
time in solving system 0.15761175100124092
concluded in  9.242487389001326
Solving snapshot 0 168
36
time in solving system 3.755871068002307
time in solving system 0.24143657400054508
time in solving system 0.23690501999953995
concluded in  9.55003476300044
Solving snapshot 0 169
36
time in solving system 3.851207865998731
time in solving system 0.18175346300267847
time in solving system 0.20253740399857634
concluded in  9.31384661699849
Solving snapshot 0 170
36
time in solving system 3.462269400002697
time in solving system 0.19633431100010057
time in solving system 0.16442752399962046
concluded in  9.390700047999417
Solving snapshot 0 171
36
time in solving system 3.6891404850030085
time in solving system 0.28030762699927436
time in solving system 0.22905649400127004
concluded in  9.190551849998883
Solving snapshot 0 172
36
time in solving system 3.5368556780013023
time in solving system 0.19435100600094302
time in solving system 0.1884963010015781
concluded in  9.381329872998322
Solving snapshot 0 173
36
time in solving system 3.5928983080011676
time in solving system 0.1935559679986909
time in solving system 0.19734528600019985
concluded in  9.622364677998121
Solving snapshot 0 174
36
time in solving system 4.037530769001023
time in solving system 0.16447366200009128
time in solving system 0.1427845990001515
concluded in  9.705024850998598
Solving snapshot 0 175
36
time in solving system 3.94973233500059
time in solving system 0.17248323600142612
time in solving system 0.18735281699991901
concluded in  9.23689768300028
Solving snapshot 0 176
36
time in solving system 3.6851590529986424
time in solving system 0.2351591609985917
time in solving system 0.199607749000279
concluded in  9.6322193829983
Solving snapshot 0 177
36
time in solving system 3.783482824001112
time in solving system 0.1827600180004083
time in solving system 0.1668196739992709
concluded in  9.079517755002598
Solving snapshot 0 178
36
time in solving system 3.6026983080009813
time in solving system 0.1614557920001971
time in solving system 0.14157767099823104
concluded in  8.925172278999526
Solving snapshot 0 179
36
time in solving system 3.7438066649992834
time in solving system 0.18943465600023046
time in solving system 0.18994876699798624
concluded in  9.180395652998413
Solving snapshot 0 180
36
time in solving system 3.518761669001833
time in solving system 0.29945946000225376
time in solving system 0.17281113699937123
concluded in  9.606177480000042
Solving snapshot 0 181
36
time in solving system 3.3416144419970806
time in solving system 0.20296595500258263
time in solving system 0.17531482399863307
concluded in  8.575435771999764
Solving snapshot 0 182
36
time in solving system 3.002428110001347
time in solving system 0.1576685149993864
time in solving system 0.1472134889991139
concluded in  8.340025526998943
Solving snapshot 0 183
36
time in solving system 3.2079568820008717
time in solving system 0.15847016100087785
time in solving system 0.14907900899925153
concluded in  8.54148361300031
Solving snapshot 0 184
36
time in solving system 2.9414709600023343
time in solving system 0.2265330360023654
time in solving system 0.176691082000616
concluded in  8.70441394899899
Solving snapshot 0 185
36
time in solving system 2.7942383080007858
time in solving system 0.21566850100134616
time in solving system 0.18569289999868488
concluded in  8.477777090000018
Solving snapshot 0 186
36
time in solving system 2.892713452998578
time in solving system 0.16088247000152478
time in solving system 0.1951941520019318
concluded in  8.96206121599971
Solving snapshot 0 187
36
time in solving system 2.564395737997984
time in solving system 0.16210517799845547
time in solving system 0.17437549800160923
concluded in  8.629500428000028
Solving snapshot 0 188
36
time in solving system 2.6166559260018403
time in solving system 0.19133556000087992
time in solving system 0.16070289100025548
concluded in  8.05537898199691
Solving snapshot 0 189
36
time in solving system 2.565585012001975
time in solving system 0.15812598599950434
time in solving system 0.13876690600227448
concluded in  8.099648299001274
Solving snapshot 0 190
36
time in solving system 2.378785077999055
time in solving system 0.13225341200086405
time in solving system 0.1393456520017935
concluded in  8.463969519001694
Solving snapshot 0 191
36
time in solving system 2.593755448997399
time in solving system 0.160382498997933
time in solving system 0.15940015699743526
concluded in  8.785478271998727
Solving snapshot 0 192
36
time in solving system 2.6016851129970746
time in solving system 0.15100150800208212
time in solving system 0.12323410499811871
concluded in  8.726180603000103
Solving snapshot 0 193
36
time in solving system 2.5369944960002613
time in solving system 0.1479724040000292
time in solving system 0.1307250940008089
concluded in  8.618270278999262
Solving snapshot 0 194
36
time in solving system 2.61004262699862
time in solving system 0.2130238929967163
time in solving system 0.17095585199786
concluded in  8.198165884998161
Solving snapshot 0 195
36
time in solving system 2.5892668119995506
time in solving system 0.15417679000165663
time in solving system 0.14332738499797415
concluded in  8.112454960999457
Solving snapshot 0 196
36
time in solving system 2.6408479290003015
time in solving system 0.24707058400235837
time in solving system 0.1667566860014631
concluded in  8.9203205920021
Solving snapshot 0 197
36
time in solving system 2.421987898997031
time in solving system 0.1298843289987417
time in solving system 0.12195633600276778
concluded in  7.731197250999685
Solving snapshot 0 198
36
time in solving system 2.404420825998386
time in solving system 0.1321428589981224
time in solving system 0.12301690199819859
concluded in  8.600720820002607
Solving snapshot 0 199
36
time in solving system 2.4266804119979497
time in solving system 0.13246919800076284
time in solving system 0.12374879100025282
concluded in  8.748184438998578
Solving snapshot 0 200
36
time in solving system 2.4156175930002064
time in solving system 0.13660947999960626
time in solving system 0.12936846899901866
concluded in  8.833678612998483
Solving snapshot 0 201
36
time in solving system 2.444066626001586
time in solving system 0.1318127269987599
time in solving system 0.12305934399773832
concluded in  8.990720912999677
Solving snapshot 0 202
36
time in solving system 2.6833467989999917
time in solving system 0.1510201169985521
time in solving system 0.12157024399857619
concluded in  9.101473915998213
Solving snapshot 0 203
36
time in solving system 2.3624347939985455
time in solving system 0.13171116599914967
time in solving system 0.12320384000122431
concluded in  7.865702748000331
Solving snapshot 0 204
36
time in solving system 2.592708913001843
time in solving system 0.1509561200000462
time in solving system 0.14971485599744483
concluded in  8.440072694000264
Solving snapshot 0 205
36
time in solving system 2.4027413799994974
time in solving system 0.13115170699893497
time in solving system 0.12555610200070078
concluded in  7.979575526002009
Solving snapshot 0 206
36
time in solving system 2.576745875998313
time in solving system 0.15698927999983425
time in solving system 0.1606656709991512
concluded in  8.854018873000314
Solving snapshot 0 207
36
time in solving system 2.389608538000175
time in solving system 0.13049541000145837
time in solving system 0.12159798900029273
concluded in  8.022349760998623
Solving snapshot 0 208
36
time in solving system 2.5809215279987257
time in solving system 0.15543781999804196
time in solving system 0.14728374400147004
concluded in  8.552278349998232
Solving snapshot 0 209
36
time in solving system 2.5903766989977157
time in solving system 0.15029800099728163
time in solving system 0.12425336699743639
concluded in  8.360065829998348
Solving snapshot 0 210
36
time in solving system 2.653882024002087
time in solving system 0.15421700099977897
time in solving system 0.1377355440017709
concluded in  9.021658935998857
Solving snapshot 0 211
36
time in solving system 2.5615450910008803
time in solving system 0.19949734100009664
time in solving system 0.1562404010001046
concluded in  8.665152370002033
Solving snapshot 0 212
36
time in solving system 2.422722134000651
time in solving system 0.13290477000191459
time in solving system 0.12441148300058558
concluded in  7.768072025999572
Solving snapshot 0 213
36
time in solving system 2.622688288000063
time in solving system 0.14959002200339455
time in solving system 0.12709419500242802
concluded in  8.963613500000065
Solving snapshot 0 214
36
time in solving system 2.417599906999385
time in solving system 0.13184805000128108
time in solving system 0.12371244600217324
concluded in  7.753702811001858
Solving snapshot 0 215
36
time in solving system 2.557956442997238
time in solving system 0.15161249899756513
time in solving system 0.13294786900223698
concluded in  9.020726929000375
Solving snapshot 0 216
36
time in solving system 2.495709014001477
time in solving system 0.14149544799875002
time in solving system 0.13228113800141728
concluded in  8.213690257998678
Solving snapshot 0 217
36
time in solving system 2.5993873730003543
time in solving system 0.15808517900222796
time in solving system 0.13651239099999657
concluded in  9.188440412999626
Solving snapshot 0 218
36
time in solving system 2.594822798997484
time in solving system 0.15965603600125178
time in solving system 0.13616559700312791
concluded in  9.508737255997403
Solving snapshot 0 219
36
time in solving system 2.6069494189978286
time in solving system 0.16392589200040675
time in solving system 0.15185796600053436
concluded in  8.826866604002134
Solving snapshot 0 220
36
time in solving system 2.8502238239998405
time in solving system 0.17040707600244787
time in solving system 0.16587242900277488
concluded in  10.073313470002176
Solving snapshot 0 221
36
time in solving system 2.625813268001366
time in solving system 0.17004112900031032
time in solving system 0.14425631500125746
concluded in  8.646096303000377
Solving snapshot 0 222
36
time in solving system 2.596522267002001
time in solving system 0.15222688199719414
time in solving system 0.14051402499899268
concluded in  8.63989292900078
Solving snapshot 0 223
36
time in solving system 2.4426089330008836
time in solving system 0.135458163000294
time in solving system 0.12833443999988958
concluded in  8.377214828000433
Solving snapshot 0 224
36
time in solving system 2.447947276999912
time in solving system 0.1384660250005254
time in solving system 0.16019461900214083
concluded in  9.123678713000118
Solving snapshot 0 225
36
time in solving system 2.7342638740010443
time in solving system 0.16154568799902336
time in solving system 0.16333078100069542
concluded in  9.172465341998759
Solving snapshot 0 226
36
time in solving system 2.5495206499981578
time in solving system 0.1535483789994032
time in solving system 0.158479557998362
concluded in  8.301324203999684
Solving snapshot 0 227
36
time in solving system 2.596059362000233
time in solving system 0.15142853200086392
time in solving system 0.12121553200267954
concluded in  8.295684879001783
Solving snapshot 0 228
36
time in solving system 2.626208620000398
time in solving system 0.1533720049992553
time in solving system 0.13203955800054246
concluded in  8.683112119997531
Solving snapshot 0 229
36
time in solving system 2.587772586997744
time in solving system 0.15111540299767512
time in solving system 0.1326275169994915
concluded in  9.008243745000073
Solving snapshot 0 230
36
time in solving system 2.7898560569992696
time in solving system 0.19922095999936573
time in solving system 0.1736633799991978
concluded in  8.938315965999209
Solving snapshot 0 231
36
time in solving system 2.8929996939987177
time in solving system 0.1718849719982245
time in solving system 0.17813016200307175
concluded in  8.49375060300008
Solving snapshot 0 232
36
time in solving system 2.716284671001631
time in solving system 0.15750165399731486
time in solving system 0.22326710199922672
concluded in  8.769704105998244
Solving snapshot 0 233
36
time in solving system 2.6064078150011483
time in solving system 0.15986352700201678
time in solving system 0.16527579100147705
concluded in  8.160841171000357
Solving snapshot 0 234
36
time in solving system 2.464800831003231
time in solving system 0.16380572299749474
time in solving system 0.1725618359996588
concluded in  8.214183626001613
Solving snapshot 0 235
36
time in solving system 2.3786816360006924
time in solving system 0.15444013500018627
time in solving system 0.1656526600017969
concluded in  8.262469838999095
Solving snapshot 0 236
36
time in solving system 2.6214218150016677
time in solving system 0.16250679299992044
time in solving system 0.1416321530014102
concluded in  8.673527058002946
Solving snapshot 0 237
36
time in solving system 2.5887166339998657
time in solving system 0.17017903099986142
time in solving system 0.16912351500286604
concluded in  9.081200415999774
Solving snapshot 0 238
36
time in solving system 2.402960011000687
time in solving system 0.1446892880012456
time in solving system 0.16169459799857577
concluded in  8.665718580999965
Solving snapshot 0 239
36
time in solving system 2.8567591159990116
time in solving system 0.16586850000021514
time in solving system 0.1434520920010982
concluded in  8.448034626999288
Solving snapshot 0 240
36
time in solving system 2.747789251003269
time in solving system 0.16012718800266157
time in solving system 0.13623742399795447
concluded in  8.418740850000177
Solving snapshot 0 241
36
time in solving system 3.1008179819982615
time in solving system 0.18863315400085412
time in solving system 0.15525769199666684
concluded in  9.166667479999887
Solving snapshot 0 242
36
time in solving system 3.2450515380005527
time in solving system 0.16327108400219004
time in solving system 0.246482537000702
concluded in  9.503398823999305
Solving snapshot 0 243
36
time in solving system 3.3266126710004755
time in solving system 0.19707946899870876
time in solving system 0.16309317099876353
concluded in  8.705729663997772
Solving snapshot 0 244
36
time in solving system 3.02631913499863
time in solving system 0.17274757199993473
time in solving system 0.18870736199824023
concluded in  8.473995106000075
Solving snapshot 0 245
36
time in solving system 3.5400595659993996
time in solving system 0.32021029600218753
time in solving system 0.18340202100080205
concluded in  9.652982908999547
Solving snapshot 0 246
36
time in solving system 3.3131857459993626
time in solving system 0.2873108700005105
time in solving system 0.260843391999515
concluded in  9.251043147000019
Solving snapshot 0 247
36
time in solving system 2.936158497002907
time in solving system 0.2267662170015683
time in solving system 0.26730222100013634
concluded in  8.418328319003194
Solving snapshot 0 248
36
time in solving system 3.426363204001973
time in solving system 0.37797825100278715
time in solving system 0.33928609099893947
concluded in  9.744123330998264
Solving snapshot 0 249
36
time in solving system 2.8684573370010185
time in solving system 0.2604667489977146
time in solving system 0.2240048060011759
concluded in  8.526498075996642
Solving snapshot 0 250
36
time in solving system 2.497346930002095
time in solving system 0.1967389909987105
time in solving system 0.1812565000000177
concluded in  8.332443684001191
Solving snapshot 0 251
36
time in solving system 2.426589843998954
time in solving system 0.13419229999999516
time in solving system 0.1234801589998824
concluded in  7.484464245000709
Solving snapshot 0 252
36
time in solving system 2.432985192997876
time in solving system 0.13205505199948675
time in solving system 0.13093085099899326
concluded in  8.38386575199911
Solving snapshot 0 253
36
time in solving system 2.4279087229988363
time in solving system 0.16454361100113601
time in solving system 0.16235840000081225
concluded in  8.544758803996956
Solving snapshot 0 254
36
time in solving system 2.6823110620025545
time in solving system 0.1524366670018935
time in solving system 0.12738309799897252
concluded in  8.494568448000791
Solving snapshot 0 255
36
time in solving system 2.4710836880003626
time in solving system 0.13283728899841662
time in solving system 0.12460489599834546
concluded in  8.94779827900129
Solving snapshot 0 256
36
time in solving system 2.611387821001699
time in solving system 0.15818567399765016
time in solving system 0.16662128799725906
concluded in  8.908583602998988
Solving snapshot 0 257
36
time in solving system 2.5759727340009704
time in solving system 0.1586522409997997
time in solving system 0.13571847099956358
concluded in  8.248746330002177
Solving snapshot 0 258
36
time in solving system 2.5696242170015466
time in solving system 0.14921272400169983
time in solving system 0.12133585099945776
concluded in  8.637916479998239
Solving snapshot 0 259
36
time in solving system 2.449189954997564
time in solving system 0.180915097000252
time in solving system 0.12750902100015082
concluded in  8.524176330000046
Solving snapshot 0 260
36
time in solving system 2.4038330940020387
time in solving system 0.13775901999906637
time in solving system 0.12430961700010812
concluded in  8.660991569999169
Solving snapshot 0 261
36
time in solving system 2.3925636769999983
time in solving system 0.13002697200136026
time in solving system 0.1271309879994078
concluded in  8.58269000600194
Solving snapshot 0 262
36
time in solving system 2.577390008002112
time in solving system 0.14963243999955012
time in solving system 0.12655523500143318
concluded in  8.884626637998736
Solving snapshot 0 263
36
time in solving system 2.4549762750029913
time in solving system 0.13255152700003237
time in solving system 0.12365556799704791
concluded in  8.24411965499894
Solving snapshot 0 264
36
time in solving system 2.364674932003254
time in solving system 0.1322727839979052
time in solving system 0.12444568900173181
concluded in  8.411504720999801
Solving snapshot 0 265
36
time in solving system 2.406947952000337
time in solving system 0.1325855480026803
time in solving system 0.12621423300151946
concluded in  8.071743202999642
Solving snapshot 0 266
36
time in solving system 2.6225699210008315
time in solving system 0.14900756900169654
time in solving system 0.12138486599724274
concluded in  8.78092643799755
Solving snapshot 0 267
36
time in solving system 2.5825643819989637
time in solving system 0.1733965069979604
time in solving system 0.1622387429997616
concluded in  8.926357717999053
Solving snapshot 0 268
36
time in solving system 2.4069274479988962
time in solving system 0.13065509100124473
time in solving system 0.12324452500251937
concluded in  7.926398212999629
Solving snapshot 0 269
36
time in solving system 2.6063171030000376
time in solving system 0.15274254199903226
time in solving system 0.14056431600329233
concluded in  8.349505646998296
Solving snapshot 0 270
36
time in solving system 2.60319428600269
time in solving system 0.14764379199914401
time in solving system 0.13492180799948983
concluded in  8.402628744999674
Solving snapshot 0 271
36
time in solving system 2.3442820939999365
time in solving system 0.13131249199796002
time in solving system 0.12370070899851271
concluded in  8.430694252001558
Solving snapshot 0 272
36
time in solving system 2.377819762001309
time in solving system 0.1303702949990111
time in solving system 0.12257436100117047
concluded in  8.41468416799762
Solving snapshot 0 273
36
time in solving system 2.4192507789994124
time in solving system 0.1365454150000005
time in solving system 0.12283451899929787
concluded in  8.141143333999935
Solving snapshot 0 274
36
time in solving system 2.6094631719970494
time in solving system 0.15359878999879584
time in solving system 0.1246441790026438
concluded in  8.951859531000082
Solving snapshot 0 275
36
time in solving system 2.6396571389996097
time in solving system 0.1549696780020895
time in solving system 0.1267704979982227
concluded in  8.807882631001121
Solving snapshot 0 276
36
time in solving system 2.4127872130011383
time in solving system 0.13869917700139922
time in solving system 0.1318118580020382
concluded in  8.895199143000355
Solving snapshot 0 277
36
time in solving system 2.436047786999552
time in solving system 0.15058459599822527
time in solving system 0.16869470500023453
concluded in  9.591683913000452
Solving snapshot 0 278
36
time in solving system 2.755773111999588
time in solving system 0.16481734099943424
time in solving system 0.14919352600190905
concluded in  9.253562008001609
Solving snapshot 0 279
36
time in solving system 2.65873793100036
time in solving system 0.1600974299981317
time in solving system 0.14599621600063983
concluded in  8.352135006000026
Solving snapshot 0 280
36
time in solving system 3.1767628909983614
time in solving system 0.16938805599784246
time in solving system 0.2744388910032285
concluded in  9.151142730999709
Solving snapshot 0 281
36
time in solving system 3.5736032750028244
time in solving system 0.30021440999917104
time in solving system 0.17831168100019568
concluded in  9.119690603998606
Solving snapshot 0 282
36
time in solving system 3.486610505999124
time in solving system 0.2091818270018848
time in solving system 0.16334523700061254
concluded in  8.955404478998389
Solving snapshot 0 283
36
time in solving system 4.277598061999015
time in solving system 0.22641174100135686
time in solving system 0.15419003299757605
concluded in  10.089523818998714
Solving snapshot 0 284
36
time in solving system 4.019458942999336
time in solving system 0.15371641700039618
time in solving system 0.22620215100323549
concluded in  9.89102296800047
Solving snapshot 0 285
36
time in solving system 3.68652911600293
time in solving system 0.31308792699928745
time in solving system 0.25385869599995203
concluded in  9.334497318999638
Solving snapshot 0 286
36
time in solving system 3.2166775209989282
time in solving system 0.38475340500008315
time in solving system 0.32332336000035866
concluded in  9.061668067999562
Solving snapshot 0 287
36
time in solving system 2.5266370449971873
time in solving system 0.18042223900192766
time in solving system 0.3102764759969432
concluded in  8.32360840399997
Solving snapshot 0 288
36
time in solving system 3.3425735979981255
time in solving system 0.2614671989977069
time in solving system 0.22033162399748107
concluded in  9.417380865001178
Solving snapshot 0 289
36
time in solving system 3.730121279000741
time in solving system 0.1628121550020296
time in solving system 0.2505864279992238
concluded in  9.608901124000113
Solving snapshot 0 290
36
time in solving system 4.04725662599958
time in solving system 0.2492639420015621
time in solving system 0.24788863800131367
concluded in  9.46173725799963
Solving snapshot 0 291
36
time in solving system 4.405950517000747
time in solving system 0.22140852799930144
time in solving system 0.2580832349995035
concluded in  10.191193099002703
Solving snapshot 0 292
36
time in solving system 4.245984985998803
time in solving system 0.15543516400066437
time in solving system 0.12939507499686442
concluded in  9.665587048002635
Solving snapshot 0 293
36
time in solving system 3.611740853997617
time in solving system 0.18395038600283442
time in solving system 0.20438399399790796
concluded in  9.127447189999657
Solving snapshot 0 294
36
time in solving system 3.5567222959980427
time in solving system 0.36861848500120686
time in solving system 0.4258940250001615
concluded in  9.36041109299913
Solving snapshot 0 295
36
time in solving system 4.389754873001948
time in solving system 0.2171196780000173
time in solving system 0.22987713899783557
concluded in  10.373893574000249
Solving snapshot 0 296
36
time in solving system 3.9465571740001906
time in solving system 0.27590715900078067
time in solving system 0.16527276600027108
concluded in  9.517174577998958
Solving snapshot 0 297
36
time in solving system 4.130380229998991
time in solving system 0.24288256499858107
time in solving system 0.14487288999953307
concluded in  9.770153508001385
Solving snapshot 0 298
36
time in solving system 3.11503769599949
time in solving system 0.18814459599889233
time in solving system 0.18623248400035664
concluded in  8.114732245998312
Solving snapshot 0 299
36
time in solving system 3.024009417000343
time in solving system 0.18696278300194535
time in solving system 0.14280185099778464
concluded in  8.46122521199868
[]
Not completed: []
