Solving not completed simulation: 0-th chance
Solving snapshot 0.0 774
36
time in solving system 4.528560193997691
time in solving system 0.3311214160057716
time in solving system 0.18703451899637002
concluded in  7.750332689989591
Solving snapshot 0.0 775
36
time in solving system 4.825065964992973
time in solving system 0.11060683899268042
time in solving system 0.13360151900269557
concluded in  8.204119989997707
Solving snapshot 0.0 776
36
time in solving system 4.779007141012698
time in solving system 0.10862396500306204
time in solving system 0.14448624799842946
concluded in  7.830514258996118
Solving snapshot 0.0 777
36
