Solving not completed simulation: 0-th chance
Solving snapshot 0 0
36
time in solving system 3.782127884998772
time in solving system 0.2323700730012206
time in solving system 0.21997427699898253
concluded in  9.102375050002593
Solving snapshot 0 1
36
time in solving system 3.3881320590007817
time in solving system 0.19453723399783485
time in solving system 0.21397137600069982
concluded in  8.800112233999243
Solving snapshot 0 2
36
time in solving system 3.441008760997647
time in solving system 0.13781544599987683
time in solving system 0.1571470410017355
concluded in  8.751753553999151
Solving snapshot 0 3
36
time in solving system 3.416129164001177
time in solving system 0.2211096760001965
time in solving system 0.26844965200143633
concluded in  8.621511781999288
Solving snapshot 0 4
36
time in solving system 3.8899177280000004
time in solving system 0.21955042999979923
time in solving system 0.13229050299923983
concluded in  9.348519829996803
Solving snapshot 0 5
36
time in solving system 4.07398307600306
time in solving system 0.14992866899774526
time in solving system 0.1251950769983523
concluded in  9.634169847999146
Solving snapshot 0 6
36
time in solving system 3.5054393999998865
time in solving system 0.20440890800091438
time in solving system 0.16409474400279578
concluded in  8.87235167199833
Solving snapshot 0 7
36
time in solving system 2.807611823998741
time in solving system 0.1498778540008061
time in solving system 0.16310094100117567
concluded in  8.023510586001066
Solving snapshot 0 8
36
time in solving system 3.274455458002194
time in solving system 0.2470510210005159
time in solving system 0.19261801700122305
concluded in  8.666422928999964
Solving snapshot 0 9
36
time in solving system 2.831458428001497
time in solving system 0.15538318600010825
time in solving system 0.16933183900255244
concluded in  8.26858509199883
Solving snapshot 0 10
36
time in solving system 3.350895274001232
time in solving system 0.15967221800019615
time in solving system 0.18845789600163698
concluded in  9.129715816001408
Solving snapshot 0 11
36
time in solving system 3.281434494001587
time in solving system 0.17087876200093888
time in solving system 0.28984934799882467
concluded in  9.264794251001149
Solving snapshot 0 12
36
time in solving system 3.957496725000965
time in solving system 0.251616321002075
time in solving system 0.24796884399984265
concluded in  9.789641359002417
Solving snapshot 0 13
36
time in solving system 4.01451661900137
time in solving system 0.24174479100111057
time in solving system 0.19612210699779098
concluded in  9.746009876998869
Solving snapshot 0 14
36
time in solving system 4.207318147000478
time in solving system 0.2379287240000849
time in solving system 0.12201156399896718
concluded in  10.078972494000482
Solving snapshot 0 15
36
time in solving system 4.312907621002523
time in solving system 0.15307801099697826
time in solving system 0.13091504899784923
concluded in  9.591458400998818
Solving snapshot 0 16
36
time in solving system 4.0764766659995075
time in solving system 0.156623139999283
time in solving system 0.13381390100039425
concluded in  9.472657973998139
Solving snapshot 0 17
36
time in solving system 3.9202922750009748
time in solving system 0.22336498799995752
time in solving system 0.13636663999932352
concluded in  9.769529758003046
Solving snapshot 0 18
36
time in solving system 4.053699845997471
time in solving system 0.23366297599932295
time in solving system 0.2207071850025386
concluded in  9.98850338199918
Solving snapshot 0 19
36
time in solving system 4.284143614997447
time in solving system 0.1928446250021807
time in solving system 0.1717873259985936
concluded in  9.471649720999267
Solving snapshot 0 20
36
time in solving system 3.9593342980006128
time in solving system 0.1593921580024471
time in solving system 0.17061060199921485
concluded in  9.262609886998689
Solving snapshot 0 21
36
time in solving system 3.752255201998196
time in solving system 0.1600975909968838
time in solving system 0.1692538669994974
concluded in  9.475098142000206
Solving snapshot 0 22
36
time in solving system 3.9129820669986657
time in solving system 0.13405627699830802
time in solving system 0.13848237999991397
concluded in  9.621781636000378
Solving snapshot 0 23
36
time in solving system 4.037624099000823
time in solving system 0.18722201800119365
time in solving system 0.12816689100145595
concluded in  9.912065921002068
Solving snapshot 0 24
36
time in solving system 3.7804421330001787
time in solving system 0.17309196000132943
time in solving system 0.15967842299869517
concluded in  9.200800100999913
Solving snapshot 0 25
36
time in solving system 3.7214415010021185
time in solving system 0.16760299200177542
time in solving system 0.24626921600065543
concluded in  9.170494646001316
Solving snapshot 0 26
36
time in solving system 3.603381678000005
time in solving system 0.22253149099924485
time in solving system 0.15619138100009877
concluded in  9.107591009000316
Solving snapshot 0 27
36
time in solving system 4.1179812679984025
time in solving system 0.18961550599851762
time in solving system 0.1327406320015143
concluded in  9.69943696500195
Solving snapshot 0 28
36
time in solving system 3.7973430730016844
time in solving system 0.27055750799991074
time in solving system 0.17740136900101788
concluded in  9.550915300998895
Solving snapshot 0 29
36
time in solving system 3.6316896610005642
time in solving system 0.15859733600154868
time in solving system 0.2453485060032108
concluded in  8.942168479999964
Solving snapshot 0 30
36
time in solving system 4.105462968000211
time in solving system 0.19080728499830002
time in solving system 0.13695587400070508
concluded in  9.737650884002505
Solving snapshot 0 31
36
time in solving system 3.7295308920001844
time in solving system 0.27261797100072727
time in solving system 0.1812625329985167
concluded in  9.033300761999271
Solving snapshot 0 32
36
time in solving system 4.022604200999922
time in solving system 0.25215057199966395
time in solving system 0.23744429999715067
concluded in  9.376877988997876
Solving snapshot 0 33
36
time in solving system 4.206408139001724
time in solving system 0.2384175500010315
time in solving system 0.12788421199729783
concluded in  9.888564318000135
Solving snapshot 0 34
36
time in solving system 3.9891354110004613
time in solving system 0.16645300000163843
time in solving system 0.2168314629998349
concluded in  9.614107023000543
Solving snapshot 0 35
36
time in solving system 3.7790143830025045
time in solving system 0.1488586449995637
time in solving system 0.22405469600198558
concluded in  9.497669755997777
Solving snapshot 0 36
36
time in solving system 3.780458143002761
time in solving system 0.22899729300115723
time in solving system 0.1305617500001972
concluded in  9.316835009001807
Solving snapshot 0 37
36
time in solving system 4.530786164003075
time in solving system 0.1734282119978161
time in solving system 0.18368917999760015
concluded in  9.912040084996988
Solving snapshot 0 38
36
time in solving system 3.7943677739967825
time in solving system 0.23886058300195145
time in solving system 0.1538472960019135
concluded in  9.29717705999792
Solving snapshot 0 39
36
time in solving system 4.211165443000937
time in solving system 0.20298633000129485
time in solving system 0.14052842000091914
concluded in  9.307330275001732
Solving snapshot 0 40
36
time in solving system 3.7915858069973183
time in solving system 0.18112964600004489
time in solving system 0.13589115700233378
concluded in  9.527852248000272
Solving snapshot 0 41
36
time in solving system 3.4645121739995375
time in solving system 0.21913466999831144
time in solving system 0.2206034569971962
concluded in  8.807851520999975
Solving snapshot 0 42
36
time in solving system 3.8546052879974013
time in solving system 0.19649093599946355
time in solving system 0.1737164379992464
concluded in  9.250005539000995
Solving snapshot 0 43
36
time in solving system 3.9665672359988093
time in solving system 0.17376176600009785
time in solving system 0.1774772339995252
concluded in  9.335851376999926
Solving snapshot 0 44
36
time in solving system 4.105828820996976
time in solving system 0.18392234099883353
time in solving system 0.2286013639968587
concluded in  9.848457141997642
Solving snapshot 0 45
36
time in solving system 4.264620695001213
time in solving system 0.2769567260002077
time in solving system 0.27644261100067524
concluded in  10.15459773099792
Solving snapshot 0 46
36
time in solving system 3.894901042996935
time in solving system 0.19047990199760534
time in solving system 0.21737715500057675
concluded in  9.29447429100037
Solving snapshot 0 47
36
time in solving system 4.0452885779995995
time in solving system 0.25650890700126183
time in solving system 0.18162924900025246
concluded in  9.909315969998715
Solving snapshot 0 48
36
time in solving system 3.6121450239988917
time in solving system 0.27569290199971874
time in solving system 0.23929546200088225
concluded in  9.338078625998605
Solving snapshot 0 49
36
time in solving system 3.8175037979999615
time in solving system 0.174713286000042
time in solving system 0.24401165200106334
concluded in  9.450461478001671
Solving snapshot 0 50
36
time in solving system 3.985635775999981
time in solving system 0.1661116699979175
time in solving system 0.21137456300129998
concluded in  9.11057586699826
Solving snapshot 0 51
36
time in solving system 3.276470609998796
time in solving system 0.3473443680013588
time in solving system 0.1879399330027809
concluded in  8.69349993799915
Solving snapshot 0 52
36
time in solving system 3.0602146790006373
time in solving system 0.3234897020010976
time in solving system 0.20225564400243456
concluded in  8.26780266300193
Solving snapshot 0 53
36
time in solving system 3.567030098001851
time in solving system 0.3715452960022958
time in solving system 0.23393866800324759
concluded in  8.895395509000082
Solving snapshot 0 54
36
time in solving system 3.263472714003001
time in solving system 0.20203382799809333
time in solving system 0.3919398709986126
concluded in  8.712976975999482
Solving snapshot 0 55
36
time in solving system 3.588185758999316
time in solving system 0.30684124999970663
time in solving system 0.1691594019976037
concluded in  9.15199096500146
Solving snapshot 0 56
36
time in solving system 4.352786752999236
time in solving system 0.22254705800150987
time in solving system 0.17116915000224253
concluded in  10.347516476002056
Solving snapshot 0 57
36
time in solving system 4.352771350000694
time in solving system 0.2129481530027988
time in solving system 0.13346012300098664
concluded in  10.048751214999356
Solving snapshot 0 58
36
time in solving system 4.542481342003157
time in solving system 0.17291404999923543
time in solving system 0.20781330699901446
concluded in  9.918349642000976
Solving snapshot 0 59
36
time in solving system 3.648266362000868
time in solving system 0.3016949190023297
time in solving system 0.1796144149993779
concluded in  9.030882328999724
Solving snapshot 0 60
36
time in solving system 4.1091216940003505
time in solving system 0.13816221700108144
time in solving system 0.12534078599856002
concluded in  9.751558083000418
Solving snapshot 0 61
36
time in solving system 4.044232648000616
time in solving system 0.29138635900017107
time in solving system 0.24887889499950688
concluded in  9.480383842001174
Solving snapshot 0 62
36
time in solving system 3.492089549999946
time in solving system 0.2375236350017076
time in solving system 0.1761188710006536
concluded in  9.073530164001568
Solving snapshot 0 63
36
time in solving system 3.5064871799986577
time in solving system 0.21866797100301483
time in solving system 0.18225225000060163
concluded in  9.230464239000867
Solving snapshot 0 64
36
time in solving system 4.2863473479992535
time in solving system 0.20537822500045877
time in solving system 0.2870364569971571
concluded in  10.170322434001719
Solving snapshot 0 65
36
time in solving system 3.7174085330007074
time in solving system 0.17232232500100508
time in solving system 0.24974790700071026
concluded in  9.17600572399897
Solving snapshot 0 66
36
time in solving system 4.287666250998882
time in solving system 0.18395825900006457
time in solving system 0.23288740199859603
concluded in  10.01869796399842
Solving snapshot 0 67
36
time in solving system 4.304298331000609
time in solving system 0.2628687530013849
time in solving system 0.24584278800102766
concluded in  10.259494576999714
Solving snapshot 0 68
36
time in solving system 4.441077165000024
time in solving system 0.23631060000116122
time in solving system 0.16242654000234324
concluded in  10.270319703999121
Solving snapshot 0 69
36
time in solving system 4.415715742001339
time in solving system 0.2396299470019585
time in solving system 0.18536006700014696
concluded in  10.04228490099922
Solving snapshot 0 70
36
time in solving system 4.102473964998353
time in solving system 0.1566964010016818
time in solving system 0.2193811219985946
concluded in  9.828723292001087
Solving snapshot 0 71
36
time in solving system 4.0132083220014465
time in solving system 0.23853451800096082
time in solving system 0.14834358000007342
concluded in  9.716070546997798
Solving snapshot 0 72
36
time in solving system 4.0621832979995816
time in solving system 0.26821876400208566
time in solving system 0.19939265399807482
concluded in  9.507739798998955
Solving snapshot 0 73
36
time in solving system 3.978545531997952
time in solving system 0.2878835529991193
time in solving system 0.23138136499983375
concluded in  9.865061447002518
Solving snapshot 0 74
36
time in solving system 4.246608990000823
time in solving system 0.2608325019973563
time in solving system 0.25899469899741234
concluded in  10.09155775399995
Solving snapshot 0 75
36
time in solving system 3.976923722002539
time in solving system 0.1578305039984116
time in solving system 0.22457773800124414
concluded in  9.346003139999084
Solving snapshot 0 76
36
time in solving system 4.430156429996714
time in solving system 0.20463460200335248
time in solving system 0.29404039599830867
concluded in  10.358274755999446
Solving snapshot 0 77
36
time in solving system 4.145590100000845
time in solving system 0.1767483240000729
time in solving system 0.2207521780001116
concluded in  9.596102069001063
Solving snapshot 0 78
36
time in solving system 4.148541070997453
time in solving system 0.2274648390011862
time in solving system 0.27767318100086413
concluded in  10.044935948000784
Solving snapshot 0 79
36
time in solving system 3.7088348270008282
time in solving system 0.2698318049988302
time in solving system 0.21172071900218725
concluded in  9.164350818999083
Solving snapshot 0 80
36
time in solving system 3.904814573001204
time in solving system 0.24913007299983292
time in solving system 0.24587148899809108
concluded in  9.490038112999173
Solving snapshot 0 81
36
time in solving system 3.801356971998757
time in solving system 0.21415506300036213
time in solving system 0.18785544400088838
concluded in  9.623347254997498
Solving snapshot 0 82
36
time in solving system 4.11584138499893
time in solving system 0.2345380579972698
time in solving system 0.13894504999916535
concluded in  10.103521130997251
Solving snapshot 0 83
36
time in solving system 3.9270684710027126
time in solving system 0.22706325399849447
time in solving system 0.19897432000288973
concluded in  9.253269308999734
Solving snapshot 0 84
36
time in solving system 4.036469447997661
time in solving system 0.1694072709979082
time in solving system 0.2213550619999296
concluded in  9.738929174000077
Solving snapshot 0 85
36
time in solving system 4.181925232998765
time in solving system 0.1322883360007836
time in solving system 0.12480544299978646
concluded in  9.318598566002038
Solving snapshot 0 86
36
time in solving system 4.36049333900155
time in solving system 0.20290258599925437
time in solving system 0.14399639300245326
concluded in  9.607566180002323
Solving snapshot 0 87
36
time in solving system 4.2637480850025895
time in solving system 0.15142231400022865
time in solving system 0.12871779299894115
concluded in  9.91843986099775
Solving snapshot 0 88
36
time in solving system 4.12580791900109
time in solving system 0.20495882099930895
time in solving system 0.1503442199973506
concluded in  10.174237940998864
Solving snapshot 0 89
36
time in solving system 3.752380740999797
time in solving system 0.15099804099736502
time in solving system 0.22519714000009117
concluded in  9.262882532999356
Solving snapshot 0 90
36
time in solving system 3.829165622999426
time in solving system 0.22597932699864032
time in solving system 0.1914150670017989
concluded in  9.650046627000847
Solving snapshot 0 91
36
time in solving system 4.239844420000736
time in solving system 0.13772529899870278
time in solving system 0.13441815099940868
concluded in  9.49035935199936
Solving snapshot 0 92
36
time in solving system 3.8899822809980833
time in solving system 0.17086305399789126
time in solving system 0.1341643820014724
concluded in  9.678911931001494
Solving snapshot 0 93
36
time in solving system 4.0385484880025615
time in solving system 0.16941361199860694
time in solving system 0.11976401900028577
concluded in  9.339842688998033
Solving snapshot 0 94
36
time in solving system 4.1441109370025515
time in solving system 0.15231727300124476
time in solving system 0.1279668440001842
concluded in  9.448174502998882
Solving snapshot 0 95
36
time in solving system 3.961207813001238
time in solving system 0.25827196599857416
time in solving system 0.18990794099954655
concluded in  9.9518149430005
Solving snapshot 0 96
36
time in solving system 3.5843188489998283
time in solving system 0.13414226500026416
time in solving system 0.13050651799858315
concluded in  9.324837856998784
Solving snapshot 0 97
36
time in solving system 3.7722587040007056
time in solving system 0.1291451920005784
time in solving system 0.1211314800020773
concluded in  9.506894836998981
Solving snapshot 0 98
36
time in solving system 4.0482334079970315
time in solving system 0.14341284499823814
time in solving system 0.2144754559994908
concluded in  9.317207088999567
Solving snapshot 0 99
36
time in solving system 3.948486558001605
time in solving system 0.2503244679974159
time in solving system 0.12720210399857024
concluded in  9.660990641001263
Solving snapshot 0 100
36
time in solving system 4.304656022999552
time in solving system 0.2646445539976412
time in solving system 0.1903214209996804
concluded in  9.839707080001972
Solving snapshot 0 101
36
time in solving system 4.228705372999684
time in solving system 0.13739328699739417
time in solving system 0.14571210899885045
concluded in  9.578454856000462
Solving snapshot 0 102
36
time in solving system 4.060084952998295
time in solving system 0.15075365799930296
time in solving system 0.22967695400075172
concluded in  9.799216078001336
Solving snapshot 0 103
36
time in solving system 4.098336533999827
time in solving system 0.2340949070021452
time in solving system 0.1246815919985238
concluded in  9.833149748003052
Solving snapshot 0 104
36
time in solving system 3.881148962002044
time in solving system 0.17398844700073823
time in solving system 0.12615518500024336
concluded in  9.470050840998738
Solving snapshot 0 105
36
time in solving system 4.163680719000695
time in solving system 0.1612864279995847
time in solving system 0.17691075500260922
concluded in  9.514710896997713
Solving snapshot 0 106
36
time in solving system 4.209487826999975
time in solving system 0.19340227499924367
time in solving system 0.23299310100264847
concluded in  9.561854054001742
Solving snapshot 0 107
36
time in solving system 4.422415776996786
time in solving system 0.1845269069999631
time in solving system 0.21825152200108278
concluded in  9.664235469001142
Solving snapshot 0 108
36
time in solving system 3.9679187660003663
time in solving system 0.160338967001735
time in solving system 0.2904647369978193
concluded in  9.482283225999709
Solving snapshot 0 109
36
time in solving system 3.4363837099990633
time in solving system 0.18864445600047475
time in solving system 0.1702716319996398
concluded in  9.222566866999841
Solving snapshot 0 110
36
time in solving system 3.6022715459985193
time in solving system 0.25337957100055064
time in solving system 0.15946950500074308
concluded in  9.07359205100147
Solving snapshot 0 111
36
time in solving system 3.9536096830015595
time in solving system 0.20583632699708687
time in solving system 0.24898769900028128
concluded in  9.700901259002421
Solving snapshot 0 112
36
time in solving system 3.539445592003176
time in solving system 0.2753659520021756
time in solving system 0.16341281900167814
concluded in  9.56137509600012
Solving snapshot 0 113
36
time in solving system 3.8228139109996846
time in solving system 0.1535767390014371
time in solving system 0.12831507800001418
concluded in  9.522938404999877
Solving snapshot 0 114
36
time in solving system 3.348683484000503
time in solving system 0.2195831349999935
time in solving system 0.18827813000098104
concluded in  8.953957707999507
Solving snapshot 0 115
36
time in solving system 2.927354079001816
time in solving system 0.2510412109986646
time in solving system 0.17878363699855981
concluded in  8.520545348001178
Solving snapshot 0 116
36
time in solving system 3.0209146720007993
time in solving system 0.21482268299951102
time in solving system 0.17397962100221775
concluded in  8.96617213099671
Solving snapshot 0 117
36
time in solving system 3.26815859600174
time in solving system 0.21777579300032812
time in solving system 0.2571744220003893
concluded in  8.797487750998698
Solving snapshot 0 118
36
time in solving system 3.174803324000095
time in solving system 0.26370423399930587
time in solving system 0.258271202998003
concluded in  9.247357489999558
Solving snapshot 0 119
36
time in solving system 3.435266333999607
time in solving system 0.21537766300025396
time in solving system 0.2101732759983861
concluded in  9.224935588001244
Solving snapshot 0 120
36
time in solving system 3.794160836998344
time in solving system 0.2185446219991718
time in solving system 0.16841430099884747
concluded in  9.12272441299865
Solving snapshot 0 121
36
time in solving system 3.068405015997996
time in solving system 0.23617027100044652
time in solving system 0.20429951599726337
concluded in  8.421595128002082
Solving snapshot 0 122
36
time in solving system 3.263709717000893
time in solving system 0.24884267900051782
time in solving system 0.2620290060003754
concluded in  9.404337564999878
Solving snapshot 0 123
36
time in solving system 3.6551198619999923
time in solving system 0.285766392997175
time in solving system 0.16127887699985877
concluded in  9.066275176002819
Solving snapshot 0 124
36
time in solving system 3.1203962920008053
time in solving system 0.30275980200167396
time in solving system 0.19144138600313454
concluded in  8.544119529000454
Solving snapshot 0 125
36
time in solving system 3.769378119999601
time in solving system 0.23906192199865473
time in solving system 0.2814212259982014
concluded in  9.372844213998178
Solving snapshot 0 126
36
time in solving system 3.5117024760002096
time in solving system 0.17035342599774594
time in solving system 0.23946602000069106
concluded in  9.421624227998109
Solving snapshot 0 127
36
time in solving system 4.03873058499812
time in solving system 0.1581566320019192
time in solving system 0.14015952499903506
concluded in  9.757147684998927
Solving snapshot 0 128
36
time in solving system 3.9798330619996705
time in solving system 0.17556781199891702
time in solving system 0.2054739539998991
concluded in  9.406037641001603
Solving snapshot 0 129
36
time in solving system 3.629248223001923
time in solving system 0.21185518100173795
time in solving system 0.1960134159999143
concluded in  9.03608649799935
Solving snapshot 0 130
36
time in solving system 3.6556464499990398
time in solving system 0.21348750900142477
time in solving system 0.20706545299981371
concluded in  9.505033723999077
Solving snapshot 0 131
36
time in solving system 3.7176862960004655
time in solving system 0.22531933700156515
time in solving system 0.20954393300053198
concluded in  9.646188015001826
Solving snapshot 0 132
36
time in solving system 4.441140001999884
time in solving system 0.23994010999740567
time in solving system 0.13863127199874725
concluded in  10.195135288002348
Solving snapshot 0 133
36
time in solving system 3.731163035001373
time in solving system 0.1609910180013685
time in solving system 0.17521247300101095
concluded in  9.054213882998738
Solving snapshot 0 134
36
time in solving system 3.6077362399992126
time in solving system 0.17084671499833348
time in solving system 0.20390831300028367
concluded in  9.417404215000715
Solving snapshot 0 135
36
time in solving system 3.9874151309995796
time in solving system 0.27083075500195264
time in solving system 0.14877627500027302
concluded in  9.826386780998291
Solving snapshot 0 136
36
time in solving system 3.891892679999728
time in solving system 0.16546345899769221
time in solving system 0.23276155599887716
concluded in  9.345458583000436
Solving snapshot 0 137
36
time in solving system 3.917839786998229
time in solving system 0.19417511699793977
time in solving system 0.24479624400191824
concluded in  9.890835721998883
Solving snapshot 0 138
36
time in solving system 4.013171107999369
time in solving system 0.213388396998198
time in solving system 0.23905642899990198
concluded in  9.484425722999731
Solving snapshot 0 139
36
time in solving system 3.9485713120011496
time in solving system 0.1824595930011128
time in solving system 0.26870646300085355
concluded in  9.816814148998674
Solving snapshot 0 140
36
time in solving system 4.467202079002163
time in solving system 0.20516495400079293
time in solving system 0.13857067999924766
concluded in  9.887078003997885
Solving snapshot 0 141
36
time in solving system 3.7274100150025333
time in solving system 0.1665705160012294
time in solving system 0.14640171100109
concluded in  9.076972471997578
Solving snapshot 0 142
36
time in solving system 3.6172473699989496
time in solving system 0.18472511200161534
time in solving system 0.16712422800264903
concluded in  8.987093522999203
Solving snapshot 0 143
36
time in solving system 3.309117993001564
time in solving system 0.2441972460001125
time in solving system 0.19395101400004933
concluded in  8.82985460999771
Solving snapshot 0 144
36
time in solving system 3.8619022269995185
time in solving system 0.23568789600176387
time in solving system 0.2555261020024773
concluded in  9.84379356700083
Solving snapshot 0 145
36
time in solving system 4.449172364998958
time in solving system 0.170537059999333
time in solving system 0.1446393160003936
concluded in  10.274054032001004
Solving snapshot 0 146
36
time in solving system 4.112739345997397
time in solving system 0.13416566600062652
time in solving system 0.12731687300038175
concluded in  10.105468161000317
Solving snapshot 0 147
36
time in solving system 3.8151661410011
time in solving system 0.2094822579965694
time in solving system 0.16103950799879385
concluded in  9.38285673000064
Solving snapshot 0 148
36
time in solving system 4.028019983001286
time in solving system 0.2097867070006032
time in solving system 0.18099916899882373
concluded in  9.604234917998838
Solving snapshot 0 149
36
time in solving system 3.827449678999983
time in solving system 0.1688505919992167
time in solving system 0.122421078998741
concluded in  9.685538629000803
Solving snapshot 0 150
36
time in solving system 4.031798542000615
time in solving system 0.1474403110005369
time in solving system 0.12626487300076406
concluded in  9.72199582200119
Solving snapshot 0 151
36
time in solving system 3.887016147000395
time in solving system 0.15479148300073575
time in solving system 0.2182532810002158
concluded in  9.955573282000842
Solving snapshot 0 152
36
time in solving system 3.563943114997528
time in solving system 0.16983667300155503
time in solving system 0.1852710860002844
concluded in  9.048472532002052
Solving snapshot 0 153
36
time in solving system 4.203153209997254
time in solving system 0.23062463300084346
time in solving system 0.12938561100236257
concluded in  10.092277636998915
Solving snapshot 0 154
36
time in solving system 3.8640618339995854
time in solving system 0.22573196200028178
time in solving system 0.12617167299686116
concluded in  9.27249861999735
Solving snapshot 0 155
36
time in solving system 4.099056744002155
time in solving system 0.18732866700156592
time in solving system 0.22681712600024184
concluded in  9.95198093900035
Solving snapshot 0 156
36
time in solving system 4.1325447899980645
time in solving system 0.15947945500010974
time in solving system 0.3215178749996994
concluded in  10.006949064001674
Solving snapshot 0 157
36
time in solving system 4.069345872998383
time in solving system 0.13443141900279443
time in solving system 0.12718136199691799
concluded in  9.382645247002074
Solving snapshot 0 158
36
time in solving system 3.412597613998514
time in solving system 0.1905200250002963
time in solving system 0.17033205299958354
concluded in  8.898366067998722
Solving snapshot 0 159
36
time in solving system 4.349693386000581
time in solving system 0.17886529300085385
time in solving system 0.13192953199904878
concluded in  10.071322368999972
Solving snapshot 0 160
36
time in solving system 3.9291281579971837
time in solving system 0.23540395300005912
time in solving system 0.1314348420019087
concluded in  9.979970683001739
Solving snapshot 0 161
36
time in solving system 3.7976743300023372
time in solving system 0.1485799260008207
time in solving system 0.25176175800152123
concluded in  9.790638747002959
Solving snapshot 0 162
36
time in solving system 3.9738181290013017
time in solving system 0.15375501100061228
time in solving system 0.21460931099863956
concluded in  9.204844236999634
Solving snapshot 0 163
36
time in solving system 4.265107285998965
time in solving system 0.23307125200153678
time in solving system 0.12691337100113742
concluded in  10.070412922999822
Solving snapshot 0 164
36
time in solving system 3.971527765999781
time in solving system 0.18181384800118394
time in solving system 0.23416573899885407
concluded in  9.361040970998147
Solving snapshot 0 165
36
time in solving system 4.089150248000806
time in solving system 0.15048396600104752
time in solving system 0.126903216001665
concluded in  9.738065096000355
Solving snapshot 0 166
36
time in solving system 4.074740542997461
time in solving system 0.20532694100256776
time in solving system 0.15243355100028566
concluded in  9.434640021001542
Solving snapshot 0 167
36
time in solving system 4.082101899999543
time in solving system 0.23921375300051295
time in solving system 0.13443396799993934
concluded in  9.9390661489997
Solving snapshot 0 168
36
time in solving system 3.4889989660005085
time in solving system 0.1593853329977719
time in solving system 0.23775211699830834
concluded in  9.667651609997847
Solving snapshot 0 169
36
time in solving system 3.570986699000059
time in solving system 0.20196942899929127
time in solving system 0.17600263100030134
concluded in  9.543949555001745
Solving snapshot 0 170
36
time in solving system 3.6968045819994586
time in solving system 0.14926430999912554
time in solving system 0.2305333080003038
concluded in  9.562237631002063
Solving snapshot 0 171
36
time in solving system 3.5200135830018553
time in solving system 0.22160685299968463
time in solving system 0.18098449600074673
concluded in  9.564781818000483
Solving snapshot 0 172
36
time in solving system 3.68993931300065
time in solving system 0.2052293960005045
time in solving system 0.18004115300209378
concluded in  9.595462142999168
Solving snapshot 0 173
36
time in solving system 3.7180061930012016
time in solving system 0.24173110999981873
time in solving system 0.1402326070019626
concluded in  9.465851999000733
Solving snapshot 0 174
36
time in solving system 4.274764897996647
time in solving system 0.1962192930004676
time in solving system 0.17128337899703183
concluded in  9.680669199002295
Solving snapshot 0 175
36
time in solving system 3.683176171998639
time in solving system 0.15096213099968736
time in solving system 0.21870842699718196
concluded in  8.951691565001966
Solving snapshot 0 176
36
time in solving system 4.049993450997135
time in solving system 0.1574062209983822
time in solving system 0.2087911240014364
concluded in  9.788861371998792
Solving snapshot 0 177
36
time in solving system 4.088532691002911
time in solving system 0.14479531699907966
time in solving system 0.21817640399967786
concluded in  9.910682511999767
Solving snapshot 0 178
36
time in solving system 3.9387827799982915
time in solving system 0.1839238499997009
time in solving system 0.20997056800115388
concluded in  9.299121804000606
Solving snapshot 0 179
36
time in solving system 3.817507526000554
time in solving system 0.15175982299842872
time in solving system 0.23313507700004266
concluded in  9.662273033998645
Solving snapshot 0 180
36
time in solving system 3.8879547329997877
time in solving system 0.22463571099797264
time in solving system 0.14229338000222924
concluded in  9.81630883100297
Solving snapshot 0 181
36
time in solving system 4.155479351000395
time in solving system 0.13727027799905045
time in solving system 0.1287131019998924
concluded in  9.267465221000748
Solving snapshot 0 182
36
time in solving system 4.224820297000406
time in solving system 0.15416789899973082
time in solving system 0.13183152200144832
concluded in  9.96859473999939
Solving snapshot 0 183
36
time in solving system 3.8670017030017334
time in solving system 0.24475187600182835
time in solving system 0.12300442700143321
concluded in  9.735701846002485
Solving snapshot 0 184
36
time in solving system 4.135724979998486
time in solving system 0.22172235300240573
time in solving system 0.13786485099990387
concluded in  9.41954355100097
Solving snapshot 0 185
36
time in solving system 4.177500391997455
time in solving system 0.15933933999986039
time in solving system 0.2106142609991366
concluded in  10.084367722000025
Solving snapshot 0 186
36
time in solving system 3.939682188000006
time in solving system 0.17719347800084506
time in solving system 0.14021963299819618
concluded in  9.838341021000815
Solving snapshot 0 187
36
time in solving system 4.440420637001807
time in solving system 0.15150405000167666
time in solving system 0.2186463919970265
concluded in  9.731982789999165
Solving snapshot 0 188
36
time in solving system 3.8622017259986023
time in solving system 0.2288127230021928
time in solving system 0.13389979000203311
concluded in  9.965676404000988
Solving snapshot 0 189
36
time in solving system 3.989281645997835
time in solving system 0.18450319200201193
time in solving system 0.15426777600077912
concluded in  9.907127697999385
Solving snapshot 0 190
36
time in solving system 3.6347558989982645
time in solving system 0.17114376400058973
time in solving system 0.21921509900130332
concluded in  9.120122912001534
Solving snapshot 0 191
36
time in solving system 3.6552402140005142
time in solving system 0.16403680800067377
time in solving system 0.16597857300075702
concluded in  9.298086302998854
Solving snapshot 0 192
36
time in solving system 3.4463322820010944
time in solving system 0.21194860499963397
time in solving system 0.17510886200034292
concluded in  9.50168778599982
Solving snapshot 0 193
36
time in solving system 3.646981511003105
time in solving system 0.21644564099915442
time in solving system 0.20271625999885146
concluded in  9.765549802999885
Solving snapshot 0 194
36
time in solving system 3.399976250999316
time in solving system 0.23402425600215793
time in solving system 0.2015154260006966
concluded in  9.216048928999953
Solving snapshot 0 195
36
time in solving system 3.448014551999222
time in solving system 0.24021450100190123
time in solving system 0.18719485199835617
concluded in  9.508667884001625
Solving snapshot 0 196
36
time in solving system 2.9348377649985196
time in solving system 0.16081433900035336
time in solving system 0.2537936240005365
concluded in  8.546659077997901
Solving snapshot 0 197
36
time in solving system 3.284083409998857
time in solving system 0.35086981499989633
time in solving system 0.1975046210027358
concluded in  8.846127624001383
Solving snapshot 0 198
36
time in solving system 3.001441738997528
time in solving system 0.20972389500093414
time in solving system 0.15691791700010072
concluded in  8.245753458999388
Solving snapshot 0 199
36
time in solving system 3.3223668719983834
time in solving system 0.15089791900027194
time in solving system 0.14299755200045183
concluded in  8.971291609002947
Solving snapshot 0 200
36
time in solving system 2.54827944200224
time in solving system 0.19200383700081147
time in solving system 0.14120005999939167
concluded in  8.15201897299994
Solving snapshot 0 201
36
time in solving system 2.67798292900261
time in solving system 0.16718170199965243
time in solving system 0.16526692600018578
concluded in  8.693832931003271
Solving snapshot 0 202
36
time in solving system 2.4138927530002547
time in solving system 0.15282383899830165
time in solving system 0.1667403000028571
concluded in  7.995785677998356
Solving snapshot 0 203
36
time in solving system 2.652490533000673
time in solving system 0.15622234499824117
time in solving system 0.14173137599937036
concluded in  8.288895244000742
Solving snapshot 0 204
36
time in solving system 2.370526245998917
time in solving system 0.1314568079978926
time in solving system 0.12075222899875371
concluded in  8.09122366900192
Solving snapshot 0 205
36
time in solving system 2.6215060689974052
time in solving system 0.14735468999788282
time in solving system 0.12876121700173826
concluded in  8.997292947999085
Solving snapshot 0 206
36
time in solving system 2.6113334859983297
time in solving system 0.16585715400287881
time in solving system 0.16710486999727436
concluded in  8.762218063999171
Solving snapshot 0 207
36
time in solving system 2.6831387809979788
time in solving system 0.17332391599848052
time in solving system 0.19536943400089513
concluded in  8.993962717999239
Solving snapshot 0 208
36
time in solving system 2.857131742999627
time in solving system 0.3222601740017126
time in solving system 0.30170007400010945
concluded in  9.612615600999561
Solving snapshot 0 209
36
time in solving system 3.857486251999944
time in solving system 0.22774961600225652
time in solving system 0.18190139999933308
concluded in  9.783823949997895
Solving snapshot 0 210
36
time in solving system 3.8823347540019313
time in solving system 0.2227429939994181
time in solving system 0.18982984200192732
concluded in  9.334228431001975
Solving snapshot 0 211
36
time in solving system 2.8785739529994316
time in solving system 0.20348512600321556
time in solving system 0.29574837000109255
concluded in  8.914403727001627
Solving snapshot 0 212
36
time in solving system 2.5879685420004535
time in solving system 0.16112023900132044
time in solving system 0.1944056600004842
concluded in  8.198063298001216
Solving snapshot 0 213
36
time in solving system 3.5686268509998627
time in solving system 0.2142476449989772
time in solving system 0.2962506539988681
concluded in  9.664491315001214
Solving snapshot 0 214
36
time in solving system 3.2570138159971975
time in solving system 0.3153204080008436
time in solving system 0.2432204479991924
concluded in  9.519435343001533
Solving snapshot 0 215
36
time in solving system 3.5925994450008147
time in solving system 0.4188887119998981
time in solving system 0.29993519799973
concluded in  9.287774631000502
Solving snapshot 0 216
36
time in solving system 3.9265086310006154
time in solving system 0.1983658880017174
time in solving system 0.16999573800057988
concluded in  9.250622355000814
Solving snapshot 0 217
36
time in solving system 3.0107119230015087
time in solving system 0.1904161229977035
time in solving system 0.1749934920007945
concluded in  8.456037947998993
Solving snapshot 0 218
36
time in solving system 2.923129949002032
time in solving system 0.38449069899797905
time in solving system 0.33211917099833954
concluded in  9.31438518199866
Solving snapshot 0 219
36
time in solving system 3.9887807609993615
time in solving system 0.21172551599738654
time in solving system 0.1777166110005055
concluded in  9.786287921000621
Solving snapshot 0 220
36
time in solving system 3.3332418909994885
time in solving system 0.1969280119992618
time in solving system 0.25148528600038844
concluded in  8.889156624998577
Solving snapshot 0 221
36
time in solving system 2.8436553359970276
time in solving system 0.2839853219993529
time in solving system 0.2226625340008468
concluded in  8.366174555998441
Solving snapshot 0 222
36
time in solving system 3.2449526979980874
time in solving system 0.23607891000210657
time in solving system 0.22509672200249042
concluded in  9.154429714999424
Solving snapshot 0 223
36
time in solving system 3.085584963999281
time in solving system 0.333258170998306
time in solving system 0.37491765300001134
concluded in  9.371443835003447
Solving snapshot 0 224
36
time in solving system 3.2223222100001294
time in solving system 0.3365145149982709
time in solving system 0.21471621499949833
concluded in  8.954755707000004
Solving snapshot 0 225
36
time in solving system 2.553671421999752
time in solving system 0.15345619800064014
time in solving system 0.14854443799777073
concluded in  7.853788029999123
Solving snapshot 0 226
36
time in solving system 2.399519065002096
time in solving system 0.13194707300135633
time in solving system 0.12979973899928154
concluded in  7.997788358999969
Solving snapshot 0 227
36
time in solving system 2.6338406459981343
time in solving system 0.1706139069974597
time in solving system 0.19163376200231141
concluded in  8.661160791998554
Solving snapshot 0 228
36
time in solving system 2.5520094790008443
time in solving system 0.1470338429971889
time in solving system 0.11896907000118517
concluded in  7.76782338999692
Solving snapshot 0 229
36
time in solving system 2.484694099999615
time in solving system 0.13226066599963815
time in solving system 0.12275012500322191
concluded in  8.214901100000134
Solving snapshot 0 230
36
time in solving system 2.618991711999115
time in solving system 0.15335363100166433
time in solving system 0.11994715599939809
concluded in  9.667206687001453
Solving snapshot 0 231
36
time in solving system 2.5418430950012407
time in solving system 0.14776582199920085
time in solving system 0.11937364200275624
concluded in  8.851758804001292
Solving snapshot 0 232
36
time in solving system 2.726686336001876
time in solving system 0.17281878799985861
time in solving system 0.1603293100015435
concluded in  8.437601393001387
Solving snapshot 0 233
36
time in solving system 2.5564539619990683
time in solving system 0.16202925000106916
time in solving system 0.16001159599909442
concluded in  8.419423366998672
Solving snapshot 0 234
36
time in solving system 2.6560160320004798
time in solving system 0.1991643559995282
time in solving system 0.1693322299979627
concluded in  8.419939553001313
Solving snapshot 0 235
36
time in solving system 2.423556813002506
time in solving system 0.13406895399748464
time in solving system 0.12552948499796912
concluded in  8.097189022999373
Solving snapshot 0 236
36
time in solving system 2.4454096289991867
time in solving system 0.1345982519997051
time in solving system 0.12267303800035734
concluded in  8.425084926999261
Solving snapshot 0 237
36
time in solving system 2.583069311000145
time in solving system 0.14760635999846272
time in solving system 0.11931833299968275
concluded in  9.223087237001891
Solving snapshot 0 238
36
time in solving system 2.634700515001896
time in solving system 0.15785920100097428
time in solving system 0.16200970399950165
concluded in  9.1670803709967
Solving snapshot 0 239
36
time in solving system 2.55054206999921
time in solving system 0.16606175500055542
time in solving system 0.17206537099991692
concluded in  8.825133406000532
Solving snapshot 0 240
36
time in solving system 3.0365424279989384
time in solving system 0.1832352479977999
time in solving system 0.15622424200046225
concluded in  9.107889744998829
Solving snapshot 0 241
36
time in solving system 3.0605086340001435
time in solving system 0.2282579149978119
time in solving system 0.21915298699968844
concluded in  8.827468127998145
Solving snapshot 0 242
36
time in solving system 3.5757539180012827
time in solving system 0.16496171000108006
time in solving system 0.14464934399802587
concluded in  9.586466700999154
Solving snapshot 0 243
36
time in solving system 2.7329416909997235
time in solving system 0.1951394909992814
time in solving system 0.2576336279998941
concluded in  8.261444512001617
Solving snapshot 0 244
36
time in solving system 2.710629845998483
time in solving system 0.16595903800043743
time in solving system 0.1706699189999199
concluded in  8.407294512002409
Solving snapshot 0 245
36
time in solving system 2.4486251119997178
time in solving system 0.1315818789989862
time in solving system 0.12300794099792256
concluded in  7.803498399000091
Solving snapshot 0 246
36
time in solving system 2.4328940349987533
time in solving system 0.1320934559989837
time in solving system 0.12195536899889703
concluded in  8.087407038998208
Solving snapshot 0 247
36
time in solving system 2.531551642998238
time in solving system 0.15827413399892976
time in solving system 0.16613869099819567
concluded in  9.142197565997776
Solving snapshot 0 248
36
time in solving system 2.625462220003101
time in solving system 0.16130736799823353
time in solving system 0.1588626189986826
concluded in  8.747882662002667
Solving snapshot 0 249
36
time in solving system 3.267600980001589
time in solving system 0.2781167059984
time in solving system 0.22175574399807374
concluded in  9.627438532999804
Solving snapshot 0 250
36
time in solving system 3.4500060219979787
time in solving system 0.28144143499957863
time in solving system 0.24118582300070557
concluded in  9.36327632299799
Solving snapshot 0 251
36
time in solving system 3.1738827019980818
time in solving system 0.3785373979990254
time in solving system 0.2617652549997729
concluded in  8.814125482000236
Solving snapshot 0 252
36
time in solving system 3.1320750010017946
time in solving system 0.34080641100081266
time in solving system 0.3755644580014632
concluded in  9.00396556800115
Solving snapshot 0 253
36
time in solving system 2.904149021000194
time in solving system 0.3236569180007791
time in solving system 0.2784266740018211
concluded in  8.979592176998267
Solving snapshot 0 254
36
time in solving system 3.490916468999785
time in solving system 0.21524587100066128
time in solving system 0.2158858760012663
concluded in  9.392808823999076
Solving snapshot 0 255
36
time in solving system 4.267292590000579
time in solving system 0.23428015800163848
time in solving system 0.24701215899767703
concluded in  10.138509341999452
Solving snapshot 0 256
36
time in solving system 4.465596017002099
time in solving system 0.15627159399809898
time in solving system 0.254120094999962
concluded in  10.266992004999338
Solving snapshot 0 257
36
time in solving system 3.7652768429979915
time in solving system 0.2864401380029449
time in solving system 0.15262322800117545
concluded in  9.65893375500309
Solving snapshot 0 258
36
time in solving system 3.9393432939978084
time in solving system 0.26191056099924026
time in solving system 0.14091899100094452
concluded in  9.268382144000498
Solving snapshot 0 259
36
time in solving system 4.171969817001809
time in solving system 0.24738169100237428
time in solving system 0.18630008100080886
concluded in  9.76392914600001
Solving snapshot 0 260
36
time in solving system 4.196503355000459
time in solving system 0.14655525999842212
time in solving system 0.21982668900091085
concluded in  9.458843263000745
Solving snapshot 0 261
36
time in solving system 3.9977124390024983
time in solving system 0.20716672399794334
time in solving system 0.1839104650025547
concluded in  9.29186056799881
Solving snapshot 0 262
36
time in solving system 3.6371140070004913
time in solving system 0.2528974199994991
time in solving system 0.22816225999849848
concluded in  9.163387876997149
Solving snapshot 0 263
36
time in solving system 4.190517787999852
time in solving system 0.1356257129991718
time in solving system 0.15670189799857326
concluded in  9.888305401000252
Solving snapshot 0 264
36
time in solving system 4.4969049930004985
time in solving system 0.21637924099923111
time in solving system 0.195176369001274
concluded in  10.394222328999604
Solving snapshot 0 265
36
time in solving system 3.7919299360000878
time in solving system 0.27562422299888567
time in solving system 0.15557648899994092
concluded in  9.542348400002084
Solving snapshot 0 266
36
time in solving system 3.797441668997635
time in solving system 0.31143155500103603
time in solving system 0.14623677199779195
concluded in  9.259235159999662
Solving snapshot 0 267
36
time in solving system 3.392411101998732
time in solving system 0.18907190900063142
time in solving system 0.22557129400229314
concluded in  8.746289270999114
Solving snapshot 0 268
36
time in solving system 3.7373897680008668
time in solving system 0.17246968199833645
time in solving system 0.17563524399884045
concluded in  9.590732059998118
Solving snapshot 0 269
36
time in solving system 4.0215062009992835
time in solving system 0.27671092500168015
time in solving system 0.18144558499989216
concluded in  9.793706105996534
Solving snapshot 0 270
36
time in solving system 3.882783102002577
time in solving system 0.18776658799833967
time in solving system 0.2525628779985709
concluded in  9.274000508998142
Solving snapshot 0 271
36
time in solving system 3.9233716250018915
time in solving system 0.2673510860004171
time in solving system 0.2834325030016771
concluded in  9.96485433700218
Solving snapshot 0 272
36
time in solving system 3.4112409310000658
time in solving system 0.24974713099800283
time in solving system 0.2674952330016822
concluded in  9.325232282000798
Solving snapshot 0 273
36
time in solving system 3.9381829089979874
time in solving system 0.25679603800017503
time in solving system 0.18672151200007647
concluded in  9.335799749998841
Solving snapshot 0 274
36
time in solving system 3.5760747690001153
time in solving system 0.2749711249998654
time in solving system 0.24985751300118864
concluded in  9.484488461999717
Solving snapshot 0 275
36
time in solving system 3.7835443940020923
time in solving system 0.20748910099791829
time in solving system 0.1682381840000744
concluded in  9.207874296000227
Solving snapshot 0 276
36
time in solving system 3.8249400530003186
time in solving system 0.20430100899829995
time in solving system 0.2855293030006578
concluded in  9.414074308999261
Solving snapshot 0 277
36
time in solving system 3.2466647869987355
time in solving system 0.17253111099853413
time in solving system 0.21306824999919627
concluded in  8.704905602000508
Solving snapshot 0 278
36
time in solving system 2.8409044049985823
time in solving system 0.21795713300161879
time in solving system 0.24543403500138083
concluded in  8.312584325001808
Solving snapshot 0 279
36
time in solving system 2.7775379790000443
time in solving system 0.1289558889984619
time in solving system 0.12829736200001207
concluded in  8.006194526002218
Solving snapshot 0 280
36
time in solving system 3.0572754479981086
time in solving system 0.1879006710005342
time in solving system 0.19424430299841333
concluded in  9.310256335000304
Solving snapshot 0 281
36
time in solving system 4.116500524000003
time in solving system 0.20679300699703163
time in solving system 0.2170043580008496
concluded in  9.972932304001006
Solving snapshot 0 282
36
time in solving system 4.0048683140012145
time in solving system 0.18686182100282167
time in solving system 0.17819199099903926
concluded in  9.852540231000603
Solving snapshot 0 283
36
time in solving system 4.056280660999619
time in solving system 0.23088681700028246
time in solving system 0.13241780800308334
concluded in  9.696984499001701
Solving snapshot 0 284
36
time in solving system 3.983141066997632
time in solving system 0.1503138010011753
time in solving system 0.23959878099776688
concluded in  9.706077525999717
Solving snapshot 0 285
36
time in solving system 4.236675273998117
time in solving system 0.180637077002757
time in solving system 0.13030960299875005
concluded in  9.563893990001816
Solving snapshot 0 286
36
time in solving system 4.3344200490028015
time in solving system 0.18850773299709545
time in solving system 0.18127277200255776
concluded in  9.627311314998224
Solving snapshot 0 287
36
time in solving system 3.6502498890004063
time in solving system 0.21412589499959722
time in solving system 0.1782937630014203
concluded in  9.020901268999296
Solving snapshot 0 288
36
time in solving system 3.7857036770001287
time in solving system 0.18190264300210401
time in solving system 0.18081483900095918
concluded in  9.573951297999884
Solving snapshot 0 289
36
time in solving system 3.863076657002239
time in solving system 0.19594431099903886
time in solving system 0.22776936100126477
concluded in  9.330781815999217
Solving snapshot 0 290
36
time in solving system 3.784629709996807
time in solving system 0.2138364400016144
time in solving system 0.21761299499848974
concluded in  9.158726703000866
Solving snapshot 0 291
36
time in solving system 4.252442424000037
time in solving system 0.14443195999774616
time in solving system 0.13096797300022445
concluded in  9.929020313000365
Solving snapshot 0 292
36
time in solving system 3.8027863730021636
time in solving system 0.21307359099955647
time in solving system 0.2093750710009772
concluded in  9.269623018997663
Solving snapshot 0 293
36
time in solving system 3.8598066639970057
time in solving system 0.208732990999124
time in solving system 0.18793939700117335
concluded in  9.131550398997206
Solving snapshot 0 294
36
time in solving system 4.359567250001419
time in solving system 0.17660685100054252
time in solving system 0.1220293890000903
concluded in  9.948951205002231
Solving snapshot 0 295
36
time in solving system 3.401947416998155
time in solving system 0.2717954789986834
time in solving system 0.17418383000040194
concluded in  8.8486265979991
Solving snapshot 0 296
36
time in solving system 3.1174476810010674
time in solving system 0.244675345998985
time in solving system 0.17942279799899552
concluded in  8.535607554000308
Solving snapshot 0 297
36
time in solving system 3.1912425699993037
time in solving system 0.23969975099680596
time in solving system 0.20531134699922404
concluded in  8.625345873999322
Solving snapshot 0 298
36
time in solving system 3.760619932996633
time in solving system 0.2022132470010547
time in solving system 0.16451525099910214
concluded in  9.419165487997816
Solving snapshot 0 299
36
time in solving system 3.1284029809976346
time in solving system 0.18023576400082675
time in solving system 0.14053565499852994
concluded in  8.356659788001707
[]
Not completed: []
