Solving not completed simulation: 0-th chance
Solving snapshot 0 0
36
time in solving system 2.3810711220003213
time in solving system 0.1274794800001473
time in solving system 0.11115302700000029
concluded in  7.203726751999966
Solving snapshot 0 1
36
time in solving system 2.550618663000023
time in solving system 0.13566020600046613
time in solving system 0.11020906700014166
concluded in  7.188570999999683
Solving snapshot 0 2
36
time in solving system 2.7852045429999635
time in solving system 0.1472436909998578
time in solving system 0.11948875899997802
concluded in  7.421768639999755
Solving snapshot 0 3
36
time in solving system 2.6116650829999344
time in solving system 0.16697784799998772
time in solving system 0.11219558599987067
concluded in  7.408534019999934
Solving snapshot 0 4
36
time in solving system 2.6861335690000487
time in solving system 0.14724467099949834
time in solving system 0.10763786300049105
concluded in  7.367026316000192
Solving snapshot 0 5
36
time in solving system 2.726787974000217
time in solving system 0.14198903200031054
time in solving system 0.11198274799971841
concluded in  7.427343547999953
Solving snapshot 0 6
36
time in solving system 2.7653968979993806
time in solving system 0.1437821259996781
time in solving system 0.11813821599935181
concluded in  7.663094125000498
Solving snapshot 0 7
36
time in solving system 2.7137241880000147
time in solving system 0.1539930330000061
time in solving system 0.10808713200003695
concluded in  7.5375996070006295
Solving snapshot 0 8
36
time in solving system 2.588891553999929
time in solving system 0.10676367100040807
time in solving system 0.11078055500001938
concluded in  7.233866880999813
Solving snapshot 0 9
36
time in solving system 2.5849511860005805
time in solving system 0.1062213889999839
time in solving system 0.10013309299938555
concluded in  7.172583616999873
Solving snapshot 0 10
36
time in solving system 2.5483731760004957
time in solving system 0.12127277900071931
time in solving system 0.12121007799942163
concluded in  6.877368471999944
Solving snapshot 0 11
36
time in solving system 2.12762005499917
time in solving system 0.12834096599999611
time in solving system 0.19497783800034085
concluded in  6.319814832999327
Solving snapshot 0 12
36
time in solving system 2.1702170710004793
time in solving system 0.1356597789999796
time in solving system 0.10803133599983994
concluded in  6.3297343200001706
Solving snapshot 0 13
36
time in solving system 2.2237291169994933
time in solving system 0.1507181879997006
time in solving system 0.13082003199997416
concluded in  6.66374007900049
Solving snapshot 0 14
36
time in solving system 2.287289824999789
time in solving system 0.11458453700015525
time in solving system 0.11982202600029268
concluded in  6.852702604999649
Solving snapshot 0 15
36
time in solving system 2.2447118709997085
time in solving system 0.11998596400007955
time in solving system 0.10454236700024921
concluded in  6.437465555000017
Solving snapshot 0 16
36
time in solving system 2.403406473999894
time in solving system 0.15862535999985994
time in solving system 0.11435379900012776
concluded in  6.820927873000073
Solving snapshot 0 17
36
time in solving system 3.544637963999776
time in solving system 0.16249412700017274
time in solving system 0.20035671099958563
concluded in  8.097159218000343
Solving snapshot 0 18
36
time in solving system 3.4316848130001745
time in solving system 0.24200613599987264
time in solving system 0.16624512699945626
concluded in  8.115694914999949
Solving snapshot 0 19
36
time in solving system 3.1968599429992537
time in solving system 0.22730698400027904
time in solving system 0.22770560900062264
concluded in  7.978297931999805
Solving snapshot 0 20
36
time in solving system 2.9332472699998107
time in solving system 0.197710396999355
time in solving system 0.16579821100003755
concluded in  7.622990161999951
Solving snapshot 0 21
36
time in solving system 2.86139607000041
time in solving system 0.2056251379999594
time in solving system 0.1672699359996841
concluded in  7.396374578000177
Solving snapshot 0 22
36
time in solving system 2.928255216999787
time in solving system 0.14251768099984474
time in solving system 0.2026073280003402
concluded in  7.420100927000021
Solving snapshot 0 23
36
time in solving system 2.980849519000003
time in solving system 0.1343611519996557
time in solving system 0.11348388100032025
concluded in  7.835581573000127
Solving snapshot 0 24
36
time in solving system 3.047478788999797
time in solving system 0.119105918999594
time in solving system 0.11305264300062845
concluded in  7.88115083699995
Solving snapshot 0 25
36
time in solving system 3.1006934060005733
time in solving system 0.19587417200000345
time in solving system 0.12380365999979404
concluded in  8.229733775999193
Solving snapshot 0 26
36
time in solving system 3.127819674999955
time in solving system 0.1303902019999441
time in solving system 0.1284647069996936
concluded in  7.843476000999544
Solving snapshot 0 27
36
time in solving system 2.788490001000355
time in solving system 0.26860858100008045
time in solving system 0.1633948530006819
concluded in  7.63473612100006
Solving snapshot 0 28
36
time in solving system 3.303327029000684
time in solving system 0.1329876099998728
time in solving system 0.21090609400016547
concluded in  8.401232970999445
Solving snapshot 0 29
36
time in solving system 3.040013933999944
time in solving system 0.1362319909994767
time in solving system 0.21097678400019504
concluded in  8.21143487900008
Solving snapshot 0 30
36
time in solving system 3.176053858999694
time in solving system 0.1483384989996921
time in solving system 0.20753015899936145
concluded in  8.42310788099985
Solving snapshot 0 31
36
time in solving system 3.1577668179998
time in solving system 0.13863313199999538
time in solving system 0.11864808500013169
concluded in  7.8703896159995566
Solving snapshot 0 32
36
time in solving system 3.048431594000249
time in solving system 0.15349578499990457
time in solving system 0.21191166500011605
concluded in  8.262870812000074
Solving snapshot 0 33
36
time in solving system 2.9425048299999617
time in solving system 0.1472025359998952
time in solving system 0.11625761000050261
concluded in  8.15294666400041
Solving snapshot 0 34
36
time in solving system 2.976940571999876
time in solving system 0.17081568599951424
time in solving system 0.1192433220003295
concluded in  7.742770733000725
Solving snapshot 0 35
36
time in solving system 3.3631991709999056
time in solving system 0.1834033589993851
time in solving system 0.1296017690001463
concluded in  8.1517374619998
Solving snapshot 0 36
36
time in solving system 3.268991174999428
time in solving system 0.14497360599943931
time in solving system 0.11884665899924585
concluded in  8.257268426000337
Solving snapshot 0 37
36
time in solving system 3.21143300499989
time in solving system 0.221588776000317
time in solving system 0.1213371060002828
concluded in  8.018682361000174
Solving snapshot 0 38
36
time in solving system 3.1881717520000166
time in solving system 0.22709970899995824
time in solving system 0.12860843899943575
concluded in  8.32782878099988
Solving snapshot 0 39
36
time in solving system 3.0180035710000084
time in solving system 0.18315625499963062
time in solving system 0.24480928600041807
concluded in  7.992502171000524
Solving snapshot 0 40
36
time in solving system 3.0045364230009
time in solving system 0.14784685200174863
time in solving system 0.21579966500030423
concluded in  7.867018934999578
Solving snapshot 0 41
36
time in solving system 3.0482132680008363
time in solving system 0.22162616700006765
time in solving system 0.20166580899967812
concluded in  8.345764937999775
Solving snapshot 0 42
36
time in solving system 2.766389006001191
time in solving system 0.27751306500067585
time in solving system 0.1885750450001069
concluded in  7.742049014001168
Solving snapshot 0 43
36
time in solving system 3.124326986999222
time in solving system 0.1936638799998036
time in solving system 0.16594864499893447
concluded in  8.214299987999766
Solving snapshot 0 44
36
time in solving system 2.8241536540008383
time in solving system 0.1493432630013558
time in solving system 0.16819349499928649
concluded in  8.02699649799979
Solving snapshot 0 45
36
time in solving system 2.939486276000025
time in solving system 0.13799285200002487
time in solving system 0.11828379799953836
concluded in  7.799707723999745
Solving snapshot 0 46
36
time in solving system 2.833337545998802
time in solving system 0.19051980599942908
time in solving system 0.1479371550012729
concluded in  7.75480577000053
Solving snapshot 0 47
36
time in solving system 2.5551533149991883
time in solving system 0.1459480600005918
time in solving system 0.15192273799948453
concluded in  7.53320743400036
Solving snapshot 0 48
36
time in solving system 2.847864039000342
time in solving system 0.14450326400037738
time in solving system 0.1446610029997828
concluded in  7.811052356999426
Solving snapshot 0 49
36
time in solving system 2.7321844280013465
time in solving system 0.14614408399938839
time in solving system 0.17157283999949868
concluded in  7.8150228499998775
Solving snapshot 0 50
36
time in solving system 3.0310252330000367
time in solving system 0.13223807299982582
time in solving system 0.12173664599868061
concluded in  8.286313757000244
Solving snapshot 0 51
36
time in solving system 2.9824049250000826
time in solving system 0.12561918900064484
time in solving system 0.19580391000090458
concluded in  8.365110431001085
Solving snapshot 0 52
36
time in solving system 3.0325055700013763
time in solving system 0.1387141570012318
time in solving system 0.11603513199952431
concluded in  7.815092164999442
Solving snapshot 0 53
36
time in solving system 2.948610784000266
time in solving system 0.1644867780014465
time in solving system 0.1250170050007
concluded in  7.445851460000995
Solving snapshot 0 54
36
time in solving system 2.8318600739985413
time in solving system 0.14904872300030547
time in solving system 0.1893119590004062
concluded in  7.533857805001389
Solving snapshot 0 55
36
time in solving system 2.7323745019984926
time in solving system 0.15579330599939567
time in solving system 0.1285592349995568
concluded in  7.202390825999828
Solving snapshot 0 56
36
time in solving system 2.913276396000583
time in solving system 0.15398563500093587
time in solving system 0.16990439100118238
concluded in  7.631744121999873
Solving snapshot 0 57
36
time in solving system 2.6725508399995306
time in solving system 0.2080565270007355
time in solving system 0.20564097499845957
concluded in  7.679186049999771
Solving snapshot 0 58
36
time in solving system 2.837684576999891
time in solving system 0.16758032100005948
time in solving system 0.16420918099902337
concluded in  7.992608201000621
Solving snapshot 0 59
36
time in solving system 2.847208443999989
time in solving system 0.21920748400043522
time in solving system 0.1798794980004459
concluded in  8.057755407000514
Solving snapshot 0 60
36
time in solving system 3.397425352999562
time in solving system 0.1462710470004822
time in solving system 0.12370217600073374
concluded in  8.502434206999169
Solving snapshot 0 61
36
time in solving system 3.1416570590008632
time in solving system 0.12563718700039317
time in solving system 0.12145866999890131
concluded in  8.220906663000278
Solving snapshot 0 62
36
time in solving system 3.4689563070005534
time in solving system 0.12879415199859068
time in solving system 0.13348931200016523
concluded in  8.250710808999429
Solving snapshot 0 63
36
time in solving system 2.949829593000686
time in solving system 0.20894412800043938
time in solving system 0.1527948839993769
concluded in  7.731872260999808
Solving snapshot 0 64
36
time in solving system 3.402267721001408
time in solving system 0.143825924000339
time in solving system 0.11474825900040742
concluded in  8.055686650999633
Solving snapshot 0 65
36
time in solving system 3.377278033998664
time in solving system 0.12908697899911203
time in solving system 0.2108912469993811
concluded in  8.43859775599958
Solving snapshot 0 66
36
time in solving system 3.182562255000448
time in solving system 0.12871125499987102
time in solving system 0.12153565399967192
concluded in  7.895953618000931
Solving snapshot 0 67
36
time in solving system 3.263867478000975
time in solving system 0.14799767099975725
time in solving system 0.11405536300117092
concluded in  8.383867988999555
Solving snapshot 0 68
36
time in solving system 3.4166621229996963
time in solving system 0.14405766100026085
time in solving system 0.11997815999893646
concluded in  8.214912307999839
Solving snapshot 0 69
36
time in solving system 3.259223941999153
time in solving system 0.12752168699989852
time in solving system 0.12250448799932201
concluded in  7.915663929001312
Solving snapshot 0 70
36
time in solving system 3.094528805000664
time in solving system 0.21781679800005804
time in solving system 0.13158860399926198
concluded in  8.318699248000485
Solving snapshot 0 71
36
time in solving system 3.105913368999609
time in solving system 0.18084194999937608
time in solving system 0.2160989090007206
concluded in  7.88806801499959
Solving snapshot 0 72
36
time in solving system 2.8668453070004034
time in solving system 0.23767145899910247
time in solving system 0.1680289569994784
concluded in  8.37242606899963
Solving snapshot 0 73
36
time in solving system 3.423388069999419
time in solving system 0.1750997630006168
time in solving system 0.15853575900109718
concluded in  8.926512799000193
Solving snapshot 0 74
36
time in solving system 3.38580683300097
time in solving system 0.14813357300045027
time in solving system 0.13093985600062297
concluded in  8.24612055200123
Solving snapshot 0 75
36
time in solving system 3.4121433429991157
time in solving system 0.23779399299928627
time in solving system 0.33287857699906453
concluded in  8.657486247000634
Solving snapshot 0 76
36
time in solving system 3.687020528001085
time in solving system 0.3701156719998835
time in solving system 0.21871999700124434
concluded in  9.251645352998821
Solving snapshot 0 77
36
time in solving system 3.249062339999
time in solving system 0.3326880680015165
time in solving system 0.37026016900017567
concluded in  8.985642374000236
Solving snapshot 0 78
36
time in solving system 3.440358808999008
time in solving system 0.2847504189994652
time in solving system 0.3685699729994667
concluded in  9.462086294999608
Solving snapshot 0 79
36
time in solving system 3.897212223999304
time in solving system 0.2421663669992995
time in solving system 0.21289073600019037
concluded in  9.74814389399944
Solving snapshot 0 80
36
time in solving system 4.138639806998981
time in solving system 0.17391386099916417
time in solving system 0.23774814600074023
concluded in  9.982262323999748
Solving snapshot 0 81
36
time in solving system 4.1429774629996245
time in solving system 0.25571354099884047
time in solving system 0.2386497440002131
concluded in  9.746604829000717
Solving snapshot 0 82
36
time in solving system 3.875138899000376
time in solving system 0.21610379699995974
time in solving system 0.17267625300155487
concluded in  9.16702487800103
Solving snapshot 0 83
36
time in solving system 4.318829081999866
time in solving system 0.18219306499850063
time in solving system 0.20385450899993884
concluded in  10.043441737998364
Solving snapshot 0 84
36
time in solving system 3.4014598479989218
time in solving system 0.18513074399925245
time in solving system 0.2056654179996258
concluded in  8.735913508000522
Solving snapshot 0 85
36
time in solving system 2.9025889940003253
time in solving system 0.2122445989989501
time in solving system 0.18443377400035388
concluded in  8.276114536000023
Solving snapshot 0 86
36
time in solving system 2.979733104000843
time in solving system 0.14943565400062653
time in solving system 0.1615352900007565
concluded in  7.8691040339999745
Solving snapshot 0 87
36
time in solving system 2.7856088820008154
time in solving system 0.3265511460012931
time in solving system 0.32131273900085944
concluded in  8.390146413001276
Solving snapshot 0 88
36
time in solving system 4.056030572999589
time in solving system 0.188690859999042
time in solving system 0.1494381840002461
concluded in  9.834149870999681
Solving snapshot 0 89
36
time in solving system 3.613085766999575
time in solving system 0.19298789699860208
time in solving system 0.2652785699992819
concluded in  8.771037536998847
Solving snapshot 0 90
36
time in solving system 2.996475027000997
time in solving system 0.289827498001614
time in solving system 0.2004771259998961
concluded in  8.695973945999867
Solving snapshot 0 91
36
time in solving system 3.4071010560001014
time in solving system 0.3272496469999169
time in solving system 0.17010689100061427
concluded in  9.025468878999163
Solving snapshot 0 92
36
time in solving system 3.7175339670011454
time in solving system 0.1723485239999718
time in solving system 0.2201377670007787
concluded in  9.10756596200008
Solving snapshot 0 93
36
time in solving system 3.9243926939998346
time in solving system 0.1801543750007113
time in solving system 0.16133864500079653
concluded in  8.963347902999885
Solving snapshot 0 94
36
time in solving system 3.749846687000172
time in solving system 0.16994544600129302
time in solving system 0.25308345099983853
concluded in  8.912833912001588
Solving snapshot 0 95
36
time in solving system 4.606458039999779
time in solving system 0.1787376510001195
time in solving system 0.24108382300073572
concluded in  10.12230843100042
Solving snapshot 0 96
36
time in solving system 3.3737548509998305
time in solving system 0.1663512670002092
time in solving system 0.18146617300044454
concluded in  9.414717063998978
Solving snapshot 0 97
36
time in solving system 3.6110128370000893
time in solving system 0.1714420339994831
time in solving system 0.23501835499882873
concluded in  8.922266514000512
Solving snapshot 0 98
36
time in solving system 4.193888531000994
time in solving system 0.16964516500047466
time in solving system 0.16690167000160727
concluded in  9.53359815300064
Solving snapshot 0 99
36
time in solving system 4.006050574000255
time in solving system 0.1544824829998106
time in solving system 0.24905768200005696
concluded in  9.998265166001147
Solving snapshot 0 100
36
time in solving system 3.672810430000027
time in solving system 0.28094336399954045
time in solving system 0.20313202699981048
concluded in  9.063531040999806
Solving snapshot 0 101
36
time in solving system 3.3602316899996367
time in solving system 0.18097306200070307
time in solving system 0.15867140499904053
concluded in  8.425843116998294
Solving snapshot 0 102
36
time in solving system 3.611129332000928
time in solving system 0.18348419900030422
time in solving system 0.15407644500010065
concluded in  9.01824530399972
Solving snapshot 0 103
36
time in solving system 3.545814959999916
time in solving system 0.26045254199925694
time in solving system 0.16522929400161956
concluded in  9.100230963000286
Solving snapshot 0 104
36
time in solving system 3.075852195999687
time in solving system 0.16372151499854226
time in solving system 0.13048625200099195
concluded in  8.0093249140009
Solving snapshot 0 105
36
time in solving system 3.5141845590005687
time in solving system 0.1622689959986019
time in solving system 0.1939629659991624
concluded in  9.25274818700018
Solving snapshot 0 106
36
time in solving system 3.2821919090001757
time in solving system 0.16834360199936782
time in solving system 0.17840496099961456
concluded in  8.330675690000135
Solving snapshot 0 107
36
time in solving system 3.4597055350004666
time in solving system 0.25569781600097485
time in solving system 0.13476872100000037
concluded in  8.940005964999727
Solving snapshot 0 108
36
time in solving system 3.5510853579999093
time in solving system 0.14980839300005755
time in solving system 0.16387037700042129
concluded in  9.039521146998595
Solving snapshot 0 109
36
time in solving system 3.996314034000534
time in solving system 0.15097894499922404
time in solving system 0.21331336600087525
concluded in  8.95762988199931
Solving snapshot 0 110
36
time in solving system 3.895559767001032
time in solving system 0.21397086399883847
time in solving system 0.18591188099890132
concluded in  8.950929660999464
Solving snapshot 0 111
36
time in solving system 3.1648672510000324
time in solving system 0.20283872700019856
time in solving system 0.1513370600005146
concluded in  8.668080187999294
Solving snapshot 0 112
36
time in solving system 2.823172071999579
time in solving system 0.17449131300054432
time in solving system 0.1776580429996102
concluded in  7.895440187998247
Solving snapshot 0 113
36
time in solving system 3.083004734999122
time in solving system 0.1817551240001194
time in solving system 0.18412511499991524
concluded in  8.397343415999785
Solving snapshot 0 114
36
time in solving system 2.676688789000764
time in solving system 0.20053806199939572
time in solving system 0.11526132799917832
concluded in  7.591981800998838
Solving snapshot 0 115
36
time in solving system 2.848676814999635
time in solving system 0.18154268099897308
time in solving system 0.11562794699966616
concluded in  8.458442253000612
Solving snapshot 0 116
36
time in solving system 2.711572840000372
time in solving system 0.16367845000058878
time in solving system 0.11425625899937586
concluded in  8.286024581000675
Solving snapshot 0 117
36
time in solving system 2.854964665000807
time in solving system 0.1819385010003316
time in solving system 0.11704307000036351
concluded in  7.900336057000459
Solving snapshot 0 118
36
time in solving system 3.003426348001085
time in solving system 0.20292872800018813
time in solving system 0.12482565400023304
concluded in  8.603263359000266
Solving snapshot 0 119
36
time in solving system 2.9363148150005145
time in solving system 0.18630341300013242
time in solving system 0.21054559999902267
concluded in  9.141601846999038
Solving snapshot 0 120
36
time in solving system 2.902459898001325
time in solving system 0.15181926100012788
time in solving system 0.18265748900012113
concluded in  8.979740826000125
Solving snapshot 0 121
36
time in solving system 3.431487546999051
time in solving system 0.19209807999868644
time in solving system 0.3204652799995529
concluded in  9.288829751998492
Solving snapshot 0 122
36
time in solving system 2.8221945149998646
time in solving system 0.15453815599903464
time in solving system 0.1674890480007889
concluded in  8.078259586998684
Solving snapshot 0 123
36
time in solving system 2.9533900339993124
time in solving system 0.21428368700071587
time in solving system 0.12329348800085427
concluded in  8.385276519999024
Solving snapshot 0 124
36
time in solving system 3.100850099001036
time in solving system 0.22855789099958201
time in solving system 0.14869088099840155
concluded in  9.051863325999875
Solving snapshot 0 125
36
time in solving system 3.238736280000012
time in solving system 0.20559472700006154
time in solving system 0.2534619409998413
concluded in  9.399341108999579
Solving snapshot 0 126
36
time in solving system 3.3593376589997206
time in solving system 0.18803930099966237
time in solving system 0.15921967900067102
concluded in  9.04008450999936
Solving snapshot 0 127
36
time in solving system 3.0465201240003807
time in solving system 0.16803574999903503
time in solving system 0.22257854000054067
concluded in  8.508042290000958
Solving snapshot 0 128
36
time in solving system 3.3660301500003698
time in solving system 0.17551037399971392
time in solving system 0.25380610799948045
concluded in  8.736966589000076
Solving snapshot 0 129
36
time in solving system 2.7968336070007354
time in solving system 0.2581729630001064
time in solving system 0.17832475599971076
concluded in  8.294994760999543
Solving snapshot 0 130
36
time in solving system 3.652671895999447
time in solving system 0.3121937790001539
time in solving system 0.2231254929993156
concluded in  9.552209663999747
Solving snapshot 0 131
36
time in solving system 4.013642742998854
time in solving system 0.3120165010004712
time in solving system 0.2742654279991257
concluded in  9.826642043000902
Solving snapshot 0 132
36
time in solving system 4.287588016999507
time in solving system 0.19506352900134516
time in solving system 0.19605050000063784
concluded in  9.640392740000607
Solving snapshot 0 133
36
time in solving system 4.417472588000237
time in solving system 0.21101591099977668
time in solving system 0.20385897399864916
concluded in  10.204275531999883
Solving snapshot 0 134
36
time in solving system 3.857631054999729
time in solving system 0.15811169500011601
time in solving system 0.21078871200006688
concluded in  9.235584931999256
Solving snapshot 0 135
36
time in solving system 4.119352939998862
time in solving system 0.18250508600067405
time in solving system 0.12597486100094102
concluded in  9.71974000299997
Solving snapshot 0 136
36
time in solving system 3.902988985000775
time in solving system 0.13990183299938508
time in solving system 0.12193249899974035
concluded in  9.699921432998963
Solving snapshot 0 137
36
time in solving system 3.626141953000115
time in solving system 0.1497679080002854
time in solving system 0.1534825480011932
concluded in  8.742376845000763
Solving snapshot 0 138
36
time in solving system 3.2678080909990967
time in solving system 0.28047066900035134
time in solving system 0.23086525500002608
concluded in  8.666152285999488
Solving snapshot 0 139
36
time in solving system 3.457341074999931
time in solving system 0.23867983099989942
time in solving system 0.1468678919991362
concluded in  8.965385597000932
Solving snapshot 0 140
36
time in solving system 3.725172073000067
time in solving system 0.15594544200030214
time in solving system 0.1662345490003645
concluded in  9.023656994999328
Solving snapshot 0 141
36
time in solving system 4.386563123998712
time in solving system 0.1813545189997967
time in solving system 0.17666551699949196
concluded in  10.133421725999142
Solving snapshot 0 142
36
time in solving system 4.4876482389991
time in solving system 0.1485810570011381
time in solving system 0.1327339489998849
concluded in  9.701813354000478
Solving snapshot 0 143
36
time in solving system 3.8719541739992565
time in solving system 0.242616158000601
time in solving system 0.17401387300014903
concluded in  9.642410095999367
Solving snapshot 0 144
36
time in solving system 4.072742543001368
time in solving system 0.1655793129993981
time in solving system 0.2248716340000101
concluded in  9.708865053999034
Solving snapshot 0 145
36
time in solving system 3.709591480999734
time in solving system 0.2014436930003285
time in solving system 0.18046648900053697
concluded in  8.966764261000208
Solving snapshot 0 146
36
time in solving system 3.3280169760000717
time in solving system 0.27591397399919515
time in solving system 0.25375781600087066
concluded in  8.693440846000158
Solving snapshot 0 147
36
time in solving system 3.817989015000421
time in solving system 0.19697579399871756
time in solving system 0.16308973000013793
concluded in  9.572789169000316
Solving snapshot 0 148
36
time in solving system 3.724419931999364
time in solving system 0.18893434699930367
time in solving system 0.20792012899983092
concluded in  9.564077479999469
Solving snapshot 0 149
36
time in solving system 4.059669099999155
time in solving system 0.18137914299950353
time in solving system 0.21550101599859772
concluded in  9.378222826999263
Solving snapshot 0 150
36
time in solving system 4.21848435299944
time in solving system 0.1946649189994787
time in solving system 0.17216635200020391
concluded in  9.507452096999259
Solving snapshot 0 151
36
time in solving system 4.22468618899984
time in solving system 0.14084883500072465
time in solving system 0.12260507000064536
concluded in  9.924898308001502
Solving snapshot 0 152
36
time in solving system 3.4310735710005247
time in solving system 0.16883671899995534
time in solving system 0.2421895939987735
concluded in  8.843177022999953
Solving snapshot 0 153
36
time in solving system 3.1212082310012192
time in solving system 0.2627968830001919
time in solving system 0.21373404699988896
concluded in  8.582775975999539
Solving snapshot 0 154
36
time in solving system 2.913719518999642
time in solving system 0.2652659949999361
time in solving system 0.18673948000105156
concluded in  8.523163166000813
Solving snapshot 0 155
36
time in solving system 2.994666626000253
time in solving system 0.15745168200010085
time in solving system 0.20819837199996982
concluded in  8.361841785999786
Solving snapshot 0 156
36
time in solving system 2.6081694309996237
time in solving system 0.1564677570004278
time in solving system 0.15447982899968338
concluded in  7.775885314000334
Solving snapshot 0 157
36
time in solving system 2.4102521590011747
time in solving system 0.21408980200067163
time in solving system 0.16410406200157013
concluded in  8.088583107000886
Solving snapshot 0 158
36
time in solving system 2.605850552001357
time in solving system 0.14977569499933452
time in solving system 0.1256832300005044
concluded in  8.201985812000203
Solving snapshot 0 159
36
time in solving system 2.4182103679995635
time in solving system 0.13330748100088385
time in solving system 0.1451553339993552
concluded in  8.655524609999702
Solving snapshot 0 160
36
time in solving system 2.424852063999424
time in solving system 0.13437228899965703
time in solving system 0.12271425799917779
concluded in  8.393739655999525
Solving snapshot 0 161
36
time in solving system 2.5458117130001483
time in solving system 0.14614638999955787
time in solving system 0.12294720499994582
concluded in  9.252348055000766
Solving snapshot 0 162
36
time in solving system 2.568427416999839
time in solving system 0.1471136319996731
time in solving system 0.14336049899975478
concluded in  8.31686878400069
Solving snapshot 0 163
36
time in solving system 2.4169789999996283
time in solving system 0.1931545619991084
time in solving system 0.2892454719985835
concluded in  8.728295132001222
Solving snapshot 0 164
36
time in solving system 2.604353082000671
time in solving system 0.17363201800071693
time in solving system 0.22161147100086964
concluded in  8.936805211000319
Solving snapshot 0 165
36
time in solving system 3.5516773979998106
time in solving system 0.2528195630002301
time in solving system 0.2977443929994479
concluded in  9.497642409000036
Solving snapshot 0 166
36
time in solving system 2.9699698780004837
time in solving system 0.18857608699909179
time in solving system 0.21385883499897318
concluded in  8.431219058000352
Solving snapshot 0 167
36
time in solving system 2.391485049000039
time in solving system 0.13137784699938493
time in solving system 0.12333694600056333
concluded in  7.431216044000394
Solving snapshot 0 168
36
time in solving system 2.6442594269992696
time in solving system 0.14667747000021336
time in solving system 0.12017204800031323
concluded in  8.230716367999776
Solving snapshot 0 169
36
time in solving system 2.492819495000731
time in solving system 0.14310214800025278
time in solving system 0.13047433999963687
concluded in  8.387884610001493
Solving snapshot 0 170
36
time in solving system 2.7193194319988834
time in solving system 0.15835354299997562
time in solving system 0.12471318300049461
concluded in  9.217583702000411
Solving snapshot 0 171
36
time in solving system 2.492090110999925
time in solving system 0.14138495100087312
time in solving system 0.13466691900066508
concluded in  9.46390201000031
Solving snapshot 0 172
36
time in solving system 2.651266636999935
time in solving system 0.15971323800113169
time in solving system 0.132569520999823
concluded in  9.98048200500125
Solving snapshot 0 173
36
time in solving system 2.6376715410006
time in solving system 0.1494236849994195
time in solving system 0.11988591400040605
concluded in  10.082052808000299
Solving snapshot 0 174
36
time in solving system 2.6164429299988115
time in solving system 0.14722989299843903
time in solving system 0.12011316799907945
concluded in  9.280958264000219
Solving snapshot 0 175
36
time in solving system 2.4469561309997516
time in solving system 0.13795163499889895
time in solving system 0.1277996200005873
concluded in  8.58427962299902
Solving snapshot 0 176
36
time in solving system 2.716682113999923
time in solving system 0.15333781899971655
time in solving system 0.13988320200041926
concluded in  9.478912049000428
Solving snapshot 0 177
36
time in solving system 2.76297822000015
time in solving system 0.15254064400141942
time in solving system 0.14135715500015067
concluded in  9.146900146999542
Solving snapshot 0 178
36
time in solving system 2.5871564760000183
time in solving system 0.18948266799998237
time in solving system 0.1665399969988357
concluded in  8.835178506999
Solving snapshot 0 179
36
time in solving system 3.2949732319993927
time in solving system 0.239116587999888
time in solving system 0.2011559889997443
concluded in  9.322689627999353
Solving snapshot 0 180
36
time in solving system 3.457243410000956
time in solving system 0.20141494299969054
time in solving system 0.17455413000061526
concluded in  9.399531244000173
Solving snapshot 0 181
36
time in solving system 3.4170738810007606
time in solving system 0.21880691399928764
time in solving system 0.1663816640011646
concluded in  9.26422513000034
Solving snapshot 0 182
36
time in solving system 2.666986055999587
time in solving system 0.16032515400002012
time in solving system 0.1693778700009716
concluded in  7.973545999000635
Solving snapshot 0 183
36
time in solving system 2.5563719690017024
time in solving system 0.18189404199983983
time in solving system 0.23499416599952383
concluded in  8.096790520998184
Solving snapshot 0 184
36
time in solving system 3.3694005270008347
time in solving system 0.3413989019991277
time in solving system 0.1939075110003614
concluded in  9.512563660000524
Solving snapshot 0 185
36
time in solving system 3.4645023470002343
time in solving system 0.2849274809996132
time in solving system 0.3219462630004273
concluded in  9.5164476810005
Solving snapshot 0 186
36
time in solving system 2.711409019999337
time in solving system 0.18353325300085999
time in solving system 0.21819219700046233
concluded in  8.31597969700124
Solving snapshot 0 187
36
time in solving system 2.663501990000441
time in solving system 0.20347658900027454
time in solving system 0.1754615059999196
concluded in  7.990959370999917
Solving snapshot 0 188
36
time in solving system 2.7038011599997844
time in solving system 0.18586190700079896
time in solving system 0.2019955089999712
concluded in  8.976312020000478
Solving snapshot 0 189
36
time in solving system 4.202513352000096
time in solving system 0.28481466499943053
time in solving system 0.21358635000069626
concluded in  10.131075138999222
Solving snapshot 0 190
36
time in solving system 3.902985606000584
time in solving system 0.22900857899912808
time in solving system 0.2125686150011461
concluded in  9.406812612000067
Solving snapshot 0 191
36
time in solving system 4.674419033000959
time in solving system 0.17059739300020738
time in solving system 0.1830572460003168
concluded in  10.429779318001238
Solving snapshot 0 192
36
time in solving system 3.8936207050010125
time in solving system 0.14657016700039094
time in solving system 0.12551652600086527
concluded in  9.165493975000572
Solving snapshot 0 193
36
time in solving system 3.5544398249985534
time in solving system 0.17746886299937614
time in solving system 0.1614613339988864
concluded in  8.851073963998715
Solving snapshot 0 194
36
time in solving system 3.9662285760005034
time in solving system 0.31683639499897254
time in solving system 0.23024191700096708
concluded in  9.523761409000144
Solving snapshot 0 195
36
time in solving system 3.6023648399986996
time in solving system 0.3337904090003576
time in solving system 0.22229602999868803
concluded in  9.22658723799941
Solving snapshot 0 196
36
time in solving system 4.183564452001519
time in solving system 0.2696785070002079
time in solving system 0.17863010699875304
concluded in  9.684366220000811
Solving snapshot 0 197
36
time in solving system 3.97971596699972
time in solving system 0.26011476700114144
time in solving system 0.16272051799933251
concluded in  9.452489377999882
Solving snapshot 0 198
36
time in solving system 2.8374526129991864
time in solving system 0.24130183399938687
time in solving system 0.2623174010004732
concluded in  8.206526613001188
Solving snapshot 0 199
36
time in solving system 2.7214118350002536
time in solving system 0.16403005900065182
time in solving system 0.16986060599992925
concluded in  7.951370349999706
Solving snapshot 0 200
36
time in solving system 2.56973219000065
time in solving system 0.14677113899961114
time in solving system 0.13587718599956133
concluded in  8.020289138999942
Solving snapshot 0 201
36
time in solving system 2.593554609000421
time in solving system 0.14536143799887213
time in solving system 0.11912224200023047
concluded in  8.878848346999803
Solving snapshot 0 202
36
time in solving system 2.606648338998639
time in solving system 0.14651834800133656
time in solving system 0.11857928299832565
concluded in  8.402788338999017
Solving snapshot 0 203
36
time in solving system 2.4490522560008685
time in solving system 0.1354031480004778
time in solving system 0.1250764540000091
concluded in  9.128094224999586
Solving snapshot 0 204
36
time in solving system 2.6071033219996025
time in solving system 0.14963934300067194
time in solving system 0.1218304869998974
concluded in  8.361953257001005
Solving snapshot 0 205
36
time in solving system 2.5848637589988357
time in solving system 0.15139323299990792
time in solving system 0.1361861780005711
concluded in  9.20188962300017
Solving snapshot 0 206
36
time in solving system 2.5973204960009753
time in solving system 0.15167940699939209
time in solving system 0.12392798499968194
concluded in  8.56836319499962
Solving snapshot 0 207
36
time in solving system 2.4156599329999153
time in solving system 0.1350146870008757
time in solving system 0.12260905999937677
concluded in  8.880845429001056
Solving snapshot 0 208
36
time in solving system 2.5562205000005633
time in solving system 0.14574367699970026
time in solving system 0.14203048699891951
concluded in  9.220945961000325
Solving snapshot 0 209
36
time in solving system 2.45137912500104
time in solving system 0.13339755900051387
time in solving system 0.12178582999877108
concluded in  7.9935948260008445
Solving snapshot 0 210
36
time in solving system 2.6361292990004586
time in solving system 0.17142700600015814
time in solving system 0.1807957119999628
concluded in  9.031723443000374
Solving snapshot 0 211
36
time in solving system 2.5001310110001214
time in solving system 0.1336873359996389
time in solving system 0.12654012100028922
concluded in  8.255292836998706
Solving snapshot 0 212
36
time in solving system 2.6540198090006015
time in solving system 0.16670154399980674
time in solving system 0.1628582830016967
concluded in  9.094737328001429
Solving snapshot 0 213
36
time in solving system 2.358893996999541
time in solving system 0.14878800199949183
time in solving system 0.15967936999913945
concluded in  8.054090104998977
Solving snapshot 0 214
36
time in solving system 2.5437193079997087
time in solving system 0.15252295699974638
time in solving system 0.14030049699977098
concluded in  7.939895998000793
Solving snapshot 0 215
36
time in solving system 2.514155327999106
time in solving system 0.16692998500002432
time in solving system 0.25895295000009355
concluded in  8.757203216000562
Solving snapshot 0 216
36
time in solving system 3.10241951199896
time in solving system 0.35224793199995474
time in solving system 0.3631039650008461
concluded in  9.7077777960003
Solving snapshot 0 217
36
time in solving system 3.174102319000667
time in solving system 0.36641847800092364
time in solving system 0.2444845570007601
concluded in  8.78182716899937
Solving snapshot 0 218
36
time in solving system 2.388842887999999
time in solving system 0.160510035999323
time in solving system 0.23233813200022269
concluded in  8.045474085000023
Solving snapshot 0 219
36
time in solving system 2.7485173160002887
time in solving system 0.17881508599930385
time in solving system 0.18865009600085614
concluded in  8.714985078999234
Solving snapshot 0 220
36
time in solving system 3.3768354120002186
time in solving system 0.21159460400122043
time in solving system 0.19127522599956137
concluded in  9.321367241000189
Solving snapshot 0 221
36
time in solving system 3.30066086899933
time in solving system 0.3316592520004633
time in solving system 0.3724185099999886
concluded in  9.476173523999023
Solving snapshot 0 222
36
time in solving system 2.961048438999569
time in solving system 0.319668582000304
time in solving system 0.21850767499927315
concluded in  8.961705670999436
Solving snapshot 0 223
36
time in solving system 2.576588324000113
time in solving system 0.17906124100045417
time in solving system 0.1731416700004047
concluded in  8.391445647001092
Solving snapshot 0 224
36
time in solving system 3.154924554999525
time in solving system 0.3429908090001845
time in solving system 0.3479732519990648
concluded in  9.297669818999566
Solving snapshot 0 225
36
time in solving system 2.675897552000606
time in solving system 0.17776562699873466
time in solving system 0.16234032600004866
concluded in  8.366369670000495
Solving snapshot 0 226
36
time in solving system 2.372081862999039
time in solving system 0.13090424599977268
time in solving system 0.134531097000945
concluded in  7.642059350000636
Solving snapshot 0 227
36
time in solving system 2.4296575610005675
time in solving system 0.13135902999965765
time in solving system 0.12290813400068146
concluded in  8.159666228999413
Solving snapshot 0 228
36
time in solving system 2.611541946998841
time in solving system 0.1546332669986441
time in solving system 0.137113507000322
concluded in  9.070772342000055
Solving snapshot 0 229
36
time in solving system 2.401496461001443
time in solving system 0.13003215599928808
time in solving system 0.12865412700011802
concluded in  8.382617251001648
Solving snapshot 0 230
36
time in solving system 2.436104028000045
time in solving system 0.13840729000003194
time in solving system 0.12553668300097343
concluded in  8.054137537001225
Solving snapshot 0 231
36
time in solving system 2.603073100999609
time in solving system 0.14676950500142993
time in solving system 0.12270927600002324
concluded in  9.663613800999883
Solving snapshot 0 232
36
time in solving system 2.403547271000207
time in solving system 0.12997368899959838
time in solving system 0.12118811199979973
concluded in  8.511499630998514
Solving snapshot 0 233
36
time in solving system 2.5123697990002256
time in solving system 0.15066262899927096
time in solving system 0.13880517500001588
concluded in  8.868441767999684
Solving snapshot 0 234
36
time in solving system 2.5302132519991574
time in solving system 0.17302264600039052
time in solving system 0.16492151500096952
concluded in  8.608115594999617
Solving snapshot 0 235
36
time in solving system 2.683036283000547
time in solving system 0.1563447320004343
time in solving system 0.17011970299972745
concluded in  8.297585637001248
Solving snapshot 0 236
36
time in solving system 2.463059407000401
time in solving system 0.13002784799937217
time in solving system 0.12156003900054202
concluded in  7.916654049999124
Solving snapshot 0 237
36
time in solving system 2.5157567860005656
time in solving system 0.1302027050005563
time in solving system 0.12237386999913724
concluded in  8.261532671998793
Solving snapshot 0 238
36
time in solving system 2.4025212550004653
time in solving system 0.13910344599935343
time in solving system 0.12911501900089206
concluded in  8.97498213000108
Solving snapshot 0 239
36
time in solving system 2.629953771000146
time in solving system 0.14472047599883808
time in solving system 0.1456654419998813
concluded in  9.432950664999225
Solving snapshot 0 240
36
time in solving system 2.6157168419995287
time in solving system 0.1465028920010809
time in solving system 0.11941226300041308
concluded in  8.482131261000177
Solving snapshot 0 241
36
time in solving system 2.643753533000563
time in solving system 0.14967769000031694
time in solving system 0.12283451599978434
concluded in  8.511420916998759
Solving snapshot 0 242
36
time in solving system 2.648477628999899
time in solving system 0.15188879699962854
time in solving system 0.12521925699911662
concluded in  9.444623433999368
Solving snapshot 0 243
36
time in solving system 2.497104816000501
time in solving system 0.13719852400026866
time in solving system 0.12968072700095945
concluded in  8.64718443700076
Solving snapshot 0 244
36
time in solving system 2.4568685369995364
time in solving system 0.13482369700068375
time in solving system 0.12233631100025377
concluded in  9.39802175099976
Solving snapshot 0 245
36
time in solving system 2.393398274998617
time in solving system 0.12874728699898697
time in solving system 0.1262409099999786
concluded in  8.93295655700058
Solving snapshot 0 246
36
time in solving system 2.4850386239995714
time in solving system 0.13443302899941045
time in solving system 0.1271389140001702
concluded in  8.176485694000803
Solving snapshot 0 247
36
time in solving system 2.6237859840002784
time in solving system 0.14538357200035534
time in solving system 0.11973749299977499
concluded in  8.891392769000959
Solving snapshot 0 248
36
time in solving system 2.6346400919992448
time in solving system 0.16059087199937494
time in solving system 0.16367599600016547
concluded in  9.143072953000228
Solving snapshot 0 249
36
time in solving system 2.5952100550002797
time in solving system 0.16133014099978027
time in solving system 0.15414963500006706
concluded in  8.367622686000686
Solving snapshot 0 250
36
time in solving system 2.464741874000538
time in solving system 0.12824904400076775
time in solving system 0.12180782700124837
concluded in  8.029215782000392
Solving snapshot 0 251
36
time in solving system 2.6463073110007826
time in solving system 0.14589547499963373
time in solving system 0.11891403300069214
concluded in  8.629477177999433
Solving snapshot 0 252
36
time in solving system 2.469639584000106
time in solving system 0.1324795840009756
time in solving system 0.12264776400115807
concluded in  8.572833076001189
Solving snapshot 0 253
36
time in solving system 2.6160677980005858
time in solving system 0.1580258780013537
time in solving system 0.17406566299905535
concluded in  9.421961310999905
Solving snapshot 0 254
36
time in solving system 2.3623874009990686
time in solving system 0.19981539299988071
time in solving system 0.16052126700014924
concluded in  7.413844804001201
Solving snapshot 0 255
36
time in solving system 2.3811806550002075
time in solving system 0.14480863999961002
time in solving system 0.13484422700094
concluded in  7.270356749000712
Solving snapshot 0 256
36
time in solving system 2.3779190959994594
time in solving system 0.18290436699862767
time in solving system 0.17435406700133171
concluded in  7.652748022001106
Solving snapshot 0 257
36
time in solving system 2.201011033001123
time in solving system 0.1481430599997111
time in solving system 0.15689980000024661
concluded in  7.454175492999639
Solving snapshot 0 258
36
time in solving system 2.3068677539995406
time in solving system 0.12792806499965081
time in solving system 0.11711988499882864
concluded in  7.097291662999851
Solving snapshot 0 259
36
time in solving system 2.2250685499984684
time in solving system 0.12696834300004411
time in solving system 0.1453486000009434
concluded in  7.258752555000683
Solving snapshot 0 260
36
time in solving system 2.462095777000286
time in solving system 0.16046419099984632
time in solving system 0.15597527300087677
concluded in  7.957006242999341
Solving snapshot 0 261
36
time in solving system 2.252888973000154
time in solving system 0.16447219300061988
time in solving system 0.16035230199850048
concluded in  7.256496690999484
Solving snapshot 0 262
36
time in solving system 2.286001522999868
time in solving system 0.15834992500094813
time in solving system 0.14561470700027712
concluded in  7.265344515000834
Solving snapshot 0 263
36
time in solving system 2.2313259040001867
time in solving system 0.15051542299988796
time in solving system 0.15550579799855768
concluded in  7.644803432000117
Solving snapshot 0 264
36
time in solving system 2.2638471240006766
time in solving system 0.13758149100067385
time in solving system 0.13416369999868039
concluded in  7.137829586999942
Solving snapshot 0 265
36
time in solving system 2.369644316000631
time in solving system 0.16083429399986926
time in solving system 0.16936745699968014
concluded in  7.8176818969986925
Solving snapshot 0 266
36
time in solving system 2.4078801899995597
time in solving system 0.16670560800048406
time in solving system 0.18177041800117877
concluded in  7.313427486000364
Solving snapshot 0 267
36
time in solving system 2.7286304919998656
time in solving system 0.28860580199943797
time in solving system 0.19006318999890937
concluded in  8.142993722000028
Solving snapshot 0 268
36
time in solving system 2.644929342000978
time in solving system 0.15261491499950353
time in solving system 0.14070911899943894
concluded in  7.8010493780002435
Solving snapshot 0 269
36
time in solving system 2.507155758999943
time in solving system 0.1577183570007037
time in solving system 0.16248748900034116
concluded in  7.4105227009986265
Solving snapshot 0 270
36
time in solving system 3.0367760799999814
time in solving system 0.23601486200095678
time in solving system 0.20749000099931436
concluded in  8.303359433999503
Solving snapshot 0 271
36
time in solving system 2.807179618999726
time in solving system 0.22015413099870784
time in solving system 0.1608835490005731
concluded in  7.708856721999837
Solving snapshot 0 272
36
time in solving system 2.9996671449989663
time in solving system 0.15548372000012023
time in solving system 0.1375292039992928
concluded in  8.081353953999496
Solving snapshot 0 273
36
time in solving system 2.6419658819995675
time in solving system 0.2473767459996452
time in solving system 0.3484131429995614
concluded in  8.04197998699965
Solving snapshot 0 274
36
time in solving system 2.285320459999639
time in solving system 0.19715947700024117
time in solving system 0.1619784400008939
concluded in  7.081406994000645
Solving snapshot 0 275
36
time in solving system 2.3620264540004428
time in solving system 0.14582628700009082
time in solving system 0.1271966260010231
concluded in  7.139651424000476
Solving snapshot 0 276
36
time in solving system 2.8977238219995343
time in solving system 0.18654375900041487
time in solving system 0.16589942800055724
concluded in  7.984917511999811
Solving snapshot 0 277
36
time in solving system 2.8677438920003624
time in solving system 0.28366523399927246
time in solving system 0.3307169870004145
concluded in  8.038063076999606
Solving snapshot 0 278
36
time in solving system 2.3494855829994776
time in solving system 0.15362119900055404
time in solving system 0.1633432439994067
concluded in  7.061858994000431
Solving snapshot 0 279
36
time in solving system 2.350337103000129
time in solving system 0.19215856800110487
time in solving system 0.16264584899909096
concluded in  6.991928339000879
Solving snapshot 0 280
36
time in solving system 2.4933034959994984
time in solving system 0.2224781160002749
time in solving system 0.16395088299941563
concluded in  7.536651537999205
Solving snapshot 0 281
36
time in solving system 2.4851892119986587
time in solving system 0.14747844299927237
time in solving system 0.16411775500091608
concluded in  8.070094085000164
Solving snapshot 0 282
36
time in solving system 2.6303841240005568
time in solving system 0.14963273799912713
time in solving system 0.14852325200081395
concluded in  8.34214648499983
Solving snapshot 0 283
36
time in solving system 2.687952320000477
time in solving system 0.15715301799900772
time in solving system 0.17098481799985166
concluded in  9.275105939999776
Solving snapshot 0 284
36
time in solving system 2.7764430940005695
time in solving system 0.17498525300106849
time in solving system 0.15767447899997933
concluded in  10.530613241999163
Solving snapshot 0 285
36
time in solving system 2.7446854669997265
time in solving system 0.14602910499888822
time in solving system 0.12197628899957635
concluded in  9.263667680001163
Solving snapshot 0 286
36
time in solving system 2.7988899760002823
time in solving system 0.1541054899989831
time in solving system 0.13483917200028372
concluded in  10.261457911999969
Solving snapshot 0 287
36
time in solving system 2.750897634001376
time in solving system 0.16439928599902487
time in solving system 0.15489478100062115
concluded in  10.631625538000662
Solving snapshot 0 288
36
time in solving system 2.934311639999578
time in solving system 0.20656407000024046
time in solving system 0.20066249500086997
concluded in  12.635333940999772
Solving snapshot 0 289
36
time in solving system 3.889485549998426
time in solving system 0.22045869500107074
time in solving system 0.2034091100013029
concluded in  13.684667224000805
Solving snapshot 0 290
36
time in solving system 3.601545793999321
time in solving system 0.2301740279999649
time in solving system 0.17729010299990478
concluded in  10.597812153999257
Solving snapshot 0 291
36
time in solving system 4.0276601370005665
time in solving system 0.19416245600041293
time in solving system 0.13218961899838177
concluded in  11.560294828999758
Solving snapshot 0 292
36
time in solving system 4.739134748999277
time in solving system 0.25944673899903137
time in solving system 0.23545364599885943
concluded in  12.894824538001558
Solving snapshot 0 293
36
time in solving system 4.879986051999367
time in solving system 0.21689871399939875
time in solving system 0.1817995109995536
concluded in  11.569819278000068
Solving snapshot 0 294
36
time in solving system 5.7409033510011795
time in solving system 0.4029390499999863
time in solving system 0.3023365400003968
concluded in  12.421295623000333
Solving snapshot 0 295
36
time in solving system 5.474025888999677
time in solving system 0.20601820499905443
time in solving system 0.40712686899860273
concluded in  12.847986022999976
Solving snapshot 0 296
36
time in solving system 5.829497540999
time in solving system 0.2462518619995535
time in solving system 0.1944943409998814
concluded in  12.803785306999998
Solving snapshot 0 297
36
time in solving system 5.764746539000043
time in solving system 0.2701729330001399
time in solving system 0.21216661899961764
concluded in  12.910839041000145
Solving snapshot 0 298
36
time in solving system 5.950937776000501
time in solving system 0.19111187099952076
time in solving system 0.1560335150006722
concluded in  13.14384294699994
Solving snapshot 0 299
36
time in solving system 5.976127984000414
time in solving system 0.24074492300132988
time in solving system 0.3141048480010795
concluded in  12.35058598499927
[]
Not completed: []
