Solving not completed simulation: 0-th chance
Solving snapshot 0 0
36
time in solving system 1.69677732999844
time in solving system 0.09394925100059481
time in solving system 0.08974928299721796
concluded in  4.387483227001212
Solving snapshot 0 1
36
time in solving system 1.5599727910012007
time in solving system 0.09514208399923518
time in solving system 0.08540655300021172
concluded in  4.066186109004775
Solving snapshot 0 2
36
time in solving system 1.5701178800009075
time in solving system 0.09693959099968197
time in solving system 0.091646134002076
concluded in  4.258368392002012
Solving snapshot 0 3
36
time in solving system 1.5991308960001334
time in solving system 0.10090388399839867
time in solving system 0.08752329999697395
concluded in  4.1080092640040675
Solving snapshot 0 4
36
time in solving system 1.5558406220006873
time in solving system 0.1036956870011636
time in solving system 0.08500469099817565
concluded in  4.239005420000467
Solving snapshot 0 5
36
time in solving system 1.5182197819958674
time in solving system 0.09672364000289235
time in solving system 0.08482457199716009
concluded in  4.18719236600009
Solving snapshot 0 6
36
time in solving system 1.586305507000361
time in solving system 0.10033645899966359
time in solving system 0.09126445800211513
concluded in  4.275802456002566
Solving snapshot 0 7
36
time in solving system 1.8415316390019143
time in solving system 0.10471864399733022
time in solving system 0.09562287100561662
concluded in  4.348118365996925
Solving snapshot 0 8
36
time in solving system 2.7550450449998607
time in solving system 0.1532983279976179
time in solving system 0.15991694499825826
concluded in  5.528448375996959
Solving snapshot 0 9
36
time in solving system 2.22112788099912
time in solving system 0.14990682000643574
time in solving system 0.1454952579952078
concluded in  5.232440135005163
Solving snapshot 0 10
36
time in solving system 2.0362669419992017
time in solving system 0.12285773899930064
time in solving system 0.10888963400066132
concluded in  4.761801259999629
Solving snapshot 0 11
36
time in solving system 2.0134790529991733
time in solving system 0.11277369099843781
time in solving system 0.10802050199708901
concluded in  4.646079122998344
Solving snapshot 0 12
36
time in solving system 2.221642240998335
time in solving system 0.11345733600319363
time in solving system 0.11490206600137753
concluded in  5.029854920998332
Solving snapshot 0 13
36
time in solving system 3.0578056650047074
time in solving system 0.11204891899978975
time in solving system 0.11578028999792878
concluded in  6.138050959001703
Solving snapshot 0 14
36
time in solving system 2.889398200000869
time in solving system 0.14065525100158993
time in solving system 0.1315592419996392
concluded in  6.375223750001169
Solving snapshot 0 15
36
time in solving system 2.7004802060037036
time in solving system 0.14694261499971617
time in solving system 0.111552362999646
concluded in  6.14181360299699
Solving snapshot 0 16
36
time in solving system 3.3682138820004184
time in solving system 0.21989663800195558
time in solving system 0.09600128800229868
concluded in  6.957863200994325
Solving snapshot 0 17
36
time in solving system 2.7673053439939395
time in solving system 0.2841146729988395
time in solving system 0.2412895329980529
concluded in  6.623879542996292
Solving snapshot 0 18
36
time in solving system 2.242231226999138
time in solving system 0.11094386700278847
time in solving system 0.11796603100083303
concluded in  5.771682667997084
Solving snapshot 0 19
36
time in solving system 2.484015736998117
time in solving system 0.22181179700419307
time in solving system 0.22817530400061514
concluded in  6.110959634999745
Solving snapshot 0 20
36
time in solving system 5.307740951000596
time in solving system 0.324073452000448
time in solving system 0.3099963620043127
concluded in  10.356433824003034
Solving snapshot 0 21
36
time in solving system 3.8750186050019693
time in solving system 0.3741353449950111
time in solving system 0.47028682299423963
concluded in  8.179967495998426
Solving snapshot 0 22
36
time in solving system 4.831620894998196
time in solving system 0.13169829300022684
time in solving system 0.11430120700242696
concluded in  8.939445543001057
Solving snapshot 0 23
36
time in solving system 3.2166409560013562
time in solving system 0.2705341819964815
time in solving system 0.3510060449989396
concluded in  7.753382605995284
Solving snapshot 0 24
36
time in solving system 3.7699201880022883
time in solving system 0.13222957999823848
time in solving system 0.11677566399885109
concluded in  7.840356211003382
Solving snapshot 0 25
36
time in solving system 3.8561030909986584
time in solving system 0.2421847389996401
time in solving system 0.19698761100153206
concluded in  8.08933653299755
Solving snapshot 0 26
36
time in solving system 3.166467618997558
time in solving system 0.24769727000239072
time in solving system 0.24376532300084364
concluded in  7.320974844995362
Solving snapshot 0 27
36
time in solving system 3.2834508669984643
time in solving system 0.1306682459980948
time in solving system 0.11264875400229357
concluded in  7.5959464219995425
Solving snapshot 0 28
36
time in solving system 2.690565807002713
time in solving system 0.11634163899725536
time in solving system 0.11456739099958213
concluded in  8.08049400299933
Solving snapshot 0 29
36
time in solving system 2.566881751998153
time in solving system 0.2368214270027238
time in solving system 0.2457116129953647
concluded in  8.129850482997426
Solving snapshot 0 30
36
time in solving system 2.7423589390018606
time in solving system 0.2352936090028379
time in solving system 0.2574286529998062
concluded in  8.309292787998857
Solving snapshot 0 31
36
time in solving system 2.583315916999709
time in solving system 0.1506785099991248
time in solving system 0.11051761400449323
concluded in  7.064722550996521
Solving snapshot 0 32
36
time in solving system 2.2082429059955757
time in solving system 0.11373139399802312
time in solving system 0.10424382299970603
concluded in  6.747035957996559
Solving snapshot 0 33
36
time in solving system 2.5922009909991175
time in solving system 0.12113197000144282
time in solving system 0.11262096100108465
concluded in  7.781306506003602
Solving snapshot 0 34
36
time in solving system 2.159205127005407
time in solving system 0.10759971900552046
time in solving system 0.11282218099950114
concluded in  7.086813993999385
Solving snapshot 0 35
36
time in solving system 2.7507793400000082
time in solving system 0.11283766099950299
time in solving system 0.10439984899858246
concluded in  7.563261590003094
Solving snapshot 0 36
36
time in solving system 3.4368071329954546
time in solving system 0.12395848400046816
time in solving system 0.11403091299871448
concluded in  8.300047823002387
Solving snapshot 0 37
36
time in solving system 3.8046243059943663
time in solving system 0.2384123029987677
time in solving system 0.23647463099769084
concluded in  10.15573244499683
Solving snapshot 0 38
36
time in solving system 2.5340746879955987
time in solving system 0.11422260400286177
time in solving system 0.11335421300464077
concluded in  6.9271875220001675
Solving snapshot 0 39
36
time in solving system 3.5275375060009537
time in solving system 0.2352166929995292
time in solving system 0.2437012579975999
concluded in  8.697956531999807
Solving snapshot 0 40
36
time in solving system 3.0779476839961717
time in solving system 0.2542654369972297
time in solving system 0.2638341979982215
concluded in  8.640400625998154
Solving snapshot 0 41
36
time in solving system 2.804227736996836
time in solving system 0.24824449500010815
time in solving system 0.25644840299355565
concluded in  8.609937097004149
Solving snapshot 0 42
36
time in solving system 3.674704598997778
time in solving system 0.20748573299351847
time in solving system 0.11834072700003162
concluded in  9.016508560001967
Solving snapshot 0 43
36
time in solving system 2.1421266939942143
time in solving system 0.12304793899966171
time in solving system 0.11466199900314678
concluded in  7.034381740006211
Solving snapshot 0 44
36
time in solving system 3.10581878299854
time in solving system 0.10507747500378173
time in solving system 0.12250437599868746
concluded in  8.19866369200463
Solving snapshot 0 45
36
time in solving system 3.037246206004056
time in solving system 0.11404413300624583
time in solving system 0.11309649000031641
concluded in  8.813088770999457
Solving snapshot 0 46
36
time in solving system 2.529739477999101
time in solving system 0.10489808800048195
time in solving system 0.10129208899888908
concluded in  8.02547401299671
Solving snapshot 0 47
36
time in solving system 2.7483761930052424
time in solving system 0.10568651399808004
time in solving system 0.1084948570060078
concluded in  8.714069680005196
Solving snapshot 0 48
36
time in solving system 2.5301822230030666
time in solving system 0.10380370799975935
time in solving system 0.10376914500375278
concluded in  7.128676241001813
Solving snapshot 0 49
36
time in solving system 4.043092330997752
time in solving system 0.12942225100414362
time in solving system 0.12669518199982122
concluded in  9.552566933998605
Solving snapshot 0 50
36
time in solving system 4.957895223000378
time in solving system 0.21144453700253507
time in solving system 0.13300280299881706
concluded in  9.38698917000147
Solving snapshot 0 51
36
time in solving system 2.43757070099673
time in solving system 0.1109987249947153
time in solving system 0.11744987400015816
concluded in  7.232706955001049
Solving snapshot 0 52
36
time in solving system 2.0037257139993017
time in solving system 0.11214784299954772
time in solving system 0.10988320400065277
concluded in  6.986775045996183
Solving snapshot 0 53
36
time in solving system 2.1953479339936166
time in solving system 0.12666345499746967
time in solving system 0.10240268299821764
concluded in  7.74198787399655
Solving snapshot 0 54
36
time in solving system 3.0834174119954696
time in solving system 0.10117275700031314
time in solving system 0.1077053059998434
concluded in  8.893791768998199
Solving snapshot 0 55
36
time in solving system 3.340552216002834
time in solving system 0.12134008500288473
time in solving system 0.10462847999588121
concluded in  8.416118601002381
Solving snapshot 0 56
36
time in solving system 4.246176349995949
time in solving system 0.1147232500006794
time in solving system 0.11417420599900652
concluded in  9.254071256000316
Solving snapshot 0 57
36
time in solving system 3.6827705140021862
time in solving system 0.11225551099778386
time in solving system 0.12662902400188614
concluded in  7.551925599000242
Solving snapshot 0 58
36
time in solving system 3.4720925340006943
time in solving system 0.11762200299563119
time in solving system 0.11885874499421334
concluded in  8.861078344998532
Solving snapshot 0 59
36
time in solving system 3.91249998499552
time in solving system 0.10311308400559938
time in solving system 0.09711563699966064
concluded in  9.100671660999069
Solving snapshot 0 60
36
time in solving system 4.04175939400011
time in solving system 0.1306106960037141
time in solving system 0.13042932499956805
concluded in  8.679411429999163
Solving snapshot 0 61
36
time in solving system 4.204272000002675
time in solving system 0.12714830999902915
time in solving system 0.11975379100476857
concluded in  8.580276935004804
Solving snapshot 0 62
36
time in solving system 4.5184502600022824
time in solving system 0.10391065599833382
time in solving system 0.10048447000008309
concluded in  8.563747531996341
Solving snapshot 0 63
36
time in solving system 4.325283350997779
time in solving system 0.16632347400445724
time in solving system 0.11078521500166971
concluded in  9.174898352001037
Solving snapshot 0 64
36
time in solving system 3.56400706700515
time in solving system 0.2518606060039019
time in solving system 0.24582500199903734
concluded in  9.075631599996996
Solving snapshot 0 65
36
time in solving system 4.649462487999699
time in solving system 0.12015281100320863
time in solving system 0.21595897799852537
concluded in  8.663160436000908
Solving snapshot 0 66
36
time in solving system 3.9348117360059405
time in solving system 0.19127533400023822
time in solving system 0.1582339129963657
concluded in  8.020482879001065
Solving snapshot 0 67
36
time in solving system 3.8734437419989263
time in solving system 0.2571375950064976
time in solving system 0.14065486199979205
concluded in  9.692534690002503
Solving snapshot 0 68
36
time in solving system 3.136794825994002
time in solving system 0.25690019100147765
time in solving system 0.2525086020032177
concluded in  8.040753714005405
Solving snapshot 0 69
36
time in solving system 3.8847159610013478
time in solving system 0.15954134600178804
time in solving system 0.12381035699945642
concluded in  7.409583048000059
Solving snapshot 0 70
36
time in solving system 3.3583604730010848
time in solving system 0.24122883599920897
time in solving system 0.2787840429955395
concluded in  8.208488301002944
Solving snapshot 0 71
36
time in solving system 3.601971987001889
time in solving system 0.12029355900449445
time in solving system 0.1295918029936729
concluded in  7.254508386999078
Solving snapshot 0 72
36
time in solving system 4.373447719000978
time in solving system 0.1167892599987681
time in solving system 0.16282903400133364
concluded in  8.993341093999334
Solving snapshot 0 73
36
time in solving system 4.773520401002315
time in solving system 0.11386155099899042
time in solving system 0.11089373100548983
concluded in  9.650262686001952
Solving snapshot 0 74
36
time in solving system 3.4298909029967035
time in solving system 0.23539482599881012
time in solving system 0.2436035049977363
concluded in  8.006078808000893
Solving snapshot 0 75
36
time in solving system 2.918789523995656
time in solving system 0.2356398390038521
time in solving system 0.21649993200117024
concluded in  8.12056610599393
Solving snapshot 0 76
36
time in solving system 4.499969756005157
time in solving system 0.11590744899876881
time in solving system 0.12645177700323984
concluded in  8.269579166000767
Solving snapshot 0 77
36
time in solving system 4.368708820002212
time in solving system 0.11216177899768809
time in solving system 0.1053015610013972
concluded in  7.923726759006968
Solving snapshot 0 78
36
time in solving system 4.101403538996237
time in solving system 0.12010122300125659
time in solving system 0.15213381300418405
concluded in  9.265742980998766
Solving snapshot 0 79
36
time in solving system 3.6521976649964927
time in solving system 0.23622186199645512
time in solving system 0.11614649299735902
concluded in  7.929831102002936
Solving snapshot 0 80
36
time in solving system 3.9073922710012994
time in solving system 0.22672975399473216
time in solving system 0.2491050139942672
concluded in  8.380743574998633
Solving snapshot 0 81
36
time in solving system 3.060540056001628
time in solving system 0.1163129620035761
time in solving system 0.17329872400296154
concluded in  6.743048372001795
Solving snapshot 0 82
36
time in solving system 3.6289674660001765
time in solving system 0.22572751600091578
time in solving system 0.26050383700203383
concluded in  8.203843569004675
Solving snapshot 0 83
36
time in solving system 4.003412141006265
time in solving system 0.1407244840011117
time in solving system 0.16221229700022377
concluded in  8.727122299998882
Solving snapshot 0 84
36
time in solving system 4.734632612002315
time in solving system 0.10880757499398896
time in solving system 0.1115514940029243
concluded in  8.465632416002336
Solving snapshot 0 85
36
time in solving system 3.9425256500035175
time in solving system 0.1196397000021534
time in solving system 0.1141919779984164
concluded in  8.13780769999721
Solving snapshot 0 86
36
time in solving system 3.9313557490022504
time in solving system 0.10585223299858626
time in solving system 0.09912816799624125
concluded in  7.444027741999889
Solving snapshot 0 87
36
time in solving system 3.6427668719989015
time in solving system 0.2412472060022992
time in solving system 0.2567445470049279
concluded in  7.979584867993253
Solving snapshot 0 88
36
time in solving system 4.920813173004717
time in solving system 0.11885626200091792
time in solving system 0.1115906709965202
concluded in  8.378287375999207
Solving snapshot 0 89
36
time in solving system 4.087438003996795
time in solving system 0.16136647800158244
time in solving system 0.11020006699982332
concluded in  8.897305521000817
Solving snapshot 0 90
36
time in solving system 4.370639455999481
time in solving system 0.11022537000098964
time in solving system 0.11048864799522562
concluded in  9.012839742004871
Solving snapshot 0 91
36
time in solving system 4.428610062001098
time in solving system 0.11227634899842087
time in solving system 0.12522191999596544
concluded in  9.948979464999866
Solving snapshot 0 92
36
time in solving system 3.7025154790026136
time in solving system 0.23675773799914168
time in solving system 0.24149196600046707
concluded in  8.399574985000072
Solving snapshot 0 93
36
time in solving system 3.143370303005213
time in solving system 0.23365308599750279
time in solving system 0.2229462980030803
concluded in  7.537850034997973
Solving snapshot 0 94
36
time in solving system 3.769374515999516
time in solving system 0.392440595998778
time in solving system 0.3272723349946318
concluded in  9.872920587004046
Solving snapshot 0 95
36
time in solving system 5.536970070003008
time in solving system 0.21156944199901773
time in solving system 0.12207567700534128
concluded in  9.210349767003208
Solving snapshot 0 96
36
time in solving system 4.144345742999576
time in solving system 0.1332862120034406
time in solving system 0.1320400550030172
concluded in  8.642871506002848
Solving snapshot 0 97
36
time in solving system 4.019657921999169
time in solving system 0.1285062899987679
time in solving system 0.13362349900125992
concluded in  7.345380023994949
Solving snapshot 0 98
36
time in solving system 4.358321257997886
time in solving system 0.1089467700003297
time in solving system 0.11266533800517209
concluded in  7.725626365994685
Solving snapshot 0 99
36
time in solving system 3.401407052995637
time in solving system 0.3013388510007644
time in solving system 0.24176009300572332
concluded in  8.282001475003199
Solving snapshot 0 100
36
time in solving system 3.6938445060004597
time in solving system 0.23881836800137535
time in solving system 0.23418868700537132
concluded in  8.243116090998228
Solving snapshot 0 101
36
time in solving system 4.518993091005541
time in solving system 0.11353619799774606
time in solving system 0.10982579499977874
concluded in  8.150424988998566
Solving snapshot 0 102
36
time in solving system 3.3712579060011194
time in solving system 0.12005443299858598
time in solving system 0.10790318100043805
concluded in  7.590536534000421
Solving snapshot 0 103
36
time in solving system 4.859919943999557
time in solving system 0.23323193300166167
time in solving system 0.2388587799941888
concluded in  8.915419527998893
Solving snapshot 0 104
36
time in solving system 3.471247408997442
time in solving system 0.29760300400084816
time in solving system 0.24130371400678996
concluded in  7.499953444996208
Solving snapshot 0 105
36
time in solving system 3.560656872999971
time in solving system 0.3022477330014226
time in solving system 0.2920909919994301
concluded in  7.398730565997539
Solving snapshot 0 106
36
time in solving system 3.8069384949994856
time in solving system 0.27841533600440016
time in solving system 0.2720960799997556
concluded in  7.673030928002845
Solving snapshot 0 107
36
time in solving system 3.8026199510059087
time in solving system 0.2661350069975015
time in solving system 0.24149026699888054
concluded in  8.36809779900068
Solving snapshot 0 108
36
time in solving system 3.685494773002574
time in solving system 0.28510957799881
time in solving system 0.22947596100129886
concluded in  8.368470904999413
Solving snapshot 0 109
36
time in solving system 4.992849075002596
time in solving system 0.27417360600520624
time in solving system 0.24038610399293248
concluded in  8.613491513002373
Solving snapshot 0 110
36
time in solving system 4.755298998003127
time in solving system 0.12195767799858004
time in solving system 0.13467737400060287
concluded in  9.538422894998803
Solving snapshot 0 111
36
time in solving system 3.8654461549958796
time in solving system 0.19198408300144365
time in solving system 0.10334931700344896
concluded in  8.837333365998347
Solving snapshot 0 112
36
time in solving system 5.552041465998627
time in solving system 0.13907798599393573
time in solving system 0.11123256100108847
concluded in  8.7615446589989
Solving snapshot 0 113
36
time in solving system 5.638358352000068
time in solving system 0.11735727800260065
time in solving system 0.11191878600220662
concluded in  9.329516386998876
Solving snapshot 0 114
36
time in solving system 4.050982256994757
time in solving system 0.1265920450023259
time in solving system 0.12539915299566928
concluded in  8.762303673000133
Solving snapshot 0 115
36
time in solving system 5.109480571001768
time in solving system 0.13257829599751858
time in solving system 0.11544082000182243
concluded in  8.899775698999292
Solving snapshot 0 116
36
time in solving system 5.394473815002129
time in solving system 0.12090808100037975
time in solving system 0.11165993900067406
concluded in  9.013489117998688
Solving snapshot 0 117
36
time in solving system 5.340901947005477
time in solving system 0.10909361600351986
time in solving system 0.10587181599839823
concluded in  8.951508393998665
Solving snapshot 0 118
36
time in solving system 4.273855729996285
time in solving system 0.12196835400391137
time in solving system 0.10539471400261391
concluded in  8.117782442001044
Solving snapshot 0 119
36
time in solving system 4.523666927001614
time in solving system 0.100651614004164
time in solving system 0.09589851799682947
concluded in  8.378666710996185
Solving snapshot 0 120
36
time in solving system 3.269963810998888
time in solving system 0.12309654399723513
time in solving system 0.10694183899613563
concluded in  8.544755278002413
Solving snapshot 0 121
36
time in solving system 3.0045955189998494
time in solving system 0.11572345299646258
time in solving system 0.12851664100162452
concluded in  8.662462028994923
Solving snapshot 0 122
36
time in solving system 2.8031036750035128
time in solving system 0.10355670299759367
time in solving system 0.11213796700030798
concluded in  7.703155087001505
Solving snapshot 0 123
36
time in solving system 2.607141528002103
time in solving system 0.23409628099761903
time in solving system 0.2324481489995378
concluded in  7.924246908005443
Solving snapshot 0 124
36
time in solving system 4.615071134001482
time in solving system 0.11086734200216597
time in solving system 0.12465296599839348
concluded in  9.8595964979977
Solving snapshot 0 125
36
time in solving system 2.623974153000745
time in solving system 0.11268789099995047
time in solving system 0.13532204400689807
concluded in  8.247138915001415
Solving snapshot 0 126
36
time in solving system 2.7888330040004803
time in solving system 0.10822561099485029
time in solving system 0.10401433500373969
concluded in  7.850496945997293
Solving snapshot 0 127
36
time in solving system 3.9309110209942446
time in solving system 0.24881676899531158
time in solving system 0.26385138000478037
concluded in  9.49651572899893
Solving snapshot 0 128
36
time in solving system 2.377067752997391
time in solving system 0.12389332900056615
time in solving system 0.1079110039936495
concluded in  7.152568179000809
Solving snapshot 0 129
36
time in solving system 2.5259207950002747
time in solving system 0.12647333800123306
time in solving system 0.11658550499851117
concluded in  8.165861767003662
Solving snapshot 0 130
36
time in solving system 1.94633796299604
time in solving system 0.10257560900208773
time in solving system 0.09830584500014083
concluded in  7.489494792003825
Solving snapshot 0 131
36
time in solving system 2.422577748002368
time in solving system 0.11526170300203376
time in solving system 0.10400524199940264
concluded in  8.694835633999901
Solving snapshot 0 132
36
time in solving system 2.4836433790042065
time in solving system 0.258777850001934
time in solving system 0.22410095499799354
concluded in  8.27006603400514
Solving snapshot 0 133
36
time in solving system 3.6295489969998016
time in solving system 0.11612533800507663
time in solving system 0.15991292700346094
concluded in  8.310850987996673
Solving snapshot 0 134
36
time in solving system 2.0356383790058317
time in solving system 0.11764121199666988
time in solving system 0.17092343400145182
concluded in  6.8992757629966945
Solving snapshot 0 135
36
time in solving system 2.444186789995001
time in solving system 0.2440608839970082
time in solving system 0.2165761520009255
concluded in  7.929480909995618
Solving snapshot 0 136
36
time in solving system 2.9759174330029055
time in solving system 0.23987881599896355
time in solving system 0.23101341300207423
concluded in  9.244643716003338
Solving snapshot 0 137
36
time in solving system 2.2082346660026815
time in solving system 0.11458992400002899
time in solving system 0.11525112600065768
concluded in  7.458336233998125
Solving snapshot 0 138
36
time in solving system 2.1919387149973772
time in solving system 0.12707789699925343
time in solving system 0.111109237994242
concluded in  6.593738987001416
Solving snapshot 0 139
36
time in solving system 2.9216418260039063
time in solving system 0.1293588090047706
time in solving system 0.11181873599707615
concluded in  8.854033937001077
Solving snapshot 0 140
36
time in solving system 3.0354064220009604
time in solving system 0.11273357999743894
time in solving system 0.10995630700199399
concluded in  8.546044450995396
Solving snapshot 0 141
36
time in solving system 4.296484266000334
time in solving system 0.14031147599598626
time in solving system 0.11234071099897847
concluded in  8.805429334002838
Solving snapshot 0 142
36
time in solving system 3.584119159000693
time in solving system 0.11106922999897506
time in solving system 0.13979504300368717
concluded in  7.7576530929945875
Solving snapshot 0 143
36
time in solving system 3.7721820439983276
time in solving system 0.16432587299641455
time in solving system 0.11192430200026138
concluded in  8.90692217299511
Solving snapshot 0 144
36
time in solving system 2.790652074996615
time in solving system 0.1137894600033178
time in solving system 0.13827916200534673
concluded in  7.330675074001192
Solving snapshot 0 145
36
time in solving system 4.701506669000082
time in solving system 0.28326361600193195
time in solving system 0.25735201600036817
concluded in  9.881109414003731
Solving snapshot 0 146
36
time in solving system 4.2975501919936505
time in solving system 0.233275513004628
time in solving system 0.20849547200486995
concluded in  8.45635523099918
Solving snapshot 0 147
36
time in solving system 4.41891807999491
time in solving system 0.2859747390029952
time in solving system 0.1980007910024142
concluded in  8.143421156994009
Solving snapshot 0 148
36
time in solving system 4.648848240998632
time in solving system 0.27320612400217215
time in solving system 0.12726886999735143
concluded in  8.353670365999278
Solving snapshot 0 149
36
time in solving system 4.624821183999302
time in solving system 0.25760903799528023
time in solving system 0.25458084599813446
concluded in  8.428373105998617
Solving snapshot 0 150
36
time in solving system 4.36783018999995
time in solving system 0.1433789410002646
time in solving system 0.13789193000411615
concluded in  8.247655020997627
Solving snapshot 0 151
36
time in solving system 4.723693235995597
time in solving system 0.1641974240046693
time in solving system 0.12543257899960736
concluded in  8.906796929004486
Solving snapshot 0 152
36
time in solving system 4.391422235996288
time in solving system 0.14210311199713033
time in solving system 0.11170604699873365
concluded in  8.345156499999575
Solving snapshot 0 153
36
time in solving system 4.51788561000285
time in solving system 0.1824519380024867
time in solving system 0.18410331800259883
concluded in  8.757369973995083
Solving snapshot 0 154
36
time in solving system 4.517472327999712
time in solving system 0.16040128500026185
time in solving system 0.16261538500111783
concluded in  7.969029138999758
Solving snapshot 0 155
36
time in solving system 3.7175995479992707
time in solving system 0.16368183300073724
time in solving system 0.17208231500262627
concluded in  7.4278216940001585
Solving snapshot 0 156
36
time in solving system 3.9246401969940052
time in solving system 0.1754366419991129
time in solving system 0.1442202489997726
concluded in  7.874320148999686
Solving snapshot 0 157
36
time in solving system 2.9691518759937026
time in solving system 0.10569548399507767
time in solving system 0.1086240210061078
concluded in  8.31030328199995
Solving snapshot 0 158
36
time in solving system 4.265588624002703
time in solving system 0.12207260200375458
time in solving system 0.11394014400138985
concluded in  9.458122063995688
Solving snapshot 0 159
36
time in solving system 2.3355945959992823
time in solving system 0.20802326499688206
time in solving system 0.1113879039985477
concluded in  6.801820169996063
Solving snapshot 0 160
36
time in solving system 3.32815404899884
time in solving system 0.23839815199607983
time in solving system 0.22400110899616266
concluded in  8.528686638004729
Solving snapshot 0 161
36
time in solving system 3.3850456180007313
time in solving system 0.24343615800171392
time in solving system 0.22446368699456798
concluded in  7.313240514995414
Solving snapshot 0 162
36
time in solving system 3.3419029349970515
time in solving system 0.1199112829999649
time in solving system 0.23992004199681105
concluded in  9.111369949998334
Solving snapshot 0 163
36
time in solving system 4.098383099997591
time in solving system 0.2426700340001844
time in solving system 0.3189655579990358
concluded in  8.400267195000197
Solving snapshot 0 164
36
time in solving system 3.4000385039980756
time in solving system 0.2637651359982556
time in solving system 0.2896283419977408
concluded in  7.4748695219968795
Solving snapshot 0 165
36
time in solving system 4.493951170996297
time in solving system 0.1376603620010428
time in solving system 0.1106293229968287
concluded in  8.2369771809972
Solving snapshot 0 166
36
time in solving system 3.1570082909966004
time in solving system 0.11589315599849215
time in solving system 0.23209848099941155
concluded in  7.928345410000475
Solving snapshot 0 167
36
time in solving system 4.952972592000151
time in solving system 0.23969793300057063
time in solving system 0.1629103040031623
concluded in  8.611874454996723
Solving snapshot 0 168
36
time in solving system 5.1807748209976126
time in solving system 0.12158126500435174
time in solving system 0.15017791299760574
concluded in  8.900824093994743
Solving snapshot 0 169
36
time in solving system 5.021991386995069
time in solving system 0.1582333680053125
time in solving system 0.11422559199854732
concluded in  8.646377410994319
Solving snapshot 0 170
36
time in solving system 4.9720256790024
time in solving system 0.10993680499814218
time in solving system 0.10311736300354823
concluded in  8.751232239999808
Solving snapshot 0 171
36
time in solving system 4.312668927996128
time in solving system 0.12309286900563166
time in solving system 0.14974057099607307
concluded in  7.727920849996735
Solving snapshot 0 172
36
time in solving system 4.7587440089992015
time in solving system 0.11616883199894801
time in solving system 0.1111252720002085
concluded in  8.434501944000658
Solving snapshot 0 173
36
time in solving system 4.405464686002233
time in solving system 0.10873281300155213
time in solving system 0.15031321800051956
concluded in  8.049623054997937
Solving snapshot 0 174
36
time in solving system 4.271821180002007
time in solving system 0.13468605800153455
time in solving system 0.1191465869997046
concluded in  7.782770578000054
Solving snapshot 0 175
36
time in solving system 4.025822639996477
time in solving system 0.2719639719944098
time in solving system 0.25527406000037445
concluded in  7.896661191000021
Solving snapshot 0 176
36
time in solving system 4.801636923002661
time in solving system 0.11842739900021115
time in solving system 0.1474311950005358
concluded in  9.006876797000587
Solving snapshot 0 177
36
time in solving system 4.2388485569972545
time in solving system 0.11693821999506326
time in solving system 0.16345360999548575
concluded in  7.917690203001257
Solving snapshot 0 178
36
time in solving system 4.315393450000556
time in solving system 0.1948539300065022
time in solving system 0.11573692000092706
concluded in  7.879458932002308
Solving snapshot 0 179
36
time in solving system 5.099238129994774
time in solving system 0.1830809489983949
time in solving system 0.12435048699990148
concluded in  8.514740516999154
Solving snapshot 0 180
36
time in solving system 4.583436749999237
time in solving system 0.2669088259935961
time in solving system 0.24607220600591972
concluded in  8.254866790004598
Solving snapshot 0 181
36
time in solving system 4.123266963004426
time in solving system 0.27538158599782037
time in solving system 0.1201866350020282
concluded in  7.3936496039968915
Solving snapshot 0 182
36
time in solving system 5.573013540000829
time in solving system 0.2738229259994114
time in solving system 0.17173501900106203
concluded in  9.257018995995168
Solving snapshot 0 183
36
time in solving system 3.2212491940008476
time in solving system 0.23761388099956093
time in solving system 0.2728992129996186
concluded in  7.669889739998325
Solving snapshot 0 184
36
time in solving system 3.5080497460003244
time in solving system 0.2783607419987675
time in solving system 0.25179445799585665
concluded in  7.014778417003981
Solving snapshot 0 185
36
time in solving system 4.487460652002483
time in solving system 0.11282932400354184
time in solving system 0.11255927100137342
concluded in  8.031151438997767
Solving snapshot 0 186
36
time in solving system 4.068993431996205
time in solving system 0.11340078000648646
time in solving system 0.14886908000335097
concluded in  7.544093042000895
Solving snapshot 0 187
36
time in solving system 5.348924168996746
time in solving system 0.11361162499815691
time in solving system 0.09954406900214963
concluded in  9.657898576995649
Solving snapshot 0 188
36
time in solving system 3.5721977299981518
time in solving system 0.10658671200508252
time in solving system 0.10368164099782007
concluded in  8.745209453998541
Solving snapshot 0 189
36
time in solving system 2.3625488719990244
time in solving system 0.12493887900200207
time in solving system 0.10367231399868615
concluded in  7.447428944004059
Solving snapshot 0 190
36
time in solving system 4.454129637997539
time in solving system 0.10747295100009069
time in solving system 0.11255997300031595
concluded in  9.627787069999613
Solving snapshot 0 191
36
time in solving system 3.3465374510051333
time in solving system 0.26343053500022506
time in solving system 0.22613157900195802
concluded in  7.960130024999671
Solving snapshot 0 192
36
time in solving system 3.9769784180025454
time in solving system 0.2813383899992914
time in solving system 0.11363058999995701
concluded in  7.472936666999885
Solving snapshot 0 193
36
time in solving system 3.368307131997426
time in solving system 0.17536176599969622
time in solving system 0.10883155399642419
concluded in  6.96072826400632
Solving snapshot 0 194
36
time in solving system 4.863515144003031
time in solving system 0.19313980900187744
time in solving system 0.1552143079970847
concluded in  8.800915480002004
Solving snapshot 0 195
36
time in solving system 5.30439972300519
time in solving system 0.11459608299628599
time in solving system 0.14436857299733674
concluded in  9.54625250499521
Solving snapshot 0 196
36
time in solving system 5.79170084100042
time in solving system 0.12255833500239532
time in solving system 0.12400690800131997
concluded in  9.834479979996104
Solving snapshot 0 197
36
time in solving system 4.045894882998255
time in solving system 0.17033871800231282
time in solving system 0.119193565005844
concluded in  8.449030814001162
Solving snapshot 0 198
36
time in solving system 4.503306803999294
time in solving system 0.11979441100265831
time in solving system 0.10729611900023883
concluded in  7.880381445997045
Solving snapshot 0 199
36
time in solving system 3.567053088998364
time in solving system 0.12125555500097107
time in solving system 0.1872854199973517
concluded in  8.223025984996639
Solving snapshot 0 200
36
time in solving system 3.101411327996175
time in solving system 0.24481744099466596
time in solving system 0.27764806499908445
concluded in  7.648014065998723
Solving snapshot 0 201
36
time in solving system 3.930602442997042
time in solving system 0.21387433899508324
time in solving system 0.11406564199569402
concluded in  7.5626434160003555
Solving snapshot 0 202
36
time in solving system 3.4490780260020983
time in solving system 0.3177536750008585
time in solving system 0.2259695160028059
concluded in  8.283141481995699
Solving snapshot 0 203
36
time in solving system 2.98339897099504
time in solving system 0.13531521600089036
time in solving system 0.14225870199879864
concluded in  6.906259816001693
Solving snapshot 0 204
36
time in solving system 3.946787132001191
time in solving system 0.1246091900029569
time in solving system 0.14268765399901895
concluded in  7.8324398979966645
Solving snapshot 0 205
36
time in solving system 3.124830843997188
time in solving system 0.2623494019935606
time in solving system 0.13016940299712587
concluded in  7.374646627999027
Solving snapshot 0 206
36
time in solving system 4.350127509998856
time in solving system 0.21680857300088974
time in solving system 0.24101856699417112
concluded in  9.192094299003656
Solving snapshot 0 207
36
time in solving system 4.375263875997916
time in solving system 0.11915867999778129
time in solving system 0.12101099199935561
concluded in  8.663321688996803
Solving snapshot 0 208
36
time in solving system 4.040539184999943
time in solving system 0.1327967629986233
time in solving system 0.11379671899339883
concluded in  8.35416578999866
Solving snapshot 0 209
36
time in solving system 3.4475175279949326
time in solving system 0.1452260669975658
time in solving system 0.19070930500311079
concluded in  7.12554154299869
Solving snapshot 0 210
36
time in solving system 4.007602311001392
time in solving system 0.12273424700106261
time in solving system 0.11462890599796083
concluded in  7.851210617001925
Solving snapshot 0 211
36
time in solving system 3.7890428499958944
time in solving system 0.1909588150010677
time in solving system 0.14379528300196398
concluded in  8.06047561000014
Solving snapshot 0 212
36
time in solving system 5.897643620002782
time in solving system 0.19698706600320293
time in solving system 0.11393107999901986
concluded in  9.559204045006481
Solving snapshot 0 213
36
time in solving system 4.0358971929963445
time in solving system 0.11828433600021526
time in solving system 0.12814113200147403
concluded in  8.36004971699731
Solving snapshot 0 214
36
time in solving system 5.1067582050018245
time in solving system 0.11306277400581166
time in solving system 0.11999273899709806
concluded in  8.855218084005173
Solving snapshot 0 215
36
time in solving system 4.226964437999413
time in solving system 0.14953627000068082
time in solving system 0.11717398899781983
concluded in  8.304793319002783
Solving snapshot 0 216
36
time in solving system 3.7408574989967747
time in solving system 0.24304602799384156
time in solving system 0.27308325399644673
concluded in  7.869475919003889
Solving snapshot 0 217
36
time in solving system 4.571811356996477
time in solving system 0.13867802399909124
time in solving system 0.22690981199411908
concluded in  9.332211008004379
Solving snapshot 0 218
36
time in solving system 4.245785872000852
time in solving system 0.2088719620005577
time in solving system 0.1355014159998973
concluded in  8.220870974997524
Solving snapshot 0 219
36
time in solving system 4.33992278000369
time in solving system 0.22639045600226382
time in solving system 0.1560011520050466
concluded in  8.415294714002812
Solving snapshot 0 220
36
time in solving system 4.6580511259962805
time in solving system 0.13194323000061559
time in solving system 0.17451663300016662
concluded in  7.793871741996554
Solving snapshot 0 221
36
time in solving system 5.128402086003916
time in solving system 0.2956264870008454
time in solving system 0.19339411400142126
concluded in  8.404203684003733
Solving snapshot 0 222
36
time in solving system 4.064504477995797
time in solving system 0.21698099599598208
time in solving system 0.11235967300308403
concluded in  7.247729645001527
Solving snapshot 0 223
36
time in solving system 4.199594422003429
time in solving system 0.24291796000034083
time in solving system 0.2331229470000835
concluded in  7.745371116994647
Solving snapshot 0 224
36
time in solving system 4.608061685998109
time in solving system 0.2408724139968399
time in solving system 0.17813281399867265
concluded in  8.247897000001103
Solving snapshot 0 225
36
time in solving system 3.3780350500019267
time in solving system 0.15491183600533986
time in solving system 0.13067871399834985
concluded in  6.654124733002391
Solving snapshot 0 226
36
time in solving system 3.279911795994849
time in solving system 0.15285940600006143
time in solving system 0.3312728130040341
concluded in  7.586330594000174
Solving snapshot 0 227
36
time in solving system 2.9462988049999694
time in solving system 0.11956292400282109
time in solving system 0.10716139599389862
concluded in  6.607029454004078
Solving snapshot 0 228
36
time in solving system 2.776493968005525
time in solving system 0.11543484900175827
time in solving system 0.30360997499519726
concluded in  6.910242633006419
Solving snapshot 0 229
36
time in solving system 3.5615648509992752
time in solving system 0.11137932500423631
time in solving system 0.11600942100631073
concluded in  6.990661794996413
Solving snapshot 0 230
36
time in solving system 3.7746599960009917
time in solving system 0.24035834099777276
time in solving system 0.21111097199900541
concluded in  8.394091709997156
Solving snapshot 0 231
36
time in solving system 3.139420452003833
time in solving system 0.11343060900253477
time in solving system 0.10806628200225532
concluded in  7.332157290002215
Solving snapshot 0 232
36
time in solving system 3.418907127001148
time in solving system 0.12904741300008027
time in solving system 0.1812572659982834
concluded in  8.338633079998544
Solving snapshot 0 233
36
time in solving system 4.2384391269952175
time in solving system 0.11890954100090312
time in solving system 0.11167824199947063
concluded in  8.922096491995035
Solving snapshot 0 234
36
time in solving system 3.0895192579992
time in solving system 0.10830044699832797
time in solving system 0.1077756570011843
concluded in  8.814958589995513
Solving snapshot 0 235
36
time in solving system 4.514320194997708
time in solving system 0.11946337999688694
time in solving system 0.11436399800004438
concluded in  9.671628186995804
Solving snapshot 0 236
36
time in solving system 4.3232497759963735
time in solving system 0.10785562999808462
time in solving system 0.10219215899996925
concluded in  9.565470783003548
Solving snapshot 0 237
36
time in solving system 2.561192449000373
time in solving system 0.1047428329984541
time in solving system 0.10611273900576634
concluded in  8.663182901000255
Solving snapshot 0 238
36
time in solving system 3.735058674996253
time in solving system 0.23398507900128607
time in solving system 0.23167167799692834
concluded in  9.189858170997468
Solving snapshot 0 239
36
time in solving system 3.2414056270063156
time in solving system 0.14216496599692618
time in solving system 0.10963932400045451
concluded in  7.808025701997394
Solving snapshot 0 240
36
time in solving system 3.32673911099846
time in solving system 0.12633510100567946
time in solving system 0.16825607300415868
concluded in  8.699670177004009
Solving snapshot 0 241
36
time in solving system 3.0413956319971476
time in solving system 0.11809976900258334
time in solving system 0.20940428900212282
concluded in  8.767226160001883
Solving snapshot 0 242
36
time in solving system 2.3808723559995997
time in solving system 0.11734989000251517
time in solving system 0.11405404499964789
concluded in  7.81203756499599
Solving snapshot 0 243
36
time in solving system 2.642553568999574
time in solving system 0.1562117430003127
time in solving system 0.10474469300243072
concluded in  7.5491121640006895
Solving snapshot 0 244
36
time in solving system 2.2019856520055328
time in solving system 0.10752789400430629
time in solving system 0.10464154499641154
concluded in  7.387495162001869
Solving snapshot 0 245
36
time in solving system 2.7743361510001705
time in solving system 0.11544983000203501
time in solving system 0.12893412500125123
concluded in  8.098863295999763
Solving snapshot 0 246
36
time in solving system 3.1353107640024973
time in solving system 0.17343781999807106
time in solving system 0.2366455399969709
concluded in  8.44590592700115
Solving snapshot 0 247
36
time in solving system 3.6141418509942014
time in solving system 0.10982654499821365
time in solving system 0.10766031700040912
concluded in  7.713795300995116
Solving snapshot 0 248
36
time in solving system 3.547190187004162
time in solving system 0.24030748999939533
time in solving system 0.27535744800115936
concluded in  7.539277850999497
Solving snapshot 0 249
36
time in solving system 2.949294654004916
time in solving system 0.15972304600290954
time in solving system 0.0978736420001951
concluded in  6.832684569002595
Solving snapshot 0 250
36
time in solving system 3.5798391260032076
time in solving system 0.10845639799663331
time in solving system 0.14083556799596408
concluded in  8.02269368099951
Solving snapshot 0 251
36
time in solving system 2.702693074999843
time in solving system 0.10926095500326483
time in solving system 0.10551280499930726
concluded in  6.372351444006199
Solving snapshot 0 252
36
time in solving system 3.7240032569970936
time in solving system 0.18525704400235554
time in solving system 0.12870887899771333
concluded in  8.564184019996901
Solving snapshot 0 253
36
time in solving system 4.2351918810018105
time in solving system 0.10826097999961348
time in solving system 0.10575386600248748
concluded in  8.411250110002584
Solving snapshot 0 254
36
time in solving system 3.5054917429952184
time in solving system 0.1268924670002889
time in solving system 0.135625736998918
concluded in  7.675721065999824
Solving snapshot 0 255
36
time in solving system 3.0218596620034077
time in solving system 0.11053482299757889
time in solving system 0.10838896800123621
concluded in  6.744299290003255
Solving snapshot 0 256
36
time in solving system 3.38766157200007
time in solving system 0.12094267200154718
time in solving system 0.11211296799592674
concluded in  8.930221278998943
Solving snapshot 0 257
36
time in solving system 2.367236939004215
time in solving system 0.1185789789960836
time in solving system 0.10057409900036873
concluded in  8.134916321003402
Solving snapshot 0 258
36
time in solving system 2.694081282999832
time in solving system 0.11351125699729891
time in solving system 0.1282563169952482
concluded in  8.082153653005662
Solving snapshot 0 259
36
time in solving system 2.7313793530047406
time in solving system 0.1213061500020558
time in solving system 0.10519844000373268
concluded in  7.816119061993959
Solving snapshot 0 260
36
time in solving system 3.9531862900039414
time in solving system 0.11741653700300958
time in solving system 0.11956950100284303
concluded in  9.178475951004657
Solving snapshot 0 261
36
time in solving system 3.8643625270051416
time in solving system 0.11330789899511728
time in solving system 0.11839495500316843
concluded in  8.924103972000012
Solving snapshot 0 262
36
time in solving system 3.849585496005602
time in solving system 0.15459324899711646
time in solving system 0.12062137299653841
concluded in  9.084388942996156
Solving snapshot 0 263
36
time in solving system 4.481864421999489
time in solving system 0.11209224699996412
time in solving system 0.10889159799990011
concluded in  8.740102802003094
Solving snapshot 0 264
36
time in solving system 5.088671903999057
time in solving system 0.12340669799596071
time in solving system 0.1129407429980347
concluded in  9.394169947001501
Solving snapshot 0 265
36
time in solving system 3.0743469250010094
time in solving system 0.11675572999956785
time in solving system 0.10414997299812967
concluded in  7.1967905269993935
Solving snapshot 0 266
36
time in solving system 4.927495190997433
time in solving system 0.11178914300398901
time in solving system 0.11003513199830195
concluded in  9.271316216996638
Solving snapshot 0 267
36
time in solving system 3.4822010439966107
time in solving system 0.12406254399684258
time in solving system 0.132462036999641
concluded in  8.97056597199844
Solving snapshot 0 268
36
time in solving system 4.920283946004929
time in solving system 0.3560145800001919
time in solving system 0.16397626799880527
concluded in  8.616390390998276
Solving snapshot 0 269
36
time in solving system 4.003304341997136
time in solving system 0.2356533700003638
time in solving system 0.22532192400103668
concluded in  7.848201888999029
Solving snapshot 0 270
36
time in solving system 4.531167348002782
time in solving system 0.2692176800046582
time in solving system 0.18532893999508815
concluded in  9.215321664996736
Solving snapshot 0 271
36
time in solving system 4.624759817997983
time in solving system 0.11126185500324937
time in solving system 0.10963730799994664
concluded in  8.215833513997495
Solving snapshot 0 272
36
time in solving system 5.076511434999702
time in solving system 0.10778287900029682
time in solving system 0.10588542200275697
concluded in  9.333303855004488
Solving snapshot 0 273
36
time in solving system 2.8240284560015425
time in solving system 0.11387816200294765
time in solving system 0.10990611700253794
concluded in  8.453332295001019
Solving snapshot 0 274
36
time in solving system 3.016822292993311
time in solving system 0.10582932400575373
time in solving system 0.10702124200179242
concluded in  8.66120009199949
Solving snapshot 0 275
36
time in solving system 3.6232369749995996
time in solving system 0.10434417899523396
time in solving system 0.10091159600415267
concluded in  8.630808308000269
Solving snapshot 0 276
36
time in solving system 3.6356918329984182
time in solving system 0.14546307300042827
time in solving system 0.11462972599838395
concluded in  7.609607414997299
Solving snapshot 0 277
36
time in solving system 4.276758531996165
time in solving system 0.10914012500143144
time in solving system 0.1104843040011474
concluded in  8.408863379998365
Solving snapshot 0 278
36
time in solving system 3.6175581460047397
time in solving system 0.11460350300330902
time in solving system 0.14787226400221698
concluded in  8.100988828999107
Solving snapshot 0 279
36
time in solving system 4.935270506000961
time in solving system 0.11766445000102976
time in solving system 0.12755458099854877
concluded in  9.267504130002635
Solving snapshot 0 280
36
time in solving system 2.726394805002201
time in solving system 0.11258684800122865
time in solving system 0.11651824400178157
concluded in  6.667936492995068
Solving snapshot 0 281
36
time in solving system 3.5143349019999732
time in solving system 0.10241701699851546
time in solving system 0.1086780479963636
concluded in  7.268079347995808
Solving snapshot 0 282
36
time in solving system 3.5822687590043643
time in solving system 0.11056657700100914
time in solving system 0.11329230599949369
concluded in  8.978382957000576
Solving snapshot 0 283
36
time in solving system 3.672898765995342
time in solving system 0.10980988299706951
time in solving system 0.1568621849946794
concluded in  7.981609318994742
Solving snapshot 0 284
36
time in solving system 5.032022987004893
time in solving system 0.11414287299703574
time in solving system 0.15259523400163744
concluded in  9.848273094998149
Solving snapshot 0 285
36
time in solving system 3.015639582001313
time in solving system 0.19602767999458592
time in solving system 0.16823004100297112
concluded in  7.660594116001448
Solving snapshot 0 286
36
time in solving system 4.416656610002974
time in solving system 0.18604009500268148
time in solving system 0.10591743799886899
concluded in  9.036846624003374
Solving snapshot 0 287
36
time in solving system 4.361105928001052
time in solving system 0.12459059500542935
time in solving system 0.1374223329985398
concluded in  8.304553289002797
Solving snapshot 0 288
36
time in solving system 4.504498880000028
time in solving system 0.11357288500585128
time in solving system 0.11636060199816711
concluded in  9.399710571997275
Solving snapshot 0 289
36
time in solving system 2.8053166169993347
time in solving system 0.10960848499962594
time in solving system 0.10922677200142061
concluded in  7.66960718199698
Solving snapshot 0 290
36
time in solving system 4.246006724999461
time in solving system 0.12767997500486672
time in solving system 0.13561274699895876
concluded in  9.45585703800316
Solving snapshot 0 291
36
time in solving system 3.1385824179960764
time in solving system 0.23796628000127384
time in solving system 0.2229542240020237
concluded in  7.981354244999238
Solving snapshot 0 292
36
time in solving system 3.4499839159980183
time in solving system 0.10947209300502436
time in solving system 0.10882410899648676
concluded in  8.27166136100277
Solving snapshot 0 293
36
time in solving system 2.9049007430003257
time in solving system 0.26215233199764043
time in solving system 0.24079219900158932
concluded in  9.087576328005525
Solving snapshot 0 294
36
time in solving system 2.8874245670012897
time in solving system 0.23437959600414615
time in solving system 0.2357525719999103
concluded in  8.546786756000074
Solving snapshot 0 295
36
time in solving system 2.4176806020041113
time in solving system 0.1048550960040302
time in solving system 0.1094228869988001
concluded in  7.560225608998735
Solving snapshot 0 296
36
time in solving system 3.169920224005182
time in solving system 0.3969648479978787
time in solving system 0.3069437790036318
concluded in  7.918504701003258
Solving snapshot 0 297
36
time in solving system 2.014765843996429
time in solving system 0.14451937100238865
time in solving system 0.2243947799943271
concluded in  6.10949600499589
Solving snapshot 0 298
36
time in solving system 2.975715624001168
time in solving system 0.2514318070025183
time in solving system 0.11918955700093647
concluded in  7.260712838993641
Solving snapshot 0 299
36
time in solving system 2.0629472070068005
time in solving system 0.12595221900119213
time in solving system 0.12486026399710681
concluded in  6.638588909001555
[]
Not completed: []
