Solving not completed simulation: 0-th chance
Solving snapshot 0 0
36
time in solving system 4.973817308000434
time in solving system 0.20747181899969291
time in solving system 0.17910531599954993
concluded in  11.007519873001002
Solving snapshot 0 1
36
time in solving system 5.824869750000289
time in solving system 0.23132575999989058
time in solving system 0.2473478250012704
concluded in  12.368594477999068
Solving snapshot 0 2
36
time in solving system 5.861360076998608
time in solving system 0.2087517520012625
time in solving system 0.25851297299959697
concluded in  12.158532113000547
Solving snapshot 0 3
36
time in solving system 5.394681120000314
time in solving system 0.15059394200034149
time in solving system 0.21894564000103856
concluded in  11.917848704999415
Solving snapshot 0 4
36
time in solving system 5.585311532999185
time in solving system 0.2424156920005771
time in solving system 0.20923533300083363
concluded in  11.92784093499904
Solving snapshot 0 5
36
time in solving system 4.839967767999042
time in solving system 0.3292619760013622
time in solving system 0.25190984700020636
concluded in  11.558404876001077
Solving snapshot 0 6
36
time in solving system 5.246090575999915
time in solving system 0.253899683999407
time in solving system 0.19037795700023707
concluded in  12.165662731000339
Solving snapshot 0 7
36
time in solving system 4.9255470110001625
time in solving system 0.3474712580009509
time in solving system 0.3370707650010445
concluded in  11.632128000999728
Solving snapshot 0 8
36
time in solving system 5.863929670000289
time in solving system 0.37169924699992407
time in solving system 0.3472558859994024
concluded in  13.0344289629993
Solving snapshot 0 9
36
time in solving system 5.066938767000465
time in solving system 0.32675067499985744
time in solving system 0.40219426499970723
concluded in  11.915958049001347
Solving snapshot 0 10
36
time in solving system 6.070112244000484
time in solving system 0.2638052910006081
time in solving system 0.1881752499994036
concluded in  12.949716503000673
Solving snapshot 0 11
36
time in solving system 5.797483185999226
time in solving system 0.236203745000239
time in solving system 0.2302720239986229
concluded in  12.319973030000256
Solving snapshot 0 12
36
time in solving system 6.16179393099992
time in solving system 0.25699283900030423
time in solving system 0.21559933200114756
concluded in  13.198350606000531
Solving snapshot 0 13
36
time in solving system 4.310126569000204
time in solving system 0.20321251599852985
time in solving system 0.17150417599987122
concluded in  10.671021472000575
Solving snapshot 0 14
36
time in solving system 4.080200313001114
time in solving system 0.3020400250006787
time in solving system 0.3821988429990597
concluded in  11.523478364999391
Solving snapshot 0 15
36
time in solving system 4.737047376000191
time in solving system 0.22651661799864087
time in solving system 0.2026955919991451
concluded in  11.91775038599917
Solving snapshot 0 16
36
time in solving system 5.418493360000866
time in solving system 0.330489846999626
time in solving system 0.37729572799980815
concluded in  11.866666169999007
Solving snapshot 0 17
36
time in solving system 4.880764229001215
time in solving system 0.2576881269997102
time in solving system 0.3263984650002385
concluded in  11.427737832000275
Solving snapshot 0 18
36
time in solving system 4.162877042001128
time in solving system 0.21425472099872422
time in solving system 0.17601380700034497
concluded in  10.011838696000268
Solving snapshot 0 19
36
time in solving system 3.764764761999686
time in solving system 0.3128144109996356
time in solving system 0.18999590699968394
concluded in  9.591957300001013
Solving snapshot 0 20
36
time in solving system 4.263443301000734
time in solving system 0.3911149729992758
time in solving system 0.3358194949996687
concluded in  10.404207146999397
Solving snapshot 0 21
36
time in solving system 3.383239656999649
time in solving system 0.34608073700110253
time in solving system 0.22747163599888154
concluded in  9.28122609699858
Solving snapshot 0 22
36
time in solving system 3.1834802289995423
time in solving system 0.18793728000127885
time in solving system 0.1872513770013029
concluded in  9.236799692000204
Solving snapshot 0 23
36
time in solving system 3.4913228370005527
time in solving system 0.2543298809996486
time in solving system 0.1809884289996262
concluded in  10.199828971000898
Solving snapshot 0 24
36
time in solving system 3.369442651999634
time in solving system 0.2047669039984612
time in solving system 0.32815944100002525
concluded in  10.410112036999635
Solving snapshot 0 25
36
time in solving system 4.112991061001594
time in solving system 0.2815646620001644
time in solving system 0.22590734000004886
concluded in  10.865994920000958
Solving snapshot 0 26
36
time in solving system 3.0213736009991408
time in solving system 0.1621241499997268
time in solving system 0.20733227900018392
concluded in  8.98041884399936
Solving snapshot 0 27
36
time in solving system 3.4160639849997096
time in solving system 0.22558750700045493
time in solving system 0.23376319800081546
concluded in  9.929717035000067
Solving snapshot 0 28
36
time in solving system 2.9732853779987636
time in solving system 0.16416336600013892
time in solving system 0.2543472870002006
concluded in  9.810199192001164
Solving snapshot 0 29
36
time in solving system 4.171977918000266
time in solving system 0.1957265199998801
time in solving system 0.16951255000094534
concluded in  10.96659893099968
Solving snapshot 0 30
36
time in solving system 4.59949961699931
time in solving system 0.3695711519994802
time in solving system 0.34539449799922295
concluded in  10.954006694000782
Solving snapshot 0 31
36
time in solving system 4.238805380999111
time in solving system 0.35422507600014796
time in solving system 0.2006106999997428
concluded in  10.249707479999415
Solving snapshot 0 32
36
time in solving system 4.637567511999805
time in solving system 0.19181652200131794
time in solving system 0.2792928539984132
concluded in  11.148425585999576
Solving snapshot 0 33
36
time in solving system 5.223489646999951
time in solving system 0.24615442899994378
time in solving system 0.2162978069991368
concluded in  11.438202242999978
Solving snapshot 0 34
36
time in solving system 4.268324538999877
time in solving system 0.17644867600029102
time in solving system 0.12526924799931294
concluded in  9.931417818999762
Solving snapshot 0 35
36
time in solving system 3.526154552000662
time in solving system 0.16640034899864986
time in solving system 0.1671618380005384
concluded in  8.937187696001274
Solving snapshot 0 36
36
time in solving system 3.734690227000101
time in solving system 0.17087918499964871
time in solving system 0.13746754999920086
concluded in  9.493282166000427
Solving snapshot 0 37
36
time in solving system 3.3809227670008113
time in solving system 0.20970831500017084
time in solving system 0.27110531099970103
concluded in  9.388376254999457
Solving snapshot 0 38
36
time in solving system 4.229392495000866
time in solving system 0.19089218199951574
time in solving system 0.16075609299878124
concluded in  9.552290805000666
Solving snapshot 0 39
36
time in solving system 3.8264453989995673
time in solving system 0.18240933400011272
time in solving system 0.23166773499906412
concluded in  9.230367899999692
Solving snapshot 0 40
36
time in solving system 3.1785716880003747
time in solving system 0.1788121739991766
time in solving system 0.27195430800020404
concluded in  8.712885650998942
Solving snapshot 0 41
36
time in solving system 3.0423224559999653
time in solving system 0.23728996099998767
time in solving system 0.2115303970003879
concluded in  8.905297031998998
Solving snapshot 0 42
36
time in solving system 3.2818248979983764
time in solving system 0.2125550459986698
time in solving system 0.17632417299864755
concluded in  8.67344545800006
Solving snapshot 0 43
36
time in solving system 3.6717298829989886
time in solving system 0.21526019099837868
time in solving system 0.1812916109993239
concluded in  9.399049829000433
Solving snapshot 0 44
36
time in solving system 4.093745469999703
time in solving system 0.19923339799970563
time in solving system 0.19643145899863157
concluded in  10.029032569000265
Solving snapshot 0 45
36
time in solving system 4.107930211999701
time in solving system 0.1789644260006753
time in solving system 0.2815843190001033
concluded in  9.863786439998876
Solving snapshot 0 46
36
time in solving system 4.509174295000776
time in solving system 0.24964495899985195
time in solving system 0.13147104299969214
concluded in  9.762135868999394
Solving snapshot 0 47
36
time in solving system 4.11605368399978
time in solving system 0.2546613470003649
time in solving system 0.16235682899969106
concluded in  9.938154043000395
Solving snapshot 0 48
36
time in solving system 4.2493759600001795
time in solving system 0.23197134099973482
time in solving system 0.1558648650006944
concluded in  9.532250403000944
Solving snapshot 0 49
36
time in solving system 3.9005017959989345
time in solving system 0.13325524799984123
time in solving system 0.2249532370005909
concluded in  9.853435373999673
Solving snapshot 0 50
36
time in solving system 3.7545588110006065
time in solving system 0.15580084800058103
time in solving system 0.23595445899991319
concluded in  9.927024884000275
Solving snapshot 0 51
36
time in solving system 3.751881701000457
time in solving system 0.21631216300011147
time in solving system 0.24914685800104053
concluded in  9.798351467999964
Solving snapshot 0 52
36
time in solving system 3.89084872300009
time in solving system 0.27071644799980277
time in solving system 0.1644731309988856
concluded in  10.06260935499995
Solving snapshot 0 53
36
time in solving system 3.8525903450008627
time in solving system 0.23963060800087987
time in solving system 0.12972307200107025
concluded in  9.724390809999022
Solving snapshot 0 54
36
time in solving system 3.663224326001
time in solving system 0.23013662899938936
time in solving system 0.1835769919998711
concluded in  9.7125803179988
Solving snapshot 0 55
36
time in solving system 3.830251819001205
time in solving system 0.18786583800101653
time in solving system 0.1280022739993001
concluded in  9.634130243999607
Solving snapshot 0 56
36
time in solving system 3.895461209000132
time in solving system 0.23869769599878055
time in solving system 0.1285481280010572
concluded in  9.325786096000229
Solving snapshot 0 57
36
time in solving system 3.726991049999924
time in solving system 0.22933984300107113
time in solving system 0.13289162000000942
concluded in  9.39925255199887
Solving snapshot 0 58
36
time in solving system 4.105618200999743
time in solving system 0.32924552699842025
time in solving system 0.25942871699953685
concluded in  10.02513020799961
Solving snapshot 0 59
36
time in solving system 4.615892878999148
time in solving system 0.22711450799943123
time in solving system 0.16966933000003337
concluded in  10.096118444998865
Solving snapshot 0 60
36
time in solving system 4.24574619699888
time in solving system 0.2956771610006399
time in solving system 0.1757452080000803
concluded in  10.0657008520011
Solving snapshot 0 61
36
time in solving system 3.6195585129989922
time in solving system 0.18059923599867034
time in solving system 0.1735172530006821
concluded in  9.413769009999669
Solving snapshot 0 62
36
time in solving system 3.8888436050001474
time in solving system 0.19254810999882466
time in solving system 0.15511529099967447
concluded in  9.106549152998923
Solving snapshot 0 63
36
time in solving system 3.4797157470002276
time in solving system 0.17270359000031021
time in solving system 0.24594600499949593
concluded in  9.030223865000153
Solving snapshot 0 64
36
time in solving system 3.554960695999398
time in solving system 0.24016429400035122
time in solving system 0.33246373499969195
concluded in  9.177263833000325
Solving snapshot 0 65
36
time in solving system 3.2352424550008436
time in solving system 0.1998149069986539
time in solving system 0.23043208699891693
concluded in  8.787800239000717
Solving snapshot 0 66
36
time in solving system 2.6899691479993635
time in solving system 0.15801689799991436
time in solving system 0.1726067060008063
concluded in  7.976811249000093
Solving snapshot 0 67
36
time in solving system 2.4427994759989815
time in solving system 0.273488509001254
time in solving system 0.33313852900027996
concluded in  8.629148033000092
Solving snapshot 0 68
36
time in solving system 2.810378297999705
time in solving system 0.1942945860009786
time in solving system 0.1708948670002428
concluded in  8.538141962999362
Solving snapshot 0 69
36
time in solving system 2.6104240610002307
time in solving system 0.18734152400065796
time in solving system 0.17199471200001426
concluded in  7.949252507998608
Solving snapshot 0 70
36
time in solving system 2.5544474000016635
time in solving system 0.17328862800059142
time in solving system 0.17829792900010943
concluded in  8.02924770699974
Solving snapshot 0 71
36
time in solving system 2.8179656619995512
time in solving system 0.20930292400043982
time in solving system 0.26428641399979824
concluded in  8.911078597999222
Solving snapshot 0 72
36
time in solving system 2.696634489000644
time in solving system 0.26222059999963676
time in solving system 0.20061225599965837
concluded in  8.69165205399986
Solving snapshot 0 73
36
time in solving system 2.8407984349996696
time in solving system 0.3763707609996345
time in solving system 0.34628715200051374
concluded in  8.591571021001073
Solving snapshot 0 74
36
time in solving system 2.5326507660010975
time in solving system 0.16025525599980028
time in solving system 0.20311153399961768
concluded in  8.09307353099939
Solving snapshot 0 75
36
time in solving system 2.407684744999642
time in solving system 0.13176459599890222
time in solving system 0.12335780800094653
concluded in  7.604273004000788
Solving snapshot 0 76
36
time in solving system 2.3849211829983687
time in solving system 0.13190726899847505
time in solving system 0.12350697699912416
concluded in  8.47820344199863
Solving snapshot 0 77
36
time in solving system 2.4191714669996145
time in solving system 0.16161572099917976
time in solving system 0.16079934499975934
concluded in  8.825652288998754
Solving snapshot 0 78
36
time in solving system 2.697946676000356
time in solving system 0.20372077300089586
time in solving system 0.22135671400064894
concluded in  8.935203017999811
Solving snapshot 0 79
36
time in solving system 2.7223656059995847
time in solving system 0.21241848600038793
time in solving system 0.1773387390003336
concluded in  8.621211441000924
Solving snapshot 0 80
36
time in solving system 2.597695915999793
time in solving system 0.15538578499945288
time in solving system 0.15894200599905162
concluded in  7.965879485998812
Solving snapshot 0 81
36
time in solving system 2.487395085998287
time in solving system 0.1696282680004515
time in solving system 0.16438998199919297
concluded in  8.595754965001106
Solving snapshot 0 82
36
time in solving system 3.348807065998699
time in solving system 0.18038061399965954
time in solving system 0.13846513300086372
concluded in  9.126301042000705
Solving snapshot 0 83
36
time in solving system 2.4879211460010993
time in solving system 0.16081087099883007
time in solving system 0.1716303280009015
concluded in  7.954014842000106
Solving snapshot 0 84
36
time in solving system 2.5650611159999244
time in solving system 0.14745160900019982
time in solving system 0.12823824800034345
concluded in  8.096325192000222
Solving snapshot 0 85
36
time in solving system 2.6405123110016575
time in solving system 0.14795409399994242
time in solving system 0.12035678400025063
concluded in  8.51722782899924
Solving snapshot 0 86
36
time in solving system 2.5142301539999607
time in solving system 0.137798677000319
time in solving system 0.12413256199943135
concluded in  8.475899945000492
Solving snapshot 0 87
36
time in solving system 2.653911565999806
time in solving system 0.15688595000028727
time in solving system 0.1289419259992428
concluded in  9.325419191000037
Solving snapshot 0 88
36
time in solving system 2.593442485000196
time in solving system 0.1545946059995913
time in solving system 0.1287340189992392
concluded in  9.36942302800162
Solving snapshot 0 89
36
time in solving system 2.408210012001291
time in solving system 0.14708788999996614
time in solving system 0.11862506299985398
concluded in  9.241819659999237
Solving snapshot 0 90
36
time in solving system 2.4293553919997066
time in solving system 0.14735635000033653
time in solving system 0.11952666599972872
concluded in  7.8869734540003265
Solving snapshot 0 91
36
time in solving system 2.2686217119990033
time in solving system 0.13244490299985046
time in solving system 0.12238809500013303
concluded in  8.025698387999
Solving snapshot 0 92
36
time in solving system 2.245951602999412
time in solving system 0.13101031100086402
time in solving system 0.12129104499945242
concluded in  7.590545506000126
Solving snapshot 0 93
36
time in solving system 2.228720000000976
time in solving system 0.13026324000020395
time in solving system 0.1224403579999489
concluded in  7.477909051000097
Solving snapshot 0 94
36
time in solving system 2.4134825189994444
time in solving system 0.14952289999928325
time in solving system 0.12222631300028297
concluded in  8.275397405001058
Solving snapshot 0 95
36
time in solving system 2.294271815000684
time in solving system 0.1320865510006115
time in solving system 0.13096135500018136
concluded in  7.849581774999024
Solving snapshot 0 96
36
time in solving system 2.4069372059984744
time in solving system 0.16362592699988454
time in solving system 0.13399673700041603
concluded in  7.610580792999826
Solving snapshot 0 97
36
time in solving system 2.4241181039997173
time in solving system 0.1830128549991059
time in solving system 0.15732590299921867
concluded in  7.704337694998685
Solving snapshot 0 98
36
time in solving system 2.4916329570005473
time in solving system 0.16515088800042577
time in solving system 0.21995683999921312
concluded in  7.74143980700137
Solving snapshot 0 99
36
time in solving system 2.409713469000053
time in solving system 0.1635415090004244
time in solving system 0.16936030500073684
concluded in  7.5771564899987425
Solving snapshot 0 100
36
time in solving system 2.439716003000285
time in solving system 0.15805173400076455
time in solving system 0.18081043099846283
concluded in  7.7627678440003365
Solving snapshot 0 101
36
time in solving system 2.4441272590011067
time in solving system 0.19697753900072712
time in solving system 0.1616268609996041
concluded in  7.49529751999944
Solving snapshot 0 102
36
time in solving system 2.8689826560002984
time in solving system 0.20083300699843676
time in solving system 0.11973789800140366
concluded in  8.502611747999254
Solving snapshot 0 103
36
time in solving system 2.722009920000346
time in solving system 0.15931803199964634
time in solving system 0.1889572730015061
concluded in  8.216423582000061
Solving snapshot 0 104
36
time in solving system 2.7198086629996396
time in solving system 0.23667824800031667
time in solving system 0.12694037099936395
concluded in  7.916040284999326
Solving snapshot 0 105
36
time in solving system 2.809412433000034
time in solving system 0.12915951799914183
time in solving system 0.12177949299984903
concluded in  8.202349728999252
Solving snapshot 0 106
36
time in solving system 2.665441675000693
time in solving system 0.21535870299885573
time in solving system 0.12642446700010623
concluded in  7.75535514799958
Solving snapshot 0 107
36
time in solving system 2.6952081750005163
time in solving system 0.14979463499912526
time in solving system 0.18649083800119115
concluded in  8.121632841000974
Solving snapshot 0 108
36
time in solving system 2.713993006000237
time in solving system 0.14550933700047608
time in solving system 0.1390936910011078
concluded in  7.741620362001413
Solving snapshot 0 109
36
time in solving system 2.748583653999958
time in solving system 0.14006699299898173
time in solving system 0.11576158299976669
concluded in  8.281477744998483
Solving snapshot 0 110
36
time in solving system 2.751430115000403
time in solving system 0.1757774010002322
time in solving system 0.13626987600036955
concluded in  7.738158043999647
Solving snapshot 0 111
36
time in solving system 2.7658165960001497
time in solving system 0.1644796979999228
time in solving system 0.11959104400011711
concluded in  7.734934778000024
Solving snapshot 0 112
36
time in solving system 2.665454206000504
time in solving system 0.14688735100025951
time in solving system 0.2004598259991326
concluded in  7.656315109999923
Solving snapshot 0 113
36
time in solving system 2.8771061200004624
time in solving system 0.13980676899882383
time in solving system 0.10899157700077922
concluded in  8.164873544999864
Solving snapshot 0 114
36
time in solving system 2.612844645000223
time in solving system 0.12077496900019469
time in solving system 0.11890628699984518
concluded in  7.401213032999294
Solving snapshot 0 115
36
time in solving system 2.6684445869996125
time in solving system 0.11943676199916808
time in solving system 0.11456224999892584
concluded in  7.559501702000489
Solving snapshot 0 116
36
time in solving system 2.5854740680006216
time in solving system 0.12806840099983674
time in solving system 0.1365997459997743
concluded in  8.007159939999838
Solving snapshot 0 117
36
time in solving system 2.898650537999856
time in solving system 0.13612945400018361
time in solving system 0.11192412099990179
concluded in  8.085711005000121
Solving snapshot 0 118
36
time in solving system 2.7102774159993714
time in solving system 0.17558498300059
time in solving system 0.11181376599961368
concluded in  7.550730789000227
Solving snapshot 0 119
36
time in solving system 2.7088786749991414
time in solving system 0.13709049299905018
time in solving system 0.1970363959990209
concluded in  7.538046444000429
Solving snapshot 0 120
36
time in solving system 2.6385006140008045
time in solving system 0.2142760629994882
time in solving system 0.16730119100066076
concluded in  7.7631286140003795
Solving snapshot 0 121
36
time in solving system 2.816317519000222
time in solving system 0.2220645159995911
time in solving system 0.2106752609997784
concluded in  7.863811409999471
Solving snapshot 0 122
36
time in solving system 2.6848428819994297
time in solving system 0.15155526899980032
time in solving system 0.18525732799935213
concluded in  7.726874834999762
Solving snapshot 0 123
36
time in solving system 2.627787237999655
time in solving system 0.24147664500014798
time in solving system 0.1477468119992409
concluded in  7.677054790001421
Solving snapshot 0 124
36
time in solving system 2.7016265299989755
time in solving system 0.23416782499953115
time in solving system 0.17025268799989135
concluded in  7.537867271999858
Solving snapshot 0 125
36
time in solving system 2.716583380000884
time in solving system 0.14742568299880077
time in solving system 0.13868178600023384
concluded in  7.52585726000143
Solving snapshot 0 126
36
time in solving system 2.830138043000261
time in solving system 0.14197346800028754
time in solving system 0.13557188699996914
concluded in  7.682023276000109
Solving snapshot 0 127
36
time in solving system 2.7323420210013865
time in solving system 0.21335469500081672
time in solving system 0.14179152300130227
concluded in  7.44511416900059
Solving snapshot 0 128
36
time in solving system 3.2380615800011583
time in solving system 0.18017933900046046
time in solving system 0.11868168900036835
concluded in  8.136251354999331
Solving snapshot 0 129
36
time in solving system 3.248592744999769
time in solving system 0.16354617300021346
time in solving system 0.12636693399872456
concluded in  8.142473959000199
Solving snapshot 0 130
36
time in solving system 3.464900431999922
time in solving system 0.20011483800044516
time in solving system 0.2605891809998866
concluded in  8.842894655999771
Solving snapshot 0 131
36
time in solving system 3.9048379819996626
time in solving system 0.3566735240001435
time in solving system 0.3130319510000845
concluded in  9.907465693999256
Solving snapshot 0 132
36
time in solving system 3.408207507000043
time in solving system 0.22291159800079186
time in solving system 0.2409571030002553
concluded in  9.314594080999086
Solving snapshot 0 133
36
time in solving system 3.224486938001064
time in solving system 0.35706648399900587
time in solving system 0.2963270000000193
concluded in  9.535764194000876
Solving snapshot 0 134
36
time in solving system 4.037115769000593
time in solving system 0.3978250399995886
time in solving system 0.41459016599947063
concluded in  9.982249595001122
Solving snapshot 0 135
36
time in solving system 4.584414191000178
time in solving system 0.15209372199933568
time in solving system 0.17033888300102262
concluded in  10.476349361999382
Solving snapshot 0 136
36
time in solving system 4.653511477001302
time in solving system 0.19574506000026304
time in solving system 0.16357113599951845
concluded in  10.014110496000285
Solving snapshot 0 137
36
time in solving system 5.157969163999951
time in solving system 0.378926577999664
time in solving system 0.24517110799934017
concluded in  11.729238337000425
Solving snapshot 0 138
36
time in solving system 5.140174108000792
time in solving system 0.18903763799971784
time in solving system 0.16404210700056865
concluded in  11.277054440999564
Solving snapshot 0 139
36
time in solving system 5.59752894399935
time in solving system 0.1497843590004777
time in solving system 0.328722189000473
concluded in  12.337754415000745
Solving snapshot 0 140
36
time in solving system 4.52560983299918
time in solving system 0.26090017599926796
time in solving system 0.17546731699985685
concluded in  10.824863238000034
Solving snapshot 0 141
36
time in solving system 4.621319586000027
time in solving system 0.2781326660006016
time in solving system 0.3554782820010587
concluded in  10.674297563999062
Solving snapshot 0 142
36
time in solving system 5.040164586998799
time in solving system 0.2562357990009332
time in solving system 0.17617890700057615
concluded in  11.394579763000365
Solving snapshot 0 143
36
time in solving system 4.466658131999793
time in solving system 0.33625081900027
time in solving system 0.2440606119998847
concluded in  10.601528260000123
Solving snapshot 0 144
36
time in solving system 5.094199629000286
time in solving system 0.1895102090002183
time in solving system 0.15287669700046536
concluded in  11.56463246400017
Solving snapshot 0 145
36
time in solving system 5.3371027810007945
time in solving system 0.1666970219994255
time in solving system 0.1579646860009234
concluded in  11.221407950000867
Solving snapshot 0 146
36
time in solving system 4.565148003001013
time in solving system 0.247714728999199
time in solving system 0.212177334999069
concluded in  10.738176449000093
Solving snapshot 0 147
36
time in solving system 5.363321406000978
time in solving system 0.16834587099947385
time in solving system 0.22911893899981806
concluded in  11.681792201999997
Solving snapshot 0 148
36
time in solving system 4.529355251999732
time in solving system 0.14077683499999694
time in solving system 0.1298826239999471
concluded in  10.745317254000838
Solving snapshot 0 149
36
time in solving system 4.850264908998724
time in solving system 0.20210868600042886
time in solving system 0.24956083399956697
concluded in  10.833802226999978
Solving snapshot 0 150
36
time in solving system 4.742750216000786
time in solving system 0.17364699900099367
time in solving system 0.1889169860005495
concluded in  10.715017802000148
Solving snapshot 0 151
36
time in solving system 4.393600198000058
time in solving system 0.1673842849995708
time in solving system 0.17878369000027305
concluded in  10.768676073999814
Solving snapshot 0 152
36
time in solving system 4.0612517739991745
time in solving system 0.16207966500041948
time in solving system 0.21355233000031149
concluded in  9.975518713999918
Solving snapshot 0 153
36
time in solving system 4.057014731999516
time in solving system 0.22178056300072058
time in solving system 0.24562978600079077
concluded in  10.831584621999355
Solving snapshot 0 154
36
time in solving system 3.9807820440000796
time in solving system 0.15666728300129762
time in solving system 0.16832615100065595
concluded in  9.801830315000188
Solving snapshot 0 155
36
time in solving system 4.089858232999177
time in solving system 0.28631517400026496
time in solving system 0.19405268099944806
concluded in  10.286351898999783
Solving snapshot 0 156
36
time in solving system 4.880650918999891
time in solving system 0.17904241100040963
time in solving system 0.2646246650001558
concluded in  10.953987828999743
Solving snapshot 0 157
36
time in solving system 5.48293027300133
time in solving system 0.30572659199970076
time in solving system 0.22938688999965962
concluded in  11.760374897001384
Solving snapshot 0 158
36
time in solving system 5.0414097889988625
time in solving system 0.23949664899919298
time in solving system 0.1848654989989882
concluded in  11.052493519999189
Solving snapshot 0 159
36
time in solving system 4.02153603700026
time in solving system 0.2845230339989939
time in solving system 0.35488325500045903
concluded in  10.150140489999103
Solving snapshot 0 160
36
time in solving system 4.521608166000078
time in solving system 0.1850126219997037
time in solving system 0.18992532700031006
concluded in  10.781500468001468
Solving snapshot 0 161
36
time in solving system 4.562756867999269
time in solving system 0.2378762349999306
time in solving system 0.3634900880006171
concluded in  11.170120954000595
Solving snapshot 0 162
36
time in solving system 4.300218894999489
time in solving system 0.3821537929998158
time in solving system 0.31137667400071223
concluded in  10.504273005000869
Solving snapshot 0 163
36
time in solving system 4.204739255001186
time in solving system 0.22032028499961598
time in solving system 0.1804371620000893
concluded in  10.29402712800038
Solving snapshot 0 164
36
time in solving system 5.358279923000737
time in solving system 0.26591339299920946
time in solving system 0.1732377340013045
concluded in  11.618116608999117
Solving snapshot 0 165
36
time in solving system 5.179865819000042
time in solving system 0.27242553700125427
time in solving system 0.20705373599957966
concluded in  11.481678352000017
Solving snapshot 0 166
36
time in solving system 5.640276184998584
time in solving system 0.18012163500134193
time in solving system 0.1541721019984834
concluded in  11.367363347000719
Solving snapshot 0 167
36
time in solving system 4.727374588999737
time in solving system 0.16818500599947583
time in solving system 0.27089180699840654
concluded in  10.581169387000045
Solving snapshot 0 168
36
time in solving system 5.672434051999517
time in solving system 0.19724082999891834
time in solving system 0.25247152499832737
concluded in  11.571520827001223
Solving snapshot 0 169
36
time in solving system 5.121411978998367
time in solving system 0.2860509769998316
time in solving system 0.20038455999929283
concluded in  10.997676255999977
Solving snapshot 0 170
36
time in solving system 4.193406299000344
time in solving system 0.359978960999797
time in solving system 0.3855437799993524
concluded in  10.73362247499972
Solving snapshot 0 171
36
time in solving system 3.783889102000103
time in solving system 0.24146061000101326
time in solving system 0.20329203300025256
concluded in  9.838993557999856
Solving snapshot 0 172
36
time in solving system 3.1037839359996724
time in solving system 0.16208364799967967
time in solving system 0.13264232399887987
concluded in  8.63199956400058
Solving snapshot 0 173
36
time in solving system 3.6324619659990276
time in solving system 0.1603204260009079
time in solving system 0.13050231600027473
concluded in  9.937755829001617
Solving snapshot 0 174
36
time in solving system 3.4298558210011834
time in solving system 0.157067680000182
time in solving system 0.14232631000049878
concluded in  10.103739244999815
Solving snapshot 0 175
36
time in solving system 3.3845074199998635
time in solving system 0.15261933299916564
time in solving system 0.21860932699928526
concluded in  9.921850359000018
Solving snapshot 0 176
36
time in solving system 3.415890750999097
time in solving system 0.15877209300015238
time in solving system 0.12930238300032215
concluded in  10.084583456999098
Solving snapshot 0 177
36
time in solving system 3.1297546839996357
time in solving system 0.16059768499872007
time in solving system 0.16127983300066262
concluded in  10.129861739000262
Solving snapshot 0 178
36
time in solving system 2.7104405490008503
time in solving system 0.18327747699913743
time in solving system 0.17902887600030226
concluded in  9.238805291999597
Solving snapshot 0 179
36
time in solving system 2.9116674509987206
time in solving system 0.18230942800073535
time in solving system 0.1797380139996676
concluded in  10.653187633000925
Solving snapshot 0 180
36
time in solving system 2.7663001340006304
time in solving system 0.1594034110003122
time in solving system 0.15540884400070354
concluded in  9.048909241999354
Solving snapshot 0 181
36
time in solving system 2.7650196829999913
time in solving system 0.16226168200046232
time in solving system 0.16598908899868547
concluded in  9.208476660000088
Solving snapshot 0 182
36
time in solving system 3.2951260009995167
time in solving system 0.1812590879999334
time in solving system 0.1496385669997835
concluded in  10.09224126799927
Solving snapshot 0 183
36
time in solving system 2.871059682000123
time in solving system 0.1619382039989432
time in solving system 0.19830802700016648
concluded in  9.609250994999456
Solving snapshot 0 184
36
time in solving system 2.949587094999515
time in solving system 0.16295725199961453
time in solving system 0.16747792299975117
concluded in  10.002105180001308
Solving snapshot 0 185
36
time in solving system 3.314797159999216
time in solving system 0.203565156998593
time in solving system 0.19473578500037547
concluded in  11.038258780999968
Solving snapshot 0 186
36
time in solving system 2.840753620999749
time in solving system 0.1555737019989465
time in solving system 0.13373735699860845
concluded in  9.459033054999963
Solving snapshot 0 187
36
time in solving system 2.861714488999496
time in solving system 0.15562921200034907
time in solving system 0.13003598999966925
concluded in  9.532710698000301
Solving snapshot 0 188
36
time in solving system 2.842342739999367
time in solving system 0.1560269450001215
time in solving system 0.13158560800002306
concluded in  9.688618898000641
Solving snapshot 0 189
36
time in solving system 2.605591314999401
time in solving system 0.136012300999937
time in solving system 0.12865002499893308
concluded in  10.054878981998627
Solving snapshot 0 190
36
time in solving system 2.8893055810003716
time in solving system 0.15311000800102192
time in solving system 0.12698360699869227
concluded in  9.648059338000166
Solving snapshot 0 191
36
time in solving system 2.632017858999461
time in solving system 0.14461649300028512
time in solving system 0.13426732799962338
concluded in  9.810906998000064
Solving snapshot 0 192
36
time in solving system 2.8494716660006816
time in solving system 0.15981750699938857
time in solving system 0.13183820199992624
concluded in  10.276410802998726
Solving snapshot 0 193
36
time in solving system 2.788161521000802
time in solving system 0.19449235799947928
time in solving system 0.1806812369995896
concluded in  10.272530596999786
Solving snapshot 0 194
36
time in solving system 2.69153843300046
time in solving system 0.14875104700149677
time in solving system 0.14169838900124887
concluded in  9.810037936998924
Solving snapshot 0 195
36
time in solving system 2.7784863939996285
time in solving system 0.16329539500111423
time in solving system 0.14057820000016363
concluded in  10.790811155000483
Solving snapshot 0 196
36
time in solving system 2.61221271300019
time in solving system 0.14744944500125712
time in solving system 0.15684984499966959
concluded in  11.401334567999584
Solving snapshot 0 197
36
time in solving system 3.226438253001106
time in solving system 0.17103362499983632
time in solving system 0.17535534799935704
concluded in  12.06967346700003
Solving snapshot 0 198
36
time in solving system 3.3307690149995324
time in solving system 0.17135760800010758
time in solving system 0.12906637000014598
concluded in  11.142737465999744
Solving snapshot 0 199
36
time in solving system 3.6806209160004073
time in solving system 0.1691807309998694
time in solving system 0.26918453100006445
concluded in  10.823985842000184
Solving snapshot 0 200
36
time in solving system 3.994564847998845
time in solving system 0.1506235540000489
time in solving system 0.14691230400057975
concluded in  10.093450496000514
Solving snapshot 0 201
36
time in solving system 3.4874330679995182
time in solving system 0.2106542969995644
time in solving system 0.22203170300053898
concluded in  10.23524250599985
Solving snapshot 0 202
36
time in solving system 3.3233532310005103
time in solving system 0.2665741879991401
time in solving system 0.29976538799928676
concluded in  9.868657438999435
Solving snapshot 0 203
36
time in solving system 3.7811852490012825
time in solving system 0.18778221899992786
time in solving system 0.219880323000325
concluded in  10.41543603900027
Solving snapshot 0 204
36
time in solving system 3.2400785160007217
time in solving system 0.1362816599994403
time in solving system 0.14040225999997347
concluded in  9.046604262000983
Solving snapshot 0 205
36
time in solving system 3.219329805000598
time in solving system 0.22001206099957926
time in solving system 0.1857519789991784
concluded in  9.360995195000214
Solving snapshot 0 206
36
time in solving system 3.2605151979987568
time in solving system 0.1627746419999312
time in solving system 0.12845455100068648
concluded in  9.981591567999203
Solving snapshot 0 207
36
time in solving system 3.5958989369992196
time in solving system 0.24669403100051568
time in solving system 0.2295841550003388
concluded in  10.279322011998374
Solving snapshot 0 208
36
time in solving system 3.640214958000797
time in solving system 0.1777606369996647
time in solving system 0.2721390229999088
concluded in  10.21599179200166
Solving snapshot 0 209
36
time in solving system 3.934164147000047
time in solving system 0.27269516799970006
time in solving system 0.2621278839997103
concluded in  10.834159460000592
Solving snapshot 0 210
36
time in solving system 3.6794356040009006
time in solving system 0.2030148960002407
time in solving system 0.17866003699964494
concluded in  10.0493954700014
Solving snapshot 0 211
36
time in solving system 3.3071390590012015
time in solving system 0.1951543129998754
time in solving system 0.1295896920000814
concluded in  9.252915545999713
Solving snapshot 0 212
36
time in solving system 3.3832601769991015
time in solving system 0.17772637599955488
time in solving system 0.18316093799876398
concluded in  9.80956728000092
Solving snapshot 0 213
36
time in solving system 3.3116399129994534
time in solving system 0.2344997569998668
time in solving system 0.2209826400012389
concluded in  9.938054217000172
Solving snapshot 0 214
36
time in solving system 3.2856124289992295
time in solving system 0.17505110199999763
time in solving system 0.2557256210002379
concluded in  9.2719904759997
Solving snapshot 0 215
36
time in solving system 3.5061903480000183
time in solving system 0.20446773600087909
time in solving system 0.16117206999842892
concluded in  9.583179708999523
Solving snapshot 0 216
36
time in solving system 2.6791001809997397
time in solving system 0.22797375000118336
time in solving system 0.1657039250003436
concluded in  9.172307168999396
Solving snapshot 0 217
36
time in solving system 2.6726850679988274
time in solving system 0.14683471100033785
time in solving system 0.1392393030000676
concluded in  9.19066923399987
Solving snapshot 0 218
36
time in solving system 2.7454460950011708
time in solving system 0.16388263099906908
time in solving system 0.17191908399945532
concluded in  10.825208370000837
Solving snapshot 0 219
36
time in solving system 3.791144800999973
time in solving system 0.16842410700155597
time in solving system 0.12739372400028515
concluded in  10.889182787999744
Solving snapshot 0 220
36
time in solving system 3.217453288998513
time in solving system 0.2404523330005759
time in solving system 0.285239762000856
concluded in  10.661360731999594
Solving snapshot 0 221
36
time in solving system 3.1446190919996297
time in solving system 0.16666636700028903
time in solving system 0.16466851599943766
concluded in  9.500267846000497
Solving snapshot 0 222
36
time in solving system 3.1371644039991224
time in solving system 0.2602191909991234
time in solving system 0.1812116649998643
concluded in  10.148880246000772
Solving snapshot 0 223
36
time in solving system 3.1922828440001467
time in solving system 0.39040707200001634
time in solving system 0.4266996090009343
concluded in  10.644854102998579
Solving snapshot 0 224
36
time in solving system 4.117849663000015
time in solving system 0.37471093099884456
time in solving system 0.39892070300084015
concluded in  10.992460086999927
Solving snapshot 0 225
36
time in solving system 4.125917331000892
time in solving system 0.331367341999794
time in solving system 0.3481912369989004
concluded in  11.147464484000011
Solving snapshot 0 226
36
time in solving system 4.4281436359997315
time in solving system 0.2510217230010312
time in solving system 0.23493438399964361
concluded in  11.075701372001276
Solving snapshot 0 227
36
time in solving system 4.1951975030006
time in solving system 0.3995783850004955
time in solving system 0.3690278539997962
concluded in  10.656056384999829
Solving snapshot 0 228
36
time in solving system 5.00245403199915
time in solving system 0.2655496570005198
time in solving system 0.21941794699887396
concluded in  11.347069156001453
Solving snapshot 0 229
36
time in solving system 5.223091334999481
time in solving system 0.3007016350002232
time in solving system 0.1919917319992237
concluded in  11.651192156999969
Solving snapshot 0 230
36
time in solving system 4.8381655140001385
time in solving system 0.17987293300029705
time in solving system 0.28362270499928854
concluded in  11.20086587500009
Solving snapshot 0 231
36
time in solving system 4.721047258000908
time in solving system 0.341839164000703
time in solving system 0.22130666799967003
concluded in  10.63743320499998
Solving snapshot 0 232
36
time in solving system 4.8139622540002165
time in solving system 0.29491421800048556
time in solving system 0.2017340679994959
concluded in  11.170807426000465
Solving snapshot 0 233
36
time in solving system 4.822236021000208
time in solving system 0.2459013630013942
time in solving system 0.22982769800000824
concluded in  11.194654082000852
Solving snapshot 0 234
36
time in solving system 4.875061724000261
time in solving system 0.35569320600006904
time in solving system 0.2764319350008009
concluded in  10.960889046000375
Solving snapshot 0 235
36
time in solving system 5.453601440998682
time in solving system 0.2247635910007375
time in solving system 0.16984923199925106
concluded in  11.820084462000523
Solving snapshot 0 236
36
time in solving system 4.9139600210000935
time in solving system 0.18007850800131564
time in solving system 0.16091803400013305
concluded in  11.132913455001471
Solving snapshot 0 237
36
time in solving system 5.031869139000264
time in solving system 0.24409905500033346
time in solving system 0.15871151000101236
concluded in  10.876844447000622
Solving snapshot 0 238
36
time in solving system 4.703259272999276
time in solving system 0.161851636999927
time in solving system 0.14704736599924217
concluded in  10.971467622999626
Solving snapshot 0 239
36
time in solving system 4.680854709000414
time in solving system 0.1604248319999897
time in solving system 0.13868439400175703
concluded in  11.231037391000427
Solving snapshot 0 240
36
time in solving system 4.679291970000122
time in solving system 0.16435141100009787
time in solving system 0.16844763600056467
concluded in  11.109672444001262
Solving snapshot 0 241
36
time in solving system 4.35297186400021
time in solving system 0.22157563300061156
time in solving system 0.154749670999081
concluded in  10.90919554500033
Solving snapshot 0 242
36
time in solving system 4.645136299001024
time in solving system 0.2336639670011209
time in solving system 0.19643271300083143
concluded in  10.92543671400017
Solving snapshot 0 243
36
time in solving system 4.909788717999618
time in solving system 0.2994791870005429
time in solving system 0.21366397600104392
concluded in  10.922264429000279
Solving snapshot 0 244
36
time in solving system 3.7981667980002385
time in solving system 0.1664826849992096
time in solving system 0.1667531870007224
concluded in  9.724946534999617
Solving snapshot 0 245
36
time in solving system 4.7211471179998625
time in solving system 0.21995714799959387
time in solving system 0.16554724900015572
concluded in  11.225298749999638
Solving snapshot 0 246
36
time in solving system 4.874793053000758
time in solving system 0.13946216700060177
time in solving system 0.13446525600011228
concluded in  11.397694679999404
Solving snapshot 0 247
36
time in solving system 4.775639712999691
time in solving system 0.2579048839997995
time in solving system 0.17107119300089835
concluded in  11.554043723999712
Solving snapshot 0 248
36
time in solving system 4.810688722998748
time in solving system 0.16423571199993603
time in solving system 0.13143142700027965
concluded in  11.3462564249985
Solving snapshot 0 249
36
time in solving system 4.842456121001305
time in solving system 0.21395885700076178
time in solving system 0.1403900519999297
concluded in  11.003502895000565
Solving snapshot 0 250
36
time in solving system 5.221015789000376
time in solving system 0.1954575419986213
time in solving system 0.13384945300094842
concluded in  10.828827019000528
Solving snapshot 0 251
36
time in solving system 5.2750213599993
time in solving system 0.157617686998492
time in solving system 0.1352990769992175
concluded in  11.522653850999632
Solving snapshot 0 252
36
time in solving system 4.8203126289990905
time in solving system 0.13800206599989906
time in solving system 0.14003327000136778
concluded in  11.01455082999928
Solving snapshot 0 253
36
time in solving system 5.388084354000966
time in solving system 0.2470295929997519
time in solving system 0.17342406600073446
concluded in  11.188777140001548
Solving snapshot 0 254
36
time in solving system 5.554871104000995
time in solving system 0.1648997430002055
time in solving system 0.22956843900101376
concluded in  11.30469810700015
Solving snapshot 0 255
36
time in solving system 4.626456503001464
time in solving system 0.17342862499936018
time in solving system 0.2054070550002507
concluded in  11.068855797999277
Solving snapshot 0 256
36
time in solving system 5.561529968001196
time in solving system 0.17884764699920197
time in solving system 0.1918828019988723
concluded in  11.876191487001051
Solving snapshot 0 257
36
time in solving system 5.07948859499993
time in solving system 0.2909309459992073
time in solving system 0.25104565800029377
concluded in  11.122046002999923
Solving snapshot 0 258
36
time in solving system 4.328632822000145
time in solving system 0.31042273299863155
time in solving system 0.227355320001152
concluded in  10.370771152000088
Solving snapshot 0 259
36
time in solving system 5.544331936998788
time in solving system 0.18208899899946118
time in solving system 0.13684323800043785
concluded in  11.558817106000788
Solving snapshot 0 260
36
time in solving system 4.619753491000665
time in solving system 0.23905458000081126
time in solving system 0.17865668400008872
concluded in  10.646826463998877
Solving snapshot 0 261
36
time in solving system 3.9570206129992584
time in solving system 0.18175707100090222
time in solving system 0.18336961799832352
concluded in  9.921307652000905
Solving snapshot 0 262
36
time in solving system 4.171134109999912
time in solving system 0.17819686100119725
time in solving system 0.23392497500026366
concluded in  10.24428831700061
Solving snapshot 0 263
36
time in solving system 4.713111693999963
time in solving system 0.15986672200051544
time in solving system 0.23758084000110102
concluded in  11.329261819000749
Solving snapshot 0 264
36
time in solving system 4.473671540999931
time in solving system 0.2018240990000777
time in solving system 0.21732141000029515
concluded in  10.395868925999821
Solving snapshot 0 265
36
time in solving system 4.987826106000284
time in solving system 0.18898145300045144
time in solving system 0.19678247400042892
concluded in  11.27266363200033
Solving snapshot 0 266
36
time in solving system 4.381754313000783
time in solving system 0.20166940099989006
time in solving system 0.2103549090006709
concluded in  10.812555177999457
Solving snapshot 0 267
36
time in solving system 5.260405114000605
time in solving system 0.21092307799881382
time in solving system 0.13608650400055922
concluded in  11.91664866100109
Solving snapshot 0 268
36
time in solving system 5.082075588999942
time in solving system 0.2285663629991177
time in solving system 0.19168255600015982
concluded in  11.190247037000518
Solving snapshot 0 269
36
time in solving system 4.7148206860001665
time in solving system 0.1811334039994108
time in solving system 0.23908320400005323
concluded in  11.2890101590001
Solving snapshot 0 270
36
time in solving system 4.521213078000073
time in solving system 0.17803860400090343
time in solving system 0.1459621630001493
concluded in  10.522506870000143
Solving snapshot 0 271
36
time in solving system 4.939849858999878
time in solving system 0.155224938000174
time in solving system 0.16692098200110195
concluded in  11.518026137000561
Solving snapshot 0 272
36
time in solving system 4.910610687998997
time in solving system 0.18590924399904907
time in solving system 0.13102903099934338
concluded in  11.004074918000697
Solving snapshot 0 273
36
time in solving system 4.370393311999578
time in solving system 0.18921618799868156
time in solving system 0.18976927799849364
concluded in  10.376594555998963
Solving snapshot 0 274
36
time in solving system 4.737230838998585
time in solving system 0.19344410700068693
time in solving system 0.21822534999955678
concluded in  11.300427591999323
Solving snapshot 0 275
36
time in solving system 5.002222013999926
time in solving system 0.22362792800049647
time in solving system 0.18114206999962335
concluded in  11.46614472500005
Solving snapshot 0 276
36
time in solving system 4.989092614001493
time in solving system 0.28190118899874506
time in solving system 0.18753684100011014
concluded in  11.498114443000304
Solving snapshot 0 277
36
time in solving system 5.323846755998602
time in solving system 0.17594055399968056
time in solving system 0.16657152800144104
concluded in  11.086063114998979
Solving snapshot 0 278
36
time in solving system 4.447484321999582
time in solving system 0.3228394969992223
time in solving system 0.19174306799868646
concluded in  11.019040077999307
Solving snapshot 0 279
36
time in solving system 5.158042896999177
time in solving system 0.18877557400082878
time in solving system 0.15064101699863386
concluded in  10.837978192999799
Solving snapshot 0 280
36
time in solving system 4.041146187000777
time in solving system 0.1735430839999026
time in solving system 0.1655759940003918
concluded in  9.882117953999114
Solving snapshot 0 281
36
time in solving system 4.037826485999176
time in solving system 0.1364913939996768
time in solving system 0.22701354499986337
concluded in  9.823770225000771
Solving snapshot 0 282
36
time in solving system 4.730841795999368
time in solving system 0.20572533400081738
time in solving system 0.16949890199975925
concluded in  10.95309154199822
Solving snapshot 0 283
36
time in solving system 3.689744610001071
time in solving system 0.20004985599916836
time in solving system 0.16565800500029582
concluded in  9.587223221999011
Solving snapshot 0 284
36
time in solving system 3.497355024001081
time in solving system 0.22267369400105963
time in solving system 0.18488848999913898
concluded in  9.414142094999988
Solving snapshot 0 285
36
time in solving system 2.9169619210006204
time in solving system 0.22976507900057186
time in solving system 0.16203117799886968
concluded in  9.61567609300073
Solving snapshot 0 286
36
time in solving system 3.0986219919996074
time in solving system 0.1771751039996161
time in solving system 0.26412369900026533
concluded in  10.183931945999575
Solving snapshot 0 287
36
time in solving system 3.1581793919995107
time in solving system 0.21311525600140158
time in solving system 0.18240669300030277
concluded in  9.317500466000638
Solving snapshot 0 288
36
time in solving system 3.581801551999888
time in solving system 0.16283912800099642
time in solving system 0.17496333499911998
concluded in  9.940414447000876
Solving snapshot 0 289
36
time in solving system 3.537625738001225
time in solving system 0.23191054400012945
time in solving system 0.13920352300010563
concluded in  9.946933254001124
Solving snapshot 0 290
36
time in solving system 3.171660133999467
time in solving system 0.21163549999982934
time in solving system 0.1280143100011628
concluded in  9.257731797000815
Solving snapshot 0 291
36
time in solving system 3.628577931000109
time in solving system 0.1549585720003961
time in solving system 0.22053180399962002
concluded in  10.426014285998463
Solving snapshot 0 292
36
time in solving system 3.6421050079989072
time in solving system 0.1585364920010761
time in solving system 0.24826368200047
concluded in  10.960189530000207
Solving snapshot 0 293
36
time in solving system 3.034062682001604
time in solving system 0.16458441999930074
time in solving system 0.2466928949997964
concluded in  9.901446883999597
Solving snapshot 0 294
36
time in solving system 2.948586944999988
time in solving system 0.18608666000000085
time in solving system 0.23348373299995728
concluded in  9.716232888999002
Solving snapshot 0 295
36
time in solving system 3.5497814789996482
time in solving system 0.22235425300095812
time in solving system 0.17062590199930128
concluded in  9.898608045999936
Solving snapshot 0 296
36
time in solving system 3.233091301000968
time in solving system 0.1686559160007164
time in solving system 0.17157454500011227
concluded in  9.744315804999133
Solving snapshot 0 297
36
time in solving system 3.422789930000363
time in solving system 0.20190011999875423
time in solving system 0.17671777400028077
concluded in  9.773634219000087
Solving snapshot 0 298
36
time in solving system 2.688542009998855
time in solving system 0.2775207409995346
time in solving system 0.39290174699999625
concluded in  9.094878194000557
Solving snapshot 0 299
36
time in solving system 2.9729322059993137
time in solving system 0.18309780200070236
time in solving system 0.1885240640003758
concluded in  8.285082960999716
[]
Not completed: []
