Solving not completed simulation: 0-th chance
Solving snapshot 0 0
36
time in solving system 4.4459982629996375
time in solving system 0.125540077999176
time in solving system 0.21743180799967377
concluded in  9.347520618000999
Solving snapshot 0 1
36
time in solving system 4.063491729000816
time in solving system 0.16921960299805505
time in solving system 0.18116741900303168
concluded in  9.123001658001158
Solving snapshot 0 2
36
time in solving system 3.4511694190005073
time in solving system 0.14757806499983417
time in solving system 0.2016705930000171
concluded in  8.67765859300198
Solving snapshot 0 3
36
time in solving system 3.8102222559973598
time in solving system 0.22474158100158093
time in solving system 0.16732791400136193
concluded in  8.892469056001573
Solving snapshot 0 4
36
time in solving system 3.0852011809984106
time in solving system 0.17864212399945245
time in solving system 0.24192701399806538
concluded in  8.245203629998286
Solving snapshot 0 5
36
time in solving system 4.224278682999284
time in solving system 0.26469422100126394
time in solving system 0.18197097399752238
concluded in  9.773458556999685
Solving snapshot 0 6
36
time in solving system 4.358562303001236
time in solving system 0.16486807000183035
time in solving system 0.22596410400001332
concluded in  10.262569428999996
Solving snapshot 0 7
36
time in solving system 3.373162294999929
time in solving system 0.17693120800322504
time in solving system 0.2340219050020096
concluded in  8.943982294997113
Solving snapshot 0 8
36
time in solving system 3.4584253350003564
time in solving system 0.17378727100003744
time in solving system 0.2359046279998438
concluded in  8.81351045199699
Solving snapshot 0 9
36
time in solving system 3.581536703000893
time in solving system 0.17630707599892048
time in solving system 0.17314980500304955
concluded in  8.941875960001198
Solving snapshot 0 10
36
time in solving system 3.927241640001739
time in solving system 0.18780336000054376
time in solving system 0.2571538500014867
concluded in  9.454549981997843
Solving snapshot 0 11
36
time in solving system 4.159142278000218
time in solving system 0.20061861900103395
time in solving system 0.2263801759982016
concluded in  9.869681403000868
Solving snapshot 0 12
36
time in solving system 4.113406284999655
time in solving system 0.15983877899998333
time in solving system 0.21858603000146104
concluded in  9.823197396999603
Solving snapshot 0 13
36
time in solving system 4.380453921003209
time in solving system 0.1484303170000203
time in solving system 0.12623806600095122
concluded in  9.678626082997653
Solving snapshot 0 14
36
time in solving system 4.083212064000691
time in solving system 0.19902996500240988
time in solving system 0.15961172500101384
concluded in  9.702548221997858
Solving snapshot 0 15
36
time in solving system 4.244383362001827
time in solving system 0.22483681800076738
time in solving system 0.15274982399932924
concluded in  9.617928113999369
Solving snapshot 0 16
36
time in solving system 3.737462729000981
time in solving system 0.23342567999861785
time in solving system 0.16327777599872206
concluded in  9.109756420999474
Solving snapshot 0 17
36
time in solving system 3.933478638999077
time in solving system 0.18982876699737972
time in solving system 0.2084646680013975
concluded in  9.617495087000862
Solving snapshot 0 18
36
time in solving system 3.6602015620010206
time in solving system 0.21741157199721783
time in solving system 0.19707057200139388
concluded in  9.037202922998404
Solving snapshot 0 19
36
time in solving system 4.3845007510026335
time in solving system 0.16632152200327255
time in solving system 0.21567502499965485
concluded in  10.056578120998893
Solving snapshot 0 20
36
time in solving system 4.100549233000493
time in solving system 0.24187954900116893
time in solving system 0.21804446899841423
concluded in  9.857978282998374
Solving snapshot 0 21
36
time in solving system 4.488010321998445
time in solving system 0.15809084200009238
time in solving system 0.13660796799740638
concluded in  10.107115187998716
Solving snapshot 0 22
36
time in solving system 3.8098287680004432
time in solving system 0.21831216300051892
time in solving system 0.14287847200102988
concluded in  9.127445555997838
Solving snapshot 0 23
36
time in solving system 3.815115503002744
time in solving system 0.19470245900083682
time in solving system 0.20983734200126491
concluded in  9.630261555001198
Solving snapshot 0 24
36
time in solving system 3.8659605470020324
time in solving system 0.23398411800008034
time in solving system 0.14057096299802652
concluded in  9.741047149000224
Solving snapshot 0 25
36
time in solving system 3.837654062001093
time in solving system 0.23823445699963486
time in solving system 0.19096022699886817
concluded in  9.669558126002812
Solving snapshot 0 26
36
time in solving system 3.72877422700185
time in solving system 0.2187700330032385
time in solving system 0.13165225500051747
concluded in  9.567375287999312
Solving snapshot 0 27
36
time in solving system 3.9105800290017214
time in solving system 0.24560030000066035
time in solving system 0.16400485499980277
concluded in  9.147552609996637
Solving snapshot 0 28
36
time in solving system 4.225845528002537
time in solving system 0.18306419299915433
time in solving system 0.1285349829995539
concluded in  9.901994944000762
Solving snapshot 0 29
36
time in solving system 3.647694004001096
time in solving system 0.27973862799990457
time in solving system 0.22639627699754783
concluded in  9.537635134998709
Solving snapshot 0 30
36
time in solving system 3.6673203669997747
time in solving system 0.24888769800236332
time in solving system 0.17943559999912395
concluded in  9.09652189299959
Solving snapshot 0 31
36
time in solving system 4.005525330998353
time in solving system 0.13855132200114895
time in solving system 0.12831978800022625
concluded in  9.606339470999956
Solving snapshot 0 32
36
time in solving system 4.199814247000177
time in solving system 0.133818867001537
time in solving system 0.13777221900090808
concluded in  9.455787777998921
Solving snapshot 0 33
36
time in solving system 3.7197667120017286
time in solving system 0.1797724690004543
time in solving system 0.17782772599821328
concluded in  9.394198794001568
Solving snapshot 0 34
36
time in solving system 4.088711434997094
time in solving system 0.18221867399915936
time in solving system 0.14999545300088357
concluded in  9.516234340000665
Solving snapshot 0 35
36
time in solving system 3.4609213930016267
time in solving system 0.2048603360017296
time in solving system 0.2558723469992401
concluded in  9.237361225001223
Solving snapshot 0 36
36
time in solving system 3.9674054570023145
time in solving system 0.21820049199959612
time in solving system 0.20396139799777302
concluded in  9.09771705499952
Solving snapshot 0 37
36
time in solving system 4.121767151002132
time in solving system 0.20594052700107568
time in solving system 0.20457123999949545
concluded in  9.633119396999973
Solving snapshot 0 38
36
time in solving system 3.419053484998585
time in solving system 0.2746751829981804
time in solving system 0.220254477000708
concluded in  8.556442524997692
Solving snapshot 0 39
36
time in solving system 3.073594419998699
time in solving system 0.18555911800285685
time in solving system 0.16998255100043025
concluded in  8.2007645220001
Solving snapshot 0 40
36
time in solving system 3.243759951001266
time in solving system 0.23406467899985728
time in solving system 0.20452685200143605
concluded in  9.19012449100046
Solving snapshot 0 41
36
time in solving system 3.0282613670024148
time in solving system 0.21119069699852844
time in solving system 0.2786982590005209
concluded in  8.578871369998524
Solving snapshot 0 42
36
time in solving system 3.6642989959982515
time in solving system 0.17384831500021392
time in solving system 0.15979787199830753
concluded in  9.33250859799955
Solving snapshot 0 43
36
time in solving system 3.5226617919979617
time in solving system 0.20383628199851955
time in solving system 0.21520531799978926
concluded in  9.016315839002345
Solving snapshot 0 44
36
time in solving system 3.4485234650019265
time in solving system 0.2745760549987608
time in solving system 0.17688548499791068
concluded in  9.013418820002698
Solving snapshot 0 45
36
time in solving system 3.7913650930022413
time in solving system 0.14775878000000375
time in solving system 0.14932225399752497
concluded in  9.321142115997645
Solving snapshot 0 46
36
time in solving system 4.206334156999219
time in solving system 0.20501727599912556
time in solving system 0.2329602080026234
concluded in  9.477346569001384
Solving snapshot 0 47
36
time in solving system 3.8478563470016525
time in solving system 0.19214519500019378
time in solving system 0.24694511400230112
concluded in  9.679680123997969
Solving snapshot 0 48
36
time in solving system 4.108731049000198
time in solving system 0.23153692800042336
time in solving system 0.1711308639969502
concluded in  9.828042324999842
Solving snapshot 0 49
36
time in solving system 3.7804871879998245
time in solving system 0.2995008069992764
time in solving system 0.22464980600125273
concluded in  9.129660964001232
Solving snapshot 0 50
36
time in solving system 4.2008460859979095
time in solving system 0.21716224799820338
time in solving system 0.13071020799907274
concluded in  9.718391332997271
Solving snapshot 0 51
36
time in solving system 4.104510993001895
time in solving system 0.1354352429989376
time in solving system 0.21882872399874032
concluded in  9.634713620002003
Solving snapshot 0 52
36
time in solving system 3.901999639998394
time in solving system 0.24292236200199113
time in solving system 0.18126242300058948
concluded in  9.019177187001333
Solving snapshot 0 53
36
time in solving system 3.8765124659985304
time in solving system 0.2540940770013549
time in solving system 0.28459057199870585
concluded in  9.117571737002436
Solving snapshot 0 54
36
time in solving system 3.896356408000429
time in solving system 0.17392658799872152
time in solving system 0.22027896299914573
concluded in  8.925045460000547
Solving snapshot 0 55
36
time in solving system 3.7514175939977576
time in solving system 0.15309725599945523
time in solving system 0.1914994859980652
concluded in  8.82314500099892
Solving snapshot 0 56
36
time in solving system 3.4482395779996295
time in solving system 0.3295962860029249
time in solving system 0.3010414110030979
concluded in  9.2001755329984
Solving snapshot 0 57
36
time in solving system 4.464425924001262
time in solving system 0.21657346000210964
time in solving system 0.23020561500015901
concluded in  10.394878516002791
Solving snapshot 0 58
36
time in solving system 3.9885586710006464
time in solving system 0.25027742499878514
time in solving system 0.27473312000074657
concluded in  9.606449230999715
Solving snapshot 0 59
36
time in solving system 3.9097961650004436
time in solving system 0.1674563840024348
time in solving system 0.22895611100102542
concluded in  9.231468428999506
Solving snapshot 0 60
36
time in solving system 3.3961670149983547
time in solving system 0.27588375599952997
time in solving system 0.1988549099987722
concluded in  8.900932202002878
Solving snapshot 0 61
36
time in solving system 3.4101556859968696
time in solving system 0.17106423699806328
time in solving system 0.1602163780007686
concluded in  8.797031127000082
Solving snapshot 0 62
36
time in solving system 3.2838304890028667
time in solving system 0.20885529999941355
time in solving system 0.15925292699830607
concluded in  8.62332138200145
Solving snapshot 0 63
36
time in solving system 3.965788084999076
time in solving system 0.24753173999852152
time in solving system 0.16625422799916123
concluded in  9.94791584199993
Solving snapshot 0 64
36
time in solving system 4.002572133002104
time in solving system 0.17477215400140267
time in solving system 0.18942596600027173
concluded in  9.79659317199912
Solving snapshot 0 65
36
time in solving system 3.9413490900005854
time in solving system 0.22340988900032244
time in solving system 0.1808223470034136
concluded in  9.39420056200106
Solving snapshot 0 66
36
time in solving system 4.200582328001474
time in solving system 0.2123575349978637
time in solving system 0.19432332200085511
concluded in  10.078099989001203
Solving snapshot 0 67
36
time in solving system 4.098550439000974
time in solving system 0.1977561749990855
time in solving system 0.24458307500026422
concluded in  9.552263665002101
Solving snapshot 0 68
36
time in solving system 3.9201081649989646
time in solving system 0.19923747699795058
time in solving system 0.24713823899946874
concluded in  9.522669115998724
Solving snapshot 0 69
36
time in solving system 3.404704569002206
time in solving system 0.1661503309987893
time in solving system 0.18956643999990774
concluded in  8.822456511999917
Solving snapshot 0 70
36
time in solving system 3.2787255179973727
time in solving system 0.17240739000044414
time in solving system 0.1669323770001938
concluded in  8.730349834997469
Solving snapshot 0 71
36
time in solving system 3.378483332999167
time in solving system 0.2221568489985657
time in solving system 0.23786610300157918
concluded in  9.356582401997002
Solving snapshot 0 72
36
time in solving system 4.104916520998813
time in solving system 0.15762902200003737
time in solving system 0.23520168100003502
concluded in  9.594278077001945
Solving snapshot 0 73
36
time in solving system 3.491818976999639
time in solving system 0.21134485099901212
time in solving system 0.16589361500155064
concluded in  8.907318012999895
Solving snapshot 0 74
36
time in solving system 3.416022953999345
time in solving system 0.1993339090004156
time in solving system 0.21907554200151935
concluded in  9.254829511002754
Solving snapshot 0 75
36
time in solving system 4.262434144999133
time in solving system 0.1555383510021784
time in solving system 0.22454715400090208
concluded in  10.088976390998141
Solving snapshot 0 76
36
time in solving system 3.8474294890002056
time in solving system 0.16075637900212314
time in solving system 0.2158484529973066
concluded in  9.631179420997796
Solving snapshot 0 77
36
time in solving system 4.044057793998945
time in solving system 0.32284672500099987
time in solving system 0.25405206800132873
concluded in  9.654346356001042
Solving snapshot 0 78
36
time in solving system 3.8801576090008894
time in solving system 0.21124244299790007
time in solving system 0.22488323200013838
concluded in  9.734396498999558
Solving snapshot 0 79
36
time in solving system 3.6378120449990092
time in solving system 0.2556532929993409
time in solving system 0.17350447599892505
concluded in  9.313294834999397
Solving snapshot 0 80
36
time in solving system 3.5647766399997636
time in solving system 0.2009122400013439
time in solving system 0.1802060949994484
concluded in  9.034668910000619
Solving snapshot 0 81
36
time in solving system 3.947043031999783
time in solving system 0.1990442019996408
time in solving system 0.16575080400070874
concluded in  9.751838512001996
Solving snapshot 0 82
36
time in solving system 3.777059844996984
time in solving system 0.17711579599927063
time in solving system 0.20521450899832416
concluded in  9.532335298998078
Solving snapshot 0 83
36
time in solving system 4.234580109998205
time in solving system 0.18754068899943377
time in solving system 0.19643307400110643
concluded in  9.519015812998987
Solving snapshot 0 84
36
time in solving system 3.6914597930008313
time in solving system 0.24741003799863392
time in solving system 0.21764052900107345
concluded in  9.302301424002508
Solving snapshot 0 85
36
time in solving system 3.9577895239999634
time in solving system 0.2025357320017065
time in solving system 0.17388180600028136
concluded in  9.5744372879999
Solving snapshot 0 86
36
time in solving system 4.097356670001318
time in solving system 0.20331819000057294
time in solving system 0.24670932699882542
concluded in  9.487761978998606
Solving snapshot 0 87
36
time in solving system 3.856122144999972
time in solving system 0.14941221800108906
time in solving system 0.20989067600021372
concluded in  9.645726482998725
Solving snapshot 0 88
36
time in solving system 4.059825204003573
time in solving system 0.16539790000024368
time in solving system 0.16696877700087498
concluded in  9.810958411999309
Solving snapshot 0 89
36
time in solving system 3.802386622002814
time in solving system 0.18481191200044123
time in solving system 0.17844194899953436
concluded in  9.132862383001338
Solving snapshot 0 90
36
time in solving system 3.5704607620027673
time in solving system 0.17234997400009888
time in solving system 0.14813590999983717
concluded in  8.884028919001139
Solving snapshot 0 91
36
time in solving system 4.015881318002357
time in solving system 0.24663342900021235
time in solving system 0.21639706199857756
concluded in  9.816866836998088
Solving snapshot 0 92
36
time in solving system 4.4355272889988555
time in solving system 0.1423947439980111
time in solving system 0.12149155200313544
concluded in  10.173341769001127
Solving snapshot 0 93
36
time in solving system 4.053383040998597
time in solving system 0.16205387299851282
time in solving system 0.120290341998043
concluded in  9.24085123400073
Solving snapshot 0 94
36
time in solving system 3.9443500169982144
time in solving system 0.23441112599903136
time in solving system 0.1401797530015756
concluded in  9.197927131001052
Solving snapshot 0 95
36
time in solving system 3.6768939649991808
time in solving system 0.20481407799888984
time in solving system 0.14186657699974603
concluded in  9.002563231999375
Solving snapshot 0 96
36
time in solving system 3.3324474309993093
time in solving system 0.21293333799985703
time in solving system 0.1284288499991817
concluded in  8.47316898400095
Solving snapshot 0 97
36
time in solving system 3.505411788002675
time in solving system 0.1318445420001808
time in solving system 0.159860227999161
concluded in  8.742545608998626
Solving snapshot 0 98
36
time in solving system 3.809771141000965
time in solving system 0.31967740299660363
time in solving system 0.21585205600058543
concluded in  9.554078371998912
Solving snapshot 0 99
36
time in solving system 3.22204095699999
time in solving system 0.20238442300251336
time in solving system 0.2894927019988245
concluded in  8.66752968199944
Solving snapshot 0 100
36
time in solving system 2.872671109998919
time in solving system 0.3509790370007977
time in solving system 0.33858358100042096
concluded in  8.70158579299823
Solving snapshot 0 101
36
time in solving system 2.5249545320002653
time in solving system 0.23159349199704593
time in solving system 0.18812456099840347
concluded in  8.03232057599962
Solving snapshot 0 102
36
time in solving system 2.8689861560014833
time in solving system 0.1967740389991377
time in solving system 0.2512613290018635
concluded in  8.88329613300084
Solving snapshot 0 103
36
time in solving system 2.6745745850021194
time in solving system 0.19990731500001857
time in solving system 0.16683436400126084
concluded in  8.117795211997873
Solving snapshot 0 104
36
time in solving system 2.7489020210014132
time in solving system 0.24027363999994122
time in solving system 0.27614549300051294
concluded in  8.8994263329987
Solving snapshot 0 105
36
time in solving system 2.6432750719977776
time in solving system 0.23031891700156848
time in solving system 0.23978886199984117
concluded in  8.104674030000751
Solving snapshot 0 106
36
time in solving system 2.39925871000014
time in solving system 0.13077155399878393
time in solving system 0.12206822200096212
concluded in  7.601001462000568
Solving snapshot 0 107
36
time in solving system 2.54297878899888
time in solving system 0.14350587900116807
time in solving system 0.11864879600034328
concluded in  8.320182014002057
Solving snapshot 0 108
36
time in solving system 2.4264729730020917
time in solving system 0.1323313400025654
time in solving system 0.12252631199953612
concluded in  8.175784623999789
Solving snapshot 0 109
36
time in solving system 2.467608160000964
time in solving system 0.1301872750009352
time in solving system 0.12235690399757004
concluded in  8.691452145998483
Solving snapshot 0 110
36
time in solving system 2.4437582699974882
time in solving system 0.13714515899846447
time in solving system 0.15461883299940382
concluded in  8.937985051998112
Solving snapshot 0 111
36
time in solving system 2.587838597002701
time in solving system 0.17735429800086422
time in solving system 0.13872096799968858
concluded in  8.308670393002103
Solving snapshot 0 112
36
time in solving system 2.442172268001741
time in solving system 0.13118554600077914
time in solving system 0.12199809300000197
concluded in  8.074602879998565
Solving snapshot 0 113
36
time in solving system 2.6429336729997885
time in solving system 0.14583368199964752
time in solving system 0.11843698099983158
concluded in  8.527020425000956
Solving snapshot 0 114
36
time in solving system 2.5767356300020765
time in solving system 0.14570039399768575
time in solving system 0.11979675399925327
concluded in  8.961407850998512
Solving snapshot 0 115
36
time in solving system 2.6621035409989418
time in solving system 0.15672557300058543
time in solving system 0.1410058069996012
concluded in  8.905749404002563
Solving snapshot 0 116
36
time in solving system 2.491727346998232
time in solving system 0.1672558240024955
time in solving system 0.15927799599739956
concluded in  8.535031982999499
Solving snapshot 0 117
36
time in solving system 2.8160193620024074
time in solving system 0.18090099199980614
time in solving system 0.24486437900122837
concluded in  9.016811910998513
Solving snapshot 0 118
36
time in solving system 2.4685607360006543
time in solving system 0.15960163199997623
time in solving system 0.16667124499872443
concluded in  8.126140203999967
Solving snapshot 0 119
36
time in solving system 2.627342954998312
time in solving system 0.14524668500234839
time in solving system 0.1194765219988767
concluded in  8.26684546099932
Solving snapshot 0 120
36
time in solving system 2.6099359599975287
time in solving system 0.1688951999967685
time in solving system 0.19462231500074267
concluded in  9.261833003998618
Solving snapshot 0 121
36
time in solving system 2.419223962002434
time in solving system 0.15844354900036706
time in solving system 0.16377380700214417
concluded in  7.968430328997783
Solving snapshot 0 122
36
time in solving system 2.645551218000037
time in solving system 0.17191957400063984
time in solving system 0.1423725929998909
concluded in  8.790940983999462
Solving snapshot 0 123
36
time in solving system 2.6137502800011134
time in solving system 0.15567618799832417
time in solving system 0.13932626599853393
concluded in  8.15695792599945
Solving snapshot 0 124
36
time in solving system 2.784533909001766
time in solving system 0.21418419600013294
time in solving system 0.16666970499863965
concluded in  8.988097860998096
Solving snapshot 0 125
36
time in solving system 2.756591800000024
time in solving system 0.2202914339977724
time in solving system 0.1612891880031384
concluded in  8.268674335999094
Solving snapshot 0 126
36
time in solving system 2.4135637389990734
time in solving system 0.15181014300105744
time in solving system 0.15444944800037774
concluded in  7.824608160997741
Solving snapshot 0 127
36
time in solving system 2.3441162660019472
time in solving system 0.12922055699891644
time in solving system 0.12068172400176991
concluded in  8.425666655999521
Solving snapshot 0 128
36
time in solving system 2.414487715002906
time in solving system 0.13069254000220099
time in solving system 0.12730744300279184
concluded in  8.395700293000118
Solving snapshot 0 129
36
time in solving system 2.554006209000363
time in solving system 0.15695800300090923
time in solving system 0.13708701900031883
concluded in  8.788520369998878
Solving snapshot 0 130
36
time in solving system 2.582519247000164
time in solving system 0.15069594099986716
time in solving system 0.16104850200281362
concluded in  8.949500308001006
Solving snapshot 0 131
36
time in solving system 2.5966987739993783
time in solving system 0.14572704099919065
time in solving system 0.13006347500049742
concluded in  8.567372318000707
Solving snapshot 0 132
36
time in solving system 2.533628385001066
time in solving system 0.1573029190003581
time in solving system 0.13565980099883745
concluded in  8.441493436999735
Solving snapshot 0 133
36
time in solving system 2.6639448450005148
time in solving system 0.18937824400200043
time in solving system 0.16003308400104288
concluded in  8.898314031001064
Solving snapshot 0 134
36
time in solving system 2.4831593960007012
time in solving system 0.16803728199738543
time in solving system 0.1651503130015044
concluded in  8.57737378100137
Solving snapshot 0 135
36
time in solving system 4.012525073998404
time in solving system 0.16656985200097552
time in solving system 0.21555701800025417
concluded in  10.33926327700101
Solving snapshot 0 136
36
time in solving system 3.894047404999583
time in solving system 0.18907345999832614
time in solving system 0.2169217269984074
concluded in  9.789017318002152
Solving snapshot 0 137
36
time in solving system 3.523579962999065
time in solving system 0.2524375120010518
time in solving system 0.18132892699941294
concluded in  9.444941526999173
Solving snapshot 0 138
36
time in solving system 3.608760399001767
time in solving system 0.20065195400093216
time in solving system 0.2747220509991166
concluded in  9.119357403000322
Solving snapshot 0 139
36
time in solving system 3.166837733999273
time in solving system 0.33764470599999186
time in solving system 0.19267889299953822
concluded in  9.170110869999917
Solving snapshot 0 140
36
time in solving system 3.170130550999602
time in solving system 0.16077911199681694
time in solving system 0.16791004900005646
concluded in  8.68506056300248
Solving snapshot 0 141
36
time in solving system 4.408587351997994
time in solving system 0.1370600310001464
time in solving system 0.1291296740018879
concluded in  10.016330005997588
Solving snapshot 0 142
36
time in solving system 3.9039681230024144
time in solving system 0.23025101099847234
time in solving system 0.18265955400056555
concluded in  9.993465690000448
Solving snapshot 0 143
36
time in solving system 3.9406751089991303
time in solving system 0.14430768999955035
time in solving system 0.2331724950017815
concluded in  9.634019002998684
Solving snapshot 0 144
36
time in solving system 3.928906745000859
time in solving system 0.1602222260007693
time in solving system 0.1873784870003874
concluded in  9.571331404000375
Solving snapshot 0 145
36
time in solving system 3.9979755870008375
time in solving system 0.2379771650012117
time in solving system 0.28133068299939623
concluded in  9.73720746699837
Solving snapshot 0 146
36
time in solving system 2.935555263000424
time in solving system 0.1632627090002643
time in solving system 0.22498238700063666
concluded in  8.343667597000604
Solving snapshot 0 147
36
time in solving system 2.836162535000767
time in solving system 0.15545380500043393
time in solving system 0.17392663400096353
concluded in  8.56088912099949
Solving snapshot 0 148
36
time in solving system 3.1902642320019368
time in solving system 0.20313312800135463
time in solving system 0.16442330399877392
concluded in  9.046367724000447
Solving snapshot 0 149
36
time in solving system 2.9749254179987474
time in solving system 0.16171607400247012
time in solving system 0.12137844400058384
concluded in  8.030709185000887
Solving snapshot 0 150
36
time in solving system 2.995563647997187
time in solving system 0.21620776200143155
time in solving system 0.11997888300174964
concluded in  8.859948422999878
Solving snapshot 0 151
36
time in solving system 2.8802019899994775
time in solving system 0.21350459799941746
time in solving system 0.1790450750013406
concluded in  8.312666046000231
Solving snapshot 0 152
36
time in solving system 3.0648290130011446
time in solving system 0.13238495299810893
time in solving system 0.12361338800110389
concluded in  8.823377510001592
Solving snapshot 0 153
36
time in solving system 2.7195666740008164
time in solving system 0.17810842799735838
time in solving system 0.15056444400033797
concluded in  8.525639438998041
Solving snapshot 0 154
36
time in solving system 2.868240749998222
time in solving system 0.1613256040000124
time in solving system 0.17416098199828411
concluded in  8.846223010998074
Solving snapshot 0 155
36
time in solving system 2.738877976000367
time in solving system 0.20150139999896055
time in solving system 0.18290803999843774
concluded in  8.816982230000576
Solving snapshot 0 156
36
time in solving system 2.58917129999827
time in solving system 0.1726324109986308
time in solving system 0.1724716909993731
concluded in  8.517025642999215
Solving snapshot 0 157
36
time in solving system 2.6632600580014696
time in solving system 0.1756578599997738
time in solving system 0.1978466809996462
concluded in  8.653447021999455
Solving snapshot 0 158
36
time in solving system 2.5527103189997433
time in solving system 0.23391298899878166
time in solving system 0.35478521000186447
concluded in  8.789063530999556
Solving snapshot 0 159
36
time in solving system 2.3803933939998387
time in solving system 0.12908177399731358
time in solving system 0.1327481690022978
concluded in  7.59382197100058
Solving snapshot 0 160
36
time in solving system 2.440992825999274
time in solving system 0.13117272800081992
time in solving system 0.12190680300045642
concluded in  7.813223335000657
Solving snapshot 0 161
36
time in solving system 2.6451539709996723
time in solving system 0.14653991700106417
time in solving system 0.12020296899936511
concluded in  8.950984637998772
Solving snapshot 0 162
36
time in solving system 2.5118736990007164
time in solving system 0.15060814200114692
time in solving system 0.16263733199957642
concluded in  8.715059694997763
Solving snapshot 0 163
36
time in solving system 2.5879581320004945
time in solving system 0.228512255998794
time in solving system 0.3368942519991833
concluded in  8.870958370000153
Solving snapshot 0 164
36
time in solving system 2.618665897000028
time in solving system 0.2410687900010089
time in solving system 0.3306261630023073
concluded in  9.06170487199779
Solving snapshot 0 165
36
time in solving system 2.5526179489970673
time in solving system 0.144826761999866
time in solving system 0.12134314799914137
concluded in  7.699702925001475
Solving snapshot 0 166
36
time in solving system 2.3893252390007547
time in solving system 0.1479959370008146
time in solving system 0.17146520800088183
concluded in  8.430904075998114
Solving snapshot 0 167
36
time in solving system 2.4714610279988847
time in solving system 0.13095341400185134
time in solving system 0.1216876010003034
concluded in  7.85553603399967
Solving snapshot 0 168
36
time in solving system 2.474514512003225
time in solving system 0.13991127900226275
time in solving system 0.13000057200042647
concluded in  8.628401080000913
Solving snapshot 0 169
36
time in solving system 2.4185534739990544
time in solving system 0.13766119700085255
time in solving system 0.12972904999696766
concluded in  8.837462244999188
Solving snapshot 0 170
36
time in solving system 2.4283689859985316
time in solving system 0.13878865399965434
time in solving system 0.1347315310013073
concluded in  9.504732334997243
Solving snapshot 0 171
36
time in solving system 2.627462396998453
time in solving system 0.1626735319987347
time in solving system 0.13957398599814042
concluded in  8.86714691599991
Solving snapshot 0 172
36
time in solving system 2.4716513239982305
time in solving system 0.1580385870001919
time in solving system 0.1501555550021294
concluded in  8.867338749998453
Solving snapshot 0 173
36
time in solving system 2.779408616002911
time in solving system 0.16412893600136158
time in solving system 0.17094196600010036
concluded in  9.223608836000494
Solving snapshot 0 174
36
time in solving system 2.9657198729983065
time in solving system 0.12872543800040148
time in solving system 0.12112101200182224
concluded in  8.978286851997836
Solving snapshot 0 175
36
time in solving system 3.2813459990029514
time in solving system 0.15634384200166096
time in solving system 0.1451815060027002
concluded in  8.840769843001908
Solving snapshot 0 176
36
time in solving system 3.304720575000829
time in solving system 0.2134722589980811
time in solving system 0.21817878499859944
concluded in  9.253491556999506
Solving snapshot 0 177
36
time in solving system 3.118399725000927
time in solving system 0.26025367499823915
time in solving system 0.18183512700124993
concluded in  8.450480446001166
Solving snapshot 0 178
36
time in solving system 3.41439085300226
time in solving system 0.2441934240014234
time in solving system 0.27685737299907487
concluded in  9.118019487999845
Solving snapshot 0 179
36
time in solving system 2.8234321210002236
time in solving system 0.19826140900113387
time in solving system 0.21455587400123477
concluded in  8.217404481998528
Solving snapshot 0 180
36
time in solving system 2.7666228950001823
time in solving system 0.15950272100235452
time in solving system 0.14741596399835544
concluded in  8.65587560700078
Solving snapshot 0 181
36
time in solving system 2.9371295509990887
time in solving system 0.16333429000223987
time in solving system 0.12177712099946802
concluded in  8.430702830002701
Solving snapshot 0 182
36
time in solving system 3.6051532210003643
time in solving system 0.1648405689993524
time in solving system 0.2556186510009866
concluded in  9.30701706200125
Solving snapshot 0 183
36
time in solving system 3.3138105620018905
time in solving system 0.20746733299893094
time in solving system 0.20700152900099056
concluded in  9.176221779998741
Solving snapshot 0 184
36
time in solving system 2.967463602999487
time in solving system 0.1677963619986258
time in solving system 0.15271420999852126
concluded in  8.464882474003389
Solving snapshot 0 185
36
time in solving system 3.3946809580011177
time in solving system 0.21756605699920328
time in solving system 0.16341409800224937
concluded in  9.163302927998302
Solving snapshot 0 186
36
time in solving system 3.5884954609973647
time in solving system 0.24892551700031618
time in solving system 0.22707553500003996
concluded in  9.5167539139984
Solving snapshot 0 187
36
time in solving system 3.811261151000508
time in solving system 0.17651911500070128
time in solving system 0.17667944099957822
concluded in  9.236084030999336
Solving snapshot 0 188
36
time in solving system 3.240690779999568
time in solving system 0.16692460799822584
time in solving system 0.21183878300143988
concluded in  9.198340921000636
Solving snapshot 0 189
36
time in solving system 2.905296102999273
time in solving system 0.15874644900031853
time in solving system 0.17728983399865683
concluded in  8.843881017997774
Solving snapshot 0 190
36
time in solving system 3.711012995998317
time in solving system 0.2385795770023833
time in solving system 0.1939879950004979
concluded in  9.528712308001559
Solving snapshot 0 191
36
time in solving system 3.6447714639980404
time in solving system 0.19158521100325743
time in solving system 0.17626064399883035
concluded in  9.200046300000395
Solving snapshot 0 192
36
time in solving system 3.992183261001628
time in solving system 0.23722496299888007
time in solving system 0.16126021400123136
concluded in  10.1273764510006
Solving snapshot 0 193
36
time in solving system 3.7911989400017774
time in solving system 0.2159145189980336
time in solving system 0.19912655799998902
concluded in  9.494820192001498
Solving snapshot 0 194
36
time in solving system 3.817852907002816
time in solving system 0.19326761499905842
time in solving system 0.2139254620014981
concluded in  9.80938953200166
Solving snapshot 0 195
36
time in solving system 4.243039553002745
time in solving system 0.15248378999967827
time in solving system 0.23633316300038132
concluded in  10.323240511999757
Solving snapshot 0 196
36
time in solving system 4.096449066997593
time in solving system 0.21751024699915433
time in solving system 0.14029781900171656
concluded in  9.515820808999706
Solving snapshot 0 197
36
time in solving system 4.3106906719986
time in solving system 0.1595419849982136
time in solving system 0.12098190699907718
concluded in  9.687643609999213
Solving snapshot 0 198
36
time in solving system 3.917377835001389
time in solving system 0.15223626600345597
time in solving system 0.12485258300148416
concluded in  9.86655087300096
Solving snapshot 0 199
36
time in solving system 3.721062313001312
time in solving system 0.19957575199805433
time in solving system 0.141360818000976
concluded in  8.882960473998537
Solving snapshot 0 200
36
time in solving system 3.482730553998408
time in solving system 0.24004877200059127
time in solving system 0.17847359999723267
concluded in  9.214171957999497
Solving snapshot 0 201
36
time in solving system 3.5359157610000693
time in solving system 0.15889771799993468
time in solving system 0.22954912099885405
concluded in  8.8246764659998
Solving snapshot 0 202
36
time in solving system 4.076313432000461
time in solving system 0.1941584519991011
time in solving system 0.16053394700065837
concluded in  9.601227163999283
Solving snapshot 0 203
36
time in solving system 4.047873244002403
time in solving system 0.18662815200150362
time in solving system 0.21962505899864482
concluded in  9.894486859000608
Solving snapshot 0 204
36
time in solving system 4.0683511160023045
time in solving system 0.1759204599984514
time in solving system 0.12247007800033316
concluded in  9.273416782001732
Solving snapshot 0 205
36
time in solving system 4.072789475998434
time in solving system 0.14900041299915756
time in solving system 0.12867195199942216
concluded in  9.889667785999336
Solving snapshot 0 206
36
time in solving system 3.861697156000446
time in solving system 0.1394622090010671
time in solving system 0.1298960790009005
concluded in  9.539973689999897
Solving snapshot 0 207
36
time in solving system 4.0274892230008845
time in solving system 0.19577320700045675
time in solving system 0.15809961999912048
concluded in  9.250283252000372
Solving snapshot 0 208
36
time in solving system 3.5324890539995977
time in solving system 0.16417697300130385
time in solving system 0.3034881610001321
concluded in  9.000115865001135
Solving snapshot 0 209
36
time in solving system 3.6184989559988026
time in solving system 0.21217537999837077
time in solving system 0.2460719369992148
concluded in  9.593502643998363
Solving snapshot 0 210
36
time in solving system 4.295404928998323
time in solving system 0.19745358699947246
time in solving system 0.2369352150017221
concluded in  9.615968512996915
Solving snapshot 0 211
36
time in solving system 4.259090166000533
time in solving system 0.1630054460001702
time in solving system 0.2195917360004387
concluded in  10.097153996997804
Solving snapshot 0 212
36
time in solving system 3.897387165998225
time in solving system 0.16301198400105932
time in solving system 0.12689836799836485
concluded in  9.498411628999747
Solving snapshot 0 213
36
time in solving system 4.744876949000172
time in solving system 0.18354143900069175
time in solving system 0.22740579299716046
concluded in  10.576489842998853
Solving snapshot 0 214
36
time in solving system 4.087565650002944
time in solving system 0.2620201639983861
time in solving system 0.21686981699895114
concluded in  9.496392238001135
Solving snapshot 0 215
36
time in solving system 3.8133068939969235
time in solving system 0.17359464399851277
time in solving system 0.14662448899980518
concluded in  9.065395643996453
Solving snapshot 0 216
36
time in solving system 3.9116364039982727
time in solving system 0.1635234519999358
time in solving system 0.1605792599984852
concluded in  9.31981389500288
Solving snapshot 0 217
36
time in solving system 3.961794306000229
time in solving system 0.20770196200101054
time in solving system 0.1917634060009732
concluded in  9.466076049997355
Solving snapshot 0 218
36
time in solving system 3.813066673999856
time in solving system 0.2820984520003549
time in solving system 0.2838076770021871
concluded in  9.48918309900182
Solving snapshot 0 219
36
time in solving system 3.7247402900029556
time in solving system 0.27474733499911963
time in solving system 0.1903578590026882
concluded in  9.60131780699885
Solving snapshot 0 220
36
time in solving system 3.7802871910025715
time in solving system 0.2285028810001677
time in solving system 0.23558297499766923
concluded in  9.814469861001271
Solving snapshot 0 221
36
time in solving system 3.410219507997681
time in solving system 0.22437945599813247
time in solving system 0.22937246099900221
concluded in  8.820505132000108
Solving snapshot 0 222
36
time in solving system 3.674014755000826
time in solving system 0.20210256199789
time in solving system 0.33042949700029567
concluded in  9.722587591000774
Solving snapshot 0 223
36
time in solving system 4.437757300998783
time in solving system 0.25606356099888217
time in solving system 0.20502681100333575
concluded in  10.324270366996643
Solving snapshot 0 224
36
time in solving system 3.7605862810014514
time in solving system 0.2615645050027524
time in solving system 0.21729600899925572
concluded in  9.295395345998259
Solving snapshot 0 225
36
time in solving system 4.081355952999729
time in solving system 0.18011023899816792
time in solving system 0.15369149799880688
concluded in  9.776276723998308
Solving snapshot 0 226
36
time in solving system 3.8181391229991277
time in solving system 0.20323389900295297
time in solving system 0.18237393699746463
concluded in  9.038853414000187
Solving snapshot 0 227
36
time in solving system 4.414346818997728
time in solving system 0.18050850899817306
time in solving system 0.1510970039998938
concluded in  10.146016274997237
Solving snapshot 0 228
36
time in solving system 3.7647427070005506
time in solving system 0.24460286899920902
time in solving system 0.22442484500061255
concluded in  9.539480135001213
Solving snapshot 0 229
36
time in solving system 3.4512329299977864
time in solving system 0.16431146399918362
time in solving system 0.1779061740016914
concluded in  9.443600194997998
Solving snapshot 0 230
36
time in solving system 3.0211796350013174
time in solving system 0.17304661699745338
time in solving system 0.17308239200065145
concluded in  8.340760243998375
Solving snapshot 0 231
36
time in solving system 4.473029954002413
time in solving system 0.2238429709977936
time in solving system 0.13731535600163625
concluded in  10.299739711001166
Solving snapshot 0 232
36
time in solving system 4.095419248998951
time in solving system 0.23296043099981034
time in solving system 0.14073635000022477
concluded in  9.8608331180003
Solving snapshot 0 233
36
time in solving system 3.792370903000119
time in solving system 0.1396578829990176
time in solving system 0.15129140100179939
concluded in  9.558376198998303
Solving snapshot 0 234
36
time in solving system 3.8696710990006977
time in solving system 0.1764962880006351
time in solving system 0.22605940599896712
concluded in  9.249666307998268
Solving snapshot 0 235
36
time in solving system 4.014066882002226
time in solving system 0.23342916699766647
time in solving system 0.23929121099718031
concluded in  9.853778446002252
Solving snapshot 0 236
36
time in solving system 4.0639437879981415
time in solving system 0.2146114099996339
time in solving system 0.1278774099992006
concluded in  9.648841845999414
Solving snapshot 0 237
36
time in solving system 4.083837665999454
time in solving system 0.25660607700046967
time in solving system 0.1738015759983682
concluded in  9.479181372000312
Solving snapshot 0 238
36
time in solving system 4.356139168001391
time in solving system 0.21667885799979558
time in solving system 0.14778224799738382
concluded in  9.627606163001474
Solving snapshot 0 239
36
time in solving system 3.6855660080000234
time in solving system 0.17480490500020096
time in solving system 0.25409804599985364
concluded in  9.1744500599998
Solving snapshot 0 240
36
time in solving system 3.3318596450008044
time in solving system 0.20183552899834467
time in solving system 0.2776856669988774
concluded in  8.966672218000895
Solving snapshot 0 241
36
time in solving system 3.318926781998016
time in solving system 0.18595821299823
time in solving system 0.23499592499865685
concluded in  8.704589998000301
Solving snapshot 0 242
36
time in solving system 3.269766769000853
time in solving system 0.13640843499888433
time in solving system 0.1337934690018301
concluded in  8.961277915997925
Solving snapshot 0 243
36
time in solving system 3.749680641998566
time in solving system 0.16504174299916485
time in solving system 0.22581831999923452
concluded in  9.666309256001114
Solving snapshot 0 244
36
time in solving system 4.022416405998229
time in solving system 0.18915280800138135
time in solving system 0.16943050400004722
concluded in  9.344148713000322
Solving snapshot 0 245
36
time in solving system 3.5480442280022544
time in solving system 0.26736163899840903
time in solving system 0.21150388599926373
concluded in  9.420077363000019
Solving snapshot 0 246
36
time in solving system 3.213455070999771
time in solving system 0.2018132980010705
time in solving system 0.1874509629997192
concluded in  8.64729210799851
Solving snapshot 0 247
36
time in solving system 3.0423193909991824
time in solving system 0.1704149379984301
time in solving system 0.19977365999875474
concluded in  8.443944507002016
Solving snapshot 0 248
36
time in solving system 2.9823749360002694
time in solving system 0.27891901600014535
time in solving system 0.16846703500050353
concluded in  8.559700234996853
Solving snapshot 0 249
36
time in solving system 3.2128196169978764
time in solving system 0.18703947700123535
time in solving system 0.17444481999700656
concluded in  9.172267372003262
Solving snapshot 0 250
36
time in solving system 3.8628411419995246
time in solving system 0.16920278299949132
time in solving system 0.1845878320018528
concluded in  9.680902256997797
Solving snapshot 0 251
36
time in solving system 3.426005254001211
time in solving system 0.16489342999921064
time in solving system 0.2009454020007979
concluded in  8.888984114997584
Solving snapshot 0 252
36
time in solving system 3.736979779001558
time in solving system 0.22923557199828792
time in solving system 0.17176871400079108
concluded in  9.229873746000521
Solving snapshot 0 253
36
time in solving system 3.680608343998756
time in solving system 0.2460272040007112
time in solving system 0.2877320210027392
concluded in  9.647855676998006
Solving snapshot 0 254
36
time in solving system 3.539520393998828
time in solving system 0.21116947599875857
time in solving system 0.2139872000007017
concluded in  9.046117715002765
Solving snapshot 0 255
36
time in solving system 3.1004151810011535
time in solving system 0.2913296619990433
time in solving system 0.20270682200134615
concluded in  8.72633459500139
Solving snapshot 0 256
36
time in solving system 2.6222847509998246
time in solving system 0.19243534300039755
time in solving system 0.16806102500049747
concluded in  8.029081343000144
Solving snapshot 0 257
36
time in solving system 2.383135634001519
time in solving system 0.13086094499885803
time in solving system 0.12152943299952312
concluded in  7.703242622999824
Solving snapshot 0 258
36
time in solving system 2.5399920449999627
time in solving system 0.15873516499777907
time in solving system 0.16365559300174937
concluded in  8.242562792998797
Solving snapshot 0 259
36
time in solving system 3.3503673560007883
time in solving system 0.18758499899922754
time in solving system 0.26124798900127644
concluded in  9.56954235000012
Solving snapshot 0 260
36
time in solving system 2.9795388400016236
time in solving system 0.2031873000014457
time in solving system 0.2533492490001663
concluded in  8.614492348999192
Solving snapshot 0 261
36
time in solving system 2.3215542349971656
time in solving system 0.14473442900271039
time in solving system 0.15886335500181303
concluded in  7.609128760999738
Solving snapshot 0 262
36
time in solving system 2.4090301359974546
time in solving system 0.15549433399792179
time in solving system 0.17578442800004268
concluded in  8.36289754900281
Solving snapshot 0 263
36
time in solving system 2.6477654459995392
time in solving system 0.17660340899965377
time in solving system 0.20882429999983287
concluded in  8.711438952999742
Solving snapshot 0 264
36
time in solving system 2.855117324997991
time in solving system 0.2169752170011634
time in solving system 0.16568899599951692
concluded in  8.856579231996875
Solving snapshot 0 265
36
time in solving system 2.632232837997435
time in solving system 0.15017362000071444
time in solving system 0.14969249500063597
concluded in  8.075346345998696
Solving snapshot 0 266
36
time in solving system 2.6020355740001833
time in solving system 0.15683088399964618
time in solving system 0.2358502179995412
concluded in  8.858290584001224
Solving snapshot 0 267
36
time in solving system 2.540544139999838
time in solving system 0.15195801599838887
time in solving system 0.16348504399866215
concluded in  7.932456043999991
Solving snapshot 0 268
36
time in solving system 2.588753412997903
time in solving system 0.15137425700231688
time in solving system 0.13819913899715175
concluded in  8.078201670999988
Solving snapshot 0 269
36
time in solving system 2.9302890810031386
time in solving system 0.19644590499956394
time in solving system 0.15277911800149013
concluded in  9.075753269997222
Solving snapshot 0 270
36
time in solving system 2.795362606000708
time in solving system 0.19482106199939153
time in solving system 0.1841385750012705
concluded in  8.438654960998974
Solving snapshot 0 271
36
time in solving system 3.273819727000955
time in solving system 0.37908354099999997
time in solving system 0.24375644700194243
concluded in  9.518303992001165
Solving snapshot 0 272
36
time in solving system 3.1121444220007106
time in solving system 0.24025065900059417
time in solving system 0.26289616099893465
concluded in  9.34260219800126
Solving snapshot 0 273
36
time in solving system 3.8034323200008657
time in solving system 0.15803207499993732
time in solving system 0.25402207799925236
concluded in  9.615034264003043
Solving snapshot 0 274
36
time in solving system 4.057616912003141
time in solving system 0.1823609339990071
time in solving system 0.17493927000032272
concluded in  9.818948730000557
Solving snapshot 0 275
36
time in solving system 3.9587770830003137
time in solving system 0.1974513979985204
time in solving system 0.21943848099908791
concluded in  9.688717629000166
Solving snapshot 0 276
36
time in solving system 4.012578751000547
time in solving system 0.2521713509995607
time in solving system 0.1765118840012292
concluded in  9.400069694002013
Solving snapshot 0 277
36
time in solving system 3.8933377739995194
time in solving system 0.21074841899826424
time in solving system 0.18854708999788272
concluded in  9.61705412000083
Solving snapshot 0 278
36
time in solving system 4.449636509998527
time in solving system 0.15137546900223242
time in solving system 0.12921453000308247
concluded in  9.669269026999245
Solving snapshot 0 279
36
time in solving system 4.353430267998192
time in solving system 0.15077247099907254
time in solving system 0.18309502999909455
concluded in  9.598366682999767
Solving snapshot 0 280
36
time in solving system 3.748438824000914
time in solving system 0.2850234620018455
time in solving system 0.25088260600023204
concluded in  9.272206974001165
Solving snapshot 0 281
36
time in solving system 3.590573983001377
time in solving system 0.19878722300200025
time in solving system 0.1608374190000177
concluded in  8.938745707000635
Solving snapshot 0 282
36
time in solving system 3.217846773997735
time in solving system 0.1977631490008207
time in solving system 0.3363285539999197
concluded in  9.198833417998685
Solving snapshot 0 283
36
time in solving system 2.827945474000444
time in solving system 0.1616646900001797
time in solving system 0.16577964500174858
concluded in  8.29501372699815
Solving snapshot 0 284
36
time in solving system 3.6638439189991914
time in solving system 0.23192015899985563
time in solving system 0.2692596369997773
concluded in  9.497263564000605
Solving snapshot 0 285
36
time in solving system 3.596354440000141
time in solving system 0.16327467700102716
time in solving system 0.1975412249994406
concluded in  9.259483793000982
Solving snapshot 0 286
36
time in solving system 3.6902522399977897
time in solving system 0.16524100300011924
time in solving system 0.16480344000228797
concluded in  8.967008195002563
Solving snapshot 0 287
36
time in solving system 3.8764005480006745
time in solving system 0.2099113540025428
time in solving system 0.26577887600069516
concluded in  9.292763552999531
Solving snapshot 0 288
36
time in solving system 3.122943115999078
time in solving system 0.17467129700162332
time in solving system 0.2434860569992452
concluded in  8.568880314000126
Solving snapshot 0 289
36
time in solving system 3.6423824500016053
time in solving system 0.30487402400103747
time in solving system 0.29061880500012194
concluded in  9.532419498002128
Solving snapshot 0 290
36
time in solving system 3.0890405269965413
time in solving system 0.18799318699893774
time in solving system 0.2744284559994412
concluded in  8.572068573001161
Solving snapshot 0 291
36
time in solving system 2.840432252000028
time in solving system 0.2219646589983313
time in solving system 0.1311304619994189
concluded in  8.190507193001395
Solving snapshot 0 292
36
time in solving system 3.2617601420024585
time in solving system 0.2716839790009544
time in solving system 0.19220396899982006
concluded in  9.306809359997715
Solving snapshot 0 293
36
time in solving system 4.089763052001217
time in solving system 0.14901331900182413
time in solving system 0.17273928900249302
concluded in  9.662873659999605
Solving snapshot 0 294
36
time in solving system 4.220641553001769
time in solving system 0.20105716599937296
time in solving system 0.13826093999887235
concluded in  9.875305880999804
Solving snapshot 0 295
36
time in solving system 3.976839489998383
time in solving system 0.2472565019998001
time in solving system 0.13814637299947208
concluded in  9.731106538001768
Solving snapshot 0 296
36
time in solving system 3.9473275230011495
time in solving system 0.14398895099657238
time in solving system 0.13898444899677997
concluded in  9.373151029998553
Solving snapshot 0 297
36
time in solving system 3.7193335899974045
time in solving system 0.22774226299952716
time in solving system 0.1975209839984018
concluded in  9.138154717998987
Solving snapshot 0 298
36
time in solving system 3.5556128499993065
time in solving system 0.1455247119993146
time in solving system 0.1417235980006808
concluded in  8.69412341199859
Solving snapshot 0 299
36
time in solving system 3.5339657410004293
time in solving system 0.1329105309996521
time in solving system 0.15744551299940213
concluded in  8.709285218999867
[]
Not completed: []
