Solving not completed simulation: 0-th chance
Solving snapshot 0 0
36
time in solving system 1.6295406930003082
time in solving system 0.09725272200012114
time in solving system 0.08810963499854552
concluded in  4.142455236004025
Solving snapshot 0 1
36
time in solving system 1.4805965380000998
time in solving system 0.09664329000224825
time in solving system 0.08614678199955961
concluded in  4.130675006999809
Solving snapshot 0 2
36
time in solving system 1.457655442005489
time in solving system 0.09806532099901233
time in solving system 0.08361602399963886
concluded in  4.058704329996544
Solving snapshot 0 3
36
time in solving system 1.6097496170041268
time in solving system 0.09513383099692874
time in solving system 0.08566575399891008
concluded in  4.2919121559971245
Solving snapshot 0 4
36
time in solving system 1.5679157490012585
time in solving system 0.09561728999688057
time in solving system 0.08403571500093676
concluded in  4.226028413999302
Solving snapshot 0 5
36
time in solving system 1.5417264350035111
time in solving system 0.09549307799898088
time in solving system 0.08493995400203858
concluded in  4.046221261996834
Solving snapshot 0 6
36
time in solving system 1.891345611998986
time in solving system 0.0985739210009342
time in solving system 0.1049349489985616
concluded in  4.608893589997024
Solving snapshot 0 7
36
time in solving system 1.880440800996439
time in solving system 0.10230678699736018
time in solving system 0.0961205540006631
concluded in  4.538320783998643
Solving snapshot 0 8
36
time in solving system 1.7515551030010101
time in solving system 0.10687385600613197
time in solving system 0.10375242000009166
concluded in  4.52264487100183
Solving snapshot 0 9
36
time in solving system 1.5980018180052866
time in solving system 0.09573852999892551
time in solving system 0.08473355299793184
concluded in  4.142736671004968
Solving snapshot 0 10
36
time in solving system 3.1314744429982966
time in solving system 0.16450945399992634
time in solving system 0.11777929700474488
concluded in  6.388894978997996
Solving snapshot 0 11
36
time in solving system 1.7138243590015918
time in solving system 0.1074081459955778
time in solving system 0.08493343699956313
concluded in  4.328458307005349
Solving snapshot 0 12
36
time in solving system 1.6581107820020407
time in solving system 0.09514167500310577
time in solving system 0.08820020600251155
concluded in  4.38722019099805
Solving snapshot 0 13
36
time in solving system 1.575767590002215
time in solving system 0.10252789499645587
time in solving system 0.08375112200155854
concluded in  4.129342786996858
Solving snapshot 0 14
36
time in solving system 1.6847684270032914
time in solving system 0.10103652999532642
time in solving system 0.08994727900426369
concluded in  4.475110150000546
Solving snapshot 0 15
36
time in solving system 4.084204996004701
time in solving system 0.12012207500083605
time in solving system 0.14811806199577404
concluded in  6.909463905001758
Solving snapshot 0 16
36
time in solving system 2.499790072994074
time in solving system 0.12108023000473622
time in solving system 0.09590329600177938
concluded in  8.031029065998155
Solving snapshot 0 17
36
time in solving system 2.7534769369958667
time in solving system 0.11676778900437057
time in solving system 0.11059568200289505
concluded in  8.217552406000323
Solving snapshot 0 18
36
time in solving system 4.1005055510031525
time in solving system 0.10861403700255323
time in solving system 0.11486712400073884
concluded in  9.687851631999365
Solving snapshot 0 19
36
time in solving system 3.245553134001966
time in solving system 0.10273790000064764
time in solving system 0.10697751900443109
concluded in  8.102447739998752
Solving snapshot 0 20
36
time in solving system 5.238414856001327
time in solving system 0.1254802510011359
time in solving system 0.1261011220049113
concluded in  12.958548378999694
Solving snapshot 0 21
36
time in solving system 4.576230972001213
time in solving system 0.26560567900014576
time in solving system 0.2614055859958171
concluded in  10.838792757000192
Solving snapshot 0 22
36
time in solving system 2.317170845999499
time in solving system 0.1060638540002401
time in solving system 0.10130637999827741
concluded in  5.8666587519983295
Solving snapshot 0 23
36
time in solving system 2.158310293001705
time in solving system 0.11653073300112737
time in solving system 0.12067312100407435
concluded in  7.1384797130012885
Solving snapshot 0 24
36
time in solving system 2.0311420849975548
time in solving system 0.10900299600325525
time in solving system 0.12004299599357182
concluded in  6.082189355001901
Solving snapshot 0 25
36
time in solving system 2.997522507997928
time in solving system 0.11023572900012368
time in solving system 0.10596169999917038
concluded in  7.511714230997313
Solving snapshot 0 26
36
time in solving system 2.36008246900019
time in solving system 0.1048030399979325
time in solving system 0.10375719400326489
concluded in  7.807918587001041
Solving snapshot 0 27
36
time in solving system 4.472893076999753
time in solving system 0.10950587300612824
time in solving system 0.1023640979983611
concluded in  10.46419550000428
Solving snapshot 0 28
36
time in solving system 5.552090347999183
time in solving system 0.42518352800107095
time in solving system 0.44553405399346957
concluded in  12.720042126005865
Solving snapshot 0 29
36
time in solving system 4.603458237004816
time in solving system 0.42590902899974026
time in solving system 0.37590697599807754
concluded in  9.571845608996227
Solving snapshot 0 30
36
time in solving system 4.944223712998792
time in solving system 0.28100204799557105
time in solving system 0.37549528399540577
concluded in  9.824769801001821
Solving snapshot 0 31
36
time in solving system 3.918485326998052
time in solving system 0.280285239998193
time in solving system 0.31390333300078055
concluded in  8.255625951998809
Solving snapshot 0 32
36
time in solving system 4.268563755002106
time in solving system 0.17906297200534027
time in solving system 0.11453886199888075
concluded in  8.748907927998516
Solving snapshot 0 33
36
time in solving system 4.128743618995941
time in solving system 0.1192362410001806
time in solving system 0.1438170830006129
concluded in  8.811242530995514
Solving snapshot 0 34
36
time in solving system 3.433611109001504
time in solving system 0.1103582989962888
time in solving system 0.12753617799899075
concluded in  8.735727860002953
Solving snapshot 0 35
36
time in solving system 2.6218518580062664
time in solving system 0.11095494800247252
time in solving system 0.1408980359992711
concluded in  8.503453848003119
Solving snapshot 0 36
36
time in solving system 5.531060122004419
time in solving system 0.11792440400313353
time in solving system 0.10891629500110867
concluded in  11.296282893003081
Solving snapshot 0 37
36
time in solving system 3.546569764999731
time in solving system 0.12447448600141797
time in solving system 0.1655425950011704
concluded in  9.608362496001064
Solving snapshot 0 38
36
time in solving system 4.900038946994755
time in solving system 0.11569995599711547
time in solving system 0.11134578099881765
concluded in  9.738942333999148
Solving snapshot 0 39
36
time in solving system 3.1939633450019755
time in solving system 0.23863542600156507
time in solving system 0.24265656300121918
concluded in  7.588818614000047
Solving snapshot 0 40
36
time in solving system 4.666787665999436
time in solving system 0.12102157800109126
time in solving system 0.11062702799972612
concluded in  8.143469004004146
Solving snapshot 0 41
36
time in solving system 3.1973571279959287
time in solving system 0.11592489999748068
time in solving system 0.12047162000089884
concluded in  6.955590220000886
Solving snapshot 0 42
36
time in solving system 3.489447771004052
time in solving system 0.1334310610036482
time in solving system 0.11394934599957196
concluded in  7.806829405999451
Solving snapshot 0 43
36
time in solving system 5.296677935999469
time in solving system 0.12156946799950674
time in solving system 0.11027402299805544
concluded in  10.815451393995318
Solving snapshot 0 44
36
time in solving system 6.338365676005196
time in solving system 0.11157751100108726
time in solving system 0.10638950499560451
concluded in  11.636248385999352
Solving snapshot 0 45
36
time in solving system 4.7457011329970555
time in solving system 0.12403776800056221
time in solving system 0.1353466990040033
concluded in  10.584847790996719
Solving snapshot 0 46
36
time in solving system 5.133182969002519
time in solving system 0.14927111499855528
time in solving system 0.131742690995452
concluded in  11.55815526600054
Solving snapshot 0 47
36
time in solving system 3.4270339169961517
time in solving system 0.10918865200073924
time in solving system 0.10749778699391754
concluded in  8.95999170000141
Solving snapshot 0 48
36
time in solving system 4.458898452998255
time in solving system 0.14651237699581543
time in solving system 0.14040330500574782
concluded in  9.025413233001018
Solving snapshot 0 49
36
time in solving system 2.764852134998364
time in solving system 0.11417094100033864
time in solving system 0.10883653999917442
concluded in  8.150891033001244
Solving snapshot 0 50
36
time in solving system 3.390731383005914
time in solving system 0.10481822199653834
time in solving system 0.10518060599861201
concluded in  9.266689103002136
Solving snapshot 0 51
36
time in solving system 3.6861729489974095
time in solving system 0.1109220889993594
time in solving system 0.10355526900093537
concluded in  9.229442748997826
Solving snapshot 0 52
36
time in solving system 3.796065706999798
time in solving system 0.17096395299449796
time in solving system 0.22707272700063186
concluded in  10.237132930997177
Solving snapshot 0 53
36
time in solving system 2.11269662000268
time in solving system 0.10574973100301577
time in solving system 0.10489386699919123
concluded in  6.628289298998425
Solving snapshot 0 54
36
time in solving system 2.6091198369977064
time in solving system 0.11156501700315857
time in solving system 0.10267813799873693
concluded in  7.518708609997702
Solving snapshot 0 55
36
time in solving system 2.0468529509962536
time in solving system 0.10471395399508765
time in solving system 0.11574636000295868
concluded in  7.195920127996942
Solving snapshot 0 56
36
time in solving system 2.260223375997157
time in solving system 0.11106298000231618
time in solving system 0.18763160800153855
concluded in  7.4674306029992294
Solving snapshot 0 57
36
time in solving system 2.2523491750034736
time in solving system 0.10984876200382132
time in solving system 0.11080540900002234
concluded in  7.276696139997512
Solving snapshot 0 58
36
time in solving system 2.0829239090016927
time in solving system 0.12109260500437813
time in solving system 0.11325027600105386
concluded in  6.7200903379998636
Solving snapshot 0 59
36
time in solving system 2.330512489999819
time in solving system 0.11112976500589866
time in solving system 0.10458810799900675
concluded in  7.945650570996804
Solving snapshot 0 60
36
time in solving system 4.373479423004028
time in solving system 0.25168308400316164
time in solving system 0.3557459190051304
concluded in  12.088639412999328
Solving snapshot 0 61
36
time in solving system 3.3731316949997563
time in solving system 0.278697296998871
time in solving system 0.32648336000420386
concluded in  8.284785208998073
Solving snapshot 0 62
36
time in solving system 3.238497890997678
time in solving system 0.24107730700052343
time in solving system 0.2356687459978275
concluded in  7.644111735993647
Solving snapshot 0 63
36
time in solving system 4.6910991620025015
time in solving system 0.2564439540001331
time in solving system 0.29886717299814336
concluded in  8.78370455300319
Solving snapshot 0 64
36
time in solving system 3.012348629999906
time in solving system 0.23298345399962272
time in solving system 0.2756210439983988
concluded in  6.690719001999241
Solving snapshot 0 65
36
time in solving system 2.963246674997208
time in solving system 0.1234314009998343
time in solving system 0.1097544289950747
concluded in  6.360687827997026
Solving snapshot 0 66
36
time in solving system 3.8493120509956498
time in solving system 0.11855422300141072
time in solving system 0.1793895579976379
concluded in  7.364856054999109
Solving snapshot 0 67
36
time in solving system 2.977497919004236
time in solving system 0.11656187500193482
time in solving system 0.11480584499804536
concluded in  6.346994864004955
Solving snapshot 0 68
36
time in solving system 3.243281825001759
time in solving system 0.11944788799883099
time in solving system 0.17975456100248266
concluded in  7.1366334529957385
Solving snapshot 0 69
36
time in solving system 3.6341753730011987
time in solving system 0.111886496997613
time in solving system 0.10483777499757707
concluded in  8.330287595003028
Solving snapshot 0 70
36
time in solving system 3.0878383980016224
time in solving system 0.1359603680029977
time in solving system 0.10837922200153116
concluded in  7.877149614003429
Solving snapshot 0 71
36
time in solving system 3.1168875849980395
time in solving system 0.12143577499955427
time in solving system 0.11592175599798793
concluded in  8.037383757000498
Solving snapshot 0 72
36
time in solving system 4.169875667997985
time in solving system 0.13791102999675786
time in solving system 0.10009741999965627
concluded in  9.143819110002369
Solving snapshot 0 73
36
time in solving system 2.326750346001063
time in solving system 0.11475598100514617
time in solving system 0.12836166299530305
concluded in  7.015581779000058
Solving snapshot 0 74
36
time in solving system 4.181400198998745
time in solving system 0.3292935490026139
time in solving system 0.4724040729997796
concluded in  9.071190854003362
Solving snapshot 0 75
36
time in solving system 5.691987844998948
time in solving system 0.20129815400287043
time in solving system 0.13988178999716183
concluded in  9.786724555000546
Solving snapshot 0 76
36
time in solving system 5.371396182999888
time in solving system 0.3005371760009439
time in solving system 0.26543743399815867
concluded in  10.21053629800008
Solving snapshot 0 77
36
time in solving system 4.958675679998123
time in solving system 0.20253849699656712
time in solving system 0.2099144769963459
concluded in  9.777056117993197
Solving snapshot 0 78
36
time in solving system 5.455791672997293
time in solving system 0.1747734830059926
time in solving system 0.13647227299952647
concluded in  9.954448502998275
Solving snapshot 0 79
36
time in solving system 4.62357239099947
time in solving system 0.19012459999794373
time in solving system 0.13640049599780468
concluded in  8.698331929001142
Solving snapshot 0 80
36
time in solving system 4.171694966003997
time in solving system 0.20409080700483173
time in solving system 0.28288818100554636
concluded in  9.38457854000444
Solving snapshot 0 81
36
time in solving system 4.532112626002345
time in solving system 0.18047289500100305
time in solving system 0.15754436099814484
concluded in  8.091802711998753
Solving snapshot 0 82
36
time in solving system 3.566033333998348
time in solving system 0.18408049499703338
time in solving system 0.13551750499755144
concluded in  7.31448029600142
Solving snapshot 0 83
36
time in solving system 4.608434879002743
time in solving system 0.24111776700010523
time in solving system 0.185094904001744
concluded in  8.792503170006967
Solving snapshot 0 84
36
time in solving system 3.6774966689990833
time in solving system 0.22342327100341208
time in solving system 0.107442902000912
concluded in  8.095058794999204
Solving snapshot 0 85
36
time in solving system 3.065907597003388
time in solving system 0.12045560299884528
time in solving system 0.1322425820035278
concluded in  7.043459970002004
Solving snapshot 0 86
36
time in solving system 3.570381069002906
time in solving system 0.10481283300032374
time in solving system 0.10293095999804791
concluded in  8.280635180999525
Solving snapshot 0 87
36
time in solving system 4.022223995001696
time in solving system 0.11935845100379083
time in solving system 0.13539235899952473
concluded in  7.849601306996192
Solving snapshot 0 88
36
time in solving system 3.671366096001293
time in solving system 0.10956761799752712
time in solving system 0.10418735600251239
concluded in  8.147388683995814
Solving snapshot 0 89
36
time in solving system 4.5383180850039935
time in solving system 0.14082026200048858
time in solving system 0.10709761000180151
concluded in  8.1433183390036
Solving snapshot 0 90
36
time in solving system 4.331299277997459
time in solving system 0.1115999780013226
time in solving system 0.09971944100107066
concluded in  8.139974076999351
Solving snapshot 0 91
36
time in solving system 3.6471924080033205
time in solving system 0.10532172300008824
time in solving system 0.10918515699449927
concluded in  10.19988594899769
Solving snapshot 0 92
36
time in solving system 2.385206819999439
time in solving system 0.11527051799930632
time in solving system 0.10457911800040165
concluded in  7.190001550006855
Solving snapshot 0 93
36
time in solving system 2.4084263929980807
time in solving system 0.10258079999766778
time in solving system 0.1010460389952641
concluded in  7.910703016001207
Solving snapshot 0 94
36
time in solving system 3.4447426190017723
time in solving system 0.10254262799571734
time in solving system 0.10232862599514192
concluded in  8.551613859002828
Solving snapshot 0 95
36
time in solving system 3.346920597003191
time in solving system 0.12017684600141365
time in solving system 0.104153635998955
concluded in  7.898005527997157
Solving snapshot 0 96
36
time in solving system 3.752715097994951
time in solving system 0.10904048899828922
time in solving system 0.10245498300355393
concluded in  8.991257227004098
Solving snapshot 0 97
36
time in solving system 2.7705829010010348
time in solving system 0.11315700800332706
time in solving system 0.1171024840004975
concluded in  8.476477688003797
Solving snapshot 0 98
36
time in solving system 2.4621005400040303
time in solving system 0.11244123700453201
time in solving system 0.11367609100125264
concluded in  8.845142270001816
Solving snapshot 0 99
36
time in solving system 3.545247775000462
time in solving system 0.11055098500219174
time in solving system 0.10411460900650127
concluded in  9.759015798998007
Solving snapshot 0 100
36
time in solving system 4.539145340000687
time in solving system 0.1419612989993766
time in solving system 0.11883755599410506
concluded in  10.201747138999053
Solving snapshot 0 101
36
time in solving system 3.5624117860061233
time in solving system 0.15446703099587467
time in solving system 0.1117065900034504
concluded in  8.754328039998654
Solving snapshot 0 102
36
time in solving system 3.578197150003689
time in solving system 0.10921146600594511
time in solving system 0.11081585699866991
concluded in  8.832076833001338
Solving snapshot 0 103
36
time in solving system 3.7374557069997536
time in solving system 0.11989608300063992
time in solving system 0.1124635770029272
concluded in  9.066510325996205
Solving snapshot 0 104
36
time in solving system 4.2526542999985395
time in solving system 0.1278100390045438
time in solving system 0.11551044099905994
concluded in  8.248575422003341
Solving snapshot 0 105
36
time in solving system 4.524404332005361
time in solving system 0.20926576900092186
time in solving system 0.29026781499851495
concluded in  9.42850870500115
Solving snapshot 0 106
36
time in solving system 4.732949846998963
time in solving system 0.10871727699850453
time in solving system 0.09835178299545078
concluded in  8.284850118994655
Solving snapshot 0 107
36
time in solving system 4.319563299002766
time in solving system 0.11571116000413895
time in solving system 0.18413027600036003
concluded in  7.9994056670038844
Solving snapshot 0 108
36
time in solving system 4.553131671003939
time in solving system 0.24307546199997887
time in solving system 0.3072856729995692
concluded in  8.841270077995432
Solving snapshot 0 109
36
time in solving system 3.6259246519985027
time in solving system 0.27031625300151063
time in solving system 0.2440814850051538
concluded in  7.380313954003213
Solving snapshot 0 110
36
time in solving system 4.527998616998957
time in solving system 0.2475037140029599
time in solving system 0.234765672001231
concluded in  8.718413775000954
Solving snapshot 0 111
36
time in solving system 4.504497791996982
time in solving system 0.14633396399585763
time in solving system 0.144963701000961
concluded in  8.366220453004644
Solving snapshot 0 112
36
time in solving system 4.0654371060009
time in solving system 0.1310199229992577
time in solving system 0.12019747399608605
concluded in  8.84077951299696
Solving snapshot 0 113
36
time in solving system 3.783890616003191
time in solving system 0.12336370100092608
time in solving system 0.13689064000209328
concluded in  8.907269390998408
Solving snapshot 0 114
36
time in solving system 3.2729029719994287
time in solving system 0.12455595200299285
time in solving system 0.1342421689987532
concluded in  7.90066458399815
Solving snapshot 0 115
36
time in solving system 2.872118467996188
time in solving system 0.12588935699750436
time in solving system 0.13007364100485574
concluded in  7.057098504999885
Solving snapshot 0 116
36
time in solving system 2.606913572999474
time in solving system 0.245832523003628
time in solving system 0.22019517800072208
concluded in  7.765980907002813
Solving snapshot 0 117
36
time in solving system 2.454202548993635
time in solving system 0.13664177199825644
time in solving system 0.12224069600051735
concluded in  7.176977570001327
Solving snapshot 0 118
36
time in solving system 2.6068515309962095
time in solving system 0.10778161400230601
time in solving system 0.11298894100036705
concluded in  7.492162615002599
Solving snapshot 0 119
36
time in solving system 3.323184894004953
time in solving system 0.12793704900104785
time in solving system 0.13478771199879702
concluded in  8.37351621799462
Solving snapshot 0 120
36
time in solving system 4.239331520002452
time in solving system 0.18582812100066803
time in solving system 0.26783962499757763
concluded in  9.83397500400315
Solving snapshot 0 121
36
time in solving system 3.24604390499735
time in solving system 0.20580092199816136
time in solving system 0.3721311600020272
concluded in  8.658450916998845
Solving snapshot 0 122
36
time in solving system 4.954195081998478
time in solving system 0.2505496250014403
time in solving system 0.13180311900214292
concluded in  10.486053174994595
Solving snapshot 0 123
36
time in solving system 4.600518315004592
time in solving system 0.19685175399354193
time in solving system 0.24779508999927202
concluded in  9.484116758001619
Solving snapshot 0 124
36
time in solving system 4.324081651000597
time in solving system 0.15415446000406519
time in solving system 0.15518607199919643
concluded in  7.9322900859988295
Solving snapshot 0 125
36
time in solving system 3.4296088260016404
time in solving system 0.1693639449949842
time in solving system 0.14543407900055172
concluded in  7.017574666002474
Solving snapshot 0 126
36
time in solving system 3.4123446329977014
time in solving system 0.13010258500435157
time in solving system 0.14610745199752273
concluded in  7.9700975339947036
Solving snapshot 0 127
36
time in solving system 4.567220969001937
time in solving system 0.19374466199951712
time in solving system 0.11572432799584931
concluded in  10.31239179399563
Solving snapshot 0 128
36
time in solving system 3.811568386001454
time in solving system 0.3033113339988631
time in solving system 0.29631101799895987
concluded in  9.064472336998733
Solving snapshot 0 129
36
time in solving system 3.3211542800054303
time in solving system 0.11171289200137835
time in solving system 0.1307076649973169
concluded in  7.645041294999828
Solving snapshot 0 130
36
time in solving system 4.616461395002261
time in solving system 0.10837580900260946
time in solving system 0.13902563999727136
concluded in  9.475738523993641
Solving snapshot 0 131
36
time in solving system 3.0103918660024647
time in solving system 0.22830276700551622
time in solving system 0.2177094840008067
concluded in  7.21475836099853
Solving snapshot 0 132
36
time in solving system 4.052117045997875
time in solving system 0.11085096200258704
time in solving system 0.11459237599774497
concluded in  8.798092964003445
Solving snapshot 0 133
36
time in solving system 4.2843442619996495
time in solving system 0.13990778700099327
time in solving system 0.317481329999282
concluded in  9.133249572994828
Solving snapshot 0 134
36
time in solving system 4.97488589000568
time in solving system 0.2954098999980488
time in solving system 0.4799832089993288
concluded in  9.80165822699928
Solving snapshot 0 135
36
time in solving system 4.730936558000394
time in solving system 0.34803730699786684
time in solving system 0.2980032140039839
concluded in  9.20062666600279
Solving snapshot 0 136
36
time in solving system 4.678112804998818
time in solving system 0.273124220999307
time in solving system 0.2339510669989977
concluded in  9.328235355998913
Solving snapshot 0 137
36
time in solving system 4.731313363001391
time in solving system 0.27278756300074747
time in solving system 0.2750303800057736
concluded in  9.333998129004613
Solving snapshot 0 138
36
time in solving system 5.92972172699956
time in solving system 0.282733535997977
time in solving system 0.2526552269991953
concluded in  10.160201323997171
Solving snapshot 0 139
36
time in solving system 4.460011367998959
time in solving system 0.20867309800087241
time in solving system 0.1603847290025442
concluded in  9.209261572999822
Solving snapshot 0 140
36
time in solving system 5.1279398999977275
time in solving system 0.19728357099666027
time in solving system 0.1745048580050934
concluded in  10.77762840899959
Solving snapshot 0 141
36
time in solving system 3.8795785940019414
time in solving system 0.32636473800084786
time in solving system 0.33692824999889126
concluded in  8.605190638998465
Solving snapshot 0 142
36
time in solving system 4.184388834997662
time in solving system 0.13521352400130127
time in solving system 0.19113924400153337
concluded in  8.401657048998459
Solving snapshot 0 143
36
time in solving system 4.700290294997103
time in solving system 0.23907029800466262
time in solving system 0.2656769949971931
concluded in  8.546395796001889
Solving snapshot 0 144
36
time in solving system 3.385290566002368
time in solving system 0.11859101000300143
time in solving system 0.11582231400097953
concluded in  7.717419608001364
Solving snapshot 0 145
36
time in solving system 4.2607782859995496
time in solving system 0.11293835299875354
time in solving system 0.09927599900402129
concluded in  8.57817897899804
Solving snapshot 0 146
36
time in solving system 5.741862063005101
time in solving system 0.11050129299837863
time in solving system 0.10665289500320796
concluded in  10.875769498001318
Solving snapshot 0 147
36
time in solving system 3.708593492003274
time in solving system 0.11613877899799263
time in solving system 0.1208121130039217
concluded in  8.135045866998553
Solving snapshot 0 148
36
time in solving system 5.3108984349964885
time in solving system 0.12350217200582847
time in solving system 0.18888041299942415
concluded in  10.313441966995015
Solving snapshot 0 149
36
time in solving system 4.778581580001628
time in solving system 0.10379779399954714
time in solving system 0.13803527200070675
concluded in  10.280643243997474
Solving snapshot 0 150
36
time in solving system 4.15917996600183
time in solving system 0.10990094199951272
time in solving system 0.13682377800432732
concluded in  9.071697892002703
Solving snapshot 0 151
36
time in solving system 3.9815857430003234
time in solving system 0.1331712180035538
time in solving system 0.3675865210025222
concluded in  8.337503492002725
Solving snapshot 0 152
36
time in solving system 5.3206056309936685
time in solving system 0.1448521529964637
time in solving system 0.23112660300103016
concluded in  9.614571783997235
Solving snapshot 0 153
36
time in solving system 3.5247614219988463
time in solving system 0.18034782700124197
time in solving system 0.13102632299705874
concluded in  8.30718587100273
Solving snapshot 0 154
36
time in solving system 4.697114774004149
time in solving system 0.2665294949983945
time in solving system 0.24730067900236463
concluded in  9.169060858999728
Solving snapshot 0 155
36
time in solving system 4.343645184002526
time in solving system 0.10915208500227891
time in solving system 0.1266672709971317
concluded in  8.19295222400251
Solving snapshot 0 156
36
time in solving system 3.408079740998801
time in solving system 0.11933053499524249
time in solving system 0.10985550099576358
concluded in  6.989569973004109
Solving snapshot 0 157
36
time in solving system 2.897694853003486
time in solving system 0.15736390399979427
time in solving system 0.2341553010046482
concluded in  7.527226530000917
Solving snapshot 0 158
36
time in solving system 2.820141844000318
time in solving system 0.11056257099698996
time in solving system 0.11922202999994624
concluded in  7.145153402001597
Solving snapshot 0 159
36
time in solving system 2.3701926939975237
time in solving system 0.11092427399853477
time in solving system 0.10714328000176465
concluded in  7.462150248000398
Solving snapshot 0 160
36
time in solving system 2.292827238001337
time in solving system 0.10801347200322198
time in solving system 0.11025872400205117
concluded in  6.812505637004506
Solving snapshot 0 161
36
time in solving system 3.2979256819962757
time in solving system 0.11895190200448269
time in solving system 0.15889725900342455
concluded in  9.544343352994474
Solving snapshot 0 162
36
time in solving system 2.994448082994495
time in solving system 0.1422000599995954
time in solving system 0.1046015560059459
concluded in  7.5635004970026785
Solving snapshot 0 163
36
time in solving system 3.5253193140015355
time in solving system 0.13414139799715485
time in solving system 0.1954220840052585
concluded in  8.481428901999607
Solving snapshot 0 164
36
time in solving system 2.8251269120009965
time in solving system 0.13137419299891917
time in solving system 0.11679316099616699
concluded in  7.315704075001122
Solving snapshot 0 165
36
time in solving system 2.5429771979979705
time in solving system 0.10850892199960072
time in solving system 0.21049330499954522
concluded in  7.935674644999381
Solving snapshot 0 166
36
time in solving system 2.604631893002079
time in solving system 0.12098172599507961
time in solving system 0.12031325799762271
concluded in  7.546293512998091
Solving snapshot 0 167
36
time in solving system 3.5742493579964503
time in solving system 0.17860965699946973
time in solving system 0.10592369599908125
concluded in  8.832495025999378
Solving snapshot 0 168
36
time in solving system 2.6579974979977123
time in solving system 0.1090586309946957
time in solving system 0.1077023910038406
concluded in  6.976646222006821
Solving snapshot 0 169
36
time in solving system 3.0512450609967345
time in solving system 0.12919102800515248
time in solving system 0.11281851600506343
concluded in  7.851447321001615
Solving snapshot 0 170
36
time in solving system 4.846638151000661
time in solving system 0.23943906799831893
time in solving system 0.22084467399690766
concluded in  9.253702671994688
Solving snapshot 0 171
36
time in solving system 4.42744248300005
time in solving system 0.22720761099481024
time in solving system 0.21844368599704467
concluded in  9.122738093996304
Solving snapshot 0 172
36
time in solving system 3.004631727002561
time in solving system 0.11700806899898453
time in solving system 0.1017570589974639
concluded in  7.1720251310034655
Solving snapshot 0 173
36
time in solving system 2.0974208129991894
time in solving system 0.10700498299411265
time in solving system 0.10622731399780605
concluded in  7.360566554001707
Solving snapshot 0 174
36
time in solving system 2.9730544830017607
time in solving system 0.10797409399674507
time in solving system 0.1039469259994803
concluded in  8.042136993004533
Solving snapshot 0 175
36
time in solving system 4.775098790996708
time in solving system 0.10175180599617306
time in solving system 0.09686992199567612
concluded in  10.464819808999891
Solving snapshot 0 176
36
time in solving system 2.472028553005657
time in solving system 0.10698549399967305
time in solving system 0.09836358800384915
concluded in  6.630044438003097
Solving snapshot 0 177
36
time in solving system 3.7623383479949553
time in solving system 0.1064614970018738
time in solving system 0.11409384400030831
concluded in  8.417634240002371
Solving snapshot 0 178
36
time in solving system 2.640065379004227
time in solving system 0.10317800900520524
time in solving system 0.10212182899704203
concluded in  7.214045890003035
Solving snapshot 0 179
36
time in solving system 3.0166117920016404
time in solving system 0.11913616599485977
time in solving system 0.11043741299363319
concluded in  7.535469549999107
Solving snapshot 0 180
36
time in solving system 5.266335543994501
time in solving system 0.12427649600431323
time in solving system 0.16298669499519747
concluded in  9.685033513000235
Solving snapshot 0 181
36
time in solving system 5.5168284789979225
time in solving system 0.33423892900464125
time in solving system 0.32305801999609685
concluded in  9.831045058002928
Solving snapshot 0 182
36
time in solving system 5.25482873400324
time in solving system 0.13125483099429403
time in solving system 0.12262981299863895
concluded in  9.251452860997233
Solving snapshot 0 183
36
time in solving system 3.9035825809987728
time in solving system 0.23886809499526862
time in solving system 0.14098958900285652
concluded in  8.632186315000581
Solving snapshot 0 184
36
time in solving system 4.979929940003785
time in solving system 0.2740582269980223
time in solving system 0.2548889309982769
concluded in  10.58955268200225
Solving snapshot 0 185
36
time in solving system 4.088838270996348
time in solving system 0.2575687599965022
time in solving system 0.2521314350015018
concluded in  9.663588604002143
Solving snapshot 0 186
36
time in solving system 4.1026977069996065
time in solving system 0.23185412500606617
time in solving system 0.28230782699392876
concluded in  10.257368808997853
Solving snapshot 0 187
36
time in solving system 3.1011745799987693
time in solving system 0.11078514799737604
time in solving system 0.11051132799912011
concluded in  9.204303937003715
Solving snapshot 0 188
36
time in solving system 3.5299687049991917
time in solving system 0.11257557200588053
time in solving system 0.10656320599809987
concluded in  8.441672264998488
Solving snapshot 0 189
36
time in solving system 4.712989077997918
time in solving system 0.22406846399826463
time in solving system 0.13804189399525058
concluded in  10.908548063001945
Solving snapshot 0 190
36
time in solving system 3.352660573000321
time in solving system 0.1473339880030835
time in solving system 0.2016729690003558
concluded in  8.409147282000049
Solving snapshot 0 191
36
time in solving system 3.103109141004097
time in solving system 0.1111183440007153
time in solving system 0.11007824400439858
concluded in  7.970825009004329
Solving snapshot 0 192
36
time in solving system 2.4214732559994445
time in solving system 0.11156625399598852
time in solving system 0.10556093900231645
concluded in  7.52526356800081
Solving snapshot 0 193
36
time in solving system 2.2119824700057507
time in solving system 0.09947938899858855
time in solving system 0.09819171200069832
concluded in  7.01748605100147
Solving snapshot 0 194
36
time in solving system 2.465193083000486
time in solving system 0.10637768499873346
time in solving system 0.10589766999328276
concluded in  7.106713633998879
Solving snapshot 0 195
36
time in solving system 3.3860961309983395
time in solving system 0.240238827005669
time in solving system 0.24274908699590014
concluded in  9.629190684994683
Solving snapshot 0 196
36
time in solving system 3.3087628380017122
time in solving system 0.11262868199992226
time in solving system 0.11245995199715253
concluded in  8.084181662998162
Solving snapshot 0 197
36
time in solving system 2.4674240829990595
time in solving system 0.12384393099637236
time in solving system 0.11986020000040298
concluded in  7.438900884997565
Solving snapshot 0 198
36
time in solving system 2.6971727179989102
time in solving system 0.10884180600260152
time in solving system 0.10197493599844165
concluded in  7.955848192003032
Solving snapshot 0 199
36
time in solving system 2.8134663740056567
time in solving system 0.1380661479997798
time in solving system 0.1144357349985512
concluded in  7.416325466998387
Solving snapshot 0 200
36
time in solving system 2.9864576870022574
time in solving system 0.13290412600326817
time in solving system 0.10397065699362429
concluded in  9.263737137000135
Solving snapshot 0 201
36
time in solving system 3.252469717001077
time in solving system 0.12099691700132098
time in solving system 0.15600842500134604
concluded in  7.929294929999742
Solving snapshot 0 202
36
time in solving system 4.399816830999043
time in solving system 0.10440241700416664
time in solving system 0.14442661499924725
concluded in  10.051674152993655
Solving snapshot 0 203
36
time in solving system 3.394127801999275
time in solving system 0.10486937899986515
time in solving system 0.11127126399514964
concluded in  8.198671412996191
Solving snapshot 0 204
36
time in solving system 3.0903654919966357
time in solving system 0.12427490200207103
time in solving system 0.10751593399618287
concluded in  6.946283646000666
Solving snapshot 0 205
36
time in solving system 3.934759868992842
time in solving system 0.11974073899909854
time in solving system 0.22297538199927658
concluded in  7.7161936560005415
Solving snapshot 0 206
36
time in solving system 3.7949374259987962
time in solving system 0.12571126699913293
time in solving system 0.10480392799945548
concluded in  8.037872128996241
Solving snapshot 0 207
36
time in solving system 4.017581377003808
time in solving system 0.11204487200302538
time in solving system 0.13274140599969542
concluded in  7.963201336999191
Solving snapshot 0 208
36
time in solving system 3.413457479000499
time in solving system 0.10754763500153786
time in solving system 0.14681429600022966
concluded in  7.629688847999205
Solving snapshot 0 209
36
time in solving system 4.392005866997351
time in solving system 0.10391152000374859
time in solving system 0.11202230000344571
concluded in  9.03586703199835
Solving snapshot 0 210
36
time in solving system 4.191765364004823
time in solving system 0.26477169900317676
time in solving system 0.23655601300561102
concluded in  8.76085685200087
Solving snapshot 0 211
36
time in solving system 3.466864178000833
time in solving system 0.2680283329973463
time in solving system 0.29094923400407424
concluded in  7.83970687299734
Solving snapshot 0 212
36
time in solving system 5.215920712995285
time in solving system 0.1545871039998019
time in solving system 0.11752092200185871
concluded in  9.403020858997479
Solving snapshot 0 213
36
time in solving system 4.918256750999717
time in solving system 0.2295471220058971
time in solving system 0.16564561699487967
concluded in  10.006759167001292
Solving snapshot 0 214
36
time in solving system 3.745288286001596
time in solving system 0.11134801500156755
time in solving system 0.1530050939982175
concluded in  8.434103531995788
Solving snapshot 0 215
36
time in solving system 3.5427848340041237
time in solving system 0.14415334699879168
time in solving system 0.17104056799871614
concluded in  7.175221709003381
Solving snapshot 0 216
36
time in solving system 3.5117881289988873
time in solving system 0.15735252899321495
time in solving system 0.11358087499684189
concluded in  7.831514837998839
Solving snapshot 0 217
36
time in solving system 3.93365263799933
time in solving system 0.2692169010042562
time in solving system 0.2180996099996264
concluded in  8.36025318299653
Solving snapshot 0 218
36
time in solving system 4.4242537949976395
time in solving system 0.16063462600141065
time in solving system 0.1215358359986567
concluded in  8.896944548003376
Solving snapshot 0 219
36
time in solving system 4.840808244000073
time in solving system 0.12882482600252843
time in solving system 0.17574880000029225
concluded in  8.591137907002121
Solving snapshot 0 220
36
time in solving system 4.744177692002268
time in solving system 0.15291033899848117
time in solving system 0.11415373600175371
concluded in  8.72684845799813
Solving snapshot 0 221
36
time in solving system 3.90928798999812
time in solving system 0.10880927700054599
time in solving system 0.10742243099957705
concluded in  10.240294060997257
Solving snapshot 0 222
36
time in solving system 4.827991248996113
time in solving system 0.10977985999488737
time in solving system 0.10817138600395992
concluded in  9.121033745999739
Solving snapshot 0 223
36
time in solving system 2.367696376000822
time in solving system 0.10688319099426735
time in solving system 0.11564773899590364
concluded in  7.805715799004247
Solving snapshot 0 224
36
time in solving system 3.255044828001701
time in solving system 0.11964313399948878
time in solving system 0.11044690199923934
concluded in  7.551976280999952
Solving snapshot 0 225
36
time in solving system 2.224413354000717
time in solving system 0.11015712800144684
time in solving system 0.11492908099899068
concluded in  6.343652383002336
Solving snapshot 0 226
36
time in solving system 1.909823835005227
time in solving system 0.10356426300131716
time in solving system 0.10534585500136018
concluded in  6.6169410919974325
Solving snapshot 0 227
36
time in solving system 2.3136269179958617
time in solving system 0.10567712299962295
time in solving system 0.09902894699916942
concluded in  7.722584592003841
Solving snapshot 0 228
36
time in solving system 2.998269951000111
time in solving system 0.10941044300125213
time in solving system 0.10841770499973791
concluded in  8.91980197000521
Solving snapshot 0 229
36
time in solving system 3.099054058002366
time in solving system 0.10912820500379894
time in solving system 0.10343882599408971
concluded in  8.822596512000018
Solving snapshot 0 230
36
time in solving system 2.5868304630057537
time in solving system 0.11565648399846395
time in solving system 0.11052168099558912
concluded in  7.986890095002309
Solving snapshot 0 231
36
time in solving system 2.8493271870029275
time in solving system 0.11107913099840516
time in solving system 0.10728530200140085
concluded in  7.636163012000907
Solving snapshot 0 232
36
time in solving system 3.1951620839972747
time in solving system 0.10860357100318652
time in solving system 0.10757293899951037
concluded in  7.7178948240034515
Solving snapshot 0 233
36
time in solving system 2.241645307003637
time in solving system 0.12033491500187665
time in solving system 0.11071411699958844
concluded in  8.587093111003924
Solving snapshot 0 234
36
time in solving system 2.400100705999648
time in solving system 0.10786782499781111
time in solving system 0.10915209000086179
concluded in  8.341532970000117
Solving snapshot 0 235
36
time in solving system 2.250636183001916
time in solving system 0.10385188300278969
time in solving system 0.10932604200206697
concluded in  7.983492793995538
Solving snapshot 0 236
36
time in solving system 3.033529752996401
time in solving system 0.09905465799965896
time in solving system 0.09887990100105526
concluded in  7.426296482000907
Solving snapshot 0 237
36
time in solving system 2.4504818280038307
time in solving system 0.10552188199653756
time in solving system 0.10613777499384014
concluded in  8.438121113998932
Solving snapshot 0 238
36
time in solving system 2.697298660998058
time in solving system 0.10304855099820998
time in solving system 0.10055250800360227
concluded in  8.163404871003877
Solving snapshot 0 239
36
time in solving system 2.136498933999974
time in solving system 0.10298261199932313
time in solving system 0.1028124430013122
concluded in  8.000560549000511
Solving snapshot 0 240
36
time in solving system 3.2620594519976294
time in solving system 0.12771613900258671
time in solving system 0.09692154100048356
concluded in  7.69317332799983
Solving snapshot 0 241
36
time in solving system 4.299894386000233
time in solving system 0.10807065399421845
time in solving system 0.11299382200377295
concluded in  8.572673048001889
Solving snapshot 0 242
36
time in solving system 2.7875437249967945
time in solving system 0.12392648800596362
time in solving system 0.11770021799748065
concluded in  7.988476547994651
Solving snapshot 0 243
36
time in solving system 3.985751120999339
time in solving system 0.1459477250027703
time in solving system 0.10885015600069892
concluded in  8.090468009999313
Solving snapshot 0 244
36
time in solving system 4.211589051999908
time in solving system 0.1407082090008771
time in solving system 0.21994984000048134
concluded in  9.33937376200629
Solving snapshot 0 245
36
time in solving system 4.519457977999991
time in solving system 0.14933836300042458
time in solving system 0.1454010970046511
concluded in  8.164781554005458
Solving snapshot 0 246
36
time in solving system 3.994476699997904
time in solving system 0.12456466400180943
time in solving system 0.14644971300003817
concluded in  9.288950583002588
Solving snapshot 0 247
36
time in solving system 4.030725644995982
time in solving system 0.1148549860008643
time in solving system 0.10579670200240798
concluded in  8.62337882599968
Solving snapshot 0 248
36
time in solving system 3.4677330210033688
time in solving system 0.11550430200441042
time in solving system 0.1418289650027873
concluded in  7.7548090089985635
Solving snapshot 0 249
36
time in solving system 5.10962921299506
time in solving system 0.12880184399546124
time in solving system 0.10728768200351624
concluded in  9.586557700997218
Solving snapshot 0 250
36
time in solving system 4.095993096001621
time in solving system 0.14987020999978995
time in solving system 0.19927368599746842
concluded in  8.245704619002936
Solving snapshot 0 251
36
time in solving system 2.4866407470035483
time in solving system 0.20173326199437724
time in solving system 0.1174505599992699
concluded in  6.3663918639940675
Solving snapshot 0 252
36
time in solving system 3.9870278289963608
time in solving system 0.23682408400054555
time in solving system 0.2494870950031327
concluded in  8.223696850000124
Solving snapshot 0 253
36
time in solving system 3.075393716004328
time in solving system 0.18897057499998482
time in solving system 0.2474630270007765
concluded in  6.9469601979944855
Solving snapshot 0 254
36
time in solving system 3.1918063500052085
time in solving system 0.1104640699995798
time in solving system 0.11701287799951388
concluded in  6.6572967680040165
Solving snapshot 0 255
36
time in solving system 4.835403565004526
time in solving system 0.3214675929993973
time in solving system 0.25698349999584025
concluded in  10.242198013002053
Solving snapshot 0 256
36
time in solving system 5.027016948006349
time in solving system 0.20170084300480084
time in solving system 0.1435902589946636
concluded in  10.339227289994597
Solving snapshot 0 257
36
time in solving system 3.061422644997947
time in solving system 0.10050787399813998
time in solving system 0.10756396000215318
concluded in  7.509758081003383
Solving snapshot 0 258
36
time in solving system 4.587037828001485
time in solving system 0.11306054399756249
time in solving system 0.10299941599805607
concluded in  8.903814915996918
Solving snapshot 0 259
36
time in solving system 3.8559768100021756
time in solving system 0.11402947999886237
time in solving system 0.11111503900610842
concluded in  8.724382713000523
Solving snapshot 0 260
36
time in solving system 2.9667932729935274
time in solving system 0.16627480200259015
time in solving system 0.18522441100503784
concluded in  8.959098312996503
Solving snapshot 0 261
36
time in solving system 4.757650441999431
time in solving system 0.12116722600330831
time in solving system 0.11656796000170289
concluded in  11.050539747004223
Solving snapshot 0 262
36
time in solving system 2.0874370169985923
time in solving system 0.10992714999883901
time in solving system 0.10438172300200677
concluded in  8.29326528999809
Solving snapshot 0 263
36
time in solving system 3.7172153380015516
time in solving system 0.2525723389990162
time in solving system 0.2507398930029012
concluded in  10.28668258900143
Solving snapshot 0 264
36
time in solving system 3.1489910109958146
time in solving system 0.23257599699718412
time in solving system 0.2459317140019266
concluded in  9.22706103100063
Solving snapshot 0 265
36
time in solving system 3.332899979002832
time in solving system 0.18608347499684896
time in solving system 0.11601853600586765
concluded in  8.7766264019956
Solving snapshot 0 266
36
time in solving system 3.016047338001954
time in solving system 0.20457868299854454
time in solving system 0.21968178899987834
concluded in  8.799728885001969
Solving snapshot 0 267
36
time in solving system 2.055306196001766
time in solving system 0.10743681000167271
time in solving system 0.1127645910019055
concluded in  6.548340142995585
Solving snapshot 0 268
36
time in solving system 3.14189438700123
time in solving system 0.11684460999822477
time in solving system 0.10790624000219395
concluded in  8.182372112001758
Solving snapshot 0 269
36
time in solving system 3.5126342560033663
time in solving system 0.2706390109960921
time in solving system 0.23184322599990992
concluded in  8.62236673499865
Solving snapshot 0 270
36
time in solving system 2.915826623000612
time in solving system 0.2546169940032996
time in solving system 0.2747737470053835
concluded in  7.567655974002264
Solving snapshot 0 271
36
time in solving system 2.639614617000916
time in solving system 0.1852613239971106
time in solving system 0.15314762300113216
concluded in  7.55657786300435
Solving snapshot 0 272
36
time in solving system 4.624933462000627
time in solving system 0.34832414900301956
time in solving system 0.24423451199982082
concluded in  9.463773301999026
Solving snapshot 0 273
36
time in solving system 5.4374225240026135
time in solving system 0.12189240000589052
time in solving system 0.16139840299729258
concluded in  10.289269597000384
Solving snapshot 0 274
36
time in solving system 4.762441175997083
time in solving system 0.11535510000248905
time in solving system 0.11738479899941012
concluded in  9.753135416001896
Solving snapshot 0 275
36
time in solving system 3.197243463000632
time in solving system 0.2542769430001499
time in solving system 0.23280284900101833
concluded in  7.590973768004915
Solving snapshot 0 276
36
time in solving system 4.172552263000398
time in solving system 0.2396431870001834
time in solving system 0.2568993329987279
concluded in  8.142707608996716
Solving snapshot 0 277
36
time in solving system 3.432475314999465
time in solving system 0.12176525199902244
time in solving system 0.13797787400108064
concluded in  8.065422570005467
Solving snapshot 0 278
36
time in solving system 4.866850024001906
time in solving system 0.16768820399738615
time in solving system 0.11062008199951379
concluded in  11.17917517299793
Solving snapshot 0 279
36
time in solving system 4.8302978219944634
time in solving system 0.1267504550050944
time in solving system 0.11561245200573467
concluded in  9.954440790999797
Solving snapshot 0 280
36
time in solving system 3.3170433429986588
time in solving system 0.10870729599992046
time in solving system 0.10729401799471816
concluded in  7.722324292997655
Solving snapshot 0 281
36
time in solving system 3.456909930006077
time in solving system 0.12850245599838672
time in solving system 0.11542572199687129
concluded in  8.539398168002663
Solving snapshot 0 282
36
time in solving system 3.8130450090029626
time in solving system 0.11015129100269405
time in solving system 0.10318220600311179
concluded in  8.26763257499988
Solving snapshot 0 283
36
time in solving system 2.889028343000973
time in solving system 0.11426752999977907
time in solving system 0.1153256230027182
concluded in  7.609541915000591
Solving snapshot 0 284
36
time in solving system 3.9333287319968804
time in solving system 0.11418218099424848
time in solving system 0.11492843100131722
concluded in  9.374214490999293
Solving snapshot 0 285
36
time in solving system 3.105693493002036
time in solving system 0.1050597419962287
time in solving system 0.10577265900064958
concluded in  8.651069363004353
Solving snapshot 0 286
36
time in solving system 3.279138326004613
time in solving system 0.10839535699778935
time in solving system 0.10603491800429765
concluded in  7.972334111000237
Solving snapshot 0 287
36
time in solving system 4.416303650003101
time in solving system 0.1070383319965913
time in solving system 0.11324488800164545
concluded in  9.480213280003227
Solving snapshot 0 288
36
time in solving system 3.758657801001391
time in solving system 0.10446996800601482
time in solving system 0.10139874700689688
concluded in  8.71292554899992
Solving snapshot 0 289
36
time in solving system 2.973357593997207
time in solving system 0.11906307799654314
time in solving system 0.10571308399812551
concluded in  7.9751382719987305
Solving snapshot 0 290
36
time in solving system 3.5817777479969664
time in solving system 0.10647625200363109
time in solving system 0.10344505200191634
concluded in  8.147587983999983
Solving snapshot 0 291
36
time in solving system 4.172770872006367
time in solving system 0.10587011800089385
time in solving system 0.11069591499835951
concluded in  8.849498265997681
Solving snapshot 0 292
36
time in solving system 4.2516544530008105
time in solving system 0.11032024300220655
time in solving system 0.11078040299616987
concluded in  8.780048722001084
Solving snapshot 0 293
36
time in solving system 5.408373245001712
time in solving system 0.11594570399756776
time in solving system 0.10066662600002019
concluded in  8.748470420003287
Solving snapshot 0 294
36
time in solving system 3.9609270410001045
time in solving system 0.11387506299797678
time in solving system 0.10296921600092901
concluded in  8.2385715240016
Solving snapshot 0 295
36
time in solving system 4.429432976001408
time in solving system 0.17343249699479202
time in solving system 0.12833770800352795
concluded in  8.97262097500061
Solving snapshot 0 296
36
time in solving system 4.252208571997471
time in solving system 0.12739319400134264
time in solving system 0.250301425003272
concluded in  8.396608489994833
Solving snapshot 0 297
36
time in solving system 3.876514217001386
time in solving system 0.25270350499340566
time in solving system 0.2427477489982266
concluded in  7.679717275001167
Solving snapshot 0 298
36
time in solving system 3.08059136600059
time in solving system 0.11539420599729056
time in solving system 0.11742537000100128
concluded in  7.194322750001447
Solving snapshot 0 299
36
time in solving system 2.5939193399972282
time in solving system 0.10607463899941649
time in solving system 0.10550433499884093
concluded in  6.002864220004994
[]
Not completed: []
