Solving not completed simulation: 0-th chance
Solving snapshot 0 0
36
time in solving system 3.7382362930002273
time in solving system 0.1481449019993306
time in solving system 0.11559939699873212
concluded in  8.573857924999174
Solving snapshot 0 1
36
time in solving system 3.783441891999246
time in solving system 0.22392591800235095
time in solving system 0.12672983499942347
concluded in  8.768378376000328
Solving snapshot 0 2
36
time in solving system 3.9845123029990646
time in solving system 0.22992922400226234
time in solving system 0.23339760700037004
concluded in  9.135699860999011
Solving snapshot 0 3
36
time in solving system 4.293207656999584
time in solving system 0.23690799999894807
time in solving system 0.1319925810021232
concluded in  9.368247081001755
Solving snapshot 0 4
36
time in solving system 3.865131932998338
time in solving system 0.19852209600139759
time in solving system 0.2161748099970282
concluded in  9.585359403001348
Solving snapshot 0 5
36
time in solving system 3.9599556819994177
time in solving system 0.16590898199865478
time in solving system 0.23442171500209952
concluded in  9.250538958000107
Solving snapshot 0 6
36
time in solving system 4.679082104998088
time in solving system 0.20915440799944918
time in solving system 0.1555402240010153
concluded in  10.42535246800253
Solving snapshot 0 7
36
time in solving system 4.263381618999119
time in solving system 0.25432646199988085
time in solving system 0.13426647599771968
concluded in  10.179813162998471
Solving snapshot 0 8
36
time in solving system 3.6095084309999947
time in solving system 0.24137632699785172
time in solving system 0.17027684599815984
concluded in  9.188688072001241
Solving snapshot 0 9
36
time in solving system 3.3428311299976485
time in solving system 0.15796856300221407
time in solving system 0.24080496500027948
concluded in  8.784874394001235
Solving snapshot 0 10
36
time in solving system 3.4853938029991696
time in solving system 0.14393759400263662
time in solving system 0.15553085599822225
concluded in  8.798644242000591
Solving snapshot 0 11
36
time in solving system 3.840539371001796
time in solving system 0.237565972001903
time in solving system 0.1738156479987083
concluded in  9.261203374000615
Solving snapshot 0 12
36
time in solving system 3.4221189780000714
time in solving system 0.15734985200106166
time in solving system 0.18198847100211424
concluded in  9.168017317999329
Solving snapshot 0 13
36ttime in solving system 3.4492938199982746
time in solving system 0.25072792300125
time in solving system 0.20509703399875434
concluded in  9.280344472997967
Solving snapshot 0 14
36
time in solving system 3.411422658002266
time in solving system 0.22920844899999793
time in solving system 0.17030552300275303
concluded in  9.174323767001624
Solving snapshot 0 15
36ttime in solving system 3.232647266002459
time in solving system 0.306943929001136
time in solving system 0.32539054500011844
concluded in  9.34176064499843
Solving snapshot 0 16
36ttime in solving system 2.988061342999572
time in solving system 0.18616726199979894
time in solving system 0.2259315859992057
concluded in  8.41954608600281
Solving snapshot 0 17
36
time in solving system 2.867905895000149
time in solving system 0.1555954049981665
time in solving system 0.23338897900248412
concluded in  8.75040864499897
Solving snapshot 0 18
36
time in solving system 4.003644083000836
time in solving system 0.179497265999089
time in solving system 0.17988688200057368
concluded in  9.776206291000562
Solving snapshot 0 19
36
time in solving system 2.9645633890031604
time in solving system 0.1869727060002333
time in solving system 0.15843322900036583
concluded in  8.253052555999602
Solving snapshot 0 20
36
time in solving system 2.9542849760000536
time in solving system 0.2157832650009368
time in solving system 0.191982898999413
concluded in  8.369835096000315
Solving snapshot 0 21
36
time in solving system 3.2200268199994753
time in solving system 0.2388382899989665
time in solving system 0.20393602599870064
concluded in  8.713557204999233
Solving snapshot 0 22
36
time in solving system 3.9101219969998056
time in solving system 0.20429684199916665
time in solving system 0.1718587409995962
concluded in  9.306379891997494
Solving snapshot 0 23
36
time in solving system 3.629372225001134
time in solving system 0.2209748919995036
time in solving system 0.2726752439994016
concluded in  9.124469813999895
Solving snapshot 0 24
36
time in solving system 3.2467230029978964
time in solving system 0.19892365199848427
time in solving system 0.28593217299930984
concluded in  8.88280858500002
Solving snapshot 0 25
36
time in solving system 2.9186134379997384
time in solving system 0.15899116799846524
time in solving system 0.2456199940024817
concluded in  8.681443516001309
Solving snapshot 0 26
36
time in solving system 3.4651129049998417
time in solving system 0.16654942500099423
time in solving system 0.1937214009994932
concluded in  9.16346152099868
Solving snapshot 0 27
36
time in solving system 3.6271262549998937
time in solving system 0.21497804799946607
time in solving system 0.30938629200318246
concluded in  9.559515491000639
Solving snapshot 0 28
36
time in solving system 3.612389231999259
time in solving system 0.1860413559988956
time in solving system 0.24792750699998578
concluded in  9.162844229998882
Solving snapshot 0 29
36
time in solving system 3.1571709599993483
time in solving system 0.18826104699837742
time in solving system 0.17585869299728074
concluded in  9.09583114400084
Solving snapshot 0 30
36
time in solving system 2.9542412709997734
time in solving system 0.15302687599978526
time in solving system 0.32627753199994913
concluded in  8.619509127998754
Solving snapshot 0 31
36
time in solving system 2.9142585679983313
time in solving system 0.238941072999296
time in solving system 0.13665215400033048
concluded in  8.187741714002186
Solving snapshot 0 32
36
time in solving system 3.049030476999178
time in solving system 0.13922872399780317
time in solving system 0.22613749599986477
concluded in  8.458905597999546
Solving snapshot 0 33
36
time in solving system 3.4440863080017152
time in solving system 0.18366367599810474
time in solving system 0.2457653899982688
concluded in  9.411430090000067
Solving snapshot 0 34
36
time in solving system 3.0327182229993923
time in solving system 0.15865463400041335
time in solving system 0.19322901900159195
concluded in  8.35899004699968
Solving snapshot 0 35
36
time in solving system 2.717074321997643
time in solving system 0.21944317900124588
time in solving system 0.18345043700173846
concluded in  8.235163647001173
Solving snapshot 0 36
3titime in solving system 2.9184546200012846
time in solving system 0.2012853569976869
time in solving system 0.16489066999929491
concluded in  8.90917448700202
Solving snapshot 0 37
36
time in solving system 3.669892638001329
time in solving system 0.212927997999941
time in solving system 0.2978106589980598
concluded in  9.618113595999603
Solving snapshot 0 38
36
time in solving system 2.7903497879997303
time in solving system 0.33829397199951927
time in solving system 0.34170055099821184
concluded in  9.085039072000654
Solving snapshot 0 39
36ttime in solving system 3.488633891000063
time in solving system 0.38161835500068264
time in solving system 0.17800477800119552
concluded in  9.386491350000142
Solving snapshot 0 40
36
time in solving system 3.929917170000408
time in solving system 0.19477855100194574
time in solving system 0.19845800900293398
concluded in  9.815058160002081
Solving snapshot 0 41
36
time in solving system 4.46350928999891
time in solving system 0.21701633500197204
time in solving system 0.1372811820001516
concluded in  10.25327609800297
Solving snapshot 0 42
36
time in solving system 4.210495770999842
time in solving system 0.23492611999972723
time in solving system 0.14986856800169335
concluded in  10.17899749100252
Solving snapshot 0 43
36
time in solving system 4.367142012000841
time in solving system 0.1525254109983507
time in solving system 0.12882142499802285
concluded in  9.555586021000636
Solving snapshot 0 44
36
time in solving system 3.6922102610005822
time in solving system 0.3866711650007346
time in solving system 0.29252784799973597
concluded in  9.357286393002141
Solving snapshot 0 45
36
time in solving system 4.425731284001813
time in solving system 0.15918216499994742
time in solving system 0.1580033270001877
concluded in  9.785162741001841
Solving snapshot 0 46
36
time in solving system 4.141023176998715
time in solving system 0.21981054200296057
time in solving system 0.13485005000256933
concluded in  9.957150802998513
Solving snapshot 0 47
36
time in solving system 4.267303767999692
time in solving system 0.17448865299957106
time in solving system 0.14095123299921397
concluded in  9.549617371998465
Solving snapshot 0 48
36
time in solving system 3.155862944000546
time in solving system 0.30763114799992763
time in solving system 0.19856752999839955
concluded in  8.811232708001626
Solving snapshot 0 49
36
time in solving system 3.6531964860005246
time in solving system 0.19802007399994181
time in solving system 0.2104227100026037
concluded in  9.395912132997182
Solving snapshot 0 50
36
time in solving system 3.9071238420001464
time in solving system 0.26409502000024077
time in solving system 0.20263116899877787
concluded in  9.640672263998567
Solving snapshot 0 51
36
time in solving system 3.513030047997745
time in solving system 0.19907644699924276
time in solving system 0.20243720899816253
concluded in  8.944864827997662
Solving snapshot 0 52
36
time in solving system 3.1064675630004785
time in solving system 0.18116683200059924
time in solving system 0.1774009959990508
concluded in  8.413157824001246
Solving snapshot 0 53
36
time in solving system 2.829679718997795
time in solving system 0.2289147060000687
time in solving system 0.16679995699814754
concluded in  8.703882649999287
Solving snapshot 0 54
36
time in solving system 3.226763792001293
time in solving system 0.24363824000101886
time in solving system 0.23463104699840187
concluded in  9.355005620000156
Solving snapshot 0 55
36
time in solving system 3.313163546001306
time in solving system 0.3093744079997123
time in solving system 0.17654408100133878
concluded in  8.646126708001248
Solving snapshot 0 56
36
time in solving system 3.634524566001346
time in solving system 0.18697027700181934
time in solving system 0.1884709459991427
concluded in  9.375990237000224
Solving snapshot 0 57
36
time in solving system 4.5028657670009125
time in solving system 0.17365570000038133
time in solving system 0.12554136799735716
concluded in  10.37560137499895
Solving snapshot 0 58
36
time in solving system 3.925706442001683
time in solving system 0.25923863500065636
time in solving system 0.1703865669987863
concluded in  9.803198089000944
Solving snapshot 0 59
36
time in solving system 3.4931839060009224
time in solving system 0.16562251600043965
time in solving system 0.23223455299739726
concluded in  8.944539316002192
Solving snapshot 0 60
36
time in solving system 3.474101738000172
time in solving system 0.1655450779981038
time in solving system 0.23679752300085966
concluded in  8.937899536002078
Solving snapshot 0 61
36
time in solving system 3.9868588939971232
time in solving system 0.2533518720010761
time in solving system 0.2537301060001482
concluded in  9.822987952000403
Solving snapshot 0 62
36
time in solving system 3.929067503002443
time in solving system 0.2177798550001171
time in solving system 0.2804529730019567
concluded in  9.785236713003542
Solving snapshot 0 63
36
time in solving system 3.6137673089979216
time in solving system 0.19221388900041347
time in solving system 0.16398107999702916
concluded in  9.429894371001865
Solving snapshot 0 64
36
time in solving system 4.035221699003159
time in solving system 0.2421635780010547
time in solving system 0.2013156139983039
concluded in  9.488128991000849
Solving snapshot 0 65
36
time in solving system 4.0713981020016945
time in solving system 0.21875009800351108
time in solving system 0.15653675199791905
concluded in  9.37335559100029
Solving snapshot 0 66
36
time in solving system 4.107070065998414
time in solving system 0.31778627400126425
time in solving system 0.16500808199998573
concluded in  9.59331989400016
Solving snapshot 0 67
36
time in solving system 3.8338689480005996
time in solving system 0.18881943900123588
time in solving system 0.2614058830004069
concluded in  9.119617019998259
Solving snapshot 0 68
36
time in solving system 3.968825238996942
time in solving system 0.19441669500156422
time in solving system 0.22293829500267748
concluded in  9.348860925998451
Solving snapshot 0 69
36
time in solving system 3.723224195000512
time in solving system 0.27436065999791026
time in solving system 0.20880253500217805
concluded in  9.831048830001237
Solving snapshot 0 70
36
time in solving system 3.4122816800008877
time in solving system 0.23732001700045657
time in solving system 0.15483383500031778
concluded in  8.720758331997786
Solving snapshot 0 71
36
time in solving system 3.5245554909997736
time in solving system 0.23283436600104324
time in solving system 0.166799530001299
concluded in  9.351092467000854
Solving snapshot 0 72
36
time in solving system 3.2737972239992814
time in solving system 0.1728344900002412
time in solving system 0.1754581210007018
concluded in  8.519223788996896
Solving snapshot 0 73
36
time in solving system 3.2457630969984166
time in solving system 0.21507281100275577
time in solving system 0.20302844499747152
concluded in  8.593027840001014
Solving snapshot 0 74
36
time in solving system 4.068207798001822
time in solving system 0.2041760020001675
time in solving system 0.172894791001454
concluded in  9.708206771996629
Solving snapshot 0 75
36
time in solving system 3.5911373629969603
time in solving system 0.15862054500030354
time in solving system 0.18941960600204766
concluded in  9.38376493100077
Solving snapshot 0 76
36
time in solving system 3.2891933980026806
time in solving system 0.24032115199952386
time in solving system 0.29443926400199416
concluded in  8.780752017999475
Solving snapshot 0 77
36
time in solving system 3.893223801998829
time in solving system 0.2503092859988101
time in solving system 0.1718145180020656
concluded in  9.643915800999821
Solving snapshot 0 78
36
time in solving system 4.629387250999571
time in solving system 0.13814704499964137
time in solving system 0.12539805499909562
concluded in  9.77602137699796
Solving snapshot 0 79
36
time in solving system 3.3695063439990918
time in solving system 0.23789879499963718
time in solving system 0.26106887599962647
concluded in  8.981163734999427
Solving snapshot 0 80
36
time in solving system 3.7754170349980996
time in solving system 0.2465085519979766
time in solving system 0.13482140399719356
concluded in  9.622155183998984
Solving snapshot 0 81
36
time in solving system 4.3767101949997596
time in solving system 0.1371099130010407
time in solving system 0.14369537899983698
concluded in  10.00600328300061
Solving snapshot 0 82
36
time in solving system 4.0211022309995315
time in solving system 0.13769553199745133
time in solving system 0.12744453399864142
concluded in  9.752636891000293
Solving snapshot 0 83
36
time in solving system 3.810602609999478
time in solving system 0.247899119000067
time in solving system 0.21503082100025495
concluded in  9.737590607997845
Solving snapshot 0 84
36
time in solving system 4.044423060000554
time in solving system 0.15474822200121707
time in solving system 0.12945677899915609
concluded in  9.373366634998092
Solving snapshot 0 85
36
time in solving system 3.746024572999886
time in solving system 0.23559287799798767
time in solving system 0.18672698400041554
concluded in  9.258827702997223
Solving snapshot 0 86
36
time in solving system 3.6093297410006926
time in solving system 0.2346107330013183
time in solving system 0.2099336110004515
concluded in  9.510677397000109
Solving snapshot 0 87
36
time in solving system 3.6967048999977123
time in solving system 0.21579737100182683
time in solving system 0.1491367079979682
concluded in  9.449778220998269
Solving snapshot 0 88
36
time in solving system 4.168651886997395
time in solving system 0.20266692400036845
time in solving system 0.12615804099914385
concluded in  9.924362960002327
Solving snapshot 0 89
36
time in solving system 4.1098775360005675
time in solving system 0.1565149839989317
time in solving system 0.13034209800025565
concluded in  9.422458582997933
Solving snapshot 0 90
36
time in solving system 3.7090793190000113
time in solving system 0.160541817000194
time in solving system 0.17403894000017317
concluded in  9.492578276000131
Solving snapshot 0 91
36
time in solving system 3.9711332820006646
time in solving system 0.20696519799821544
time in solving system 0.14986518799923942
concluded in  9.338987710001675
Solving snapshot 0 92
36
time in solving system 3.843031571999745
time in solving system 0.2986735790000239
time in solving system 0.2183231609997165
concluded in  9.441804473000957
Solving snapshot 0 93
36
time in solving system 3.4471518989994365
time in solving system 0.16250403499725508
time in solving system 0.19429590299841948
concluded in  8.816293814001256
Solving snapshot 0 94
36
time in solving system 3.1179893909975362
time in solving system 0.19295769200107316
time in solving system 0.2718405460000213
concluded in  8.668412817001808
Solving snapshot 0 95
36
time in solving system 3.291948318001232
time in solving system 0.30340926200005924
time in solving system 0.21351317500011646
concluded in  9.242070401996898
Solving snapshot 0 96
36
time in solving system 2.9282102110009873
time in solving system 0.15791457799787167
time in solving system 0.17435258099794737
concluded in  8.272877293999045
Solving snapshot 0 97
36
time in solving system 2.6574156990027404
time in solving system 0.17039288000160013
time in solving system 0.19797824299894273
concluded in  8.118747950000397
Solving snapshot 0 98
36
time in solving system 3.1736390700025368
time in solving system 0.16028679699957138
time in solving system 0.2570659490011167
concluded in  9.109434358000726
Solving snapshot 0 99
36
time in solving system 2.9256232540028577
time in solving system 0.20311456700073904
time in solving system 0.16111536099924706
concluded in  8.257041679000395
Solving snapshot 0 100
36
time in solving system 3.919501291002234
time in solving system 0.23720224700082326
time in solving system 0.16947117899690056
concluded in  9.927216428000975
Solving snapshot 0 101
36
time in solving system 3.785555806996854
time in solving system 0.3255127630000061
time in solving system 0.1755654879998474
concluded in  9.32258704600099
Solving snapshot 0 102
36
time in solving system 4.327784780998627
time in solving system 0.2008869470009813
time in solving system 0.28464720500051044
concluded in  9.818409330000577
Solving snapshot 0 103
36
time in solving system 3.856472190000204
time in solving system 0.2776356210015365
time in solving system 0.24822887600021204
concluded in  9.416539563000697
Solving snapshot 0 104
36
time in solving system 3.767022673997417
time in solving system 0.1798644670016074
time in solving system 0.16603774900067947
concluded in  9.37428867899871
Solving snapshot 0 105
36
time in solving system 2.8367350309999892
time in solving system 0.16730759499841952
time in solving system 0.25968915399789694
concluded in  8.22766509199937
Solving snapshot 0 106
36
time in solving system 3.5780277160010883
time in solving system 0.32043830399925355
time in solving system 0.26179285800026264
concluded in  9.677784611001698
Solving snapshot 0 107
36
time in solving system 3.8283838699971966
time in solving system 0.24458298399986234
time in solving system 0.23759658500057412
concluded in  9.767970371001866
Solving snapshot 0 108
36
time in solving system 3.8240845569998783
time in solving system 0.17665802000192343
time in solving system 0.23628185199777363
concluded in  9.339714695997827
Solving snapshot 0 109
36
time in solving system 3.4627626050023537
time in solving system 0.3161542289999488
time in solving system 0.20720460200027446
concluded in  9.416255571002694
Solving snapshot 0 110
36
time in solving system 3.849861898001109
time in solving system 0.2201498660033394
time in solving system 0.14135813699977007
concluded in  9.06572610999865
Solving snapshot 0 111
36
time in solving system 3.2982224549996317
time in solving system 0.3040398479970463
time in solving system 0.3091303010005504
concluded in  8.852555539000605
Solving snapshot 0 112
36
time in solving system 4.216106956002477
time in solving system 0.37102390300060506
time in solving system 0.2071554450012627
concluded in  9.791736081999261
Solving snapshot 0 113
36
time in solving system 4.247920270001487
time in solving system 0.21092050300285337
time in solving system 0.1353812889974506
concluded in  9.477234647001751
Solving snapshot 0 114
36
time in solving system 4.278823797998484
time in solving system 0.22371447299883584
time in solving system 0.13592949899975793
concluded in  10.08341925700006
Solving snapshot 0 115
36
time in solving system 4.252016227997956
time in solving system 0.237313041001471
time in solving system 0.23716336799770943
concluded in  10.223332243996992
Solving snapshot 0 116
36
time in solving system 4.118089576000784
time in solving system 0.15836831599881407
time in solving system 0.14670284800013178
concluded in  9.5201844300027
Solving snapshot 0 117
36
time in solving system 4.035042046998569
time in solving system 0.23781884200070635
time in solving system 0.13541053100198042
concluded in  9.842634016000375
Solving snapshot 0 118
36
time in solving system 4.574100027002714
time in solving system 0.1673840219991689
time in solving system 0.170570771999337
concluded in  9.808881225999357
Solving snapshot 0 119
36
time in solving system 4.066159730999061
time in solving system 0.1681036049994873
time in solving system 0.2714254870006698
concluded in  9.856005342000572
Solving snapshot 0 120
36
time in solving system 4.1728746150001825
time in solving system 0.17561799400209566
time in solving system 0.12773613700119313
concluded in  9.879629139999452
Solving snapshot 0 121
36
time in solving system 3.876758254999004
time in solving system 0.17523814100059099
time in solving system 0.26357507400098257
concluded in  9.270732451997901
Solving snapshot 0 122
36
time in solving system 3.7554787609988125
time in solving system 0.18501591899985215
time in solving system 0.13969107900265954
concluded in  9.284421082000335
Solving snapshot 0 123
36
time in solving system 4.446174448999955
time in solving system 0.1537616009991325
time in solving system 0.22236749099829467
concluded in  10.147211837000214
Solving snapshot 0 124
36
time in solving system 3.867818795999483
time in solving system 0.16230814000300597
time in solving system 0.21826674899784848
concluded in  9.648398867000651
Solving snapshot 0 125
36
time in solving system 3.9207778979980503
time in solving system 0.22211544899982982
time in solving system 0.14043931500054896
concluded in  9.677420025000174
Solving snapshot 0 126
36
time in solving system 4.133799980998447
time in solving system 0.26708879000216257
time in solving system 0.1844622820026416
concluded in  9.472485407000931
Solving snapshot 0 127
36
time in solving system 3.834484794999298
time in solving system 0.23266619299829472
time in solving system 0.2254502779978793
concluded in  9.877423894002277
Solving snapshot 0 128
36
time in solving system 4.070042168998043
time in solving system 0.21866956899975776
time in solving system 0.160830447999615
concluded in  9.525126495002041
Solving snapshot 0 129
36
time in solving system 4.088065514999471
time in solving system 0.23986168400006136
time in solving system 0.15473588399981963
concluded in  10.065261918000033
Solving snapshot 0 130
36
time in solving system 4.12849519700103
time in solving system 0.16823391000070842
time in solving system 0.13681086700307787
concluded in  9.315297296001518
Solving snapshot 0 131
36
time in solving system 4.535911178001697
time in solving system 0.38155927400293876
time in solving system 0.24749302300187992
concluded in  10.155162906998157
Solving snapshot 0 132
36
time in solving system 3.6224571940001624
time in solving system 0.21467970600133413
time in solving system 0.23067203399841674
concluded in  9.098421892998886
Solving snapshot 0 133
36
time in solving system 3.5466932089984766
time in solving system 0.28199914200013154
time in solving system 0.25244695500077796
concluded in  9.48323812399758
Solving snapshot 0 134
36
time in solving system 3.6631388639980287
time in solving system 0.1571391869983927
time in solving system 0.1846639610012062
concluded in  9.481883827000274
Solving snapshot 0 135
36
time in solving system 4.315418095000496
time in solving system 0.15468462399803684
time in solving system 0.2143948820012156
concluded in  10.034471306000341
Solving snapshot 0 136
36
time in solving system 4.389058592998481
time in solving system 0.18488736400104244
time in solving system 0.13424037100048736
concluded in  9.632930482002848
Solving snapshot 0 137
36
time in solving system 4.226517098999466
time in solving system 0.22215288100051112
time in solving system 0.13646003699977882
concluded in  10.01436094499877
Solving snapshot 0 138
36
time in solving system 3.7069387970004755
time in solving system 0.17672021200269228
time in solving system 0.1758285479991173
concluded in  9.619860647999303
Solving snapshot 0 139
36
time in solving system 3.6737792960011575
time in solving system 0.1906440120001207
time in solving system 0.18067638099819305
concluded in  9.574313435998192
Solving snapshot 0 140
36
time in solving system 3.844029502997728
time in solving system 0.1560348189996148
time in solving system 0.22438989200236392
concluded in  9.581055711001682
Solving snapshot 0 141
36
time in solving system 3.6635066849994473
time in solving system 0.1791264389976277
time in solving system 0.21866630099975737
concluded in  9.554830443998071
Solving snapshot 0 142
36
time in solving system 4.109499639002024
time in solving system 0.21394847700139508
time in solving system 0.1668915830014157
concluded in  9.584844261000399
Solving snapshot 0 143
36
time in solving system 3.924799025997345
time in solving system 0.2321646510026767
time in solving system 0.23041040500174859
concluded in  9.359072464998462
Solving snapshot 0 144
36
time in solving system 3.5184373589981988
time in solving system 0.20181566400060547
time in solving system 0.23133400599908782
concluded in  9.386501777997182
Solving snapshot 0time in time in solving system 3.783546759001183
time in solving system 0.2088638390014239
time in solving system 0.15647676899970975
concluded in  9.379620859999704
Solving snapshot 0time in time in solving system 3.4655879979982274
time in solving system 0.16016999299972667
time in solving system 0.2187896620016545
concluded in  8.76238231699972
Solving snapshot time in stime in solving system 3.692750840997178
time in solving system 0.21396483900025487
time in solving system 0.18874621700160787
concluded in  9.518810157998814
Solving snapshot time in stime in solving system 3.6727736899993033
time in solving system 0.1729775610001525
time in solving system 0.1896778299997095
concluded in  9.186002900001768
Solving snapshot 0time in time in solving system 3.4310797699981777
time in solving system 0.22427728100228705
time in solving system 0.14574527199874865
concluded in  9.217713982001442
Solving snapshot time in stime in solving system 4.2292520359987975
time in solving system 0.18556005400023423
time in solving system 0.15474692700081505
concluded in  9.952590717999556
Solving snapshot 0 151
36
time in solving system 3.7505421830028354
time in solving system 0.15609527000196977
time in solving system 0.201773847998993
concluded in  9.494905437000853
Solving snapshot 0 152
36
time in solving system 4.107331534996774
time in solving system 0.13308046800011653
time in solving system 0.12989963899963186
concluded in  9.744078939998872
Solving snapshot 0 153
36
time in solving system 3.8607094120015972
time in solving system 0.23979985600090004
time in solving system 0.14347539200025494
concluded in  9.107350637001218
Solving snapshottime in sotime in solving system 4.011577507997572
time in solving system 0.17303148199789575
time in solving system 0.22646701800113078
concluded in  9.35021880700151
Solving snapshot 0 155
36
time in solving system 3.5979278099985095
time in solving system 0.21642562199849635
time in solving system 0.1739736469971831
concluded in  9.255398971999966
Solving snapshot 0 156
36
time in solving system 3.2949439240001084
time in solving system 0.22576232600113144
time in solving system 0.19791433900172706
concluded in  8.802072688999033
Solving snapshtime in solvtime in solving system 2.9234081370013882
time in solving system 0.18722415999945952
time in solving system 0.1440607580007054
concluded in  8.161458770999161
Solving sntime in solving time in solving system 3.1364228009988437
time in solving system 0.166575331997592
time in solving system 0.12256754300324246
concluded in  8.430520453002828
Solving stime in solving stime in solving system 3.07712842500041
time in solving system 0.1514011470026162
time in solving system 0.14950321200012695
concluded in  8.348145469000883
Solving snatime in solvingtime in solving system 3.1464019259983615
time in solving system 0.23613333799949032
time in solving system 0.1638945100021374
concluded in  8.567741571001534
Solving stime in solving stime in solving system 2.860735067999485
time in solving system 0.2305605129986361
time in solving system 0.16892085700237658
concluded in  8.45227441300085
Solving snaptime in solvintime in solving system 3.1785094299993943
time in solving system 0.1970952270021371
time in solving system 0.18976242399730836
concluded in  8.619968033999612
Solving snaptime in solvintime in solving system 3.1844910770014394
time in solving system 0.16106784600196988
time in solving system 0.17617465400326182
concluded in  8.910602798998298
Solving snatime in solvingtime in solving system 3.8188293790008174
time in solving system 0.2809968910005409
time in solving system 0.18893820099765435
concluded in  9.628402319001907
Solving snapshot 0 165
36
time in solving system 3.3790703669983486
time in solving system 0.22843059200022253
time in solving system 0.24599516300077084
concluded in  9.34844886099745
Solving stime in solving stime in solving system 2.922916225001245
time in solving system 0.19811667100293562
time in solving system 0.16886098400209448
concluded in  8.250174937002157
Solving stime in solving stime in solving system 3.093915028999618
time in solving system 0.19822730200030492
time in solving system 0.13231311100025778
concluded in  8.296197662002669
Solving stime in solving stime in solving system 3.0450262970007316
time in solving system 0.23533400899759727
time in solving system 0.1795586309999635
concluded in  8.539670714999374
Solving stime in solving stime in solving system 2.94574969000314
time in solving system 0.22589170600258512
time in solving system 0.18077702300070086
concluded in  8.523173581001174
Solving stime in solving stime in solving system 2.8888363570004003
time in solving system 0.23594378499910817
time in solving system 0.12023561099704239
concluded in  8.66895713300255
Solving stime in solving stime in solving system 3.0184269810015394
time in solving system 0.13394171699837898
time in solving system 0.15023742300036247
concluded in  9.10471319700082
Solving stime in solving stime in solving system 2.985584154001117
time in solving system 0.15359875699869008
time in solving system 0.12854174899985082
concluded in  8.470464824000373
Solving stime in solving stime in solving system 3.2671435450029094
time in solving system 0.22170859000107157
time in solving system 0.14333866699962527
concluded in  9.45930428399879
Solving stime in solving stime in solving system 2.8771785069984617
time in solving system 0.1404977969978063
time in solving system 0.15540868199968827
concluded in  8.16047010300099
Solving sntime in solving time in solving system 3.311141141999542
time in solving system 0.19658527899809997
time in solving system 0.2034469079990231
concluded in  9.5707494269991
Solving snaptime in solvintime in solving system 3.1409733869986667
time in solving system 0.2235313759993005
time in solving system 0.13511443999959738
concluded in  8.331421074999525
Solving snatime in solvingtime in solving system 3.4069179439975414
time in solving system 0.1671124000022246
time in solving system 0.20891998000297463
concluded in  9.506422410999221
Solving snatime in solvingtime in solving system 3.7932008069983567
time in solving system 0.21890118600276764
time in solving system 0.15657648900014465
concluded in  9.608984965998388
Solving sntime in solving time in solving system 3.650659947001259
time in solving system 0.251139387000876
time in solving system 0.20843392700044205
concluded in  9.333991984000022
Solving snatime in solvingtime in solving system 3.248074635001103
time in solving system 0.2633532869986084
time in solving system 0.12941587900058948
concluded in  8.785420709999016
Solving snaptime in solvintime in solving system 3.825190832998487
time in solving system 0.1349759479999193
time in solving system 0.21772416299791075
concluded in  9.267712362001475
Solving snaptime in solvintime in solving system 3.2123105060018133
time in solving system 0.24845281000307295
time in solving system 0.20840409499942325
concluded in  9.181046973000775
Solving sntime in solving time in solving system 3.7263852190008038
time in solving system 0.24788994199843728
time in solving system 0.15407653399961418
concluded in  9.583949452000525
Solving sntime in solving time in solving system 3.7549433929998486
time in solving system 0.15732011399813928
time in solving system 0.13999386499926914
concluded in  9.322147949002101
Solving stime in solving stime in solving system 3.0506066560010368
time in solving system 0.162011992000771
time in solving system 0.14621098000134225
concluded in  8.46222562100229
Solving sntime in solving time in solving system 3.315372738001315
time in solving system 0.20410010299747228
time in solving system 0.23386243099957937
concluded in  8.828211783002189
Solving time in solving sytime in solving system 3.1058988379991206
time in solving system 0.21392668599946774
time in solving system 0.15693590999944718
concluded in  8.788070858998253
Solvintime in solving systtime in solving system 4.093110101999628
time in solving system 0.19071975100087002
time in solving system 0.20337556100275833
concluded in  10.119081895001727
time in solving system 4.1time in solving system 4.291358544000104
time in solving system 0.13766122900051414
time in solving system 0.1269019230021513
concluded in  9.972468803000083
Solving snapshot 0 190
36
time in solving system 4.024132181999448
time in solving system 0.15519101400059299
time in solving system 0.2008984429994598
concluded in  9.441905886000313
Solving snapshot 0 191
36
time in solving system 3.0589246320014354
time in solving system 0.17224191399873234
time in solving system 0.2932878130013705
concluded in  8.535485535001499
Stime in solving system 3.time in solving system 3.308748346000357
time in solving system 0.2100966830003017
time in solving system 0.19140388700179756
concluded in  9.025979147998441
Sotime in solving system 3time in solving system 3.701401276000979
time in solving system 0.29188975999932154
time in solving system 0.23699895499885315
concluded in  9.65056046600148
Solving snapshot 0 194
36
time in solving system 3.125949443998252
time in solving system 0.1540780409995932
time in solving system 0.18182419200093136
concluded in  8.892152816999442
Soltime in solving system time in solving system 3.6101528049985063
time in solving system 0.21688288700170233
time in solving system 0.2897725000002538
concluded in  9.515986211998097
Solving snapshot 0 196
36
time in solving system 3.9149994119979965
time in solving system 0.16665184699741076
time in solving system 0.2834263449985883
concluded in  9.91227132199856
Solving snapshot 0 197
36
time in solving system 3.9116946709982585
time in solving system 0.2124456720011949
time in solving system 0.19955281100192224
concluded in  9.331539934999455
Solving snapshot 0 198
36
time in solving system 3.864851202000864
time in solving system 0.24480381200191914
time in solving system 0.25432919599916204
concluded in  9.381883216999995
Solvitime in solving systetime in solving system 3.8011441079979704
time in solving system 0.21725673000037204
time in solving system 0.17300189399975352
concluded in  9.141457387999253
Solvtime in solving systemtime in solving system 3.992517355000018
time in solving system 0.24383804999888525
time in solving system 0.18781539100018563
concluded in  9.358108542000991
Solving snapshot 0 201
36
time in solving system 3.5461400490021333
time in solving system 0.2293579340002907
time in solving system 0.16958031299873255
concluded in  8.805913752003107
Solvitime in solving systetime in solving system 3.1255500910010596
time in solving system 0.25156698799764854
time in solving system 0.16003198199905455
concluded in  8.455976493998605
Soltime in solving system time in solving system 2.990700903999823
time in solving system 0.15745535799942445
time in solving system 0.16117826600020635
concluded in  8.314232921002258
Sotime in solving system 3time in solving system 3.151067571998283
time in solving system 0.1787076389991853
time in solving system 0.2018887510021159
concluded in  9.027667900001688
Soltime in solving system time in solving system 2.9344814059986675
time in solving system 0.21650764500009245
time in solving system 0.13658240099903196
concluded in  8.177642456001195
Stime in solving system 3.time in solving system 2.7879479250004806
time in solving system 0.232445549001568
time in solving system 0.16362838100030785
concluded in  8.665721249002672
Stime in solving system 3.time in solving system 3.056065643002512
time in solving system 0.15397349199702148
time in solving system 0.1491340989996388
concluded in  8.43020687399985
Soltime in solving system time in solving system 3.8089945200008515
time in solving system 0.16834878200097592
time in solving system 0.1413456589980342
concluded in  9.562281673999678
Solving snapshot 0 209
36
time in solving system 4.431652776002011
time in solving system 0.14008085299792583
time in solving system 0.13661663199673058
concluded in  10.105722283002251
Solving snapshot 0 210
36
time in solving system 3.879379947997222
time in solving system 0.1607006790000014
time in solving system 0.22261069899832364
concluded in  9.477036256997962
Solving snapshot 0 211
36
time in solving system 4.199251984999137
time in solving system 0.28319676899991464
time in solving system 0.143743598000583
concluded in  10.198321681997186
Solving snapshot 0 212
36
time in solving system 4.433446956001717
time in solving system 0.1811466750004911
time in solving system 0.1530196639978385
concluded in  9.64541444200222
Solving snapshot 0 213
36
time in solving system 3.8159029230009764
time in solving system 0.17323984199902043
time in solving system 0.15485142399847973
concluded in  9.690330354998878
Solving snapshot 0 214
36
time in solving system 3.700682610000513
time in solving system 0.1677212460017472
time in solving system 0.17204792499978794
concluded in  9.502982011003041
Solving snapshot 0 215
36
time in solving system 3.7419192270026542
time in solving system 0.18553498900291743
time in solving system 0.15440116099853185
concluded in  9.562996374999784
Solving snapshot 0 216
36
time in solving system 3.4766138769991812
time in solving system 0.1586172009992879
time in solving system 0.13719229600246763
concluded in  9.304605522000202
Solving snapshot 0 217
36
time in solving system 3.4037198520018137
time in solving system 0.20436527799756732
time in solving system 0.21245784400161938
concluded in  9.398987067001144
Solving snapshot 0 218
36
time in solving system 3.4770173559991235
time in solving system 0.18811499500225182
time in solving system 0.12661334099902888
concluded in  8.561666094999964
Solving snapshot 0 219
36
time in solving system 3.334567212001275
time in solving system 0.13388452399885864
time in solving system 0.16106674500042573
concluded in  9.208637740997801
Solving snapshot 0 220
36
time in solving system 3.431978528999025
time in solving system 0.15069910599777359
time in solving system 0.16383936899728724
concluded in  8.751808955999877
Solving snapshot 0 221
36
time in solving system 3.321633624000242
time in solving system 0.21712409700194257
time in solving system 0.18577587999971001
concluded in  9.07585424500212
Solving snapshot 0 222
36
time in solving system 3.789069081998605
time in solving system 0.22528880900063086
time in solving system 0.24494973300170386
concluded in  9.606766749999224
Solving snapshot 0 223
36
time in solving system 3.449486601002718
time in solving system 0.16250789600235294
time in solving system 0.18532890699862037
concluded in  9.253676254000311
Solving snapshot 0 224
36
time in solving system 3.356554067999241
time in solving system 0.22140687499995693
time in solving system 0.14280241899905377
concluded in  9.271573696001724
Solving snapshot 0 225
36
time in solving system 3.7268790519992763
time in solving system 0.21923518900075578
time in solving system 0.17151695799839217
concluded in  9.621925576000649
Solving snapshot 0 226
36
time in solving system 3.676591195002402
time in solving system 0.1686966970009962
time in solving system 0.18316806700022426
concluded in  8.94852258100218
Solving snapshot 0 227
36
time in solving system 3.5138116689995513
time in solving system 0.17320010299954447
time in solving system 0.20669859999907203
concluded in  9.03169time in solving system 4.37673985800time in solving system 3.793639413001074
time in solving system 0.23120083899993915
time in solving system 0.22607017400150653
concluded in  9.593443366000429
Solving snapshot 0 229
36
time in solving system 3.0959894370025722
time in solving system 0.3357159790029982
time in solving system 0.27641277400107356
concluded in  9.1744727time in solving system 4.2644524419time in solving system 3.10991378199833
time in solving system 0.18583317500088015
time in solving system 0.26018657900203834
concluded in  8.6071278time in solving system 4.3879095919time in solving system 2.8863716119994933
time in solving system 0.14488590999826556
time in solving system 0.20854967999912333
concluded in  8.2145time in solving system 3.8614631359996time in solving system 2.948496506000083
time in solving system 0.20928391799679957
time in solving system 0.16816931299763382
concluded in  8.39723time in solving system 3.64937551600time in solving system 3.048370205997344
time in solving system 0.19534401200144202
time in solving system 0.21261198800129932
concluded in  8.761893time in solving system 3.6216427149time in solving system 3.4311667010006204
time in solving system 0.26682423500096775
time in solving system 0.23145116900195717
concluded in  9.57869time in solving system 4.00946529700time in solving system 2.971104762000323
time in solving system 0.16144472299856716
time in solving system 0.23193313700176077
concluded in  8.906time in solving system 4.08263929099848time in solving system 3.0438281440001447
time in solving system 0.16093512800216558
time in solving system 0.16320353600167437
concluded in  8.time in solving system 3.8847046490009234
time in solving system 3.057975064999482
time in solving system 0.1854641999998421
time in solving system 0.24057440400065389
concluded in  8.84time in solving system 3.773282011999981time in solving system 2.879158727999311
time in solving system 0.15130147599847987
time in solving system 0.12482405000264407
concluded in  8.02time in solving system 3.595807376001175time in solving system 2.699976626001444
time in solving system 0.16656148199763265
time in solving system 0.17729517399857286
concluded in  8.620time in solving system 4.3866574740022time in solving system 3.102708481001173
time in solving system 0.27535444499881123
time in solving system 0.15892045900181984
concluded in  9.2206time in solving system 4.06362163800time in solving system 3.3403909459993884
time in solving system 0.15779542699965532
time in solving system 0.23672016199998325
concluded in  9.3555time in solving system 4.3979750519974time in solving system 3.491438693999953
time in solving system 0.21142036599849234
time in solving system 0.17020834800132434
concluded in  9.5199time in solving system 4.226687730002time in solving system 3.6022862040008476
time in solving system 0.2003626340010669
time in solving system 0.19880141399698914
concluded in  9.541010933000507
Solving snapshot 0 244
36
time in solving system 3.8371092509987648
time in solving system 0.18103774399787653
time in solving system 0.23537543899874436
concluded in  9.73331748200144
Solving snapshot 0 245
36
time in solving system 3.773796190002031
time in solving system 0.2480845890022465
time in solving system 0.19651844400141272
concluded in  9.247408264000114
Solving snapshot 0 246
36
time in solving system 3.881959996997466
time in solving system 0.1830451850000827
time in solving system 0.18459223299942096
concluded in  9.82470time in solving system 4.332262811996time in solving system 4.207935368998733
time in solving system 0.2031791930021427
time in solving system 0.1296196699986467
concluded in  9.8542786959988
Solving snapshot 0 248
36
time in solving system 4.06013288000031
time in solving system 0.19014193900147802
time in solving system 0.1559873369988054
concluded in  9.703699612000491
Solving snapshot 0 249
36
time in solving system 4.198902390999137
time in solving system 0.1398127759966883
time in solving system 0.22717767200083472
concluded in  9.927770187998249
Solving snapshot 0 250
36
time in solving system 3.9924090870008513
time in solving system 0.1581676530004188
time in solving system 0.16602994200002286
concluded in  9.213773777002643
Solving snapshot 0 251
36
time in solving system 3.7410234849994595
time in solving system 0.2307330469993758
time in solving system 0.23250760999872
concluded in  9.750512326998432
Solving snapshot 0 252
36
time in solving system 3.4117232429998694
time in solving system 0.18289093999919714
time in solving system 0.22454818500045803
concluded in  9.30467306599894
Solving snapshot 0 253
36
time in solving system 4.109216410000954
time in solving system 0.19693921300131478
time in solving system 0.232864294997853
concluded in  9.486712394998904
Solving snapshot 0 254
36
time in solving system 3.8287250980029057
time in solving system 0.16347432900147396
time in solving system 0.22081634099959047
concluded in  9.559475604000909
Solving snapshot 0 255
36
time in solving system 4.077246740998817
time in solving system 0.22246017699944787
time in solving system 0.1345441990015388
concluded in  9.396889882998948
Solving snapshot 0 256
36
time in solving system 3.8717007110026316
time in solving system 0.25403186199764605
time in solving system 0.17368932899989886
concluded in  9.282016807999753
Solving snapshot 0 257
36
time in solving system 3.786272420999012
time in solving system 0.20633103199725156
time in solving system 0.25020292200133554
concluded in  9.545015935000265
Solving snapshot 0 258
36
time in solving system 3.697703404999629
time in solving system 0.15920745900075417
time in solving system 0.1462506219977513
concluded in  9.46938285700162time in solving system 4.08time in solving system 3.629945536999003
time in solving system 0.19312834900119924
time in solving system 0.220640129999083
concluded in  9.469772121999995
Solving snapshot 0 260
36
time in solving system 3.555619549999392
time in solving system 0.1891675259976182
time in solving system 0.16108922700004769
concluded in  8.86942668700066time in solving system 4.141time in solving system 3.6787541970006714
time in solving system 0.17103237400078797
time in solving system 0.20213046699791448
concluded in  9.0444576039time in solving system 3.8881375time in solving system 3.1042537329994957
time in solving system 0.18750046800050768
time in solving system 0.17759802699947613
concluded in  8.56293613time in solving system 4.1125582time in solving system 3.895528135002678
time in solving system 0.2406787220024853
time in solving system 0.24905084500278463
concluded in  9.9219547290013
Solving snapshot 0 264
36
time in solving system 2.9744132490013726
time in solving system 0.20954935200279579
time in solving system 0.1802587699967262
concluded in  8.3182685930time in solving system 4.308508time in solving system 3.1695499810011825
time in solving system 0.23078741100107436
time in solving system 0.1710967429971788
concluded in  8.864997374time in solving system 4.02568198time in solving system 3.1135061829991173
time in solving system 0.2321307620004518
time in solving system 0.1581600069985143
concluded in  8.44085348time in solving system 3.969647614time in solving system 2.9437199999993027
time in solving system 0.1775353030025144
time in solving system 0.1663451750027889
concluded in  8.6451462069time in solving system 3.8909143time in solving system 3.0387503589990956
time in solving system 0.2259307809981692
time in solving system 0.18016519999946468
concluded in  8.7885904550time in solving system 4.1449384time in solving system 3.0786085780018766
time in solving system 0.22085298099773354
time in solving system 0.1629635879980924
concluded in  8.7675306time in solving system 4.078343263time in solving system 3.3190909510012716
time in solving system 0.16020839500197326
time in solving system 0.16164364500218653
concluded in  8.962752time in solving system 4.34741606899time in solving system 3.3275562560011167
time in solving system 0.22950339800081565
time in solving system 0.19917846899988945
concluded in  9.289587time in solving system 3.43239767799time in solving system 2.8494743179981015
time in solving system 0.16611465700043482
time in solving system 0.16545038100230158
concluded in  8.748287time in solving system 3.48685558800time in solving system 2.886237881000852
time in solving system 0.13191832099983003
time in solving system 0.13452121099908254
concluded in  8.08time in solving system 3.195850004001840time in solving system 2.871917755997856
time in solving system 0.22590920100265066
time in solving system 0.14338221800062456
concluded in  8.831time in solving system 3.57208772300145time in solving system 2.9692867869998736
time in solving system 0.2723255990022153
time in solving system 0.1625250139986747
concluded in  8.4725time in solving system 3.9298645730013time in solving system 3.0924085379992903
time in solving system 0.21528564199979883
time in solving system 0.16167968900117557
concluded in  8.8time in solving system 3.755922832999204
time in solving system 2.754468810002436
time in solving system 0.15994557200247073
time in solving system 0.20168271199872834
concluded in  8time in solving system 3.832567127999937
titime in solving system 3.031826189999265
time in solving system 0.20286444700104767
time in solving system 0.24592666600074153
concluded in time in solving system 3.5916681039998366
timtime in solving system 3.3564702199983003
time in solving system 0.26194567199854646
time in solving system 0.33927930000209017
concluded in  9.166128051001579
Solving snapshot 0 280
36
time in solving system 3.9807345170011104
time in solving system 0.24242221899839933
time in solving system 0.1807961090016761
concluded in  9.86494877899895
Solving snapshot 0 281
36
time in solving system 3.8872566419995565
time in solving system 0.259871774000203
time in solving system 0.17824543800088577
concluded in  9.73422297200159
Solving snapshot 0 282
36
time in solving system 4.845869991000654
time in solving system 0.15567583799929707
time in solving system 0.2193025779997697
concluded in  10.958597419001308
Solving snapshot 0 283
36
time in solving system 4.113299389999156
time in solving system 0.2620524909980304
time in solving system 0.2881502989985165
concluded in  10.04665908899915
Solving snapshot 0 284
36
time in solving system 4.235003047000646
time in solving system 0.23132924599849503
time in solving system 0.13659921100042993
concluded in  9.621952377001435
Solving snapshot 0 285
36
time in solving system 3.501574204001372
time in solving system 0.24899515899960534
time in solving system 0.17856153799948515
concluded in  9.038264639002591
Solving snapshot 0 286
36
time in solving system 4.507803919001162
time in solving system 0.2706883020000532
time in solving system 0.1298263799981214
concluded in  10.324629224996897
Solving snapshot 0 287
36
time in solving system 3.9333490960016206
time in solving system 0.24745507300031022
time in solving system 0.128745195997908
concluded in  9.382245474000229
Solving snapshot 0 288
36
time in solving system 3.869417096997495
time in solving system 0.3119205869988946
time in solving system 0.25616567399993073
concluded in  9.436595944000146
Solving snapshot 0 289
36
time in solving system 4.287383220002084
time in solving system 0.2521795339998789
time in solving system 0.15619365400198149
concluded in  9.601212397999916
Solving snapshot 0 290
36
time in solving system 3.435406337001041
time in solving system 0.17576468900006148
time in solving system 0.19342128000062075
concluded in  9.331012923001254
Solving snapshot 0 291
36
time in solving system 3.9711987959999533
time in solving system 0.17913654299991322
time in solving system 0.14511010400019586
concluded in  9.551575176999904
Solving snapshot 0 292
36
time in solving system 3.118434915999387
time in solving system 0.33745790499961004
time in solving system 0.3783934479979507
concluded in  9.30036time in solving system 4.58347580600time in solving system 3.2962716669971996
time in solving system 0.23571316499874229
time in solving system 0.17359179000050062
concluded in  8.6727time in solving system 4.2985034440025time in solving system 2.5876553189991682
time in solving system 0.16632199000014225
time in solving system 0.14104470199890784
concluded in  7.8021time in solving system 4.0526860059981time in solving system 2.314849215999857
time in solving system 0.12952564599981997
time in solving system 0.11970067400034168
concluded in  7.3628time in solving system 3.3499871179992time in solving system 2.504454910998902
time in solving system 0.14695758599918918
time in solving system 0.1156871629973466
concluded in  7.78844time in solving system 3.01044072500time in solving system 2.1126793650000764
time in solving system 0.14202958600071725
time in solving system 0.12749821100078407
concluded in  7.223321time in solving system 2.603071868001time in solving system 2.2878938430003473
time in solving system 0.14979845199923147
time in solving system 0.11944176799806883
concluded in  7.44763time in solving system 2.8907526620023time in solving system 2.0230917830012913
time in solving system 0.12019612700169091
time in solving system 0.18871280299936188
concluded in  6.716271818997484
[]
Not completed: []
