Solving not completed simulation: 0-th chance
Solving snapshot 0 0
36
time in solving system 3.9366580200003227
time in solving system 0.17348694099928252
time in solving system 0.2415746360002231
concluded in  9.395181308998872
Solving snapshot 0 1
36
time in solving system 4.207951984000829
time in solving system 0.17439474200000404
time in solving system 0.2177796819996729
concluded in  9.671380661000512
Solving snapshot 0 2
36
time in solving system 4.358472449999681
time in solving system 0.2015103019984963
time in solving system 0.15977421199931996
concluded in  11.459902013999454
Solving snapshot 0 3
36
time in solving system 4.595075211000221
time in solving system 0.3244643370017002
time in solving system 0.3308405950010638
concluded in  10.807103346000076
Solving snapshot 0 4
36
time in solving system 5.763959092000732
time in solving system 0.22199187600017467
time in solving system 0.1836562890002824
concluded in  12.219177594999564
Solving snapshot 0 5
36
time in solving system 5.368493351999859
time in solving system 0.1907745629996498
time in solving system 0.1999569750005321
concluded in  11.894172614000126
Solving snapshot 0 6
36
time in solving system 6.34673238600044
time in solving system 0.153784258000087
time in solving system 0.2657436190002045
concluded in  13.125498190000144
Solving snapshot 0 7
36
time in solving system 5.531656629000281
time in solving system 0.251775364000423
time in solving system 0.23830502900091233
concluded in  12.573803949000649
Solving snapshot 0 8
36
time in solving system 5.980393758998616
time in solving system 0.22328756100068858
time in solving system 0.25880019100077334
concluded in  12.573859307998646
Solving snapshot 0 9
36
time in solving system 5.926202525999543
time in solving system 0.19718164799996885
time in solving system 0.18222941999920295
concluded in  12.499001146999944
Solving snapshot 0 10
36
time in solving system 6.250270219999948
time in solving system 0.17204994600069767
time in solving system 0.30918681399998604
concluded in  13.232749106999108
Solving snapshot 0 11
36
time in solving system 5.900235735000024
time in solving system 0.2233629349993862
time in solving system 0.31488233399977617
concluded in  12.358387632000813
Solving snapshot 0 12
36
time in solving system 5.070006371001
time in solving system 0.4562593909995485
time in solving system 0.4292957590005244
concluded in  11.947039102000417
Solving snapshot 0 13
36
time in solving system 5.488268782000887
time in solving system 0.41008817100009765
time in solving system 0.3414756669990311
concluded in  12.034762416000376
Solving snapshot 0 14
36
time in solving system 4.888582992000011
time in solving system 0.4323648839999805
time in solving system 0.4703504150002118
concluded in  12.311411803999363
Solving snapshot 0 15
36
time in solving system 3.8836539130006713
time in solving system 0.3352359370001068
time in solving system 0.3782611510014249
concluded in  10.730562097000075
Solving snapshot 0 16
36
time in solving system 3.3822779929996614
time in solving system 0.17632479799976863
time in solving system 0.17522443599955295
concluded in  9.712817163999716
Solving snapshot 0 17
36
time in solving system 3.349361117998342
time in solving system 0.2715601740001148
time in solving system 0.25641830200038385
concluded in  10.890798024000105
Solving snapshot 0 18
36
time in solving system 4.522987719999946
time in solving system 0.33874317499976314
time in solving system 0.5098985060012637
concluded in  12.880833731000166
Solving snapshot 0 19
36
time in solving system 3.797973954000554
time in solving system 0.2364808179991087
time in solving system 0.19853135900120833
concluded in  10.532533032999709
Solving snapshot 0 20
36
time in solving system 4.053818461999981
time in solving system 0.29422636599883845
time in solving system 0.22680501700051536
concluded in  10.661642757999289
Solving snapshot 0 21
36
time in solving system 3.814572235000014
time in solving system 0.27676033900024777
time in solving system 0.26769170999978087
concluded in  9.779069970998535
Solving snapshot 0 22
36
time in solving system 3.717358969999623
time in solving system 0.18786693400033982
time in solving system 0.26867295900046884
concluded in  10.26709596100045
Solving snapshot 0 23
36
time in solving system 3.9696925040007045
time in solving system 0.22111171100004867
time in solving system 0.24524636000023747
concluded in  9.917477326000153
Solving snapshot 0 24
36
time in solving system 4.1613958469988575
time in solving system 0.25877769799990347
time in solving system 0.2561651460000576
concluded in  10.363635878000423
Solving snapshot 0 25
36
time in solving system 5.136831331999929
time in solving system 0.2389592449999327
time in solving system 0.15595460100121272
concluded in  11.388526491999073
Solving snapshot 0 26
36
time in solving system 4.751470902998335
time in solving system 0.19703190899963374
time in solving system 0.16467571599969233
concluded in  10.79618950600161
Solving snapshot 0 27
36
time in solving system 5.769306455000333
time in solving system 0.26901971900042554
time in solving system 0.20820613100113405
concluded in  12.212538862000656
Solving snapshot 0 28
36
time in solving system 5.615177308000057
time in solving system 0.24260858900015592
time in solving system 0.19556637899950147
concluded in  11.96967815700009
Solving snapshot 0 29
36
time in solving system 5.668033952000769
time in solving system 0.18230904399933934
time in solving system 0.18846023799960676
concluded in  11.834906891999708
Solving snapshot 0 30
36
time in solving system 4.751997352001126
time in solving system 0.2766114830010338
time in solving system 0.17009709600097267
concluded in  11.100752299000305
Solving snapshot 0 31
36
time in solving system 5.223773841998991
time in solving system 0.16631433800102968
time in solving system 0.30881185199905303
concluded in  11.514916219999577
Solving snapshot 0 32
36
time in solving system 4.947705269998551
time in solving system 0.24658970199925534
time in solving system 0.1419077729988203
concluded in  10.933585558999766
Solving snapshot 0 33
36
time in solving system 4.98681153400139
time in solving system 0.15938049900069018
time in solving system 0.35207201699995494
concluded in  11.332585252999706
Solving snapshot 0 34
36
time in solving system 5.0150406140001
time in solving system 0.20662221200109343
time in solving system 0.19359205399996426
concluded in  10.966145955999309
Solving snapshot 0 35
36
time in solving system 5.144128587000523
time in solving system 0.16515082300065842
time in solving system 0.13022802200066508
concluded in  11.303642589999072
Solving snapshot 0 36
36
time in solving system 4.0867769460001
time in solving system 0.17393821000041498
time in solving system 0.14176019200021983
concluded in  9.61495481699967
Solving snapshot 0 37
36
time in solving system 3.0236977509994176
time in solving system 0.2801906320000853
time in solving system 0.2762150929993368
concluded in  8.568408732000535
Solving snapshot 0 38
36
time in solving system 3.210531747001369
time in solving system 0.31275041900153155
time in solving system 0.18067793500085827
concluded in  8.754410488998474
Solving snapshot 0 39
36
time in solving system 2.9302631650007243
time in solving system 0.17296207800063712
time in solving system 0.2627865640006348
concluded in  8.357992634999391
Solving snapshot 0 40
36
time in solving system 2.64545144099975
time in solving system 0.16406273000029614
time in solving system 0.22367406000012124
concluded in  8.05265551499906
Solving snapshot 0 41
36
time in solving system 4.193275415000244
time in solving system 0.20761048999884224
time in solving system 0.1478984870009299
concluded in  10.126583701001437
Solving snapshot 0 42
36
time in solving system 3.7200616230002197
time in solving system 0.18794428799992602
time in solving system 0.25497635700048704
concluded in  9.693902380000509
Solving snapshot 0 43
36
time in solving system 4.074623717000577
time in solving system 0.2297905659997923
time in solving system 0.2321311899995635
concluded in  9.875101297999208
Solving snapshot 0 44
36
time in solving system 4.4122301940005855
time in solving system 0.1842483029995492
time in solving system 0.1409282719996554
concluded in  9.634823956999753
Solving snapshot 0 45
36
time in solving system 4.292580945999362
time in solving system 0.2413580140000704
time in solving system 0.1301174109994463
concluded in  9.946949377999772
Solving snapshot 0 46
36
time in solving system 4.435327331000735
time in solving system 0.15331750599943916
time in solving system 0.13190198300071643
concluded in  10.103643749000184
Solving snapshot 0 47
36
time in solving system 4.120735214999513
time in solving system 0.17906439600119484
time in solving system 0.14131746500061126
concluded in  9.744723838999562
Solving snapshot 0 48
36
time in solving system 3.796258169999419
time in solving system 0.23029422999934468
time in solving system 0.1820755549997557
concluded in  9.491158613000152
Solving snapshot 0 49
36
time in solving system 3.908716973999617
time in solving system 0.17557318000035593
time in solving system 0.2168041679997259
concluded in  9.603375736000089
Solving snapshot 0 50
36
time in solving system 3.718015541000568
time in solving system 0.21353837499918882
time in solving system 0.22178775800057338
concluded in  9.473268403000475
Solving snapshot 0 51
36
time in solving system 4.018100405999576
time in solving system 0.16888360700068006
time in solving system 0.23666067900012422
concluded in  9.96570149999934
Solving snapshot 0 52
36
time in solving system 3.546703353000339
time in solving system 0.31690229999912845
time in solving system 0.16087425100158725
concluded in  9.600843606998751
Solving snapshot 0 53
36
time in solving system 3.378475638999589
time in solving system 0.1566098220009735
time in solving system 0.19177728399881744
concluded in  8.75298902800023
Solving snapshot 0 54
36
time in solving system 3.5363991180001904
time in solving system 0.22412179900129559
time in solving system 0.28201253000042925
concluded in  9.283601348000957
Solving snapshot 0 55
36
time in solving system 2.8012366109996947
time in solving system 0.17434978399978718
time in solving system 0.12094148299911467
concluded in  7.903175764999105
Solving snapshot 0 56
36
time in solving system 3.2391957299987553
time in solving system 0.15284201199938252
time in solving system 0.1412998810010322
concluded in  8.92056407200107
Solving snapshot 0 57
36
time in solving system 2.9822389670007396
time in solving system 0.2538846190000186
time in solving system 0.18492094000066572
concluded in  8.926104440999552
Solving snapshot 0 58
36
time in solving system 3.3568386400002055
time in solving system 0.16412949500045215
time in solving system 0.16498196300017298
concluded in  8.928159501001574
Solving snapshot 0 59
36
time in solving system 3.138998876000187
time in solving system 0.16735808500015992
time in solving system 0.1709361840003112
concluded in  8.64168077300019
Solving snapshot 0 60
36
time in solving system 3.6759704370015243
time in solving system 0.15958697399946686
time in solving system 0.19026670299899706
concluded in  9.494876572000067
Solving snapshot 0 61
36
time in solving system 3.6695828179999808
time in solving system 0.22954194299927622
time in solving system 0.1920504270001402
concluded in  9.602119974000743
Solving snapshot 0 62
36
time in solving system 3.713121360999139
time in solving system 0.1774437759995635
time in solving system 0.2779173879989685
concluded in  9.205627232000552
Solving snapshot 0 63
36
time in solving system 2.62763395300135
time in solving system 0.22294705599961162
time in solving system 0.17108753600041382
concluded in  8.040183140999943
Solving snapshot 0 64
36
time in solving system 2.33927018400027
time in solving system 0.13052799300021434
time in solving system 0.15571376699881512
concluded in  7.569255095999324
Solving snapshot 0 65
36
time in solving system 2.604610146001505
time in solving system 0.15639994900084275
time in solving system 0.14143518499986385
concluded in  8.574039228000402
Solving snapshot 0 66
36
time in solving system 2.8315198000000237
time in solving system 0.34627690200068173
time in solving system 0.36537281699929736
concluded in  9.288717812998584
Solving snapshot 0 67
36
time in solving system 2.770720495000205
time in solving system 0.16446241999983613
time in solving system 0.3036127140003373
concluded in  8.481196679000277
Solving snapshot 0 68
36
time in solving system 3.615491235999798
time in solving system 0.3171055520015216
time in solving system 0.2896004369995353
concluded in  9.715216139000404
Solving snapshot 0 69
36
time in solving system 3.787597476000883
time in solving system 0.2336543809997238
time in solving system 0.255998467999234
concluded in  9.544140912999865
Solving snapshot 0 70
36
time in solving system 4.502059868000288
time in solving system 0.15323459199862555
time in solving system 0.13875684300001012
concluded in  10.087030746999517
Solving snapshot 0 71
36
time in solving system 3.785106260998873
time in solving system 0.18073807200016745
time in solving system 0.20582046900017303
concluded in  9.580366991998744
Solving snapshot 0 72
36
time in solving system 4.021952957999019
time in solving system 0.13904557999921963
time in solving system 0.1235746559996187
concluded in  9.1026425809996
Solving snapshot 0 73
36
time in solving system 4.258651617999931
time in solving system 0.1373364479986776
time in solving system 0.20794238300004508
concluded in  9.53889281100055
Solving snapshot 0 74
36
time in solving system 3.7919274149990088
time in solving system 0.2402139799996803
time in solving system 0.20846915199945215
concluded in  9.295140213000195
Solving snapshot 0 75
36
time in solving system 3.760939216999759
time in solving system 0.28456169300079637
time in solving system 0.21429402800094977
concluded in  9.273631492000277
Solving snapshot 0 76
36
time in solving system 3.8173420000002807
time in solving system 0.2796398579994275
time in solving system 0.20950825399995665
concluded in  9.616552890000094
Solving snapshot 0 77
36
time in solving system 4.164250509998965
time in solving system 0.20112008000069181
time in solving system 0.13134060999982466
concluded in  9.76182730399887
Solving snapshot 0 78
36
time in solving system 3.8191531480006233
time in solving system 0.19507225500092318
time in solving system 0.18837219499982893
concluded in  9.22465729400028
Solving snapshot 0 79
36
time in solving system 3.0463591790012288
time in solving system 0.20590112200079602
time in solving system 0.1885349040003348
concluded in  8.547098070001084
Solving snapshot 0 80
36
time in solving system 2.9247799799995846
time in solving system 0.18695299300088664
time in solving system 0.1547661690001405
concluded in  8.329690456999742
Solving snapshot 0 81
36
time in solving system 3.8387229050003953
time in solving system 0.18324763700002222
time in solving system 0.2870921770008863
concluded in  9.964047462000963
Solving snapshot 0 82
36
time in solving system 3.8053524750012
time in solving system 0.23524440100118227
time in solving system 0.16060580399971514
concluded in  9.15335576399957
Solving snapshot 0 83
36
time in solving system 3.0204932899996493
time in solving system 0.233403296000688
time in solving system 0.1720383120009501
concluded in  8.465800711999691
Solving snapshot 0 84
36
time in solving system 3.209865976999936
time in solving system 0.24543835400072567
time in solving system 0.15844751199983875
concluded in  8.65281703599976
Solving snapshot 0 85
36
time in solving system 3.2682926110010158
time in solving system 0.24307966199921793
time in solving system 0.30655806899994786
concluded in  9.39590676700027
Solving snapshot 0 86
36
time in solving system 4.360475488001612
time in solving system 0.14388665499973285
time in solving system 0.1306042640007945
concluded in  9.87026456700005
Solving snapshot 0 87
36
time in solving system 3.6723527619997185
time in solving system 0.14364980800019111
time in solving system 0.22271531099977437
concluded in  9.62293368599967
Solving snapshot 0 88
36
time in solving system 4.506667358999039
time in solving system 0.15413091100163
time in solving system 0.14674038700104575
concluded in  9.964652763999766
Solving snapshot 0 89
36
time in solving system 3.938845863000097
time in solving system 0.17967672600025253
time in solving system 0.2142225209991011
concluded in  9.909677327999816
Solving snapshot 0 90
36
time in solving system 3.9204509850005707
time in solving system 0.1882233289998112
time in solving system 0.13291004699931364
concluded in  9.904089869998643
Solving snapshot 0 91
36
time in solving system 3.082556891000422
time in solving system 0.13049832100114145
time in solving system 0.11829795599987847
concluded in  8.42787709500044
Solving snapshot 0 92
36
time in solving system 3.11610223200114
time in solving system 0.16210082399993553
time in solving system 0.11699860999942757
concluded in  8.117943564000598
Solving snapshot 0 93
36
time in solving system 3.018016029998762
time in solving system 0.1294288659992162
time in solving system 0.11700427399955515
concluded in  8.43225339700075
Solving snapshot 0 94
36
time in solving system 3.0600848579997546
time in solving system 0.1470347150007001
time in solving system 0.11717039599898271
concluded in  7.873906811000779
Solving snapshot 0 95
36
time in solving system 3.0825788980000652
time in solving system 0.14268977400024596
time in solving system 0.1185887770006957
concluded in  8.306657212000573
Solving snapshot 0 96
36
time in solving system 3.0568924460003473
time in solving system 0.1298663760007912
time in solving system 0.11717010699976527
concluded in  8.297255686000426
Solving snapshot 0 97
36
time in solving system 3.0852237100007187
time in solving system 0.1273800430008123
time in solving system 0.12000679000084347
concluded in  8.427432387999943
Solving snapshot 0 98
36
time in solving system 3.1954346950005856
time in solving system 0.1434432200003357
time in solving system 0.12007044299934932
concluded in  8.08041294099894
Solving snapshot 0 99
36
time in solving system 3.2374109379998117
time in solving system 0.1421965410008852
time in solving system 0.1239597040002991
concluded in  8.036902902000293
Solving snapshot 0 100
36
time in solving system 3.0296158990004187
time in solving system 0.1450994320002792
time in solving system 0.12123884500033455
concluded in  8.332403368000087
Solving snapshot 0 101
36
time in solving system 2.881575924000572
time in solving system 0.1288879799994902
time in solving system 0.12093370299953676
concluded in  8.32500953700037
Solving snapshot 0 102
36
time in solving system 3.115167615998871
time in solving system 0.12844920700081275
time in solving system 0.12205446799998754
concluded in  7.978467595999973
Solving snapshot 0 103
36
time in solving system 3.015940588999001
time in solving system 0.13271929699840257
time in solving system 0.12086394099969766
concluded in  8.364851488999193
Solving snapshot 0 104
36
time in solving system 3.024523283000235
time in solving system 0.16623039600017364
time in solving system 0.13116477300172846
concluded in  8.570889525999519
Solving snapshot 0 105
36
time in solving system 3.0574332410014904
time in solving system 0.13219599299918627
time in solving system 0.1224586360003741
concluded in  8.465845446999083
Solving snapshot 0 106
36
time in solving system 2.9497143190001225
time in solving system 0.129997629999707
time in solving system 0.1208979349994479
concluded in  8.39420809100011
Solving snapshot 0 107
36
time in solving system 2.8938638159997936
time in solving system 0.12481341199963936
time in solving system 0.12077270900044823
concluded in  8.244177389999095
Solving snapshot 0 108
36
time in solving system 3.104319744001259
time in solving system 0.1424273140000878
time in solving system 0.11773835999883886
concluded in  8.08502385599968
Solving snapshot 0 109
36
time in solving system 3.2385490529995877
time in solving system 0.13251467699956265
time in solving system 0.11970167399886122
concluded in  8.407233214000371
Solving snapshot 0 110
36
time in solving system 2.849954629000422
time in solving system 0.17439103399919986
time in solving system 0.12771661600163497
concluded in  8.505608368999674
Solving snapshot 0 111
36
time in solving system 3.320123039000464
time in solving system 0.16482008800085168
time in solving system 0.11147021900069376
concluded in  8.504424523000125
Solving snapshot 0 112
36
time in solving system 3.129203370999676
time in solving system 0.143848875999538
time in solving system 0.12074316399957752
concluded in  8.349930903999848
Solving snapshot 0 113
36
time in solving system 2.882558445000541
time in solving system 0.14730772599978081
time in solving system 0.11515832099939871
concluded in  8.305763889000445
Solving snapshot 0 114
36
time in solving system 2.7153244639994227
time in solving system 0.13482736599871714
time in solving system 0.10862126800020633
concluded in  8.166551357999197
Solving snapshot 0 115
36
time in solving system 2.533459494001363
time in solving system 0.1358671800007869
time in solving system 0.12088657400090597
concluded in  8.064487690999158
Solving snapshot 0 116
36
time in solving system 2.562479051999617
time in solving system 0.1351882540002407
time in solving system 0.10970278799868538
concluded in  7.95320824099872
Solving snapshot 0 117
36
time in solving system 2.3695467170000484
time in solving system 0.11644532799982699
time in solving system 0.11157995199937432
concluded in  7.732301721000113
Solving snapshot 0 118
36
time in solving system 2.851108041999396
time in solving system 0.13761400200019125
time in solving system 0.11124099799963005
concluded in  7.867834615999527
Solving snapshot 0 119
36
time in solving system 2.6982964090002497
time in solving system 0.1406628750009986
time in solving system 0.12199983800019254
concluded in  8.123821065999437
Solving snapshot 0 120
36
time in solving system 2.928967943000316
time in solving system 0.13133428400033154
time in solving system 0.10768925699994725
concluded in  7.718496423998658
Solving snapshot 0 121
36
time in solving system 3.1911761709998245
time in solving system 0.13786497699948086
time in solving system 0.11094904700075858
concluded in  7.720948618001785
Solving snapshot 0 122
36
time in solving system 2.9694774330000655
time in solving system 0.21892375399875164
time in solving system 0.12161555199963914
concluded in  7.659866471998612
Solving snapshot 0 123
36
time in solving system 3.0470935789999203
time in solving system 0.12462858300023072
time in solving system 0.11411014800069097
concluded in  7.562705622000067
Solving snapshot 0 124
36
time in solving system 2.9309212869993644
time in solving system 0.13473444800001744
time in solving system 0.1806169499996031
concluded in  7.936324408001383
Solving snapshot 0 125
36
time in solving system 2.988677972000005
time in solving system 0.16604460799862863
time in solving system 0.14394001900109288
concluded in  7.8474352459998045
Solving snapshot 0 126
36
time in solving system 3.2077773890014214
time in solving system 0.1256460269996751
time in solving system 0.20832838600108516
concluded in  8.370788777998314
Solving snapshot 0 127
36
time in solving system 3.222371240999564
time in solving system 0.192379792999418
time in solving system 0.1491972909989272
concluded in  8.154020427999058
Solving snapshot 0 128
36
time in solving system 3.1539414479993866
time in solving system 0.16414837000047555
time in solving system 0.11535497599834343
concluded in  7.733240506000584
Solving snapshot 0 129
36
time in solving system 3.255722242000047
time in solving system 0.15976403700005903
time in solving system 0.11990193299970997
concluded in  8.270339499998954
Solving snapshot 0 130
36
time in solving system 3.138039815999946
time in solving system 0.16819696099992143
time in solving system 0.11398984200059203
concluded in  8.606987477000075
Solving snapshot 0 131
36
time in solving system 3.3398235900003783
time in solving system 0.12271279899869114
time in solving system 0.1181369480000285
concluded in  8.989671454000927
Solving snapshot 0 132
36
time in solving system 3.4735088249999535
time in solving system 0.2203445120012475
time in solving system 0.2097453949991177
concluded in  8.874882076999711
Solving snapshot 0 133
36
time in solving system 4.518253439999171
time in solving system 0.2563545029988745
time in solving system 0.1951236719996814
concluded in  10.172485465000136
Solving snapshot 0 134
36
time in solving system 4.804881602998648
time in solving system 0.237765097999727
time in solving system 0.22764620400084823
concluded in  10.692297138000868
Solving snapshot 0 135
36
time in solving system 4.393402535999485
time in solving system 0.21842124199974933
time in solving system 0.22696305800127448
concluded in  10.574123475000306
Solving snapshot 0 136
36
time in solving system 4.596620414999052
time in solving system 0.1439090309995663
time in solving system 0.22103603499999736
concluded in  10.122594890999608
Solving snapshot 0 137
36
time in solving system 4.637561134999487
time in solving system 0.2782993279997754
time in solving system 0.26232734699988214
concluded in  10.867841512999803
Solving snapshot 0 138
36
time in solving system 4.79645566399995
time in solving system 0.18382387199926598
time in solving system 0.28359064500000386
concluded in  10.898646470999665
Solving snapshot 0 139
36
time in solving system 5.045501766999223
time in solving system 0.25311817600049835
time in solving system 0.16359448100047302
concluded in  11.551591909999843
Solving snapshot 0 140
36
time in solving system 4.999291973999789
time in solving system 0.363388264000605
time in solving system 0.19793788800052425
concluded in  10.993645311000364
Solving snapshot 0 141
36
time in solving system 4.138564933000453
time in solving system 0.320811710000271
time in solving system 0.19792881200010015
concluded in  10.756315116999758
Solving snapshot 0 142
36
time in solving system 4.4167618560004485
time in solving system 0.334239277000961
time in solving system 0.2287359120000474
concluded in  10.96174699599942
Solving snapshot 0 143
36
time in solving system 5.361302696999701
time in solving system 0.17592386300020735
time in solving system 0.2224932440003613
concluded in  11.556008020999798
Solving snapshot 0 144
36
time in solving system 5.45755726400057
time in solving system 0.15951727900028345
time in solving system 0.23942351400000916
concluded in  11.53119370999957
Solving snapshot 0 145
36
time in solving system 5.002964221001093
time in solving system 0.15831743000126153
time in solving system 0.33277284799987683
concluded in  11.22072623099848
Solving snapshot 0 146
36
time in solving system 4.8755026390008425
time in solving system 0.2155339439996169
time in solving system 0.2649470050000673
concluded in  10.806818831999408
Solving snapshot 0 147
36
time in solving system 5.102283701999113
time in solving system 0.17354847300157417
time in solving system 0.2165583969999716
concluded in  11.712060219000705
Solving snapshot 0 148
36
time in solving system 4.76464505200056
time in solving system 0.17525885699978971
time in solving system 0.13826037499893573
concluded in  10.84712190600112
Solving snapshot 0 149
36
time in solving system 4.780307626999274
time in solving system 0.3580392710009619
time in solving system 0.31028595700081496
concluded in  10.969399755998893
Solving snapshot 0 150
36
time in solving system 5.035136088999934
time in solving system 0.25658170899987454
time in solving system 0.21269073400071647
concluded in  10.819824875999984
Solving snapshot 0 151
36
time in solving system 4.861146581000867
time in solving system 0.19540255300125864
time in solving system 0.1355357369993726
concluded in  11.47562194099919
Solving snapshot 0 152
36
time in solving system 4.447022214999379
time in solving system 0.1614884759983397
time in solving system 0.26786344799984363
concluded in  11.106298957000035
Solving snapshot 0 153
36
time in solving system 4.768493454999771
time in solving system 0.24964266800088808
time in solving system 0.21134047399937117
concluded in  11.218096689000959
Solving snapshot 0 154
36
time in solving system 4.755167608998818
time in solving system 0.15889573700042092
time in solving system 0.24002950100111775
concluded in  10.754576646000714
Solving snapshot 0 155
36
time in solving system 4.596820773000218
time in solving system 0.22697773599975335
time in solving system 0.25544139700105006
concluded in  10.718289276999712
Solving snapshot 0 156
36
time in solving system 4.342187299000216
time in solving system 0.25340613899970776
time in solving system 0.17308020000018587
concluded in  10.517522173000543
Solving snapshot 0 157
36
time in solving system 4.639110693000475
time in solving system 0.2696345360000123
time in solving system 0.16998766700089618
concluded in  11.150345340000058
Solving snapshot 0 158
36
time in solving system 4.966790518999915
time in solving system 0.26258039200001804
time in solving system 0.23989884500042535
concluded in  10.793431554000563
Solving snapshot 0 159
36
time in solving system 5.500108234000436
time in solving system 0.2996313889998419
time in solving system 0.17492109700106084
concluded in  11.296183157999621
Solving snapshot 0 160
36
time in solving system 4.9417182369998045
time in solving system 0.25674434500069765
time in solving system 0.14022195200050191
concluded in  11.342094802999782
Solving snapshot 0 161
36
time in solving system 5.212586890000239
time in solving system 0.2845670449987665
time in solving system 0.25583096300033503
concluded in  11.60210331899907
Solving snapshot 0 162
36
time in solving system 5.058439782000278
time in solving system 0.2224094769990188
time in solving system 0.20605000499926973
concluded in  11.248301502000686
Solving snapshot 0 163
36
time in solving system 4.733048236001196
time in solving system 0.23822143699908338
time in solving system 0.19114543500108994
concluded in  11.178531736999503
Solving snapshot 0 164
36
time in solving system 4.615893283000332
time in solving system 0.1993045390008774
time in solving system 0.238068487999044
concluded in  10.525919340998371
Solving snapshot 0 165
36
time in solving system 5.515664357000787
time in solving system 0.2779567670004326
time in solving system 0.1849707790006505
concluded in  11.712700089999998
Solving snapshot 0 166
36
time in solving system 5.714981916000397
time in solving system 0.18012441999962903
time in solving system 0.28798194200135185
concluded in  12.066790890001357
Solving snapshot 0 167
36
time in solving system 5.300124192999647
time in solving system 0.14650171100038278
time in solving system 0.14196071200058213
concluded in  11.220279683000626
Solving snapshot 0 168
36
time in solving system 5.350679743998626
time in solving system 0.20433693599989056
time in solving system 0.17696919699847058
concluded in  11.210715578999952
Solving snapshot 0 169
36
time in solving system 5.237484055000095
time in solving system 0.16503450200070802
time in solving system 0.40223882400096045
concluded in  11.227693787001044
Solving snapshot 0 170
36
time in solving system 4.94483921400024
time in solving system 0.23099677100071858
time in solving system 0.15262220000113302
concluded in  11.387825629999497
Solving snapshot 0 171
36
time in solving system 5.392808313999922
time in solving system 0.17890957099916704
time in solving system 0.13003896999907738
concluded in  11.390349393999713
Solving snapshot 0 172
36
time in solving system 5.443239597998399
time in solving system 0.1750015910001821
time in solving system 0.23727356000017608
concluded in  12.120296773000518
Solving snapshot 0 173
36
time in solving system 4.975713330999497
time in solving system 0.16228914900057134
time in solving system 0.1353334570012521
concluded in  11.111494983000739
Solving snapshot 0 174
36
time in solving system 5.0248694399997476
time in solving system 0.23845060799976636
time in solving system 0.13788036400001147
concluded in  11.739277360000415
Solving snapshot 0 175
36
time in solving system 4.891126476999489
time in solving system 0.1575008510008047
time in solving system 0.29859451099946455
concluded in  11.56899655899906
Solving snapshot 0 176
36
time in solving system 4.46149821400104
time in solving system 0.2483123309993971
time in solving system 0.1374731249998149
concluded in  11.303425042000526
Solving snapshot 0 177
36
time in solving system 5.314746837999337
time in solving system 0.20139588999882108
time in solving system 0.1350963699987915
concluded in  11.417998527000236
Solving snapshot 0 178
36
time in solving system 4.777165034000063
time in solving system 0.15245401799984393
time in solving system 0.14082302499991783
concluded in  11.152359322000848
Solving snapshot 0 179
36
time in solving system 4.5118828880004
time in solving system 0.16748962699966796
time in solving system 0.15927826400002232
concluded in  11.322450003000995
Solving snapshot 0 180
36
time in solving system 4.987550845000442
time in solving system 0.2904912720005086
time in solving system 0.2119329920005839
concluded in  11.112802563000514
Solving snapshot 0 181
36
time in solving system 4.868746817999636
time in solving system 0.22875879400089616
time in solving system 0.2856782999988354
concluded in  11.239512201000252
Solving snapshot 0 182
36
time in solving system 4.425011889999951
time in solving system 0.2814295120006136
time in solving system 0.19718031500087818
concluded in  10.982819460999963
Solving snapshot 0 183
36
time in solving system 4.689432357001351
time in solving system 0.2843732490000548
time in solving system 0.1914002180001262
concluded in  11.367589333998694
Solving snapshot 0 184
36
time in solving system 4.615608689999135
time in solving system 0.2276051759999973
time in solving system 0.23759119900023506
concluded in  11.12237706400083
Solving snapshot 0 185
36
time in solving system 4.862467865999861
time in solving system 0.22885798100105603
time in solving system 0.23415185699923313
concluded in  11.343444416999773
Solving snapshot 0 186
36
time in solving system 4.8581796110011055
time in solving system 0.16734948700104724
time in solving system 0.14780965899990406
concluded in  10.688671359001091
Solving snapshot 0 187
36
time in solving system 4.992559832000552
time in solving system 0.1700962579998304
time in solving system 0.22118252300060703
concluded in  11.631706901000143
Solving snapshot 0 188
36
time in solving system 4.403813719000027
time in solving system 0.20498915099960868
time in solving system 0.34212702700097
concluded in  10.443353107999428
Solving snapshot 0 189
36
time in solving system 4.659715645000688
time in solving system 0.20025734800037753
time in solving system 0.2989127909986564
concluded in  11.29604004400062
Solving snapshot 0 190
36
time in solving system 4.715987538000263
time in solving system 0.16008665899971675
time in solving system 0.24617786099952355
concluded in  10.752770450000753
Solving snapshot 0 191
36
time in solving system 5.136399764000089
time in solving system 0.287298463001207
time in solving system 0.2489373610005714
concluded in  11.09544291400016
Solving snapshot 0 192
36
time in solving system 4.587181148999662
time in solving system 0.23855949200151372
time in solving system 0.32006721299876517
concluded in  10.776883973998338
Solving snapshot 0 193
36
time in solving system 3.444892285999231
time in solving system 0.2554318439997587
time in solving system 0.21249792900016473
concluded in  9.356224572999054
Solving snapshot 0 194
36
time in solving system 3.2905692439999257
time in solving system 0.1594091209990438
time in solving system 0.17873299699931522
concluded in  9.8200377510002
Solving snapshot 0 195
36
time in solving system 3.2324793370007683
time in solving system 0.22653793999961636
time in solving system 0.17925278099937714
concluded in  9.341713033001724
Solving snapshot 0 196
36
time in solving system 3.222841207998499
time in solving system 0.13568635100091342
time in solving system 0.12785424700086878
concluded in  10.012966357999176
Solving snapshot 0 197
36
time in solving system 3.119098428000143
time in solving system 0.1525593040005333
time in solving system 0.125647098000627
concluded in  9.740895629000079
Solving snapshot 0 198
36
time in solving system 3.2554859680003574
time in solving system 0.20357700699969428
time in solving system 0.13141606400131423
concluded in  9.715929690999474
Solving snapshot 0 199
36
time in solving system 3.4723922189987206
time in solving system 0.26003448799929174
time in solving system 0.1559432400008518
concluded in  10.905030832000193
Solving snapshot 0 200
36
time in solving system 3.0403354089994536
time in solving system 0.18010969900024065
time in solving system 0.19059041000036814
concluded in  9.52026331900015
Solving snapshot 0 201
36
time in solving system 2.973708605999491
time in solving system 0.15736476900019625
time in solving system 0.2808737300001667
concluded in  10.99469984999996
Solving snapshot 0 202
36
time in solving system 2.6724185249986476
time in solving system 0.21755766500064055
time in solving system 0.28245481500016467
concluded in  9.253602120999858
Solving snapshot 0 203
36
time in solving system 2.598576304000744
time in solving system 0.13616064899906632
time in solving system 0.12923831599982805
concluded in  9.564877757000431
Solving snapshot 0 204
36
time in solving system 2.8256668940011878
time in solving system 0.15327289999913773
time in solving system 0.12570386700099334
concluded in  9.21450827999979
Solving snapshot 0 205
36
time in solving system 2.849233674000061
time in solving system 0.15560731100049452
time in solving system 0.13061572100014018
concluded in  9.618808543998966
Solving snapshot 0 206
36
time in solving system 2.8502072709998174
time in solving system 0.16344961200047692
time in solving system 0.14118580300055328
concluded in  10.14865306000138
Solving snapshot 0 207
36
time in solving system 2.8375390520013752
time in solving system 0.17800412799988408
time in solving system 0.1848740479999833
concluded in  10.84724968699993
Solving snapshot 0 208
36
time in solving system 2.769929994001359
time in solving system 0.16467218899924774
time in solving system 0.15354710899919155
concluded in  10.263915182000346
Solving snapshot 0 209
36
time in solving system 3.207858703999591
time in solving system 0.20061985799839022
time in solving system 0.18374475600103324
concluded in  11.623434344000998
Solving snapshot 0 210
36
time in solving system 2.744557347999944
time in solving system 0.1585185719995934
time in solving system 0.14097340499938582
concluded in  9.402544299999136
Solving snapshot 0 211
36
time in solving system 2.661631294000472
time in solving system 0.14039260000026843
time in solving system 0.13357058800102095
concluded in  9.148309984000662
Solving snapshot 0 212
36
time in solving system 2.8347678290010663
time in solving system 0.153375990999848
time in solving system 0.12654307299999346
concluded in  10.336079456001244
Solving snapshot 0 213
36
time in solving system 2.845942734998971
time in solving system 0.16310496400001284
time in solving system 0.13848384599987185
concluded in  9.349659955998504
Solving snapshot 0 214
36
time in solving system 2.851695445000587
time in solving system 0.15864286500072922
time in solving system 0.135839685000974
concluded in  9.670385097999315
Solving snapshot 0 215
36
time in solving system 2.6485472500007745
time in solving system 0.13944035500026075
time in solving system 0.13480047799930617
concluded in  10.406916411000566
Solving snapshot 0 216
36
time in solving system 3.2038273950001894
time in solving system 0.1674924529997952
time in solving system 0.16372400200089032
concluded in  11.146325511999748
Solving snapshot 0 217
36
time in solving system 3.7005044739998993
time in solving system 0.15755039999930887
time in solving system 0.1698097480002616
concluded in  10.792159018999882
Solving snapshot 0 218
36
time in solving system 3.1394956019994424
time in solving system 0.23155027400025574
time in solving system 0.3471889709999232
concluded in  10.005108789999213
Solving snapshot 0 219
36
time in solving system 3.1870212400008313
time in solving system 0.1354638819993852
time in solving system 0.1297220649994415
concluded in  9.505983288001516
Solving snapshot 0 220
36
time in solving system 3.340775410999413
time in solving system 0.1593297649997112
time in solving system 0.2265703740013123
concluded in  9.802791617999901
Solving snapshot 0 221
36
time in solving system 3.395699451000837
time in solving system 0.17797545099892886
time in solving system 0.12608073699993838
concluded in  9.424121181998999
Solving snapshot 0 222
36
time in solving system 4.258051549000811
time in solving system 0.16750649499954307
time in solving system 0.35013473799881467
concluded in  11.46484688899909
Solving snapshot 0 223
36
time in solving system 3.4586330490001274
time in solving system 0.19207155699950818
time in solving system 0.15960232200086466
concluded in  9.47696400699897
Solving snapshot 0 224
36
time in solving system 3.3899509540005965
time in solving system 0.22784293699987757
time in solving system 0.3549978189985268
concluded in  9.924263824999798
Solving snapshot 0 225
36
time in solving system 4.396776060000775
time in solving system 0.2981549249998352
time in solving system 0.36639588399884815
concluded in  10.974451313999452
Solving snapshot 0 226
36
time in solving system 4.58651176300009
time in solving system 0.22454812300020421
time in solving system 0.36008352799944987
concluded in  11.32451031600067
Solving snapshot 0 227
36
time in solving system 3.984489955000754
time in solving system 0.37874266800099576
time in solving system 0.33963108100033423
concluded in  10.341017304999696
Solving snapshot 0 228
36
time in solving system 4.188710261998494
time in solving system 0.3860241450001922
time in solving system 0.26777541400042537
concluded in  10.90480052500061
Solving snapshot 0 229
36
time in solving system 4.718518192999909
time in solving system 0.4724275780008611
time in solving system 0.4030826029993477
concluded in  11.571671228999548
Solving snapshot 0 230
36
time in solving system 4.430188876000102
time in solving system 0.27726492500005406
time in solving system 0.2019161330008501
concluded in  10.880745950000346
Solving snapshot 0 231
36
time in solving system 4.190709260999938
time in solving system 0.4159503520004364
time in solving system 0.29409248100091645
concluded in  10.623289937999289
Solving snapshot 0 232
36
time in solving system 4.178993610999896
time in solving system 0.3442179110006691
time in solving system 0.4132283089984412
concluded in  10.752783420999549
Solving snapshot 0 233
36
time in solving system 5.209504381000443
time in solving system 0.3138924600007158
time in solving system 0.2062903460009693
concluded in  10.982531939000182
Solving snapshot 0 234
36
time in solving system 4.987369824999405
time in solving system 0.4258023409984162
time in solving system 0.32946239699958824
concluded in  11.198789650001345
Solving snapshot 0 235
36
time in solving system 4.877450609999869
time in solving system 0.43909191800048575
time in solving system 0.2655203779995645
concluded in  11.503299486999822
Solving snapshot 0 236
36
time in solving system 4.933444217000215
time in solving system 0.21819719999984954
time in solving system 0.22126631700120925
concluded in  10.8060803999997
Solving snapshot 0 237
36
time in solving system 4.010959721999825
time in solving system 0.3994041339992691
time in solving system 0.3584923489997891
concluded in  10.373812952999288
Solving snapshot 0 238
36
time in solving system 3.250435309999375
time in solving system 0.2456488520001585
time in solving system 0.2611187960010284
concluded in  9.399057972001174
Solving snapshot 0 239
36
time in solving system 2.999999472000127
time in solving system 0.22724029700111714
time in solving system 0.1847879950000788
concluded in  8.931812793000063
Solving snapshot 0 240
36
time in solving system 3.7521227190009085
time in solving system 0.15364182499979506
time in solving system 0.19753290100015874
concluded in  10.053279191999536
Solving snapshot 0 241
36
time in solving system 3.3110018449988274
time in solving system 0.16688618099942687
time in solving system 0.16919689099995594
concluded in  9.95586910899874
Solving snapshot 0 242
36
time in solving system 3.155887683000401
time in solving system 0.16962387500097975
time in solving system 0.12589889399896492
concluded in  9.218707358000756
Solving snapshot 0 243
36
time in solving system 3.32595960099934
time in solving system 0.15528776999963156
time in solving system 0.13277946800008067
concluded in  9.89390693399946
Solving snapshot 0 244
36
time in solving system 3.398197477999929
time in solving system 0.1519240270008595
time in solving system 0.1311705690004601
concluded in  10.38750698199874
Solving snapshot 0 245
36
time in solving system 3.1420306990003155
time in solving system 0.1664102249997086
time in solving system 0.13695999599985953
concluded in  10.29886536199956
Solving snapshot 0 246
36
time in solving system 3.3307234780004364
time in solving system 0.17097478799951205
time in solving system 0.1325669329999073
concluded in  9.962724039000022
Solving snapshot 0 247
36
time in solving system 3.460917950000294
time in solving system 0.15059660199949576
time in solving system 0.13042423200022313
concluded in  9.6039570920002
Solving snapshot 0 248
36
time in solving system 3.275733810998645
time in solving system 0.17387007899924356
time in solving system 0.12899637000009534
concluded in  9.815819436998936
Solving snapshot 0 249
36
time in solving system 3.6812290189991472
time in solving system 0.169698399000481
time in solving system 0.21677846999955364
concluded in  11.290256835998662
Solving snapshot 0 250
36
time in solving system 3.134647827999288
time in solving system 0.16143402899979264
time in solving system 0.16644240000096033
concluded in  10.556676833999518
Solving snapshot 0 251
36
time in solving system 3.4334551179999835
time in solving system 0.20569334799984063
time in solving system 0.21578771699932986
concluded in  10.109434367999711
Solving snapshot 0 252
36
time in solving system 3.8237851209996734
time in solving system 0.19239781400028733
time in solving system 0.3217074299991509
concluded in  11.074620938999942
Solving snapshot 0 253
36
time in solving system 3.577864048000265
time in solving system 0.19948613199994725
time in solving system 0.19576818499990623
concluded in  9.55270752099932
Solving snapshot 0 254
36
time in solving system 3.5430076949996874
time in solving system 0.24111163100133126
time in solving system 0.2630306350001774
concluded in  9.828261266999107
Solving snapshot 0 255
36
time in solving system 3.8287313470009394
time in solving system 0.16456436999942525
time in solving system 0.19840579499941668
concluded in  9.899768139001026
Solving snapshot 0 256
36
time in solving system 3.0427170029997797
time in solving system 0.16386611300004006
time in solving system 0.16572743300093862
concluded in  9.28341477200047
Solving snapshot 0 257
36
time in solving system 3.6036275530004787
time in solving system 0.16652831099963805
time in solving system 0.20058004800011986
concluded in  10.678263845999027
Solving snapshot 0 258
36
time in solving system 3.7515170759998
time in solving system 0.23022398200009775
time in solving system 0.17501166100009868
concluded in  10.201107196999146
Solving snapshot 0 259
36
time in solving system 2.796166924999852
time in solving system 0.15500873500059242
time in solving system 0.14221206100046402
concluded in  8.594614714000272
Solving snapshot 0 260
36
time in solving system 2.8307412230005866
time in solving system 0.16576762499971665
time in solving system 0.16742355300084455
concluded in  9.468249846999242
Solving snapshot 0 261
36
time in solving system 2.9009535149998555
time in solving system 0.16001753999989887
time in solving system 0.14449570499891706
concluded in  9.907143940999958
Solving snapshot 0 262
36
time in solving system 2.665189767998527
time in solving system 0.13814490499862586
time in solving system 0.12991190399952757
concluded in  9.013564187000156
Solving snapshot 0 263
36
time in solving system 2.8461094249996677
time in solving system 0.1549978059993009
time in solving system 0.13024506800138624
concluded in  9.743670353000198
Solving snapshot 0 264
36
time in solving system 2.739904103000299
time in solving system 0.1542850030000409
time in solving system 0.12943112299944914
concluded in  10.34505545400134
Solving snapshot 0 265
36
time in solving system 2.6300417259990354
time in solving system 0.1379730139997264
time in solving system 0.13194133899924054
concluded in  9.355721671001447
Solving snapshot 0 266
36
time in solving system 2.603438662001281
time in solving system 0.1410825319999276
time in solving system 0.1311025700015307
concluded in  10.041537181001331
Solving snapshot 0 267
36
time in solving system 2.626776073999281
time in solving system 0.14565454500007036
time in solving system 0.13694296500034397
concluded in  10.546690593999301
Solving snapshot 0 268
36
time in solving system 2.866177289000916
time in solving system 0.1555101489993831
time in solving system 0.14277648300048895
concluded in  10.456443429000501
Solving snapshot 0 269
36
time in solving system 3.071066153999709
time in solving system 0.2088041589995555
time in solving system 0.17308218000107445
concluded in  10.292742059000375
Solving snapshot 0 270
36
time in solving system 2.9020784759995877
time in solving system 0.15494633199887176
time in solving system 0.14994683999975678
concluded in  9.591399283999635
Solving snapshot 0 271
36
time in solving system 2.833994271000847
time in solving system 0.15793029999986175
time in solving system 0.16275292600039393
concluded in  9.92036210399965
Solving snapshot 0 272
36
time in solving system 2.6486271419998957
time in solving system 0.1614836810003908
time in solving system 0.17875964700033364
concluded in  10.807246185999247
Solving snapshot 0 273
36
time in solving system 2.639739999000085
time in solving system 0.14850912800102378
time in solving system 0.14819270100088033
concluded in  9.448869595998985
Solving snapshot 0 274
36
time in solving system 2.844658072999664
time in solving system 0.16440228400097112
time in solving system 0.14217907700003707
concluded in  10.795059930998832
Solving snapshot 0 275
36
time in solving system 2.8230306839996047
time in solving system 0.17085367499930726
time in solving system 0.15586878600151977
concluded in  11.080114280999624
Solving snapshot 0 276
36
time in solving system 2.7703988529992785
time in solving system 0.1603273540004011
time in solving system 0.15518784499909088
concluded in  10.648804558999473
Solving snapshot 0 277
36
time in solving system 3.264116840000497
time in solving system 0.20356770400030655
time in solving system 0.2228660930013575
concluded in  11.714992123999764
Solving snapshot 0 278
36
time in solving system 3.5226788600011787
time in solving system 0.17658818199925008
time in solving system 0.2127589360006823
concluded in  11.911105296001551
Solving snapshot 0 279
36
time in solving system 3.5765179760001047
time in solving system 0.19482398299987835
time in solving system 0.19171732299946598
concluded in  11.283789907000028
Solving snapshot 0 280
36
time in solving system 3.508969758000603
time in solving system 0.16712889900009031
time in solving system 0.2352668570001697
concluded in  10.51604218400098
Solving snapshot 0 281
36
time in solving system 3.355983653000294
time in solving system 0.2617956640006014
time in solving system 0.16726491500048724
concluded in  9.61421737800083
Solving snapshot 0 282
36
time in solving system 3.403008964000037
time in solving system 0.1676057889999356
time in solving system 0.20988225500150293
concluded in  9.789506142000391
Solving snapshot 0 283
36
time in solving system 2.903486264000094
time in solving system 0.159611490998941
time in solving system 0.16170732700084045
concluded in  9.26566134299901
Solving snapshot 0 284
36
time in solving system 2.7879166889997578
time in solving system 0.2103339009991032
time in solving system 0.23428219400011585
concluded in  9.898121449999962
Solving snapshot 0 285
36
time in solving system 2.8107138550003583
time in solving system 0.16615058800016413
time in solving system 0.1660078050008451
concluded in  9.526856221998969
Solving snapshot 0 286
36
time in solving system 2.9587677830004395
time in solving system 0.1614516839999851
time in solving system 0.1424318099998345
concluded in  9.176966214999993
Solving snapshot 0 287
36
time in solving system 2.8476413209991733
time in solving system 0.16214594600023702
time in solving system 0.1666400939993764
concluded in  9.62575064200064
Solving snapshot 0 288
36
time in solving system 2.59644174999994
time in solving system 0.17504624700086424
time in solving system 0.19027177200041478
concluded in  10.914431367000361
Solving snapshot 0 289
36
time in solving system 2.795601256999362
time in solving system 0.16982977900079277
time in solving system 0.18192189299952588
concluded in  9.923753819999547
Solving snapshot 0 290
36
time in solving system 3.400819764001426
time in solving system 0.19476475400006166
time in solving system 0.20603154600030393
concluded in  11.369666134
Solving snapshot 0 291
36
time in solving system 3.0524797010002658
time in solving system 0.1929395730003307
time in solving system 0.16731035500015423
concluded in  9.777242034000665
Solving snapshot 0 292
36
time in solving system 2.917321228000219
time in solving system 0.15895611599989934
time in solving system 0.1529929030002677
concluded in  9.53567257100076
Solving snapshot 0 293
36
time in solving system 2.9769428789986705
time in solving system 0.2516033129995776
time in solving system 0.24553468100020837
concluded in  10.224793268998837
Solving snapshot 0 294
36
time in solving system 2.8876947249991645
time in solving system 0.2004370899994683
time in solving system 0.1471661880004831
concluded in  9.773357518000921
Solving snapshot 0 295
36
time in solving system 2.6719768659986585
time in solving system 0.16614832500090415
time in solving system 0.18384368299848575
concluded in  9.995198372000232
Solving snapshot 0 296
36
time in solving system 2.6273911349999253
time in solving system 0.1508594440001616
time in solving system 0.17388520300119126
concluded in  9.98146393100069
Solving snapshot 0 297
36
time in solving system 2.7445584389988653
time in solving system 0.16514141600055154
time in solving system 0.14510155199968722
concluded in  9.73915031999968
Solving snapshot 0 298
36
time in solving system 2.838784282999768
time in solving system 0.15783150700008264
time in solving system 0.13353393899888033
concluded in  10.38390319499922
Solving snapshot 0 299
36
time in solving system 2.936138977000155
time in solving system 0.15627876699909393
time in solving system 0.14526875900082814
concluded in  10.858501740000065
[]
Not completed: []
