Solving not completed simulation: 0-th chance
Solving snapshot 0 0
36
time in solving system 4.24268948900135
time in solving system 0.1122209870009101
time in solving system 0.18294287100434303
concluded in  7.996084478996636
Solving snapshot 0 1
36
time in solving system 3.8391702299995814
time in solving system 0.11355319799622521
time in solving system 0.13561135700001614
concluded in  7.468568701995537
Solving snapshot 0 2
36
time in solving system 4.3210604039995815
time in solving system 0.11081714299507439
time in solving system 0.13005928899656283
concluded in  8.349104389002605
Solving snapshot 0 3
36
time in solving system 3.478697493999789
time in solving system 0.25926499599881936
time in solving system 0.25947987699328223
concluded in  7.99951292899641
Solving snapshot 0 4
36
time in solving system 4.760543079995841
time in solving system 0.3739170830012881
time in solving system 0.28575632099818904
concluded in  9.155962873002863
Solving snapshot 0 5
36
time in solving system 3.86723716200504
time in solving system 0.1818392969944398
time in solving system 0.260811886000738
concluded in  9.825038625000161
Solving snapshot 0 6
36
time in solving system 4.556330190003791
time in solving system 0.14517946499836398
time in solving system 0.11305179100600071
concluded in  9.22429313199973
Solving snapshot 0 7
36
time in solving system 3.537033597996924
time in solving system 0.36140884100313997
time in solving system 0.3135660949992598
concluded in  7.3369414920016425
Solving snapshot 0 8
36
time in solving system 4.348956647001614
time in solving system 0.10981231900223065
time in solving system 0.09785416499653365
concluded in  8.18109510299837
Solving snapshot 0 9
36
time in solving system 4.22048028500285
time in solving system 0.12470747200131882
time in solving system 0.1809158629985177
concluded in  7.903153785999166
Solving snapshot 0 10
36
time in solving system 3.358923790998233
time in solving system 0.11011197899642866
time in solving system 0.10507997999957297
concluded in  6.956362126999011
Solving snapshot 0 11
36
time in solving system 3.84210236799845
time in solving system 0.16343502800009446
time in solving system 0.1424698629998602
concluded in  7.727312449002056
Solving snapshot 0 12
36
time in solving system 4.021922582003754
time in solving system 0.10951274800027022
time in solving system 0.1052361190013471
concluded in  8.877033849996224
Solving snapshot 0 13
36
time in solving system 4.432517177003319
time in solving system 0.19768347300123423
time in solving system 0.15194898499612464
concluded in  10.836299479000445
Solving snapshot 0 14
36
time in solving system 6.286928533001628
time in solving system 0.14377820499794325
time in solving system 0.14077602500037756
concluded in  11.366343483998207
Solving snapshot 0 15
36
time in solving system 6.62673181900027
time in solving system 0.11718813599873101
time in solving system 0.1113297190022422
concluded in  11.143675191000511
Solving snapshot 0 16
36
time in solving system 4.181241662001412
time in solving system 0.1071246279971092
time in solving system 0.1119854970020242
concluded in  10.841058951999003
Solving snapshot 0 17
36
time in solving system 4.190116062993184
time in solving system 0.11578324800211703
time in solving system 0.11104687899933197
concluded in  9.726554248001776
Solving snapshot 0 18
36
time in solving system 3.9869027960012318
time in solving system 0.24747360800392926
time in solving system 0.24138236200087704
concluded in  9.029086798000208
Solving snapshot 0 19
36
time in solving system 4.166637540998636
time in solving system 0.1422563420055667
time in solving system 0.15743028699944261
concluded in  8.73029210799723
Solving snapshot 0 20
36
time in solving system 6.200375168002211
time in solving system 0.1386913399983314
time in solving system 0.1563701730046887
concluded in  10.762936348000949
Solving snapshot 0 21
36
time in solving system 5.7633068110008026
time in solving system 0.2308595520007657
time in solving system 0.33038470299652545
concluded in  11.274550834001275
Solving snapshot 0 22
36
time in solving system 4.948752499003604
time in solving system 0.12988444900111062
time in solving system 0.11569119100022363
concluded in  10.161022190004587
Solving snapshot 0 23
36
time in solving system 4.032859512000869
time in solving system 0.13039370699698338
time in solving system 0.11903911300032632
concluded in  9.038394593000703
Solving snapshot 0 24
36
time in solving system 5.472047689996543
time in solving system 0.10373525700561004
time in solving system 0.11073776499688393
concluded in  9.238102246999915
Solving snapshot 0 25
36
time in solving system 3.955298232998757
time in solving system 0.11081914100213908
time in solving system 0.11909900300088339
concluded in  8.307393868999497
Solving snapshot 0 26
36
time in solving system 4.704857240998535
time in solving system 0.11289740399661241
time in solving system 0.1083182639995357
concluded in  10.133208790997742
Solving snapshot 0 27
36
time in solving system 3.5933048139995662
time in solving system 0.24556999299966265
time in solving system 0.24337197500426555
concluded in  11.158009086000675
Solving snapshot 0 28
36
time in solving system 5.07923516700248
time in solving system 0.305679211000097
time in solving system 0.2642622749990551
concluded in  11.499651605998224
Solving snapshot 0 29
36
time in solving system 5.532699515002605
time in solving system 0.2588587370046298
time in solving system 0.27475909900385886
concluded in  11.52809068300121
Solving snapshot 0 30
36
time in solving system 3.565598624001723
time in solving system 0.12787900100374827
time in solving system 0.11758416299562668
concluded in  8.259486609000305
Solving snapshot 0 31
36
time in solving system 2.986420574998192
time in solving system 0.16899608700623503
time in solving system 0.10981788599747233
concluded in  6.646243719995255
Solving snapshot 0 32
36
time in solving system 4.868123165004363
time in solving system 0.19865880100405775
time in solving system 0.17745496399584226
concluded in  10.049750106998545
Solving snapshot 0 33
36
time in solving system 3.8965289580009994
time in solving system 0.15807887700066203
time in solving system 0.10742351299995789
concluded in  7.986262849997729
Solving snapshot 0 34
36
time in solving system 3.6755797019941383
time in solving system 0.10826881699904334
time in solving system 0.10878211299859686
concluded in  7.5323163680004654
Solving snapshot 0 35
36
time in solving system 4.187105696000799
time in solving system 0.19559054099954665
time in solving system 0.13500181100243935
concluded in  9.634960251998564
Solving snapshot 0 36
36
time in solving system 4.3481696719973115
time in solving system 0.12533210599940503
time in solving system 0.23278362400014885
concluded in  8.169177466996189
Solving snapshot 0 37
36
time in solving system 2.729977046001295
time in solving system 0.11009997200017096
time in solving system 0.11709067699848674
concluded in  6.316639764998399
Solving snapshot 0 38
36
time in solving system 3.230927132994111
time in solving system 0.23074339800223242
time in solving system 0.22828780700365314
concluded in  7.562769068994385
Solving snapshot 0 39
36
time in solving system 2.6405478509987006
time in solving system 0.10657143100252142
time in solving system 0.11853137000434799
concluded in  5.774213455995778
Solving snapshot 0 40
36
time in solving system 3.23425651499565
time in solving system 0.11161328999878606
time in solving system 0.11014116700243903
concluded in  6.697062970000843
Solving snapshot 0 41
36
time in solving system 3.7804490979979164
time in solving system 0.23943288800364826
time in solving system 0.23903899399738293
concluded in  7.616746506995696
Solving snapshot 0 42
36
time in solving system 3.759627180006646
time in solving system 0.18631359800201608
time in solving system 0.1306012120039668
concluded in  7.367811285002972
Solving snapshot 0 43
36
time in solving system 5.509113927997532
time in solving system 0.5067185919979238
time in solving system 0.21732871900167083
concluded in  9.656324372001109
Solving snapshot 0 44
36
time in solving system 3.483503012001165
time in solving system 0.27641528899403056
time in solving system 0.13512805600475986
concluded in  7.23299049599882
Solving snapshot 0 45
36
time in solving system 4.640325183994719
time in solving system 0.2558659450005507
time in solving system 0.2163113880014862
concluded in  9.027509100000316
Solving snapshot 0 46
36
time in solving system 3.8646761100026197
time in solving system 0.23008501299773343
time in solving system 0.13428628299880074
concluded in  8.356321211998875
Solving snapshot 0 47
36
time in solving system 4.359897229995113
time in solving system 0.2555386269959854
time in solving system 0.2622030939965043
concluded in  8.534142930999224
Solving snapshot 0 48
36
time in solving system 5.095251313003246
time in solving system 0.1361632219995954
time in solving system 0.12961191800422966
concluded in  8.276462674002687
Solving snapshot 0 49
36
time in solving system 4.00542922099703
time in solving system 0.19754418899537995
time in solving system 0.10808339800132671
concluded in  7.69371322599909
Solving snapshot 0 50
36
time in solving system 4.145685853000032
time in solving system 0.227732608000224
time in solving system 0.23490109900012612
concluded in  8.084782618003373
Solving snapshot 0 51
36
time in solving system 4.3426883069987525
time in solving system 0.2929662799942889
time in solving system 0.27880594300222583
concluded in  8.339384957005677
Solving snapshot 0 52
36
time in solving system 3.1889319449983304
time in solving system 0.24701622200518614
time in solving system 0.2958772229976603
concluded in  8.161568100003933
Solving snapshot 0 53
36
time in solving system 4.391898928995943
time in solving system 0.1082636770006502
time in solving system 0.11068466400320176
concluded in  9.132410698002786
Solving snapshot 0 54
36
time in solving system 3.9270945339958416
time in solving system 0.134043936006492
time in solving system 0.13262947300245287
concluded in  8.238215753997792
Solving snapshot 0 55
36
time in solving system 3.1716735399968456
time in solving system 0.22821434999787016
time in solving system 0.10591732399916509
concluded in  7.307834156999888
Solving snapshot 0 56
36
time in solving system 4.594326831997023
time in solving system 0.1016298190006637
time in solving system 0.14109756400284823
concluded in  9.451831680002215
Solving snapshot 0 57
36
time in solving system 3.226129626003967
time in solving system 0.10836496100091608
time in solving system 0.11497571499785408
concluded in  6.508286299998872
Solving snapshot 0 58
36
time in solving system 4.844582858000649
time in solving system 0.11388315499789314
time in solving system 0.11711143700085813
concluded in  9.117117341003905
Solving snapshot 0 59
36
time in solving system 5.048917452004389
time in solving system 0.12181722099921899
time in solving system 0.11991745900013484
concluded in  9.1470276129985
Solving snapshot 0 60
36
time in solving system 6.300513034999312
time in solving system 0.16595976400276413
time in solving system 0.12839568700292148
concluded in  11.526322783996875
Solving snapshot 0 61
36
time in solving system 3.227314281000872
time in solving system 0.12151069899846334
time in solving system 0.12099381100415485
concluded in  10.019860453001456
Solving snapshot 0 62
36
time in solving system 3.2583526150046964
time in solving system 0.11252515699743526
time in solving system 0.10613907399965683
concluded in  10.038295319005556
Solving snapshot 0 63
36
time in solving system 3.9939052699992317
time in solving system 0.11528934499801835
time in solving system 0.11961028999940027
concluded in  10.404695008997805
Solving snapshot 0 64
36
time in solving system 2.195907522997004
time in solving system 0.1127594389981823
time in solving system 0.11098987199511612
concluded in  8.24824882500252
Solving snapshot 0 65
36
time in solving system 2.0573361329952604
time in solving system 0.10513906800042605
time in solving system 0.10284723000222584
concluded in  7.834211244997277
Solving snapshot 0 66
36
time in solving system 2.4210298260004492
time in solving system 0.1085283740030718
time in solving system 0.10814456400112249
concluded in  7.939211437005724
Solving snapshot 0 67
36
time in solving system 5.778454837003665
time in solving system 0.10475807700277073
time in solving system 0.1027569029974984
concluded in  11.22613999400346
Solving snapshot 0 68
36
time in solving system 2.57837386400206
time in solving system 0.09838495000440162
time in solving system 0.10372928200376919
concluded in  7.207205832004547
Solving snapshot 0 69
36
time in solving system 4.094839951001632
time in solving system 0.12015445999713847
time in solving system 0.11082888599776197
concluded in  8.701914184995985
Solving snapshot 0 70
36
time in solving system 3.0567149569978938
time in solving system 0.11785779400088359
time in solving system 0.12147853899659822
concluded in  7.206668327999068
Solving snapshot 0 71
36
time in solving system 3.633765349004534
time in solving system 0.11827082899981178
time in solving system 0.09893300099793123
concluded in  8.054287505998218
Solving snapshot 0 72
36
time in solving system 2.3449478879992967
time in solving system 0.11193959900265327
time in solving system 0.10674809999909485
concluded in  6.531351722005638
Solving snapshot 0 73
36
time in solving system 2.9493365599992103
time in solving system 0.11728729999595089
time in solving system 0.10608416899776785
concluded in  6.923063647998788
Solving snapshot 0 74
36
time in solving system 4.564696631998231
time in solving system 0.23304471599840326
time in solving system 0.11651890099892626
concluded in  9.580940821993863
Solving snapshot 0 75
36
time in solving system 3.519133169997076
time in solving system 0.10826412900496507
time in solving system 0.12426962199970149
concluded in  8.274477569997543
Solving snapshot 0 76
36
time in solving system 3.515864357999817
time in solving system 0.13019725900085177
time in solving system 0.14370744000189006
concluded in  7.960757109001861
Solving snapshot 0 77
36
time in solving system 3.8220040669984883
time in solving system 0.12075223399733659
time in solving system 0.10510672099917429
concluded in  7.66470311699959
Solving snapshot 0 78
36
time in solving system 3.054460300998471
time in solving system 0.23905851299787173
time in solving system 0.2605072820006171
concluded in  6.934438267002406
Solving snapshot 0 79
36
time in solving system 3.3486099490037304
time in solving system 0.236602507000498
time in solving system 0.13255928499711445
concluded in  6.9906213659996865
Solving snapshot 0 80
36
time in solving system 2.611588304003817
time in solving system 0.23432417600270128
time in solving system 0.1426321850012755
concluded in  6.836887928999204
Solving snapshot 0 81
36
time in solving system 3.2240403420000803
time in solving system 0.35307251199992606
time in solving system 0.27202320200012764
concluded in  8.102925494000374
Solving snapshot 0 82
36
time in solving system 2.674719388996891
time in solving system 0.1377840909990482
time in solving system 0.18165982200298458
concluded in  7.027498549003212
Solving snapshot 0 83
36
time in solving system 3.3372811490044114
time in solving system 0.10937873399961973
time in solving system 0.1098694100001012
concluded in  7.78687438700581
Solving snapshot 0 84
36
time in solving system 3.0058778899983736
time in solving system 0.17240533800213598
time in solving system 0.22472652500437107
concluded in  9.039313895002124
Solving snapshot 0 85
36
time in solving system 3.018867685997975
time in solving system 0.11723915099719306
time in solving system 0.10565861699433299
concluded in  8.204169509001076
Solving snapshot 0 86
36
time in solving system 3.666928686994652
time in solving system 0.10369052999885753
time in solving system 0.10070129800442373
concluded in  9.38648812599422
Solving snapshot 0 87
36
time in solving system 2.617276926001068
time in solving system 0.11382426199998008
time in solving system 0.11177867999504087
concluded in  7.684605157999613
Solving snapshot 0 88
36
time in solving system 3.5761280700025964
time in solving system 0.10906397199869389
time in solving system 0.11171868199744495
concluded in  8.977058088996273
Solving snapshot 0 89
36
time in solving system 4.543848034001712
time in solving system 0.12485115900199162
time in solving system 0.109835892006231
concluded in  9.937473587000568
Solving snapshot 0 90
36
time in solving system 2.6597391899995273
time in solving system 0.11849969700415386
time in solving system 0.10508859200490406
concluded in  8.102388536994113
Solving snapshot 0 91
36
time in solving system 4.905897945995093
time in solving system 0.1169670059971395
time in solving system 0.11578472999826772
concluded in  8.636065739003243
Solving snapshot 0 92
36
time in solving system 4.777117689998704
time in solving system 0.13242219100357033
time in solving system 0.11870051799633075
concluded in  10.529429217000143
Solving snapshot 0 93
36
time in solving system 3.8320684080026695
time in solving system 0.12421604999690317
time in solving system 0.10439042800135212
concluded in  8.860051545001625
Solving snapshot 0 94
36
time in solving system 4.507976432003488
time in solving system 0.11883475000649923
time in solving system 0.1260793269975693
concluded in  9.454645507998066
Solving snapshot 0 95
36
time in solving system 4.437353150002309
time in solving system 0.14356963399768574
time in solving system 0.12054487800196512
concluded in  9.752920359002019
Solving snapshot 0 96
36
time in solving system 4.758671465002408
time in solving system 0.11682008500065422
time in solving system 0.130761127002188
concluded in  10.456780535001599
Solving snapshot 0 97
36
time in solving system 3.6272865339997225
time in solving system 0.11503039600211196
time in solving system 0.11181601200223668
concluded in  8.537825874998816
Solving snapshot 0 98
36
time in solving system 3.1992347960040206
time in solving system 0.1233993770001689
time in solving system 0.12118282900337363
concluded in  7.951654160999169
Solving snapshot 0 99
36
time in solving system 5.331058133000624
time in solving system 0.11323939699650509
time in solving system 0.11337629299669061
concluded in  9.468176108995976
Solving snapshot 0 100
36
time in solving system 4.313965591005399
time in solving system 0.15886715299711796
time in solving system 0.11196389299584553
concluded in  8.98862845399708
Solving snapshot 0 101
36
time in solving system 3.8791542460021446
time in solving system 0.11196811700210674
time in solving system 0.11238229300215608
concluded in  8.197102858001017
Solving snapshot 0 102
36
time in solving system 4.234851195004012
time in solving system 0.1136595860007219
time in solving system 0.11398734799877275
concluded in  8.18512353800179
Solving snapshot 0 103
36
time in solving system 4.153680374001851
time in solving system 0.11552301899791928
time in solving system 0.13541176500439178
concluded in  9.903023737002513
Solving snapshot 0 104
36
time in solving system 5.4955367160000606
time in solving system 0.11418140400201082
time in solving system 0.11566821900487412
concluded in  10.872107426999719
Solving snapshot 0 105
36
time in solving system 5.039256833995751
time in solving system 0.13207258499460295
time in solving system 0.10835404899989953
concluded in  10.26995628199802
Solving snapshot 0 106
36
time in solving system 4.566745661002642
time in solving system 0.1467425299997558
time in solving system 0.1124014070010162
concluded in  9.842083581002953
Solving snapshot 0 107
36
time in solving system 4.377045337998425
time in solving system 0.18850022199330851
time in solving system 0.2696432110024034
concluded in  9.610442119002983
Solving snapshot 0 108
36
time in solving system 4.415194893001171
time in solving system 0.22442721799598075
time in solving system 0.289578817995789
concluded in  9.345862508002028
Solving snapshot 0 109
36
time in solving system 3.441525454996736
time in solving system 0.14018535400100518
time in solving system 0.15956218999781413
concluded in  8.119176335996599
Solving snapshot 0 110
36
time in solving system 3.7075642080017133
time in solving system 0.12556025099911494
time in solving system 0.11012829499668442
concluded in  8.494090318999952
Solving snapshot 0 111
36
time in solving system 4.742817459002254
time in solving system 0.2642549960000906
time in solving system 0.183030256004713
concluded in  9.453019349995884
Solving snapshot 0 112
36
time in solving system 5.00731569200434
time in solving system 0.11654449500201736
time in solving system 0.11657962400204269
concluded in  9.267918192999787
Solving snapshot 0 113
36
time in solving system 4.46151512999495
time in solving system 0.10685449399898062
time in solving system 0.10406087699811906
concluded in  9.178980703996785
Solving snapshot 0 114
36
time in solving system 2.290864700000384
time in solving system 0.11736325800302438
time in solving system 0.11408194999967236
concluded in  7.161420354001166
Solving snapshot 0 115
36
time in solving system 5.010070755997731
time in solving system 0.14192441100021824
time in solving system 0.197840216998884
concluded in  9.623997499002144
Solving snapshot 0 116
36
time in solving system 3.6955483199999435
time in solving system 0.22717280199867673
time in solving system 0.24025510100182146
concluded in  8.316148912999779
Solving snapshot 0 117
36
time in solving system 5.452119838002545
time in solving system 0.16543683399504516
time in solving system 0.17302039499918465
concluded in  10.239159431999724
Solving snapshot 0 118
36
time in solving system 5.405185679999704
time in solving system 0.13044217599963304
time in solving system 0.11776953300432069
concluded in  10.280178781998984
Solving snapshot 0 119
36
time in solving system 5.172983575997932
time in solving system 0.17079318699688883
time in solving system 0.11241688900190638
concluded in  9.76800253300462
Solving snapshot 0 120
36
time in solving system 5.087352699003532
time in solving system 0.1473068549967138
time in solving system 0.16931400199973723
concluded in  9.137548011000035
Solving snapshot 0 121
36
time in solving system 5.548103984998306
time in solving system 0.1586851999963983
time in solving system 0.1095414650044404
concluded in  10.01878879400465
Solving snapshot 0 122
36
time in solving system 6.270156130005489
time in solving system 0.16702735499711707
time in solving system 0.11998430100356927
concluded in  10.764214808004908
Solving snapshot 0 123
36
time in solving system 5.589976352996018
time in solving system 0.18501318999915384
time in solving system 0.19618178499513306
concluded in  10.871692168002483
Solving snapshot 0 124
36
time in solving system 5.393964969000081
time in solving system 0.17810922899661819
time in solving system 0.11554542100202525
concluded in  10.58591276700463
Solving snapshot 0 125
36
time in solving system 5.079504791996442
time in solving system 0.13550961400324013
time in solving system 0.11068319000332849
concluded in  8.958913634000055
Solving snapshot 0 126
36
time in solving system 3.331409945996711
time in solving system 0.10668089300452266
time in solving system 0.11339106100058416
concluded in  7.75683130199468
Solving snapshot 0 127
36
time in solving system 5.729286855996179
time in solving system 0.15925055000116117
time in solving system 0.11325956299697282
concluded in  9.533405835005397
Solving snapshot 0 128
36
time in solving system 4.567928536002
time in solving system 0.1846848269997281
time in solving system 0.19697969399567228
concluded in  8.854447968005843
Solving snapshot 0 129
36
time in solving system 4.960693734996312
time in solving system 0.2650360350016854
time in solving system 0.26473232400167035
concluded in  11.747052522994636
Solving snapshot 0 130
36
time in solving system 2.0940281899966067
time in solving system 0.09904272999847308
time in solving system 0.09175789199798601
concluded in  7.528948555998795
Solving snapshot 0 131
36
time in solving system 4.486950322003395
time in solving system 0.13960702199983643
time in solving system 0.14573112899961416
concluded in  9.40418555499491
Solving snapshot 0 132
36
time in solving system 4.556711033001193
time in solving system 0.11014911800157279
time in solving system 0.11145061799470568
concluded in  10.377782078001474
Solving snapshot 0 133
36
time in solving system 5.017714490000799
time in solving system 0.2535705490008695
time in solving system 0.13262853000196628
concluded in  10.660692026001925
Solving snapshot 0 134
36
time in solving system 2.652505325000675
time in solving system 0.22738225299690384
time in solving system 0.2320720169955166
concluded in  7.877862079003535
Solving snapshot 0 135
36
time in solving system 2.716541772999335
time in solving system 0.11641807300475193
time in solving system 0.11580207700171741
concluded in  7.440500199998496
Solving snapshot 0 136
36
time in solving system 2.644130591994326
time in solving system 0.10994467400450958
time in solving system 0.11282915000629146
concluded in  8.170867487999203
Solving snapshot 0 137
36
time in solving system 3.595920156003558
time in solving system 0.11018686599709326
time in solving system 0.10768538800039096
concluded in  8.354672083994956
Solving snapshot 0 138
36
time in solving system 2.5743828089980525
time in solving system 0.1235922140040202
time in solving system 0.10572410600434523
concluded in  9.253083832001721
Solving snapshot 0 139
36
time in solving system 3.0226644259964814
time in solving system 0.11821769199741539
time in solving system 0.10465808300068602
concluded in  8.90345878500375
Solving snapshot 0 140
36
time in solving system 2.1385706489963923
time in solving system 0.10833016200194834
time in solving system 0.10533465600019554
concluded in  7.0481074179988354
Solving snapshot 0 141
36
time in solving system 3.690192254005524
time in solving system 0.10942615900421515
time in solving system 0.10544319299515337
concluded in  8.517683616002614
Solving snapshot 0 142
36
time in solving system 4.00412474800396
time in solving system 0.10107953300030204
time in solving system 0.10074863100453513
concluded in  8.405421457995544
Solving snapshot 0 143
36
time in solving system 3.032242043002043
time in solving system 0.12000240499764914
time in solving system 0.11580963100277586
concluded in  7.8509915260001435
Solving snapshot 0 144
36
time in solving system 4.703752593006357
time in solving system 0.1062537739999243
time in solving system 0.10443881600076566
concluded in  9.04941660699842
Solving snapshot 0 145
36
time in solving system 3.7248708510014694
time in solving system 0.11174513099831529
time in solving system 0.10724827800004277
concluded in  9.57919915500679
Solving snapshot 0 146
36
time in solving system 3.7526805650049937
time in solving system 0.1049205939998501
time in solving system 0.09947624099731911
concluded in  8.737348581998958
Solving snapshot 0 147
36
time in solving system 2.749800167999638
time in solving system 0.1258222019969253
time in solving system 0.12114406200271333
concluded in  7.578715786003158
Solving snapshot 0 148
36
time in solving system 4.746745739001199
time in solving system 0.11171125100372592
time in solving system 0.11006940600054804
concluded in  8.971094767002796
Solving snapshot 0 149
36
time in solving system 4.416588799998863
time in solving system 0.10731699700409081
time in solving system 0.13637295199441724
concluded in  8.455541831004666
Solving snapshot 0 150
36
time in solving system 4.072175507004431
time in solving system 0.183178854000289
time in solving system 0.11278164500254206
concluded in  8.668537746001675
Solving snapshot 0 151
36
time in solving system 3.133329958000104
time in solving system 0.12612002399691846
time in solving system 0.12697750499501126
concluded in  8.229289028000494
Solving snapshot 0 152
36
time in solving system 4.002594750993012
time in solving system 0.12761408499500249
time in solving system 0.10758288399665616
concluded in  8.663312083001074
Solving snapshot 0 153
36
time in solving system 2.959424412001681
time in solving system 0.111477828999341
time in solving system 0.10797147799894447
concluded in  7.510292458995536
Solving snapshot 0 154
36
time in solving system 3.678964554994309
time in solving system 0.10595784299948718
time in solving system 0.10369443799572764
concluded in  8.909220266003103
Solving snapshot 0 155
36
time in solving system 3.4475213759942562
time in solving system 0.1158328769961372
time in solving system 0.1559293080063071
concluded in  8.885705221000535
Solving snapshot 0 156
36
time in solving system 3.7141016949972254
time in solving system 0.11200358199857874
time in solving system 0.10948310700041475
concluded in  8.203719876000832
Solving snapshot 0 157
36
time in solving system 3.4312751709949225
time in solving system 0.1045447200012859
time in solving system 0.10290595999686047
concluded in  8.379480732000957
Solving snapshot 0 158
36
time in solving system 4.503934412001399
time in solving system 0.11021744000026956
time in solving system 0.10625629700371064
concluded in  8.832665930996882
Solving snapshot 0 159
36
time in solving system 4.852159827001742
time in solving system 0.12554753499716753
time in solving system 0.11351434999960475
concluded in  9.325111566002306
Solving snapshot 0 160
36
time in solving system 3.3563111830007983
time in solving system 0.10911073400347959
time in solving system 0.11311051400116412
concluded in  8.136851764000312
Solving snapshot 0 161
36
time in solving system 3.306957954002428
time in solving system 0.11510198000178207
time in solving system 0.11998158299684292
concluded in  8.630664792995958
Solving snapshot 0 162
36
time in solving system 4.571784567000577
time in solving system 0.11161629400157835
time in solving system 0.10668692000035662
concluded in  9.568607506997068
Solving snapshot 0 163
36
time in solving system 4.0804621479983325
time in solving system 0.24823095399915474
time in solving system 0.2458101199954399
concluded in  9.578626563001308
Solving snapshot 0 164
36
time in solving system 4.127170589999878
time in solving system 0.12975517599988962
time in solving system 0.39751883300050395
concluded in  9.940301222006383
Solving snapshot 0 165
36
time in solving system 3.9095012249963474
time in solving system 0.11949960899801226
time in solving system 0.16659090699977241
concluded in  9.269278182997368
Solving snapshot 0 166
36
time in solving system 3.8020560209988616
time in solving system 0.1149310280015925
time in solving system 0.11706330299784895
concluded in  8.533641059002548
Solving snapshot 0 167
36
time in solving system 3.708420732000377
time in solving system 0.2449455840032897
time in solving system 0.23019425199890975
concluded in  9.157626680003887
Solving snapshot 0 168
36
time in solving system 2.5315838460010127
time in solving system 0.1118730950038298
time in solving system 0.1305049250004231
concluded in  7.049239116000535
Solving snapshot 0 169
36
time in solving system 4.055835735001892
time in solving system 0.11295545999746537
time in solving system 0.11111306200473337
concluded in  9.937390289000177
Solving snapshot 0 170
36
time in solving system 5.424792660000094
time in solving system 0.2019388650005567
time in solving system 0.12627439600328216
concluded in  11.807437556999503
Solving snapshot 0 171
36
time in solving system 4.476794226000493
time in solving system 0.10975459899782436
time in solving system 0.1140094570000656
concluded in  8.92683111599763
Solving snapshot 0 172
36
time in solving system 4.28240698800073
time in solving system 0.10780276700097602
time in solving system 0.11023268500139238
concluded in  8.394071793001785
Solving snapshot 0 173
36
time in solving system 3.2438155009949696
time in solving system 0.10604280999541515
time in solving system 0.10433062499942025
concluded in  9.01799936700263
Solving snapshot 0 174
36
time in solving system 4.618344762995548
time in solving system 0.11370471300324425
time in solving system 0.11159815200517187
concluded in  9.485342440995737
Solving snapshot 0 175
36
time in solving system 4.109567323997908
time in solving system 0.16670446699572494
time in solving system 0.11007776099722832
concluded in  8.326597690997005
Solving snapshot 0 176
36
time in solving system 5.256340131003526
time in solving system 0.11249129399948288
time in solving system 0.1160121450011502
concluded in  9.765782099006174
Solving snapshot 0 177
36
time in solving system 4.066131351995864
time in solving system 0.11133318200154463
time in solving system 0.1085057809978025
concluded in  8.83590491200448
Solving snapshot 0 178
36
time in solving system 3.304053280997323
time in solving system 0.17763054399983957
time in solving system 0.11347292400023434
concluded in  7.797586914995918
Solving snapshot 0 179
36
time in solving system 3.629664813997806
time in solving system 0.1787890170016908
time in solving system 0.11429823900107294
concluded in  7.995405527995899
Solving snapshot 0 180
36
time in solving system 2.887787676998414
time in solving system 0.1100847839989001
time in solving system 0.11071738700411515
concluded in  7.730500154997571
Solving snapshot 0 181
36
time in solving system 3.128871952998452
time in solving system 0.18588038299640175
time in solving system 0.19065786999999546
concluded in  7.541006419000041
Solving snapshot 0 182
36
time in solving system 2.6942689990028157
time in solving system 0.11252619700098876
time in solving system 0.11492514800193021
concluded in  7.446411724995414
Solving snapshot 0 183
36
time in solving system 3.685254210002313
time in solving system 0.10976829900027951
time in solving system 0.1162872239947319
concluded in  7.699270006000006
Solving snapshot 0 184
36
time in solving system 2.357147815004282
time in solving system 0.23540807500103256
time in solving system 0.2773374620010145
concluded in  6.932182356998965
Solving snapshot 0 185
36
time in solving system 4.394047831003263
time in solving system 0.22372237899980973
time in solving system 0.15489806999539724
concluded in  10.233647822999046
Solving snapshot 0 186
36
time in solving system 2.0040952620038297
time in solving system 0.1325907280042884
time in solving system 0.11580204199708533
concluded in  6.845996221003588
Solving snapshot 0 187
36
time in solving system 3.3303264509959263
time in solving system 0.12248225100483978
time in solving system 0.13137048600037815
concluded in  7.4160167450027075
Solving snapshot 0 188
36
time in solving system 2.553816152998479
time in solving system 0.11216446199978236
time in solving system 0.11054022699681809
concluded in  7.264375744001882
Solving snapshot 0 189
36
time in solving system 5.471977134999179
time in solving system 0.10084834599547321
time in solving system 0.09720919000392314
concluded in  9.24609592500201
Solving snapshot 0 190
36
time in solving system 2.955578450993926
time in solving system 0.24703222600510344
time in solving system 0.23155007499735802
concluded in  7.796381991000089
Solving snapshot 0 191
36
time in solving system 4.975408690996119
time in solving system 0.12098624899954302
time in solving system 0.11990531600167742
concluded in  8.485007770002994
Solving snapshot 0 192
36
time in solving system 2.7222297190019162
time in solving system 0.2414888840066851
time in solving system 0.12102658699586755
concluded in  8.18913452700508
Solving snapshot 0 193
36
time in solving system 2.4806654790008906
time in solving system 0.10652968700014753
time in solving system 0.11329058200499276
concluded in  7.223112950996438
Solving snapshot 0 194
36
time in solving system 4.193662545003463
time in solving system 0.10517341599916108
time in solving system 0.10693312099465402
concluded in  8.67295512399869
Solving snapshot 0 195
36
time in solving system 3.9290907889953814
time in solving system 0.10713305099488935
time in solving system 0.11739696899894625
concluded in  7.938802748998569
Solving snapshot 0 196
36
time in solving system 3.9427496760035865
time in solving system 0.214314826996997
time in solving system 0.1340179589969921
concluded in  8.011076563001552
Solving snapshot 0 197
36
Failed solving snapshot 49097 197
Solving snapshot 0 198
36
time in solving system 4.589608434995171
time in solving system 0.1286464189979597
time in solving system 0.15064001599967014
concluded in  10.165996929994435
Solving snapshot 0 199
36
time in solving system 5.83403159599402
time in solving system 0.10810843400395242
time in solving system 0.10380055599671323
concluded in  10.291268897999544
Solving snapshot 0 200
36
time in solving system 4.704909428000974
time in solving system 0.22517221700400114
time in solving system 0.2576321900050971
concluded in  11.063110487004451
Solving snapshot 0 201
36
time in solving system 3.63799838200066
time in solving system 0.14702042499993695
time in solving system 0.13057305999973323
concluded in  7.615041910998116
Solving snapshot 0 202
36
time in solving system 5.436639963001653
time in solving system 0.26605796899821144
time in solving system 0.2996053080059937
concluded in  11.84585590200004
Solving snapshot 0 203
36
time in solving system 4.267107008003222
time in solving system 0.25001800100289984
time in solving system 0.2602133190011955
concluded in  9.713298609996855
Solving snapshot 0 204
36
time in solving system 4.158502447004139
time in solving system 0.12221247900015442
time in solving system 0.13156090499978745
concluded in  8.04195895599696
Solving snapshot 0 205
36
time in solving system 4.816937085997779
time in solving system 0.2785657330023241
time in solving system 0.26094945799559355
concluded in  8.712157893998665
Solving snapshot 0 206
36
time in solving system 4.310418647997722
time in solving system 0.25357097599771805
time in solving system 0.24097907600662438
concluded in  8.351865463002468
Solving snapshot 0 207
36
time in solving system 3.2045760420005536
time in solving system 0.1137983799999347
time in solving system 0.11501885100005893
concluded in  7.138246403002995
Solving snapshot 0 208
36
time in solving system 2.8722054669997306
time in solving system 0.17425023800024064
time in solving system 0.10836836599628441
concluded in  7.08023679699545
Solving snapshot 0 209
36
time in solving system 2.7209915600033128
time in solving system 0.1215346130047692
time in solving system 0.10690573399915593
concluded in  7.415425827006402
Solving snapshot 0 210
36
time in solving system 4.542452269000933
time in solving system 0.1143955730003654
time in solving system 0.11504497299756622
concluded in  8.315637328996672
Solving snapshot 0 211
36
time in solving system 4.465690668999741
time in solving system 0.1084970920055639
time in solving system 0.1082651699980488
concluded in  8.854962011995667
Solving snapshot 0 212
36
time in solving system 4.321282842000073
time in solving system 0.11014479200093774
time in solving system 0.1127863170040655
concluded in  8.35229555999831
Solving snapshot 0 213
36
time in solving system 3.589306416004547
time in solving system 0.19813870800135192
time in solving system 0.1260410389950266
concluded in  7.623498348002613
Solving snapshot 0 214
36
time in solving system 5.253877966002619
time in solving system 0.12494513700221432
time in solving system 0.09998530300072161
concluded in  9.861586769002315
Solving snapshot 0 215
36
time in solving system 4.0107084609990125
time in solving system 0.11303828700329177
time in solving system 0.11596343300334411
concluded in  8.645384301002196
Solving snapshot 0 216
36
time in solving system 3.861008446998312
time in solving system 0.10908307300269371
time in solving system 0.1054882690004888
concluded in  8.973797632999776
Solving snapshot 0 217
36
time in solving system 4.849446322994481
time in solving system 0.14696786599961342
time in solving system 0.11411663200124167
concluded in  9.281861226998444
Solving snapshot 0 218
36
time in solving system 4.884151578997262
time in solving system 0.11203059199760901
time in solving system 0.1170273680036189
concluded in  8.282426133999252
Solving snapshot 0 219
36
time in solving system 5.5822341199964285
time in solving system 0.10992303999955766
time in solving system 0.10522602099808864
concluded in  9.315077945000667
Solving snapshot 0 220
36
time in solving system 3.9790430790017126
time in solving system 0.1158469059955678
time in solving system 0.11410775399417616
concluded in  7.96163327999966
Solving snapshot 0 221
36
time in solving system 4.851925442002539
time in solving system 0.12824766099947738
time in solving system 0.10707880999689223
concluded in  9.077813010000682
Solving snapshot 0 222
36
time in solving system 4.28252271200472
time in solving system 0.15248514500126475
time in solving system 0.1266765620021033
concluded in  8.581188169999223
Solving snapshot 0 223
36
time in solving system 4.805886369998916
time in solving system 0.14608022400352638
time in solving system 0.13146969099761918
concluded in  8.313007764001668
Solving snapshot 0 224
36
time in solving system 3.7718391380039975
time in solving system 0.11698888600221835
time in solving system 0.10801024999818765
concluded in  7.372558981005568
Solving snapshot 0 225
36
time in solving system 3.7123493409962975
time in solving system 0.13783164599590236
time in solving system 0.10870712800533511
concluded in  6.997924422001233
Solving snapshot 0 226
36
time in solving system 3.8321036029956304
time in solving system 0.11104633200011449
time in solving system 0.11307768899860093
concluded in  7.95248487599747
Solving snapshot 0 227
36
time in solving system 4.552870269006235
time in solving system 0.19100379000155954
time in solving system 0.11018838200106984
concluded in  8.77498919700156
Solving snapshot 0 228
36
time in solving system 2.2313949430026696
time in solving system 0.2265992630054825
time in solving system 0.23378273099660873
concluded in  7.490534037002362
Solving snapshot 0 229
36
time in solving system 2.3189470549987163
time in solving system 0.10627971800568048
time in solving system 0.10430901099607581
concluded in  6.074775954999495
Solving snapshot 0 230
36
time in solving system 4.15203690600174
time in solving system 0.11477329899935285
time in solving system 0.11270227299974067
concluded in  8.659388140993542
Solving snapshot 0 231
36
time in solving system 3.4221674140062532
time in solving system 0.12613454300299054
time in solving system 0.10853334900457412
concluded in  6.979998071998125
Solving snapshot 0 232
36
time in solving system 2.62884946000122
time in solving system 0.0983495309992577
time in solving system 0.10389471600501565
concluded in  7.490576516996953
Solving snapshot 0 233
36
time in solving system 4.304743724998843
time in solving system 0.12727321699640015
time in solving system 0.18533431499963626
concluded in  8.44770741299726
Solving snapshot 0 234
36
time in solving system 2.158833011999377
time in solving system 0.10456344999693101
time in solving system 0.12099969199334737
concluded in  6.427465707005467
Solving snapshot 0 235
36
time in solving system 3.5614187070023036
time in solving system 0.11072367699671304
time in solving system 0.10347701000137022
concluded in  8.422765481001989
Solving snapshot 0 236
36
time in solving system 2.9218992709938902
time in solving system 0.2291568240034394
time in solving system 0.24208464800176444
concluded in  8.791975734995503
Solving snapshot 0 237
36
time in solving system 2.691223390000232
time in solving system 0.11283371899480699
time in solving system 0.14036305499757873
concluded in  7.297280081998906
Solving snapshot 0 238
36
time in solving system 2.7821613080013776
time in solving system 0.11394831900543068
time in solving system 0.14217606400052318
concluded in  7.427607281002565
Solving snapshot 0 239
36
time in solving system 5.164563979997183
time in solving system 0.11894499999471009
time in solving system 0.21733163200406125
concluded in  9.925259848001588
Solving snapshot 0 240
36
time in solving system 5.9503887220053
time in solving system 0.3101567289995728
time in solving system 0.22474738900200464
concluded in  11.080697778001195
Solving snapshot 0 241
36
time in solving system 3.0571884689998114
time in solving system 0.311539308000647
time in solving system 0.26379690199973993
concluded in  8.713905866003188
Solving snapshot 0 242
36
time in solving system 3.4848822230051155
time in solving system 0.22959308000281453
time in solving system 0.14809933500509942
concluded in  7.922120488998189
Solving snapshot 0 243
36
time in solving system 4.230912006998551
time in solving system 0.11268483900494175
time in solving system 0.1103515669965418
concluded in  8.98272836900287
Solving snapshot 0 244
36
time in solving system 3.487124888000835
time in solving system 0.09909943899401696
time in solving system 0.10309122999751708
concluded in  7.696961631001614
Solving snapshot 0 245
36
time in solving system 5.407431998995889
time in solving system 0.15007452600548277
time in solving system 0.11426799299806589
concluded in  9.530858467995131
Solving snapshot 0 246
36
time in solving system 3.9484019789961167
time in solving system 0.11131862699403428
time in solving system 0.14566759500303306
concluded in  7.837260601001617
Solving snapshot 0 247
36
time in solving system 4.38247032900108
time in solving system 0.13154734899580944
time in solving system 0.10913674600305967
concluded in  8.128906140002073
Solving snapshot 0 248
36
time in solving system 4.9571542350022355
time in solving system 0.11748845700640231
time in solving system 0.12955805599631276
concluded in  10.67394743100158
Solving snapshot 0 249
36
time in solving system 5.197734495995974
time in solving system 0.10799503699672641
time in solving system 0.10775067299982766
concluded in  9.392166156998428
Solving snapshot 0 250
36
time in solving system 5.109151949000079
time in solving system 0.1536003490036819
time in solving system 0.11574836799991317
concluded in  9.368160926998826
Solving snapshot 0 251
36
time in solving system 4.414359933005471
time in solving system 0.1531322770024417
time in solving system 0.11329608199594077
concluded in  8.133011760000954
Solving snapshot 0 252
36
time in solving system 3.955460593002499
time in solving system 0.19091377899894724
time in solving system 0.11611434699443635
concluded in  7.504492945998209
Solving snapshot 0 253
36
time in solving system 4.625510963000124
time in solving system 0.11038984199694823
time in solving system 0.10958396299974993
concluded in  8.39301341999817
Solving snapshot 0 254
36
time in solving system 4.694609837002645
time in solving system 0.15931300499505596
time in solving system 0.11914070200145943
concluded in  8.827286190993618
Solving snapshot 0 255
36
time in solving system 4.259901516001264
time in solving system 0.1559652170035406
time in solving system 0.11056532499787863
concluded in  7.554842121993715
Solving snapshot 0 256
36
time in solving system 5.174036287004128
time in solving system 0.16656790299748536
time in solving system 0.12089012000069488
concluded in  9.097094224998727
Solving snapshot 0 257
36
time in solving system 5.144376534000912
time in solving system 0.1383288370052469
time in solving system 0.14356329399743117
concluded in  8.97247318400332
Solving snapshot 0 258
36
time in solving system 5.285609036000096
time in solving system 0.10865160699904663
time in solving system 0.10469333200308029
concluded in  11.320637795994116
Solving snapshot 0 259
36
time in solving system 4.179665049006871
time in solving system 0.11118601100315573
time in solving system 0.10513791199628031
concluded in  9.835741693997988
Solving snapshot 0 260
36
time in solving system 4.730971655000758
time in solving system 0.11189620699587977
time in solving system 0.10764566199941328
concluded in  9.474191856999823
Solving snapshot 0 261
36
time in solving system 2.296018319997529
time in solving system 0.11186952899879543
time in solving system 0.12442796499817632
concluded in  7.5359231760012335
Solving snapshot 0 262
36
time in solving system 4.3818306350003695
time in solving system 0.1212717909947969
time in solving system 0.1236423609952908
concluded in  9.00958172600076
Solving snapshot 0 263
36
time in solving system 4.853602579998551
time in solving system 0.18833151899889344
time in solving system 0.18823549299850129
concluded in  10.73240275700664
Solving snapshot 0 264
36
time in solving system 2.1501419299966074
time in solving system 0.23259814499760978
time in solving system 0.1810650940024061
concluded in  7.723274705997028
Solving snapshot 0 265
36
time in solving system 3.2894054829957895
time in solving system 0.11927287499565864
time in solving system 0.1271570300013991
concluded in  8.545412373001454
Solving snapshot 0 266
36
time in solving system 2.515181204995315
time in solving system 0.11549961999844527
time in solving system 0.21742708300007507
concluded in  7.487650593000581
Solving snapshot 0 267
36
time in solving system 4.409870698997111
time in solving system 0.18294276999949943
time in solving system 0.2124638360037352
concluded in  9.300871375999122
Solving snapshot 0 268
36
time in solving system 2.815879137000593
time in solving system 0.23606050799571676
time in solving system 0.24048153500189073
concluded in  7.457859649999591
Solving snapshot 0 269
36
time in solving system 2.1446802450009272
time in solving system 0.22453874499478843
time in solving system 0.24442441899736878
concluded in  7.619397675000073
Solving snapshot 0 270
36
time in solving system 2.961239347998344
time in solving system 0.10916922400065232
time in solving system 0.10979605699685635
concluded in  6.790898648003349
Solving snapshot 0 271
36
time in solving system 2.503243200997531
time in solving system 0.1864380409970181
time in solving system 0.225490474003891
concluded in  6.826240244001383
Solving snapshot 0 272
36
time in solving system 2.2859651499966276
time in solving system 0.26473518200509716
time in solving system 0.251965495001059
concluded in  7.952835992997279
Solving snapshot 0 273
36
time in solving system 2.0312811190015054
time in solving system 0.09681168299721321
time in solving system 0.09692173299845308
concluded in  6.392113791996962
Solving snapshot 0 274
36
time in solving system 2.9357971459976397
time in solving system 0.12062059799791314
time in solving system 0.11539760799496435
concluded in  7.719645949997357
Solving snapshot 0 275
36
time in solving system 3.1248620970000047
time in solving system 0.11806990799959749
time in solving system 0.11178009399736766
concluded in  7.908646588002739
Solving snapshot 0 276
36
time in solving system 2.0547757690001163
time in solving system 0.10422380400268594
time in solving system 0.09794727100234013
concluded in  7.599151864997111
Solving snapshot 0 277
36
time in solving system 2.0756708160042763
time in solving system 0.11826423199818237
time in solving system 0.10457544699602295
concluded in  8.054102804002468
Solving snapshot 0 278
36
time in solving system 2.827979874004086
time in solving system 0.11664358899724903
time in solving system 0.10448884099605493
concluded in  8.521416662995762
Solving snapshot 0 279
36
time in solving system 2.2442430810042424
time in solving system 0.1236267280037282
time in solving system 0.10761308699875372
concluded in  7.1522269359993516
Solving snapshot 0 280
36
time in solving system 3.6693707349986653
time in solving system 0.10707162500330014
time in solving system 0.10127270600060001
concluded in  7.742643092002254
Solving snapshot 0 281
36
time in solving system 4.0222908509967965
time in solving system 0.11634400900220498
time in solving system 0.14659300100174733
concluded in  7.864206302998355
Solving snapshot 0 282
36
time in solving system 5.552584901000955
time in solving system 0.2524252279981738
time in solving system 0.26745265899808146
concluded in  9.942614100997162
Solving snapshot 0 283
36
time in solving system 3.976585338001314
time in solving system 0.13326599799620453
time in solving system 0.2975122290008585
concluded in  8.157418608003354
Solving snapshot 0 284
36
time in solving system 2.974705050000921
time in solving system 0.11976941300235922
time in solving system 0.1617515049947542
concluded in  7.155315130003146
Solving snapshot 0 285
36
time in solving system 2.2183263990009436
time in solving system 0.2427454159987974
time in solving system 0.22800127399386838
concluded in  5.771167680999497
Solving snapshot 0 286
36
time in solving system 2.291750911004783
time in solving system 0.1334158129975549
time in solving system 0.11447644700092496
concluded in  5.694784088002052
Solving snapshot 0 287
36
time in solving system 2.0595627509974292
time in solving system 0.1209477730008075
time in solving system 0.10862549299781676
concluded in  5.273832241000491
Solving snapshot 0 288
36
time in solving system 2.0026176199971815
time in solving system 0.10226354400219861
time in solving system 0.10203727999760304
concluded in  5.20853995699872
Solving snapshot 0 289
36
time in solving system 2.7324040949970367
time in solving system 0.11294175700459164
time in solving system 0.11800843899982283
concluded in  6.2224168259999715
Solving snapshot 0 290
36
time in solving system 2.4391044410003815
time in solving system 0.11123338700417662
time in solving system 0.1316468600052758
concluded in  5.669303508999292
Solving snapshot 0 291
36
time in solving system 3.264420703999349
time in solving system 0.1214477040048223
time in solving system 0.11686650699994061
concluded in  6.775948378002795
Solving snapshot 0 292
36
time in solving system 2.2495348930024193
time in solving system 0.1177012160042068
time in solving system 0.11541019099968253
concluded in  5.785606714998721
Solving snapshot 0 293
36
time in solving system 2.1491687930029
time in solving system 0.11934747899795184
time in solving system 0.10905691800144268
concluded in  5.708798541003489
Solving snapshot 0 294
36
time in solving system 2.2757987399963895
time in solving system 0.13615343700075755
time in solving system 0.17355746199609712
concluded in  5.965063083000132
Solving snapshot 0 295
36
time in solving system 2.998697656999866
time in solving system 0.37196652100101346
time in solving system 0.2760143199993763
concluded in  7.217215087002842
Solving snapshot 0 296
36
time in solving system 3.6612789110004087
time in solving system 0.19469841699901735
time in solving system 0.14481154699751642
concluded in  7.495514135000121
Solving snapshot 0 297
36
time in solving system 2.6234008469982655
time in solving system 0.12337942500016652
time in solving system 0.12867810700117843
concluded in  6.103565622994211
Solving snapshot 0 298
36
time in solving system 2.326906656002393
time in solving system 0.11029504000180168
time in solving system 0.10638162500254111
concluded in  6.089115975999448
Solving snapshot 0 299
36
time in solving system 2.2332589819998248
time in solving system 0.12493506000464549
time in solving system 0.10724934799509356
concluded in  6.136222095999983
[197]
Solving not completed simulation: 1-th chance
Solving snapshot -1 197
36
time in solving system 2.2350735790023464
time in solving system 0.10074480500043137
time in solving system 0.09902776299713878
Building point search tree to accelerate distance queries.
Computed bounding box tree with 40427 nodes for 20214 points.
Failed solving snapshot 49097 197
[197]
Solving not completed simulation: 2-th chance
Solving snapshot -1 197
36
time in solving system 2.012786038998456
time in solving system 0.08901221900305245
time in solving system 0.08256948199414182
Building point search tree to accelerate distance queries.
Computed bounding box tree with 40351 nodes for 20176 points.
Failed solving snapshot 49097 197
[197]
Solving not completed simulation: 3-th chance
Solving snapshot -1 197
36
time in solving system 1.9334719440012123
time in solving system 0.0910126569942804
time in solving system 0.08633904599992093
Building point search tree to accelerate distance queries.
Computed bounding box tree with 40507 nodes for 20254 points.
Failed solving snapshot 49097 197
[197]
Solving not completed simulation: 4-th chance
Solving snapshot -1 197
36
time in solving system 2.5836651559948223
time in solving system 0.10611889199935831
time in solving system 0.1324556350009516
concluded in  5.753813704002823
[]
Not completed: []
