Solving not completed simulation: 0-th chance
Solving snapshot 0 0
36
time in solving system 3.287961826001265
time in solving system 0.12590780299797188
time in solving system 0.1188448730026721
concluded in  8.914595166999788
Solving snapshot 0 1
36
time in solving system 3.2298383849993115
time in solving system 0.12519867299852194
time in solving system 0.11862942399966414
concluded in  9.357757107001817
Solving snapshot 0 2
36
time in solving system 3.0464710110027227
time in solving system 0.16280071499932092
time in solving system 0.11445000200183131
concluded in  8.936508317998232
Solving snapshot 0 3
36
time in solving system 3.265912347000267
time in solving system 0.139619567002228
time in solving system 0.12632068500170135
concluded in  9.157317442997737
Solving snapshot 0 4
36
time in solving system 3.689905955998256
time in solving system 0.3064203960020677
time in solving system 0.1664614640030777
concluded in  9.602866801997152
Solving snapshot 0 5
36
time in solving system 3.7740798900013033
time in solving system 0.2162886129990511
time in solving system 0.12676683000245248
concluded in  9.815951182998106
Solving snapshot 0 6
36
time in solving system 4.071726733996911
time in solving system 0.13817478800046956
time in solving system 0.22332628200092586
concluded in  9.896017956998548
Solving snapshot 0 7
36
time in solving system 3.752185735000239
time in solving system 0.1301970810018247
time in solving system 0.13891170599890756
concluded in  9.325532876999205
Solving snapshot 0 8
36
time in solving system 3.645007151997561
time in solving system 0.22081224199791905
time in solving system 0.13440511700173374
concluded in  9.719999138000276
Solving snapshot 0 9
36
time in solving system 3.7371936899980938
time in solving system 0.1689870289992541
time in solving system 0.18677980600114097
concluded in  9.350172444999771
Solving snapshot 0 10
36
time in solving system 4.500968667998677
time in solving system 0.18644686799962074
time in solving system 0.1353498850003234
concluded in  9.682639583999844
Solving snapshot 0 11
36
time in solving system 3.7512016569999105
time in solving system 0.20042571299927658
time in solving system 0.2729675219998171
concluded in  9.752304224999534
Solving snapshot 0 12
36
time in solving system 3.813646451002569
time in solving system 0.17557160599972121
time in solving system 0.21764654100115877
concluded in  9.779782764999254
Solving snapshot 0 13
36
time in solving system 3.575814984000317
time in solving system 0.1621363010017376
time in solving system 0.23739545800344786
concluded in  9.039522319999378
Solving snapshot 0 14
36
time in solving system 3.1072829229997296
time in solving system 0.23418472800040036
time in solving system 0.15974527099751867
concluded in  9.331799650000903
Solving snapshot 0 15
36
time in solving system 3.584812372999295
time in solving system 0.15618749900022522
time in solving system 0.14281349799784948
concluded in  9.116723030001594
Solving snapshot 0 16
36
time in solving system 3.139834438003163
time in solving system 0.16309524800090003
time in solving system 0.17413403499813285
concluded in  8.565220491000218
Solving snapshot 0 17
36
time in solving system 3.6482850959982898
time in solving system 0.19320514100036235
time in solving system 0.18726933500147425
concluded in  9.602125214001717
Solving snapshot 0 18
36
time in solving system 2.8969106709992047
time in solving system 0.16258436899806838
time in solving system 0.14278401900082827
concluded in  8.177348591998452
Solving snapshot 0 19
36
time in solving system 3.172893828999804
time in solving system 0.14370533500186866
time in solving system 0.11657838400060427
concluded in  8.407505810999282
Solving snapshot 0 20
36
time in solving system 2.825263842998538
time in solving system 0.14047249299983378
time in solving system 0.12278917499861564
concluded in  8.823553090998757
Solving snapshot 0 21
36
time in solving system 2.988425093000842
time in solving system 0.14857686799950898
time in solving system 0.12860111500049243
concluded in  8.840070096001
Solving snapshot 0 22
36
time in solving system 3.7244164040021133
time in solving system 0.17071841600045445
time in solving system 0.1754036359998281
concluded in  9.606129569998302
Solving snapshot 0 23
36
time in solving system 3.089685303999431
time in solving system 0.14876880799783976
time in solving system 0.15027884599840036
concluded in  8.438465916999121
Solving snapshot 0 24
36
time in solving system 3.3410403300003964
time in solving system 0.20458099500319804
time in solving system 0.2008960129969637
concluded in  9.274884200996894
Solving snapshot 0 25
36
time in solving system 3.8498305379980593
time in solving system 0.2699239399989892
time in solving system 0.2062577649994637
concluded in  9.313495469999907
Solving snapshot 0 26
36
Failed solving snapshot 33026 26
Solving snapshot 0 27
36
time in solving system 3.457964761000767
time in solving system 0.13446802599719376
time in solving system 0.1291701189984451
concluded in  9.341648876998079
Solving snapshot 0 28
36
time in solving system 3.544518638998852
time in solving system 0.22249508299864829
time in solving system 0.13649301300029038
concluded in  9.235409411001456
Solving snapshot 0 29
36
time in solving system 3.701524211002834
time in solving system 0.1328427409971482
time in solving system 0.1324596720005502
concluded in  9.401440351997735
Solving snapshot 0 30
36
time in solving system 3.5813628930009145
time in solving system 0.1518732069998805
time in solving system 0.2612276619984186
concluded in  9.032806243998493
Solving snapshot 0 31
36
time in solving system 3.5546803970028122
time in solving system 0.16664849299922935
time in solving system 0.1712957390009251
concluded in  8.950388175002445
Solving snapshot 0 32
36
time in solving system 3.4742648780011223
time in solving system 0.1680523129980429
time in solving system 0.2660367739990761
concluded in  9.183321741998952
Solving snapshot 0 33
36
time in solving system 3.1638520369997423
time in solving system 0.26890484300020034
time in solving system 0.26405206200070097
concluded in  8.695497985001566
Solving snapshot 0 34
36
time in solving system 4.513328253997315
time in solving system 0.14115647099970374
time in solving system 0.1374862739976379
concluded in  10.226378986000782
Solving snapshot 0 35
36
time in solving system 3.926406627997494
time in solving system 0.13829260500278906
time in solving system 0.1710287280002376
concluded in  9.637864497999544
Solving snapshot 0 36
36
time in solving system 4.338377808999212
time in solving system 0.17354065900144633
time in solving system 0.33171293899795273
concluded in  10.219130770001357
Solving snapshot 0 37
36
time in solving system 4.170183056998212
time in solving system 0.2275640049992944
time in solving system 0.21574277900072047
concluded in  9.633978846999526
Solving snapshot 0 38
36
time in solving system 4.011207088002266
time in solving system 0.1994347200015909
time in solving system 0.16733124500024132
concluded in  9.359298498999124
Solving snapshot 0 39
36
time in solving system 3.8407030740017944
time in solving system 0.21000649399866234
time in solving system 0.21511825299967313
concluded in  9.341446696002095
Solving snapshot 0 40
36
time in solving system 2.836491152000235
time in solving system 0.32580024900016724
time in solving system 0.33491898300053435
concluded in  8.666264877996582
Solving snapshot 0 41
36
time in solving system 3.304335488999641
time in solving system 0.33835406200159923
time in solving system 0.22584095600177534
concluded in  9.37131055899954
Solving snapshot 0 42
36
time in solving system 3.240811649000534
time in solving system 0.34105528900181525
time in solving system 0.36717756599682616
concluded in  9.580818395999813
Solving snapshot 0 43
36
time in solving system 3.9446869089988468
time in solving system 0.35057194600085495
time in solving system 0.21743353000056231
concluded in  9.821984944999713
Solving snapshot 0 44
36
time in solving system 3.41316097500021
time in solving system 0.18583352499990724
time in solving system 0.17012510099812062
concluded in  9.146004398000514
Solving snapshot 0 45
36
time in solving system 3.1425113100012823
time in solving system 0.21126213199750055
time in solving system 0.3308961190014088
concluded in  8.93210708100014
Solving snapshot 0 46
36
time in solving system 2.7185317019975628
time in solving system 0.19902524899953278
time in solving system 0.1797690480016172
concluded in  7.987024815000041
Solving snapshot 0 47
36
time in solving system 3.2862490199986496
time in solving system 0.14897071000086726
time in solving system 0.1369360050011892
concluded in  9.115361350999592
Solving snapshot 0 48
36
time in solving system 3.1746075360024406
time in solving system 0.22518363500057603
time in solving system 0.24838465100037865
concluded in  9.202621401000215
Solving snapshot 0 49
36
time in solving system 3.052108555999439
time in solving system 0.1949507339995762
time in solving system 0.29204320599819766
concluded in  9.10938804000034
Solving snapshot 0 50
36
time in solving system 3.3575969329976942
time in solving system 0.20817094200174324
time in solving system 0.19354582400046638
concluded in  9.34917122999832
Solving snapshot 0 51
36
time in solving system 3.5346587029998773
time in solving system 0.22095027600153117
time in solving system 0.18438979300117353
concluded in  9.471732662997965
Solving snapshot 0 52
36
time in solving system 3.476064893999137
time in solving system 0.17321220099984203
time in solving system 0.1753622960022767
concluded in  8.83309325799928
Solving snapshot 0 53
36
time in solving system 3.0020452850003494
time in solving system 0.21671564700227464
time in solving system 0.16228647900061333
concluded in  8.329229598999518
Solving snapshot 0 54
36
time in solving system 3.147044122000807
time in solving system 0.1617446550008026
time in solving system 0.16987263500050176
concluded in  8.698350072998437
Solving snapshot 0 55
36
time in solving system 3.756318720999843
time in solving system 0.20684229399921605
time in solving system 0.16746103200057405
concluded in  9.151774007998029
Solving snapshot 0 56
36
time in solving system 3.2236899710005673
time in solving system 0.24863886299863225
time in solving system 0.24791781800013268
concluded in  8.853937420000875
Solving snapshot 0 57
36
time in solving system 3.7526740729990706
time in solving system 0.24705659199753427
time in solving system 0.2490354439978546
concluded in  9.680772919000447
Solving snapshot 0 58
36
time in solving system 3.05672491599762
time in solving system 0.17361214099946665
time in solving system 0.19071960899964324
concluded in  8.538330755996867
Solving snapshot 0 59
36
time in solving system 3.3413567440002225
time in solving system 0.16753306499958853
time in solving system 0.18367106199730188
concluded in  9.197141110002121
Solving snapshot 0 60
36
time in solving system 3.768905648998043
time in solving system 0.2352160640002694
time in solving system 0.1860278690000996
concluded in  9.20373530500001
Solving snapshot 0 61
36
time in solving system 3.846559465997416
time in solving system 0.19353020600101445
time in solving system 0.2552611619976233
concluded in  9.656628491000447
Solving snapshot 0 62
36
time in solving system 3.385173495997151
time in solving system 0.2329711079983099
time in solving system 0.14045446300224285
concluded in  8.707355731999996
Solving snapshot 0 63
36
time in solving system 3.276491419001104
time in solving system 0.20452490000025136
time in solving system 0.1454883639999025
concluded in  8.995932676003576
Solving snapshot 0 64
36
time in solving system 3.3610184479985037
time in solving system 0.2744920529985393
time in solving system 0.1955753439979162
concluded in  9.32959662200301
Solving snapshot 0 65
36
time in solving system 3.695699028998206
time in solving system 0.2235879459985881
time in solving system 0.27163855499748024
concluded in  9.208640822002053
Solving snapshot 0 66
36
time in solving system 3.9349309179997363
time in solving system 0.16426483500254108
time in solving system 0.16658571600055438
concluded in  9.398154941998655
Solving snapshot 0 67
36
time in solving system 3.352215206999972
time in solving system 0.28971776899925317
time in solving system 0.20515983999939635
concluded in  8.842307368999172
Solving snapshot 0 68
36
time in solving system 3.8815855200009537
time in solving system 0.3653057169976819
time in solving system 0.35275840800022706
concluded in  9.582460302997788
Solving snapshot 0 69
36
time in solving system 3.922658051000326
time in solving system 0.29473489500014693
time in solving system 0.17489585099974647
concluded in  9.860055689998262
Solving snapshot 0 70
36
time in solving system 3.868448286997591
time in solving system 0.28221153800041066
time in solving system 0.15924163799718372
concluded in  9.740764849000698
Solving snapshot 0 71
36
time in solving system 4.274965641998278
time in solving system 0.1702968179997697
time in solving system 0.12689829599912628
concluded in  9.62984317000155
Solving snapshot 0 72
36
time in solving system 4.083530051000707
time in solving system 0.2186117240016756
time in solving system 0.16833050999775878
concluded in  9.897822615999758
Solving snapshot 0 73
36
time in solving system 4.362474672001554
time in solving system 0.27578967999943416
time in solving system 0.15012001099967165
concluded in  9.7782474179985
Solving snapshot 0 74
36
time in solving system 3.9271524219984713
time in solving system 0.17734650800048257
time in solving system 0.1934273070000927
concluded in  9.779559160000645
Solving snapshot 0 75
36
time in solving system 3.7444940360001056
time in solving system 0.21592599200084805
time in solving system 0.21127450700078043
concluded in  9.206626724997477
Solving snapshot 0 76
36
time in solving system 3.805647190001764
time in solving system 0.18156472700138693
time in solving system 0.18952253899988136
concluded in  9.624293806999049
Solving snapshot 0 77
36
time in solving system 4.168556546999753
time in solving system 0.1410275529997307
time in solving system 0.12594646599973203
concluded in  9.96004528299818
Solving snapshot 0 78
36
time in solving system 3.8947313750031753
time in solving system 0.13420272099756403
time in solving system 0.23537582099743304
concluded in  9.618031113001052
Solving snapshot 0 79
36
time in solving system 4.344036908001726
time in solving system 0.1484692609992635
time in solving system 0.21901601799982018
concluded in  10.293566178999754
Solving snapshot 0 80
36
time in solving system 4.217325623998477
time in solving system 0.22604696700000204
time in solving system 0.13601607400050852
concluded in  10.207981273000769
Solving snapshot 0 81
36
time in solving system 4.0505896700015
time in solving system 0.1893687769988901
time in solving system 0.1268609969993122
concluded in  9.550651244000619
Solving snapshot 0 82
36
time in solving system 3.498944996998034
time in solving system 0.2261325030012813
time in solving system 0.232395789000293
concluded in  9.781267403999664
Solving snapshot 0 83
36
time in solving system 4.065062367000792
time in solving system 0.22828334299993003
time in solving system 0.2219542669990915
concluded in  10.022872860001371
Solving snapshot 0 84
36
time in solving system 3.9964560400003393
time in solving system 0.20231576800142648
time in solving system 0.1211703379995015
concluded in  9.954151203997753
Solving snapshot 0 85
36
time in solving system 3.6662003390010796
time in solving system 0.16885844799980987
time in solving system 0.1178345869993791
concluded in  9.503918493999663
Solving snapshot 0 86
36
time in solving system 4.2509429509991605
time in solving system 0.13159535999875516
time in solving system 0.1254719140015368
concluded in  9.542175786998996
Solving snapshot 0 87
36
time in solving system 3.7616924719986855
time in solving system 0.13079128000026685
time in solving system 0.12633178900068742
concluded in  9.649262697002996
Solving snapshot 0 88
36
time in solving system 3.7368991690018447
time in solving system 0.1917763700002979
time in solving system 0.20105499700002838
concluded in  9.642463977997977
Solving snapshot 0 89
36
time in solving system 3.728872510000656
time in solving system 0.1440945400026976
time in solving system 0.12164181100160931
concluded in  9.539867706997029
Solving snapshot 0 90
36
time in solving system 3.9868547820005915
time in solving system 0.14016351900136215
time in solving system 0.14076378300160286
concluded in  9.24181320900243
Solving snapshot 0 91
36
time in solving system 4.180322621003143
time in solving system 0.1851287309982581
time in solving system 0.12642423799843527
concluded in  9.559612192999339
Solving snapshot 0 92
36
time in solving system 3.4870863719988847
time in solving system 0.15774574100214522
time in solving system 0.30710951799846953
concluded in  9.238962872001139
Solving snapshot 0 93
36
time in solving system 4.4677214629991795
time in solving system 0.19744700400042348
time in solving system 0.16518658300265088
concluded in  9.92160428599891
Solving snapshot 0 94
36
time in solving system 3.2939306580010452
time in solving system 0.16404535399851738
time in solving system 0.2696146039997984
concluded in  9.250552665002033
Solving snapshot 0 95
36
time in solving system 3.4913348449990735
time in solving system 0.15922804499859922
time in solving system 0.16480874199987738
concluded in  8.93589522700131
Solving snapshot 0 96
36
time in solving system 3.9525352000018756
time in solving system 0.2063566879987775
time in solving system 0.23917633000019123
concluded in  9.819519605000096
Solving snapshot 0 97
36
time in solving system 3.7788913029980904
time in solving system 0.15081156700034626
time in solving system 0.12778823799817474
concluded in  9.554237293999904
Solving snapshot 0 98
36
time in solving system 4.222251834999042
time in solving system 0.17624916300337645
time in solving system 0.12528785899849026
concluded in  9.567980014002387
Solving snapshot 0 99
36
time in solving system 3.8812859379977454
time in solving system 0.2607631820028473
time in solving system 0.23265670699765906
concluded in  9.78825861900259
Solving snapshot 0 100
36
time in solving system 4.055049336002412
time in solving system 0.18591727500097477
time in solving system 0.12739368999973522
concluded in  9.570205611002166
Solving snapshot 0 101
36
time in solving system 3.6969924500008347
time in solving system 0.19671395600016695
time in solving system 0.13251575299727847
concluded in  9.603162957999302
Solving snapshot 0 102
36
time in solving system 3.920325953000429
time in solving system 0.1743895440013148
time in solving system 0.2182044440014579
concluded in  9.525145403997158
Solving snapshot 0 103
36
time in solving system 3.8586303620031686
time in solving system 0.16486643100142828
time in solving system 0.3093999730008363
concluded in  9.63678947399967
Solving snapshot 0 104
36
time in solving system 4.0037717320010415
time in solving system 0.21676181799921324
time in solving system 0.1274254509989987
concluded in  9.73782811899946
Solving snapshot 0 105
36
time in solving system 3.648283681999601
time in solving system 0.22410333399966476
time in solving system 0.13203596899984404
concluded in  9.641592379997746
Solving snapshot 0 106
36
time in solving system 3.9677419520012336
time in solving system 0.14457570600279723
time in solving system 0.13550751699949615
concluded in  9.924081394998211
Solving snapshot 0 107
36
time in solving system 3.777764771002694
time in solving system 0.15073353399930056
time in solving system 0.15963023199947202
concluded in  9.96899941799711
Solving snapshot 0 108
36
time in solving system 3.99184078899998
time in solving system 0.2221052890017745
time in solving system 0.16125497100074426
concluded in  9.582512788998429
Solving snapshot 0 109
36
time in solving system 3.896911650997936
time in solving system 0.17094294400158105
time in solving system 0.17653130799953942
concluded in  9.893838516996766
Solving snapshot 0 110
36
time in solving system 4.117796475999057
time in solving system 0.18254482100019231
time in solving system 0.12338841000018874
concluded in  10.234910461000254
Solving snapshot 0 111
36
time in solving system 3.5684728609994636
time in solving system 0.21563123400119366
time in solving system 0.12941628100088565
concluded in  9.789690060999419
Solving snapshot 0 112
36
time in solving system 3.680546637002408
time in solving system 0.24347434399896883
time in solving system 0.1317656139981409
concluded in  9.066551083000377
Solving snapshot 0 113
36
time in solving system 3.960687095997855
time in solving system 0.2525447109983361
time in solving system 0.164136232000601
concluded in  9.821852692999528
Solving snapshot 0 114
36
time in solving system 3.2988442959976965
time in solving system 0.23521251600323012
time in solving system 0.17750063399944338
concluded in  8.7469169290016
Solving snapshot 0 115
36
time in solving system 3.408437842997955
time in solving system 0.16677980500026024
time in solving system 0.1662300909993064
concluded in  9.230986272999871
Solving snapshot 0 116
36
time in solving system 3.978082458001154
time in solving system 0.1795790340001986
time in solving system 0.16352217600069707
concluded in  9.709453678999125
Solving snapshot 0 117
36
time in solving system 3.6523040979991492
time in solving system 0.2255387539989897
time in solving system 0.18501036499947077
concluded in  8.980923045000964
Solving snapshot 0 118
36
time in solving system 3.458666145001189
time in solving system 0.25108054500014987
time in solving system 0.18059715300114476
concluded in  8.825865528000577
Solving snapshot 0 119
36
time in solving system 3.5708903839986306
time in solving system 0.1815396959973441
time in solving system 0.14500078600030974
concluded in  9.205932379001752
Solving snapshot 0 120
36
time in solving system 3.6689690359999076
time in solving system 0.24262442599865608
time in solving system 0.22102607900160365
concluded in  9.482156471000053
Solving snapshot 0 121
36
time in solving system 4.13415405699925
time in solving system 0.23453009399963776
time in solving system 0.1476825669997197
concluded in  9.47397737099891
Solving snapshot 0 122
36
time in solving system 3.8967781009996543
time in solving system 0.1737330590003694
time in solving system 0.22079033699992578
concluded in  9.598475213999336
Solving snapshot 0 123
36
time in solving system 4.131493294997199
time in solving system 0.20216618199992809
time in solving system 0.16821786500076996
concluded in  9.802056628002902
Solving snapshot 0 124
36
time in solving system 4.001687972999207
time in solving system 0.18125365000014426
time in solving system 0.15940674000012223
concluded in  9.781764000999829
Solving snapshot 0 125
36
time in solving system 4.029313680999621
time in solving system 0.23656886799653876
time in solving system 0.13270257300246158
concluded in  10.119058254997071
Solving snapshot 0 126
36
time in solving system 4.136372390999895
time in solving system 0.14558219099853886
time in solving system 0.12321290000181762
concluded in  10.154922057998192
Solving snapshot 0 127
36
time in solving system 3.47996516800049
time in solving system 0.15770221499769832
time in solving system 0.2566584079977474
concluded in  9.155491989000438
Solving snapshot 0 128
36
time in solving system 3.8753890119987773
time in solving system 0.2625978300020506
time in solving system 0.19591991099878214
concluded in  10.11911299699932
Solving snapshot 0 129
36
time in solving system 3.7100527250004234
time in solving system 0.2652689839997038
time in solving system 0.21573131399782142
concluded in  9.78621507799835
Solving snapshot 0 130
36
time in solving system 3.750945944997511
time in solving system 0.15563868499884848
time in solving system 0.17779516599694034
concluded in  9.799858407997817
Solving snapshot 0 131
36
time in solving system 3.8400577530010196
time in solving system 0.13344080499882693
time in solving system 0.12895847099935054
concluded in  9.60859880100179
Solving snapshot 0 132
36
time in solving system 4.055254269002035
time in solving system 0.20727126199926715
time in solving system 0.15059606700015138
concluded in  9.577491007999924
Solving snapshot 0 133
36
time in solving system 3.4973014790011803
time in solving system 0.2505239480015007
time in solving system 0.16018369999801507
concluded in  9.489012222002202
Solving snapshot 0 134
36
time in solving system 4.034637083001144
time in solving system 0.1859848759995657
time in solving system 0.2263653689988132
concluded in  9.408729687002051
Solving snapshot 0 135
36
time in solving system 4.47053683500053
time in solving system 0.16041303699967102
time in solving system 0.13928593899981934
concluded in  9.723810871997557
Solving snapshot 0 136
36
time in solving system 3.239845755000715
time in solving system 0.3066911429996253
time in solving system 0.20486530299967853
concluded in  8.820086681000248
Solving snapshot 0 137
36
time in solving system 3.9749321720009902
time in solving system 0.16434839899739018
time in solving system 0.21795120300157578
concluded in  9.800497305001045
Solving snapshot 0 138
36
time in solving system 3.9969378509995295
time in solving system 0.265579325001454
time in solving system 0.17988637300004484
concluded in  9.43003789100112
Solving snapshot 0 139
36
time in solving system 4.616369147999649
time in solving system 0.3002388559980318
time in solving system 0.1712245550006628
concluded in  9.937897201998567
Solving snapshot 0 140
36
time in solving system 4.400888421001582
time in solving system 0.1737274859988247
time in solving system 0.13002000599954044
concluded in  10.016370006000216
Solving snapshot 0 141
36
time in solving system 3.8177342349990795
time in solving system 0.15217748100258177
time in solving system 0.12449089799702051
concluded in  9.513347410000279
Solving snapshot 0 142
36
time in solving system 4.2261913910006115
time in solving system 0.15263551200041547
time in solving system 0.21157491000121809
concluded in  9.571063307001168
Solving snapshot 0 143
36
time in solving system 3.842051496998465
time in solving system 0.14818860499872244
time in solving system 0.2156668620009441
concluded in  9.681373647999862
Solving snapshot 0 144
36
time in solving system 3.6557258749999164
time in solving system 0.2240431130012439
time in solving system 0.26046556900109863
concluded in  9.067336183998123
Solving snapshot 0 145
36
time in solving system 4.074538542001392
time in solving system 0.23453361800056882
time in solving system 0.15450180400148383
concluded in  9.674155620999954
Solving snapshot 0 146
36
time in solving system 3.3886660630014376
time in solving system 0.16639281100287917
time in solving system 0.17282016100216424
concluded in  9.463826990002417
Solving snapshot 0 147
36
time in solving system 4.306829410001228
time in solving system 0.24607869400279014
time in solving system 0.17111540399855585
concluded in  9.564168714001426
Solving snapshot 0 148
36
time in solving system 3.742246925001382
time in solving system 0.187999720001244
time in solving system 0.13850948099934612
concluded in  8.93475704699813
Solving snapshot 0 149
36
time in solving system 3.4525503980003123
time in solving system 0.30507075899731717
time in solving system 0.26734669099823805
concluded in  9.054498798999703
Solving snapshot 0 150
36
time in solving system 3.5111489959999744
time in solving system 0.26182897399849026
time in solving system 0.26776645799691323
concluded in  9.620882907998748
Solving snapshot 0 151
36
time in solving system 3.80122070699872
time in solving system 0.1907236160004686
time in solving system 0.3080262119983672
concluded in  9.687795628997264
Solving snapshot 0 152
36
time in solving system 4.108645527001499
time in solving system 0.1809824199990544
time in solving system 0.20717171799697098
concluded in  9.831173873000807
Solving snapshot 0 153
36
time in solving system 3.9021974169991154
time in solving system 0.3090853680005239
time in solving system 0.1288939539990679
concluded in  9.729582267002115
Solving snapshot 0 154
36
time in solving system 3.962453103998996
time in solving system 0.19142053899849998
time in solving system 0.16030436599976383
concluded in  9.334142822001013
Solving snapshot 0 155
36
time in solving system 3.9110279499982425
time in solving system 0.18216376500276965
time in solving system 0.2183382069997606
concluded in  9.695255979997455
Solving snapshot 0 156
36
time in solving system 4.068314930998895
time in solving system 0.13241761800236418
time in solving system 0.124209128000075
concluded in  9.784462555999198
Solving snapshot 0 157
36
time in solving system 3.4292710769987025
time in solving system 0.17424374099937268
time in solving system 0.19857483300074819
concluded in  9.291883638001309
Solving snapshot 0 158
36
time in solving system 3.7986514099975466
time in solving system 0.13324564900176483
time in solving system 0.13534453199827112
concluded in  9.821469424998213
Solving snapshot 0 159
36
time in solving system 3.6719058850030706
time in solving system 0.1405268500020611
time in solving system 0.1730972750010551
concluded in  9.96268912800224
Solving snapshot 0 160
36
time in solving system 3.45262618599736
time in solving system 0.22007413699975586
time in solving system 0.13346425700001419
concluded in  9.131977586002904
Solving snapshot 0 161
36
time in solving system 3.929470073999255
time in solving system 0.13618701599989436
time in solving system 0.13990463499794714
concluded in  9.28194880099909
Solving snapshot 0 162
36
time in solving system 3.6700786629990034
time in solving system 0.23550220199831529
time in solving system 0.22376434399848222
concluded in  9.40206942399891
Solving snapshot 0 163
36
time in solving system 3.9538191049978195
time in solving system 0.22740623400022741
time in solving system 0.12562930100102676
concluded in  9.683493284999713
Solving snapshot 0 164
36
time in solving system 4.03917248200014
time in solving system 0.16818651200082968
time in solving system 0.16692563999822596
concluded in  9.382095201999618
Solving snapshot 0 165
36
time in solving system 3.964201779002906
time in solving system 0.2543330139997124
time in solving system 0.16844306299753953
concluded in  9.584339738998096
Solving snapshot 0 166
36
time in solving system 4.49724453700037
time in solving system 0.1437953339991509
time in solving system 0.12276972100153216
concluded in  10.046040556997468
Solving snapshot 0 167
36
time in solving system 3.961613598999975
time in solving system 0.15762460000041756
time in solving system 0.12434559599932982
concluded in  9.282484600000316
Solving snapshot 0 168
36
time in solving system 3.9290869810029108
time in solving system 0.2642383479978889
time in solving system 0.20430310499796178
concluded in  9.249535398997978
Solving snapshot 0 169
36
time in solving system 4.247447893001663
time in solving system 0.174180489997525
time in solving system 0.12611442499837722
concluded in  9.869538954000745
Solving snapshot 0 170
36
time in solving system 3.4213701090011455
time in solving system 0.2254000030006864
time in solving system 0.19843413199851057
concluded in  9.573257347001345
Solving snapshot 0 171
36
time in solving system 3.5896636540019244
time in solving system 0.17372837000220898
time in solving system 0.14463523700032965
concluded in  9.285242461999587
Solving snapshot 0 172
36
time in solving system 4.148393310002575
time in solving system 0.17805134000082035
time in solving system 0.1327291179986787
concluded in  9.825646140998288
Solving snapshot 0 173
36
time in solving system 3.8604862299980596
time in solving system 0.22791990900077508
time in solving system 0.13961332700273488
concluded in  9.728041709000536
Solving snapshot 0 174
36
time in solving system 4.04993226499937
time in solving system 0.24399503899985575
time in solving system 0.1352846200024942
concluded in  9.91002475699861
Solving snapshot 0 175
36
time in solving system 3.839626054999826
time in solving system 0.21897115300089354
time in solving system 0.1320452709987876
concluded in  9.881782540996937
Solving snapshot 0 176
36
time in solving system 3.7140146590027143
time in solving system 0.19780793599784374
time in solving system 0.16257614300047862
concluded in  9.088826135997806
Solving snapshot 0 177
36
time in solving system 3.2972550400008913
time in solving system 0.16053511000063736
time in solving system 0.24199630800285377
concluded in  8.727036725998914
Solving snapshot 0 178
36
time in solving system 4.231902622999769
time in solving system 0.3379110240020964
time in solving system 0.18920608999906108
concluded in  9.995512785000756
Solving snapshot 0 179
36
time in solving system 4.113791924999532
time in solving system 0.17624178500045673
time in solving system 0.12255146500319825
concluded in  9.798930737000774
Solving snapshot 0 180
36
time in solving system 3.7070235190003586
time in solving system 0.20683331300097052
time in solving system 0.15616720500111114
concluded in  9.51591544299663
Solving snapshot 0 181
36
time in solving system 3.709662285000377
time in solving system 0.21611897600087104
time in solving system 0.12512842599971918
concluded in  9.816751198002748
Solving snapshot 0 182
36
time in solving system 4.273863016998803
time in solving system 0.15018834700094885
time in solving system 0.12468359500053339
concluded in  9.422208599000442
Solving snapshot 0 183
36
time in solving system 3.712294712997391
time in solving system 0.13407501400070032
time in solving system 0.1314101860007213
concluded in  9.402246002999163
Solving snapshot 0 184
36
time in solving system 3.5981089680026344
time in solving system 0.2358478140013176
time in solving system 0.1892909350026457
concluded in  9.60798478599827
Solving snapshot 0 185
36
time in solving system 4.016278355000395
time in solving system 0.19747454400203424
time in solving system 0.12981936500000302
concluded in  9.365748580999934
Solving snapshot 0 186
36
time in solving system 4.193253738001658
time in solving system 0.21483302500200807
time in solving system 0.25407958699724986
concluded in  10.197485071999836
Solving snapshot 0 187
36
time in solving system 4.066897832002724
time in solving system 0.22766260400021565
time in solving system 0.147002199999406
concluded in  9.887966558002518
Solving snapshot 0 188
36
time in solving system 3.9852025159998448
time in solving system 0.2321715710022545
time in solving system 0.13163231300131883
concluded in  9.340357085002324
Solving snapshot 0 189
36
time in solving system 3.4835359239987156
time in solving system 0.15357345400116174
time in solving system 0.1373037800003658
concluded in  9.323050294002314
Solving snapshot 0 190
36
time in solving system 3.4238250390008034
time in solving system 0.2568793140017078
time in solving system 0.1642085870007577
concluded in  9.265083837002749
Solving snapshot 0 191
36
time in solving system 3.259670264000306
time in solving system 0.20906863500204054
time in solving system 0.23449231199992937
concluded in  8.882086224999512
Solving snapshot 0 192
36
time in solving system 3.4755811100003484
time in solving system 0.15133319799861056
time in solving system 0.22966259199893102
concluded in  9.188994380998338
Solving snapshot 0 193
36
time in solving system 3.171777278999798
time in solving system 0.19829664500139188
time in solving system 0.1823307799968461
concluded in  8.413695482999174
Solving snapshot 0 194
36
time in solving system 3.62466435999886
time in solving system 0.19806728399998974
time in solving system 0.16642262499954086
concluded in  9.591345937998994
Solving snapshot 0 195
36
time in solving system 4.073052233998169
time in solving system 0.17504634400029317
time in solving system 0.2840492030009045
concluded in  9.953889767999499
Solving snapshot 0 196
36
time in solving system 4.422013619998324
time in solving system 0.26894565999828046
time in solving system 0.14374930299891275
concluded in  10.413457507998828
Solving snapshot 0 197
36
time in solving system 3.8115656420013693
time in solving system 0.1820678529984434
time in solving system 0.29317232399989734
concluded in  9.719717985000898
Solving snapshot 0 198
36
time in solving system 3.86828311300269
time in solving system 0.21122552800079575
time in solving system 0.2275915959980921
concluded in  9.243907683998259
Solving snapshot 0 199
36
time in solving system 3.878708676002134
time in solving system 0.22319870499995886
time in solving system 0.16072207400065963
concluded in  9.722328839998227
Solving snapshot 0 200
36
time in solving system 3.9139973029996327
time in solving system 0.20324389899906237
time in solving system 0.2565726610009733
concluded in  9.748941357000149
Solving snapshot 0 201
36
time in solving system 3.761259283997788
time in solving system 0.22293390699996962
time in solving system 0.18922556799952872
concluded in  9.484208894999028
Solving snapshot 0 202
36
time in solving system 2.9404193039990787
time in solving system 0.3022082190000219
time in solving system 0.1986386210010096
concluded in  8.522576546001801
Solving snapshot 0 203
36
time in solving system 3.7045675840017793
time in solving system 0.21141037300185417
time in solving system 0.16713651799727813
concluded in  9.50985505800054
Solving snapshot 0 204
36
time in solving system 3.1553296960009902
time in solving system 0.19500425600199378
time in solving system 0.1873031399991305
concluded in  8.558619078001357
Solving snapshot 0 205
36
time in solving system 3.356159322000167
time in solving system 0.17294846100048744
time in solving system 0.18662661199778086
concluded in  9.248516645999189
Solving snapshot 0 206
36
time in solving system 3.416497657999571
time in solving system 0.2668677100009518
time in solving system 0.21067201799814939
concluded in  8.840830928998912
Solving snapshot 0 207
36
time in solving system 3.272866802999488
time in solving system 0.26987186100086547
time in solving system 0.2042887019997579
concluded in  9.16156650800258
Solving snapshot 0 208
36
time in solving system 3.400594489998184
time in solving system 0.20660310799939907
time in solving system 0.1691811439995945
concluded in  8.786352401999466
Solving snapshot 0 209
36
time in solving system 3.0052549920001184
time in solving system 0.24954101499679382
time in solving system 0.1714123580022715
concluded in  8.385924439000519
Solving snapshot 0 210
36
time in solving system 3.0714780000016617
time in solving system 0.19575807999717654
time in solving system 0.17427443400083575
concluded in  8.759032087000378
Solving snapshot 0 211
36
time in solving system 3.0665110139998433
time in solving system 0.25842124200062244
time in solving system 0.16694011100116768
concluded in  8.534651473997656
Solving snapshot 0 212
36
time in solving system 3.4633672999989358
time in solving system 0.2775655260011263
time in solving system 0.16134121999857598
concluded in  9.298258811999403
Solving snapshot 0 213
36
time in solving system 2.940905000003113
time in solving system 0.19792535200031125
time in solving system 0.16861868699925253
concluded in  8.720077472000412
Solving snapshot 0 214
36
time in solving system 2.8086671460005164
time in solving system 0.15077735600061715
time in solving system 0.1690674269993906
concluded in  8.545572950999485
Solving snapshot 0 215
36
time in solving system 3.00121902599858
time in solving system 0.13553013199998531
time in solving system 0.14466175199777354
concluded in  8.828951487997983
Solving snapshot 0 216
36
time in solving system 3.373268037001253
time in solving system 0.16030595299889683
time in solving system 0.1744945300015388
concluded in  9.17872298900329
Solving snapshot 0 217
36
time in solving system 3.6326504629978444
time in solving system 0.16536492199884378
time in solving system 0.16730416599966702
concluded in  9.415624858000228
Solving snapshot 0 218
36
time in solving system 3.691889341997012
time in solving system 0.1629949009984557
time in solving system 0.16718087100161938
concluded in  9.531365746999654
Solving snapshot 0 219
36
time in solving system 3.229215490999195
time in solving system 0.1518767960005789
time in solving system 0.19682213499982026
concluded in  8.570778719997179
Solving snapshot 0 220
36
time in solving system 3.7514422969979933
time in solving system 0.19934229099817458
time in solving system 0.18232950700257788
concluded in  9.650246315999539
Solving snapshot 0 221
36
time in solving system 3.917798146001587
time in solving system 0.19138764300078037
time in solving system 0.14401990700207534
concluded in  9.61643605000063
Solving snapshot 0 222
36
time in solving system 3.889425425000809
time in solving system 0.22882089799895766
time in solving system 0.14511623900034465
concluded in  9.09914904299876
Solving snapshot 0 223
36
time in solving system 3.7330048060030094
time in solving system 0.1617231520031055
time in solving system 0.2417672310002672
concluded in  9.794096968998929
Solving snapshot 0 224
36
time in solving system 3.340977889001806
time in solving system 0.1599506749989814
time in solving system 0.1492704379998031
concluded in  9.213180398997793
Solving snapshot 0 225
36
time in solving system 4.283224800998141
time in solving system 0.1369817980012158
time in solving system 0.125854605998029
concluded in  9.97655213699909
Solving snapshot 0 226
36
time in solving system 3.7794215489993803
time in solving system 0.24128731900054845
time in solving system 0.1260875269981625
concluded in  9.622888292997231
Solving snapshot 0 227
36
time in solving system 3.9390333269984694
time in solving system 0.15413557200008654
time in solving system 0.1950839620003535
concluded in  9.594135199997254
Solving snapshot 0 228
36
time in solving system 3.901775911999721
time in solving system 0.21945242600122583
time in solving system 0.13855928799966932
concluded in  9.209322231999977
Solving snapshot 0 229
36
time in solving system 3.796168550001312
time in solving system 0.16137371200238704
time in solving system 0.26737758799936273
concluded in  9.151112946001376
Solving snapshot 0 230
36
time in solving system 3.7074331320000056
time in solving system 0.21360219700000016
time in solving system 0.19362466000166023
concluded in  9.119689602001017
Solving snapshot 0 231
36
time in solving system 3.7057794610009296
time in solving system 0.3162816530020791
time in solving system 0.2583490340002754
concluded in  9.322144952999224
Solving snapshot 0 232
36
time in solving system 4.061267591001524
time in solving system 0.2596533850010019
time in solving system 0.255664316999173
concluded in  9.712122975000966
Solving snapshot 0 233
36
time in solving system 3.703152541998861
time in solving system 0.2532834820012795
time in solving system 0.2110817569991923
concluded in  9.468288755000685
Solving snapshot 0 234
36
time in solving system 4.098025638999388
time in solving system 0.20814214699930744
time in solving system 0.12347240700182738
concluded in  9.714240232999146
Solving snapshot 0 235
36
time in solving system 3.949456670001382
time in solving system 0.1639571480009181
time in solving system 0.12541262499871664
concluded in  9.588267732000531
Solving snapshot 0 236
36
time in solving system 3.8008452610010863
time in solving system 0.20565572199848248
time in solving system 0.2850779410000541
concluded in  9.227243006997014
Solving snapshot 0 237
36
time in solving system 3.801553237997723
time in solving system 0.2342143979985849
time in solving system 0.1682593170007749
concluded in  9.195928504999756
Solving snapshot 0 238
36
time in solving system 3.6354584129985597
time in solving system 0.1636086250000517
time in solving system 0.1476553659995261
concluded in  8.85851903299772
Solving snapshot 0 239
36
time in solving system 3.644882806998794
time in solving system 0.1524405439995462
time in solving system 0.14584650499818963
concluded in  9.323433532001218
Solving snapshot 0 240
36
time in solving system 3.7738907739985734
time in solving system 0.17004868000003626
time in solving system 0.23870683799759718
concluded in  9.000895912999113
Solving snapshot 0 241
36
time in solving system 3.497141122999892
time in solving system 0.1750187880024896
time in solving system 0.19235699300043052
concluded in  8.912966892999975
Solving snapshot 0 242
36
time in solving system 3.512878614001238
time in solving system 0.22574678900127765
time in solving system 0.16676340900085052
concluded in  9.301644061000843
Solving snapshot 0 243
36
time in solving system 3.2776419649999298
time in solving system 0.2607978929991077
time in solving system 0.16991743600010523
concluded in  8.691145341002994
Solving snapshot 0 244
36
time in solving system 3.6966790730002685
time in solving system 0.22359567199964658
time in solving system 0.3031342559988843
concluded in  9.465461068000877
Solving snapshot 0 245
36
time in solving system 4.371020892998786
time in solving system 0.1507216169993626
time in solving system 0.1276352710010542
concluded in  9.62558645700119
Solving snapshot 0 246
36
time in solving system 4.492793077002716
time in solving system 0.18991126699984306
time in solving system 0.21421502699740813
concluded in  10.21117672499895
Solving snapshot 0 247
36
time in solving system 3.55294592899736
time in solving system 0.16679402899899287
time in solving system 0.243031816000439
concluded in  8.933915211000567
Solving snapshot 0 248
36
time in solving system 4.063948971001082
time in solving system 0.16437287200096762
time in solving system 0.2148692470000242
concluded in  9.76721304899911
Solving snapshot 0 249
36
time in solving system 4.2797765680006705
time in solving system 0.17742482300309348
time in solving system 0.2030856470009894
concluded in  9.490969892001885
Solving snapshot 0 250
36
time in solving system 3.6535103030000755
time in solving system 0.16135170699999435
time in solving system 0.28795709400219494
concluded in  9.521813581999595
Solving snapshot 0 251
36
time in solving system 3.9752926450019004
time in solving system 0.17439555499731796
time in solving system 0.12935128399840323
concluded in  9.789264336002816
Solving snapshot 0 252
36
time in solving system 3.9577382970019244
time in solving system 0.1777409850001277
time in solving system 0.1250335940021614
concluded in  9.632566118001705
Solving snapshot 0 253
36
time in solving system 4.316264408000279
time in solving system 0.21696196700213477
time in solving system 0.12499370099976659
concluded in  9.72690596800021
Solving snapshot 0 254
36
time in solving system 3.8548948719981126
time in solving system 0.18692733200077782
time in solving system 0.15428170800078078
concluded in  9.832670202998997
Solving snapshot 0 255
36
time in solving system 3.750354880001396
time in solving system 0.13418565100073465
time in solving system 0.12726725000175065
concluded in  9.34888380600023
Solving snapshot 0 256
36
time in solving system 3.6883570970021538
time in solving system 0.18964039300044533
time in solving system 0.13292755400107126
concluded in  9.405050035002205
Solving snapshot 0 257
36
time in solving system 3.7302123260014923
time in solving system 0.23718819199712016
time in solving system 0.1990107059973525
concluded in  9.515102100998774
Solving snapshot 0 258
36
time in solving system 3.873304922999523
time in solving system 0.17856318499980262
time in solving system 0.1604908000008436
concluded in  9.563939766998374
Solving snapshot 0 259
36
time in solving system 4.242498924999381
time in solving system 0.13701990400295472
time in solving system 0.2162500310005271
concluded in  9.97638050200112
Solving snapshot 0 260
36
time in solving system 3.9334208849977585
time in solving system 0.20624197199867922
time in solving system 0.15405581400045776
concluded in  9.111022364999371
Solving snapshot 0 261
36
time in solving system 4.04846433199782
time in solving system 0.21687854699848685
time in solving system 0.21563901500121574
concluded in  9.406369524000183
Solving snapshot 0 262
36
time in solving system 4.59411450799962
time in solving system 0.15379890099939075
time in solving system 0.12904478299969924
concluded in  9.856113752997771
Solving snapshot 0 263
36
time in solving system 3.956390937000833
time in solving system 0.19246127999940654
time in solving system 0.19456837800316862
concluded in  9.777063289999205
Solving snapshot 0 264
36
time in solving system 3.749310074999812
time in solving system 0.20441175299856695
time in solving system 0.1504271379999409
concluded in  9.121987529997568
Solving snapshot 0 265
36
time in solving system 3.5389335969994136
time in solving system 0.1654440819984302
time in solving system 0.17772832999980892
concluded in  8.946419785999751
Solving snapshot 0 266
36
time in solving system 4.101248840997869
time in solving system 0.1848165709998284
time in solving system 0.22485264599890797
concluded in  10.059826566997799
Solving snapshot 0 267
36
time in solving system 4.159089960998244
time in solving system 0.15559531299732043
time in solving system 0.22143620499991812
concluded in  9.925579331000336
Solving snapshot 0 268
36
time in solving system 3.7836499250006455
time in solving system 0.2505559440032812
time in solving system 0.1786947299988242
concluded in  9.276006891999714
Solving snapshot 0 269
36
time in solving system 2.7975910759996623
time in solving system 0.19007107600191375
time in solving system 0.39870000399969285
concluded in  8.466969477998646
Solving snapshot 0 270
36
time in solving system 2.3961514399998123
time in solving system 0.16531952200239175
time in solving system 0.16113949500140734
concluded in  7.751609233000636
Solving snapshot 0 271
36
time in solving system 2.6176698469971598
time in solving system 0.1582512470013171
time in solving system 0.1639321189977636
concluded in  8.11261919199751
Solving snapshot 0 272
36
time in solving system 2.5931027320002613
time in solving system 0.15910572600114392
time in solving system 0.13947983399702935
concluded in  8.560995541000011
Solving snapshot 0 273
36
time in solving system 2.3791875030001393
time in solving system 0.13717267999891192
time in solving system 0.1587382610014174
concluded in  8.367710200000147
Solving snapshot 0 274
36
time in solving system 2.3988114339990716
time in solving system 0.1316888969995489
time in solving system 0.12303685900042183
concluded in  7.760055450999062
Solving snapshot 0 275
36
time in solving system 2.4728132899981574
time in solving system 0.13184093800009578
time in solving system 0.12480339299872867
concluded in  8.856239349999669
Solving snapshot 0 276
36
time in solving system 2.392210198002431
time in solving system 0.1312250890005089
time in solving system 0.12229973099965719
concluded in  9.139207366999472
Solving snapshot 0 277
36
time in solving system 2.6874649489982403
time in solving system 0.1506896829996549
time in solving system 0.12020578000010573
concluded in  8.640274622997822
Solving snapshot 0 278
36
time in solving system 2.4489806999990833
time in solving system 0.1383000709975022
time in solving system 0.12764909899851773
concluded in  8.52948053399814
Solving snapshot 0 279
36
time in solving system 2.6830785619968083
time in solving system 0.160628485999041
time in solving system 0.16160832300010952
concluded in  9.513938764997874
Solving snapshot 0 280
36
time in solving system 2.726539817002049
time in solving system 0.1901570019981591
time in solving system 0.16136196599836694
concluded in  9.165228526002466
Solving snapshot 0 281
36
time in solving system 2.626689078002528
time in solving system 0.1606521489993611
time in solving system 0.13932397199823754
concluded in  8.278665428999375
Solving snapshot 0 282
36
time in solving system 2.726005285996507
time in solving system 0.21008926700233133
time in solving system 0.1726381059997948
concluded in  9.147508210000524
Solving snapshot 0 283
36
time in solving system 3.2253468529997917
time in solving system 0.15225258300051792
time in solving system 0.15276063499914017
concluded in  9.58400112399977
Solving snapshot 0 284
36
time in solving system 2.8594268209999427
time in solving system 0.2533612469997024
time in solving system 0.25343205999888596
concluded in  8.992285368000012
Solving snapshot 0 285
36
time in solving system 2.704063118999329
time in solving system 0.1610280300010345
time in solving system 0.1678760680006235
concluded in  8.789432548997866
Solving snapshot 0 286
36
time in solving system 2.556237181001052
time in solving system 0.23669719900135533
time in solving system 0.2941574809992744
concluded in  8.690159202000359
Solving snapshot 0 287
36
time in solving system 3.329996390002634
time in solving system 0.23169227499965928
time in solving system 0.19309560999681707
concluded in  9.25288005600305
Solving snapshot 0 288
36
time in solving system 4.083173561000876
time in solving system 0.1907219209970208
time in solving system 0.1805610080009501
concluded in  9.968890723001095
Solving snapshot 0 289
36
time in solving system 2.9832541559990204
time in solving system 0.22976760500023374
time in solving system 0.19510325100054615
concluded in  8.492663527998957
Solving snapshot 0 290
36
time in solving system 2.902571127997362
time in solving system 0.23905857700083288
time in solving system 0.17188999900099589
concluded in  9.011551947998669
Solving snapshot 0 291
36
time in solving system 3.3240468639996834
time in solving system 0.18564638400130207
time in solving system 0.17435631300031673
concluded in  9.019604044999141
Solving snapshot 0 292
36
time in solving system 2.864721139998437
time in solving system 0.2341079260004335
time in solving system 0.18356458400012343
concluded in  8.292261309001333
Solving snapshot 0 293
36
time in solving system 3.31376977599939
time in solving system 0.16393794700343278
time in solving system 0.1974991269999009
concluded in  9.269323066000652
Solving snapshot 0 294
36
time in solving system 3.3751591270010977
time in solving system 0.22754676600015955
time in solving system 0.20207025600029738
concluded in  9.326245227999607
Solving snapshot 0 295
36
time in solving system 3.076223896998272
time in solving system 0.16434401900187368
time in solving system 0.24695137899834663
concluded in  8.480650192999747
Solving snapshot 0 296
36
time in solving system 2.6245326379976177
time in solving system 0.24473804799708887
time in solving system 0.1747065810013737
concluded in  7.579894951999449
Solving snapshot 0 297
36
time in solving system 2.7684876380008063
time in solving system 0.17881651500283624
time in solving system 0.20784195299711428
concluded in  8.136631153000053
Solving snapshot 0 298
36
time in solving system 2.4205605130009644
time in solving system 0.12475229499978013
time in solving system 0.11746102799952496
concluded in  7.041087227997195
Solving snapshot 0 299
36
time in solving system 2.3948382580019825
time in solving system 0.11961448099827976
time in solving system 0.1098099370028649
concluded in  6.8677833369984
[26]
Solving not completed simulation: 1-th chance
Solving snapshot -1 26
36
time in solving system 2.283448114998464
time in solving system 0.08604171699698782
time in solving system 0.0860694010007137
Building point search tree to accelerate distance queries.
Computed bounding box tree with 40299 nodes for 20150 points.
Failed solving snapshot 33026 26
[26]
Solving not completed simulation: 2-th chance
Solving snapshot -1 26
36
time in solving system 2.283604980999371
time in solving system 0.0936693230032688
time in solving system 0.10023394499876304
Building point search tree to accelerate distance queries.
Computed bounding box tree with 40443 nodes for 20222 points.
Failed solving snapshot 33026 26
[26]
Solving not completed simulation: 3-th chance
Solving snapshot -1 26
36
time in solving system 2.3424145310018503
time in solving system 0.09163894999801414
time in solving system 0.09873474099731538
Building point search tree to accelerate distance queries.
Computed bounding box tree with 40395 nodes for 20198 points.
Failed solving snapshot 33026 26
[26]
Solving not completed simulation: 4-th chance
Solving snapshot -1 26
36
time in solving system 2.7805083519997424
time in solving system 0.10492141199938487
time in solving system 0.09799075599948992
concluded in  6.888234711001132
[]
Not completed: []
