Solving not completed simulation: 0-th chance
Solving snapshot 0.0 770
36
time in solving system 4.687811352996505
time in solving system 0.1452213739976287
time in solving system 0.1292706890089903
concluded in  7.595198873998015
Solving snapshot 0.0 771
36
time in solving system 4.229815525992308
time in solving system 0.5260087070055306
time in solving system 0.17897202199674211
concluded in  7.983782320996397
Solving snapshot 0.0 772
36
time in solving system 4.852658379008062
time in solving system 0.11138699400180485
time in solving system 0.1461134069977561
concluded in  8.11920475900115
Solving snapshot 0.0 773
36
