Solving not completed simulation: 0-th chance
Solving snapshot 0 0
36
time in solving system 4.016834068999742
time in solving system 0.22557473100096104
time in solving system 0.11759816500125453
concluded in  9.190907407999475
Solving snapshot 0 1
36
time in solving system 3.944098302999919
time in solving system 0.11588956600098754
time in solving system 0.25396960500074783
concluded in  9.339901987001213
Solving snapshot 0 2
36
time in solving system 3.74569146399881
time in solving system 0.18631174199981615
time in solving system 0.26268366599833826
concluded in  9.440605566000158
Solving snapshot 0 3
36
time in solving system 3.796176240000932
time in solving system 0.2045403250012896
time in solving system 0.11809929900118732
concluded in  8.874065910000354
Solving snapshot 0 4
36
time in solving system 3.2997232910020102
time in solving system 0.1937495799975295
time in solving system 0.21951150200038683
concluded in  8.593087600002036
Solving snapshot 0 5
36
time in solving system 4.125533334998181
time in solving system 0.2376616350011318
time in solving system 0.2052293019987701
concluded in  9.393899516999227
Solving snapshot 0 6
36
time in solving system 4.602969690000464
time in solving system 0.23382317000141484
time in solving system 0.13051905799875385
concluded in  10.428932892002194
Solving snapshot 0 7
36
time in solving system 3.61865991599916
time in solving system 0.21454839699799777
time in solving system 0.13512266999896383
concluded in  9.518733920001978
Solving snapshot 0 8
36
time in solving system 4.095788820999587
time in solving system 0.23707078999723308
time in solving system 0.1335285240020312
concluded in  9.475946780999948
Solving snapshot 0 9
36
time in solving system 3.529650986998604
time in solving system 0.13886465100222267
time in solving system 0.2219104790019628
concluded in  9.32861894600137
Solving snapshot 0 10
36
time in solving system 4.03151926999999
time in solving system 0.13436345000081928
time in solving system 0.13547238699902664
concluded in  9.265136264999455
Solving snapshot 0 11
36
time in solving system 3.968900610001583
time in solving system 0.1917803760006791
time in solving system 0.21910012000080314
concluded in  9.596884988000966
Solving snapshot 0 12
36
time in solving system 4.155188293003448
time in solving system 0.23899158599670045
time in solving system 0.1348829950002255
concluded in  9.894409103002545
Solving snapshot 0 13
36
time in solving system 3.812086592999549
time in solving system 0.22395521200087387
time in solving system 0.22084635899955174
concluded in  9.178662947000703
Solving snapshot 0 14
36
time in solving system 3.1580117079975025
time in solving system 0.23071340399837936
time in solving system 0.2895088510013011
concluded in  9.22315253999841
Solving snapshot 0 15
36
time in solving system 4.128555287999916
time in solving system 0.20693475699954433
time in solving system 0.1834638360014651
concluded in  9.835682402997918
Solving snapshot 0 16
36
time in solving system 4.21915204600009
time in solving system 0.16255364299649955
time in solving system 0.1518452169984812
concluded in  9.55107007299739
Solving snapshot 0 17
36
time in solving system 3.2808057200018084
time in solving system 0.3039201139981742
time in solving system 0.2627740950010775
concluded in  9.029849303999072
Solving snapshot 0 18
36
time in solving system 3.8995955790014705
time in solving system 0.1574547110030835
time in solving system 0.16558488900045631
concluded in  9.621220400000311
Solving snapshot 0 19
36
time in solving system 3.625948602999415
time in solving system 0.19068845799847622
time in solving system 0.23432730100103072
concluded in  9.42851379700005
Solving snapshot 0 20
36
time in solving system 3.8377058529986243
time in solving system 0.41327258099772735
time in solving system 0.1593691839989333
concluded in  9.408302783002
Solving snapshot 0 21
36
time in solving system 3.5229213230013556
time in solving system 0.3567335949992412
time in solving system 0.2527210530024604
concluded in  9.04790562999915
Solving snapshot 0 22
36
time in solving system 3.5456329500011634
time in solving system 0.2784181520000857
time in solving system 0.25447609099865076
concluded in  9.504711822999525
Solving snapshot 0 23
36
time in solving system 3.5316776590007066
time in solving system 0.20387184699939098
time in solving system 0.20459995599958347
concluded in  9.052906051998434
Solving snapshot 0 24
36
time in solving system 2.959983820997877
time in solving system 0.20175077300154953
time in solving system 0.23329565600215574
concluded in  8.277059656000347
Solving snapshot 0 25
36
time in solving system 3.1738565740015474
time in solving system 0.25001791099930415
time in solving system 0.20106787699842243
concluded in  9.097364993001975
Solving snapshot 0 26
36
time in solving system 3.0232043109972437
time in solving system 0.1708698610018473
time in solving system 0.2069877220019407
concluded in  8.469372999999905
Solving snapshot 0 27
36
time in solving system 3.058890953001537
time in solving system 0.1849915120001242
time in solving system 0.19053998600065825
concluded in  9.046096083999146
Solving snapshot 0 28
36
time in solving system 2.967021650998504
time in solving system 0.2529162209975766
time in solving system 0.23710458099958487
concluded in  8.83304612199936
Solving snapshot 0 29
36
time in solving system 3.4035350720005226
time in solving system 0.18865267200089875
time in solving system 0.22033614700194448
concluded in  9.215964348000853
Solving snapshot 0 30
36
time in solving system 3.306062968000333
time in solving system 0.2246513589998358
time in solving system 0.15904518000024837
concluded in  8.796889134999219
Solving snapshot 0 31
36
time in solving system 2.816075628998078
time in solving system 0.1589326709981833
time in solving system 0.1787212079980236
concluded in  8.078439816003083
Solving snapshot 0 32
36
time in solving system 4.133035531001951
time in solving system 0.2224987580011657
time in solving system 0.283513184000185
concluded in  10.043377314999816
Solving snapshot 0 33
36
time in solving system 3.7287057829998957
time in solving system 0.2661171190011373
time in solving system 0.26093377500001225
concluded in  9.213305905999732
Solving snapshot 0 34
36
time in solving system 3.9625669599990943
time in solving system 0.23523447700063116
time in solving system 0.2720091239971225
concluded in  9.465212918999896
Solving snapshot 0 35
36
time in solving system 3.300136508001742
time in solving system 0.2484936729997571
time in solving system 0.1902778390031017
concluded in  8.581869663998077
Solving snapshot 0 36
36
time in solving system 3.4713823800011596
time in solving system 0.24228798399781226
time in solving system 0.21298270099941874
concluded in  9.064711950999481
Solving snapshot 0 37
36
time in solving system 3.3356106899991573
time in solving system 0.21095835999949486
time in solving system 0.19746784300150466
concluded in  8.535174928001652
Solving snapshot 0 38
36
time in solving system 4.113895868998952
time in solving system 0.14643048699872452
time in solving system 0.14078865299961763
concluded in  9.35312128300211
Solving snapshot 0 39
36
time in solving system 4.03788287000134
time in solving system 0.2870050090023142
time in solving system 0.2319389689982927
concluded in  9.668596953997621
Solving snapshot 0 40
36
time in solving system 4.174407286998758
time in solving system 0.13584404500215896
time in solving system 0.2183368940022774
concluded in  9.796780984001089
Solving snapshot 0 41
36
time in solving system 4.02372950499921
time in solving system 0.1501298860021052
time in solving system 0.21065497699964908
concluded in  9.708639292999578
Solving snapshot 0 42
36
time in solving system 3.9904672910015506
time in solving system 0.15650880700195557
time in solving system 0.24526632299966877
concluded in  9.833005445998424
Solving snapshot 0 43
36
time in solving system 4.040952649000246
time in solving system 0.15010461600104463
time in solving system 0.2193983629986178
concluded in  9.746673716999794
Solving snapshot 0 44
36
time in solving system 3.714726359001361
time in solving system 0.26640660200064303
time in solving system 0.2034719090006547
concluded in  9.10077914700014
Solving snapshot 0 45
36
time in solving system 3.4269899530008843
time in solving system 0.23991967399706482
time in solving system 0.14666800800114288
concluded in  8.711437559999467
Solving snapshot 0 46
36
time in solving system 3.3545524630026193
time in solving system 0.1717755899990152
time in solving system 0.23615643299854128
concluded in  9.173789805001434
Solving snapshot 0 47
36
time in solving system 3.3542860050001764
time in solving system 0.22723266300090472
time in solving system 0.1958983669974259
concluded in  8.75061563700001
Solving snapshot 0 48
36
time in solving system 3.0978212650006753
time in solving system 0.3152983680010948
time in solving system 0.21047041899873875
concluded in  8.834888061002857
Solving snapshot 0 49
36
time in solving system 2.8766864650024218
time in solving system 0.27111750400217716
time in solving system 0.2877348850015551
concluded in  8.351179476998368
Solving snapshot 0 50
36
time in solving system 2.7934105200001795
time in solving system 0.1548214470021776
time in solving system 0.15227899099772912
concluded in  8.095355806999578
Solving snapshot 0 51
36
time in solving system 2.5713006680016406
time in solving system 0.21590921400274965
time in solving system 0.25164485599816544
concluded in  8.487058922997676
Solving snapshot 0 52
36
time in solving system 3.523577171999932
time in solving system 0.17255639400173095
time in solving system 0.2029901960013376
concluded in  8.870154862997879
Solving snapshot 0 53
36
time in solving system 3.538195747998543
time in solving system 0.20268197499899543
time in solving system 0.17881468000268796
concluded in  9.045175966002716
Solving snapshot 0 54
36
time in solving system 3.512697661000857
time in solving system 0.2529992480012879
time in solving system 0.18217416900006356
concluded in  9.017625976001
Solving snapshot 0 55
36
time in solving system 3.4670148989971494
time in solving system 0.21074451099775615
time in solving system 0.22543563499857555
concluded in  9.068931311998313
Solving snapshot 0 56
36
time in solving system 3.5295957890011778
time in solving system 0.17357590599931427
time in solving system 0.191176293999888
concluded in  8.953115219999745
Solving snapshot 0 57
36
time in solving system 3.1554372909995436
time in solving system 0.2163929519992962
time in solving system 0.23544322099769488
concluded in  9.147308166000585
Solving snapshot 0 58
36
time in solving system 3.2716252419995726
time in solving system 0.22018498000034015
time in solving system 0.3404916069994215
concluded in  9.251571922999574
Solving snapshot 0 59
36
time in solving system 2.6812000809986785
time in solving system 0.17908612699829973
time in solving system 0.19069241800025338
concluded in  8.06550814000002
Solving snapshot 0 60
36
time in solving system 2.620010316000844
time in solving system 0.1668556019976677
time in solving system 0.2531652600009693
concluded in  8.299827591999929
Solving snapshot 0 61
36
time in solving system 3.01437058800002
time in solving system 0.30545473500023945
time in solving system 0.37115412499770173
concluded in  8.693215740000596
Solving snapshot 0 62
36
time in solving system 3.2810203150002053
time in solving system 0.2018222609985969
time in solving system 0.210254214998713
concluded in  9.155072489000304
Solving snapshot 0 63
36
time in solving system 3.9409882620020653
time in solving system 0.1976393859986274
time in solving system 0.25472204200195847
concluded in  10.068047188000492
Solving snapshot 0 64
36
time in solving system 3.5846126100004767
time in solving system 0.20067110099989804
time in solving system 0.3423805340025865
concluded in  9.157176581000385
Solving snapshot 0 65
36
time in solving system 3.169290200999967
time in solving system 0.3572272960009286
time in solving system 0.2939926799990644
concluded in  8.939782534002006
Solving snapshot 0 66
36
time in solving system 3.4553458970003703
time in solving system 0.31459243900098954
time in solving system 0.33744304399806424
concluded in  9.840337879999424
Solving snapshot 0 67
36
time in solving system 3.3494726680000895
time in solving system 0.33332277099907515
time in solving system 0.36373618800280383
concluded in  9.158609010002692
Solving snapshot 0 68
36
time in solving system 3.198712435998459
time in solving system 0.2920255229983013
time in solving system 0.3943532059965946
concluded in  8.97363429500183
Solving snapshot 0 69
36
time in solving system 3.298938216001261
time in solving system 0.18884177899963106
time in solving system 0.17162028899838333
concluded in  8.73424011699899
Solving snapshot 0 70
36
time in solving system 3.1785138649975124
time in solving system 0.2111077720001049
time in solving system 0.18827593000241905
concluded in  8.638469556997734
Solving snapshot 0 71
36
time in solving system 2.618278983998607
time in solving system 0.19324434800000745
time in solving system 0.1931350900013058
concluded in  8.275252161998651
Solving snapshot 0 72
36
time in solving system 3.7031240860014805
time in solving system 0.21366246799880173
time in solving system 0.30057773500084295
concluded in  9.833192004000011
Solving snapshot 0 73
36
time in solving system 3.5764449360030994
time in solving system 0.16285455499746604
time in solving system 0.2374769300004118
concluded in  9.450204537999525
Solving snapshot 0 74
36
time in solving system 3.505440629996883
time in solving system 0.15815708200170775
time in solving system 0.1522128149990749
concluded in  9.14187084600053
Solving snapshot 0 75
36
time in solving system 3.9505449410025903
time in solving system 0.2382131810009014
time in solving system 0.17771312500190106
concluded in  9.796294628002215
Solving snapshot 0 76
36
time in solving system 3.2628562089994375
time in solving system 0.3624634009975125
time in solving system 0.3973537640013092
concluded in  9.27476866699726
Solving snapshot 0 77
36
time in solving system 3.3005609920001007
time in solving system 0.34687279799982207
time in solving system 0.3616167639993364
concluded in  9.506563775998075
Solving snapshot 0 78
36
time in solving system 3.257764354999381
time in solving system 0.3279734709976765
time in solving system 0.20451060900086304
concluded in  8.95708664400081
Solving snapshot 0 79
36
time in solving system 2.3302187560002494
time in solving system 0.15023528700112365
time in solving system 0.17353819300114992
concluded in  7.6692900029993325
Solving snapshot 0 80
36
time in solving system 2.8721378760019434
time in solving system 0.20510292899780325
time in solving system 0.1732895009990898
concluded in  8.747265096000774
Solving snapshot 0 81
36
time in solving system 2.486397570999543
time in solving system 0.16604908400040586
time in solving system 0.16990097499729018
concluded in  8.432626506000815
Solving snapshot 0 82
36
time in solving system 2.406136264999077
time in solving system 0.12856272900171462
time in solving system 0.12173334299950511
concluded in  7.583415047996823
Solving snapshot 0 83
36
time in solving system 2.5965248139982577
time in solving system 0.14569432500138646
time in solving system 0.13929336099681677
concluded in  8.53481502700015
Solving snapshot 0 84
36
time in solving system 2.62294209600077
time in solving system 0.15580024199880427
time in solving system 0.13242908699976397
concluded in  8.326516226999956
Solving snapshot 0 85
36
time in solving system 2.716315173998737
time in solving system 0.15899436900144792
time in solving system 0.15879263700117008
concluded in  9.066066966999642
Solving snapshot 0 86
36
time in solving system 3.0134262620013033
time in solving system 0.17415942599836853
time in solving system 0.23690859300040756
concluded in  9.237516643999697
Solving snapshot 0 87
36
time in solving system 2.530235628997616
time in solving system 0.16305856699909782
time in solving system 0.15912487899913685
concluded in  8.101021593000041
Solving snapshot 0 88
36
time in solving system 2.7453476109985786
time in solving system 0.1528060659984476
time in solving system 0.14576445200145827
concluded in  8.526310050001484
Solving snapshot 0 89
36
time in solving system 2.452794246000849
time in solving system 0.16529627199997776
time in solving system 0.1635865600001125
concluded in  8.65918488600073
Solving snapshot 0 90
36
time in solving system 2.625140725001984
time in solving system 0.1483946480002487
time in solving system 0.12911808699936955
concluded in  8.434519854999962
Solving snapshot 0 91
36
time in solving system 2.634083795001061
time in solving system 0.15741682999941986
time in solving system 0.16560179500083905
concluded in  8.927934290997655
Solving snapshot 0 92
36
time in solving system 2.5480479809993994
time in solving system 0.1672583100007614
time in solving system 0.16452814799777116
concluded in  8.454912019999028
Solving snapshot 0 93
36
time in solving system 2.5799986390011327
time in solving system 0.14704858700133627
time in solving system 0.12393234300179756
concluded in  8.683198554001137
Solving snapshot 0 94
36
time in solving system 2.5749059400004626
time in solving system 0.15425462100029108
time in solving system 0.14094054099768982
concluded in  8.791806627999904
Solving snapshot 0 95
36
time in solving system 2.741451697998855
time in solving system 0.16289164999761852
time in solving system 0.17096635699999752
concluded in  8.796867521999957
Solving snapshot 0 96
36
time in solving system 2.886533409000549
time in solving system 0.15411939100158634
time in solving system 0.1782798530002765
concluded in  9.033309442002064
Solving snapshot 0 97
36
time in solving system 2.4013676440008567
time in solving system 0.13495104899993748
time in solving system 0.13703973399969982
concluded in  8.255858579002961
Solving snapshot 0 98
36
time in solving system 2.863081890001922
time in solving system 0.1996753319981508
time in solving system 0.2059393569979875
concluded in  9.483328144000552
Solving snapshot 0 99
36
time in solving system 2.832547309997608
time in solving system 0.17012169699955848
time in solving system 0.19173612499798764
concluded in  8.79077432700069
Solving snapshot 0 100
36
time in solving system 3.798898884000664
time in solving system 0.23351231800188543
time in solving system 0.18351396400248632
concluded in  9.772210434999579
Solving snapshot 0 101
36
time in solving system 3.8982564479993016
time in solving system 0.2772585409984458
time in solving system 0.21599117100049625
concluded in  9.729352967999148
Solving snapshot 0 102
36
time in solving system 3.2702145419971203
time in solving system 0.21375415500006056
time in solving system 0.19118678500308306
concluded in  8.804773814998043
Solving snapshot 0 103
36
time in solving system 3.6619185349991312
time in solving system 0.2193630550027592
time in solving system 0.26414809999914723
concluded in  9.612196715999744
Solving snapshot 0 104
36
time in solving system 4.082922699999472
time in solving system 0.2171578009983932
time in solving system 0.16060658800051897
concluded in  9.848689940998156
Solving snapshot 0 105
36
time in solving system 4.3504683880019
time in solving system 0.23919009100063704
time in solving system 0.1750604740009294
concluded in  10.175133282002207
Solving snapshot 0 106
36
time in solving system 4.329205185000319
time in solving system 0.2101145369997539
time in solving system 0.1307851589990605
concluded in  9.802090514000156
Solving snapshot 0 107
36
time in solving system 4.185686099001032
time in solving system 0.15719918700051494
time in solving system 0.1629472700005863
concluded in  9.409840610998799
Solving snapshot 0 108
36
time in solving system 4.138321742997505
time in solving system 0.22644777299865382
time in solving system 0.26022576600007596
concluded in  10.063955594996514
Solving snapshot 0 109
36
time in solving system 4.1517017200021655
time in solving system 0.1812702060014999
time in solving system 0.2197380690013233
concluded in  10.016549814001337
Solving snapshot 0 110
36
time in solving system 3.720979871999589
time in solving system 0.13705964900145773
time in solving system 0.20567408400165732
concluded in  9.520426402999874
Solving snapshot 0 111
36
time in solving system 3.938058509997063
time in solving system 0.24513263599874335
time in solving system 0.18635224500030745
concluded in  9.207579437999811
Solving snapshot 0 112
36
time in solving system 4.312662921998708
time in solving system 0.15438879299836117
time in solving system 0.22138636599993333
concluded in  9.816582693001692
Solving snapshot 0 113
36
time in solving system 4.092508265999641
time in solving system 0.18172346200299216
time in solving system 0.12626471600015066
concluded in  9.389413419001357
Solving snapshot 0 114
36
time in solving system 3.949692737998703
time in solving system 0.2280524680027156
time in solving system 0.12873068199769477
concluded in  9.782900629001233
Solving snapshot 0 115
36
time in solving system 3.6228297220004606
time in solving system 0.2390017630023067
time in solving system 0.16760173799775657
concluded in  9.149890441996831
Solving snapshot 0 116
36
time in solving system 3.9046071880002273
time in solving system 0.1627279019994603
time in solving system 0.17307387899927562
concluded in  9.652254070002527
Solving snapshot 0 117
36
time in solving system 3.667738748001284
time in solving system 0.3468688939974527
time in solving system 0.18099639899810427
concluded in  9.293252695002593
Solving snapshot 0 118
36
time in solving system 4.049242870998569
time in solving system 0.17648048100090818
time in solving system 0.18224656399979722
concluded in  9.825004472997534
Solving snapshot 0 119
36
time in solving system 3.506968560999667
time in solving system 0.16322972000125446
time in solving system 0.1442522139986977
concluded in  9.255304657002853
Solving snapshot 0 120
36
time in solving system 3.4889459529986198
time in solving system 0.2042014559992822
time in solving system 0.14394076700045844
concluded in  8.714274075999128
Solving snapshot 0 121
36
time in solving system 3.6074218770008883
time in solving system 0.15664328500133706
time in solving system 0.24995747699722415
concluded in  9.432415302999289
Solving snapshot 0 122
36
time in solving system 3.639526236001984
time in solving system 0.16567399699852103
time in solving system 0.22940356100298231
concluded in  9.472438012002385
Solving snapshot 0 123
36
time in solving system 3.576293471000099
time in solving system 0.15647361100127455
time in solving system 0.14044521899995743
concluded in  8.84818510200057
Solving snapshot 0 124
36
time in solving system 3.8552880520001054
time in solving system 0.244928190997598
time in solving system 0.23367429399877437
concluded in  9.299181807000423
Solving snapshot 0 125
36
time in solving system 3.762685807003436
time in solving system 0.1997952460005763
time in solving system 0.16276015200128313
concluded in  9.054552479999984
Solving snapshot 0 126
36
time in solving system 3.1406959949999873
time in solving system 0.2127693830007047
time in solving system 0.14242893800110323
concluded in  8.592804851999972
Solving snapshot 0 127
36
time in solving system 3.1736093780018564
time in solving system 0.21959366499868338
time in solving system 0.1718942949992197
concluded in  9.109988213000179
Solving snapshot 0 128
36
time in solving system 4.1997212400019635
time in solving system 0.23128947499935748
time in solving system 0.21813076900070882
concluded in  10.022819715999503
Solving snapshot 0 129
36
time in solving system 3.91700768499868
time in solving system 0.17223262600236922
time in solving system 0.28608009600066
concluded in  9.818423282998992
Solving snapshot 0 130
36
time in solving system 4.134169329001452
time in solving system 0.23766461800187244
time in solving system 0.1333305419975659
concluded in  9.898577723997732
Solving snapshot 0 131
36
time in solving system 4.016357120999601
time in solving system 0.1654599749999761
time in solving system 0.22184436500174343
concluded in  9.784906666998722
Solving snapshot 0 132
36
time in solving system 4.012993489999644
time in solving system 0.23900522499752697
time in solving system 0.18551484099953086
concluded in  9.691664085999946
Solving snapshot 0 133
36
time in solving system 4.066940542001248
time in solving system 0.19042130300294957
time in solving system 0.21728720600003726
concluded in  9.84184905499933
Solving snapshot 0 134
36
time in solving system 3.8284475799991924
time in solving system 0.20118645900220145
time in solving system 0.165882353001507
concluded in  9.500521337002283
Solving snapshot 0 135
36
time in solving system 4.01614888900076
time in solving system 0.2610262550006155
time in solving system 0.1667087640016689
concluded in  9.456333915000869
Solving snapshot 0 136
36
time in solving system 4.299911294001504
time in solving system 0.2631866480005556
time in solving system 0.1320791250000184
concluded in  10.308719707998534
Solving snapshot 0 137
36
time in solving system 4.1656955690014
time in solving system 0.16232762999788974
time in solving system 0.2352632559995982
concluded in  10.13481623700136
Solving snapshot 0 138
36
time in solving system 4.301156502002414
time in solving system 0.15532980400166707
time in solving system 0.2914203539985465
concluded in  9.674083603000327
Solving snapshot 0 139
36
time in solving system 4.009241511001164
time in solving system 0.23825852300069528
time in solving system 0.19707789899985073
concluded in  9.876028285998473
Solving snapshot 0 140
36
time in solving system 3.6815949429983448
time in solving system 0.15471099699789193
time in solving system 0.18592240299767582
concluded in  9.185611493998294
Solving snapshot 0 141
36
time in solving system 3.936892154000816
time in solving system 0.20750617799785687
time in solving system 0.15900560700174537
concluded in  9.313618976997532
Solving snapshot 0 142
36
time in solving system 3.7247359520006285
time in solving system 0.17883811899810098
time in solving system 0.19134034300077474
concluded in  9.169571452999662
Solving snapshot 0 143
36
time in solving system 3.61240611500034
time in solving system 0.2828196000009484
time in solving system 0.1748835889993643
concluded in  9.649959604998003
Solving snapshot 0 144
36
time in solving system 4.408291588002612
time in solving system 0.1665798169997288
time in solving system 0.16640754800027935
concluded in  10.365691957998934
Solving snapshot 0 145
36
time in solving system 4.013827259001118
time in solving system 0.13287861899880227
time in solving system 0.1269931459974032
concluded in  9.82039784099834
Solving snapshot 0 146
36
time in solving system 3.8006044360008673
time in solving system 0.3181184079985542
time in solving system 0.14278401499905158
concluded in  9.805478248999862
Solving snapshot 0 147
36
time in solving system 4.006228797003132
time in solving system 0.15238019100070233
time in solving system 0.1263128640021023
concluded in  9.976741709000635
Solving snapshot 0 148
36
time in solving system 3.4984540690020367
time in solving system 0.18874337200031732
time in solving system 0.21954197300146916
concluded in  9.059782251999422
Solving snapshot 0 149
36
time in solving system 3.7451805409982626
time in solving system 0.2295689919992583
time in solving system 0.18571805899773608
concluded in  9.623251618999348
Solving snapshot 0 150
36
time in solving system 3.645222927996656
time in solving system 0.23391706499751308
time in solving system 0.1846178220002912
concluded in  9.542253714000253
Solving snapshot 0 151
36
time in solving system 3.7786895239987643
time in solving system 0.1473306660009257
time in solving system 0.16121911400114186
concluded in  9.693063366998103
Solving snapshot 0 152
36
time in solving system 3.8542699219979113
time in solving system 0.14989137800148455
time in solving system 0.21173421899948153
concluded in  9.823301912001625
Solving snapshot 0 153
36
time in solving system 3.6101055440012715
time in solving system 0.17377414200018393
time in solving system 0.1672462499991525
concluded in  8.917362765998405
Solving snapshot 0 154
36
time in solving system 3.5943074179995165
time in solving system 0.2389922000002116
time in solving system 0.24750188300095033
concluded in  9.02290319900203
Solving snapshot 0 155
36
time in solving system 3.7715818169999693
time in solving system 0.18383699799960596
time in solving system 0.16205126400018344
concluded in  9.559851633999642
Solving snapshot 0 156
36
time in solving system 3.6176382539997576
time in solving system 0.1900508529979561
time in solving system 0.3071107510004367
concluded in  9.193319406000228
Solving snapshot 0 157
36
time in solving system 3.863114535000932
time in solving system 0.2516386940005759
time in solving system 0.2071582259995921
concluded in  9.639538437000738
Solving snapshot 0 158
36
time in solving system 4.337711500000296
time in solving system 0.14581980500224745
time in solving system 0.2200025710008049
concluded in  10.143576661001134
Solving snapshot 0 159
36
time in solving system 4.235428488002071
time in solving system 0.15113103999829036
time in solving system 0.15412294199995813
concluded in  9.50231462499869
Solving snapshot 0 160
36
time in solving system 3.7729955630020413
time in solving system 0.16712238200125284
time in solving system 0.1570167419995414
concluded in  8.952540264999698
Solving snapshot 0 161
36
time in solving system 3.9915304530004505
time in solving system 0.16518466500201612
time in solving system 0.19759319299919298
concluded in  9.775789367999096
Solving snapshot 0 162
36
time in solving system 4.225591924998298
time in solving system 0.17257891500048572
time in solving system 0.22080057000130182
concluded in  9.514046672000404
Solving snapshot 0 163
36
time in solving system 3.393211065002106
time in solving system 0.25711678800144
time in solving system 0.2833893339993665
concluded in  9.094046792997688
Solving snapshot 0 164
36
time in solving system 4.327499206003267
time in solving system 0.21685367499958375
time in solving system 0.25916797099853284
concluded in  9.819146640998952
Solving snapshot 0 165
36
time in solving system 4.242736969998077
time in solving system 0.17865778200211935
time in solving system 0.1267828140007623
concluded in  9.824795356998948
Solving snapshot 0 166
36
time in solving system 3.9238404190000438
time in solving system 0.13235147800151026
time in solving system 0.16725064600177575
concluded in  9.620168320998346
Solving snapshot 0 167
36
time in solving system 4.171485738999763
time in solving system 0.15484406000177842
time in solving system 0.22375798400025815
concluded in  9.973176048002642
Solving snapshot 0 168
36
time in solving system 3.9530280669969216
time in solving system 0.15373805000126595
time in solving system 0.12551467299999786
concluded in  9.960324846997537
Solving snapshot 0 169
36
time in solving system 4.076657270998112
time in solving system 0.14851928300049622
time in solving system 0.1213100540007872
concluded in  9.442843205997633
Solving snapshot 0 170
36
time in solving system 3.2958253319993673
time in solving system 0.19533403600144084
time in solving system 0.173833905999345
concluded in  8.905739387999347
Solving snapshot 0 171
36
time in solving system 3.243084349996934
time in solving system 0.24975422200077446
time in solving system 0.18794425200030673
concluded in  8.650823640000453
Solving snapshot 0 172
36
time in solving system 3.302763371997571
time in solving system 0.23955739599841763
time in solving system 0.18618827200043597
concluded in  9.104865186000097
Solving snapshot 0 173
36
time in solving system 3.5799348000000464
time in solving system 0.20764493699971354
time in solving system 0.20463910499893245
concluded in  8.934311804001482
Solving snapshot 0 174
36
time in solving system 3.7404919220025477
time in solving system 0.15690021499904105
time in solving system 0.1411758309986908
concluded in  9.360849874999985
Solving snapshot 0 175
36
time in solving system 3.736135266000929
time in solving system 0.15679286500017042
time in solving system 0.24567546300022514
concluded in  9.109598646999075
Solving snapshot 0 176
36
time in solving system 3.5375266340015514
time in solving system 0.24937598099859315
time in solving system 0.1963384760019835
concluded in  9.00206808800067
Solving snapshot 0 177
36
time in solving system 3.6687156560001313
time in solving system 0.1795540279999841
time in solving system 0.24409371000001556
concluded in  9.45266206100132
Solving snapshot 0 178
36
time in solving system 3.603506207000464
time in solving system 0.1786639150013798
time in solving system 0.21467335100169294
concluded in  8.905280614999356
Solving snapshot 0 179
36
time in solving system 3.5071382310015906
time in solving system 0.18136406499979785
time in solving system 0.23409099000127753
concluded in  9.255311092998454
Solving snapshot 0 180
36
time in solving system 3.8155153160005284
time in solving system 0.28393656999833183
time in solving system 0.18605174500044086
concluded in  9.69641792299808
Solving snapshot 0 181
36
time in solving system 3.7988156600004004
time in solving system 0.17115795800054912
time in solving system 0.15336832699904335
concluded in  9.495190554000146
Solving snapshot 0 182
36
time in solving system 3.662188074998994
time in solving system 0.16447211800186778
time in solving system 0.2508910670003388
concluded in  9.103366051997
Solving snapshot 0 183
36
time in solving system 3.6034767370001646
time in solving system 0.22019570500197005
time in solving system 0.23250381000252673
concluded in  9.314911793000647
Solving snapshot 0 184
36
time in solving system 3.654326742998819
time in solving system 0.2635108950016729
time in solving system 0.18704499899831717
concluded in  9.161788825000258
Solving snapshot 0 185
36
time in solving system 3.5868279979986255
time in solving system 0.1668017570009397
time in solving system 0.2554109740012791
concluded in  9.39892612100084
Solving snapshot 0 186
36
time in solving system 4.1252848350013664
time in solving system 0.16280775400082348
time in solving system 0.17240645099809626
concluded in  9.542347447000793
Solving snapshot 0 187
36
time in solving system 4.356863476001308
time in solving system 0.27769301800071844
time in solving system 0.14343669800291536
concluded in  9.914666446999036
Solving snapshot 0 188
36
time in solving system 3.401687892001064
time in solving system 0.24466665599902626
time in solving system 0.18138299899874255
concluded in  9.653926824001246
Solving snapshot 0 189
36
time in solving system 3.9086673660021916
time in solving system 0.16737108300003456
time in solving system 0.24205892399913864
concluded in  9.969402706999972
Solving snapshot 0 190
36
time in solving system 3.7203123010003765
time in solving system 0.1714734059969487
time in solving system 0.12780955999915022
concluded in  9.710984870001994
Solving snapshot 0 191
36
time in solving system 3.7751159360013844
time in solving system 0.2576310479998938
time in solving system 0.1818269089999376
concluded in  10.064473534999706
Solving snapshot 0 192
36
time in solving system 3.6748957009986043
time in solving system 0.2279216599999927
time in solving system 0.15335331700043753
concluded in  9.759319905999291
Solving snapshot 0 193
36
time in solving system 3.5755065489975095
time in solving system 0.16769358500096132
time in solving system 0.1363311960012652
concluded in  9.720507018999342
Solving snapshot 0 194
36
time in solving system 3.7469208580005215
time in solving system 0.22321158299746457
time in solving system 0.12974820499948692
concluded in  9.832063277997804
Solving snapshot 0 195
36
time in solving system 4.1059836329986865
time in solving system 0.15738940899973386
time in solving system 0.18655305599895655
concluded in  9.588480166999943
Solving snapshot 0 196
36
time in solving system 4.144235421998019
time in solving system 0.13196545200116816
time in solving system 0.12468578400148544
concluded in  10.082355516999087
Solving snapshot 0 197
36
time in solving system 4.144780295999226
time in solving system 0.2097207509978034
time in solving system 0.12145258100281353
concluded in  9.499841032000404
Solving snapshot 0 198
36
time in solving system 3.733059484002297
time in solving system 0.19291420900117373
time in solving system 0.14226773100017454
concluded in  9.560454031001427
Solving snapshot 0 199
36
time in solving system 4.224645684000279
time in solving system 0.14945618500132696
time in solving system 0.16403626399915083
concluded in  10.054108207001264
Solving snapshot 0 200
36
time in solving system 3.937225148001744
time in solving system 0.15342332599902875
time in solving system 0.22901275000185706
concluded in  9.668762255001639
Solving snapshot 0 201
36
time in solving system 3.983587073002127
time in solving system 0.13466968600187101
time in solving system 0.23876124099842855
concluded in  9.340822556998319
Solving snapshot 0 202
36
time in solving system 3.8541529800022545
time in solving system 0.21628403499926208
time in solving system 0.12031777900119778
concluded in  9.061047068000335
Solving snapshot 0 203
36
time in solving system 3.7120082499968703
time in solving system 0.23344442600136972
time in solving system 0.18755124699964654
concluded in  9.27404271299747
Solving snapshot 0 204
36
time in solving system 3.8880055990011897
time in solving system 0.14304824999999255
time in solving system 0.12590123800328
concluded in  9.584909252000216
Solving snapshot 0 205
36
time in solving system 3.78849554000044
time in solving system 0.24262856999848736
time in solving system 0.15011543299988261
concluded in  9.550131418000092
Solving snapshot 0 206
36
time in solving system 4.003267113999755
time in solving system 0.1630285869978252
time in solving system 0.13638037200144026
concluded in  9.63522716800071
Solving snapshot 0 207
36
time in solving system 4.013974660003441
time in solving system 0.13498002699998324
time in solving system 0.12421837099827826
concluded in  9.527191088000109
Solving snapshot 0 208
36
time in solving system 4.248373261998495
time in solving system 0.2996098540024832
time in solving system 0.1899139009983628
concluded in  9.702035247002641
Solving snapshot 0 209
36
time in solving system 4.03161983300015
time in solving system 0.2341231489990605
time in solving system 0.2571002579970809
concluded in  9.59841167900231
Solving snapshot 0 210
36
time in solving system 4.042202261000057
time in solving system 0.2086487410015252
time in solving system 0.13103078299900517
concluded in  9.850855171000148
Solving snapshot 0 211
36
time in solving system 4.243808759001695
time in solving system 0.23555214899897692
time in solving system 0.19226273399908678
concluded in  10.206058470001153
Solving snapshot 0 212
36
time in solving system 3.7636514000005263
time in solving system 0.17324399299832294
time in solving system 0.1274276389995066
concluded in  9.316929374999745
Solving snapshot 0 213
36
time in solving system 4.0312661829993885
time in solving system 0.22338020100141875
time in solving system 0.25374399700012873
concluded in  9.428803091999725
Solving snapshot 0 214
36
time in solving system 3.6049317409997457
time in solving system 0.21531314000094426
time in solving system 0.19426008300069952
concluded in  9.495219349999388
Solving snapshot 0 215
36
time in solving system 3.6933454600002733
time in solving system 0.175680881999142
time in solving system 0.14497494699753588
concluded in  9.329137059998175
Solving snapshot 0 216
36
time in solving system 3.8376231330003066
time in solving system 0.26679378299741074
time in solving system 0.1753417680010898
concluded in  9.265433032000146
Solving snapshot 0 217
36
time in solving system 3.950240121997922
time in solving system 0.2122087930001726
time in solving system 0.22467711599892937
concluded in  9.761708328998793
Solving snapshot 0 218
36
time in solving system 4.170091943000443
time in solving system 0.17086970299715176
time in solving system 0.25811965100001544
concluded in  10.0438451480004
Solving snapshot 0 219
36
time in solving system 4.189525641002547
time in solving system 0.29548079400046845
time in solving system 0.2271599919986329
concluded in  10.312630602002173
Solving snapshot 0 220
36
time in solving system 4.277818025999295
time in solving system 0.1399281339981826
time in solving system 0.23107959200206096
concluded in  9.9581657680028
Solving snapshot 0 221
36
time in solving system 4.369374128000345
time in solving system 0.15130967599907308
time in solving system 0.19489808200160041
concluded in  9.791497327001707
Solving snapshot 0 222
36
time in solving system 4.1071138179977424
time in solving system 0.21893211999849882
time in solving system 0.19444069900055183
concluded in  9.581099778002681
Solving snapshot 0 223
36
time in solving system 3.6032373679990997
time in solving system 0.19811146400024882
time in solving system 0.18661220599824446
concluded in  9.145684589999291
Solving snapshot 0 224
36
time in solving system 4.367133224001009
time in solving system 0.17019543199785403
time in solving system 0.22149033999812673
concluded in  10.18156757700126
Solving snapshot 0 225
36
time in solving system 4.176901408998674
time in solving system 0.1321989409989328
time in solving system 0.1277625610018731
concluded in  9.990532301002531
Solving snapshot 0 226
36
time in solving system 4.0588500179983384
time in solving system 0.1550648939992243
time in solving system 0.22027327500109095
concluded in  9.375865125999553
Solving snapshot 0 227
36
time in solving system 4.193628031000117
time in solving system 0.15426456500063068
time in solving system 0.12886536500082002
concluded in  9.763233073001174
Solving snapshot 0 228
36
time in solving system 4.196280639000179
time in solving system 0.1614300330002152
time in solving system 0.1441427410027245
concluded in  9.93466241999704
Solving snapshot 0 229
36
time in solving system 4.466165573998296
time in solving system 0.23133240899915108
time in solving system 0.12495485999897937
concluded in  10.041140843000903
Solving snapshot 0 230
36
time in solving system 3.6675282010000956
time in solving system 0.1939771159995871
time in solving system 0.2520481430001382
concluded in  9.100849889997335
Solving snapshot 0 231
36
time in solving system 3.3344218120000733
time in solving system 0.17246217299907585
time in solving system 0.18288033299904782
concluded in  8.772039702002076
Solving snapshot 0 232
36
time in solving system 2.8245729619993654
time in solving system 0.23543968000012683
time in solving system 0.17170971999803442
concluded in  8.41117522100103
Solving snapshot 0 233
36
time in solving system 3.2006195630019647
time in solving system 0.15946624600110226
time in solving system 0.144332335999934
concluded in  8.653080759002478
Solving snapshot 0 234
36
time in solving system 3.1182241999995313
time in solving system 0.24508493499888573
time in solving system 0.2351211399982276
concluded in  9.12242364100166
Solving snapshot 0 235
36
time in solving system 3.4691709090002405
time in solving system 0.19670202500128653
time in solving system 0.19391558300048928
concluded in  9.214051926999673
Solving snapshot 0 236
36
time in solving system 3.4643908119978732
time in solving system 0.1607123430003412
time in solving system 0.19932590299868025
concluded in  9.369582191000518
Solving snapshot 0 237
36
time in solving system 3.389729783000803
time in solving system 0.16328905199770816
time in solving system 0.17501053900195984
concluded in  8.648159956002928
Solving snapshot 0 238
36
time in solving system 3.244005789001676
time in solving system 0.2890619979989424
time in solving system 0.17847413100025733
concluded in  8.681275468999957
Solving snapshot 0 239
36
time in solving system 2.919197498998983
time in solving system 0.27602330800073105
time in solving system 0.17736837999837007
concluded in  8.602893753999524
Solving snapshot 0 240
36
time in solving system 3.1266362329988624
time in solving system 0.16957723299856298
time in solving system 0.16286148600192973
concluded in  8.547079677999136
Solving snapshot 0 241
36
time in solving system 3.654016046999459
time in solving system 0.2080838850015425
time in solving system 0.23493886399955954
concluded in  9.290433178997773
Solving snapshot 0 242
36
time in solving system 3.2022622680015047
time in solving system 0.3276282539991371
time in solving system 0.2044926740018127
concluded in  8.702478877999965
Solving snapshot 0 243
36
time in solving system 3.4524933559987403
time in solving system 0.29905816000245977
time in solving system 0.18478839700037497
concluded in  9.534150559000409
Solving snapshot 0 244
36
time in solving system 3.8678027099995234
time in solving system 0.16441190800105687
time in solving system 0.1689329689979786
concluded in  9.673365964998084
Solving snapshot 0 245
36
time in solving system 4.10693557400009
time in solving system 0.16528276299868594
time in solving system 0.20404017100008787
concluded in  9.9500530180012
Solving snapshot 0 246
36
time in solving system 3.8674484600014694
time in solving system 0.17543435199695523
time in solving system 0.27340840499891783
concluded in  9.744511896999029
Solving snapshot 0 247
36
time in solving system 3.840567135997844
time in solving system 0.15206912599751377
time in solving system 0.13035309899714775
concluded in  9.455563577001158
Solving snapshot 0 248
36
time in solving system 3.6303420309996
time in solving system 0.24871753600018565
time in solving system 0.20225603699873318
concluded in  8.982419033000042
Solving snapshot 0 249
36
time in solving system 4.2201131120018545
time in solving system 0.250192348001292
time in solving system 0.22149645000172313
concluded in  9.647880041000462
Solving snapshot 0 250
36
time in solving system 4.277134318999742
time in solving system 0.18042771100226673
time in solving system 0.22857035999913933
concluded in  9.814317180000216
Solving snapshot 0 251
36
time in solving system 3.9483697040013794
time in solving system 0.36086934999912046
time in solving system 0.16721440399851417
concluded in  9.51560586800042
Solving snapshot 0 252
36
time in solving system 4.327503827000328
time in solving system 0.2908483229984995
time in solving system 0.19899074400018435
concluded in  10.145326694000687
Solving snapshot 0 253
36
time in solving system 4.062334246002138
time in solving system 0.3017867419985123
time in solving system 0.18101723400104675
concluded in  10.017422968001483
Solving snapshot 0 254
36
time in solving system 4.1560989640020125
time in solving system 0.25103888499870664
time in solving system 0.12920441099777236
concluded in  9.659617379998963
Solving snapshot 0 255
36
time in solving system 4.263111066997226
time in solving system 0.15249187999870628
time in solving system 0.2216900169987639
concluded in  10.040760920001048
Solving snapshot 0 256
36
time in solving system 4.080800744002772
time in solving system 0.16474673099946813
time in solving system 0.21391249599764706
concluded in  9.527392061998398
Solving snapshot 0 257
36
time in solving system 3.2698114099985105
time in solving system 0.2212416900001699
time in solving system 0.19785597200097982
concluded in  8.693934000999434
Solving snapshot 0 258
36
time in solving system 3.680234974999621
time in solving system 0.21039148300042143
time in solving system 0.16900538399931975
concluded in  9.084040323003137
Solving snapshot 0 259
36
time in solving system 4.102375226000731
time in solving system 0.24250117400151794
time in solving system 0.27047451800171984
concluded in  9.660038201000134
Solving snapshot 0 260
36
time in solving system 4.393881710999267
time in solving system 0.2110792509993189
time in solving system 0.24267893000069307
concluded in  9.755447655999888
Solving snapshot 0 261
36
time in solving system 3.869887339998968
time in solving system 0.13505669200094417
time in solving system 0.12925547700069728
concluded in  9.588021977997414
Solving snapshot 0 262
36
time in solving system 3.829495024998323
time in solving system 0.13727462400129298
time in solving system 0.14134421800190466
concluded in  9.520650145001127
Solving snapshot 0 263
36
time in solving system 3.5812941570002295
time in solving system 0.2025735910028743
time in solving system 0.3986994789993332
concluded in  9.182102688002487
Solving snapshot 0 264
36
time in solving system 4.132021874000202
time in solving system 0.25586382300025434
time in solving system 0.17960629599838285
concluded in  9.880566473999352
Solving snapshot 0 265
36
time in solving system 3.492256561999966
time in solving system 0.18544597399886698
time in solving system 0.18810545599990292
concluded in  9.334727104997
Solving snapshot 0 266
36
time in solving system 4.188207465002051
time in solving system 0.19636910000190255
time in solving system 0.1300959709988092
concluded in  9.957877077002195
Solving snapshot 0 267
36
time in solving system 4.25727232799909
time in solving system 0.18746847299917135
time in solving system 0.19418447700081742
concluded in  10.116827444999217
Solving snapshot 0 268
36
time in solving system 3.633157301999745
time in solving system 0.1548164909982006
time in solving system 0.25342889500097954
concluded in  9.434544843999902
Solving snapshot 0 269
36
time in solving system 4.133321007997438
time in solving system 0.15130483000029926
time in solving system 0.12820356399970478
concluded in  9.756246551998629
Solving snapshot 0 270
36
time in solving system 3.695841938999365
time in solving system 0.18451760099924286
time in solving system 0.1273382129984384
concluded in  9.400839305999398
Solving snapshot 0 271
36
time in solving system 4.2994088129999
time in solving system 0.25203098299971316
time in solving system 0.184824629999639
concluded in  10.092691202000424
Solving snapshot 0 272
36
time in solving system 4.03631606899944
time in solving system 0.2389950510005292
time in solving system 0.19152789100189693
concluded in  9.866966138000862
Solving snapshot 0 273
36
time in solving system 4.178188352001598
time in solving system 0.18877541799884057
time in solving system 0.13151202999870293
concluded in  9.945251893001114
Solving snapshot 0 274
36
time in solving system 4.048948161998851
time in solving system 0.21455085199704627
time in solving system 0.17537409600117826
concluded in  9.862407548000192
Solving snapshot 0 275
36
time in solving system 4.3227376520007965
time in solving system 0.1557487329992
time in solving system 0.13147387700155377
concluded in  9.736189941002522
Solving snapshot 0 276
36
time in solving system 3.9418397340014053
time in solving system 0.22163322500273352
time in solving system 0.12797900900113746
concluded in  9.68164445399816
Solving snapshot 0 277
36
time in solving system 3.8381975990014325
time in solving system 0.17260947100294288
time in solving system 0.22700004799844464
concluded in  9.528917969000759
Solving snapshot 0 278
36
time in solving system 3.923057042997243
time in solving system 0.2397144640017359
time in solving system 0.21644838199790684
concluded in  9.2560256129982
Solving snapshot 0 279
36
time in solving system 3.681026619000477
time in solving system 0.19184372600284405
time in solving system 0.17293115400025272
concluded in  9.299095613998361
Solving snapshot 0 280
36
time in solving system 4.223933949997445
time in solving system 0.1514179019977746
time in solving system 0.12415339700237382
concluded in  9.912940743000945
Solving snapshot 0 281
36
time in solving system 3.9680788010009564
time in solving system 0.13490231499963556
time in solving system 0.22975450299782096
concluded in  9.378367705001438
Solving snapshot 0 282
36
time in solving system 3.5531275029970857
time in solving system 0.24381272499886109
time in solving system 0.26799374500114936
concluded in  9.080808153998078
Solving snapshot 0 283
36
time in solving system 3.2795475929997338
time in solving system 0.27473114899839857
time in solving system 0.24402303099850542
concluded in  9.312525864002964
Solving snapshot 0 284
36
time in solving system 4.014237716000935
time in solving system 0.19523597599982168
time in solving system 0.20042549099889584
concluded in  9.531581369003106
Solving snapshot 0 285
36
time in solving system 4.2489249860009295
time in solving system 0.15360728499945253
time in solving system 0.14290244299991173
concluded in  9.941647820000071
Solving snapshot 0 286
36
time in solving system 4.282252699002129
time in solving system 0.15112668300207588
time in solving system 0.22284069200031809
concluded in  9.62189023800238
Solving snapshot 0 287
36
time in solving system 4.111669237998285
time in solving system 0.22884265299944673
time in solving system 0.1846464369991736
concluded in  9.939900383997156
Solving snapshot 0 288
36
time in solving system 3.588632299000892
time in solving system 0.2174590979993809
time in solving system 0.1336579859998892
concluded in  9.419625983002334
Solving snapshot 0 289
36
time in solving system 4.263309189998836
time in solving system 0.2158482790000562
time in solving system 0.12612272600017604
concluded in  9.523319467996771
Solving snapshot 0 290
36
time in solving system 3.901407282999571
time in solving system 0.23861373899853788
time in solving system 0.13522165399990627
concluded in  9.667745384998852
Solving snapshot 0 291
36
time in solving system 3.795556430999568
time in solving system 0.1530731660022866
time in solving system 0.13767761399867595
concluded in  9.425539920001029
Solving snapshot 0 292
36
time in solving system 3.9284247489995323
time in solving system 0.2143772710005578
time in solving system 0.13953077200130792
concluded in  9.654843745996914
Solving snapshot 0 293
36
time in solving system 4.166170761000103
time in solving system 0.15365689600002952
time in solving system 0.24594102400078555
concluded in  9.476011781000125
Solving snapshot 0 294
36
time in solving system 4.247212317000958
time in solving system 0.21237122599995928
time in solving system 0.17648325600021053
concluded in  9.511277714998869
Solving snapshot 0 295
36
time in solving system 4.045731813999737
time in solving system 0.20155367699771887
time in solving system 0.1343643569998676
concluded in  9.758851562000928
Solving snapshot 0 296
36
time in solving system 3.665129295000952
time in solving system 0.25802862600176013
time in solving system 0.13905904499915778
concluded in  9.047340770001028
Solving snapshot 0 297
36
time in solving system 3.7146234039973933
time in solving system 0.22300339000139502
time in solving system 0.18497713699980523
concluded in  9.621808938001777
Solving snapshot 0 298
36
time in solving system 4.399712772999919
time in solving system 0.2012901599991892
time in solving system 0.2276221110005281
concluded in  9.817303241998161
Solving snapshot 0 299
36
time in solving system 3.22294396900179
time in solving system 0.117547554000339
time in solving system 0.10949526300100842
concluded in  8.818592601997807
[]
Not completed: []
