Solving not completed simulation: 0-th chance
Solving snapshot 0 0
36
time in solving system 9.869549502000154
time in solving system 0.1434575559978839
time in solving system 0.14763266000227304
concluded in  13.696919047004485
Solving snapshot 0 1
36
time in solving system 6.488423139002407
time in solving system 0.7500379780030926
time in solving system 0.4326100239995867
concluded in  10.938604684000893
Solving snapshot 0 2
36
time in solving system 7.064150680002058
time in solving system 0.896300414999132
time in solving system 0.5537180890023592
concluded in  12.246705908000877
Solving snapshot 0 3
36
time in solving system 7.294649834999291
time in solving system 0.30357133900542976
time in solving system 0.2152680950021022
concluded in  12.179969989003439
Solving snapshot 0 4
36
time in solving system 8.147627733000263
time in solving system 0.1790792120009428
time in solving system 0.2168510509945918
concluded in  13.600064414000371
Solving snapshot 0 5
36
time in solving system 6.4054038649992435
time in solving system 0.5985627869958989
time in solving system 0.4687088779974147
concluded in  13.676193949999288
Solving snapshot 0 6
36
time in solving system 7.620791434004786
time in solving system 0.5209064119990217
time in solving system 0.4424147680038004
concluded in  13.122445601002255
Solving snapshot 0 7
36
time in solving system 7.591538319000392
time in solving system 0.4096839919948252
time in solving system 0.3311061969943694
concluded in  11.867740141999093
Solving snapshot 0 8
36
time in solving system 7.456537402002141
time in solving system 0.42812701300135814
time in solving system 0.22861983600159874
concluded in  11.564211799995974
Solving snapshot 0 9
36
time in solving system 7.5092458719955175
time in solving system 0.3184559619985521
time in solving system 0.2892410490021575
concluded in  12.00109352599975
Solving snapshot 0 10
36
time in solving system 6.395040679999511
time in solving system 0.35687299099663505
time in solving system 0.2611546870029997
concluded in  11.482072980004887
Solving snapshot 0 11
36
time in solving system 6.2737045169997145
time in solving system 0.3558119910012465
time in solving system 0.17292371599614853
concluded in  11.19844125599775
Solving snapshot 0 12
36
time in solving system 7.159690369997406
time in solving system 0.17787475600198377
time in solving system 0.21204291300091427
concluded in  12.838997311002458
Solving snapshot 0 13
36
time in solving system 6.3052148330025375
time in solving system 0.2555872040029499
time in solving system 0.1884982920018956
concluded in  13.490045596998243
Solving snapshot 0 14
36
time in solving system 6.841276222003216
time in solving system 0.13435644899436738
time in solving system 0.11889958199753892
concluded in  13.895208679001371
Solving snapshot 0 15
36
time in solving system 8.31104228500044
time in solving system 0.11226885700307321
time in solving system 0.10607826500199735
concluded in  16.793649387000187
Solving snapshot 0 16
36
time in solving system 6.323976849002065
time in solving system 0.2819553969966364
time in solving system 0.22329074099980062
concluded in  16.382995459003723
Solving snapshot 0 17
36
time in solving system 6.276350606996857
time in solving system 0.24891874800232472
time in solving system 0.2251009379979223
concluded in  13.998409970001376
Solving snapshot 0 18
36
time in solving system 6.070469469996169
time in solving system 0.5384707980047096
time in solving system 0.4643491500028176
concluded in  12.074149588006549
Solving snapshot 0 19
36
time in solving system 6.920729298006336
time in solving system 0.471435070001462
time in solving system 0.43314028000168037
concluded in  12.883389139999053
Solving snapshot 0 20
36
time in solving system 7.0054927349992795
time in solving system 0.2593519810034195
time in solving system 0.3134454489991185
concluded in  13.66705864299729
Solving snapshot 0 21
36
time in solving system 7.585779611996259
time in solving system 0.2719636280016857
time in solving system 0.2647706569987349
concluded in  11.996222171997942
Solving snapshot 0 22
36
time in solving system 7.572346141001617
time in solving system 0.2700778700018418
time in solving system 0.1828558429988334
concluded in  11.699917882004229
Solving snapshot 0 23
36
time in solving system 8.454846756001643
time in solving system 0.1854660130047705
time in solving system 0.11486933499691077
concluded in  13.716846436000196
Solving snapshot 0 24
36
time in solving system 8.924761279995437
time in solving system 0.1422455810024985
time in solving system 0.13904401499894448
concluded in  15.036709888998303
Solving snapshot 0 25
36
time in solving system 7.478810691995022
time in solving system 0.12450898899987806
time in solving system 0.12065235400223173
concluded in  12.235591595999722
Solving snapshot 0 26
36
time in solving system 10.377386410997133
time in solving system 0.1309126669948455
time in solving system 0.105870772000344
concluded in  14.262892646002001
Solving snapshot 0 27
36
time in solving system 8.171876880995114
time in solving system 0.10855235799681395
time in solving system 0.1282999530012603
concluded in  16.24431148500298
Solving snapshot 0 28
36
time in solving system 7.129126959996938
time in solving system 0.4379759910007124
time in solving system 0.6601520830008667
concluded in  15.62423439000122
Solving snapshot 0 29
36
time in solving system 6.712073626003985
time in solving system 0.4439542350010015
time in solving system 0.3150113989977399
concluded in  10.978944385999057
Solving snapshot 0 30
36
time in solving system 6.576579888998822
time in solving system 0.2776249170055962
time in solving system 0.22458333200484049
concluded in  11.147444382004323
Solving snapshot 0 31
36
time in solving system 5.8279531490043155
time in solving system 0.29955970800074283
time in solving system 0.2787693680002121
concluded in  9.827541394006403
Solving snapshot 0 32
36
time in solving system 6.783406187001674
time in solving system 0.18816165099997306
time in solving system 0.1478412440046668
concluded in  11.44572523500392
Solving snapshot 0 33
36
time in solving system 5.9286400350029
time in solving system 0.19988249999732943
time in solving system 0.13439541299885605
concluded in  11.069591585997841
Solving snapshot 0 34
36
time in solving system 6.834739416000957
time in solving system 0.18960126899764873
time in solving system 0.13533072699647164
concluded in  13.401301245998184
Solving snapshot 0 35
36
time in solving system 5.811440110999683
time in solving system 0.3749600390001433
time in solving system 0.35954503499669954
concluded in  12.379761655996845
Solving snapshot 0 36
36
time in solving system 6.301038245001109
time in solving system 0.3278871069996967
time in solving system 0.1262846269964939
concluded in  13.14301366500149
Solving snapshot 0 37
36
time in solving system 6.281841876996623
time in solving system 0.23956591299793217
time in solving system 0.28055612499883864
concluded in  12.802227742002287
Solving snapshot 0 38
36
time in solving system 7.287616995003191
time in solving system 0.45181458099978045
time in solving system 0.4263307149958564
concluded in  12.739539901005628
Solving snapshot 0 39
36
time in solving system 7.56764442200074
time in solving system 0.2155408849939704
time in solving system 0.1327625350022572
concluded in  11.703565622003225
Solving snapshot 0 40
36
time in solving system 6.700976141000865
time in solving system 0.1350587590059149
time in solving system 0.20024830500187818
concluded in  10.745102111999586
Solving snapshot 0 41
36
time in solving system 6.610897261998616
time in solving system 0.1275397339995834
time in solving system 0.1274726699994062
concluded in  10.16920359699725
Solving snapshot 0 42
36
time in solving system 6.49435748399992
time in solving system 0.25883523000084097
time in solving system 0.3317348380005569
concluded in  11.443994633998955
Solving snapshot 0 43
36
time in solving system 6.849679257000389
time in solving system 0.5186291999998502
time in solving system 0.35862682099832455
concluded in  13.099190296001325
Solving snapshot 0 44
36
time in solving system 7.566508286996395
time in solving system 0.19582993700169027
time in solving system 0.2895487710047746
concluded in  12.901751060002425
Solving snapshot 0 45
36
time in solving system 7.6127579729945865
time in solving system 0.18001214999821968
time in solving system 0.31359611099469475
concluded in  11.833443635994627
Solving snapshot 0 46
36
time in solving system 6.543676799003151
time in solving system 0.23765704399556853
time in solving system 0.17231519099732395
concluded in  11.36665310999524
Solving snapshot 0 47
36
time in solving system 7.592534789997444
time in solving system 0.37461878699832596
time in solving system 0.2414624500015634
concluded in  13.712563420005608
Solving snapshot 0 48
36
time in solving system 8.167418416000146
time in solving system 0.32641633699677186
time in solving system 0.2621952249974129
concluded in  11.802269300998887
Solving snapshot 0 49
36
time in solving system 8.746372495996184
time in solving system 0.1860648269939702
time in solving system 0.19049710399849573
concluded in  12.336287488004018
Solving snapshot 0 50
36
time in solving system 7.961219975994027
time in solving system 0.3523258099958184
time in solving system 0.3217700250024791
concluded in  11.798696704994654
Solving snapshot 0 51
36
time in solving system 5.601972887998272
time in solving system 0.6056195790006313
time in solving system 0.2054565009966609
concluded in  9.756240035996598
Solving snapshot 0 52
36
time in solving system 6.2626273699934245
time in solving system 0.5202935979978065
time in solving system 0.41836527900159126
concluded in  11.353439790997072
Solving snapshot 0 53
36
time in solving system 6.909008844995697
time in solving system 0.363962964998791
time in solving system 0.20128243300132453
concluded in  11.222617786996125
Solving snapshot 0 54
36
time in solving system 6.4529989899965585
time in solving system 0.4557299879961647
time in solving system 0.40452284200000577
concluded in  11.84282079499826
Solving snapshot 0 55
36
time in solving system 7.108028018003097
time in solving system 0.4362246020027669
time in solving system 0.315608016004262
concluded in  13.500972346999333
Solving snapshot 0 56
36
time in solving system 6.80973800799984
time in solving system 0.28381903499393957
time in solving system 0.40911485299875494
concluded in  11.72438509499625
Solving snapshot 0 57
36
time in solving system 7.444295137000154
time in solving system 0.37662904399621766
time in solving system 0.23631260199908866
concluded in  11.853538051000214
Solving snapshot 0 58
36
time in solving system 6.391086241004814
time in solving system 0.2322213270017528
time in solving system 0.1424826619986561
concluded in  10.442866259996663
Solving snapshot 0 59
36
time in solving system 7.2659078700016835
time in solving system 0.2749454130025697
time in solving system 0.3034361020036158
concluded in  13.897236992997932
Solving snapshot 0 60
36
time in solving system 6.485181554002338
time in solving system 0.28231677900475916
time in solving system 0.3080004479998024
concluded in  11.001951835998625
Solving snapshot 0 61
36
time in solving system 6.346830907998083
time in solving system 0.30884259800222935
time in solving system 0.3120011159990099
concluded in  11.285236249001173
Solving snapshot 0 62
36
time in solving system 6.525014494000061
time in solving system 0.3459330370023963
time in solving system 0.2806993889971636
concluded in  14.072819152999728
Solving snapshot 0 63
36
time in solving system 7.850302888000442
time in solving system 0.11751757299498422
time in solving system 0.16341249799734214
concluded in  15.390616456999851
Solving snapshot 0 64
36
time in solving system 6.209409354996751
time in solving system 0.419230373998289
time in solving system 0.2264156129967887
concluded in  13.443634823997854
Solving snapshot 0 65
36
time in solving system 8.113902960001724
time in solving system 0.4100356529961573
time in solving system 0.2123159909970127
concluded in  13.445186023003771
Solving snapshot 0 66
36
time in solving system 7.163892915996257
time in solving system 0.34282861599785974
time in solving system 0.33412880399555434
concluded in  12.823546940999222
Solving snapshot 0 67
36
time in solving system 7.333218214997032
time in solving system 0.28501481100101955
time in solving system 0.27998448599828407
concluded in  13.66286820199457
Solving snapshot 0 68
36
time in solving system 7.043285948995617
time in solving system 0.44115431499812985
time in solving system 0.2399290169996675
concluded in  13.089593997996417
Solving snapshot 0 69
36
time in solving system 8.024495177000063
time in solving system 0.3519336729950737
time in solving system 0.2455054870006279
concluded in  14.11870479999925
Solving snapshot 0 70
36
time in solving system 6.610701516001427
time in solving system 0.2826473660024931
time in solving system 0.2887863100040704
concluded in  14.496178367000539
Solving snapshot 0 71
36
time in solving system 6.015352421003627
time in solving system 0.2498561019965564
time in solving system 0.25278431899641873
concluded in  12.232234469003743
Solving snapshot 0 72
36
time in solving system 7.832020251000358
time in solving system 0.2426430019986583
time in solving system 0.3257224690023577
concluded in  13.865757970001141
Solving snapshot 0 73
36
time in solving system 8.07780021999497
time in solving system 0.32745728900044924
time in solving system 0.26654181799676735
concluded in  14.63374805800413
Solving snapshot 0 74
36
time in solving system 7.3248816790001
time in solving system 0.31413297099788906
time in solving system 0.26454345299862325
concluded in  13.96325113200146
Solving snapshot 0 75
36
time in solving system 6.411071852999157
time in solving system 0.2784562279994134
time in solving system 0.43879892399854725
concluded in  14.201315225000144
Solving snapshot 0 76
36
time in solving system 7.443434152002737
time in solving system 0.21048934900318272
time in solving system 0.2744656909999321
concluded in  14.637763400001859
Solving snapshot 0 77
36
time in solving system 9.106197525994503
time in solving system 0.11778600099933101
time in solving system 0.12172286699933466
concluded in  17.126515365998785
Solving snapshot 0 78
36
time in solving system 5.777243909004028
time in solving system 0.2887766029962222
time in solving system 0.12969711100595305
concluded in  13.425577971996972
Solving snapshot 0 79
36
time in solving system 4.183348197999294
time in solving system 0.2622296469999128
time in solving system 0.3610444760051905
concluded in  11.947391907000565
Solving snapshot 0 80
36
time in solving system 6.466219999994792
time in solving system 0.4255363190022763
time in solving system 0.11666744999820367
concluded in  14.414107689000957
Solving snapshot 0 81
36
time in solving system 6.1289770340008545
time in solving system 0.24379287299962016
time in solving system 0.2481358459990588
concluded in  13.851889051999024
Solving snapshot 0 82
36
time in solving system 6.179113908998261
time in solving system 0.11311960699822521
time in solving system 0.11962230700009968
concluded in  13.66787786599889
Solving snapshot 0 83
36
time in solving system 5.126879069001006
time in solving system 0.30577611699845875
time in solving system 0.2614435580035206
concluded in  12.233545541996136
Solving snapshot 0 84
36
time in solving system 5.638416399997368
time in solving system 0.22604192199651152
time in solving system 0.254792173000169
concluded in  13.399311179004144
Solving snapshot 0 85
36
time in solving system 5.911187928999425
time in solving system 0.13388122100150213
time in solving system 0.18822932399780257
concluded in  13.853644675997202
Solving snapshot 0 86
36
time in solving system 6.065858819005371
time in solving system 0.32603721899795346
time in solving system 0.3020210069953464
concluded in  14.07323234499927
Solving snapshot 0 87
36
time in solving system 6.630197671998758
time in solving system 0.2034317790021305
time in solving system 0.15766280500247376
concluded in  14.135089525996591
Solving snapshot 0 88
36
time in solving system 7.215585077996366
time in solving system 0.1534555540056317
time in solving system 0.12928855199425016
concluded in  14.283310851998976
Solving snapshot 0 89
36
time in solving system 6.625154205001309
time in solving system 0.16014197399636032
time in solving system 0.14638420900155324
concluded in  11.786396308998519
Solving snapshot 0 90
36
time in solving system 6.633612584999355
time in solving system 0.17689823300315766
time in solving system 0.16087577000143938
concluded in  13.311602777997905
Solving snapshot 0 91
36
time in solving system 5.58972855599859
time in solving system 0.25846723200083943
time in solving system 0.2351994199998444
concluded in  11.875253975995292
Solving snapshot 0 92
36
time in solving system 4.9705368599970825
time in solving system 0.3951450499953353
time in solving system 0.379258952998498
concluded in  13.052721721003763
Solving snapshot 0 93
36
time in solving system 5.9201645819994155
time in solving system 0.1577054119989043
time in solving system 0.11671285900229122
concluded in  13.362893794997944
Solving snapshot 0 94
36
time in solving system 6.499187394998444
time in solving system 0.12909900200611446
time in solving system 0.1795538590013166
concluded in  13.948962716996903
Solving snapshot 0 95
36
time in solving system 5.156749883004522
time in solving system 0.3069876740046311
time in solving system 0.3556845809944207
concluded in  12.84990370000014
Solving snapshot 0 96
36
time in solving system 5.224420188002114
time in solving system 0.12524324499827344
time in solving system 0.11267359499470331
concluded in  13.058365416000015
Solving snapshot 0 97
36
time in solving system 7.532362281999667
time in solving system 0.26162871399719734
time in solving system 0.25082874699728563
concluded in  14.323963358998299
Solving snapshot 0 98
36
time in solving system 5.075084957999934
time in solving system 0.2728289299993776
time in solving system 0.28813968999747885
concluded in  13.478077852996648
Solving snapshot 0 99
36
time in solving system 4.053716770999017
time in solving system 0.37734196599922143
time in solving system 0.38434423499711556
concluded in  12.647156393999467
Solving snapshot 0 100
36
time in solving system 6.9385187470034
time in solving system 0.2686865810028394
time in solving system 0.2661691930043162
concluded in  14.65505426099844
Solving snapshot 0 101
36
time in solving system 6.204411579994485
time in solving system 0.13171303800481837
time in solving system 0.16714635000244016
concluded in  13.376739881998219
Solving snapshot 0 102
36
time in solving system 6.672318246994109
time in solving system 0.30020958599925507
time in solving system 0.2514407639973797
concluded in  14.245029912999598
Solving snapshot 0 103
36
time in solving system 5.823164564004401
time in solving system 0.2694210649933666
time in solving system 0.2476305140007753
concluded in  13.945194050997088
Solving snapshot 0 104
36
time in solving system 6.315039422996051
time in solving system 0.14661175400397042
time in solving system 0.11924321900005452
concluded in  13.512984364999284
Solving snapshot 0 105
36
time in solving system 6.689964402001351
time in solving system 0.1972880579996854
time in solving system 0.12326789399958216
concluded in  14.23108938599762
Solving snapshot 0 106
36
time in solving system 6.19457644400245
time in solving system 0.12081191399920499
time in solving system 0.16179883699805941
concluded in  13.878338180002174
Solving snapshot 0 107
36
time in solving system 4.675673830002779
time in solving system 0.3301541550026741
time in solving system 0.26473975000408245
concluded in  12.962823397996544
Solving snapshot 0 108
36
time in solving system 6.601234751004085
time in solving system 0.15660128599847667
time in solving system 0.18887818800430978
concluded in  14.21586434100027
Solving snapshot 0 109
36
time in solving system 5.24918460099434
time in solving system 0.2391136739970534
time in solving system 0.2512598129978869
concluded in  13.277572990999033
Solving snapshot 0 110
36
time in solving system 5.633145820000209
time in solving system 0.3639652659985586
time in solving system 0.25381880500208354
concluded in  13.437462588000926
Solving snapshot 0 111
36
time in solving system 5.036769627004105
time in solving system 0.34233998999843607
time in solving system 0.383859917994414
concluded in  13.398407706998114
Solving snapshot 0 112
36
time in solving system 5.5935795700061135
time in solving system 0.17847361400345108
time in solving system 0.12038353499519872
concluded in  13.15592004199425
Solving snapshot 0 113
36
time in solving system 6.586758552999527
time in solving system 0.24303552900528302
time in solving system 0.128742337001313
concluded in  14.427585571997042
Solving snapshot 0 114
36
time in solving system 6.342858121999598
time in solving system 0.15182272100355476
time in solving system 0.11721136100095464
concluded in  12.7240964839948
Solving snapshot 0 115
36
time in solving system 5.683023823999974
time in solving system 0.19774369299557293
time in solving system 0.11760207799670752
concluded in  12.674771302001318
Solving snapshot 0 116
36
time in solving system 5.564525469002547
time in solving system 0.24507696599903284
time in solving system 0.1163570759963477
concluded in  12.311670201997913
Solving snapshot 0 117
36
time in solving system 6.979338061995804
time in solving system 0.11445708300016122
time in solving system 0.1270429750002222
concluded in  14.412961575006193
Solving snapshot 0 118
36
time in solving system 6.224216265996802
time in solving system 0.15103994499804685
time in solving system 0.16185168999800226
concluded in  12.375372310001694
Solving snapshot 0 119
36
time in solving system 6.478015032000258
time in solving system 0.42487078300473513
time in solving system 0.17142550699645653
concluded in  11.918121218004671
Solving snapshot 0 120
36
time in solving system 6.41845309099881
time in solving system 0.2680969599969103
time in solving system 0.3543914109977777
concluded in  12.755004426006053
Solving snapshot 0 121
36
time in solving system 5.165459103001922
time in solving system 0.32792545900156256
time in solving system 0.2321037729998352
concluded in  9.89688754999952
Solving snapshot 0 122
36
time in solving system 5.361872615998436
time in solving system 0.43795602900354424
time in solving system 0.29876967900054296
concluded in  11.406514544003585
Solving snapshot 0 123
36
time in solving system 5.4041375830056495
time in solving system 0.5866526390018407
time in solving system 0.43437671599531313
concluded in  11.405362552999577
Solving snapshot 0 124
36
time in solving system 6.107149376002781
time in solving system 0.38811564999923576
time in solving system 0.39557865299866535
concluded in  11.586705841000366
Solving snapshot 0 125
36
time in solving system 5.7805562220019056
time in solving system 0.4752980250050314
time in solving system 0.34077129299839726
concluded in  11.264262918004533
Solving snapshot 0 126
36
time in solving system 6.222146496998903
time in solving system 0.4090370000049006
time in solving system 0.3665375179989496
concluded in  12.958067470004607
Solving snapshot 0 127
36
time in solving system 6.312606302999484
time in solving system 0.2970638059996418
time in solving system 0.355150074006815
concluded in  12.806887440994615
Solving snapshot 0 128
36
time in solving system 6.190870990001713
time in solving system 0.3875294909958029
time in solving system 0.3835697269969387
concluded in  12.200487460999284
Solving snapshot 0 129
36
time in solving system 7.676510152006813
time in solving system 0.26969553999515483
time in solving system 0.11641337699984433
concluded in  13.768257686002471
Solving snapshot 0 130
36
time in solving system 6.2696224649989745
time in solving system 0.232908760997816
time in solving system 0.16461755300406367
concluded in  10.731371722999029
Solving snapshot 0 131
36
time in solving system 6.2438511720029055
time in solving system 0.3513894259958761
time in solving system 0.16859726399707142
concluded in  10.667219322000165
Solving snapshot 0 132
36
time in solving system 5.90445335899858
time in solving system 0.22763583900086815
time in solving system 0.11797104199649766
concluded in  11.595142402999045
Solving snapshot 0 133
36
time in solving system 6.954682406001666
time in solving system 0.31952649199956795
time in solving system 0.40759700600028737
concluded in  13.54678981899633
Solving snapshot 0 134
36
time in solving system 6.516933347003942
time in solving system 0.11848226199799683
time in solving system 0.18250088000058895
concluded in  12.870983039996645
Solving snapshot 0 135
36
time in solving system 6.753713585996593
time in solving system 0.23424875100317877
time in solving system 0.30725328100379556
concluded in  12.555650223002885
Solving snapshot 0 136
36
time in solving system 6.472577947002719
time in solving system 0.4082179120014189
time in solving system 0.3129511810038821
concluded in  12.092926778997935
Solving snapshot 0 137
36
time in solving system 6.679157673999725
time in solving system 0.2940820570001961
time in solving system 0.30919920400629053
concluded in  13.605950595003378
Solving snapshot 0 138
36
time in solving system 7.8542395630065585
time in solving system 0.43434890099888435
time in solving system 0.3066021790000377
concluded in  12.041577921998396
Solving snapshot 0 139
36
time in solving system 6.074676561001979
time in solving system 0.4896608839990222
time in solving system 0.39994210700388066
concluded in  10.346271450005588
Solving snapshot 0 140
36
time in solving system 6.541871817993524
time in solving system 0.26097413900424726
time in solving system 0.3143238949996885
concluded in  11.069962449997547
Solving snapshot 0 141
36
time in solving system 5.462267422997684
time in solving system 0.568287103997136
time in solving system 0.53085822200228
concluded in  11.485043920998578
Solving snapshot 0 142
36
time in solving system 5.909825180999178
time in solving system 0.30814828199800104
time in solving system 0.390973233996192
concluded in  12.265899598001852
Solving snapshot 0 143
36
time in solving system 6.650197749004292
time in solving system 0.4429209269947023
time in solving system 0.2672402140015038
concluded in  14.063240503004636
Solving snapshot 0 144
36
time in solving system 5.476036865999049
time in solving system 0.28452132899838034
time in solving system 0.23504539799614577
concluded in  13.500532210004167
Solving snapshot 0 145
36
time in solving system 5.629918762999296
time in solving system 0.2987467139973887
time in solving system 0.15890190900245216
concluded in  13.001829594999435
Solving snapshot 0 146
36
time in solving system 6.8965102059955825
time in solving system 0.4339944699968328
time in solving system 0.364077084006567
concluded in  14.259967701997084
Solving snapshot 0 147
36
time in solving system 6.559342986001866
time in solving system 0.14542871699813986
time in solving system 0.12987774799694307
concluded in  11.956234524004685
Solving snapshot 0 148
36
time in solving system 7.569317692999903
time in solving system 0.2357972379977582
time in solving system 0.176852639997378
concluded in  13.573256072995719
Solving snapshot 0 149
36
time in solving system 6.714061459999357
time in solving system 0.13093946600565687
time in solving system 0.21024334200046724
concluded in  11.916486509995593
Solving snapshot 0 150
36
time in solving system 7.62690284600103
time in solving system 0.24048386499634944
time in solving system 0.3282681739947293
concluded in  12.315355637998437
Solving snapshot 0 151
36
time in solving system 7.478860283998074
time in solving system 0.1500246089999564
time in solving system 0.2498629020046792
concluded in  12.033457345998613
Solving snapshot 0 152
36
time in solving system 6.482900700000755
time in solving system 0.46322908000001917
time in solving system 0.40970860900415573
concluded in  12.391777356002422
Solving snapshot 0 153
36
time in solving system 7.275037537998287
time in solving system 0.2765958909949404
time in solving system 0.4067108780000126
concluded in  12.800131563999457
Solving snapshot 0 154
36
time in solving system 7.051835035999829
time in solving system 0.23811049899813952
time in solving system 0.12249373600207036
concluded in  10.955832261999603
Solving snapshot 0 155
36
time in solving system 6.685971920996963
time in solving system 0.21165925900277216
time in solving system 0.2981966410006862
concluded in  10.822493202998885
Solving snapshot 0 156
36
time in solving system 7.298473285998625
time in solving system 0.23563596000167308
time in solving system 0.22339505400304915
concluded in  11.40200509999704
Solving snapshot 0 157
36
time in solving system 6.9122778799937805
time in solving system 0.20483424000121886
time in solving system 0.14133288199809613
concluded in  11.655819173000054
Solving snapshot 0 158
36
time in solving system 7.711554306995822
time in solving system 0.13721456200437387
time in solving system 0.2099531330022728
concluded in  14.09490209800424
Solving snapshot 0 159
36
time in solving system 7.30362744499871
time in solving system 0.42063313700055005
time in solving system 0.34825564700440736
concluded in  11.431512389004638
Solving snapshot 0 160
36
time in solving system 7.404634578000696
time in solving system 0.37412722700537415
time in solving system 0.25357705900387373
concluded in  11.503216721001081
Solving snapshot 0 161
36
time in solving system 8.137643657995795
time in solving system 0.19093036700360244
time in solving system 0.23792079799750354
concluded in  11.956454891995236
Solving snapshot 0 162
36
time in solving system 7.019410403998336
time in solving system 0.275500818999717
time in solving system 0.24899821200233418
concluded in  10.87410109499615
Solving snapshot 0 163
36
time in solving system 7.560954426000535
time in solving system 0.32773179200012237
time in solving system 0.3074294949983596
concluded in  12.000559088002774
Solving snapshot 0 164
36
time in solving system 6.891754805998062
time in solving system 0.3560442480011261
time in solving system 0.13275861900183372
concluded in  10.596561425998516
Solving snapshot 0 165
36
time in solving system 6.882859898003517
time in solving system 0.2504365319982753
time in solving system 0.2564493690006202
concluded in  10.800658132997341
Solving snapshot 0 166
36
time in solving system 6.506051168995327
time in solving system 0.39167550500133075
time in solving system 0.24155565700493753
concluded in  11.019461619995127
Solving snapshot 0 167
36
time in solving system 6.440797716997622
time in solving system 0.4777339079955709
time in solving system 0.37769926699547796
concluded in  11.330919697000354
Solving snapshot 0 168
36
time in solving system 6.715698182997585
time in solving system 0.2514191000009305
time in solving system 0.20090574600180844
concluded in  13.568839491003018
Solving snapshot 0 169
36
time in solving system 6.367334912996739
time in solving system 0.4084076629951596
time in solving system 0.25101601400092477
concluded in  10.5767879490013
Solving snapshot 0 170
36
time in solving system 6.524971908002044
time in solving system 0.5225108200029354
time in solving system 0.25160357099957764
concluded in  12.649463877998642
Solving snapshot 0 171
36
time in solving system 7.071354717001668
time in solving system 0.24789534699812066
time in solving system 0.2737938159989426
concluded in  13.388410744999419
Solving snapshot 0 172
36
time in solving system 7.646845558003406
time in solving system 0.447878289000073
time in solving system 0.298720325998147
concluded in  11.85553166399768
Solving snapshot 0 173
36
time in solving system 7.510861294998904
time in solving system 0.18755392900493462
time in solving system 0.2761179709996213
concluded in  11.864360351995856
Solving snapshot 0 174
36
time in solving system 7.010745892999694
time in solving system 0.1827410339974449
time in solving system 0.12403406199882738
concluded in  10.701211854000576
Solving snapshot 0 175
36
time in solving system 6.645461387997784
time in solving system 0.41526040200551506
time in solving system 0.34087347600143403
concluded in  11.88447869400261
Solving snapshot 0 176
36
time in solving system 6.943345127998327
time in solving system 0.48797426799865207
time in solving system 0.3493547970065265
concluded in  12.801683553996554
Solving snapshot 0 177
36
time in solving system 8.012853436994192
time in solving system 0.3852806119975867
time in solving system 0.33788841500063427
concluded in  13.05183328899875
Solving snapshot 0 178
36
time in solving system 7.549836323996715
time in solving system 0.285373630002141
time in solving system 0.22447635600110516
concluded in  11.698362541996175
Solving snapshot 0 179
36
time in solving system 6.844953576000989
time in solving system 0.18518801000027452
time in solving system 0.24346169099590043
concluded in  10.45890748599777
Solving snapshot 0 180
36
time in solving system 6.914478372003941
time in solving system 0.36110605499561643
time in solving system 0.3057033400036744
concluded in  11.013525383001252
Solving snapshot 0 181
36
time in solving system 6.965367968005012
time in solving system 0.1363843569997698
time in solving system 0.17033738100144546
concluded in  12.29683248299989
Solving snapshot 0 182
36
time in solving system 9.186778351999237
time in solving system 0.13298998800019035
time in solving system 0.11838322600669926
concluded in  15.486190310999518
Solving snapshot 0 183
36
time in solving system 7.92631291699945
time in solving system 0.11072641699865926
time in solving system 0.11748630199872423
concluded in  14.47925670100085
Solving snapshot 0 184
36
time in solving system 7.945207094999205
time in solving system 0.23297732699575135
time in solving system 0.3026577869968605
concluded in  17.407580449995294
Solving snapshot 0 185
36
time in solving system 6.50586163099797
time in solving system 0.6442747969995253
time in solving system 0.5998837360020843
concluded in  13.335754150000867
Solving snapshot 0 186
36
time in solving system 6.1187615349990665
time in solving system 0.42477796499588294
time in solving system 0.2952552350034239
concluded in  10.930969262997678
Solving snapshot 0 187
36
time in solving system 7.198762132000411
time in solving system 0.3914026409984217
time in solving system 0.38927450500341365
concluded in  13.782524469999771
Solving snapshot 0 188
36
time in solving system 5.828581440997368
time in solving system 0.41932658899895614
time in solving system 0.6660185349974199
concluded in  11.63266851699882
Solving snapshot 0 189
36
time in solving system 7.015839685001993
time in solving system 0.42748453300009714
time in solving system 0.48844225799984997
concluded in  11.872662736997881
Solving snapshot 0 190
36
time in solving system 6.344662622999749
time in solving system 0.27333635200193385
time in solving system 0.4083194829945569
concluded in  10.615774000994861
Solving snapshot 0 191
36
time in solving system 6.142593075004697
time in solving system 0.11873649599874625
time in solving system 0.10961470400070539
concluded in  10.25950050100073
Solving snapshot 0 192
36
time in solving system 6.420932150002045
time in solving system 0.3203656810001121
time in solving system 0.2622641830021166
concluded in  11.404485717997886
Solving snapshot 0 193
36
time in solving system 5.365724549003062
time in solving system 0.29632271999435034
time in solving system 0.32990857800177764
concluded in  9.737813865001954
Solving snapshot 0 194
36
time in solving system 4.472935976002191
time in solving system 0.43803246899915393
time in solving system 0.46052152999618556
concluded in  11.366272233994096
Solving snapshot 0 195
36
time in solving system 7.3456368900006055
time in solving system 0.30419629999960307
time in solving system 0.23785294600384077
concluded in  14.479629553999985
Solving snapshot 0 196
36
time in solving system 4.655223797999497
time in solving system 0.395734158999403
time in solving system 0.37085373399895616
concluded in  11.792316974999267
Solving snapshot 0 197
36
time in solving system 5.669273844003328
time in solving system 0.3777082819942734
time in solving system 0.25717538200115087
concluded in  12.050878754002042
Solving snapshot 0 198
36
time in solving system 6.820162513999094
time in solving system 0.26700862100551603
time in solving system 0.24608817500120495
concluded in  15.075610950996634
Solving snapshot 0 199
36
time in solving system 6.414958822002518
time in solving system 0.30558088600082556
time in solving system 0.12542302600195399
concluded in  13.010747435000667
Solving snapshot 0 200
36
time in solving system 7.800886566998088
time in solving system 0.29602606899425155
time in solving system 0.28465327699814225
concluded in  14.30845219099865
Solving snapshot 0 201
36
time in solving system 6.365299313998548
time in solving system 0.18582251900079427
time in solving system 0.22908340000140015
concluded in  11.317787503001455
Solving snapshot 0 202
36
time in solving system 7.911630145004892
time in solving system 0.12594027299928712
time in solving system 0.1268640940033947
concluded in  14.849170998000773
Solving snapshot 0 203
36
time in solving system 6.979939676995855
time in solving system 0.11169168999913381
time in solving system 0.12057930100127123
concluded in  14.643473762997019
Solving snapshot 0 204
36
time in solving system 6.699989334003476
time in solving system 0.2102735819935333
time in solving system 0.18006295499799307
concluded in  14.425297027999477
Solving snapshot 0 205
36
time in solving system 7.526133655999729
time in solving system 0.11159116799535695
time in solving system 0.11034992899658391
concluded in  15.75376540599973
Solving snapshot 0 206
36
time in solving system 6.744369009000366
time in solving system 0.37451625800167676
time in solving system 0.34332641500077443
concluded in  14.796512439999788
Solving snapshot 0 207
36
time in solving system 7.25998101499863
time in solving system 0.3085958980009309
time in solving system 0.3307818530010991
concluded in  14.739370195995434
Solving snapshot 0 208
36
time in solving system 4.773038916006044
time in solving system 0.3068635000017821
time in solving system 0.24106303099688375
concluded in  10.897123520000605
Solving snapshot 0 209
36
time in solving system 6.634382613003254
time in solving system 0.3243233449975378
time in solving system 0.2897221399980481
concluded in  13.582923564994417
Solving snapshot 0 210
36
time in solving system 7.116135909003788
time in solving system 0.28149255900643766
time in solving system 0.311607659998117
concluded in  14.075881997996476
Solving snapshot 0 211
36
time in solving system 6.66987778100156
time in solving system 0.15434283099602908
time in solving system 0.16224112499912735
concluded in  13.188196112998412
Solving snapshot 0 212
36
time in solving system 8.000753168998926
time in solving system 0.13641647599433782
time in solving system 0.22133696100354427
concluded in  13.725468507996993
Solving snapshot 0 213
36
time in solving system 7.796186442996259
time in solving system 0.25311327099916525
time in solving system 0.292874209000729
concluded in  13.659022414998617
Solving snapshot 0 214
36
time in solving system 6.1416457279992756
time in solving system 0.17079414600448217
time in solving system 0.11227483599941479
concluded in  11.933436539002287
Solving snapshot 0 215
36
time in solving system 9.865560354999616
time in solving system 0.11015316600241931
time in solving system 0.14788784499978647
concluded in  16.475619682998513
Solving snapshot 0 216
36
time in solving system 4.930422719997296
time in solving system 0.12099111699353671
time in solving system 0.12396425999759231
concluded in  14.047008983994601
Solving snapshot 0 217
36
time in solving system 7.246381056000246
time in solving system 0.245371521996276
time in solving system 0.4190426280038082
concluded in  18.142591153999092
Solving snapshot 0 218
36
time in solving system 5.482911851002427
time in solving system 0.4627549290016759
time in solving system 0.4309791510022478
concluded in  13.433946321005351
Solving snapshot 0 219
36
time in solving system 7.043609349995677
time in solving system 0.33910911199927796
time in solving system 0.24672071100212634
concluded in  14.65198440200038
Solving snapshot 0 220
36
time in solving system 7.128445766997174
time in solving system 0.15941022300103214
time in solving system 0.18721248600195395
concluded in  15.001717006001854
Solving snapshot 0 221
36
time in solving system 6.8839628159985295
time in solving system 0.3271171750020585
time in solving system 0.30749555000511464
concluded in  13.471128363999014
Solving snapshot 0 222
36
time in solving system 7.970713948001503
time in solving system 0.26548309300414985
time in solving system 0.2701023640038329
concluded in  12.567061850000755
Solving snapshot 0 223
36
time in solving system 7.322210305996123
time in solving system 0.3363846909996937
time in solving system 0.38064101900090463
concluded in  11.514902379996784
Solving snapshot 0 224
36
time in solving system 6.645442567001737
time in solving system 0.3665869210017263
time in solving system 0.2507909639971331
concluded in  10.800064381000993
Solving snapshot 0 225
36
time in solving system 6.381729078995704
time in solving system 0.272802119005064
time in solving system 0.3678539870015811
concluded in  10.617994108004496
Solving snapshot 0 226
36
time in solving system 6.2141509509965545
time in solving system 0.14010347000294132
time in solving system 0.303322735002439
concluded in  10.96691389499756
Solving snapshot 0 227
36
time in solving system 6.031275123998057
time in solving system 0.26685840099526104
time in solving system 0.12044626999704633
concluded in  11.310630590000073
Solving snapshot 0 228
36
time in solving system 7.280998597001599
time in solving system 0.41569673200137913
time in solving system 0.33304654100356856
concluded in  14.24884908900276
Solving snapshot 0 229
36
time in solving system 7.673752723996586
time in solving system 0.3767913760020747
time in solving system 0.36769197300600354
concluded in  13.396669667999959
Solving snapshot 0 230
36
time in solving system 6.195243314999971
time in solving system 0.31055288200150244
time in solving system 0.29813385399756953
concluded in  10.610636484998395
Solving snapshot 0 231
36
time in solving system 5.922446376003791
time in solving system 0.25139757500437554
time in solving system 0.27956962100142846
concluded in  10.751327748999756
Solving snapshot 0 232
36
time in solving system 5.668655801004206
time in solving system 0.3711007439997047
time in solving system 0.382525353001256
concluded in  11.286272391997045
Solving snapshot 0 233
36
time in solving system 5.778474706996349
time in solving system 0.3111337700029253
time in solving system 0.13522350400307914
concluded in  12.61949829999503
Solving snapshot 0 234
36
time in solving system 4.684984578001604
time in solving system 0.31065658700390486
time in solving system 0.24733456600370118
concluded in  11.616250821003632
Solving snapshot 0 235
36
time in solving system 6.647853403999761
time in solving system 0.20343930299713975
time in solving system 0.1252502259958419
concluded in  14.427473941999779
Solving snapshot 0 236
36
time in solving system 5.694763538995176
time in solving system 0.23740555599943036
time in solving system 0.20342020499811042
concluded in  13.377138164003554
Solving snapshot 0 237
36
time in solving system 6.06128547800472
time in solving system 0.32254563699825667
time in solving system 0.4181110499994247
concluded in  14.518667242002266
Solving snapshot 0 238
36
time in solving system 6.728795251001429
time in solving system 0.1299675970003591
time in solving system 0.2648394700008794
concluded in  15.648529539001174
Solving snapshot 0 239
36
time in solving system 5.475739845001954
time in solving system 0.39865906899649417
time in solving system 0.4156947450028383
concluded in  13.838998129001993
Solving snapshot 0 240
36
time in solving system 6.064934338006424
time in solving system 0.13562465200084262
time in solving system 0.12563357799808728
concluded in  13.209681435997481
Solving snapshot 0 241
36
time in solving system 6.075172224998823
time in solving system 0.4351789039938012
time in solving system 0.2772446660019341
concluded in  13.782875539000088
Solving snapshot 0 242
36
time in solving system 5.698201981002057
time in solving system 0.22774963400297565
time in solving system 0.11735436899471097
concluded in  13.174376330003724
Solving snapshot 0 243
36
time in solving system 7.289163539004221
time in solving system 0.110367519002466
time in solving system 0.23457612299534958
concluded in  15.158467835004558
Solving snapshot 0 244
36
time in solving system 5.549730279999494
time in solving system 0.4900208430044586
time in solving system 0.5352964940029779
concluded in  12.89943141299591
Solving snapshot 0 245
36
time in solving system 5.649592718000349
time in solving system 0.3632672730018385
time in solving system 0.418947610000032
concluded in  12.37963663899427
Solving snapshot 0 246
36
time in solving system 5.99053407899919
time in solving system 0.3063656809972599
time in solving system 0.2333033590039122
concluded in  12.339835870996467
Solving snapshot 0 247
36
time in solving system 6.331055803995696
time in solving system 0.22640849200251978
time in solving system 0.2824460670017288
concluded in  11.790312942997843
Solving snapshot 0 248
36
time in solving system 4.569679708001786
time in solving system 0.351374975994986
time in solving system 0.27584868099802407
concluded in  11.008914669997466
Solving snapshot 0 249
36
time in solving system 7.577376378001645
time in solving system 0.24902417900011642
time in solving system 0.2282034099989687
concluded in  15.164383260998875
Solving snapshot 0 250
36
time in solving system 6.166931437997846
time in solving system 0.25802120399748674
time in solving system 0.22606518600514391
concluded in  13.0220134639967
Solving snapshot 0 251
36
time in solving system 5.175036283995723
time in solving system 0.28505414300161647
time in solving system 0.3592289640000672
concluded in  12.845066116002272
Solving snapshot 0 252
36
time in solving system 5.709940931999881
time in solving system 0.23942278100003023
time in solving system 0.25500819699664135
concluded in  13.201144049002323
Solving snapshot 0 253
36
time in solving system 5.41861350399995
time in solving system 0.3177084359995206
time in solving system 0.25985188499907963
concluded in  12.798657717001333
Solving snapshot 0 254
36
time in solving system 6.282693039996957
time in solving system 0.16939211299904855
time in solving system 0.14340558600088116
concluded in  13.122834346999298
Solving snapshot 0 255
36
time in solving system 6.034701147000305
time in solving system 0.1704718059991137
time in solving system 0.1554427829978522
concluded in  13.8648227090016
Solving snapshot 0 256
36
time in solving system 6.109632480001892
time in solving system 0.12883621899527498
time in solving system 0.12280974399618572
concluded in  13.967922431998886
Solving snapshot 0 257
36
time in solving system 4.9322510290003265
time in solving system 0.3733567880044575
time in solving system 0.42798517199844355
concluded in  13.749167119996855
Solving snapshot 0 258
36
time in solving system 5.882703176997893
time in solving system 0.22005011600413127
time in solving system 0.1301808060015901
concluded in  13.146503955998924
Solving snapshot 0 259
36
time in solving system 5.3989841979928315
time in solving system 0.11906194799666991
time in solving system 0.12329952399886679
concluded in  12.953468759005773
Solving snapshot 0 260
36
time in solving system 6.342211091003264
time in solving system 0.3013005350003368
time in solving system 0.23729017799632857
concluded in  13.857809628003452
Solving snapshot 0 261
36
time in solving system 6.080273668005248
time in solving system 0.1172819069979596
time in solving system 0.17896327200287487
concluded in  13.59048107900162
Solving snapshot 0 262
36
time in solving system 6.004998721997254
time in solving system 0.31744035500014434
time in solving system 0.12253348899685079
concluded in  13.446539946002304
Solving snapshot 0 263
36
time in solving system 7.6971742149980855
time in solving system 0.1984898160008015
time in solving system 0.1670010989982984
concluded in  14.029655346996151
Solving snapshot 0 264
36
time in solving system 8.315296504006255
time in solving system 0.15096987300057663
time in solving system 0.11961991599673638
concluded in  13.56322205899778
Solving snapshot 0 265
36
time in solving system 7.880974006002361
time in solving system 0.25635148899891647
time in solving system 0.17472246000397718
concluded in  12.337716433001333
Solving snapshot 0 266
36
time in solving system 10.921996953002235
time in solving system 0.12319531899993308
time in solving system 0.11079966599936597
concluded in  15.376867731996754
Solving snapshot 0 267
36
time in solving system 6.738911715998256
time in solving system 0.12192356099694734
time in solving system 0.10599018599896226
concluded in  16.105351653997786
Solving snapshot 0 268
36
time in solving system 5.88208186400152
time in solving system 0.38506951500312425
time in solving system 0.416019395001058
concluded in  15.174370908003766
Solving snapshot 0 269
36
time in solving system 6.483440574003907
time in solving system 0.6533335339991027
time in solving system 0.591977151001629
concluded in  12.884515534002276
Solving snapshot 0 270
36
time in solving system 5.5824798379981075
time in solving system 0.5206065070015029
time in solving system 0.6807437899988145
concluded in  12.654325023999263
Solving snapshot 0 271
36
time in solving system 6.7176515639948775
time in solving system 0.6593758320013876
time in solving system 0.5268303470002138
concluded in  12.806363163996139
Solving snapshot 0 272
36
time in solving system 6.392796323998482
time in solving system 0.40269518599961884
time in solving system 0.49309359100152506
concluded in  11.096966933997464
Solving snapshot 0 273
36
time in solving system 6.5188141300022835
time in solving system 0.5773333920005825
time in solving system 0.3201544690018636
concluded in  11.290780180999718
Solving snapshot 0 274
36
time in solving system 5.923301613001968
time in solving system 0.41308939299779013
time in solving system 0.43903846200555563
concluded in  10.496122339995054
Solving snapshot 0 275
36
time in solving system 7.578865178998967
time in solving system 0.2991113600000972
time in solving system 0.42842278600437567
concluded in  12.51955670100142
Solving snapshot 0 276
36
time in solving system 6.860950702997798
time in solving system 0.36189896300493274
time in solving system 0.3684797210007673
concluded in  12.48359909500141
Solving snapshot 0 277
36
time in solving system 6.327237723999133
time in solving system 0.12795313999959035
time in solving system 0.2589171490035369
concluded in  12.819090641998628
Solving snapshot 0 278
36
time in solving system 6.599404856999172
time in solving system 0.3763978610004415
time in solving system 0.23384262900071917
concluded in  12.265193569997791
Solving snapshot 0 279
36
time in solving system 6.705682384999818
time in solving system 0.24979588499991223
time in solving system 0.23849310100194998
concluded in  12.317270031002408
Solving snapshot 0 280
36
time in solving system 7.202086459001293
time in solving system 0.20433367900113808
time in solving system 0.21117189600045094
concluded in  14.956155836996913
Solving snapshot 0 281
36
time in solving system 10.042581631998473
time in solving system 0.1137832980020903
time in solving system 0.13240682399919024
concluded in  17.085280011997384
Solving snapshot 0 282
36
time in solving system 5.855468519999704
time in solving system 0.11340416600432945
time in solving system 0.10692443900188664
concluded in  16.034345191998
Solving snapshot 0 283
36
time in solving system 7.637817301998439
time in solving system 0.5924169249992701
time in solving system 0.6889036979991943
concluded in  16.213455138997233
Solving snapshot 0 284
36
time in solving system 6.0408427539950935
time in solving system 0.43912674600142054
time in solving system 0.3796441340018646
concluded in  13.35837557999912
Solving snapshot 0 285
36
time in solving system 6.830674801996793
time in solving system 0.15119736199994804
time in solving system 0.12240204499539686
concluded in  12.522773003998736
Solving snapshot 0 286
36
time in solving system 6.199760895004147
time in solving system 0.3731704140009242
time in solving system 0.269521337999322
concluded in  11.102523082001426
Solving snapshot 0 287
36
time in solving system 6.575379775000329
time in solving system 0.23648877799860202
time in solving system 0.23776638400158845
concluded in  13.067892612998548
Solving snapshot 0 288
36
time in solving system 5.213653332000831
time in solving system 0.4456236620026175
time in solving system 0.4212678959956975
concluded in  11.641076025996881
Solving snapshot 0 289
36
time in solving system 8.721669054000813
time in solving system 0.3054489299975103
time in solving system 0.29396853500657016
concluded in  14.84640755700093
Solving snapshot 0 290
36
time in solving system 8.79824313899735
time in solving system 0.19846928399783792
time in solving system 0.30319827199855354
concluded in  15.608111718000146
Solving snapshot 0 291
36
time in solving system 8.231533113998012
time in solving system 0.15991838100308087
time in solving system 0.1808357649933896
concluded in  14.653488730997196
Solving snapshot 0 292
36
time in solving system 8.571564711994142
time in solving system 0.4558292219953728
time in solving system 0.24872238699754234
concluded in  12.976083348003158
Solving snapshot 0 293
36
time in solving system 6.1678936169992085
time in solving system 0.5889023940035258
time in solving system 0.5731272120028734
concluded in  11.358918997997534
Solving snapshot 0 294
36
time in solving system 8.058779590995982
time in solving system 0.4245953040008317
time in solving system 0.4054245549996267
concluded in  13.386804663001385
Solving snapshot 0 295
36
time in solving system 6.375711927001248
time in solving system 0.433346411002276
time in solving system 0.39646028500283137
concluded in  11.097234899003524
Solving snapshot 0 296
36
time in solving system 6.0816196860032505
time in solving system 0.2795664700024645
time in solving system 0.29693786799907684
concluded in  10.524922978998802
Solving snapshot 0 297
36
time in solving system 5.3309719859971665
time in solving system 0.36342773100477643
time in solving system 0.37550099999498343
concluded in  9.750742238000385
Solving snapshot 0 298
36
time in solving system 5.718768963997718
time in solving system 0.2839348239940591
time in solving system 0.2892342600025586
concluded in  9.987584346003132
Solving snapshot 0 299
36
time in solving system 4.779721118000452
time in solving system 0.16040774599969154
time in solving system 0.1116795470006764
concluded in  8.18928478500311
[]
Not completed: []
