Solving not completed simulation: 0-th chance
Solving snapshot 0 0
36
time in solving system 1.877669899000466
time in solving system 0.09765811299803318
time in solving system 0.09820806700008688
concluded in  5.869643840000208
Solving snapshot 0 1
36
time in solving system 2.237180955999065
time in solving system 0.11211357600041083
time in solving system 0.10066435399858165
concluded in  6.474465154999052
Solving snapshot 0 2
36
time in solving system 2.219509997001296
time in solving system 0.11144442300064838
time in solving system 0.10162026100078947
concluded in  6.609215397998923
Solving snapshot 0 3
36
time in solving system 2.450535102001595
time in solving system 0.1167222039985063
time in solving system 0.10578156399787986
concluded in  6.433746815000632
Solving snapshot 0 4
36
time in solving system 2.5062179410015233
time in solving system 0.18598454500170192
time in solving system 0.143575915000838
concluded in  7.2736119029978
Solving snapshot 0 5
36
time in solving system 2.8850850999988324
time in solving system 0.1919321690002107
time in solving system 0.2056918289999885
concluded in  8.009474244001467
Solving snapshot 0 6
36
time in solving system 3.5114926589994866
time in solving system 0.19027326000286848
time in solving system 0.17810345699763275
concluded in  8.769004957997822
Solving snapshot 0 7
36
time in solving system 3.8606562329987355
time in solving system 0.21595273699858808
time in solving system 0.20144308900125907
concluded in  9.201214180000534
Solving snapshot 0 8
36
time in solving system 4.386375245001545
time in solving system 0.16518583899960504
time in solving system 0.1831846469976881
concluded in  9.407918728000368
Solving snapshot 0 9
36
time in solving system 4.434237942001346
time in solving system 0.1736617579990707
time in solving system 0.19201366499692085
concluded in  10.104096822000429
Solving snapshot 0 10
36
time in solving system 4.187851664999471
time in solving system 0.20206973799940897
time in solving system 0.2680570019983861
concluded in  9.602287093999621
Solving snapshot 0 11
36
time in solving system 4.405077614999755
time in solving system 0.17233882200162043
time in solving system 0.12470170600136044
concluded in  10.229495876003057
Solving snapshot 0 12
36
time in solving system 4.434190497999225
time in solving system 0.19323680399975274
time in solving system 0.12481488300181809
concluded in  10.3697822489994
Solving snapshot 0 13
36
time in solving system 3.6955726650012366
time in solving system 0.16904351199991652
time in solving system 0.12806441499924404
concluded in  9.560705280000548
Solving snapshot 0 14
36
time in solving system 3.702448932999687
time in solving system 0.17544910200012964
time in solving system 0.2088785480009392
concluded in  9.605799848999595
Solving snapshot 0 15
36
time in solving system 3.8724295379979594
time in solving system 0.17555844399976195
time in solving system 0.12373437199858017
concluded in  9.55389240400109
Solving snapshot 0 16
36
time in solving system 3.811694919997535
time in solving system 0.2141127979994053
time in solving system 0.22114184399833903
concluded in  9.837472794999485
Solving snapshot 0 17
36
time in solving system 4.130139589000464
time in solving system 0.16777258699949016
time in solving system 0.2107378839973535
concluded in  10.048305983997125
Solving snapshot 0 18
36
time in solving system 4.152575804000662
time in solving system 0.20285202900049626
time in solving system 0.2848029790002329
concluded in  9.639190859001246
Solving snapshot 0 19
36
time in solving system 4.191645922001044
time in solving system 0.15827336899747024
time in solving system 0.19482609099941328
concluded in  9.724944910998602
Solving snapshot 0 20
36
time in solving system 3.8983292500015523
time in solving system 0.16703444499944453
time in solving system 0.12442378199921222
concluded in  9.787233587998344
Solving snapshot 0 21
36
time in solving system 3.9924593309988268
time in solving system 0.15780895400166628
time in solving system 0.2355193520015746
concluded in  9.824334257002192
Solving snapshot 0 22
36
time in solving system 3.8156736310011183
time in solving system 0.17687999999907333
time in solving system 0.16843726499791956
concluded in  9.653650313997787
Solving snapshot 0 23
36
time in solving system 4.173189938002906
time in solving system 0.14791130899902782
time in solving system 0.2421650150026835
concluded in  9.492361373002495
Solving snapshot 0 24
36
time in solving system 3.867042655001569
time in solving system 0.20192061700072372
time in solving system 0.21498888100177282
concluded in  9.64225172100123
Solving snapshot 0 25
36
time in solving system 3.6813370900017617
time in solving system 0.16077315599977737
time in solving system 0.2566467319993535
concluded in  9.676810198998282
Solving snapshot 0 26
36
time in solving system 3.904179954002757
time in solving system 0.14215454699660768
time in solving system 0.12149921099990024
concluded in  9.41823693999686
Solving snapshot 0 27
36
time in solving system 4.087422337001044
time in solving system 0.2207374859972333
time in solving system 0.14106118400013656
concluded in  9.703267373002745
Solving snapshot 0 28
36
time in solving system 4.08412067700192
time in solving system 0.22620224600177607
time in solving system 0.17789117299980717
concluded in  9.415153420999559
Solving snapshot 0 29
36
time in solving system 4.111170534000848
time in solving system 0.13861134000035236
time in solving system 0.2219762749991787
concluded in  9.38964521300295
Solving snapshot 0 30
36
time in solving system 4.195186155000556
time in solving system 0.1966606280002452
time in solving system 0.14800096299950383
concluded in  9.884747340998729
Solving snapshot 0 31
36
time in solving system 3.805876113998238
time in solving system 0.22863528599918936
time in solving system 0.2306309859995963
concluded in  9.724245655997947
Solving snapshot 0 32
36
time in solving system 3.961439585997141
time in solving system 0.16144621599960374
time in solving system 0.22602246300084516
concluded in  9.525453057001869
Solving snapshot 0 33
36
time in solving system 4.218320425999991
time in solving system 0.14664096200067434
time in solving system 0.18087658100193948
concluded in  9.982436933998542
Solving snapshot 0 34
36
time in solving system 3.8175489179993747
time in solving system 0.27856294799858006
time in solving system 0.15619915299976128
concluded in  9.833757031999994
Solving snapshot 0 35
36
time in solving system 4.015658801999962
time in solving system 0.1557236560001911
time in solving system 0.12700674000006984
concluded in  9.726269875998696
Solving snapshot 0 36
36
time in solving system 4.218870400000014
time in solving system 0.2649505519984814
time in solving system 0.1360692990019743
concluded in  10.012163646999397
Solving snapshot 0 37
36
time in solving system 3.8239197009970667
time in solving system 0.18702600200049346
time in solving system 0.13258910199874663
concluded in  9.557096178003121
Solving snapshot 0 38
36
time in solving system 3.9137348139993264
time in solving system 0.24687613599962788
time in solving system 0.26472616599858156
concluded in  9.749660632001905
Solving snapshot 0 39
36
time in solving system 4.38347376800084
time in solving system 0.23088237299816683
time in solving system 0.1797155539970845
concluded in  9.642119389998697
Solving snapshot 0 40
36
time in solving system 3.749586243997328
time in solving system 0.21436070199706592
time in solving system 0.17653155099833384
concluded in  9.566826638001658
Solving snapshot 0 41
36
time in solving system 3.4332652899975074
time in solving system 0.23745180500191054
time in solving system 0.212766606000514
concluded in  9.231333323998115
Solving snapshot 0 42
36
time in solving system 4.279880348000006
time in solving system 0.22698068000318017
time in solving system 0.2333184830022219
concluded in  9.604889062000439
Solving snapshot 0 43
36
time in solving system 4.259647152997786
time in solving system 0.15985013700264972
time in solving system 0.2046217240022088
concluded in  10.072997966999537
Solving snapshot 0 44
36
time in solving system 4.077254094998352
time in solving system 0.1623819779997575
time in solving system 0.2822772840008838
concluded in  10.164334087003226
Solving snapshot 0 45
36
time in solving system 4.120280035000178
time in solving system 0.18220678999932716
time in solving system 0.22144766299970797
concluded in  9.534332922998146
Solving snapshot 0 46
36
time in solving system 3.494453531002364
time in solving system 0.2703053410004941
time in solving system 0.1875709439991624
concluded in  9.294794117999118
Solving snapshot 0 47
36
time in solving system 3.733271655997669
time in solving system 0.23121786900082952
time in solving system 0.2121095360016625
concluded in  9.191139178998128
Solving snapshot 0 48
36
time in solving system 4.303643805997126
time in solving system 0.21135016699918197
time in solving system 0.1751469470000302
concluded in  10.04936200299926
Solving snapshot 0 49
36
time in solving system 4.166052516000491
time in solving system 0.2152829849983391
time in solving system 0.17363059099807288
concluded in  9.456512513999769
Solving snapshot 0 50
36
time in solving system 3.4938710130008985
time in solving system 0.3573251759989944
time in solving system 0.33982738600025186
concluded in  9.317412366999633
Solving snapshot 0 51
36
time in solving system 3.6271408820030047
time in solving system 0.28712645699852146
time in solving system 0.24163742500240915
concluded in  9.294397549998394
Solving snapshot 0 52
36
time in solving system 3.929126800998347
time in solving system 0.2874996179998561
time in solving system 0.17627592500139144
concluded in  9.684186038000917
Solving snapshot 0 53
36
time in solving system 4.231372936999833
time in solving system 0.22974423699997715
time in solving system 0.12894090299960226
concluded in  10.048657213999832
Solving snapshot 0 54
36
time in solving system 3.8076980789992376
time in solving system 0.16113586999927065
time in solving system 0.23722506699778023
concluded in  9.51082061499983
Solving snapshot 0 55
36
time in solving system 4.46623061399805
time in solving system 0.1462864620007167
time in solving system 0.1243453250026505
concluded in  9.669156988002214
Solving snapshot 0 56
36
time in solving system 4.226462873000855
time in solving system 0.2397613530010858
time in solving system 0.13282880599945202
concluded in  9.481039164998947
Solving snapshot 0 57
36
time in solving system 3.817590819999168
time in solving system 0.15939449000143213
time in solving system 0.16875921199971344
concluded in  9.242539229002432
Solving snapshot 0 58
36
time in solving system 3.9227049889996124
time in solving system 0.22423411899944767
time in solving system 0.21146000400040066
concluded in  9.683985161998862
Solving snapshot 0 59
36
time in solving system 3.7153468290016463
time in solving system 0.25397716400038917
time in solving system 0.1795837149984436
concluded in  9.236616646001494
Solving snapshot 0 60
36
time in solving system 3.295324830000027
time in solving system 0.1818519100015692
time in solving system 0.1751214110008732
concluded in  8.630258741002763
Solving snapshot 0 61
36
time in solving system 3.865253329000552
time in solving system 0.20630476699807332
time in solving system 0.21807496499968693
concluded in  9.712329599999066
Solving snapshot 0 62
36
time in solving system 4.181183627999417
time in solving system 0.14189517900013016
time in solving system 0.1269904190012312
concluded in  10.06423651699879
Solving snapshot 0 63
36
time in solving system 3.8712003900000127
time in solving system 0.23869156900036614
time in solving system 0.13295779799955199
concluded in  9.786357908000355
Solving snapshot 0 64
36
time in solving system 3.856447025002126
time in solving system 0.1920452740014298
time in solving system 0.12510384900087956
concluded in  9.829083149001235
Solving snapshot 0 65
36
time in solving system 3.6635246120022202
time in solving system 0.15922396300084074
time in solving system 0.21367881600235705
concluded in  9.659382900998025
Solving snapshot 0 66
36
time in solving system 3.5304861680015165
time in solving system 0.24036277399864048
time in solving system 0.16673944799913443
concluded in  9.441760204001184
Solving snapshot 0 67
36
time in solving system 4.133700435999344
time in solving system 0.16585188500175718
time in solving system 0.1262171849994047
concluded in  9.908408756000426
Solving snapshot 0 68
36
time in solving system 4.08050050699967
time in solving system 0.21262999100144953
time in solving system 0.14046282200069982
concluded in  9.971543431998725
Solving snapshot 0 69
36
time in solving system 4.0893497739998566
time in solving system 0.17173932199875708
time in solving system 0.23201436899762484
concluded in  9.522299969001324
Solving snapshot 0 70
36
time in solving system 4.0910566480015405
time in solving system 0.21659791899946867
time in solving system 0.13891467599751195
concluded in  9.437390760998824
Solving snapshot 0 71
36
time in solving system 4.2357031800020195
time in solving system 0.157365839000704
time in solving system 0.22487722400182975
concluded in  9.738675980999687
Solving snapshot 0 72
36
time in solving system 3.633544045002054
time in solving system 0.15729201999783982
time in solving system 0.22688625199953094
concluded in  9.493473128000915
Solving snapshot 0 73
36
time in solving system 3.5544606570001633
time in solving system 0.17972059699968668
time in solving system 0.23648032400160446
concluded in  9.506288468001003
Solving snapshot 0 74
36
time in solving system 4.023615928999789
time in solving system 0.17833628800144652
time in solving system 0.24234947500008275
concluded in  10.054405738999776
Solving snapshot 0 75
36
time in solving system 3.7866020030014624
time in solving system 0.25941075699665817
time in solving system 0.22613144599745283
concluded in  9.75868396399892
Solving snapshot 0 76
36
time in solving system 3.967911969000852
time in solving system 0.2003571870009182
time in solving system 0.2067139770006179
concluded in  9.946971845001826
Solving snapshot 0 77
36
time in solving system 3.617322652000439
time in solving system 0.16714087199943606
time in solving system 0.22047047700107214
concluded in  9.22110054100267
Solving snapshot 0 78
36
time in solving system 3.9430238700006157
time in solving system 0.2564726970012998
time in solving system 0.15269496699693264
concluded in  9.517310309001914
Solving snapshot 0 79
36
time in solving system 3.874114294998435
time in solving system 0.18636424999931478
time in solving system 0.1690447340006358
concluded in  9.184676885000954
Solving snapshot 0 80
36
time in solving system 3.9513951989974885
time in solving system 0.15955929700066918
time in solving system 0.22600684000281035
concluded in  9.686757817002217
Solving snapshot 0 81
36
time in solving system 3.6091455109999515
time in solving system 0.16263909799818066
time in solving system 0.1436803200012946
concluded in  9.001246822997928
Solving snapshot 0 82
36
time in solving system 3.650069663999602
time in solving system 0.24250407500221627
time in solving system 0.22707326800082228
concluded in  9.125882828000613
Solving snapshot 0 83
36
time in solving system 4.282051741000032
time in solving system 0.16238208600043436
time in solving system 0.14385229199979221
concluded in  9.894848791998811
Solving snapshot 0 84
36
time in solving system 3.928813178998098
time in solving system 0.2642469180027547
time in solving system 0.16199346000212245
concluded in  9.754157947001659
Solving snapshot 0 85
36
time in solving system 3.5982074909989024
time in solving system 0.16190451600050437
time in solving system 0.1323443480032438
concluded in  9.259080669999094
Solving snapshot 0 86
36
time in solving system 3.9191221069995663
time in solving system 0.2822808389973943
time in solving system 0.26016104299924336
concluded in  9.498369492997881
Solving snapshot 0 87
36
time in solving system 4.051249120999273
time in solving system 0.19459176799864508
time in solving system 0.14132173799953307
concluded in  9.692612440998346
Solving snapshot 0 88
36
time in solving system 3.4843925519999175
time in solving system 0.2902580560003116
time in solving system 0.20395307800208684
concluded in  9.035866304999217
Solving snapshot 0 89
36
time in solving system 3.3048657519975677
time in solving system 0.233599860999675
time in solving system 0.16124258100171573
concluded in  8.76425179600119
Solving snapshot 0 90
36
time in solving system 3.2090641530012363
time in solving system 0.16613012199741206
time in solving system 0.1669816700014053
concluded in  8.590242542999476
Solving snapshot 0 91
36
time in solving system 3.37577305800005
time in solving system 0.31412453599841683
time in solving system 0.2321227069987799
concluded in  9.377355873999477
Solving snapshot 0 92
36
time in solving system 3.056426228999044
time in solving system 0.2360696369978541
time in solving system 0.28904091600270476
concluded in  8.703408551999019
Solving snapshot 0 93
36
time in solving system 3.0349168030006695
time in solving system 0.20063663499968243
time in solving system 0.17038191800020286
concluded in  8.333360770000581
Solving snapshot 0 94
36
time in solving system 4.098235297999054
time in solving system 0.3277085179979622
time in solving system 0.27293432500300696
concluded in  10.05078930899981
Solving snapshot 0 95
36
time in solving system 4.190265230001387
time in solving system 0.172474412000156
time in solving system 0.21751951100304723
concluded in  9.983112770001753
Solving snapshot 0 96
36
time in solving system 3.6483219580004516
time in solving system 0.16861779799728538
time in solving system 0.15913425799953984
concluded in  8.9143054390006
Solving snapshot 0 97
36
time in solving system 4.215627151002991
time in solving system 0.19070169600308873
time in solving system 0.1628025450008863
concluded in  9.928616121000232
Solving snapshot 0 98
36
time in solving system 3.9739766499988036
time in solving system 0.18935778600280173
time in solving system 0.2634802390020923
concluded in  9.376235624000401
Solving snapshot 0 99
36
time in solving system 4.115813843000069
time in solving system 0.20112697500007926
time in solving system 0.13192265999896335
concluded in  9.798795098999108
Solving snapshot 0 100
36
time in solving system 4.486292229998071
time in solving system 0.14643135299775167
time in solving system 0.12748739999733516
concluded in  10.146966188000079
Solving snapshot 0 101
36
time in solving system 4.134779192998394
time in solving system 0.15462878700054716
time in solving system 0.12466218199915602
concluded in  9.300277582999115
Solving snapshot 0 102
36
time in solving system 4.255677539000317
time in solving system 0.1583202439978777
time in solving system 0.12214436900103465
concluded in  9.409266833001311
Solving snapshot 0 103
36
time in solving system 4.201688198001648
time in solving system 0.2390447839970875
time in solving system 0.18366008299926762
concluded in  9.49585346999811
Solving snapshot 0 104
36
time in solving system 4.088012541000353
time in solving system 0.20538877999933902
time in solving system 0.136994420998235
concluded in  9.763725557000726
Solving snapshot 0 105
36
time in solving system 4.130408561002696
time in solving system 0.15402952499789535
time in solving system 0.2210967340033676
concluded in  9.924586603003263
Solving snapshot 0 106
36
time in solving system 4.058378066001751
time in solving system 0.18817778800075757
time in solving system 0.18742826900052023
concluded in  9.420549600999948
Solving snapshot 0 107
36
time in solving system 4.200763222001115
time in solving system 0.14375131699853227
time in solving system 0.29298423000000184
concluded in  10.004532531002042
Solving snapshot 0 108
36
time in solving system 4.075300686999981
time in solving system 0.1898818210029276
time in solving system 0.18903618599870242
concluded in  9.93231166699843
Solving snapshot 0 109
36
time in solving system 3.6992401989991777
time in solving system 0.1513203809990955
time in solving system 0.1272324439996737
concluded in  9.437463711998134
Solving snapshot 0 110
36
time in solving system 4.046648080999148
time in solving system 0.14099131900002249
time in solving system 0.125376313997549
concluded in  9.75949492899963
Solving snapshot 0 111
36
time in solving system 4.187203569999838
time in solving system 0.23650785100107896
time in solving system 0.22021702799975174
concluded in  10.054197837001993
Solving snapshot 0 112
36
time in solving system 4.006449858999986
time in solving system 0.28003269900000305
time in solving system 0.1956826360001287
concluded in  9.85731375099931
Solving snapshot 0 113
36
time in solving system 3.9912117940002645
time in solving system 0.21766103799745906
time in solving system 0.1553403479992994
concluded in  9.653557136996824
Solving snapshot 0 114
36
time in solving system 3.9453949029993964
time in solving system 0.20443126900136122
time in solving system 0.23862985499727074
concluded in  9.670686362998822
Solving snapshot 0 115
36
time in solving system 4.150050865002413
time in solving system 0.2133774590001849
time in solving system 0.16376816199772293
concluded in  9.540442893001455
Solving snapshot 0 116
36
time in solving system 3.8085011829971336
time in solving system 0.26507313399997656
time in solving system 0.18552073299724725
concluded in  9.658734854001523
Solving snapshot 0 117
36
time in solving system 4.220864625000104
time in solving system 0.18825539099998423
time in solving system 0.15879773999768076
concluded in  9.593254613999306
Solving snapshot 0 118
36
time in solving system 4.280687687001773
time in solving system 0.13421953999932157
time in solving system 0.1321649540004728
concluded in  9.38359749999654
Solving snapshot 0 119
36
time in solving system 3.5356191739992937
time in solving system 0.2869430540013127
time in solving system 0.19299668299936457
concluded in  9.223779059000663
Solving snapshot 0 120
36
time in solving system 4.054861334996531
time in solving system 0.1642987710001762
time in solving system 0.1676799460001348
concluded in  9.823881298001652
Solving snapshot 0 121
36
time in solving system 4.124996345002728
time in solving system 0.14291203199900337
time in solving system 0.171463701997709
concluded in  9.906997758000216
Solving snapshot 0 122
36
time in solving system 3.839091649002512
time in solving system 0.24361625899837236
time in solving system 0.18153348399937386
concluded in  9.273957776000316
Solving snapshot 0 123
36
time in solving system 4.50166619599986
time in solving system 0.19060714300212567
time in solving system 0.1943062540012761
concluded in  10.295075011003064
Solving snapshot 0 124
36
time in solving system 4.496524907001003
time in solving system 0.1523118359982618
time in solving system 0.26776569399953587
concluded in  10.334024327999941
Solving snapshot 0 125
36
time in solving system 3.762600400001247
time in solving system 0.16707112299991422
time in solving system 0.28285419800158706
concluded in  9.202982704002352
Solving snapshot 0 126
36
time in solving system 4.116579926998384
time in solving system 0.20847030900040409
time in solving system 0.18321387600008165
concluded in  9.90317327700177
Solving snapshot 0 127
36
time in solving system 3.918227879999904
time in solving system 0.17577069400067558
time in solving system 0.12394749899976887
concluded in  9.135888994002016
Solving snapshot 0 128
36
time in solving system 3.3819057539985806
time in solving system 0.26812349899773835
time in solving system 0.21700124999915715
concluded in  9.469408642999042
Solving snapshot 0 129
36
time in solving system 4.075777407997521
time in solving system 0.264653680002084
time in solving system 0.15684901100030402
concluded in  9.805036372999894
Solving snapshot 0 130
36
time in solving system 4.190684974997566
time in solving system 0.19134921499789925
time in solving system 0.14107484299893258
concluded in  9.58035106099851
Solving snapshot 0 131
36
time in solving system 3.8960786710013053
time in solving system 0.27276319800148485
time in solving system 0.23999096299667144
concluded in  9.418613990001177
Solving snapshot 0 132
36
time in solving system 3.6968205419980222
time in solving system 0.18941373099733028
time in solving system 0.20998336599950562
concluded in  9.185050403000787
Solving snapshot 0 133
36
time in solving system 4.065193195001484
time in solving system 0.26564016599877505
time in solving system 0.1870049570025003
concluded in  9.519986440998764
Solving snapshot 0 134
36
time in solving system 4.011728985002264
time in solving system 0.21574600199892302
time in solving system 0.25429830999928527
concluded in  9.856435003002844
Solving snapshot 0 135
36
time in solving system 4.252042713997071
time in solving system 0.21342197299964027
time in solving system 0.16149682000104804
concluded in  9.549210825000046
Solving snapshot 0 136
36
time in solving system 4.77514889899976
time in solving system 0.1781192620001093
time in solving system 0.1385601059992041
concluded in  10.54417800200099
Solving snapshot 0 137
36
time in solving system 3.968062762000045
time in solving system 0.21690252200278337
time in solving system 0.1344452449993696
concluded in  9.373364692000905
Solving snapshot 0 138
36
time in solving system 3.9318564909990528
time in solving system 0.23962934800147195
time in solving system 0.13132405400028802
concluded in  9.778771553999832
Solving snapshot 0 139
36
time in solving system 4.104940987999726
time in solving system 0.15601236499787774
time in solving system 0.2221925400008331
concluded in  9.745937260999199
Solving snapshot 0 140
36
time in solving system 3.5950236940007017
time in solving system 0.2202704730007099
time in solving system 0.21025876599742332
concluded in  9.152994706000754
Solving snapshot 0 141
36
time in solving system 3.9469989630015334
time in solving system 0.18904297599874553
time in solving system 0.16204598400145187
concluded in  9.642896108001878
Solving snapshot 0 142
36
time in solving system 3.8427048189987545
time in solving system 0.23309385199900134
time in solving system 0.2656715470002382
concluded in  9.346197216000292
Solving snapshot 0 143
36
time in solving system 3.6286836950021097
time in solving system 0.17132159000175307
time in solving system 0.23194095399958314
concluded in  9.028982603998884
Solving snapshot 0 144
36
time in solving system 3.5345684320018336
time in solving system 0.23606364800070878
time in solving system 0.16688568600147846
concluded in  9.017308720998699
Solving snapshot 0 145
36
time in solving system 3.4224812320026103
time in solving system 0.23709402799795498
time in solving system 0.15004480599964154
concluded in  9.180088111999794
Solving snapshot 0 146
36
time in solving system 3.5505012670000724
time in solving system 0.17987629599883803
time in solving system 0.1956753779995779
concluded in  8.962436082001659
Solving snapshot 0 147
36
time in solving system 3.76089119199969
time in solving system 0.25386283800253295
time in solving system 0.15896438500203658
concluded in  9.181423772999551
Solving snapshot 0 148
36
time in solving system 3.1316013089999615
time in solving system 0.17153240100014955
time in solving system 0.16252891699696193
concluded in  8.502482637999492
Solving snapshot 0 149
36
time in solving system 2.9169960389990592
time in solving system 0.20285501499893144
time in solving system 0.1686386519977532
concluded in  8.32507473700025
Solving snapshot 0 150
36
time in solving system 3.0162682949994633
time in solving system 0.26012699700004305
time in solving system 0.18223115100045106
concluded in  8.87481043599837
Solving snapshot 0 151
36
time in solving system 3.0037346220015024
time in solving system 0.1674053829992772
time in solving system 0.18792409700108692
concluded in  8.5306245210013
Solving snapshot 0 152
36
time in solving system 2.9104289440001594
time in solving system 0.20947707500090473
time in solving system 0.18063391900068382
concluded in  8.489150803001394
Solving snapshot 0 153
36
time in solving system 3.0923053990009066
time in solving system 0.2042985249972844
time in solving system 0.17842282199853798
concluded in  9.004860190001637
Solving snapshot 0 154
36
time in solving system 2.8053744819990243
time in solving system 0.1678653500021028
time in solving system 0.24639082199792028
concluded in  8.192479145996913
Solving snapshot 0 155
36
time in solving system 3.0435066950012697
time in solving system 0.2878176109988999
time in solving system 0.19653087299957406
concluded in  9.177283160002844
Solving snapshot 0 156
36
time in solving system 2.9607129940013692
time in solving system 0.20909829700030969
time in solving system 0.12666032900233404
concluded in  8.176900313999795
Solving snapshot 0 157
36
time in solving system 3.0949769300023036
time in solving system 0.13991867500226363
time in solving system 0.2199651509981777
concluded in  8.836434952998388
Solving snapshot 0 158
36
time in solving system 3.093163966997963
time in solving system 0.1737456070004555
time in solving system 0.14919783000004827
concluded in  8.509785774000193
Solving snapshot 0 159
36
time in solving system 2.4556533149989264
time in solving system 0.15984256599767832
time in solving system 0.16477170900179772
concluded in  8.172792917001061
Solving snapshot 0 160
36
time in solving system 2.407106216000102
time in solving system 0.13152495699978317
time in solving system 0.12425457000063034
concluded in  8.335391258999152
Solving snapshot 0 161
36
time in solving system 2.4311799079987395
time in solving system 0.130608431998553
time in solving system 0.12344686200231081
concluded in  7.920130873000744
Solving snapshot 0 162
36
time in solving system 2.6299515239988978
time in solving system 0.15357170700008282
time in solving system 0.1381746449987986
concluded in  8.581181682999159
Solving snapshot 0 163
36
time in solving system 2.4528381710006215
time in solving system 0.1446124089998193
time in solving system 0.15968997200252488
concluded in  8.481170327002474
Solving snapshot 0 164
36
time in solving system 2.4287229719993775
time in solving system 0.1361985680014186
time in solving system 0.13443451200146228
concluded in  8.331943754001259
Solving snapshot 0 165
36
time in solving system 2.6145052399988344
time in solving system 0.15535791000002064
time in solving system 0.1395395549989189
concluded in  9.217057442001533
Solving snapshot 0 166
36
time in solving system 2.540489749000699
time in solving system 0.16848991000006208
time in solving system 0.1604131749991211
concluded in  9.00578383500033
Solving snapshot 0 167
36
time in solving system 2.574485769000603
time in solving system 0.15863534299933235
time in solving system 0.16479616699871258
concluded in  8.28651625099883
Solving snapshot 0 168
36
time in solving system 2.6227277559992217
time in solving system 0.1526243739972415
time in solving system 0.1343211200000951
concluded in  8.228661245000694
Solving snapshot 0 169
36
time in solving system 2.5548592189988995
time in solving system 0.15877696199822822
time in solving system 0.15692304500043974
concluded in  8.85026494900012
Solving snapshot 0 170
36
time in solving system 2.391935175000981
time in solving system 0.13065187900065212
time in solving system 0.12305921200095327
concluded in  8.178050843001984
Solving snapshot 0 171
36
time in solving system 2.4191258779974305
time in solving system 0.1309299309978087
time in solving system 0.12560587099869736
concluded in  8.069480485002714
Solving snapshot 0 172
36
time in solving system 2.647814659998403
time in solving system 0.15376609999657376
time in solving system 0.14262070400218363
concluded in  8.310822029001429
Solving snapshot 0 173
36
time in solving system 2.58879012000034
time in solving system 0.15415951999966637
time in solving system 0.13497250599903055
concluded in  8.671502573000907
Solving snapshot 0 174
36
time in solving system 2.637188269996841
time in solving system 0.16255440299937618
time in solving system 0.15070634899893776
concluded in  8.687307402000442
Solving snapshot 0 175
36
time in solving system 2.5708432350002113
time in solving system 0.21050479599944083
time in solving system 0.16861536799842725
concluded in  9.129710619999969
Solving snapshot 0 176
36
time in solving system 2.763870949998818
time in solving system 0.19400446099825785
time in solving system 0.19660208899949794
concluded in  9.361793946001853
Solving snapshot 0 177
36
time in solving system 3.0168836480006576
time in solving system 0.16311531600149465
time in solving system 0.12451854000028106
concluded in  9.149638717000926
Solving snapshot 0 178
36
time in solving system 2.7821368310032994
time in solving system 0.15642535499864607
time in solving system 0.16123639599754824
concluded in  8.190850974999194
Solving snapshot 0 179
36
time in solving system 2.471533844000078
time in solving system 0.17153621800025576
time in solving system 0.16525013000136823
concluded in  8.303045565997309
Solving snapshot 0 180
36
time in solving system 2.407891238999582
time in solving system 0.12980256299852044
time in solving system 0.13036488099896815
concluded in  8.507692708997638
Solving snapshot 0 181
36
time in solving system 2.5304692559984687
time in solving system 0.14910157000122126
time in solving system 0.12645729299765662
concluded in  8.238932412001304
Solving snapshot 0 182
36
time in solving system 2.4274219409999205
time in solving system 0.13486427400130196
time in solving system 0.12593886000104249
concluded in  8.100560912000219
Solving snapshot 0 183
36
time in solving system 2.5790388059976976
time in solving system 0.15228997300073388
time in solving system 0.12323441899934551
concluded in  9.20343992999915
Solving snapshot 0 184
36
time in solving system 3.003346598998178
time in solving system 0.15366541399998823
time in solving system 0.19322540700159152
concluded in  9.497042521998083
Solving snapshot 0 185
36
time in solving system 3.224975140001334
time in solving system 0.20610050600225804
time in solving system 0.1574415049981326
concluded in  9.061702818999038
Solving snapshot 0 186
36
time in solving system 3.472332509998523
time in solving system 0.17099434100236977
time in solving system 0.27844703099981416
concluded in  9.611355313998502
Solving snapshot 0 187
36
time in solving system 2.798697005997383
time in solving system 0.1762141690014687
time in solving system 0.2232917979999911
concluded in  8.762777978998201
Solving snapshot 0 188
36
time in solving system 3.283000929000991
time in solving system 0.15532496599917067
time in solving system 0.1720120659992972
concluded in  9.176644084000145
Solving snapshot 0 189
36
time in solving system 3.7435441620000347
time in solving system 0.2579998949986475
time in solving system 0.3234643359974143
concluded in  9.816439915997762
Solving snapshot 0 190
36
time in solving system 3.7296357909981452
time in solving system 0.23289919200033182
time in solving system 0.16960888000176055
concluded in  9.52736472199831
Solving snapshot 0 191
36
time in solving system 3.8022001089993864
time in solving system 0.1935882239995408
time in solving system 0.22046076300102868
concluded in  9.521313200002623
Solving snapshot 0 192
36
time in solving system 3.3956915249982558
time in solving system 0.19809125399842742
time in solving system 0.16565648100004182
concluded in  9.147900366999238
Solving snapshot 0 193
36
time in solving system 3.61394249300065
time in solving system 0.363644123000995
time in solving system 0.19951123899954837
concluded in  9.014025137999852
Solving snapshot 0 194
36
time in solving system 3.8933232060007867
time in solving system 0.26841668099950766
time in solving system 0.23188587200274924
concluded in  9.810827532000985
Solving snapshot 0 195
36
time in solving system 3.5680400700002792
time in solving system 0.25863921199925244
time in solving system 0.20095877499989
concluded in  9.296393246997468
Solving snapshot 0 196
36
time in solving system 3.48279547799757
time in solving system 0.1607779189980647
time in solving system 0.16822375599804218
concluded in  9.298670679996576
Solving snapshot 0 197
36
time in solving system 4.172701367002446
time in solving system 0.16192790900095133
time in solving system 0.2108371829999669
concluded in  9.903615662002267
Solving snapshot 0 198
36
time in solving system 4.092719645002944
time in solving system 0.22972640599982697
time in solving system 0.1352022589999251
concluded in  9.880867982999916
Solving snapshot 0 199
36
time in solving system 3.812869432000298
time in solving system 0.13866022799993516
time in solving system 0.22510671700001694
concluded in  9.793673582000338
Solving snapshot 0 200
36
time in solving system 4.066589326001122
time in solving system 0.15349475300172344
time in solving system 0.12578381799903582
concluded in  9.929264394999336
Solving snapshot 0 201
36
time in solving system 3.906342557998869
time in solving system 0.21001605499986908
time in solving system 0.21001538899872685
concluded in  9.862569845998223
Solving snapshot 0 202
36
time in solving system 3.778165463998448
time in solving system 0.14832885999931023
time in solving system 0.22611171400058083
concluded in  9.693114411998977
Solving snapshot 0 203
36
time in solving system 4.158087259998865
time in solving system 0.1800815659989894
time in solving system 0.21434584300004644
concluded in  9.563988828998845
Solving snapshot 0 204
36
time in solving system 3.807732350000151
time in solving system 0.2292974600022717
time in solving system 0.21481341300022905
concluded in  9.271914629000094
Solving snapshot 0 205
36
time in solving system 3.9312504900008207
time in solving system 0.20931275700058904
time in solving system 0.1638445460012008
concluded in  9.161947517000954
Solving snapshot 0 206
36
time in solving system 3.644589431998611
time in solving system 0.1818866009998601
time in solving system 0.16039537100004964
concluded in  9.084484142000292
Solving snapshot 0 207
36
time in solving system 4.296052054996835
time in solving system 0.223710091002431
time in solving system 0.16595577200132539
concluded in  10.00490299899684
Solving snapshot 0 208
36
time in solving system 3.7897077399975387
time in solving system 0.23511368999970728
time in solving system 0.22684866999770747
concluded in  9.190060797001934
Solving snapshot 0 209
36
time in solving system 3.887211188997753
time in solving system 0.24044303300252068
time in solving system 0.16729767200013157
concluded in  9.71005330999833
Solving snapshot 0 210
36
time in solving system 3.6589673359994777
time in solving system 0.19513335700321477
time in solving system 0.12522234599964577
concluded in  9.462081235000369
Solving snapshot 0 211
36
time in solving system 3.6786518810004054
time in solving system 0.13395058099922608
time in solving system 0.22159292699871003
concluded in  9.507739315002254
Solving snapshot 0 212
36
time in solving system 3.876481547998992
time in solving system 0.14811056600228767
time in solving system 0.12812714900064748
concluded in  9.642993454999669
Solving snapshot 0 213
36
time in solving system 4.042860077999649
time in solving system 0.1930615349992877
time in solving system 0.1380171410019102
concluded in  9.670287386998098
Solving snapshot 0 214
36
time in solving system 3.8303813070015167
time in solving system 0.15593565300150658
time in solving system 0.1396731290005846
concluded in  9.229881997998746
Solving snapshot 0 215
36
time in solving system 3.941727109999192
time in solving system 0.20604876299694297
time in solving system 0.1523233320003783
concluded in  9.753004687998327
Solving snapshot 0 216
36
time in solving system 3.8027398330013966
time in solving system 0.16704017800293514
time in solving system 0.23152778099756688
concluded in  9.28629675099728
Solving snapshot 0 217
36
time in solving system 4.409734004999336
time in solving system 0.23256576599669643
time in solving system 0.1513590850008768
concluded in  10.045542642998043
Solving snapshot 0 218
36
time in solving system 3.9116634220008564
time in solving system 0.12998510000034003
time in solving system 0.1231232190002629
concluded in  9.791733955000382
Solving snapshot 0 219
36
time in solving system 3.6460344859988254
time in solving system 0.14687825099827023
time in solving system 0.12200924400167423
concluded in  9.598875663003128
Solving snapshot 0 220
36
time in solving system 3.728460851998534
time in solving system 0.1520729100011522
time in solving system 0.12587988499944913
concluded in  9.696273675002885
Solving snapshot 0 221
36
time in solving system 4.018486693999876
time in solving system 0.15476164299980155
time in solving system 0.16712480400019558
concluded in  10.11955469700115
Solving snapshot 0 222
36
time in solving system 3.6156181800033664
time in solving system 0.1349781559983967
time in solving system 0.22278570599883096
concluded in  9.81239736399948
Solving snapshot 0 223
36
time in solving system 3.654769676999422
time in solving system 0.15430433100118535
time in solving system 0.12380666099852533
concluded in  9.671173774000636
Solving snapshot 0 224
36
time in solving system 3.60747382900081
time in solving system 0.1725858989993867
time in solving system 0.12231777700071689
concluded in  9.408888858000864
Solving snapshot 0 225
36
time in solving system 3.6682451810011116
time in solving system 0.24179210099828197
time in solving system 0.13919506300226203
concluded in  9.221247133998986
Solving snapshot 0 226
36
time in solving system 3.5562882729973353
time in solving system 0.2323040970004513
time in solving system 0.18445983399942634
concluded in  9.491684489999898
Solving snapshot 0 227
36
time in solving system 4.167019815999083
time in solving system 0.13823986900024465
time in solving system 0.22154243900149595
concluded in  9.453084928001772
Solving snapshot 0 228
36
time in solving system 3.8098386519995984
time in solving system 0.23831513400000404
time in solving system 0.13967829600005643
concluded in  9.61880998199922
Solving snapshot 0 229
36
time in solving system 3.5634474139988015
time in solving system 0.2427653909981018
time in solving system 0.2189788010000484
concluded in  9.677226977997634
Solving snapshot 0 230
36
time in solving system 4.022993581002083
time in solving system 0.25162740299856523
time in solving system 0.15654552999694715
concluded in  9.532426916000986
Solving snapshot 0 231
36
time in solving system 3.922704076001537
time in solving system 0.1728154970005562
time in solving system 0.22104785600095056
concluded in  9.387189794000733
Solving snapshot 0 232
36
time in solving system 3.547915833998559
time in solving system 0.2217559699965932
time in solving system 0.20727404900026158
concluded in  9.064656150996598
Solving snapshot 0 233
36
time in solving system 4.28538018099789
time in solving system 0.281616739997844
time in solving system 0.1734200549981324
concluded in  9.724354910002148
Solving snapshot 0 234
36
time in solving system 4.483178074999159
time in solving system 0.22462596900004428
time in solving system 0.1849243690012372
concluded in  10.310589535998588
Solving snapshot 0 235
36
time in solving system 4.198930980001023
time in solving system 0.15500621300088824
time in solving system 0.13277457599906484
concluded in  9.703621386997838
Solving snapshot 0 236
36
time in solving system 3.4635503809986403
time in solving system 0.23591612199743395
time in solving system 0.1354638610027905
concluded in  8.754625375000614
Solving snapshot 0 237
36
time in solving system 3.2662386110023363
time in solving system 0.23397503700107336
time in solving system 0.17979983699842705
concluded in  8.650662454998383
Solving snapshot 0 238
36
time in solving system 3.5605909189980594
time in solving system 0.1970396129981964
time in solving system 0.23702357100046356
concluded in  8.988245074000588
Solving snapshot 0 239
36
time in solving system 3.521688273001928
time in solving system 0.13362422000136576
time in solving system 0.12404929900003481
concluded in  8.824688317999971
Solving snapshot 0 240
36
time in solving system 3.6975908880012867
time in solving system 0.2528556809993461
time in solving system 0.16563268000027165
concluded in  9.70389311299732
Solving snapshot 0 241
36
time in solving system 3.9918550580005103
time in solving system 0.23168899700249312
time in solving system 0.22932406499967328
concluded in  9.764050106998184
Solving snapshot 0 242
36
time in solving system 3.8362873179976305
time in solving system 0.3250137139984872
time in solving system 0.19525014800092322
concluded in  9.328564376999566
Solving snapshot 0 243
36
time in solving system 4.057837843000016
time in solving system 0.13299716799883754
time in solving system 0.1317595269974845
concluded in  9.607792638002138
Solving snapshot 0 244
36
time in solving system 3.9992667010010337
time in solving system 0.2908430559982662
time in solving system 0.18070053900009952
concluded in  9.407279433999065
Solving snapshot 0 245
36
time in solving system 4.038683238999511
time in solving system 0.18044756499875803
time in solving system 0.30280289499933133
concluded in  9.475271775001602
Solving snapshot 0 246
36
time in solving system 3.8076734320020478
time in solving system 0.23611484200228006
time in solving system 0.21042061999833095
concluded in  9.292840252001042
Solving snapshot 0 247
36
time in solving system 4.00430420399789
time in solving system 0.35850280199883855
time in solving system 0.18796339399705175
concluded in  10.02882486100134
Solving snapshot 0 248
36
time in solving system 4.08778423199692
time in solving system 0.18098356900009094
time in solving system 0.25195361000078265
concluded in  9.973563903000468
Solving snapshot 0 249
36
time in solving system 4.195614307998767
time in solving system 0.20318678100011311
time in solving system 0.16718423400016036
concluded in  10.022383278999769
Solving snapshot 0 250
36
time in solving system 4.305848137002613
time in solving system 0.23216772899831994
time in solving system 0.16427489799752948
concluded in  9.915007908999542
Solving snapshot 0 251
36
time in solving system 4.640316946999519
time in solving system 0.25619193199963775
time in solving system 0.14343027900031302
concluded in  10.090401966001082
Solving snapshot 0 252
36
time in solving system 3.8449982929996622
time in solving system 0.22473386699857656
time in solving system 0.13250733599852538
concluded in  9.456711813996662
Solving snapshot 0 253
36
time in solving system 4.016193364001083
time in solving system 0.2401433659979375
time in solving system 0.16217514600066352
concluded in  9.714809051001794
Solving snapshot 0 254
36
time in solving system 3.19956699499744
time in solving system 0.17871174899846665
time in solving system 0.17236129299999448
concluded in  8.562843224000972
Solving snapshot 0 255
36
time in solving system 2.779213265999715
time in solving system 0.12921092999749817
time in solving system 0.19653158100118162
concluded in  8.086272262997227
Solving snapshot 0 256
36
time in solving system 3.1006891500001075
time in solving system 0.18609269900116487
time in solving system 0.16493985199849703
concluded in  9.063132437000604
Solving snapshot 0 257
36
time in solving system 3.1900818760004768
time in solving system 0.20247500199911883
time in solving system 0.20150444799946854
concluded in  9.19866923399968
Solving snapshot 0 258
36
time in solving system 2.9500318079990393
time in solving system 0.16613720699751866
time in solving system 0.2688663810004073
concluded in  8.48005664700031
Solving snapshot 0 259
36
time in solving system 3.0024142380025296
time in solving system 0.26302661900263047
time in solving system 0.20833847600079025
concluded in  8.416291658999398
Solving snapshot 0 260
36
time in solving system 3.6277955369987467
time in solving system 0.16119480599809322
time in solving system 0.16369810000105645
concluded in  9.385846889999812
Solving snapshot 0 261
36
time in solving system 4.177603607000492
time in solving system 0.18593159499869216
time in solving system 0.19966331199975684
concluded in  10.030733573999896
Solving snapshot 0 262
36
time in solving system 3.3023488620019634
time in solving system 0.2596985759992094
time in solving system 0.1817038990011497
concluded in  8.74471895300303
Solving snapshot 0 263
36
time in solving system 3.387272534000658
time in solving system 0.17123072499816772
time in solving system 0.1542496719994233
concluded in  8.688639863001299
Solving snapshot 0 264
36
time in solving system 3.8185622149976552
time in solving system 0.26235805400210666
time in solving system 0.16234220400292543
concluded in  9.703039527998044
Solving snapshot 0 265
36
time in solving system 3.9983471790001204
time in solving system 0.15664332400046987
time in solving system 0.18230524800310377
concluded in  9.363203140001133
Solving snapshot 0 266
36
time in solving system 3.599891644997115
time in solving system 0.16513899200072046
time in solving system 0.173612040001899
concluded in  8.949840966997726
Solving snapshot 0 267
36
time in solving system 4.124781171001814
time in solving system 0.15967496400116943
time in solving system 0.14763450499958708
concluded in  9.897409486999095
Solving snapshot 0 268
36
time in solving system 4.1387421720028215
time in solving system 0.13924671999848215
time in solving system 0.14298157900338992
concluded in  9.774113573999784
Solving snapshot 0 269
36
time in solving system 3.577956860000995
time in solving system 0.2065569010010222
time in solving system 0.22920034599883365
concluded in  9.417010825000034
Solving snapshot 0 270
36
time in solving system 3.5620896440013894
time in solving system 0.1911121830016782
time in solving system 0.24916711100013345
concluded in  9.4169509989988
Solving snapshot 0 271
36
time in solving system 3.7256280980000156
time in solving system 0.18250514999817824
time in solving system 0.19223112400140963
concluded in  9.122693538000021
Solving snapshot 0 272
36
time in solving system 4.138756861000729
time in solving system 0.20135376699909102
time in solving system 0.153276871998969
concluded in  9.758185677001165
Solving snapshot 0 273
36
time in solving system 4.2138486670010025
time in solving system 0.2726761490011995
time in solving system 0.18529349800155615
concluded in  9.544917932998942
Solving snapshot 0 274
36
time in solving system 3.97326536699984
time in solving system 0.18933316800030298
time in solving system 0.14927377400090336
concluded in  9.73202139299974
Solving snapshot 0 275
36
time in solving system 3.885835009998118
time in solving system 0.18588476399963838
time in solving system 0.24414194700148073
concluded in  9.439380387997517
Solving snapshot 0 276
36
time in solving system 4.152176380997844
time in solving system 0.1660054459971434
time in solving system 0.17013561299972935
concluded in  10.09550558599949
Solving snapshot 0 277
36
time in solving system 3.861501715000486
time in solving system 0.13211123599830898
time in solving system 0.210001456001919
concluded in  9.755656070999976
Solving snapshot 0 278
36
time in solving system 3.4923609030010994
time in solving system 0.21956010199937737
time in solving system 0.1387151399976574
concluded in  9.47563645000264
Solving snapshot 0 279
36
time in solving system 3.6130703000017093
time in solving system 0.13439621899669874
time in solving system 0.1793884140024602
concluded in  9.504553344999294
Solving snapshot 0 280
36
time in solving system 4.0242676039997605
time in solving system 0.13290953900286695
time in solving system 0.13603815699752886
concluded in  9.227466506999917
Solving snapshot 0 281
36
time in solving system 4.17493653999918
time in solving system 0.1622742309991736
time in solving system 0.18633742300153244
concluded in  9.392896154000482
Solving snapshot 0 282
36
time in solving system 3.942390037002042
time in solving system 0.19578058399929432
time in solving system 0.1303837659979763
concluded in  9.618590731999575
Solving snapshot 0 283
36
time in solving system 4.061418818997481
time in solving system 0.2532876670011319
time in solving system 0.15275938900231267
concluded in  9.736142793000909
Solving snapshot 0 284
36
time in solving system 3.912176667996391
time in solving system 0.19755166000322788
time in solving system 0.19803039200269268
concluded in  9.480657792002603
Solving snapshot 0 285
36
time in solving system 4.337281778996839
time in solving system 0.13502826399781043
time in solving system 0.14061265700001968
concluded in  9.646898192000663
Solving snapshot 0 286
36
time in solving system 3.5685419869987527
time in solving system 0.24778331900233752
time in solving system 0.1955136400029005
concluded in  9.1566733940017
Solving snapshot 0 287
36
time in solving system 3.8589561080007115
time in solving system 0.24164473400014685
time in solving system 0.18190519800191396
concluded in  9.879524607000349
Solving snapshot 0 288
36
time in solving system 3.8291668860001664
time in solving system 0.2944075360028364
time in solving system 0.18350272799943923
concluded in  9.849836113000492
Solving snapshot 0 289
36
time in solving system 4.250418314000854
time in solving system 0.14881712599890307
time in solving system 0.12761569299982511
concluded in  9.969527927001764
Solving snapshot 0 290
36
time in solving system 4.283764134997909
time in solving system 0.19863389899910544
time in solving system 0.13746379699659883
concluded in  9.984943540999666
Solving snapshot 0 291
36
time in solving system 4.460217080999428
time in solving system 0.29436931099917274
time in solving system 0.13811340400206973
concluded in  9.841120132998185
Solving snapshot 0 292
36
time in solving system 3.8245109999988927
time in solving system 0.2123269209987484
time in solving system 0.17340487999899779
concluded in  9.217559142001846
Solving snapshot 0 293
36
time in solving system 4.163147362000018
time in solving system 0.19451711600049748
time in solving system 0.18903248499918845
concluded in  10.012323060000199
Solving snapshot 0 294
36
time in solving system 4.414311295000516
time in solving system 0.1450004580001405
time in solving system 0.12840683499962324
concluded in  9.816099474999646
Solving snapshot 0 295
36
time in solving system 3.794039945001714
time in solving system 0.2310111760016298
time in solving system 0.20285651000085636
concluded in  9.80910619199858
Solving snapshot 0 296
36
time in solving system 4.089992957000504
time in solving system 0.151884238999628
time in solving system 0.13016197599790758
concluded in  9.41883465200226
Solving snapshot 0 297
36
time in solving system 3.906142145002377
time in solving system 0.2410820090008201
time in solving system 0.30428439199749846
concluded in  9.669915774000401
Solving snapshot 0 298
36
time in solving system 4.364053812001657
time in solving system 0.1794629249998252
time in solving system 0.1656343979993835
concluded in  9.760663566998119
Solving snapshot 0 299
36
time in solving system 3.4134768360017915
time in solving system 0.33253947900084313
time in solving system 0.23749200900056167
concluded in  9.10883104399909
[]
Not completed: []
