Solving not completed simulation: 0-th chance
Solving snapshot 0 0
36
time in solving system 4.702930389001267
time in solving system 0.23697982598969247
time in solving system 0.11199745300109498
concluded in  8.016593578009633
Solving snapshot 0 1
36
time in solving system 5.195487464996404
time in solving system 0.11966079400735907
time in solving system 0.11123493900231551
concluded in  8.15714397499687
Solving snapshot 0 2
36
time in solving system 4.795522735003033
time in solving system 0.16107235399249475
time in solving system 0.11359538498800248
concluded in  8.086120214007678
Solving snapshot 0 3
36
time in solving system 4.2565203749982174
time in solving system 0.3945249899988994
time in solving system 0.40493821998825297
concluded in  8.11730988699128
Solving snapshot 0 4
36
time in solving system 4.266140109990374
time in solving system 0.25175248499726877
time in solving system 0.33141467200766783
concluded in  8.02422286500223
Solving snapshot 0 5
36
time in solving system 3.986758892002399
time in solving system 0.27809564099879935
time in solving system 0.3424735739972675
concluded in  7.72547385499638
Solving snapshot 0 6
36
time in solving system 5.324850746997981
time in solving system 0.11927169800037518
time in solving system 0.13622978300554678
concluded in  8.658209134009667
Solving snapshot 0 7
36
time in solving system 5.055819187007728
time in solving system 0.18835190999379847
time in solving system 0.10687054099980742
concluded in  8.32758620500681
Solving snapshot 0 8
36
time in solving system 4.696325812008581
time in solving system 0.3127932839997811
time in solving system 0.13460116799979005
concluded in  8.146131882996997
Solving snapshot 0 9
36
time in solving system 4.985810201003915
time in solving system 0.23570906900567934
time in solving system 0.26497296000889037
concluded in  8.524476703998516
Solving snapshot 0 10
36
time in solving system 4.93886344099883
time in solving system 0.15233791100035887
time in solving system 0.12751745100831613
concluded in  8.277314673003275
Solving snapshot 0 11
36
time in solving system 4.564503519999562
time in solving system 0.1299593309959164
time in solving system 0.18774252600269392
concluded in  7.708398286005831
Solving snapshot 0 12
36
time in solving system 4.462449582002591
time in solving system 0.24884666499565355
time in solving system 0.2668469409982208
concluded in  7.880620717987767
Solving snapshot 0 13
36
time in solving system 4.7848329190019285
time in solving system 0.16971558600198478
time in solving system 0.1587524030037457
concluded in  8.062776860009762
Solving snapshot 0 14
36
time in solving system 4.7313918370055035
time in solving system 0.12139332300284877
time in solving system 0.17222352999669965
concluded in  8.124904944008449
Solving snapshot 0 15
36
time in solving system 4.551379094002186
time in solving system 0.22745388999464922
time in solving system 0.18916006799554452
concluded in  8.143975386003149
Solving snapshot 0 16
36
time in solving system 5.655693701002747
time in solving system 0.1797757129970705
time in solving system 0.10550104700087104
concluded in  8.904616537998663
Solving snapshot 0 17
36
time in solving system 5.135362559987698
time in solving system 0.16640193600323983
time in solving system 0.11368332999700215
concluded in  8.096339213996544
Solving snapshot 0 18
36
time in solving system 5.49446446300135
time in solving system 0.17299070900480729
time in solving system 0.11247421699226834
concluded in  8.791499530008878
Solving snapshot 0 19
36
time in solving system 5.218713744994602
time in solving system 0.11316514298960101
time in solving system 0.11770839199016336
concluded in  8.170704424002906
Solving snapshot 0 20
36
time in solving system 5.321484444997623
time in solving system 0.13573498399637174
time in solving system 0.10980543900222983
concluded in  8.926777157001197
Solving snapshot 0 21
36
time in solving system 4.773870190998423
time in solving system 0.10780835700279567
time in solving system 0.10943981300806627
concluded in  8.45682837899949
Solving snapshot 0 22
36
time in solving system 3.8427528430038365
time in solving system 0.11551366299681831
time in solving system 0.11033405699708965
concluded in  7.784940013996675
Solving snapshot 0 23
36
time in solving system 4.54970711900387
time in solving system 0.15892594000615645
time in solving system 0.11213248100830242
concluded in  8.734148878997075
Solving snapshot 0 24
36
time in solving system 4.3517040479928255
time in solving system 0.15729890600778162
time in solving system 0.2347887770010857
concluded in  8.247986628004583
Solving snapshot 0 25
36
time in solving system 4.779341549001401
time in solving system 0.19070781000482384
time in solving system 0.14301445298769977
concluded in  8.634931057997164
Solving snapshot 0 26
36
time in solving system 3.8600912299880292
time in solving system 0.22911953600123525
time in solving system 0.23443975100235548
concluded in  8.076721940989955
Solving snapshot 0 27
36
time in solving system 3.649920507989009
time in solving system 0.2005886489932891
time in solving system 0.12951029300165828
concluded in  7.47908876099973
Solving snapshot 0 28
36
time in solving system 3.4917330500029493
time in solving system 0.20899183700385038
time in solving system 0.2829066900012549
concluded in  7.5241741750069195
Solving snapshot 0 29
36
time in solving system 4.09826915099984
time in solving system 0.3302507019980112
time in solving system 0.31197529401106294
concluded in  7.988538667996181
Solving snapshot 0 30
36
time in solving system 3.6192759919940727
time in solving system 0.13797825000074226
time in solving system 0.19178567100607324
concluded in  7.612354658005643
Solving snapshot 0 31
36
time in solving system 4.625236976004089
time in solving system 0.12276702000235673
time in solving system 0.13171780199627392
concluded in  8.677798692995566
Solving snapshot 0 32
36
time in solving system 3.8972897729981923
time in solving system 0.23039597399474587
time in solving system 0.1169153609953355
concluded in  7.378972973005148
Solving snapshot 0 33
36
time in solving system 3.4760817369970027
time in solving system 0.24806946300668642
time in solving system 0.23784334999800194
concluded in  8.000628107998637
Solving snapshot 0 34
36
time in solving system 3.6906827820057515
time in solving system 0.290664532003575
time in solving system 0.2588465279986849
concluded in  7.78743574800319
Solving snapshot 0 35
36
time in solving system 3.009416724991752
time in solving system 0.11339243600377813
time in solving system 0.18461949699849356
concluded in  7.023622107997653
Solving snapshot 0 36
36
time in solving system 2.7411105319915805
time in solving system 0.23272153099242132
time in solving system 0.23435843100014608
concluded in  7.346473375990172
Solving snapshot 0 37
36
time in solving system 3.30014707299415
time in solving system 0.11417939099192154
time in solving system 0.13110676599899307
concluded in  7.5739274980005575
Solving snapshot 0 38
36
time in solving system 3.781780126999365
time in solving system 0.10978973499732092
time in solving system 0.11629499000264332
concluded in  9.226473638002062
Solving snapshot 0 39
36
time in solving system 5.016859456998645
time in solving system 0.22180906499852426
time in solving system 0.11988703800307121
concluded in  9.486553006994654
Solving snapshot 0 40
36
time in solving system 3.4969934309920063
time in solving system 0.10702830800437368
time in solving system 0.10989316599443555
concluded in  7.276189415002591
Solving snapshot 0 41
36
time in solving system 4.053976665993105
time in solving system 0.10522821400081739
time in solving system 0.10387356200953946
concluded in  8.336261789008859
Solving snapshot 0 42
36
time in solving system 2.580814446992008
time in solving system 0.10541965899756178
time in solving system 0.11634977599896956
concluded in  8.330450427994947
Solving snapshot 0 43
36
time in solving system 2.7190784139966127
time in solving system 0.11420685300254263
time in solving system 0.1064290450012777
concluded in  7.451940917002503
Solving snapshot 0 44
36
time in solving system 2.3980359499983024
time in solving system 0.11345973701099865
time in solving system 0.10167131600610446
concluded in  7.974714027004666
Solving snapshot 0 45
36
time in solving system 3.4937566480075475
time in solving system 0.1299186280084541
time in solving system 0.11459296000248287
concluded in  9.191750562997186
Solving snapshot 0 46
36
time in solving system 3.7226605799951358
time in solving system 0.11531847600417677
time in solving system 0.11224031400342938
concluded in  8.85516002100485
Solving snapshot 0 47
36
time in solving system 4.006429182001739
time in solving system 0.1135896630003117
time in solving system 0.161050034002983
concluded in  10.817494978007744
Solving snapshot 0 48
36
time in solving system 3.36437635999755
time in solving system 0.1115957790025277
time in solving system 0.11124613200081512
concluded in  8.060343418008415
Solving snapshot 0 49
36
time in solving system 4.36419698499958
time in solving system 0.11053386500861961
time in solving system 0.10403700699680485
concluded in  8.479343343002256
Solving snapshot 0 50
36
time in solving system 4.168033404988819
time in solving system 0.12238938800874166
time in solving system 0.10831130600126926
concluded in  8.512432691000868
Solving snapshot 0 51
36
time in solving system 3.9573269639950013
time in solving system 0.12474255300185177
time in solving system 0.11860331299249083
concluded in  9.77380318500218
Solving snapshot 0 52
36
time in solving system 3.8319125749985687
time in solving system 0.25699169001018163
time in solving system 0.24573231900285464
concluded in  9.151650512008928
Solving snapshot 0 53
36
time in solving system 2.6079081520001637
time in solving system 0.23087944299913943
time in solving system 0.22601241599477362
concluded in  6.487380074002431
Solving snapshot 0 54
36
time in solving system 2.0534818309970433
time in solving system 0.09859189399867319
time in solving system 0.10980593500426039
concluded in  7.234867035993375
Solving snapshot 0 55
36
time in solving system 1.927339595000376
time in solving system 0.11191884199797641
time in solving system 0.11364154100010637
concluded in  6.657519854008569
Solving snapshot 0 56
36
time in solving system 2.09606002199871
time in solving system 0.1136209329997655
time in solving system 0.10544471500907093
concluded in  7.122337729000719
Solving snapshot 0 57
36
time in solving system 2.3290563600021414
time in solving system 0.10820345199317671
time in solving system 0.10540315898833796
concluded in  8.154920518005383
Solving snapshot 0 58
36
time in solving system 2.1286999130097684
time in solving system 0.10444975500286091
time in solving system 0.10335269400093239
concluded in  7.731122778990539
Solving snapshot 0 59
36
time in solving system 4.12682040699292
time in solving system 0.1441524490073789
time in solving system 0.11041036499955226
concluded in  9.773106158012524
Solving snapshot 0 60
36
time in solving system 4.120709472001181
time in solving system 0.14085858699399978
time in solving system 0.09608474301057868
concluded in  9.305109388995334
Solving snapshot 0 61
36
time in solving system 1.9251050090097124
time in solving system 0.11547887200140394
time in solving system 0.10764509800355881
concluded in  6.6410358249995625
Solving snapshot 0 62
36
time in solving system 2.3823140379972756
time in solving system 0.11552012400352396
time in solving system 0.11847684900567401
concluded in  8.277573612998822
Solving snapshot 0 63
36
time in solving system 4.85058313398622
time in solving system 0.11386321799363941
time in solving system 0.16999102001136634
concluded in  10.808912943000905
Solving snapshot 0 64
36
time in solving system 2.424147896002978
time in solving system 0.1274558459990658
time in solving system 0.1719804520107573
concluded in  8.029256690992042
Solving snapshot 0 65
36
time in solving system 3.684635334997438
time in solving system 0.13554599801136646
time in solving system 0.1153399629984051
concluded in  8.267786947006243
Solving snapshot 0 66
36
time in solving system 4.213080326997442
time in solving system 0.1428329339978518
time in solving system 0.137758405006025
concluded in  8.442606221011374
Solving snapshot 0 67
36
time in solving system 2.2820766900113085
time in solving system 0.20979963699937798
time in solving system 0.11254003801150247
concluded in  5.865177654995932
Solving snapshot 0 68
36
time in solving system 2.2828562680078903
time in solving system 0.10563273199659307
time in solving system 0.10327540300204419
concluded in  6.972437100994284
Solving snapshot 0 69
36
time in solving system 3.491551745988545
time in solving system 0.23962625800049864
time in solving system 0.14707976300269365
concluded in  9.217720222004573
Solving snapshot 0 70
36
time in solving system 3.9059061389998533
time in solving system 0.1312183200061554
time in solving system 0.12345600599655882
concluded in  7.93677609799488
Solving snapshot 0 71
36
time in solving system 2.4107244149927283
time in solving system 0.12189310698886402
time in solving system 0.12805889900482725
concluded in  7.457758956006728
Solving snapshot 0 72
36
time in solving system 4.87460098999145
time in solving system 0.12273065700719599
time in solving system 0.10624786300468259
concluded in  10.214164631994208
Solving snapshot 0 73
36
time in solving system 3.8249470309965545
time in solving system 0.10812620099750347
time in solving system 0.11792015600076411
concluded in  8.541883317011525
Solving snapshot 0 74
36
time in solving system 2.7476950100099202
time in solving system 0.17638129100669175
time in solving system 0.11152085600770079
concluded in  6.6146035060082795
Solving snapshot 0 75
36
time in solving system 2.3760361460008426
time in solving system 0.11032954200345557
time in solving system 0.10617572600312997
concluded in  6.490342752003926
Solving snapshot 0 76
36
time in solving system 3.993137964993366
time in solving system 0.1078122019971488
time in solving system 0.1404053290025331
concluded in  7.815543067990802
Solving snapshot 0 77
36
time in solving system 2.7913494750100654
time in solving system 0.1790121480007656
time in solving system 0.11769628699403256
concluded in  7.676417994996882
Solving snapshot 0 78
36
time in solving system 3.253656961998786
time in solving system 0.19764300300448667
time in solving system 0.10090738799772225
concluded in  8.103035044987337
Solving snapshot 0 79
36
time in solving system 3.619983905009576
time in solving system 0.11219652199361008
time in solving system 0.11380253099196125
concluded in  8.583564257991384
Solving snapshot 0 80
36
time in solving system 3.4114440650009783
time in solving system 0.1239777070004493
time in solving system 0.109318720002193
concluded in  7.895132843987085
Solving snapshot 0 81
36
time in solving system 3.173909431003267
time in solving system 0.10600803399574943
time in solving system 0.10346646500693168
concluded in  7.687907473999076
Solving snapshot 0 82
36
time in solving system 4.481599705002736
time in solving system 0.10731776399188675
time in solving system 0.09964824499911629
concluded in  10.459259206996649
Solving snapshot 0 83
36
time in solving system 2.239348766990588
time in solving system 0.11670367699116468
time in solving system 0.09990249300608411
concluded in  6.004339024002547
Solving snapshot 0 84
36
time in solving system 3.3088437090045772
time in solving system 0.1069596029992681
time in solving system 0.11709174398856703
concluded in  7.114490282008774
Solving snapshot 0 85
36
time in solving system 3.103531879998627
time in solving system 0.12907060600991827
time in solving system 0.22581289800291415
concluded in  7.270509346999461
Solving snapshot 0 86
36
time in solving system 2.660002579999855
time in solving system 0.24746068799868226
time in solving system 0.2614094010059489
concluded in  6.4462518009968335
Solving snapshot 0 87
36
time in solving system 3.856551260993001
time in solving system 0.20836509299988393
time in solving system 0.11906612999155186
concluded in  7.163725663005607
Solving snapshot 0 88
36
time in solving system 4.0195153079985175
time in solving system 0.12058322501252405
time in solving system 0.11492842801089864
concluded in  7.312818214006256
Solving snapshot 0 89
36
time in solving system 4.291589524989831
time in solving system 0.13313804200151935
time in solving system 0.11699168500490487
concluded in  8.260891640005866
Solving snapshot 0 90
36
time in solving system 3.3522259360033786
time in solving system 0.25164201098959893
time in solving system 0.24451797700021416
concluded in  8.030881609010976
Solving snapshot 0 91
36
time in solving system 2.9779885259922594
time in solving system 0.13256417099910323
time in solving system 0.14980566200392786
concluded in  7.603777959011495
Solving snapshot 0 92
36
time in solving system 3.7544065330002923
time in solving system 0.2351778260053834
time in solving system 0.24111496499972418
concluded in  8.436101044004317
Solving snapshot 0 93
36
time in solving system 4.306766809997498
time in solving system 0.11266991999582388
time in solving system 0.18427500399411656
concluded in  8.183833055998548
Solving snapshot 0 94
36
time in solving system 3.5863450820033904
time in solving system 0.1470554120023735
time in solving system 0.12571631101309322
concluded in  7.333410879000439
Solving snapshot 0 95
36
time in solving system 3.402047791998484
time in solving system 0.11798684099630918
time in solving system 0.12898226699326187
concluded in  8.162940711001283
Solving snapshot 0 96
36
time in solving system 2.6002477670117514
time in solving system 0.24942941199697088
time in solving system 0.23850695800501853
concluded in  6.387515025999164
Solving snapshot 0 97
36
time in solving system 2.0333630020031705
time in solving system 0.10624884899880271
time in solving system 0.1049660889984807
concluded in  5.570963874008157
Solving snapshot 0 98
36
time in solving system 3.2675067350064637
time in solving system 0.2246522979985457
time in solving system 0.12044915299338754
concluded in  8.89428258400585
Solving snapshot 0 99
36
time in solving system 2.6356769089907175
time in solving system 0.12020303899771534
time in solving system 0.11729202000424266
concluded in  6.570309100992745
Solving snapshot 0 100
36
time in solving system 3.022829116001958
time in solving system 0.12002389100962318
time in solving system 0.16707399100414477
concluded in  7.626578767987667
Solving snapshot 0 101
36
time in solving system 2.716673022005125
time in solving system 0.16875467701174784
time in solving system 0.11930327699519694
concluded in  7.77133078299812
Solving snapshot 0 102
36
time in solving system 2.463422848013579
time in solving system 0.12709930600249209
time in solving system 0.10924035900097806
concluded in  7.52269465700374
Solving snapshot 0 103
36
time in solving system 3.1935257080040174
time in solving system 0.11688103398773819
time in solving system 0.14881705500010867
concluded in  8.244932176996372
Solving snapshot 0 104
36
time in solving system 4.480842398988898
time in solving system 0.12769671699788887
time in solving system 0.1276957730005961
concluded in  8.60024358300143
Solving snapshot 0 105
36
time in solving system 3.9064642730081687
time in solving system 0.1587919700104976
time in solving system 0.10990012000547722
concluded in  8.372855108988006
Solving snapshot 0 106
36
time in solving system 4.346692170991446
time in solving system 0.10324566200142726
time in solving system 0.15619177599728573
concluded in  8.867038948010304
Solving snapshot 0 107
36
time in solving system 3.7207596380030736
time in solving system 0.14637109699833672
time in solving system 0.1416513050062349
concluded in  8.782167500001378
Solving snapshot 0 108
36
time in solving system 3.706993854008033
time in solving system 0.164090517006116
time in solving system 0.11504460299329367
concluded in  8.23955385100271
Solving snapshot 0 109
36
time in solving system 3.767588414004422
time in solving system 0.16616342599445488
time in solving system 0.11987860700173769
concluded in  8.942615359002957
Solving snapshot 0 110
36
time in solving system 3.7346643969940487
time in solving system 0.11201518299640156
time in solving system 0.1225409699982265
concluded in  8.398831350001274
Solving snapshot 0 111
36
time in solving system 2.807241440998041
time in solving system 0.11361536900221836
time in solving system 0.10541600499709602
concluded in  7.129856504005147
Solving snapshot 0 112
36
time in solving system 3.2992265289940406
time in solving system 0.24220575399522204
time in solving system 0.2628123969916487
concluded in  7.40282193699386
Solving snapshot 0 113
36
time in solving system 3.125653274997603
time in solving system 0.12421355399419554
time in solving system 0.13408881500072312
concluded in  7.437957512011053
Solving snapshot 0 114
36
time in solving system 4.383023728005355
time in solving system 0.11196567300066818
time in solving system 0.1823445900081424
concluded in  7.839855142010492
Solving snapshot 0 115
36
time in solving system 4.312600175006082
time in solving system 0.28221094400214497
time in solving system 0.23916780299623497
concluded in  8.595843818999128
Solving snapshot 0 116
36
time in solving system 5.093560820998391
time in solving system 0.15023930800089147
time in solving system 0.10547867800050881
concluded in  9.490777565006283
Solving snapshot 0 117
36
time in solving system 4.416824945001281
time in solving system 0.17554125799506437
time in solving system 0.2410736810124945
concluded in  8.900990756999818
Solving snapshot 0 118
36
time in solving system 4.421902287998819
time in solving system 0.11493428699031938
time in solving system 0.12449394899886101
concluded in  8.147345970006427
Solving snapshot 0 119
36
time in solving system 4.578647761998582
time in solving system 0.325012772998889
time in solving system 0.2517214999970747
concluded in  8.73194042799878
Solving snapshot 0 120
36
time in solving system 3.7902152059978107
time in solving system 0.23294103199441452
time in solving system 0.12970171999768354
concluded in  7.5431027130107395
Solving snapshot 0 121
36
time in solving system 3.8653640180127695
time in solving system 0.20631914799741935
time in solving system 0.10922020600992255
concluded in  7.279828456012183
Solving snapshot 0 122
36
time in solving system 4.554626503988402
time in solving system 0.12351909901190083
time in solving system 0.11385369500203524
concluded in  7.708715348999249
Solving snapshot 0 123
36
time in solving system 4.083578368008602
time in solving system 0.1255749569972977
time in solving system 0.11724839400267228
concluded in  7.9910680769971805
Solving snapshot 0 124
36
time in solving system 3.9736499759892467
time in solving system 0.11091567900439259
time in solving system 0.11255741999775637
concluded in  8.175134866003646
Solving snapshot 0 125
36
time in solving system 3.8259282450017054
time in solving system 0.15211750099842902
time in solving system 0.1106845079921186
concluded in  7.625835323007777
Solving snapshot 0 126
36
time in solving system 3.826400742007536
time in solving system 0.16599017700355034
time in solving system 0.13747199600038584
concluded in  7.511684440003592
Solving snapshot 0 127
36
time in solving system 3.756720639008563
time in solving system 0.26615575500181876
time in solving system 0.24410231999354437
concluded in  7.627288914009114
Solving snapshot 0 128
36
time in solving system 3.9468807719968027
time in solving system 0.1209306409873534
time in solving system 0.11369011898932513
concluded in  8.093759636001778
Solving snapshot 0 129
36
time in solving system 2.5499515129922656
time in solving system 0.11023755399219226
time in solving system 0.1152686179993907
concluded in  6.832585555996047
Solving snapshot 0 130
36
time in solving system 2.1457528350001667
time in solving system 0.11795820400584489
time in solving system 0.10736847801308613
concluded in  6.68438671399781
Solving snapshot 0 131
36
time in solving system 2.9896998620097293
time in solving system 0.1117149710044032
time in solving system 0.11153371600084938
concluded in  7.492378145005205
Solving snapshot 0 132
36
time in solving system 2.9254943300038576
time in solving system 0.12303183699259534
time in solving system 0.11127227000542916
concluded in  8.01452492599492
Solving snapshot 0 133
36
time in solving system 3.7404304320079973
time in solving system 0.10979778999171685
time in solving system 0.09636590200534556
concluded in  8.32420736500353
Solving snapshot 0 134
36
time in solving system 3.3715976039966336
time in solving system 0.11449696100316942
time in solving system 0.10098989200196229
concluded in  9.132709160010563
Solving snapshot 0 135
36
time in solving system 2.452944810007466
time in solving system 0.12466632400173694
time in solving system 0.10374222800601274
concluded in  8.087516483996296
Solving snapshot 0 136
36
time in solving system 3.483610255003441
time in solving system 0.11564038899086881
time in solving system 0.11154256999725476
concluded in  9.275776444002986
Solving snapshot 0 137
36
time in solving system 2.5192160029982915
time in solving system 0.10944998500053771
time in solving system 0.10819384100614116
concluded in  8.455043651003507
Solving snapshot 0 138
36
time in solving system 2.5771028909948654
time in solving system 0.12527259399939794
time in solving system 0.10839876299723983
concluded in  8.125627503992291
Solving snapshot 0 139
36
time in solving system 2.3216359299985925
time in solving system 0.11100894899573177
time in solving system 0.12363046700193081
concluded in  8.165558792999946
Solving snapshot 0 140
36
time in solving system 4.58949110499816
time in solving system 0.1617171359976055
time in solving system 0.24661627999739721
concluded in  10.112875823004288
Solving snapshot 0 141
36
time in solving system 2.781842016003793
time in solving system 0.11275886400835589
time in solving system 0.11679598200134933
concluded in  7.587696842994774
Solving snapshot 0 142
36
time in solving system 3.2137659800064284
time in solving system 0.11862915700476151
time in solving system 0.11402295100560877
concluded in  8.035693326004548
Solving snapshot 0 143
36
time in solving system 2.817452975999913
time in solving system 0.10993141398648731
time in solving system 0.09786942900973372
concluded in  7.509955589994206
Solving snapshot 0 144
36
time in solving system 2.2266424039989943
time in solving system 0.11091927999223117
time in solving system 0.10975566499109846
concluded in  7.458200996989035
Solving snapshot 0 145
36
time in solving system 2.416449851996731
time in solving system 0.1466383049992146
time in solving system 0.10763308800233062
concluded in  7.061207840000861
Solving snapshot 0 146
36
time in solving system 2.434594518999802
time in solving system 0.12966898099693935
time in solving system 0.1156929040007526
concluded in  7.492677631002152
Solving snapshot 0 147
36
time in solving system 2.220091444993159
time in solving system 0.11102174800180364
time in solving system 0.10961389500880614
concluded in  7.8544997760036495
Solving snapshot 0 148
36
time in solving system 2.6958931670087622
time in solving system 0.11112880500149913
time in solving system 0.11954293800226878
concluded in  8.689335457995185
Solving snapshot 0 149
36
time in solving system 2.709082669010968
time in solving system 0.11488239100435749
time in solving system 0.11156650599150453
concluded in  7.5640874880045885
Solving snapshot 0 150
36
time in solving system 2.3697106610052288
time in solving system 0.11404565699922387
time in solving system 0.10787712699675467
concluded in  8.233535122009926
Solving snapshot 0 151
36
time in solving system 2.6405023980041733
time in solving system 0.10686999000608921
time in solving system 0.10956674000772182
concluded in  8.452056214999175
Solving snapshot 0 152
36
time in solving system 2.1740286010026466
time in solving system 0.10137454100186005
time in solving system 0.10309047999908216
concluded in  8.002675262003322
Solving snapshot 0 153
36
time in solving system 2.087974576992565
time in solving system 0.10667390200251248
time in solving system 0.10676387199782766
concluded in  7.372214685005019
Solving snapshot 0 154
36
time in solving system 2.899888016996556
time in solving system 0.10734973999205977
time in solving system 0.10455730599642266
concluded in  9.022540764999576
Solving snapshot 0 155
36
time in solving system 2.047310637004557
time in solving system 0.10277668299386278
time in solving system 0.0970292489946587
concluded in  7.799234887002967
Solving snapshot 0 156
36
time in solving system 2.9119522590044653
time in solving system 0.13520771700132173
time in solving system 0.1235505279910285
concluded in  8.409244373993715
Solving snapshot 0 157
36
time in solving system 2.1167063299944857
time in solving system 0.09954054100671783
time in solving system 0.11783553600253072
concluded in  7.629185726997093
Solving snapshot 0 158
36
time in solving system 2.0792157130053965
time in solving system 0.11886021601094399
time in solving system 0.10560401499969885
concluded in  6.723500702006277
Solving snapshot 0 159
36
time in solving system 2.216053201991599
time in solving system 0.11035118000290822
time in solving system 0.11242393600696232
concluded in  7.5965063130133785
Solving snapshot 0 160
36
time in solving system 2.4814893510047114
time in solving system 0.14148230399587192
time in solving system 0.10370182599581312
concluded in  8.105235121998703
Solving snapshot 0 161
36
time in solving system 3.4056448390037986
time in solving system 0.11198967600648757
time in solving system 0.11304878500232007
concluded in  8.442071249010041
Solving snapshot 0 162
36
time in solving system 3.628403052003705
time in solving system 0.10535356900072657
time in solving system 0.10283192599308677
concluded in  8.621180275004008
Solving snapshot 0 163
36
time in solving system 2.9956933239882346
time in solving system 0.1340389819961274
time in solving system 0.11329738800122868
concluded in  8.955999300989788
Solving snapshot 0 164
36
time in solving system 2.6604843419918325
time in solving system 0.13846882998768706
time in solving system 0.11042743100551888
concluded in  8.736478731996613
Solving snapshot 0 165
36
time in solving system 2.714038903999608
time in solving system 0.1159541320084827
time in solving system 0.1109416940016672
concluded in  8.898750893989927
Solving snapshot 0 166
36
time in solving system 2.149337232011021
time in solving system 0.11091097399184946
time in solving system 0.10701334600162227
concluded in  7.943771769001614
Solving snapshot 0 167
36
time in solving system 3.3210940930002835
time in solving system 0.11038219599868171
time in solving system 0.10813582300033886
concluded in  9.980664702001377
Solving snapshot 0 168
36
time in solving system 2.69324094800686
time in solving system 0.132230145012727
time in solving system 0.11540656400029548
concluded in  8.079581151003367
Solving snapshot 0 169
36
time in solving system 3.26080424200336
time in solving system 0.1534200640016934
time in solving system 0.11063782700512093
concluded in  8.246854614000767
Solving snapshot 0 170
36
time in solving system 2.9219257239892613
time in solving system 0.10903389599116053
time in solving system 0.10576751000189688
concluded in  8.300489537999965
Solving snapshot 0 171
36
time in solving system 3.5249681849963963
time in solving system 0.12042321999615524
time in solving system 0.1485597380087711
concluded in  8.179573639004957
Solving snapshot 0 172
36
time in solving system 4.688079686005949
time in solving system 0.11102129799837712
time in solving system 0.11033528999541886
concluded in  8.361345879995497
Solving snapshot 0 173
36
time in solving system 3.8430907979927724
time in solving system 0.2410572850058088
time in solving system 0.2374504600011278
concluded in  8.002020986998104
Solving snapshot 0 174
36
time in solving system 4.544667494003079
time in solving system 0.26395064299867954
time in solving system 0.2828757340030279
concluded in  9.214373231006903
Solving snapshot 0 175
36
time in solving system 4.610198402995593
time in solving system 0.1135906419949606
time in solving system 0.11098369800311048
concluded in  9.53066795199993
Solving snapshot 0 176
36
time in solving system 3.7368427389883436
time in solving system 0.2176908609981183
time in solving system 0.11389294599939603
concluded in  8.19175869699393
Solving snapshot 0 177
36
time in solving system 4.139120695996098
time in solving system 0.11436429798777681
time in solving system 0.14747298399743158
concluded in  8.560660773000563
Solving snapshot 0 178
36
time in solving system 5.259275547010475
time in solving system 0.11100587999681011
time in solving system 0.11394094899878837
concluded in  9.365732999998727
Solving snapshot 0 179
36
time in solving system 3.7694856480084127
time in solving system 0.11051951198896859
time in solving system 0.10477078300027642
concluded in  9.022345876001054
Solving snapshot 0 180
36
time in solving system 4.712840332009364
time in solving system 0.14811719799763523
time in solving system 0.1730037390079815
concluded in  9.952604852995137
Solving snapshot 0 181
36
time in solving system 3.400606238996261
time in solving system 0.19705103199521545
time in solving system 0.10506300401175395
concluded in  9.556734511003015
Solving snapshot 0 182
36
time in solving system 3.97403244599991
time in solving system 0.11064536299090832
time in solving system 0.11803624199819751
concluded in  8.742604262995883
Solving snapshot 0 183
36
time in solving system 3.412385785006336
time in solving system 0.11714262500754558
time in solving system 0.11015370000677649
concluded in  8.459413213000516
Solving snapshot 0 184
36
time in solving system 3.736752055992838
time in solving system 0.12058820801030379
time in solving system 0.12458896699536126
concluded in  8.473475104008685
Solving snapshot 0 185
36
time in solving system 2.4514407639944693
time in solving system 0.11479985600453801
time in solving system 0.10807528899749741
concluded in  6.855680779990507
Solving snapshot 0 186
36
time in solving system 3.7003858530079015
time in solving system 0.12448387598851696
time in solving system 0.1730874689965276
concluded in  8.10281984100584
Solving snapshot 0 187
36
time in solving system 3.433443244997761
time in solving system 0.279930307995528
time in solving system 0.23270866100210696
concluded in  8.391673778998666
Solving snapshot 0 188
36
time in solving system 2.9092972910002572
time in solving system 0.12357969500590116
time in solving system 0.1298959970008582
concluded in  7.67357190400071
Solving snapshot 0 189
36
time in solving system 3.99829596800555
time in solving system 0.2540193309978349
time in solving system 0.27670834299351554
concluded in  8.45429771199997
Solving snapshot 0 190
36
time in solving system 3.2620911779958988
time in solving system 0.12575601899879985
time in solving system 0.11099187399668153
concluded in  6.939555171993561
Solving snapshot 0 191
36
time in solving system 4.258396022007219
time in solving system 0.12334950499644037
time in solving system 0.12359786700108089
concluded in  8.5668181390065
Solving snapshot 0 192
36
time in solving system 3.425538494004286
time in solving system 0.10397644600016065
time in solving system 0.10429591698630247
concluded in  8.194816672010347
Solving snapshot 0 193
36
time in solving system 4.4695930699963355
time in solving system 0.12847248000616673
time in solving system 0.11848583299433812
concluded in  9.319691942000645
Solving snapshot 0 194
36
time in solving system 3.011631200002739
time in solving system 0.10561318299733102
time in solving system 0.11192298500100151
concluded in  7.897071544997743
Solving snapshot 0 195
36
time in solving system 2.6601525059959386
time in solving system 0.1161383470025612
time in solving system 0.12660384199989494
concluded in  7.364479659998324
Solving snapshot 0 196
36
time in solving system 4.020653669998865
time in solving system 0.25199750599858817
time in solving system 0.24418053499539383
concluded in  9.24482091399841
Solving snapshot 0 197
36
time in solving system 2.869881039005122
time in solving system 0.15458985599980224
time in solving system 0.2003864540020004
concluded in  7.391539882999496
Solving snapshot 0 198
36
time in solving system 2.9008411600079853
time in solving system 0.10907524800859392
time in solving system 0.10650513200380374
concluded in  7.197640478989342
[]
Not completed: []
