Solving not completed simulation: 0-th chance
Solving snapshot 0 0
36
time in solving system 5.333387450998998
time in solving system 0.4057317959959619
time in solving system 0.26203239500318887
concluded in  9.530224160997022
Solving snapshot 0 1
36
time in solving system 4.209598269997514
time in solving system 0.13082540000323206
time in solving system 0.11869677499635145
concluded in  8.175151194998762
Solving snapshot 0 2
36
time in solving system 4.009971147002943
time in solving system 0.2521567850053543
time in solving system 0.35027132899995195
concluded in  8.403016140997352
Solving snapshot 0 3
36
time in solving system 4.834421503001067
time in solving system 0.2749027799945907
time in solving system 0.25274252600502223
concluded in  9.523731069995847
Solving snapshot 0 4
36
time in solving system 3.5645962540002074
time in solving system 0.12696535400027642
time in solving system 0.12525876599829644
concluded in  7.068912230002752
Solving snapshot 0 5
36
time in solving system 3.404645533999428
time in solving system 0.25330356099584606
time in solving system 0.2788724310012185
concluded in  7.3526942409953335
Solving snapshot 0 6
36
time in solving system 4.877921109000454
time in solving system 0.12261047100037104
time in solving system 0.13604304200271145
concluded in  8.877139404001355
Solving snapshot 0 7
36
time in solving system 4.378340269999171
time in solving system 0.11902394800563343
time in solving system 0.10593777499889256
concluded in  8.071286614998826
Solving snapshot 0 8
36
time in solving system 3.3072881089974544
time in solving system 0.12917230399762047
time in solving system 0.1095798590031336
concluded in  7.199108048000198
Solving snapshot 0 9
36
time in solving system 3.282754029998614
time in solving system 0.1308674259998952
time in solving system 0.11209172700182535
concluded in  7.648841349997383
Solving snapshot 0 10
36
time in solving system 3.3664120820030803
time in solving system 0.15282064100028947
time in solving system 0.09687315300107002
concluded in  7.62365711399616
Solving snapshot 0 11
36
time in solving system 4.300148180001997
time in solving system 0.2830165429986664
time in solving system 0.28498508500342723
concluded in  8.649518297999748
Solving snapshot 0 12
36
time in solving system 3.473757371000829
time in solving system 0.23457366399816237
time in solving system 0.24097648300084984
concluded in  7.046008842000447
Solving snapshot 0 13
36
time in solving system 2.42379754200374
time in solving system 0.11065565399621846
time in solving system 0.10868724300235044
concluded in  6.754077869998582
Solving snapshot 0 14
36
time in solving system 2.755738724998082
time in solving system 0.11050612200051546
time in solving system 0.10588828500476666
concluded in  6.341435166003066
Solving snapshot 0 15
36
time in solving system 3.67789531499875
time in solving system 0.12789505399996415
time in solving system 0.11113429299439304
concluded in  8.309606307004287
Solving snapshot 0 16
36
time in solving system 2.2456839849983226
time in solving system 0.11834160400030669
time in solving system 0.12660504200175637
concluded in  7.141616278000583
Solving snapshot 0 17
36
time in solving system 4.257201523003459
time in solving system 0.12558268000429962
time in solving system 0.14101505099824863
concluded in  8.920615011003974
Solving snapshot 0 18
36
time in solving system 3.155709904000105
time in solving system 0.11469983799906913
time in solving system 0.11977272300282493
concluded in  8.06229285000154
Solving snapshot 0 19
36
time in solving system 4.442653165002412
time in solving system 0.2581683449971024
time in solving system 0.26167772499320563
concluded in  9.115314968999883
Solving snapshot 0 20
36
time in solving system 2.959382523004024
time in solving system 0.1506294840000919
time in solving system 0.11248822899506195
concluded in  6.9862458130010054
Solving snapshot 0 21
36
time in solving system 3.907017489000282
time in solving system 0.10880810000526253
time in solving system 0.16108687399537303
concluded in  8.451576833998843
Solving snapshot 0 22
36
time in solving system 4.7966207310018945
time in solving system 0.1611444840018521
time in solving system 0.11880450999888126
concluded in  9.226372144999914
Solving snapshot 0 23
36
time in solving system 4.141471483999339
time in solving system 0.11462306400062516
time in solving system 0.11689942399971187
concluded in  7.902173394999409
Solving snapshot 0 24
36
time in solving system 4.243356930004666
time in solving system 0.14407616799871903
time in solving system 0.2763332870017621
concluded in  9.2933900479984
Solving snapshot 0 25
36
time in solving system 3.80745528099942
time in solving system 0.1978261280019069
time in solving system 0.12220262800110504
concluded in  7.718348850001348
Solving snapshot 0 26
36
time in solving system 3.1433741949949763
time in solving system 0.14593201199750183
time in solving system 0.10831352899549529
concluded in  7.361382848997891
Solving snapshot 0 27
36
time in solving system 3.469980358997418
time in solving system 0.25978254299843684
time in solving system 0.23540267100179335
concluded in  7.686979746998986
Solving snapshot 0 28
36
time in solving system 3.1559352959957323
time in solving system 0.10625244699622272
time in solving system 0.11533800500183133
concluded in  6.585652596993896
Solving snapshot 0 29
36
time in solving system 3.8768628479956533
time in solving system 0.09913847599818837
time in solving system 0.10694791800051462
concluded in  8.033662458001345
Solving snapshot 0 30
36
time in solving system 4.571185943997989
time in solving system 0.1160368440032471
time in solving system 0.21699726000224473
concluded in  8.793860685000254
Solving snapshot 0 31
36
time in solving system 3.8490706990050967
time in solving system 0.1112835250023636
time in solving system 0.10974963800254045
concluded in  7.571474548996775
Solving snapshot 0 32
36
time in solving system 3.4458424399999785
time in solving system 0.10608394800510723
time in solving system 0.10503499900369206
concluded in  7.149728076001338
Solving snapshot 0 33
36
time in solving system 2.944968677998986
time in solving system 0.09715325500292238
time in solving system 0.10183162900648313
concluded in  6.766770902002463
Solving snapshot 0 34
36
time in solving system 4.426056530995993
time in solving system 0.2298773149959743
time in solving system 0.18431561499892268
concluded in  9.070537485997193
Solving snapshot 0 35
36
time in solving system 3.249503397004446
time in solving system 0.1165328019997105
time in solving system 0.12071171000570757
concluded in  7.763163178002287
Solving snapshot 0 36
36
time in solving system 2.323216703996877
time in solving system 0.11078825400181813
time in solving system 0.10017702299956
concluded in  7.090999872001703
Solving snapshot 0 37
36
time in solving system 4.220507968006132
time in solving system 0.10156287900463212
time in solving system 0.107594428001903
concluded in  9.122826977996738
Solving snapshot 0 38
36
time in solving system 2.157830254000146
time in solving system 0.16082781200384488
time in solving system 0.22588825899583753
concluded in  7.024192434997531
Solving snapshot 0 39
36
time in solving system 3.002462860997184
time in solving system 0.11156184600258712
time in solving system 0.11096770600124728
concluded in  7.8368555510023725
Solving snapshot 0 40
36
time in solving system 3.102462471004401
time in solving system 0.11607691200333647
time in solving system 0.10811329200078035
concluded in  8.894895208999515
Solving snapshot 0 41
36
time in solving system 3.5176367439999012
time in solving system 0.11367737199907424
time in solving system 0.11207711900351569
concluded in  8.240627762002987
Solving snapshot 0 42
36
time in solving system 3.4335569079994457
time in solving system 0.17515170499973465
time in solving system 0.11517913799616508
concluded in  8.331619673001114
Solving snapshot 0 43
36
time in solving system 3.4543481820001034
time in solving system 0.12890113300090889
time in solving system 0.11066155699518276
concluded in  8.450153712998144
Solving snapshot 0 44
36
time in solving system 3.8975945969941677
time in solving system 0.13510874399798922
time in solving system 0.11568306899425806
concluded in  8.536622426996473
Solving snapshot 0 45
36
time in solving system 3.5462612670016824
time in solving system 0.11771291900367942
time in solving system 0.11436719999619527
concluded in  10.018634890002431
Solving snapshot 0 46
36
time in solving system 4.045828483001969
time in solving system 0.13594496300356695
time in solving system 0.1109681379966787
concluded in  8.841847905001487
Solving snapshot 0 47
36
time in solving system 3.79782168300153
time in solving system 0.10900415299693123
time in solving system 0.10844558000098914
concluded in  7.8505268530061585
Solving snapshot 0 48
36
time in solving system 4.370413582997571
time in solving system 0.11576239799614996
time in solving system 0.10206306600593962
concluded in  8.657686448001186
Solving snapshot 0 49
36
time in solving system 4.679541460995097
time in solving system 0.1041681620044983
time in solving system 0.10266479300480569
concluded in  8.749551583998255
Solving snapshot 0 50
36
time in solving system 4.478940976005106
time in solving system 0.1170168669996201
time in solving system 0.11654722000093898
concluded in  9.182396593001613
Solving snapshot 0 51
36
time in solving system 2.5183448859970667
time in solving system 0.17279387099551968
time in solving system 0.1045883219994721
concluded in  7.074604787005228
Solving snapshot 0 52
36
time in solving system 4.1039972430007765
time in solving system 0.1305241760055651
time in solving system 0.11395338500005892
concluded in  9.224951347001479
Solving snapshot 0 53
36
time in solving system 4.486647158002597
time in solving system 0.12495747300272342
time in solving system 0.12696846700418973
concluded in  8.770500165002886
Solving snapshot 0 54
36
time in solving system 4.257144078001147
time in solving system 0.11724887500167824
time in solving system 0.10407025599852204
concluded in  8.906017920002341
Solving snapshot 0 55
36
time in solving system 3.3825974829960614
time in solving system 0.10765284399531083
time in solving system 0.1424510079959873
concluded in  8.395494393000263
Solving snapshot 0 56
36
time in solving system 4.778553778996866
time in solving system 0.1359528169996338
time in solving system 0.11058314300316852
concluded in  9.581925156999205
Solving snapshot 0 57
36
time in solving system 5.055787748002331
time in solving system 0.09279670599789824
time in solving system 0.10578461999830324
concluded in  9.892758406997018
Solving snapshot 0 58
36
time in solving system 2.247093643003609
time in solving system 0.11651658899791073
time in solving system 0.10263304699765285
concluded in  7.461409347000881
Solving snapshot 0 59
36
time in solving system 4.49862148000102
time in solving system 0.10970416400232352
time in solving system 0.10994986700097797
concluded in  8.3264737579957
Solving snapshot 0 60
36
time in solving system 5.546757648000494
time in solving system 0.1222884100061492
time in solving system 0.10857828699954553
concluded in  9.510097149999638
Solving snapshot 0 61
36
time in solving system 4.780539630999556
time in solving system 0.14198614400083898
time in solving system 0.10393687599571422
concluded in  9.643145697002183
Solving snapshot 0 62
36
time in solving system 3.3802252280001994
time in solving system 0.11755156699655345
time in solving system 0.11740237999765668
concluded in  8.688832787993306
Solving snapshot 0 63
36
time in solving system 2.414851047004049
time in solving system 0.13056639899878064
time in solving system 0.10713285300153075
concluded in  7.783327552999253
Solving snapshot 0 64
36
time in solving system 2.442662517998542
time in solving system 0.1095593470017775
time in solving system 0.10615941000287421
concluded in  8.01209583900345
Solving snapshot 0 65
36
time in solving system 2.9602788150004926
time in solving system 0.11601920099928975
time in solving system 0.1139422630003537
concluded in  8.158232379995752
Solving snapshot 0 66
36
time in solving system 4.236185403999116
time in solving system 0.10245112800475908
time in solving system 0.10535535700182663
concluded in  8.868844040000113
Solving snapshot 0 67
36
time in solving system 2.3325301200020476
time in solving system 0.1217275340022752
time in solving system 0.108045103996119
concluded in  8.496752038001432
Solving snapshot 0 68
36
time in solving system 3.0165079529979266
time in solving system 0.12871445700147888
time in solving system 0.11484254099923419
concluded in  9.307228356999985
Solving snapshot 0 69
36
time in solving system 2.3135469280023244
time in solving system 0.10621336199983489
time in solving system 0.10965484399639536
concluded in  7.3544393819975085
Solving snapshot 0 70
36
time in solving system 2.635287162003806
time in solving system 0.13862511399929645
time in solving system 0.12153132499952335
concluded in  8.000463734999357
Solving snapshot 0 71
36
time in solving system 4.5813072320015635
time in solving system 0.1191226699957042
time in solving system 0.13596669600519817
concluded in  9.33354965599574
Solving snapshot 0 72
36
time in solving system 3.455942029002472
time in solving system 0.18177937499422114
time in solving system 0.12630974499916192
concluded in  7.835614518997318
Solving snapshot 0 73
36
time in solving system 4.581756702995335
time in solving system 0.1896306239941623
time in solving system 0.17081299999699695
concluded in  8.340311628002382
Solving snapshot 0 74
36
time in solving system 4.0778345180006
time in solving system 0.2883889189979527
time in solving system 0.31831407800200395
concluded in  9.044141473001218
Solving snapshot 0 75
36
time in solving system 5.449652411996794
time in solving system 0.17721127899858402
time in solving system 0.11082987899862928
concluded in  9.97871786900214
Solving snapshot 0 76
36
time in solving system 4.640945758997987
time in solving system 0.15289738000137731
time in solving system 0.1455814939981792
concluded in  8.427641292997578
Solving snapshot 0 77
36
time in solving system 4.876078630004486
time in solving system 0.1298515899979975
time in solving system 0.11977465399831999
concluded in  9.71505884599901
Solving snapshot 0 78
36
time in solving system 4.451245201998972
time in solving system 0.1006924559987965
time in solving system 0.10797075199661776
concluded in  9.893353157000092
Solving snapshot 0 79
36
time in solving system 4.200089906997164
time in solving system 0.1104841030028183
time in solving system 0.11042705900035799
concluded in  9.326673347000906
Solving snapshot 0 80
36
time in solving system 2.2034705339974607
time in solving system 0.12770321300195064
time in solving system 0.1053026969966595
concluded in  7.898119309000322
Solving snapshot 0 81
36
time in solving system 3.2114982630009763
time in solving system 0.11685948399826884
time in solving system 0.10527637699851766
concluded in  8.341259439999703
Solving snapshot 0 82
36
time in solving system 4.244150821003132
time in solving system 0.11115179199987324
time in solving system 0.10764162499981467
concluded in  8.174105416001112
Solving snapshot 0 83
36
time in solving system 3.8840484140018816
time in solving system 0.11822155899426434
time in solving system 0.1591287490009563
concluded in  8.275516402994981
Solving snapshot 0 84
36
time in solving system 4.201476361005916
time in solving system 0.1370034610008588
time in solving system 0.11184234599932097
concluded in  7.719179578998592
Solving snapshot 0 85
36
time in solving system 3.8630197630045586
time in solving system 0.13970110299851513
time in solving system 0.10972887700336287
concluded in  7.559438489006425
Solving snapshot 0 86
36
time in solving system 4.419006482996338
time in solving system 0.20020880099764327
time in solving system 0.12516130300355144
concluded in  8.088233139002114
Solving snapshot 0 87
36
time in solving system 3.6138962329932838
time in solving system 0.11108355699980166
time in solving system 0.12773845600167988
concluded in  7.022198539998499
Solving snapshot 0 88
36
time in solving system 3.095402601000387
time in solving system 0.25345463800476864
time in solving system 0.3037584389967378
concluded in  8.049873149000632
Solving snapshot 0 89
36
time in solving system 3.659626294996997
time in solving system 0.11664255800133105
time in solving system 0.1145930069978931
concluded in  6.996306262000871
Solving snapshot 0 90
36
time in solving system 4.937033510999754
time in solving system 0.24474059000203852
time in solving system 0.28568137599359034
concluded in  9.118775428003573
Solving snapshot 0 91
36
time in solving system 4.242196461993444
time in solving system 0.2965562890021829
time in solving system 0.36013688600360183
concluded in  8.304370559002564
Solving snapshot 0 92
36
time in solving system 5.198950776000856
time in solving system 0.1123907639994286
time in solving system 0.11640866599918809
concluded in  8.367561175000446
Solving snapshot 0 93
36
time in solving system 4.525399281999853
time in solving system 0.2416200769948773
time in solving system 0.11590017400158104
concluded in  7.762439220001397
Solving snapshot 0 94
36
time in solving system 4.323825448002026
time in solving system 0.2188339660060592
time in solving system 0.24175845700665377
concluded in  7.730825360995368
Solving snapshot 0 95
36
time in solving system 4.421889737001038
time in solving system 0.1405829419963993
time in solving system 0.16113215000223136
concluded in  8.566078908996133
Solving snapshot 0 96
36
time in solving system 4.413198851994821
time in solving system 0.23792016100196633
time in solving system 0.2306989779972355
concluded in  8.378560213001037
Solving snapshot 0 97
36
time in solving system 3.6561582280046423
time in solving system 0.2429417410021415
time in solving system 0.29480363999755355
concluded in  7.51397343500139
Solving snapshot 0 98
36
time in solving system 2.560263125997153
time in solving system 0.12043097500281874
time in solving system 0.11860118299955502
concluded in  6.142099263997807
Solving snapshot 0 99
36
time in solving system 2.7674686099999235
time in solving system 0.10729661299410509
time in solving system 0.10899533199699363
concluded in  6.749248545005685
Solving snapshot 0 100
36
time in solving system 3.611920287999965
time in solving system 0.22043570400273893
time in solving system 0.1132386579993181
concluded in  8.35599858200294
Solving snapshot 0 101
36
time in solving system 3.837003355001798
time in solving system 0.20864299000095343
time in solving system 0.11855413900048006
concluded in  8.600657012997544
Solving snapshot 0 102
36
time in solving system 3.7949676670032204
time in solving system 0.23306506399967475
time in solving system 0.24051441899791826
concluded in  8.753110543999355
Solving snapshot 0 103
36
time in solving system 3.6471350059946417
time in solving system 0.1121903849998489
time in solving system 0.1522830169997178
concluded in  8.288871416007169
Solving snapshot 0 104
36
time in solving system 4.781677354003477
time in solving system 0.1643001210031798
time in solving system 0.12193436400411883
concluded in  9.834016412998608
Solving snapshot 0 105
36
time in solving system 3.5731619610014604
time in solving system 0.21157202400354436
time in solving system 0.1282073630063678
concluded in  8.50931889200001
Solving snapshot 0 106
36
time in solving system 3.912653882005543
time in solving system 0.13339143600023817
time in solving system 0.14450547899468802
concluded in  9.11501787200541
Solving snapshot 0 107
36
time in solving system 2.9195127229977516
time in solving system 0.24825322900142055
time in solving system 0.2641195329997572
concluded in  7.88273835900327
Solving snapshot 0 108
36
time in solving system 4.627911622999818
time in solving system 0.2600874709969503
time in solving system 0.30588462100422475
concluded in  9.498743422002008
Solving snapshot 0 109
36
time in solving system 3.628427470997849
time in solving system 0.11292954399687005
time in solving system 0.1907909750007093
concluded in  8.444469627997023
Solving snapshot 0 110
36
time in solving system 4.411904277003487
time in solving system 0.2721206480055116
time in solving system 0.14658260400028666
concluded in  8.6914039100011
Solving snapshot 0 111
36
time in solving system 4.027230409999902
time in solving system 0.1957664260044112
time in solving system 0.1467038339978899
concluded in  7.901300460995117
Solving snapshot 0 112
36
time in solving system 3.391226553998422
time in solving system 0.24417842899856623
time in solving system 0.22977128400088986
concluded in  7.55202561099577
Solving snapshot 0 113
36
time in solving system 3.27097113399941
time in solving system 0.1102260500047123
time in solving system 0.11199142999976175
concluded in  7.675819185002183
Solving snapshot 0 114
36
time in solving system 4.613187435999862
time in solving system 0.15647835800336907
time in solving system 0.14362875599908875
concluded in  9.061922347995278
Solving snapshot 0 115
36
time in solving system 4.735321384003328
time in solving system 0.11660314199980348
time in solving system 0.10999793299561134
concluded in  8.288681593003275
Solving snapshot 0 116
36
time in solving system 4.257943026001158
time in solving system 0.2364397539931815
time in solving system 0.16820383400045102
concluded in  8.768120109998563
Solving snapshot 0 117
36
time in solving system 4.752494647000276
time in solving system 0.1252135830000043
time in solving system 0.1292902490022243
concluded in  8.905176136999216
Solving snapshot 0 118
36
time in solving system 2.881435474002501
time in solving system 0.11259035100374604
time in solving system 0.12759824000386288
concluded in  7.157858174003195
Solving snapshot 0 119
36
time in solving system 5.574429307001992
time in solving system 0.11097962599887978
time in solving system 0.14857865100202616
concluded in  9.55453202300123
Solving snapshot 0 120
36
time in solving system 4.085334266004793
time in solving system 0.1478982500048005
time in solving system 0.11813783300021896
concluded in  9.37436834199616
Solving snapshot 0 121
36
time in solving system 4.85504776200105
time in solving system 0.23151769700052682
time in solving system 0.2432274629973108
concluded in  10.091363929997897
Solving snapshot 0 122
36
time in solving system 2.9932762999960687
time in solving system 0.13306431700038956
time in solving system 0.1310191130032763
concluded in  7.8428025060056825
Solving snapshot 0 123
36
time in solving system 3.418194958998356
time in solving system 0.1146611660005874
time in solving system 0.13167829800659092
concluded in  8.513954815003672
Solving snapshot 0 124
36
time in solving system 2.7708467960037524
time in solving system 0.12397778699960327
time in solving system 0.12138124299963238
concluded in  7.3181920439965324
Solving snapshot 0 125
36
time in solving system 4.266902445000596
time in solving system 0.2283998929997324
time in solving system 0.24446661899855826
concluded in  9.129523750001681
Solving snapshot 0 126
36
time in solving system 3.5148628120005014
time in solving system 0.11056617800204549
time in solving system 0.11382843199680792
concluded in  7.23072783700627
Solving snapshot 0 127
36
time in solving system 3.5857532060035737
time in solving system 0.23811191099957796
time in solving system 0.22725564300344558
concluded in  8.095657905003463
Solving snapshot 0 128
36
time in solving system 4.804601497999101
time in solving system 0.1236730210002861
time in solving system 0.1873873119984637
concluded in  8.615744053000526
Solving snapshot 0 129
36
time in solving system 4.008262984003522
time in solving system 0.33798015199863585
time in solving system 0.2877255729981698
concluded in  7.948745916997723
Solving snapshot 0 130
36
time in solving system 3.3846484950045124
time in solving system 0.12464350899972487
time in solving system 0.19880949999787845
concluded in  6.766595093999058
Solving snapshot 0 131
36
time in solving system 4.005259542995191
time in solving system 0.39127914100390626
time in solving system 0.3390103630008525
concluded in  7.925923138995131
Solving snapshot 0 132
36
time in solving system 2.977229752999847
time in solving system 0.15182447800179943
time in solving system 0.3909343359991908
concluded in  7.213134309997258
Solving snapshot 0 133
36
time in solving system 4.505098840003484
time in solving system 0.3545624520047568
time in solving system 0.2147148419971927
concluded in  8.65670960299758
Solving snapshot 0 134
36
time in solving system 2.866082885004289
time in solving system 0.3290897219994804
time in solving system 0.25357694800186437
concluded in  7.214682751997316
Solving snapshot 0 135
36
time in solving system 2.500169695005752
time in solving system 0.25322564300586237
time in solving system 0.3263535040023271
concluded in  6.761728299999959
Solving snapshot 0 136
36
time in solving system 2.8365070430008927
time in solving system 0.1352937049960019
time in solving system 0.11417890199663816
concluded in  6.420968728001753
Solving snapshot 0 137
36
time in solving system 3.2153092350054067
time in solving system 0.10193170200363966
time in solving system 0.1125700330012478
concluded in  8.934798964997754
Solving snapshot 0 138
36
time in solving system 2.390095996997843
time in solving system 0.10164785900269635
time in solving system 0.09827581300487509
concluded in  7.539896100999613
Solving snapshot 0 139
36
time in solving system 3.200196990997938
time in solving system 0.11566011399554554
time in solving system 0.11243252699932782
concluded in  8.465529177999997
Solving snapshot 0 140
36
time in solving system 4.1177175890043145
time in solving system 0.10790856800304027
time in solving system 0.10734628000500379
concluded in  8.7987396430035
Solving snapshot 0 141
36
time in solving system 2.2363734760001535
time in solving system 0.11175066500436515
time in solving system 0.10562376899906667
concluded in  7.150351702999615
Solving snapshot 0 142
36
time in solving system 4.183151536999503
time in solving system 0.11020567100058543
time in solving system 0.10887866400298662
concluded in  8.599386729998514
Solving snapshot 0 143
36
time in solving system 3.058538117002172
time in solving system 0.12685402499482734
time in solving system 0.11325305100035621
concluded in  6.867504863999784
Solving snapshot 0 144
36
time in solving system 2.9645375050022267
time in solving system 0.11622333099512616
time in solving system 0.1924986660014838
concluded in  7.440303704999678
Solving snapshot 0 145
36
time in solving system 2.6763173159997677
time in solving system 0.13310530399758136
time in solving system 0.18889555300120264
concluded in  6.127436230002786
Solving snapshot 0 146
36
time in solving system 3.916627652994066
time in solving system 0.12713118200190365
time in solving system 0.13784168699930888
concluded in  8.682588830997702
Solving snapshot 0 147
36
time in solving system 3.5766277859947877
time in solving system 0.1976446569969994
time in solving system 0.16809988699969836
concluded in  7.389651707002486
Solving snapshot 0 148
36
time in solving system 4.1119090909996885
time in solving system 0.29724951600655913
time in solving system 0.3795702510033152
concluded in  8.37845804200333
Solving snapshot 0 149
36
time in solving system 4.799190666999493
time in solving system 0.23192704500252148
time in solving system 0.23474756799987517
concluded in  8.938077841004997
Solving snapshot 0 150
36
time in solving system 4.7811990510017495
time in solving system 0.13030233500467148
time in solving system 0.19322469799953979
concluded in  8.50620563600387
Solving snapshot 0 151
36
time in solving system 4.14126308500272
time in solving system 0.22365514800185338
time in solving system 0.17109820599580416
concluded in  7.817786975996569
Solving snapshot 0 152
36
time in solving system 4.224217739996675
time in solving system 0.3657312209979864
time in solving system 0.2639254749956308
concluded in  8.368056102997798
Solving snapshot 0 153
36
time in solving system 3.124470584007213
time in solving system 0.3252161359996535
time in solving system 0.30419291200087173
concluded in  6.995071359000576
Solving snapshot 0 154
36
time in solving system 3.7834533479981474
time in solving system 0.26334588499594247
time in solving system 0.26100453799881507
concluded in  7.902289035999274
Solving snapshot 0 155
36
time in solving system 4.123054615003639
time in solving system 0.18406948800111422
time in solving system 0.13235530800011475
concluded in  8.224264263997611
Solving snapshot 0 156
36
time in solving system 3.658743747997505
time in solving system 0.31511603399849264
time in solving system 0.3014133979959297
concluded in  7.818156590001308
Solving snapshot 0 157
36
time in solving system 4.1153408419995685
time in solving system 0.3016649979981594
time in solving system 0.4111968360011815
concluded in  8.430624594999244
Solving snapshot 0 158
36
time in solving system 4.313797644994338
time in solving system 0.2549949160020333
time in solving system 0.15438917300343746
concluded in  8.05515043700143
Solving snapshot 0 159
36
time in solving system 2.8086293939995812
time in solving system 0.11816113399981987
time in solving system 0.12238649099890608
concluded in  6.286800934001803
Solving snapshot 0 160
36
time in solving system 4.007866390995332
time in solving system 0.15811317499901634
time in solving system 0.3354107289997046
concluded in  9.109658333996776
Solving snapshot 0 161
36
time in solving system 4.452924356002768
time in solving system 0.232597727997927
time in solving system 0.27405439199355897
concluded in  8.278580306003278
Solving snapshot 0 162
36
time in solving system 4.871323460996791
time in solving system 0.15669728800276062
time in solving system 0.13495345000410452
concluded in  8.707269699996687
Solving snapshot 0 163
36
time in solving system 2.697631524002645
time in solving system 0.20655250900017563
time in solving system 0.2900360819985508
concluded in  6.3004737090013805
Solving snapshot 0 164
36
time in solving system 4.794816278001235
time in solving system 0.1861291210007039
time in solving system 0.13159106000239262
concluded in  8.310415753003326
Solving snapshot 0 165
36
time in solving system 4.330009881996375
time in solving system 0.15496438300033333
time in solving system 0.12018054899817798
concluded in  7.353114282996103
Solving snapshot 0 166
36
time in solving system 3.4090051149978535
time in solving system 0.14485536400025012
time in solving system 0.16261146300530527
concluded in  7.2021328559931135
Solving snapshot 0 167
36
time in solving system 4.0559008740019635
time in solving system 0.24590935699961847
time in solving system 0.27572603700537
concluded in  8.456243854001514
Solving snapshot 0 168
36
time in solving system 3.771209733997239
time in solving system 0.11251714900572551
time in solving system 0.11245091900491389
concluded in  7.955492213004618
Solving snapshot 0 169
36
time in solving system 3.282112505999976
time in solving system 0.10862479600473307
time in solving system 0.10712407400569646
concluded in  8.547019254998304
Solving snapshot 0 170
36
time in solving system 3.99248513099883
time in solving system 0.2492912130037439
time in solving system 0.23760790399683174
concluded in  8.981383263002499
Solving snapshot 0 171
36
time in solving system 2.3024063239936368
time in solving system 0.24485402800200973
time in solving system 0.23335594400123227
concluded in  8.259124800999416
Solving snapshot 0 172
36
time in solving system 2.851904914001352
time in solving system 0.11695521399815334
time in solving system 0.11603854699933436
concluded in  7.1721385619966895
Solving snapshot 0 173
36
time in solving system 2.2228746200053138
time in solving system 0.1306435220030835
time in solving system 0.1135898449938395
concluded in  6.459902538001188
Solving snapshot 0 174
36
time in solving system 2.5622211809968576
time in solving system 0.13477786099974765
time in solving system 0.11198617199988803
concluded in  7.110216268993099
Solving snapshot 0 175
36
time in solving system 4.052897490997566
time in solving system 0.28023495100205764
time in solving system 0.3757786100031808
concluded in  10.045922639001219
Solving snapshot 0 176
36
time in solving system 4.1290245769996545
time in solving system 0.5405241539992858
time in solving system 0.19295953300024848
concluded in  9.32826328099327
Solving snapshot 0 177
36
time in solving system 4.43239021699992
time in solving system 0.12174149999918882
time in solving system 0.214418540999759
concluded in  8.736240929996711
Solving snapshot 0 178
36
time in solving system 4.8021943630010355
time in solving system 0.23681345600198256
time in solving system 0.20958537599653937
concluded in  8.371565542998724
Solving snapshot 0 179
36
time in solving system 4.570366913998441
time in solving system 0.19396777200017823
time in solving system 0.27924832999997307
concluded in  10.039923406002345
Solving snapshot 0 180
36
time in solving system 4.502114258000802
time in solving system 0.2715197249999619
time in solving system 0.2509626500032027
concluded in  8.623087644002226
Solving snapshot 0 181
36
time in solving system 3.022098993002146
time in solving system 0.11309478700422915
time in solving system 0.11649405599746387
concluded in  6.607032553998579
Solving snapshot 0 182
36
time in solving system 4.322872810000263
time in solving system 0.11258931199699873
time in solving system 0.1674220269997022
concluded in  8.341740410003695
Solving snapshot 0 183
36
time in solving system 3.8695655389965395
time in solving system 0.15160551799635869
time in solving system 0.11804153499542736
concluded in  8.014738712001417
Solving snapshot 0 184
36
time in solving system 4.1333536579986685
time in solving system 0.11279204900347395
time in solving system 0.1144379530014703
concluded in  8.056994193000719
Solving snapshot 0 185
36
time in solving system 3.6540112310030963
time in solving system 0.12382163800066337
time in solving system 0.11050082900328562
concluded in  7.32529261700256
Solving snapshot 0 186
36
time in solving system 3.314786359005666
time in solving system 0.1197412900000927
time in solving system 0.14539404200331774
concluded in  7.610881856002379
Solving snapshot 0 187
36
time in solving system 5.312455291998049
time in solving system 0.12411514700215776
time in solving system 0.10624138799903449
concluded in  9.599761391000357
Solving snapshot 0 188
36
time in solving system 5.241193203997682
time in solving system 0.1142170739985886
time in solving system 0.10773560000234284
concluded in  9.458620814999449
Solving snapshot 0 189
36
time in solving system 5.577604099999007
time in solving system 0.10511156700522406
time in solving system 0.1060731859979569
concluded in  9.71057434300019
Solving snapshot 0 190
36
time in solving system 4.53064709300088
time in solving system 0.12667961599800037
time in solving system 0.11419657800433924
concluded in  9.597439925993967
Solving snapshot 0 191
36
time in solving system 1.9734192620016984
time in solving system 0.10863082700234372
time in solving system 0.10716636200231733
concluded in  7.530515482998453
Solving snapshot 0 192
36
time in solving system 2.4922228810028173
time in solving system 0.12515814800281078
time in solving system 0.11311687200213782
concluded in  8.567020099995716
Solving snapshot 0 193
36
time in solving system 2.8921704970052815
time in solving system 0.11175705100322375
time in solving system 0.11399071000050753
concluded in  7.6941861560044345
Solving snapshot 0 194
36
time in solving system 4.910249478998594
time in solving system 0.1394740190007724
time in solving system 0.10898595400067279
concluded in  9.19285887600563
Solving snapshot 0 195
36
time in solving system 4.7399593829977675
time in solving system 0.1189385960024083
time in solving system 0.10206388899678132
concluded in  9.141885935998289
Solving snapshot 0 196
36
time in solving system 4.318095218004601
time in solving system 0.12748800800181925
time in solving system 0.10852045299543533
concluded in  8.913717251998605
Solving snapshot 0 197
36
time in solving system 4.550270810999791
time in solving system 0.11172290100512328
time in solving system 0.10556641899893293
concluded in  8.302880807001202
Solving snapshot 0 198
36
time in solving system 4.727583126994432
time in solving system 0.11985912199452287
time in solving system 0.17886174600425875
concluded in  8.389488439999695
Solving snapshot 0 199
36
time in solving system 4.465368786994077
time in solving system 0.13612621499487432
time in solving system 0.14009185299801175
concluded in  8.037509094996494
Solving snapshot 0 200
36
time in solving system 4.916290207998827
time in solving system 0.14404811600252287
time in solving system 0.12069688700285042
concluded in  8.04379433199938
Solving snapshot 0 201
36
time in solving system 5.260816256995895
time in solving system 0.20851471199421212
time in solving system 0.11996643200109247
concluded in  8.767136138994829
Solving snapshot 0 202
36
time in solving system 5.681693684004131
time in solving system 0.10505824299616506
time in solving system 0.1120356610044837
concluded in  8.944929338002112
Solving snapshot 0 203
36
time in solving system 3.2511374919995433
time in solving system 0.12052450600458542
time in solving system 0.11737903400353389
concluded in  8.400149317996693
Solving snapshot 0 204
36
time in solving system 6.398085036998964
time in solving system 0.10948471699521178
time in solving system 0.10936052499891957
concluded in  9.53595225099707
Solving snapshot 0 205
36
time in solving system 4.955894151004031
time in solving system 0.10816106799757108
time in solving system 0.10844954699859954
concluded in  9.797261193998565
Solving snapshot 0 206
36
time in solving system 3.1239622619978036
time in solving system 0.1138057620046311
time in solving system 0.10453899900312535
concluded in  8.39784206799959
Solving snapshot 0 207
36
time in solving system 2.292624405003153
time in solving system 0.12013273699994897
time in solving system 0.11012454100273317
concluded in  8.157653652997396
Solving snapshot 0 208
36
time in solving system 3.3528945189973456
time in solving system 0.10324349300208269
time in solving system 0.10325989999546437
concluded in  8.535054544998275
Solving snapshot 0 209
36
time in solving system 3.8430461379975895
time in solving system 0.13337023900385248
time in solving system 0.11757510800089221
concluded in  8.831004350002331
Solving snapshot 0 210
36
time in solving system 3.3599026149968267
time in solving system 0.2644423409947194
time in solving system 0.310014314003638
concluded in  8.774000910998438
Solving snapshot 0 211
36
time in solving system 2.792108672998438
time in solving system 0.1779811790038366
time in solving system 0.11203979900164995
concluded in  7.85103731900017
Solving snapshot 0 212
36
time in solving system 2.8183716610001284
time in solving system 0.11865908199979458
time in solving system 0.17453265500080306
concluded in  7.417311076002079
Solving snapshot 0 213
36
time in solving system 4.632751437995466
time in solving system 0.11495683900284348
time in solving system 0.10929585799749475
concluded in  8.455889891003608
Solving snapshot 0 214
36
time in solving system 5.320099038995977
time in solving system 0.15310235100332648
time in solving system 0.1257812140029273
concluded in  9.136521489999723
Solving snapshot 0 215
36
time in solving system 2.5813524379991577
time in solving system 0.11152357800165191
time in solving system 0.11026858600234846
concluded in  7.538651214999845
Solving snapshot 0 216
36
time in solving system 4.5816518909996375
time in solving system 0.1315289220001432
time in solving system 0.11576941500243265
concluded in  9.436912936995213
Solving snapshot 0 217
36
time in solving system 3.6008227069978602
time in solving system 0.10413259800407104
time in solving system 0.10944976099563064
concluded in  8.387376170001517
Solving snapshot 0 218
36
time in solving system 2.9492257719975896
time in solving system 0.11321064299409045
time in solving system 0.107596730995283
concluded in  8.877987036998093
Solving snapshot 0 219
36
time in solving system 3.575387621000118
time in solving system 0.11261685699719237
time in solving system 0.11833018100151094
concluded in  8.140600740000082
Solving snapshot 0 220
36
time in solving system 4.341416210998432
time in solving system 0.10717468200164149
time in solving system 0.10364216699963436
concluded in  8.723704256000929
Solving snapshot 0 221
36
time in solving system 5.607478222002101
time in solving system 0.11519622700143373
time in solving system 0.10861309699976118
concluded in  10.101988215996244
Solving snapshot 0 222
36
time in solving system 3.2365628509942326
time in solving system 0.11939825500303414
time in solving system 0.11993395899480674
concluded in  7.407553430995904
Solving snapshot 0 223
36
time in solving system 3.7192731719987933
time in solving system 0.12018390499724774
time in solving system 0.1275804609977058
concluded in  7.592888587001653
Solving snapshot 0 224
36
time in solving system 4.553840094005864
time in solving system 0.14707170899782795
time in solving system 0.1948669900011737
concluded in  8.727064466002048
Solving snapshot 0 225
36
time in solving system 3.6616282549948664
time in solving system 0.14133377200050745
time in solving system 0.15823812099552015
concluded in  7.48961594299908
Solving snapshot 0 226
36
time in solving system 3.9989011299985577
time in solving system 0.11350244200002635
time in solving system 0.10646505299519049
concluded in  7.417847058000916
Solving snapshot 0 227
36
time in solving system 3.562324847000127
time in solving system 0.1139473859948339
time in solving system 0.16334097200160613
concluded in  8.322012076001556
Solving snapshot 0 228
36
time in solving system 5.119306223001331
time in solving system 0.1544360520056216
time in solving system 0.14295747999858577
concluded in  9.213351876998786
Solving snapshot 0 229
36
time in solving system 3.7408057909997297
time in solving system 0.23821736499667168
time in solving system 0.2145332030049758
concluded in  9.01237498500268
Solving snapshot 0 230
36
time in solving system 3.4929388529999414
time in solving system 0.2416291320041637
time in solving system 0.26570587300375337
concluded in  8.184320425003534
Solving snapshot 0 231
36
time in solving system 3.3703038649982773
time in solving system 0.23374793399852933
time in solving system 0.17255568099790253
concluded in  8.081858595993253
Solving snapshot 0 232
36
time in solving system 2.409983377001481
time in solving system 0.22650716399948578
time in solving system 0.11397978800232522
concluded in  7.305802394999773
Solving snapshot 0 233
36
time in solving system 3.034474398002203
time in solving system 0.13156601099763066
time in solving system 0.10688521900010528
concluded in  7.317236969000078
Solving snapshot 0 234
36
time in solving system 3.5270916520021274
time in solving system 0.11241554400476161
time in solving system 0.11128253799688537
concluded in  7.676688810999622
Solving snapshot 0 235
36
time in solving system 4.219717292005953
time in solving system 0.12787710299744504
time in solving system 0.11048622900125338
concluded in  8.533496940995974
Solving snapshot 0 236
36
time in solving system 4.894241075999162
time in solving system 0.14921698599937372
time in solving system 0.19823186700523365
concluded in  9.923761585996544
Solving snapshot 0 237
36
time in solving system 2.7157857769998373
time in solving system 0.23204777899809415
time in solving system 0.1875344690051861
concluded in  6.437259815000289
Solving snapshot 0 238
36
time in solving system 3.697051653005474
time in solving system 0.2547382289994857
time in solving system 0.1784326350025367
concluded in  8.642940609999641
Solving snapshot 0 239
36
time in solving system 3.9525056860002223
time in solving system 0.09777322599984473
time in solving system 0.1033704880028381
concluded in  7.899015445997065
Solving snapshot 0 240
36
time in solving system 2.9063541860014084
time in solving system 0.13461383299727459
time in solving system 0.1282478969951626
concluded in  7.154320630004804
Solving snapshot 0 241
36
time in solving system 3.2963761489954777
time in solving system 0.20839716600312386
time in solving system 0.13869908900232986
concluded in  7.967422008005087
Solving snapshot 0 242
36
time in solving system 1.9964238320026197
time in solving system 0.23817517400311772
time in solving system 0.23011731800215784
concluded in  7.654040731998975
Solving snapshot 0 243
36
time in solving system 2.485924692999106
time in solving system 0.11486385699390667
time in solving system 0.11553955099952873
concluded in  8.001347746001557
Solving snapshot 0 244
36
time in solving system 2.976025717005541
time in solving system 0.11133419100224273
time in solving system 0.11173387600138085
concluded in  8.237739647003764
Solving snapshot 0 245
36
time in solving system 2.1988437980035087
time in solving system 0.26883668600203237
time in solving system 0.2246453800034942
concluded in  7.382621926997672
Solving snapshot 0 246
36
time in solving system 2.3038396640040446
time in solving system 0.11079098500340478
time in solving system 0.10758220499701565
concluded in  7.615469858996221
Solving snapshot 0 247
36
time in solving system 3.3300153219970525
time in solving system 0.11224197699630167
time in solving system 0.11174709999613697
concluded in  8.010368126000685
Solving snapshot 0 248
36
time in solving system 4.29644344800181
time in solving system 0.1335897879980621
time in solving system 0.12827410700265318
concluded in  8.501678184999037
Solving snapshot 0 249
36
time in solving system 5.235136862000218
time in solving system 0.10644695100199897
time in solving system 0.09919193599489518
concluded in  8.779098077000526
Solving snapshot 0 250
36
time in solving system 4.1615957410031115
time in solving system 0.13673707399721025
time in solving system 0.11980468399997335
concluded in  8.454025815997738
Solving snapshot 0 251
36
time in solving system 3.8370735560019966
time in solving system 0.1368443239989574
time in solving system 0.10714610300055938
concluded in  7.994408118000138
Solving snapshot 0 252
36
time in solving system 3.082267272999161
time in solving system 0.12151127700053621
time in solving system 0.1604718890012009
concluded in  7.732957731997885
Solving snapshot 0 253
36
time in solving system 3.359698524000123
time in solving system 0.1480459590020473
time in solving system 0.10606087400083197
concluded in  7.555575256999873
Solving snapshot 0 254
36
time in solving system 4.342175441997824
time in solving system 0.11208982800599188
time in solving system 0.1404620219982462
concluded in  7.917874108999968
Solving snapshot 0 255
36
time in solving system 4.426422516000457
time in solving system 0.15257556299911812
time in solving system 0.12385885500407312
concluded in  8.086731262003013
Solving snapshot 0 256
36
time in solving system 4.079150504003337
time in solving system 0.24012570399645483
time in solving system 0.2789073539970559
concluded in  8.54183487699629
Solving snapshot 0 257
36
time in solving system 4.618403578999278
time in solving system 0.12847578000219073
time in solving system 0.11067787499632686
concluded in  8.58227184399584
Solving snapshot 0 258
36
time in solving system 3.87906810700224
time in solving system 0.14529638800013345
time in solving system 0.15099380900210235
concluded in  8.05606606299989
Solving snapshot 0 259
36
time in solving system 3.303762513001857
time in solving system 0.11858621199644404
time in solving system 0.11031235900009051
concluded in  6.957968306000112
Solving snapshot 0 260
36
time in solving system 2.8064484009955777
time in solving system 0.10670688100071857
time in solving system 0.10568101499666227
concluded in  7.4994840229992406
Solving snapshot 0 261
36
time in solving system 3.5937591600013548
time in solving system 0.11242322400357807
time in solving system 0.1403359489995637
concluded in  7.913467792001029
Solving snapshot 0 262
36
time in solving system 3.4812869249944924
time in solving system 0.12085607599874493
time in solving system 0.11476923800364602
concluded in  9.29195702799916
Solving snapshot 0 263
36
time in solving system 3.608351987997594
time in solving system 0.17169882400048664
time in solving system 0.12271862500347197
concluded in  8.720913692006434
Solving snapshot 0 264
36
time in solving system 3.9842581119955867
time in solving system 0.2607400669949129
time in solving system 0.24745532099768752
concluded in  9.29942168800335
Solving snapshot 0 265
36
time in solving system 4.187786880000203
time in solving system 0.1132920739983092
time in solving system 0.11432912699820008
concluded in  9.825145288996282
Solving snapshot 0 266
36
time in solving system 3.6982325979988673
time in solving system 0.14590927000244847
time in solving system 0.10763551099807955
concluded in  8.140908257002593
Solving snapshot 0 267
36
time in solving system 3.707599007997487
time in solving system 0.24467803099832963
time in solving system 0.26838418900297256
concluded in  7.859582499004318
Solving snapshot 0 268
36
time in solving system 3.7958216660044855
time in solving system 0.2343789160004235
time in solving system 0.11254404400096973
concluded in  8.206111901999975
Solving snapshot 0 269
36
time in solving system 2.8818446780060185
time in solving system 0.10986301799857756
time in solving system 0.1135912730023847
concluded in  6.466695475995948
Solving snapshot 0 270
36
time in solving system 4.052499199002341
time in solving system 0.14453058800427243
time in solving system 0.11410404599882895
concluded in  8.381986173000769
Solving snapshot 0 271
36
time in solving system 3.1465682959969854
time in solving system 0.1143027330035693
time in solving system 0.12104817599902162
concluded in  8.31561414799944
Solving snapshot 0 272
36
time in solving system 4.110436028000549
time in solving system 0.17342075299529824
time in solving system 0.10643414399964968
concluded in  8.719900916003098
Solving snapshot 0 273
36
time in solving system 3.80866781900113
time in solving system 0.10896020600193879
time in solving system 0.152692092997313
concluded in  8.155115013993054
Solving snapshot 0 274
36
time in solving system 3.092854256996361
time in solving system 0.23154425599932438
time in solving system 0.21782602299936116
concluded in  7.724998662000871
Solving snapshot 0 275
36
time in solving system 3.162254896997183
time in solving system 0.1063230729996576
time in solving system 0.11696356500033289
concluded in  7.281211945002724
Solving snapshot 0 276
36
time in solving system 4.176014719996601
time in solving system 0.17186631599906832
time in solving system 0.12813254699722165
concluded in  8.034859071005485
Solving snapshot 0 277
36
time in solving system 3.9032560100022238
time in solving system 0.11119586700078798
time in solving system 0.11031290499522584
concluded in  7.333587403998536
Solving snapshot 0 278
36
time in solving system 3.915765106001345
time in solving system 0.2603618579960312
time in solving system 0.13929091799946036
concluded in  8.41959763399791
Solving snapshot 0 279
36
time in solving system 4.067668276999029
time in solving system 0.11513656299939612
time in solving system 0.15460619200166548
concluded in  7.809903018998739
Solving snapshot 0 280
36
time in solving system 3.401553748000879
time in solving system 0.15685960699920543
time in solving system 0.12135754100017948
concluded in  7.390598654004862
Solving snapshot 0 281
36
time in solving system 2.8228104849986266
time in solving system 0.10551778200169792
time in solving system 0.10330730799614685
concluded in  6.629793963002157
Solving snapshot 0 282
36
time in solving system 2.514134851997369
time in solving system 0.11084462400322082
time in solving system 0.09851310000522062
concluded in  6.449226997006917
Solving snapshot 0 283
36
time in solving system 2.635343625996029
time in solving system 0.10059982200618833
time in solving system 0.10260665800160496
concluded in  6.203990554000484
Solving snapshot 0 284
36
time in solving system 2.9937743179980316
time in solving system 0.10903957900154637
time in solving system 0.0949258539985749
concluded in  6.502551344994572
Solving snapshot 0 285
36
time in solving system 2.4949778000009246
time in solving system 0.11311348999879556
time in solving system 0.10533814700465882
concluded in  6.599634807003895
Solving snapshot 0 286
36
time in solving system 2.3827570700013894
time in solving system 0.1061522829986643
time in solving system 0.10238513399963267
concluded in  6.054196480996325
Solving snapshot 0 287
36
time in solving system 2.158048213001166
time in solving system 0.20000072899711085
time in solving system 0.12866077999933623
concluded in  5.642047427005309
Solving snapshot 0 288
36
time in solving system 2.987474832996668
time in solving system 0.10669312599929981
time in solving system 0.11149520299659343
concluded in  6.557711286004633
Solving snapshot 0 289
36
time in solving system 2.2433525870001176
time in solving system 0.10498408100102097
time in solving system 0.10474985199834919
concluded in  5.683774306002306
Solving snapshot 0 290
36
time in solving system 2.302590814004361
time in solving system 0.10697605400491739
time in solving system 0.1041896539973095
concluded in  6.019103017002635
Solving snapshot 0 291
36
time in solving system 1.8175348049990134
time in solving system 0.10486092000064673
time in solving system 0.10706048399879364
concluded in  5.318961605000368
Solving snapshot 0 292
36
time in solving system 1.7381369479990099
time in solving system 0.10835614900133805
time in solving system 0.1985425730017596
concluded in  4.800804724000045
Solving snapshot 0 293
36
time in solving system 1.7728222250007093
time in solving system 0.1089609000046039
time in solving system 0.08580964900465915
concluded in  4.438954570992792
Solving snapshot 0 294
36
time in solving system 1.6107374689963763
time in solving system 0.09655946899874834
time in solving system 0.08626498400553828
concluded in  4.162637476998498
Solving snapshot 0 295
36
time in solving system 1.5296221959943068
time in solving system 0.09829786999762291
time in solving system 0.0856193949948647
concluded in  4.21646863600472
Solving snapshot 0 296
36
time in solving system 1.501281093005673
time in solving system 0.09654586399847176
time in solving system 0.08634783500019694
concluded in  3.9961132030002773
Solving snapshot 0 297
36
time in solving system 1.5606785929994658
time in solving system 0.10129966100066667
time in solving system 0.08537758199963719
concluded in  4.048002402996644
Solving snapshot 0 298
36
time in solving system 1.5732943510010955
time in solving system 0.09693827299633995
time in solving system 0.08660024299751967
concluded in  4.069726052002807
Solving snapshot 0 299
36
time in solving system 1.6146349610062316
time in solving system 0.09705145599582465
time in solving system 0.0872345609968761
concluded in  4.282518034997338
[]
Not completed: []
