Solving not completed simulation: 0-th chance
Solving snapshot 0 0
36
time in solving system 4.9767085630010115
time in solving system 0.21762851200037403
time in solving system 0.2307139989989082
concluded in  10.997884734000763
Solving snapshot 0 1
36
time in solving system 5.390313481999328
time in solving system 0.1470687889996043
time in solving system 0.20938084099907428
concluded in  10.93093107400091
Solving snapshot 0 2
36
time in solving system 3.9846336470000097
time in solving system 0.21375003299908713
time in solving system 0.15710207000120135
concluded in  9.661858216000837
Solving snapshot 0 3
36
time in solving system 4.608958025000902
time in solving system 0.20453554399864515
time in solving system 0.2279042849986581
concluded in  10.122143593000146
Solving snapshot 0 4
36
time in solving system 4.372052677999818
time in solving system 0.16424052299953473
time in solving system 0.24467921500036027
concluded in  10.31736455600003
Solving snapshot 0 5
36
time in solving system 4.018196337001427
time in solving system 0.35870084399903135
time in solving system 0.3083427620003931
concluded in  10.18872825499966
Solving snapshot 0 6
36
time in solving system 4.822857129000113
time in solving system 0.34916599099960877
time in solving system 0.20811154300099588
concluded in  11.299399722998714
Solving snapshot 0 7
36
time in solving system 5.156346797999504
time in solving system 0.24384116500004893
time in solving system 0.18463403100031428
concluded in  11.385007978999056
Solving snapshot 0 8
36
time in solving system 5.096013042999402
time in solving system 0.2470926869991672
time in solving system 0.2617144289997668
concluded in  11.77415000199835
Solving snapshot 0 9
36
time in solving system 5.22808265599997
time in solving system 0.24241098899983626
time in solving system 0.26165739799944276
concluded in  12.105855558000258
Solving snapshot 0 10
36
time in solving system 5.0902978439989965
time in solving system 0.16629658499914513
time in solving system 0.21036747899961483
concluded in  10.66888556900085
Solving snapshot 0 11
36
time in solving system 4.354829133999374
time in solving system 0.2706057150007837
time in solving system 0.18616164400009438
concluded in  10.914786336999896
Solving snapshot 0 12
36
time in solving system 4.5905854800003
time in solving system 0.22410802600097668
time in solving system 0.3269286300001113
concluded in  10.780393465998714
Solving snapshot 0 13
36
time in solving system 3.8401286010011972
time in solving system 0.2079361500000232
time in solving system 0.17322139800126024
concluded in  9.623771517999558
Solving snapshot 0 14
36
time in solving system 3.1800499620003393
time in solving system 0.1585359669988975
time in solving system 0.17683445800139452
concluded in  8.943277811998996
Solving snapshot 0 15
36
time in solving system 3.2758127709985274
time in solving system 0.13409538300038548
time in solving system 0.13771504500073206
concluded in  9.86261056299918
Solving snapshot 0 16
36
time in solving system 3.268361624001045
time in solving system 0.1968012630004523
time in solving system 0.2039417729993147
concluded in  10.328240850998554
Solving snapshot 0 17
36
time in solving system 3.1848304129998724
time in solving system 0.24088665899944317
time in solving system 0.21724295300009544
concluded in  9.861421256999165
Solving snapshot 0 18
36
time in solving system 3.144020317999093
time in solving system 0.2261368189992936
time in solving system 0.17443906300104572
concluded in  8.974299446999794
Solving snapshot 0 19
36
time in solving system 3.066017659000863
time in solving system 0.23031432000061614
time in solving system 0.15715887099941028
concluded in  9.312269419000586
Solving snapshot 0 20
36
time in solving system 3.4130791870011308
time in solving system 0.17326860100001795
time in solving system 0.14086711999880208
concluded in  9.979249178000828
Solving snapshot 0 21
36
time in solving system 2.986231566999777
time in solving system 0.2095676659992023
time in solving system 0.15947004999907222
concluded in  9.681944078000015
Solving snapshot 0 22
36
time in solving system 3.2567335510011617
time in solving system 0.13743296200118493
time in solving system 0.13207043299917132
concluded in  9.336251364000418
Solving snapshot 0 23
36
time in solving system 3.4003029909999896
time in solving system 0.1722583000009763
time in solving system 0.2387636889998248
concluded in  10.042672964000303
Solving snapshot 0 24
36
time in solving system 3.999453098000231
time in solving system 0.17161800100075197
time in solving system 0.14360116200077755
concluded in  10.216012788998341
Solving snapshot 0 25
36
time in solving system 4.032911382000748
time in solving system 0.22141863199976797
time in solving system 0.2820722019987443
concluded in  11.194742567000503
Solving snapshot 0 26
36
time in solving system 4.199549209000907
time in solving system 0.24619342900041374
time in solving system 0.19434357400132285
concluded in  10.718568327998582
Solving snapshot 0 27
36
time in solving system 4.066715700999339
time in solving system 0.3534407919996738
time in solving system 0.37653751600009855
concluded in  11.03923150800074
Solving snapshot 0 28
36
time in solving system 5.198840561999532
time in solving system 0.22507494900128222
time in solving system 0.22789278799973545
concluded in  11.363273642000422
Solving snapshot 0 29
36
time in solving system 4.431927637999252
time in solving system 0.27200430799894093
time in solving system 0.21669946300062293
concluded in  10.604943272999662
Solving snapshot 0 30
36
time in solving system 4.282495171000846
time in solving system 0.2899464239999361
time in solving system 0.30017570499876456
concluded in  10.478353279999283
Solving snapshot 0 31
36
time in solving system 3.565091897999082
time in solving system 0.27475164600036805
time in solving system 0.2551421450007183
concluded in  9.56617576499957
Solving snapshot 0 32
36
time in solving system 4.034236628000144
time in solving system 0.276559695999822
time in solving system 0.20600496900078724
concluded in  10.14930379800171
Solving snapshot 0 33
36
time in solving system 3.5795309559998714
time in solving system 0.17373019899969222
time in solving system 0.17976036700019904
concluded in  9.641159426999366
Solving snapshot 0 34
36
time in solving system 3.188575923000826
time in solving system 0.16762676399957854
time in solving system 0.1623996039998019
concluded in  9.772690809000778
Solving snapshot 0 35
36
time in solving system 3.4766728469985537
time in solving system 0.22604808500000217
time in solving system 0.20795390599960228
concluded in  9.749452435000421
Solving snapshot 0 36
36
time in solving system 3.296472302999973
time in solving system 0.18518384100025287
time in solving system 0.16869352699904994
concluded in  9.532165815999178
Solving snapshot 0 37
36
time in solving system 2.8163756569992984
time in solving system 0.14986434599995846
time in solving system 0.12454042399986065
concluded in  8.738011732000814
Solving snapshot 0 38
36
time in solving system 2.6645745059995534
time in solving system 0.13790384200001427
time in solving system 0.12912236800002574
concluded in  9.075632564999978
Solving snapshot 0 39
36
time in solving system 2.8807487479989504
time in solving system 0.15461008899910667
time in solving system 0.1261896579999302
concluded in  10.129848869999478
Solving snapshot 0 40
36
time in solving system 2.863485218000278
time in solving system 0.16224218899878906
time in solving system 0.13934544999938225
concluded in  10.704968902999099
Solving snapshot 0 41
36
time in solving system 2.863321029999497
time in solving system 0.16204512600052112
time in solving system 0.14688668999951915
concluded in  11.476800348000324
Solving snapshot 0 42
36
time in solving system 3.2287168169987126
time in solving system 0.20751476799887314
time in solving system 0.18112896099955833
concluded in  11.274578456999734
Solving snapshot 0 43
36
time in solving system 3.0287625450000633
time in solving system 0.16662533999988227
time in solving system 0.1533214949995454
concluded in  10.24038345900044
Solving snapshot 0 44
36
time in solving system 3.231068735000008
time in solving system 0.17817787999956636
time in solving system 0.17640757800108986
concluded in  10.643484935999368
Solving snapshot 0 45
36
time in solving system 3.525860116000331
time in solving system 0.178530352000962
time in solving system 0.1524699760011572
concluded in  10.385364288000346
Solving snapshot 0 46
36
time in solving system 3.5340339340000355
time in solving system 0.16312663399912708
time in solving system 0.23297253199962142
concluded in  10.607701228000224
Solving snapshot 0 47
36
time in solving system 4.370225794000362
time in solving system 0.29906320499867434
time in solving system 0.29684531500060984
concluded in  11.63242165200063
Solving snapshot 0 48
36
time in solving system 3.754452739998669
time in solving system 0.16578428000138956
time in solving system 0.1670711709994066
concluded in  9.735539985000287
Solving snapshot 0 49
36
time in solving system 3.9442996390007465
time in solving system 0.3544521310013806
time in solving system 0.25985355299962976
concluded in  10.610686825000812
Solving snapshot 0 50
36
time in solving system 3.261642835999737
time in solving system 0.2521777830006613
time in solving system 0.21962893700037966
concluded in  9.061377070000162
Solving snapshot 0 51
36
time in solving system 3.536819060000198
time in solving system 0.19082645600065007
time in solving system 0.2623968009993405
concluded in  9.611149476000719
Solving snapshot 0 52
36
time in solving system 3.079677565001475
time in solving system 0.2449958710003557
time in solving system 0.18746938799995405
concluded in  9.684981716000038
Solving snapshot 0 53
36
time in solving system 3.324380251999173
time in solving system 0.20980567999868072
time in solving system 0.13273916899925098
concluded in  9.617879553999956
Solving snapshot 0 54
36
time in solving system 3.6811650459985685
time in solving system 0.17154136399949493
time in solving system 0.2289359960013826
concluded in  10.201919547000216
Solving snapshot 0 55
36
time in solving system 4.050705431000097
time in solving system 0.2752373070015892
time in solving system 0.2596673380012362
concluded in  10.969900447000327
Solving snapshot 0 56
36
time in solving system 3.920209738998892
time in solving system 0.22254543399867543
time in solving system 0.17420691799998167
concluded in  10.272822192000604
Solving snapshot 0 57
36
time in solving system 4.29307824100033
time in solving system 0.2113320170010411
time in solving system 0.2713349730001937
concluded in  10.795126696000807
Solving snapshot 0 58
36
time in solving system 3.7201838649998535
time in solving system 0.23135528300008446
time in solving system 0.33735324799999944
concluded in  9.954855234000206
Solving snapshot 0 59
36
time in solving system 4.758403730000282
time in solving system 0.2057648270001664
time in solving system 0.1935684489999403
concluded in  10.98603780600024
Solving snapshot 0 60
36
time in solving system 4.613292358000763
time in solving system 0.16976509599953715
time in solving system 0.1999927460001345
concluded in  10.903787818999263
Solving snapshot 0 61
36
time in solving system 4.464356410000619
time in solving system 0.2697238539985847
time in solving system 0.33952814799886255
concluded in  11.138755640000454
Solving snapshot 0 62
36
time in solving system 4.415691265001442
time in solving system 0.20367577099932532
time in solving system 0.29428022899992357
concluded in  10.984747099999367
Solving snapshot 0 63
36
time in solving system 5.062638332999995
time in solving system 0.21512669900039327
time in solving system 0.23416739399908693
concluded in  11.576215274000788
Solving snapshot 0 64
36
time in solving system 4.750319876000503
time in solving system 0.16970854600003804
time in solving system 0.15860255600091477
concluded in  11.446487839000838
Solving snapshot 0 65
36
time in solving system 4.639176577999024
time in solving system 0.17879735799942864
time in solving system 0.18865700800051854
concluded in  10.673990440000125
Solving snapshot 0 66
36
time in solving system 4.575573562999125
time in solving system 0.3221265200008929
time in solving system 0.19607387500036566
concluded in  11.533577034999325
Solving snapshot 0 67
36
time in solving system 4.53409586700036
time in solving system 0.19543436100138933
time in solving system 0.2456100889994559
concluded in  11.104255800999454
Solving snapshot 0 68
36
time in solving system 5.2051392550001765
time in solving system 0.17657596200115222
time in solving system 0.15998192499864672
concluded in  11.372446786999717
Solving snapshot 0 69
36
time in solving system 4.163090459998784
time in solving system 0.2882640090010682
time in solving system 0.2650161300007312
concluded in  10.275388768999619
Solving snapshot 0 70
36
time in solving system 4.824444211999435
time in solving system 0.23519069000030868
time in solving system 0.21015374099988549
concluded in  10.64089432199944
Solving snapshot 0 71
36
time in solving system 5.457256020999921
time in solving system 0.15473862199905852
time in solving system 0.22052935600004275
concluded in  11.80201911199947
Solving snapshot 0 72
36
time in solving system 5.080122997000217
time in solving system 0.21118833900072786
time in solving system 0.1650795929999731
concluded in  11.219489529001294
Solving snapshot 0 73
36
time in solving system 4.610360066999419
time in solving system 0.2834579720001784
time in solving system 0.17994172100043215
concluded in  10.665558415001215
Solving snapshot 0 74
36
time in solving system 3.930789177000406
time in solving system 0.21141272100067
time in solving system 0.1690438860005088
concluded in  9.786415480999494
Solving snapshot 0 75
36
time in solving system 4.062445599000057
time in solving system 0.16389059699940844
time in solving system 0.16914182100117614
concluded in  10.358717824999985
Solving snapshot 0 76
36
time in solving system 3.948101134001263
time in solving system 0.24485330800052907
time in solving system 0.2571121749988379
concluded in  9.791664936001325
Solving snapshot 0 77
36
time in solving system 4.192862057001548
time in solving system 0.19446748600057617
time in solving system 0.19475336200048332
concluded in  10.483830016000866
Solving snapshot 0 78
36
time in solving system 4.257585118999486
time in solving system 0.21946112099976745
time in solving system 0.1991138220000721
concluded in  10.920933019000586
Solving snapshot 0 79
36
time in solving system 5.296457496000585
time in solving system 0.1707114079999883
time in solving system 0.31652084199959063
concluded in  11.309593190999294
Solving snapshot 0 80
36
time in solving system 4.90622608600097
time in solving system 0.17704868799955875
time in solving system 0.18161187899931974
concluded in  11.037384937000752
Solving snapshot 0 81
36
time in solving system 4.107987936000427
time in solving system 0.32244239000101516
time in solving system 0.2891846419988724
concluded in  10.414534876001198
Solving snapshot 0 82
36
time in solving system 4.447358881001492
time in solving system 0.20214846399903763
time in solving system 0.18790780400013318
concluded in  10.374357632001193
Solving snapshot 0 83
36
time in solving system 4.743887964999885
time in solving system 0.17462320899903716
time in solving system 0.1678131780008698
concluded in  10.908037664001313
Solving snapshot 0 84
36
time in solving system 4.691198209000504
time in solving system 0.245624436000071
time in solving system 0.20358109900007548
concluded in  11.030773305999901
Solving snapshot 0 85
36
time in solving system 5.326433528000052
time in solving system 0.18446471599963843
time in solving system 0.13694058100008988
concluded in  11.49722724700041
Solving snapshot 0 86
36
time in solving system 5.014171216998875
time in solving system 0.1688024420000147
time in solving system 0.2840763349995541
concluded in  11.543022926000049
Solving snapshot 0 87
36
time in solving system 4.476172096001392
time in solving system 0.24051399500058324
time in solving system 0.13590580900017812
concluded in  10.995567854999535
Solving snapshot 0 88
36
time in solving system 4.93556392499886
time in solving system 0.21753987700139987
time in solving system 0.1860176850004791
concluded in  10.874621760998707
Solving snapshot 0 89
36
time in solving system 5.347223725000731
time in solving system 0.17900241499955882
time in solving system 0.22614990200054308
concluded in  11.622154119000697
Solving snapshot 0 90
36
time in solving system 5.128193607999492
time in solving system 0.1581109020007716
time in solving system 0.23234494399912364
concluded in  11.449826509000559
Solving snapshot 0 91
36
time in solving system 5.250339616999554
time in solving system 0.154475885001375
time in solving system 0.17820475600092323
concluded in  10.751488789001087
Solving snapshot 0 92
36
time in solving system 5.4199116220006545
time in solving system 0.26886941399970965
time in solving system 0.2788264529990556
concluded in  11.489083965998361
Solving snapshot 0 93
36
time in solving system 4.972355215999414
time in solving system 0.1973452290003479
time in solving system 0.249978062000082
concluded in  10.900278220999098
Solving snapshot 0 94
36
time in solving system 5.453855790001398
time in solving system 0.16694667199953983
time in solving system 0.2614634509991447
concluded in  11.45250440700147
Solving snapshot 0 95
36
time in solving system 5.21453756200026
time in solving system 0.24008389800110308
time in solving system 0.22852514399892243
concluded in  11.843124171000454
Solving snapshot 0 96
36
time in solving system 4.736439935999442
time in solving system 0.20263389799947618
time in solving system 0.19621858800019254
concluded in  10.727824153000256
Solving snapshot 0 97
36
time in solving system 4.543073197999547
time in solving system 0.39981070700014243
time in solving system 0.2899363380001887
concluded in  10.623736482999448
Solving snapshot 0 98
36
time in solving system 3.1878638790003606
time in solving system 0.3289728859999741
time in solving system 0.17933067700141692
concluded in  9.324449479001487
Solving snapshot 0 99
36
time in solving system 3.2696988040006545
time in solving system 0.17201552600090508
time in solving system 0.2026340730008087
concluded in  10.104217894000612
Solving snapshot 0 100
36
time in solving system 2.926855964000424
time in solving system 0.37446527400061314
time in solving system 0.4294992679988354
concluded in  9.681694930000958
Solving snapshot 0 101
36
time in solving system 2.90611191500102
time in solving system 0.34338021999974444
time in solving system 0.29612212699976226
concluded in  9.698224585999924
Solving snapshot 0 102
36
time in solving system 3.14360151999972
time in solving system 0.3856935669991799
time in solving system 0.3449488559999736
concluded in  10.062837356999808
Solving snapshot 0 103
36
time in solving system 2.735682351001742
time in solving system 0.19551241399858554
time in solving system 0.19831323699872883
concluded in  8.52412188999915
Solving snapshot 0 104
36
time in solving system 2.832069488000343
time in solving system 0.21953969999958645
time in solving system 0.2847501010000997
concluded in  9.410589208999227
Solving snapshot 0 105
36
time in solving system 2.8971223429998645
time in solving system 0.15707279699927312
time in solving system 0.1397134910002933
concluded in  9.046508225999787
Solving snapshot 0 106
36
time in solving system 2.7916147060004732
time in solving system 0.18331976199988276
time in solving system 0.16911314599929028
concluded in  9.697344430000157
Solving snapshot 0 107
36
time in solving system 3.4217224219992204
time in solving system 0.19739320900043822
time in solving system 0.1909574099991005
concluded in  10.908400989999791
Solving snapshot 0 108
36
time in solving system 2.6856760190003115
time in solving system 0.14170667699909245
time in solving system 0.1344184990011854
concluded in  9.245034605999535
Solving snapshot 0 109
36
time in solving system 2.8166639779992693
time in solving system 0.16498572199998307
time in solving system 0.15670241500083648
concluded in  10.503911688001608
Solving snapshot 0 110
36
time in solving system 2.5356968010000855
time in solving system 0.14345341899934283
time in solving system 0.13939964499877533
concluded in  10.463846138000008
Solving snapshot 0 111
36
time in solving system 2.633076156000243
time in solving system 0.149446725999951
time in solving system 0.14399735100050748
concluded in  11.187678619000508
Solving snapshot 0 112
36
time in solving system 2.9180455969999457
time in solving system 0.17557982499965874
time in solving system 0.18134749099954206
concluded in  11.40073418800057
Solving snapshot 0 113
36
time in solving system 2.86316102300043
time in solving system 0.1633878350003215
time in solving system 0.15445198900124524
concluded in  9.548376422999354
Solving snapshot 0 114
36
time in solving system 2.809675333999621
time in solving system 0.16633670600094774
time in solving system 0.14254584800073644
concluded in  9.733225182000751
Solving snapshot 0 115
36
time in solving system 2.591061102999447
time in solving system 0.1456515659992874
time in solving system 0.1490303179998591
concluded in  10.067700416999287
Solving snapshot 0 116
36
time in solving system 3.0783316389988613
time in solving system 0.17699678800090624
time in solving system 0.17956905600112805
concluded in  11.723483986999781
Solving snapshot 0 117
36
time in solving system 2.5686291530000744
time in solving system 0.14170898200063675
time in solving system 0.13943881699924532
concluded in  10.493792526000107
Solving snapshot 0 118
36
time in solving system 3.3254621969990694
time in solving system 0.2188752639995073
time in solving system 0.19239082300009613
concluded in  11.16235536900058
Solving snapshot 0 119
36
time in solving system 2.9232364910003525
time in solving system 0.24308136100080446
time in solving system 0.19550097400133382
concluded in  10.11755083800017
Solving snapshot 0 120
36
time in solving system 3.034641173999262
time in solving system 0.22456307799984643
time in solving system 0.1786381669990078
concluded in  9.853872621000846
Solving snapshot 0 121
36
time in solving system 3.200583314001051
time in solving system 0.22143995800070115
time in solving system 0.23117484800059174
concluded in  9.733784023001135
Solving snapshot 0 122
36
time in solving system 3.3814434920004715
time in solving system 0.257404680000036
time in solving system 0.20587226200041187
concluded in  10.424735773998691
Solving snapshot 0 123
36
time in solving system 3.7806637100002263
time in solving system 0.15057838800021273
time in solving system 0.2338779000001523
concluded in  10.076750754999011
Solving snapshot 0 124
36
time in solving system 4.39471966200108
time in solving system 0.3962929979988985
time in solving system 0.24290967900014948
concluded in  11.709607311999207
Solving snapshot 0 125
36
time in solving system 4.761149234998811
time in solving system 0.3353364810009225
time in solving system 0.2046182009999029
concluded in  11.011618964001173
Solving snapshot 0 126
36
time in solving system 4.977385617001346
time in solving system 0.2521305120008037
time in solving system 0.19889984200017352
concluded in  11.341891232999842
Solving snapshot 0 127
36
time in solving system 5.02253795300021
time in solving system 0.27234495199991215
time in solving system 0.14607009000064863
concluded in  11.501664688999881
Solving snapshot 0 128
36
time in solving system 4.933530903999781
time in solving system 0.15201613799945335
time in solving system 0.13559408500077552
concluded in  10.964129759999196
Solving snapshot 0 129
36
time in solving system 5.021343567999793
time in solving system 0.16879259399865987
time in solving system 0.2739699510002538
concluded in  11.120831549000286
Solving snapshot 0 130
36
time in solving system 4.68972973199925
time in solving system 0.23992300200006866
time in solving system 0.2012720700004138
concluded in  10.822300906000237
Solving snapshot 0 131
36
time in solving system 4.006021404000421
time in solving system 0.29514049000135856
time in solving system 0.17829327800063766
concluded in  10.16159133400106
Solving snapshot 0 132
36
time in solving system 3.95706999200047
time in solving system 0.2604278329999943
time in solving system 0.30489668200061715
concluded in  10.042951583000104
Solving snapshot 0 133
36
time in solving system 3.754647591000321
time in solving system 0.20084923400099797
time in solving system 0.20895530999951006
concluded in  9.831775624999864
Solving snapshot 0 134
36
time in solving system 3.313318120999611
time in solving system 0.22530624399951193
time in solving system 0.21731809799894108
concluded in  9.264359752000018
Solving snapshot 0 135
36
time in solving system 3.123020988999997
time in solving system 0.17731820800145215
time in solving system 0.12932428100066318
concluded in  9.329632015998868
Solving snapshot 0 136
36
time in solving system 3.2421480729990435
time in solving system 0.24973297500037006
time in solving system 0.13763066499996057
concluded in  9.431249501998536
Solving snapshot 0 137
36
time in solving system 3.2165907339986006
time in solving system 0.18318746799923247
time in solving system 0.2787260499990225
concluded in  10.299186899999768
Solving snapshot 0 138
36
time in solving system 3.2329272920014773
time in solving system 0.2186291430007259
time in solving system 0.18003835599847662
concluded in  10.169184070000483
Solving snapshot 0 139
36
time in solving system 3.2640105259997654
time in solving system 0.2306983999988006
time in solving system 0.18808650800019677
concluded in  10.386342900999807
Solving snapshot 0 140
36
time in solving system 3.335642652000388
time in solving system 0.1480092940000759
time in solving system 0.12402461900092021
concluded in  9.325727709001512
Solving snapshot 0 141
36
time in solving system 3.3926317080004083
time in solving system 0.14956994100066368
time in solving system 0.1346232380001311
concluded in  10.289570295000885
Solving snapshot 0 142
36
time in solving system 3.315416796000136
time in solving system 0.1645599650000804
time in solving system 0.12482429199917533
concluded in  9.233246301999316
Solving snapshot 0 143
36
time in solving system 2.8167567229993438
time in solving system 0.23172719499962113
time in solving system 0.17199195600005623
concluded in  9.212184425001396
Solving snapshot 0 144
36
time in solving system 3.407266681000692
time in solving system 0.16071339699919918
time in solving system 0.2066049249988282
concluded in  10.657627188000333
Solving snapshot 0 145
36
time in solving system 3.984562662000826
time in solving system 0.17016413200144598
time in solving system 0.1418810699997266
concluded in  11.287185223000051
Solving snapshot 0 146
36
time in solving system 3.6071717610011547
time in solving system 0.13503205199958757
time in solving system 0.13068109499909042
concluded in  11.331903170999794
Solving snapshot 0 147
36
time in solving system 3.2137777190000634
time in solving system 0.15646309800104063
time in solving system 0.1519609830011177
concluded in  9.720874057000401
Solving snapshot 0 148
36
time in solving system 2.9554972240002826
time in solving system 0.22957656799917459
time in solving system 0.184108991001267
concluded in  10.635261273999276
Solving snapshot 0 149
36
time in solving system 3.9455510709994996
time in solving system 0.18942821599921444
time in solving system 0.23780023000108486
concluded in  11.049095541000497
Solving snapshot 0 150
36
time in solving system 3.888718930000323
time in solving system 0.15598450799916463
time in solving system 0.20092997899882903
concluded in  10.022360787999787
Solving snapshot 0 151
36
time in solving system 4.095526413000698
time in solving system 0.23981760700007726
time in solving system 0.168338245999621
concluded in  11.059236502998829
Solving snapshot 0 152
36
time in solving system 4.582365537999067
time in solving system 0.21940621300018393
time in solving system 0.38971776499965927
concluded in  11.312764604001131
Solving snapshot 0 153
36
time in solving system 4.808622253000067
time in solving system 0.2160428770002909
time in solving system 0.21569150100003753
concluded in  11.213108608000766
Solving snapshot 0 154
36
time in solving system 5.037902660998952
time in solving system 0.2881372170013492
time in solving system 0.19806032300039078
concluded in  11.843089853999118
Solving snapshot 0 155
36
time in solving system 4.114155444000062
time in solving system 0.1933128000000579
time in solving system 0.2840575110003556
concluded in  10.751671738998994
Solving snapshot 0 156
36
time in solving system 5.063391567000508
time in solving system 0.15533442699961597
time in solving system 0.22039123300055508
concluded in  10.99987319200045
Solving snapshot 0 157
36
time in solving system 4.810385626000425
time in solving system 0.2934852979997231
time in solving system 0.17585519800013572
concluded in  11.258031286000914
Solving snapshot 0 158
36
time in solving system 4.563583741999537
time in solving system 0.26582468900051026
time in solving system 0.21620113599965407
concluded in  10.48632919299962
Solving snapshot 0 159
36
time in solving system 4.5782389380001405
time in solving system 0.22665566699834017
time in solving system 0.24468910499854246
concluded in  11.030029560999537
Solving snapshot 0 160
36
time in solving system 4.02427296300084
time in solving system 0.25768608399994264
time in solving system 0.22959774800074229
concluded in  11.072956641999554
Solving snapshot 0 161
36
time in solving system 4.725841556000887
time in solving system 0.18437531500057958
time in solving system 0.19020413999896846
concluded in  11.050426540999979
Solving snapshot 0 162
36
time in solving system 4.021901965001234
time in solving system 0.17944892900050036
time in solving system 0.17636880000100064
concluded in  10.555201586999829
Solving snapshot 0 163
36
time in solving system 4.738258015999236
time in solving system 0.2493938950010488
time in solving system 0.2771817960001499
concluded in  11.182663469000545
Solving snapshot 0 164
36
time in solving system 4.284175527000116
time in solving system 0.1748507240008621
time in solving system 0.1715572670000256
concluded in  10.389416992000406
Solving snapshot 0 165
36
time in solving system 4.940445738999188
time in solving system 0.235779406999427
time in solving system 0.1843692149996059
concluded in  11.344644439001058
Solving snapshot 0 166
36
time in solving system 4.766195840998989
time in solving system 0.24012853000022005
time in solving system 0.1813637840004958
concluded in  10.63523595299921
Solving snapshot 0 167
36
time in solving system 4.1306437799994455
time in solving system 0.17216642800121917
time in solving system 0.16639514899907226
concluded in  9.383425268999417
Solving snapshot 0 168
36
time in solving system 2.9713095590013836
time in solving system 0.16148337899903709
time in solving system 0.21286225299991202
concluded in  8.191692797001451
Solving snapshot 0 169
36
time in solving system 2.5773616269998456
time in solving system 0.12437889200009522
time in solving system 0.2036372879992996
concluded in  7.096879386001092
Solving snapshot 0 170
36
time in solving system 2.5332337760009978
time in solving system 0.129698921000454
time in solving system 0.11095107600158371
concluded in  7.1020832960002735
Solving snapshot 0 171
36
time in solving system 2.587015130000509
time in solving system 0.12290533899977163
time in solving system 0.11372085399852949
concluded in  7.06587914299962
Solving snapshot 0 172
36
time in solving system 2.6030997930010926
time in solving system 0.14093118100026913
time in solving system 0.11272442099834734
concluded in  7.110453589999452
Solving snapshot 0 173
36
time in solving system 2.7379633260006813
time in solving system 0.14226652000070317
time in solving system 0.10941327100044873
concluded in  6.906404414999997
Solving snapshot 0 174
36
time in solving system 2.4930288630002906
time in solving system 0.21546420699996816
time in solving system 0.12281801400058612
concluded in  7.139863422000417
Solving snapshot 0 175
36
time in solving system 2.885483064001164
time in solving system 0.14039869399857707
time in solving system 0.11308205900058965
concluded in  7.488345140000092
Solving snapshot 0 176
36
time in solving system 2.595664475000376
time in solving system 0.1421819660008623
time in solving system 0.11370931000055862
concluded in  7.0876876689999335
Solving snapshot 0 177
36
time in solving system 2.636578177998672
time in solving system 0.12346548599998641
time in solving system 0.1136265410004853
concluded in  7.140165499999057
Solving snapshot 0 178
36
time in solving system 2.546005275000425
time in solving system 0.12783594800021092
time in solving system 0.11365421300070011
concluded in  7.079529886999808
Solving snapshot 0 179
36
time in solving system 2.583476347001124
time in solving system 0.120537429000251
time in solving system 0.1125564560006751
concluded in  7.096633977998863
Solving snapshot 0 180
36
time in solving system 2.8044831400002295
time in solving system 0.12360709700078587
time in solving system 0.11334622899994429
concluded in  7.006266937001783
Solving snapshot 0 181
36
time in solving system 2.566245940999579
time in solving system 0.1408326450000459
time in solving system 0.11336892200051807
concluded in  7.075220201000775
Solving snapshot 0 182
36
time in solving system 2.4489066250007454
time in solving system 0.18187336000119103
time in solving system 0.12275897499966959
concluded in  6.75261947800027
Solving snapshot 0 183
36
time in solving system 2.768174550999902
time in solving system 0.1610062520012434
time in solving system 0.10616679600025236
concluded in  7.278784127000108
Solving snapshot 0 184
36
time in solving system 2.6513200480003434
time in solving system 0.12619381399963459
time in solving system 0.11736623199976748
concluded in  7.207797682000091
Solving snapshot 0 185
36
time in solving system 2.55372443700071
time in solving system 0.12613298399992345
time in solving system 0.20677332200102683
concluded in  6.893862464001359
Solving snapshot 0 186
36
time in solving system 2.317385604001174
time in solving system 0.13971498899991275
time in solving system 0.1111147150004399
concluded in  6.563940203999664
Solving snapshot 0 187
36
time in solving system 2.3556085790005454
time in solving system 0.14085369699932926
time in solving system 0.11402402599924244
concluded in  7.013624021999931
Solving snapshot 0 188
36
time in solving system 2.279662560000361
time in solving system 0.15071648899902357
time in solving system 0.12765639800090867
concluded in  6.497660618999362
Solving snapshot 0 189
36
time in solving system 2.2497688659987034
time in solving system 0.17581749499913712
time in solving system 0.15086481800062757
concluded in  6.5527621999990515
Solving snapshot 0 190
36
time in solving system 2.205301382999096
time in solving system 0.1564851319999434
time in solving system 0.12844714200036833
concluded in  6.48256321000008
Solving snapshot 0 191
36
time in solving system 2.24287650900078
time in solving system 0.15434619199913868
time in solving system 0.13011575800010178
concluded in  6.457194195998454
Solving snapshot 0 192
36
time in solving system 1.9975346150004043
time in solving system 0.1615078810009436
time in solving system 0.16009621099874494
concluded in  6.714007894001043
Solving snapshot 0 193
36
time in solving system 2.100062441000773
time in solving system 0.15872932100137405
time in solving system 0.14948910899875045
concluded in  6.543026954999732
Solving snapshot 0 194
36
time in solving system 2.148851788000684
time in solving system 0.16190486100094859
time in solving system 0.12809385299988207
concluded in  6.434019983998951
Solving snapshot 0 195
36
time in solving system 2.271175507999942
time in solving system 0.17233643499821483
time in solving system 0.12286773899904802
concluded in  6.837410588999774
Solving snapshot 0 196
36
time in solving system 2.285532489000616
time in solving system 0.14994094999929075
time in solving system 0.12245865399927425
concluded in  6.851567897998393
Solving snapshot 0 197
36
time in solving system 2.4003943179995986
time in solving system 0.12507696800093981
time in solving system 0.20322930800102768
concluded in  7.1537163960001635
Solving snapshot 0 198
36
time in solving system 2.30856463300006
time in solving system 0.14447663699866098
time in solving system 0.11241029799930402
concluded in  6.57426692899935
Solving snapshot 0 199
36
time in solving system 2.3881987540007685
time in solving system 0.14090708299954713
time in solving system 0.1124754379998194
concluded in  6.988329862000683
Solving snapshot 0 200
36
time in solving system 2.354341663000014
time in solving system 0.22054998999919917
time in solving system 0.11316930199973285
concluded in  7.082747959000699
Solving snapshot 0 201
36
time in solving system 2.3784652009999263
time in solving system 0.12435419500070566
time in solving system 0.11436211299951538
concluded in  6.54166982499919
Solving snapshot 0 202
36
time in solving system 2.3366008909997618
time in solving system 0.1345518069992977
time in solving system 0.11352510399956373
concluded in  6.507325520999075
Solving snapshot 0 203
36
time in solving system 2.2905440159993304
time in solving system 0.14532326399967133
time in solving system 0.12113765699905343
concluded in  6.835772008998902
Solving snapshot 0 204
36
time in solving system 2.2442667539999093
time in solving system 0.15276881700083322
time in solving system 0.1566220639997482
concluded in  6.633077598000455
Solving snapshot 0 205
36
time in solving system 1.9779832780004654
time in solving system 0.11964821499896061
time in solving system 0.12380980200032354
concluded in  6.250568142999327
Solving snapshot 0 206
36
time in solving system 2.0011584470012167
time in solving system 0.15308938700036379
time in solving system 0.15801381200071773
concluded in  6.714574757999799
Solving snapshot 0 207
36
time in solving system 2.201317922999806
time in solving system 0.1526558309997199
time in solving system 0.13349619200016605
concluded in  6.477809177000381
Solving snapshot 0 208
36
time in solving system 2.050016258001051
time in solving system 0.12382399000125588
time in solving system 0.14329214300050808
concluded in  6.718077137000364
Solving snapshot 0 209
36
time in solving system 2.1720057239999733
time in solving system 0.14656829600062338
time in solving system 0.13202792899937776
concluded in  6.4870727350007655
Solving snapshot 0 210
36
time in solving system 2.045953130000271
time in solving system 0.12190162300066731
time in solving system 0.12046676300087711
concluded in  6.676767246999589
Solving snapshot 0 211
36
time in solving system 2.0181097880013112
time in solving system 0.12089486700097041
time in solving system 0.11231227300049795
concluded in  6.608700486000089
Solving snapshot 0 212
36
time in solving system 2.058068177999303
time in solving system 0.12180601699947147
time in solving system 0.11305231799997273
concluded in  6.389515066999593
Solving snapshot 0 213
36
time in solving system 2.210517532999802
time in solving system 0.14515419300005306
time in solving system 0.1286425349990168
concluded in  6.911948122000467
Solving snapshot 0 214
36
time in solving system 2.0391674139991665
time in solving system 0.11982878600065305
time in solving system 0.11304582999946433
concluded in  6.20989537999958
Solving snapshot 0 215
36
time in solving system 2.111169230000087
time in solving system 0.161141166001471
time in solving system 0.15723981099836237
concluded in  7.002409893000731
Solving snapshot 0 216
36
time in solving system 2.0231276840004284
time in solving system 0.12260697600140702
time in solving system 0.129053707998537
concluded in  6.224304094999752
Solving snapshot 0 217
36
time in solving system 2.3000216279997403
time in solving system 0.1558292089994211
time in solving system 0.13488667900128348
concluded in  6.94527632900099
Solving snapshot 0 218
36
time in solving system 2.1295781259996147
time in solving system 0.16511080300006142
time in solving system 0.13623423199896934
concluded in  6.4678357879984105
Solving snapshot 0 219
36
time in solving system 2.0747764539992204
time in solving system 0.16155210800025088
time in solving system 0.15756062800028303
concluded in  6.434405751000668
Solving snapshot 0 220
36
time in solving system 2.258495103000314
time in solving system 0.15389217899974028
time in solving system 0.14420308499938983
concluded in  6.6179525580009795
Solving snapshot 0 221
36
time in solving system 2.0112508040001558
time in solving system 0.15083476600011636
time in solving system 0.15772739699968952
concluded in  6.402820088000226
Solving snapshot 0 222
36
time in solving system 2.256609539999772
time in solving system 0.15852442100003827
time in solving system 0.13265092100118636
concluded in  6.461015900000348
Solving snapshot 0 223
36
time in solving system 2.1012938839994604
time in solving system 0.16407180500027607
time in solving system 0.16941016999953717
concluded in  6.851539958001013
Solving snapshot 0 224
36
time in solving system 1.992917158999262
time in solving system 0.14739528199970664
time in solving system 0.13905210499979148
concluded in  6.2831626210008835
Solving snapshot 0 225
36
time in solving system 2.225152070999684
time in solving system 0.15654639399872394
time in solving system 0.13507713399849308
concluded in  6.924012536001101
Solving snapshot 0 226
36
time in solving system 2.280643396999949
time in solving system 0.16349011399870506
time in solving system 0.13613971599988872
concluded in  6.8341810109996
Solving snapshot 0 227
36
time in solving system 2.3492826300007437
time in solving system 0.14589399699980277
time in solving system 0.12091129899999942
concluded in  6.560948763999477
Solving snapshot 0 228
36
time in solving system 2.376230640000358
time in solving system 0.14521953000075882
time in solving system 0.11341680900113715
concluded in  6.900496686999759
Solving snapshot 0 229
36
time in solving system 2.369416020001154
time in solving system 0.19152150100126164
time in solving system 0.12077251499977137
concluded in  7.026279969000825
Solving snapshot 0 230
36
time in solving system 2.5169639350006037
time in solving system 0.1323677159998624
time in solving system 0.20171446399945125
concluded in  7.149836874999892
Solving snapshot 0 231
36
time in solving system 2.421675662999405
time in solving system 0.20315052300065872
time in solving system 0.11233988299863995
concluded in  7.081538362999709
Solving snapshot 0 232
36
time in solving system 2.4909559059997264
time in solving system 0.14619103399854794
time in solving system 0.19934533200103033
concluded in  7.143950021998535
Solving snapshot 0 233
36
time in solving system 2.4834042660004343
time in solving system 0.1627439730000333
time in solving system 0.11247371300123632
concluded in  6.794305108998742
Solving snapshot 0 234
36
time in solving system 2.413763693999499
time in solving system 0.20995099500032666
time in solving system 0.12057249799909187
concluded in  7.127847059000487
Solving snapshot 0 235
36
time in solving system 2.3289169809995656
time in solving system 0.12319245099934051
time in solving system 0.1134974130000046
concluded in  6.506262250999498
Solving snapshot 0 236
36
time in solving system 2.350449057001242
time in solving system 0.14365360000010696
time in solving system 0.11245967800095968
concluded in  6.521085628999572
Solving snapshot 0 237
36
time in solving system 2.1634230870004103
time in solving system 0.15821780299847887
time in solving system 0.16555140999844298
concluded in  6.519725547999769
Solving snapshot 0 238
36
time in solving system 2.3920745010000246
time in solving system 0.12462401199991291
time in solving system 0.11481315499986522
concluded in  6.894264151000243
Solving snapshot 0 239
36
time in solving system 2.5031512299992755
time in solving system 0.12248237100175174
time in solving system 0.11545833299896913
concluded in  6.788080263999291
Solving snapshot 0 240
36
time in solving system 2.4165560840010585
time in solving system 0.12777930599986576
time in solving system 0.16045856199889386
concluded in  7.005768230001195
Solving snapshot 0 241
36
time in solving system 2.339215660998889
time in solving system 0.19158237800002098
time in solving system 0.16799341200021445
concluded in  6.714045725999313
Solving snapshot 0 242
36
time in solving system 2.365256204999241
time in solving system 0.19975070899999992
time in solving system 0.13241759499942418
concluded in  7.028110507999372
Solving snapshot 0 243
36
time in solving system 2.532637300000715
time in solving system 0.21842145700065885
time in solving system 0.12484509899877594
concluded in  7.1897589929994865
Solving snapshot 0 244
36
time in solving system 2.4986009180011024
time in solving system 0.15027573600127653
time in solving system 0.19060124200041173
concluded in  7.192567533998954
Solving snapshot 0 245
36
time in solving system 2.5395181509993563
time in solving system 0.21182365299864614
time in solving system 0.1235955100000865
concluded in  7.198597765000159
Solving snapshot 0 246
36
time in solving system 2.619187583999519
time in solving system 0.16367057999923418
time in solving system 0.10756341100022837
concluded in  7.086885663999055
Solving snapshot 0 247
36
time in solving system 2.5668045229995187
time in solving system 0.12267798500033678
time in solving system 0.11701447899940831
concluded in  7.104418038001313
Solving snapshot 0 248
36
time in solving system 2.670223242001157
time in solving system 0.14244523199886316
time in solving system 0.1093514320000395
concluded in  6.88598307599932
Solving snapshot 0 249
36
time in solving system 2.4858379119996243
time in solving system 0.20308344699878944
time in solving system 0.11996225599978061
concluded in  6.749299617998986
Solving snapshot 0 250
36
time in solving system 2.6933802900002775
time in solving system 0.12327841499973147
time in solving system 0.1132156900002883
concluded in  7.189868760000536
Solving snapshot 0 251
36
time in solving system 2.4913758789989515
time in solving system 0.18787319700095395
time in solving system 0.12033355000130541
concluded in  6.7545096070007276
Solving snapshot 0 252
36
time in solving system 2.382258499001182
time in solving system 0.2178371469999547
time in solving system 0.10907600900100078
concluded in  6.7853572980002355
Solving snapshot 0 253
36
time in solving system 2.2845107180000923
time in solving system 0.13835623399972974
time in solving system 0.11286038899925188
concluded in  6.477724235001006
Solving snapshot 0 254
36
time in solving system 2.2757322460001888
time in solving system 0.17577981199974602
time in solving system 0.13959963900015282
concluded in  6.541525803000695
Solving snapshot 0 255
36
time in solving system 2.381232783000087
time in solving system 0.12326281700006803
time in solving system 0.1163278479998553
concluded in  6.911282586001107
Solving snapshot 0 256
36
time in solving system 2.3384485980004683
time in solving system 0.14034034500036796
time in solving system 0.11286428499988688
concluded in  6.977269738001269
Solving snapshot 0 257
36
time in solving system 2.509174337999866
time in solving system 0.17315155600044818
time in solving system 0.17201280500012217
concluded in  7.1719608240000525
Solving snapshot 0 258
36
time in solving system 2.5085143109990895
time in solving system 0.1324098810000578
time in solving system 0.20546043399917835
concluded in  7.14233050599978
Solving snapshot 0 259
36
time in solving system 2.3746063580001646
time in solving system 0.1440003669995349
time in solving system 0.11083196199979284
concluded in  6.985761875999742
Solving snapshot 0 260
36
time in solving system 2.3034312640011194
time in solving system 0.16578425000079733
time in solving system 0.1424503940015711
concluded in  6.592382791999626
Solving snapshot 0 261
36
time in solving system 2.37087744100063
time in solving system 0.14247812800022075
time in solving system 0.18396536799991736
concluded in  6.9620357040003
Solving snapshot 0 262
36
time in solving system 2.3885746890009614
time in solving system 0.12418567600070674
time in solving system 0.1167417779997777
concluded in  6.612043878001714
Solving snapshot 0 263
36
time in solving system 2.3944810690009035
time in solving system 0.14188649700008682
time in solving system 0.1136940880005568
concluded in  6.729378227999405
Solving snapshot 0 264
36
time in solving system 2.371769604998917
time in solving system 0.12346007300038764
time in solving system 0.11559807499907038
concluded in  6.640305991000787
Solving snapshot 0 265
36
time in solving system 2.3626373620008962
time in solving system 0.12526617599905876
time in solving system 0.11542072999873199
concluded in  6.863557497999864
Solving snapshot 0 266
36
time in solving system 2.3438883750004607
time in solving system 0.14314663799996197
time in solving system 0.11250527599986526
concluded in  6.517625446000238
Solving snapshot 0 267
36
time in solving system 2.305788704999941
time in solving system 0.14810035099981178
time in solving system 0.11783153800024593
concluded in  6.872860194998793
Solving snapshot 0 268
36
time in solving system 2.383698435000042
time in solving system 0.12493484600054217
time in solving system 0.1258209679999709
concluded in  7.031372905999888
Solving snapshot 0 269
36
time in solving system 2.3841655390006053
time in solving system 0.12679803599894512
time in solving system 0.11792870799945376
concluded in  7.060605325999859
Solving snapshot 0 270
36
time in solving system 2.34208076700088
time in solving system 0.14629350900031568
time in solving system 0.11894169900006091
concluded in  6.5318837569993775
Solving snapshot 0 271
36
time in solving system 2.366283785999258
time in solving system 0.14120431899937103
time in solving system 0.11443811500066658
concluded in  6.995915954001248
Solving snapshot 0 272
36
time in solving system 2.301825808999638
time in solving system 0.211275639001542
time in solving system 0.11166748799951165
concluded in  6.960822893001023
Solving snapshot 0 273
36
time in solving system 2.3829724850002094
time in solving system 0.13257538200014096
time in solving system 0.17555386900130543
concluded in  6.969193707998784
Solving snapshot 0 274
36
time in solving system 2.339298378999956
time in solving system 0.124803521001013
time in solving system 0.11537370599944552
concluded in  6.525508979000733
Solving snapshot 0 275
36
time in solving system 2.3129252449998603
time in solving system 0.13102581000021019
time in solving system 0.11299632699956419
concluded in  6.898365491999357
Solving snapshot 0 276
36
time in solving system 2.334976252999695
time in solving system 0.13646295500075212
time in solving system 0.11265442799958691
concluded in  6.530683500001032
Solving snapshot 0 277
36
time in solving system 2.3693199529989215
time in solving system 0.12463268600004085
time in solving system 0.1295424110012391
concluded in  6.999209603000054
Solving snapshot 0 278
36
time in solving system 2.3085696559992357
time in solving system 0.16296087599948805
time in solving system 0.13212888999987626
concluded in  6.549527707999005
Solving snapshot 0 279
36
time in solving system 2.379186287998891
time in solving system 0.12278889099980006
time in solving system 0.11641278200113447
concluded in  6.98567082900081
Solving snapshot 0 280
36
time in solving system 2.4336318719997507
time in solving system 0.1254969669989805
time in solving system 0.18330812299973331
concluded in  7.1270444319998205
Solving snapshot 0 281
36
time in solving system 2.225982419999127
time in solving system 0.19743413000105647
time in solving system 0.1512520840005891
concluded in  6.554088750999654
Solving snapshot 0 282
36
time in solving system 2.356257417000961
time in solving system 0.12496115599969926
time in solving system 0.1146243589992082
concluded in  6.950915072000498
Solving snapshot 0 283
36
time in solving system 2.3383635579994007
time in solving system 0.12338919799913128
time in solving system 0.17510580099951767
concluded in  6.952871982999568
Solving snapshot 0 284
36
time in solving system 2.4174500330009323
time in solving system 0.12421278299916594
time in solving system 0.11808459900021262
concluded in  6.7181537020005635
Solving snapshot 0 285
36
time in solving system 2.47607182000138
time in solving system 0.14256780499999877
time in solving system 0.1987398760011274
concluded in  7.101395636998859
Solving snapshot 0 286
36
time in solving system 2.4408903580006154
time in solving system 0.1435765750011342
time in solving system 0.2003554000002623
concluded in  6.75039905399899
Solving snapshot 0 287
36
time in solving system 2.4715880719995766
time in solving system 0.14294928300114407
time in solving system 0.12247050199948717
concluded in  7.112923686001523
Solving snapshot 0 288
36
time in solving system 2.368703291998827
time in solving system 0.19063943500077585
time in solving system 0.13155157300025166
concluded in  6.948434850999547
Solving snapshot 0 289
36
time in solving system 2.2997196899996197
time in solving system 0.12218841999856522
time in solving system 0.12010497000119358
concluded in  6.676151661000404
Solving snapshot 0 290
36
time in solving system 2.357557571000143
time in solving system 0.14063360999898578
time in solving system 0.11499704500056396
concluded in  6.666979274999903
Solving snapshot 0 291
36
time in solving system 2.320112250999955
time in solving system 0.14984341600029438
time in solving system 0.11897040500116418
concluded in  6.557038846000069
Solving snapshot 0 292
36
time in solving system 2.3434150390003197
time in solving system 0.12595360399973288
time in solving system 0.20580866199998127
concluded in  6.98304275999908
Solving snapshot 0 293
36
time in solving system 2.4905429589998676
time in solving system 0.16986307099978148
time in solving system 0.11391837600058352
concluded in  7.131299524000497
Solving snapshot 0 294
36
time in solving system 2.266906957000174
time in solving system 0.1258646249989397
time in solving system 0.2111296040002344
concluded in  6.614701931001036
Solving snapshot 0 295
36
time in solving system 2.4754600189990015
time in solving system 0.22172019799836562
time in solving system 0.12272312399909424
concluded in  7.07246933100032
Solving snapshot 0 296
36
time in solving system 2.419854784000563
time in solving system 0.14128010800050106
time in solving system 0.13495239700023376
concluded in  6.69164123399969
Solving snapshot 0 297
36
time in solving system 2.38013754900021
time in solving system 0.12308622799901059
time in solving system 0.11846980499831261
concluded in  6.93055404199913
Solving snapshot 0 298
36
time in solving system 1.8440919710010348
time in solving system 0.0952874199992948
time in solving system 0.0940014269999665
concluded in  5.686501407999458
Solving snapshot 0 299
36
time in solving system 1.8160596449997684
time in solving system 0.09531491699999606
time in solving system 0.09469315500064113
concluded in  5.721460815999308
[]
Not completed: []
