Solving not completed simulation: 0-th chance
Solving snapshot 0 0
36
time in solving system 9.255223413994827
time in solving system 0.6755361839968828
time in solving system 0.41350886700092815
concluded in  13.92688866199751
Solving snapshot 0 1
36
time in solving system 7.311886671996035
time in solving system 0.393929489000584
time in solving system 0.2954346449987497
concluded in  11.767027339999913
Solving snapshot 0 2
36
time in solving system 7.77722760100005
time in solving system 0.3780310629954329
time in solving system 0.43897237799683353
concluded in  12.21738762500172
Solving snapshot 0 3
36
time in solving system 6.437204477995692
time in solving system 0.7701218779984629
time in solving system 0.49967511399881914
concluded in  11.842508936999366
Solving snapshot 0 4
36
time in solving system 8.530926670995541
time in solving system 0.1299409939965699
time in solving system 0.13950116399792023
concluded in  14.41420924099657
Solving snapshot 0 5
36
time in solving system 7.739509990999068
time in solving system 0.21741982100502355
time in solving system 0.28426611999748275
concluded in  14.492213706995244
Solving snapshot 0 6
36
time in solving system 9.809009893993789
time in solving system 0.13142405499820597
time in solving system 0.13267461299983552
concluded in  14.722152741000173
Solving snapshot 0 7
36
time in solving system 9.906523012003163
time in solving system 0.15615328599960776
time in solving system 0.1325562150013866
concluded in  13.760915131999354
Solving snapshot 0 8
36
time in solving system 8.915594861005957
time in solving system 0.1508927449976909
time in solving system 0.146132285000931
concluded in  13.455740413002786
Solving snapshot 0 9
36
time in solving system 6.131873664999148
time in solving system 0.14400072499847738
time in solving system 0.13722378099919297
concluded in  14.134675221001089
Solving snapshot 0 10
36
time in solving system 6.731463708994852
time in solving system 0.11723318499571178
time in solving system 0.10618731500289869
concluded in  14.285461589002807
Solving snapshot 0 11
36
time in solving system 5.7949983939979575
time in solving system 0.14887020999594824
time in solving system 0.1420366929960437
concluded in  13.483290740994562
Solving snapshot 0 12
36
time in solving system 6.633892040998035
time in solving system 0.17435690500133205
time in solving system 0.131816084998718
concluded in  14.657129915998667
Solving snapshot 0 13
36
time in solving system 5.766974222002318
time in solving system 0.2455904910020763
time in solving system 0.24005409300298197
concluded in  13.913632989999314
Solving snapshot 0 14
36
time in solving system 5.239970321999863
time in solving system 0.23638199500419432
time in solving system 0.24105547200451838
concluded in  14.040364400003455
Solving snapshot 0 15
36
time in solving system 5.283249536005314
time in solving system 0.23448297299910337
time in solving system 0.24013822299457388
concluded in  13.058297534000303
Solving snapshot 0 16
36
time in solving system 5.993345950999355
time in solving system 0.11941160800051875
time in solving system 0.11864241199509706
concluded in  11.713997915001528
Solving snapshot 0 17
36
time in solving system 5.6505425549985375
time in solving system 0.12031909100187477
time in solving system 0.14157991299725836
concluded in  11.318987013997685
Solving snapshot 0 18
36
time in solving system 6.559617499995511
time in solving system 0.5109755220037187
time in solving system 0.5443585819957661
concluded in  13.077172987999802
Solving snapshot 0 19
36
time in solving system 5.5334464080006
time in solving system 0.6730790529982187
time in solving system 0.5849298219982302
concluded in  12.022265744002652
Solving snapshot 0 20
36
time in solving system 7.33480009699997
time in solving system 0.29441313999996055
time in solving system 0.28130758900078945
concluded in  13.786772261002625
Solving snapshot 0 21
36
time in solving system 6.49210268099705
time in solving system 0.6177979299973231
time in solving system 0.49719403500057524
concluded in  11.48311620500317
Solving snapshot 0 22
36
time in solving system 6.713633992003452
time in solving system 0.38113983400398865
time in solving system 0.27472982500330545
concluded in  10.718486925004981
Solving snapshot 0 23
36
time in solving system 6.6525712279981235
time in solving system 0.29587966500548646
time in solving system 0.31786893399839755
concluded in  12.701360391998605
Solving snapshot 0 24
36
time in solving system 7.673663396999473
time in solving system 0.12383210400003009
time in solving system 0.1774859520010068
concluded in  13.234545327002706
Solving snapshot 0 25
36
time in solving system 7.662235381998471
time in solving system 0.3908474580020993
time in solving system 0.12700914200104307
concluded in  11.872950470999058
Solving snapshot 0 26
36
time in solving system 6.023565281997435
time in solving system 0.6320251369979815
time in solving system 0.5271235059990431
concluded in  10.57435879100376
Solving snapshot 0 27
36
time in solving system 6.18119736200606
time in solving system 0.5017004210021696
time in solving system 0.21865264200459933
concluded in  11.002136938004696
Solving snapshot 0 28
36
time in solving system 6.996260733001691
time in solving system 0.2891586960031418
time in solving system 0.2893322649979382
concluded in  13.825303710000298
Solving snapshot 0 29
36
time in solving system 7.802903274998243
time in solving system 0.34025648399983766
time in solving system 0.27463951100071426
concluded in  12.688360763000674
Solving snapshot 0 30
36
time in solving system 8.093648519999988
time in solving system 0.32315331300196704
time in solving system 0.18745966099959332
concluded in  12.118741448000947
Solving snapshot 0 31
36
time in solving system 7.5020074890053365
time in solving system 0.2380396730004577
time in solving system 0.17027587700431468
concluded in  11.330552413004625
Solving snapshot 0 32
36
time in solving system 10.189245918001689
time in solving system 0.2768437870035996
time in solving system 0.24894684299943037
concluded in  14.414756047997798
Solving snapshot 0 33
36
time in solving system 6.7693288270020275
time in solving system 0.1102888300010818
time in solving system 0.11235678500088397
concluded in  13.492867540000589
Solving snapshot 0 34
36
time in solving system 4.888554061995819
time in solving system 0.13388987199869007
time in solving system 0.11709670100390213
concluded in  12.806243535997055
Solving snapshot 0 35
36
time in solving system 6.438118412996118
time in solving system 0.12793084199802252
time in solving system 0.1837254850033787
concluded in  14.738503883003432
Solving snapshot 0 36
36
time in solving system 4.627967192005599
time in solving system 0.13506735899863997
time in solving system 0.12268155600031605
concluded in  12.918518282996956
Solving snapshot 0 37
36
time in solving system 5.601596287000575
time in solving system 0.1187646929975017
time in solving system 0.11944091899931664
concluded in  13.618182913996861
Solving snapshot 0 38
36
time in solving system 6.577588150001247
time in solving system 0.4590703290014062
time in solving system 0.5375908280038857
concluded in  14.417392379997182
Solving snapshot 0 39
36
time in solving system 7.183536335003737
time in solving system 0.47898029100178974
time in solving system 0.4743857139983447
concluded in  13.143652213002497
Solving snapshot 0 40
36
time in solving system 6.2856424040001
time in solving system 0.40239922299952013
time in solving system 0.19572486900142394
concluded in  10.606282316999568
Solving snapshot 0 41
36
time in solving system 7.234919759997865
time in solving system 0.15884582600119757
time in solving system 0.2599591149992193
concluded in  11.544412615003239
Solving snapshot 0 42
36
time in solving system 5.91037550100009
time in solving system 0.3928398069983814
time in solving system 0.38192457399418345
concluded in  10.852034591996926
Solving snapshot 0 43
36
time in solving system 6.653404914999555
time in solving system 0.5207612660015002
time in solving system 0.2828674519987544
concluded in  12.88449478000257
Solving snapshot 0 44
36
time in solving system 7.637121744002798
time in solving system 0.2892989669999224
time in solving system 0.31646118000207935
concluded in  12.928030071001558
Solving snapshot 0 45
36
time in solving system 7.0323017699993216
time in solving system 0.31828441999823553
time in solving system 0.33825623099983204
concluded in  11.595757573006267
Solving snapshot 0 46
36
time in solving system 5.911478550005995
time in solving system 0.16305519099842058
time in solving system 0.4210800240034587
concluded in  11.36168879699835
Solving snapshot 0 47
36
time in solving system 6.972363979002694
time in solving system 0.30279394700482953
time in solving system 0.4051996559937834
concluded in  13.499133313998755
Solving snapshot 0 48
36
time in solving system 6.323442424996756
time in solving system 0.4577548519955599
time in solving system 0.4223666430043522
concluded in  10.645085620002646
Solving snapshot 0 49
36
time in solving system 5.88687185299932
time in solving system 0.6602798590029124
time in solving system 0.49910105999879306
concluded in  10.429879561001144
Solving snapshot 0 50
36
time in solving system 6.544513326000015
time in solving system 0.40568834300211165
time in solving system 0.2598506490030559
concluded in  10.507709392004472
Solving snapshot 0 51
36
time in solving system 6.895397966000019
time in solving system 0.14086207400396233
time in solving system 0.12042051200114656
concluded in  11.038689779998094
Solving snapshot 0 52
36
time in solving system 6.7373447559948545
time in solving system 0.36308891399676213
time in solving system 0.11562671499996213
concluded in  10.55430813699786
Solving snapshot 0 53
36
time in solving system 6.698998746003781
time in solving system 0.5529698669997742
time in solving system 0.41470129400113365
concluded in  11.691404946999683
Solving snapshot 0 54
36
time in solving system 6.905765629999223
time in solving system 0.27395789900037926
time in solving system 0.2794661259977147
concluded in  11.49730255400209
Solving snapshot 0 55
36
time in solving system 7.341335148994403
time in solving system 0.3195983800032991
time in solving system 0.2113793149983394
concluded in  13.976200705998053
Solving snapshot 0 56
36
time in solving system 8.183213158001308
time in solving system 0.32198117100051604
time in solving system 0.3243646689952584
concluded in  12.991331151002669
Solving snapshot 0 57
36
time in solving system 8.194070028999704
time in solving system 0.27721401499729836
time in solving system 0.25210618900018744
concluded in  12.144282287998067
Solving snapshot 0 58
36
time in solving system 9.562449596000079
time in solving system 0.2376678649961832
time in solving system 0.2325144869973883
concluded in  13.89072439300071
Solving snapshot 0 59
36
time in solving system 7.4028914219961734
time in solving system 0.12401889100146946
time in solving system 0.1265759030065965
concluded in  13.522161373002746
Solving snapshot 0 60
36
time in solving system 8.535848460000125
time in solving system 0.1426169350015698
time in solving system 0.1366134910058463
concluded in  15.453383165004198
Solving snapshot 0 61
36
time in solving system 8.303692689005402
time in solving system 0.16407259300467558
time in solving system 0.31830027899559354
concluded in  17.084669449999637
Solving snapshot 0 62
36
time in solving system 6.732782309001777
time in solving system 0.22544422099599615
time in solving system 0.2718398119977792
concluded in  14.156013157997222
Solving snapshot 0 63
36
time in solving system 6.010566142998869
time in solving system 0.3214186969998991
time in solving system 0.14017652099573752
concluded in  10.416273709997768
Solving snapshot 0 64
36
time in solving system 5.81961532200512
time in solving system 0.23303885199857177
time in solving system 0.23751970499870367
concluded in  11.347173684000154
Solving snapshot 0 65
36
time in solving system 7.248116956994636
time in solving system 0.13677201599784894
time in solving system 0.22668202700151596
concluded in  12.713678107997112
Solving snapshot 0 66
36
time in solving system 5.95073342800606
time in solving system 0.18205884999770205
time in solving system 0.37811093399795936
concluded in  10.877358664001804
Solving snapshot 0 67
36
time in solving system 6.009923019002599
time in solving system 0.37495962999673793
time in solving system 0.39927719499974046
concluded in  11.33474587299861
Solving snapshot 0 68
36
time in solving system 6.641043782001361
time in solving system 0.3742935030022636
time in solving system 0.38943619299971033
concluded in  12.457794463996834
Solving snapshot 0 69
36
time in solving system 8.59887946100207
time in solving system 0.5104202710062964
time in solving system 0.5488610019965563
concluded in  15.01118508399668
Solving snapshot 0 70
36
time in solving system 8.315127098998346
time in solving system 0.17299915599869564
time in solving system 0.17456458899687277
concluded in  14.23600248099683
Solving snapshot 0 71
36
time in solving system 7.841174704997684
time in solving system 0.17721465499926126
time in solving system 0.18148408600245602
concluded in  14.921281677001389
Solving snapshot 0 72
36
time in solving system 7.247255292997579
time in solving system 0.3267415450027329
time in solving system 0.24304378999659093
concluded in  13.667227445002936
Solving snapshot 0 73
36
time in solving system 8.370699389000947
time in solving system 0.30985170200438006
time in solving system 0.25844215100369183
concluded in  14.212835743004689
Solving snapshot 0 74
36
time in solving system 7.399907715000154
time in solving system 0.27745157599565573
time in solving system 0.3576876480001374
concluded in  15.388234876998467
Solving snapshot 0 75
36
time in solving system 6.730896474000474
time in solving system 0.24088208499597386
time in solving system 0.2480882579984609
concluded in  12.401864027000556
Solving snapshot 0 76
36
time in solving system 8.130747657000029
time in solving system 0.14112400700105354
time in solving system 0.23668413699488156
concluded in  14.530448555000476
Solving snapshot 0 77
36
time in solving system 7.8832699339982355
time in solving system 0.3303561470020213
time in solving system 0.20976516999508021
concluded in  16.071749188995454
Solving snapshot 0 78
36
time in solving system 6.296571955004765
time in solving system 0.18644239700370235
time in solving system 0.16060898399882717
concluded in  13.142692118999548
Solving snapshot 0 79
36
time in solving system 6.06837959800032
time in solving system 0.1300293550011702
time in solving system 0.12089443200238748
concluded in  12.747358189000806
Solving snapshot 0 80
36
time in solving system 5.740983757998038
time in solving system 0.27702173099532956
time in solving system 0.2438962470041588
concluded in  13.418809343995235
Solving snapshot 0 81
36
time in solving system 6.397471577998658
time in solving system 0.11445878600352444
time in solving system 0.11969441000110237
concluded in  13.88168136299646
Solving snapshot 0 82
36
time in solving system 5.545555800999864
time in solving system 0.1150151600013487
time in solving system 0.19190408500435296
concluded in  12.532640653000271
Solving snapshot 0 83
36
time in solving system 6.212669940003252
time in solving system 0.12877655700140167
time in solving system 0.1790291180004715
concluded in  12.909153483997216
Solving snapshot 0 84
36
time in solving system 7.3305320569998
time in solving system 0.11569072699785465
time in solving system 0.1343254320017877
concluded in  14.670592312002555
Solving snapshot 0 85
36
time in solving system 6.729795644998376
time in solving system 0.17954136199841741
time in solving system 0.1920165499977884
concluded in  13.157236500999716
Solving snapshot 0 86
36
time in solving system 5.747409283998422
time in solving system 0.30099556999630295
time in solving system 0.14828780900279526
concluded in  12.364584097995248
Solving snapshot 0 87
36
time in solving system 5.438225646001229
time in solving system 0.2519365010011825
time in solving system 0.23751656199601712
concluded in  11.927255609996791
Solving snapshot 0 88
36
time in solving system 6.569018333000713
time in solving system 0.28177726799913216
time in solving system 0.2638525880029192
concluded in  14.498981841999921
Solving snapshot 0 89
36
time in solving system 5.304750528994191
time in solving system 0.42628943500312744
time in solving system 0.3938639849948231
concluded in  12.265119281000807
Solving snapshot 0 90
36
time in solving system 7.341314015997341
time in solving system 0.164117341999372
time in solving system 0.1495169390036608
concluded in  14.682119163000607
Solving snapshot 0 91
36
time in solving system 6.190378828003304
time in solving system 0.15643961499881698
time in solving system 0.13348567300272407
concluded in  13.226083951994951
Solving snapshot 0 92
36
time in solving system 5.3345348720031325
time in solving system 0.30061700900114374
time in solving system 0.11962326199864037
concluded in  12.554591243002506
Solving snapshot 0 93
36
time in solving system 5.042696402997535
time in solving system 0.39908369499607943
time in solving system 0.3220832929946482
concluded in  13.262506874001701
Solving snapshot 0 94
36
time in solving system 6.354145782999694
time in solving system 0.11751103500137106
time in solving system 0.11641906599834329
concluded in  13.588268636995053
Solving snapshot 0 95
36
time in solving system 5.364561424001295
time in solving system 0.1297142650000751
time in solving system 0.16263594400516013
concluded in  13.244675797999662
Solving snapshot 0 96
36
time in solving system 5.474111660005292
time in solving system 0.40274819800106343
time in solving system 0.28315728699817555
concluded in  13.81511458499881
Solving snapshot 0 97
36
time in solving system 6.849589349003509
time in solving system 0.11686500299401814
time in solving system 0.13844072999927448
concluded in  14.284868475995609
Solving snapshot 0 98
36
time in solving system 6.3400979329962865
time in solving system 0.12720694999734405
time in solving system 0.11963251900306204
concluded in  14.481382644997211
Solving snapshot 0 99
36
time in solving system 6.096471024000493
time in solving system 0.12399466999340802
time in solving system 0.20597337999788579
concluded in  14.034718431001238
Solving snapshot 0 100
36
time in solving system 6.317157391997171
time in solving system 0.2136237640006584
time in solving system 0.18783347600401612
concluded in  14.086632490994816
Solving snapshot 0 101
36
time in solving system 6.903592375005246
time in solving system 0.15531376800208818
time in solving system 0.15393003200006206
concluded in  14.211843636003323
Solving snapshot 0 102
36
time in solving system 6.634375169000123
time in solving system 0.18256344700057525
time in solving system 0.16320781499962322
concluded in  14.247408742005064
Solving snapshot 0 103
36
time in solving system 5.700800263999554
time in solving system 0.1384903460057103
time in solving system 0.14961016299639596
concluded in  13.419206033999217
Solving snapshot 0 104
36
time in solving system 6.101880263995554
time in solving system 0.24696999399748165
time in solving system 0.16810678700130666
concluded in  13.740588715998456
Solving snapshot 0 105
36
time in solving system 6.194581718002155
time in solving system 0.13270715300313896
time in solving system 0.12632176199986134
concluded in  13.623593675001757
Solving snapshot 0 106
36
time in solving system 6.830964693996066
time in solving system 0.14653982400341192
time in solving system 0.1866722339982516
concluded in  14.171216376002121
Solving snapshot 0 107
36
time in solving system 5.3222610160009935
time in solving system 0.25404831600462785
time in solving system 0.24648703000275418
concluded in  13.211809334999998
Solving snapshot 0 108
36
time in solving system 6.648462942997867
time in solving system 0.16606963100639405
time in solving system 0.227418086004036
concluded in  14.237884875001328
Solving snapshot 0 109
36
time in solving system 5.958248465998622
time in solving system 0.25095677100034663
time in solving system 0.24698965100105852
concluded in  12.889702291999129
Solving snapshot 0 110
36
time in solving system 6.4926420749980025
time in solving system 0.12346180900203763
time in solving system 0.16934234099608148
concluded in  13.794052600998839
Solving snapshot 0 111
36
time in solving system 6.058112739003263
time in solving system 0.12360037200414808
time in solving system 0.12188553300075
concluded in  12.691789937998692
Solving snapshot 0 112
36
time in solving system 5.877150865999283
time in solving system 0.2545536949983216
time in solving system 0.24378323100245325
concluded in  13.271773483997094
Solving snapshot 0 113
36
time in solving system 6.810745750000933
time in solving system 0.1845072570067714
time in solving system 0.1176153880005586
concluded in  13.804742942993471
Solving snapshot 0 114
36
time in solving system 5.654969139999594
time in solving system 0.26712340399535606
time in solving system 0.11488810100127012
concluded in  12.259347379993415
Solving snapshot 0 115
36
time in solving system 5.71746315999917
time in solving system 0.14268830299988622
time in solving system 0.13325179699313594
concluded in  12.5547913900009
Solving snapshot 0 116
36
time in solving system 5.741434981995553
time in solving system 0.493770045999554
time in solving system 0.3282400219977717
concluded in  13.81514804699691
Solving snapshot 0 117
36
time in solving system 6.725893391005229
time in solving system 0.24030492699967
time in solving system 0.18463491800503107
concluded in  13.488632977001544
Solving snapshot 0 118
36
time in solving system 6.952961866001715
time in solving system 0.2959969750008895
time in solving system 0.37715079900226556
concluded in  13.28327215599711
Solving snapshot 0 119
36
time in solving system 6.079834725998808
time in solving system 0.4218758459974197
time in solving system 0.18420866900123656
concluded in  11.555722384000546
Solving snapshot 0 120
36
time in solving system 6.6349313169994275
time in solving system 0.3660796269978164
time in solving system 0.368665490001149
concluded in  12.132009095003013
Solving snapshot 0 121
36
time in solving system 6.142207575001521
time in solving system 0.233462835996761
time in solving system 0.3000352559974999
concluded in  10.526790271003847
Solving snapshot 0 122
36
time in solving system 6.274019773998589
time in solving system 0.3230295789981028
time in solving system 0.310266688997217
concluded in  11.313254592998419
Solving snapshot 0 123
36
time in solving system 4.940887733995623
time in solving system 0.43965844600461423
time in solving system 0.42403136500070104
concluded in  10.136971325999184
Solving snapshot 0 124
36
time in solving system 6.374472629999218
time in solving system 0.39859767699817894
time in solving system 0.36036574600439053
concluded in  11.595848224998917
Solving snapshot 0 125
36
time in solving system 5.6631198469985975
time in solving system 0.44598602499900153
time in solving system 0.39759411200066097
concluded in  12.77056895900023
Solving snapshot 0 126
36
time in solving system 6.636365468002623
time in solving system 0.2499548429987044
time in solving system 0.35233444099867484
concluded in  13.168286392996379
Solving snapshot 0 127
36
time in solving system 8.1555106589949
time in solving system 0.12151288399763871
time in solving system 0.12193943500460591
concluded in  13.66987142599828
Solving snapshot 0 128
36
time in solving system 7.5551980570016894
time in solving system 0.17328821200499078
time in solving system 0.1243503799996688
concluded in  13.923805325001013
Solving snapshot 0 129
36
time in solving system 6.141821547003929
time in solving system 0.2558359110043966
time in solving system 0.24343608599883737
concluded in  14.320313880001777
Solving snapshot 0 130
36
time in solving system 5.43179327800317
time in solving system 0.22008474500034936
time in solving system 0.22632014800183242
concluded in  12.667467088002013
Solving snapshot 0 131
36
time in solving system 3.3420295660034753
time in solving system 0.12293745800707256
time in solving system 0.2214620129961986
concluded in  11.426870442999643
Solving snapshot 0 132
36
time in solving system 6.464133786997991
time in solving system 0.11519718899944564
time in solving system 0.11081737099448219
concluded in  15.73278466600459
Solving snapshot 0 133
36
time in solving system 6.081469712000398
time in solving system 0.11513323600229342
time in solving system 0.2632977179964655
concluded in  14.60354887599533
Solving snapshot 0 134
36
time in solving system 7.350959169001726
time in solving system 0.5868071880031493
time in solving system 0.4577310890017543
concluded in  15.608169977000216
Solving snapshot 0 135
36
time in solving system 4.860455554997316
time in solving system 0.43977059300232213
time in solving system 0.6588963399990462
concluded in  11.593625569999858
Solving snapshot 0 136
36
time in solving system 6.334236834001786
time in solving system 0.4107974379949155
time in solving system 0.5732019550050609
concluded in  11.715484637003101
Solving snapshot 0 137
36
time in solving system 6.116156894000596
time in solving system 0.5406581309944158
time in solving system 0.42658764000225347
concluded in  11.018019003997324
Solving snapshot 0 138
36
time in solving system 6.304634157000692
time in solving system 0.4047403399963514
time in solving system 0.11996070099849021
concluded in  10.590139822998026
Solving snapshot 0 139
36
time in solving system 6.555255111998122
time in solving system 0.3084427210051217
time in solving system 0.34518230200046673
concluded in  12.075173497003561
Solving snapshot 0 140
36
time in solving system 6.29822687900014
time in solving system 0.4030415279994486
time in solving system 0.3536322200016002
concluded in  12.239350111995009
Solving snapshot 0 141
36
time in solving system 6.468670353999187
time in solving system 0.15555991899600485
time in solving system 0.2286289420007961
concluded in  13.715649435005616
Solving snapshot 0 142
36
time in solving system 6.0293070650004665
time in solving system 0.3472029080003267
time in solving system 0.3273776509959134
concluded in  12.989935457000684
Solving snapshot 0 143
36
time in solving system 6.4402243250005995
time in solving system 0.12671379899984458
time in solving system 0.15578677899611648
concluded in  13.411941792997823
Solving snapshot 0 144
36
time in solving system 7.428911653005343
time in solving system 0.12418409500241978
time in solving system 0.12138842699641827
concluded in  16.180359240999678
Solving snapshot 0 145
36
time in solving system 7.462233507001656
time in solving system 0.15252769200014882
time in solving system 0.11355095299950335
concluded in  17.719407002994558
Solving snapshot 0 146
36
time in solving system 6.835672720997536
time in solving system 0.675408351002261
time in solving system 0.6430824940034654
concluded in  15.333506336006394
Solving snapshot 0 147
36
time in solving system 7.323214101001213
time in solving system 0.6057876489940099
time in solving system 0.51544704400294
concluded in  13.440062392000982
Solving snapshot 0 148
36
time in solving system 6.414559083998029
time in solving system 0.30662376299733296
time in solving system 0.35487052499956917
concluded in  11.735543672002677
Solving snapshot 0 149
36
time in solving system 6.662732220996986
time in solving system 0.41454007400170667
time in solving system 0.2214895270008128
concluded in  12.914377968998451
Solving snapshot 0 150
36
time in solving system 7.46368068800075
time in solving system 0.31241443999897456
time in solving system 0.3113357200054452
concluded in  12.923559640999883
Solving snapshot 0 151
36
time in solving system 6.875890579001862
time in solving system 0.36203723100334173
time in solving system 0.22329982499650214
concluded in  10.955908333999105
Solving snapshot 0 152
36
time in solving system 5.254031071999634
time in solving system 0.5257107650031685
time in solving system 0.5262635790058994
concluded in  9.857066195996595
Solving snapshot 0 153
36
time in solving system 7.2005307729996275
time in solving system 0.48534431900043273
time in solving system 0.3255527549990802
concluded in  11.5933856690026
Solving snapshot 0 154
36
time in solving system 7.377953422001156
time in solving system 0.27433400599693414
time in solving system 0.20132901400211267
concluded in  12.590731791999133
Solving snapshot 0 155
36
time in solving system 7.607594120003341
time in solving system 0.19990219999453984
time in solving system 0.18508649300201796
concluded in  13.494993277003232
Solving snapshot 0 156
36
time in solving system 7.534582892993058
time in solving system 0.41647631600062596
time in solving system 0.3837137160007842
concluded in  11.931455865000316
Solving snapshot 0 157
36
time in solving system 7.52307394300442
time in solving system 0.2590651130012702
time in solving system 0.29552859799878206
concluded in  11.524069056998997
Solving snapshot 0 158
36
time in solving system 8.030342541998834
time in solving system 0.2044529299964779
time in solving system 0.2377012979995925
concluded in  11.773439923003025
Solving snapshot 0 159
36
time in solving system 9.016925892996369
time in solving system 0.2776178999993135
time in solving system 0.13478626500000246
concluded in  12.698939859998063
Solving snapshot 0 160
36
time in solving system 9.520762113003002
time in solving system 0.1557425479986705
time in solving system 0.15042745700338855
concluded in  12.928731542997411
Solving snapshot 0 161
36
time in solving system 6.853382244000386
time in solving system 0.12812147899967385
time in solving system 0.12393463499756763
concluded in  11.368860176000453
Solving snapshot 0 162
36
time in solving system 10.325105289994099
time in solving system 0.11343819100147812
time in solving system 0.10881863800022984
concluded in  13.604507739997644
Solving snapshot 0 163
36
time in solving system 6.189839493999898
time in solving system 0.12374107299547177
time in solving system 0.11973169699922437
concluded in  13.28233074399759
Solving snapshot 0 164
36
time in solving system 10.881002032001561
time in solving system 0.5729637030017329
time in solving system 0.549372929999663
concluded in  21.495863588999782
Solving snapshot 0 165
36
time in solving system 7.244454776999191
time in solving system 0.2557089899928542
time in solving system 0.23836599999776809
concluded in  11.403929843996593
Solving snapshot 0 166
36
time in solving system 6.8541671720013255
time in solving system 0.31950721299654106
time in solving system 0.25776362299802713
concluded in  12.48734634599532
Solving snapshot 0 167
36
time in solving system 7.637177504002466
time in solving system 0.25007119099609554
time in solving system 0.2636270520015387
concluded in  13.327306799001235
Solving snapshot 0 168
36
time in solving system 7.45937851099734
time in solving system 0.1851905900039128
time in solving system 0.1267739309987519
concluded in  11.417196308000712
Solving snapshot 0 169
36
time in solving system 6.555207142999279
time in solving system 0.33691992099920753
time in solving system 0.2799911160036572
concluded in  11.005842762999237
Solving snapshot 0 170
36
time in solving system 6.813402585998119
time in solving system 0.15541252799448557
time in solving system 0.1510660510029993
concluded in  10.63010661300359
Solving snapshot 0 171
36
time in solving system 7.279886538999563
time in solving system 0.15343156300514238
time in solving system 0.20506842900067568
concluded in  12.318600350001361
Solving snapshot 0 172
36
time in solving system 8.74880388800375
time in solving system 0.16392418000032194
time in solving system 0.11429178999969736
concluded in  14.757372391999525
Solving snapshot 0 173
36
time in solving system 8.58713551099936
time in solving system 0.16278903700003866
time in solving system 0.12467664500582032
concluded in  13.330886910000117
Solving snapshot 0 174
36
time in solving system 9.051694911002414
time in solving system 0.13023309699929086
time in solving system 0.12574637900252128
concluded in  12.783967642993957
Solving snapshot 0 175
36
time in solving system 6.116712148002989
time in solving system 0.27129717400384834
time in solving system 0.18356272800156148
concluded in  12.420888448999904
Solving snapshot 0 176
36
time in solving system 8.810016793999239
time in solving system 0.14463879400136648
time in solving system 0.12771434000023874
concluded in  15.767263795001782
Solving snapshot 0 177
36
time in solving system 9.141055527994467
time in solving system 0.6036084950028453
time in solving system 0.7450729730044259
concluded in  20.15432869500364
Solving snapshot 0 178
36
time in solving system 6.437123508003424
time in solving system 0.6040361640043557
time in solving system 0.2238202629960142
concluded in  10.672594037998351
Solving snapshot 0 179
36
time in solving system 5.967599964002147
time in solving system 0.6250940969985095
time in solving system 0.5474702959982096
concluded in  11.905321245001687
Solving snapshot 0 180
36
time in solving system 7.596501956999418
time in solving system 0.391113008998218
time in solving system 0.3781338219996542
concluded in  14.248592016003386
Solving snapshot 0 181
36
time in solving system 6.933723094000015
time in solving system 0.12288179399911314
time in solving system 0.2667062319960678
concluded in  10.844346197998675
Solving snapshot 0 182
36
time in solving system 6.143789220994222
time in solving system 0.3931481090039597
time in solving system 0.4064562079947791
concluded in  10.69289003599988
Solving snapshot 0 183
36
time in solving system 7.924670485997922
time in solving system 0.3041697419976117
time in solving system 0.35311708000517683
concluded in  14.41316327599634
Solving snapshot 0 184
36
time in solving system 7.919806844001869
time in solving system 0.13348709099955158
time in solving system 0.11827372299740091
concluded in  14.664628317004826
Solving snapshot 0 185
36
time in solving system 9.250805972995295
time in solving system 0.2193143449985655
time in solving system 0.1697784860007232
concluded in  14.033670705000986
Solving snapshot 0 186
36
time in solving system 7.843162958000903
time in solving system 0.24208511900360463
time in solving system 0.24210393799876329
concluded in  13.419324576992949
Solving snapshot 0 187
36
time in solving system 6.853456887998618
time in solving system 0.28160502199898474
time in solving system 0.3003669739991892
concluded in  12.539881532997242
Solving snapshot 0 188
36
time in solving system 8.425871441999334
time in solving system 0.24863764600013383
time in solving system 0.3554135999947903
concluded in  12.77725836099853
Solving snapshot 0 189
36
time in solving system 7.553467466001166
time in solving system 0.3350265760018374
time in solving system 0.25841481299721636
concluded in  12.47656404600275
Solving snapshot 0 190
36
time in solving system 9.919776830996852
time in solving system 0.23806054000306176
time in solving system 0.23670008400222287
concluded in  16.170892229994934
Solving snapshot 0 191
36
time in solving system 7.253118177999568
time in solving system 0.15582032499514753
time in solving system 0.19367055000475375
concluded in  16.254472861000977
Solving snapshot 0 192
36
time in solving system 5.1725464279952575
time in solving system 0.11499955799808959
time in solving system 0.16108619599981466
concluded in  12.60879910299991
Solving snapshot 0 193
36
time in solving system 4.911919632999343
time in solving system 0.11818291000236059
time in solving system 0.13210730400169268
concluded in  11.668480164997163
Solving snapshot 0 194
36
time in solving system 8.50683251299779
time in solving system 0.3319644520015572
time in solving system 0.5277418350015068
concluded in  17.38273955600016
Solving snapshot 0 195
36
time in solving system 7.519001650005521
time in solving system 0.45567111700074747
time in solving system 0.30584829099825583
concluded in  14.193528570001945
Solving snapshot 0 196
36
time in solving system 6.364138629003719
time in solving system 0.24167879900051048
time in solving system 0.2555947240034584
concluded in  12.222482965997187
Solving snapshot 0 197
36
time in solving system 6.21708519099775
time in solving system 0.40028880200407
time in solving system 0.4171984160057036
concluded in  12.935304591002932
Solving snapshot 0 198
36
time in solving system 6.668657066999003
time in solving system 0.19230016700021224
time in solving system 0.23052263399586082
concluded in  11.216465741003049
Solving snapshot 0 199
36
time in solving system 5.912597656999424
time in solving system 0.5030949159990996
time in solving system 0.35877573100151494
concluded in  11.253682341994136
Solving snapshot 0 200
36
time in solving system 6.193718882997928
time in solving system 0.2979855699959444
time in solving system 0.3015565410023555
concluded in  13.244091845001094
Solving snapshot 0 201
36
time in solving system 7.107331373001216
time in solving system 0.27857010700245155
time in solving system 0.31892227299977094
concluded in  14.390324118998251
Solving snapshot 0 202
36
time in solving system 6.939823693996004
time in solving system 0.1544799969997257
time in solving system 0.24478575599641772
concluded in  14.187212411001383
Solving snapshot 0 203
36
time in solving system 7.0339257340019685
time in solving system 0.20126644600532018
time in solving system 0.1153839649996371
concluded in  13.687633312998514
Solving snapshot 0 204
36
time in solving system 6.935440061999543
time in solving system 0.12315932100318605
time in solving system 0.13044696699944325
concluded in  15.606144004996167
Solving snapshot 0 205
36
time in solving system 7.315214324997214
time in solving system 0.11433277199830627
time in solving system 0.12643579799623694
concluded in  15.51941404399986
Solving snapshot 0 206
36
time in solving system 8.437011691006774
time in solving system 0.2380515109980479
time in solving system 0.24659075900126481
concluded in  18.18688779600052
Solving snapshot 0 207
36
time in solving system 7.472019214001193
time in solving system 0.4723343899968313
time in solving system 0.4834369969976251
concluded in  14.36643880700285
Solving snapshot 0 208
36
time in solving system 4.662545223996858
time in solving system 0.24190937299863435
time in solving system 0.35671992199786473
concluded in  10.598806519999926
Solving snapshot 0 209
36
time in solving system 6.70389583799988
time in solving system 0.22497265099809738
time in solving system 0.2008429189954768
concluded in  12.278270677001274
Solving snapshot 0 210
36
time in solving system 7.06144592599594
time in solving system 0.30674231800367124
time in solving system 0.45304011900589103
concluded in  12.934858093001822
Solving snapshot 0 211
36
time in solving system 8.511203087000467
time in solving system 0.12053336199460318
time in solving system 0.1293882539976039
concluded in  14.725423998999759
Solving snapshot 0 212
36
time in solving system 7.461104893998709
time in solving system 0.2519237090018578
time in solving system 0.23221436399762752
concluded in  12.758045347000007
Solving snapshot 0 213
36
time in solving system 7.1628193630022
time in solving system 0.2453105449967552
time in solving system 0.26054329900216544
concluded in  14.90005792100419
Solving snapshot 0 214
36
time in solving system 6.225152740997146
time in solving system 0.2403018780023558
time in solving system 0.2518703780006035
concluded in  14.72976433599979
Solving snapshot 0 215
36
time in solving system 6.9390939620061545
time in solving system 0.29143791499518557
time in solving system 0.23576031800621422
concluded in  15.878399683999305
Solving snapshot 0 216
36
time in solving system 5.350516796002921
time in solving system 0.275484427002084
time in solving system 0.24554315400018822
concluded in  13.518004630001087
Solving snapshot 0 217
36
time in solving system 5.911307320006017
time in solving system 0.6778651330023422
time in solving system 0.6864693220049958
concluded in  14.224869762998424
Solving snapshot 0 218
36
time in solving system 7.998449630002142
time in solving system 0.384835862001637
time in solving system 0.2520782860010513
concluded in  12.669248854996113
Solving snapshot 0 219
36
time in solving system 6.47419719100435
time in solving system 0.43926467100391164
time in solving system 0.3650336819991935
concluded in  11.001209366993862
Solving snapshot 0 220
36
time in solving system 5.8799376399983885
time in solving system 0.44460543799505103
time in solving system 0.2771220920039923
concluded in  10.285338068002602
Solving snapshot 0 221
36
time in solving system 5.889184927997121
time in solving system 0.6188771559973247
time in solving system 0.18451383199862903
concluded in  10.647897315000591
Solving snapshot 0 222
36
time in solving system 5.9927915670050425
time in solving system 0.1268350289974478
time in solving system 0.20419388099981006
concluded in  11.658962445995712
Solving snapshot 0 223
36
time in solving system 6.385335844002839
time in solving system 0.1780896339987521
time in solving system 0.3276643189965398
concluded in  14.272602365999774
Solving snapshot 0 224
36
time in solving system 7.546236437003245
time in solving system 0.28680381899903296
time in solving system 0.13044872700265842
concluded in  15.223324849001074
Solving snapshot 0 225
36
time in solving system 7.459130584997183
time in solving system 0.11206396399938967
time in solving system 0.15817300799972145
concluded in  14.77056253200135
Solving snapshot 0 226
36
time in solving system 6.086106834998645
time in solving system 0.14107873699686024
time in solving system 0.2180835679973825
concluded in  13.31192721700063
Solving snapshot 0 227
36
time in solving system 9.417728667001938
time in solving system 0.11436154799594078
time in solving system 0.11632220399769722
concluded in  16.395345785000245
Solving snapshot 0 228
36
time in solving system 5.5141110839977046
time in solving system 0.15974191700661322
time in solving system 0.11582365399954142
concluded in  13.833193145997939
Solving snapshot 0 229
36
time in solving system 6.787610665000102
time in solving system 0.11717994599894155
time in solving system 0.12084120499639539
concluded in  14.62988494700403
Solving snapshot 0 230
36
time in solving system 6.402121015002194
time in solving system 0.12065285499556921
time in solving system 0.17811779500334524
concluded in  14.094152584999392
Solving snapshot 0 231
36
time in solving system 5.894630866001535
time in solving system 0.1269621549945441
time in solving system 0.16856689500127686
concluded in  12.915320164996956
Solving snapshot 0 232
36
time in solving system 7.051371712994296
time in solving system 0.224826393998228
time in solving system 0.1950891720043728
concluded in  16.289350169005047
Solving snapshot 0 233
36
time in solving system 5.836643018999894
time in solving system 0.28924744299729355
time in solving system 0.2930743410033756
concluded in  14.106137406000926
Solving snapshot 0 234
36
time in solving system 5.745271703999606
time in solving system 0.1292944160013576
time in solving system 0.12560831899463665
concluded in  13.533750921000319
Solving snapshot 0 235
36
time in solving system 7.136979584000073
time in solving system 0.16909168799611507
time in solving system 0.17241237800044473
concluded in  14.157118870003615
Solving snapshot 0 236
36
time in solving system 6.864641349995509
time in solving system 0.13628772499941988
time in solving system 0.16938340300112031
concluded in  15.176645298997755
Solving snapshot 0 237
36
time in solving system 5.551328851994185
time in solving system 0.2377872639990528
time in solving system 0.22916835000069113
concluded in  13.606561279004382
Solving snapshot 0 238
36
time in solving system 7.032619728001009
time in solving system 0.1616444009996485
time in solving system 0.24127787299948977
concluded in  14.671601604997704
Solving snapshot 0 239
36
time in solving system 7.433278321994294
time in solving system 0.2697270060016308
time in solving system 0.2375031100018532
concluded in  14.117967022000812
Solving snapshot 0 240
36
time in solving system 7.66901957400114
time in solving system 0.11619328399683582
time in solving system 0.16162581800017506
concluded in  14.386386004000087
Solving snapshot 0 241
36
time in solving system 6.656566123005177
time in solving system 0.12971394899795996
time in solving system 0.11290141099743778
concluded in  14.094801858002029
Solving snapshot 0 242
36
time in solving system 7.310782110005675
time in solving system 0.11894887700327672
time in solving system 0.1166613929963205
concluded in  14.962599189006141
Solving snapshot 0 243
36
time in solving system 6.324890048002999
time in solving system 0.11893245599640068
time in solving system 0.19777929300471442
concluded in  14.904936651000753
Solving snapshot 0 244
36
time in solving system 6.0203213109998615
time in solving system 0.21380789500108222
time in solving system 0.14513001600425923
concluded in  14.948142799003108
Solving snapshot 0 245
36
time in solving system 7.204615285001637
time in solving system 0.27163901300082216
time in solving system 0.18809847599914065
concluded in  14.792746822000481
Solving snapshot 0 246
36
time in solving system 5.023323913002969
time in solving system 0.2556825130013749
time in solving system 0.28150931499840226
concluded in  13.083628846005013
Solving snapshot 0 247
36
time in solving system 5.518517641001381
time in solving system 0.24194591700506862
time in solving system 0.3002682980004465
concluded in  12.929262304998701
Solving snapshot 0 248
36
time in solving system 5.946875572000863
time in solving system 0.13799664100224618
time in solving system 0.20639760199992452
concluded in  13.398283162001462
Solving snapshot 0 249
36
time in solving system 6.54818646300555
time in solving system 0.19140337200224167
time in solving system 0.1261715400032699
concluded in  13.974321529996814
Solving snapshot 0 250
36
time in solving system 5.118908926000586
time in solving system 0.29115232799813384
time in solving system 0.27291566799976863
concluded in  12.9069604719989
Solving snapshot 0 251
36
time in solving system 7.1737491020030575
time in solving system 0.1844125380011974
time in solving system 0.12358077299722936
concluded in  14.933663185001933
Solving snapshot 0 252
36
time in solving system 5.010021296002378
time in solving system 0.36113056299655
time in solving system 0.2766836529990542
concluded in  12.969580878998386
Solving snapshot 0 253
36
time in solving system 6.148335981000855
time in solving system 0.13501666099909926
time in solving system 0.12173004199576098
concluded in  13.343408631000784
Solving snapshot 0 254
36
time in solving system 7.421063558002061
time in solving system 0.20313378699938767
time in solving system 0.11567746799846645
concluded in  14.387084195004718
Solving snapshot 0 255
36
time in solving system 5.534240155997395
time in solving system 0.2555606739988434
time in solving system 0.28678793700237293
concluded in  11.121290218994545
Solving snapshot 0 256
36
time in solving system 6.240322793004452
time in solving system 0.40229034600633895
time in solving system 0.27231800900335656
concluded in  13.20211327799916
Solving snapshot 0 257
36
time in solving system 6.584852640000463
time in solving system 0.23284099200100172
time in solving system 0.35935979199712165
concluded in  12.107116229002713
Solving snapshot 0 258
36
time in solving system 5.318702824006323
time in solving system 0.32823955200001365
time in solving system 0.4165389569971012
concluded in  10.238345802994445
Solving snapshot 0 259
36
time in solving system 5.035402182002144
time in solving system 0.3941739849979058
time in solving system 0.4694083979993593
concluded in  10.155369289997907
Solving snapshot 0 260
36
time in solving system 6.079734274993825
time in solving system 0.6529215650007245
time in solving system 0.2724776980030583
concluded in  10.840517879005347
Solving snapshot 0 261
36
time in solving system 6.7432664099978865
time in solving system 0.47840286399878096
time in solving system 0.427990078998846
concluded in  12.296837814996252
Solving snapshot 0 262
36
time in solving system 5.932206593002775
time in solving system 0.7379372389987111
time in solving system 0.6112851169964415
concluded in  13.027150674999575
Solving snapshot 0 263
36
time in solving system 6.42673627500335
time in solving system 0.7055017359962221
time in solving system 0.5800776689939084
concluded in  12.027652583004965
Solving snapshot 0 264
36
time in solving system 6.559061135005322
time in solving system 0.5373135289992206
time in solving system 0.21284947600361193
concluded in  11.240812835996621
Solving snapshot 0 265
36
time in solving system 6.9467873760004295
time in solving system 0.38719753700570436
time in solving system 0.3416600800046581
concluded in  13.265757642999233
Solving snapshot 0 266
36
time in solving system 6.896029850002378
time in solving system 0.4542166770042968
time in solving system 0.29415282099944307
concluded in  12.640214869999909
Solving snapshot 0 267
36
time in solving system 5.825378552995971
time in solving system 0.44194045099720825
time in solving system 0.4690420089973486
concluded in  10.611336427995411
Solving snapshot 0 268
36
time in solving system 6.647387231998437
time in solving system 0.4390422519936692
time in solving system 0.26075379100075224
concluded in  11.089678237003682
Solving snapshot 0 269
36
time in solving system 5.646079161000671
time in solving system 0.14115380700241076
time in solving system 0.3699399489996722
concluded in  10.089842973000486
Solving snapshot 0 270
36
time in solving system 6.983723457000451
time in solving system 0.46207247499842197
time in solving system 0.43621297299978323
concluded in  12.183683857001597
Solving snapshot 0 271
36
time in solving system 7.26226186400163
time in solving system 0.2746299709979212
time in solving system 0.3399308129955898
concluded in  13.012681125997915
Solving snapshot 0 272
36
time in solving system 5.772541163001733
time in solving system 0.5961021920011262
time in solving system 0.5069633349994547
concluded in  12.146398368000519
Solving snapshot 0 273
36
time in solving system 6.770566893996147
time in solving system 0.49211383099464
time in solving system 0.4099447170010535
concluded in  12.374929908997728
Solving snapshot 0 274
36
time in solving system 6.0960737639979925
time in solving system 0.3737503630036372
time in solving system 0.34081097099988256
concluded in  11.95587274600257
Solving snapshot 0 275
36
time in solving system 6.3093480079987785
time in solving system 0.2851098090031883
time in solving system 0.2437117190056597
concluded in  13.785773301002337
Solving snapshot 0 276
36
time in solving system 7.516506829000718
time in solving system 0.2686975579999853
time in solving system 0.3650519769944367
concluded in  14.535720439002034
Solving snapshot 0 277
36
time in solving system 7.627562684996519
time in solving system 0.1274199729959946
time in solving system 0.12744588899658993
concluded in  12.758651579002617
Solving snapshot 0 278
36
time in solving system 11.279809247003868
time in solving system 0.1143380710054771
time in solving system 0.10895287599851144
concluded in  16.645317927999713
Solving snapshot 0 279
36
time in solving system 8.871907795997686
time in solving system 0.4026907330044196
time in solving system 0.3878430719996686
concluded in  19.165817871005856
Solving snapshot 0 280
36
time in solving system 7.1130955970002105
time in solving system 0.6036117790063145
time in solving system 0.29362304900132585
concluded in  14.97634716599714
Solving snapshot 0 281
36
time in solving system 6.461420416999317
time in solving system 0.24974547699821414
time in solving system 0.3390081960023963
concluded in  12.274208930000896
Solving snapshot 0 282
36
time in solving system 6.099761265999405
time in solving system 0.20353178500226932
time in solving system 0.26206405099947006
concluded in  12.410324297001353
Solving snapshot 0 283
36
time in solving system 8.167382755003928
time in solving system 0.24657453499821713
time in solving system 0.2761708070029272
concluded in  14.969493176999094
Solving snapshot 0 284
36
time in solving system 9.393546418003098
time in solving system 0.19572792499820935
time in solving system 0.27492611599882366
concluded in  14.383629087998997
Solving snapshot 0 285
36
time in solving system 8.50815809800406
time in solving system 0.13692143200023565
time in solving system 0.23518961900117574
concluded in  15.05263511499652
Solving snapshot 0 286
36
time in solving system 8.30766270699678
time in solving system 0.14230955099628773
time in solving system 0.236265570994874
concluded in  14.411399611002707
Solving snapshot 0 287
36
time in solving system 8.841223547999107
time in solving system 0.4460500380009762
time in solving system 0.263399354997091
concluded in  13.851267616999394
Solving snapshot 0 288
36
time in solving system 8.616174627000873
time in solving system 0.5093559469969478
time in solving system 0.310145873001602
concluded in  13.607207724002365
Solving snapshot 0 289
36
time in solving system 10.920095081994077
time in solving system 0.1876842210040195
time in solving system 0.13316342900361633
concluded in  14.811614455997187
Solving snapshot 0 290
36
time in solving system 9.45149384400429
time in solving system 0.19085037199693033
time in solving system 0.15548080800363095
concluded in  13.746265591005795
Solving snapshot 0 291
36
time in solving system 7.386450980004156
time in solving system 0.14298234799935017
time in solving system 0.1713319260015851
concluded in  12.270646664001106
Solving snapshot 0 292
36
time in solving system 8.35140519199922
time in solving system 0.12136472700512968
time in solving system 0.12395788200228708
concluded in  13.005512086994713
Solving snapshot 0 293
36
time in solving system 5.672937222996552
time in solving system 0.12575366199598648
time in solving system 0.11719937300222227
concluded in  10.839397610994638
Solving snapshot 0 294
36
time in solving system 4.87897401599912
time in solving system 0.11989140899822814
time in solving system 0.10865480700158514
concluded in  10.666339095994772
Solving snapshot 0 295
36
time in solving system 4.590929386002244
time in solving system 0.1449120299948845
time in solving system 0.13636118300200906
concluded in  8.62875310700474
Solving snapshot 0 296
36
time in solving system 5.278963320000912
time in solving system 0.11700207400281215
time in solving system 0.15037906900397502
concluded in  10.458889329005615
Solving snapshot 0 297
36
time in solving system 6.197745839999698
time in solving system 0.1101996630022768
time in solving system 0.1098946630008868
concluded in  11.051872093004931
Solving snapshot 0 298
36
time in solving system 2.0105073470040224
time in solving system 0.14748466000310145
time in solving system 0.1023270549994777
concluded in  5.880043413002568
Solving snapshot 0 299
36
time in solving system 2.873009062001074
time in solving system 0.11703150799439754
time in solving system 0.09363344799930928
concluded in  5.823642464005388
[]
Not completed: []
