Solving not completed simulation: 0-th chance
Solving snapshot 0 0
36
time in solving system 3.5689208790008706
time in solving system 0.1409099590000551
time in solving system 0.11890407200007758
concluded in  8.88683048600069
Solving snapshot 0 1
36
time in solving system 3.9488521390012465
time in solving system 0.2302954189999582
time in solving system 0.1500376719995984
concluded in  9.224825499999497
Solving snapshot 0 2
36
time in solving system 3.5683326620001026
time in solving system 0.26378448700052104
time in solving system 0.2443167370001902
concluded in  9.131810602999394
Solving snapshot 0 3
36
time in solving system 3.8078885240011004
time in solving system 0.1433687890003057
time in solving system 0.21481776799919317
concluded in  8.990985925000132
Solving snapshot 0 4
36
time in solving system 3.852452697999979
time in solving system 0.17309871500037843
time in solving system 0.14705877199958195
concluded in  8.851149084999633
Solving snapshot 0 5
36
time in solving system 4.158466175000285
time in solving system 0.23171018900029594
time in solving system 0.2549516819999553
concluded in  9.52983617100108
Solving snapshot 0 6
36
time in solving system 3.5037088169992785
time in solving system 0.2079871109999658
time in solving system 0.28910105200156977
concluded in  9.096577913000147
Solving snapshot 0 7
36
time in solving system 2.820053096000265
time in solving system 0.19802280200019595
time in solving system 0.25174049099950935
concluded in  8.287820689
Solving snapshot 0 8
36
time in solving system 3.0610128690004785
time in solving system 0.2192945189999591
time in solving system 0.21816381600001478
concluded in  8.935236876001
Solving snapshot 0 9
36
time in solving system 3.2184751679997134
time in solving system 0.3297972140007914
time in solving system 0.3399689360012417
concluded in  9.502950563999548
Solving snapshot 0 10
36
time in solving system 2.5805651390001003
time in solving system 0.34111771499919996
time in solving system 0.24519053299991356
concluded in  8.301739047999945
Solving snapshot 0 11
36
time in solving system 4.237964656000258
time in solving system 0.2227596459997585
time in solving system 0.2025501069983875
concluded in  10.122964432001027
Solving snapshot 0 12
36
time in solving system 2.495809215999543
time in solving system 0.15398849399934988
time in solving system 0.159094302000085
concluded in  7.70011478699962
Solving snapshot 0 13
36
time in solving system 2.665510446000553
time in solving system 0.23829233599826694
time in solving system 0.17263244499918073
concluded in  8.653249409999262
Solving snapshot 0 14
36
time in solving system 2.9140058949997183
time in solving system 0.30810631399981503
time in solving system 0.2386376480008039
concluded in  8.13412419999986
Solving snapshot 0 15
36
time in solving system 3.6261725340009434
time in solving system 0.26563242399970477
time in solving system 0.22059277299922542
concluded in  9.221781328000361
Solving snapshot 0 16
36
time in solving system 2.487823170999036
time in solving system 0.1576697479995346
time in solving system 0.15682179800023732
concluded in  7.639451700999416
Solving snapshot 0 17
36
time in solving system 2.805881430000227
time in solving system 0.16836439899998368
time in solving system 0.1736328440001671
concluded in  8.135986846000378
Solving snapshot 0 18
36
time in solving system 2.830897953999738
time in solving system 0.1781544009991194
time in solving system 0.16813257900139433
concluded in  8.277906739998798
Solving snapshot 0 19
36
time in solving system 3.896131557999979
time in solving system 0.17127910899944254
time in solving system 0.13758777200018812
concluded in  9.370474742001534
Solving snapshot 0 20
36
time in solving system 3.5486785739994957
time in solving system 0.15338253399932
time in solving system 0.14562319699871296
concluded in  8.935367977999704
Solving snapshot 0 21
36
time in solving system 3.6257464430000255
time in solving system 0.304797120999865
time in solving system 0.20275270599995565
concluded in  8.986512297000445
Solving snapshot 0 22
36
time in solving system 2.9874379449993285
time in solving system 0.29684556999927736
time in solving system 0.24393510000118113
concluded in  8.375466470000902
Solving snapshot 0 23
36
time in solving system 3.5520858090003458
time in solving system 0.2387991460000194
time in solving system 0.2614887510007975
concluded in  9.280652902998554
Solving snapshot 0 24
36
time in solving system 2.8850440099995467
time in solving system 0.23086533599962422
time in solving system 0.1661760500010132
concluded in  9.021072435998576
Solving snapshot 0 25
36
time in solving system 3.2955152790000284
time in solving system 0.23659791099998984
time in solving system 0.13795993299936526
concluded in  8.81781716200021
Solving snapshot 0 26
36
time in solving system 4.100317177000761
time in solving system 0.23206565599866735
time in solving system 0.17141428099967015
concluded in  9.708185628000138
Solving snapshot 0 27
36
time in solving system 3.362301823999587
time in solving system 0.2626501249997091
time in solving system 0.3007321149998461
concluded in  9.51675164900007
Solving snapshot 0 28
36
time in solving system 2.496194245000879
time in solving system 0.19285726499947486
time in solving system 0.16294109499904152
concluded in  7.873984411000492
Solving snapshot 0 29
36
time in solving system 2.2562226849986473
time in solving system 0.11979973200141103
time in solving system 0.12396423000063805
concluded in  7.258901893999791
Solving snapshot 0 30
36
time in solving system 2.270549917999233
time in solving system 0.126932286999363
time in solving system 0.12067983599990839
concluded in  8.144610134000686
Solving snapshot 0 31
36
time in solving system 2.3395994679995056
time in solving system 0.17695782699956908
time in solving system 0.1486741409989918
concluded in  8.29076947700014
Solving snapshot 0 32
36
time in solving system 2.2278294260013354
time in solving system 0.1224461980000342
time in solving system 0.11720940899976995
concluded in  7.826902591999897
Solving snapshot 0 33
36
time in solving system 2.4504610799995135
time in solving system 0.142021614999976
time in solving system 0.12584218499978306
concluded in  8.742903714000931
Solving snapshot 0 34
36
time in solving system 2.427711010999701
time in solving system 0.18048717999954533
time in solving system 0.15306146100010665
concluded in  8.013270215999
Solving snapshot 0 35
36
time in solving system 2.749529849999817
time in solving system 0.15414571200017235
time in solving system 0.15689979399940057
concluded in  8.87906237000061
Solving snapshot 0 36
36
time in solving system 2.6771248879995255
time in solving system 0.20181890800085966
time in solving system 0.18202192099852255
concluded in  8.68214824200004
Solving snapshot 0 37
36
time in solving system 2.234087668999564
time in solving system 0.13106107800012978
time in solving system 0.12712900400038052
concluded in  7.212752780000301
Solving snapshot 0 38
36
time in solving system 2.3108111259989528
time in solving system 0.12183385599928442
time in solving system 0.11821462599982624
concluded in  7.879885754000497
Solving snapshot 0 39
36
time in solving system 2.3323060309994617
time in solving system 0.12682236199907493
time in solving system 0.12846141699992586
concluded in  7.970108519999485
Solving snapshot 0 40
36
time in solving system 2.500280930000372
time in solving system 0.1453362640004343
time in solving system 0.1180168489991047
concluded in  9.84211527500156
Solving snapshot 0 41
36
time in solving system 2.5023604379985045
time in solving system 0.13240356800088193
time in solving system 0.12896883100074774
concluded in  9.067323256000236
Solving snapshot 0 42
36
time in solving system 2.412634901000274
time in solving system 0.15434547000040766
time in solving system 0.1521917520003626
concluded in  8.45881008700053
Solving snapshot 0 43
36
time in solving system 2.5755202130003454
time in solving system 0.14452677799999947
time in solving system 0.13885374499841419
concluded in  8.09607516199867
Solving snapshot 0 44
36
time in solving system 2.298792722000144
time in solving system 0.1253433389993006
time in solving system 0.12990800099942135
concluded in  7.9873893599997245
Solving snapshot 0 45
36
time in solving system 2.4256391819999408
time in solving system 0.15845050399911997
time in solving system 0.1364201510004932
concluded in  8.109094712001024
Solving snapshot 0 46
36
time in solving system 2.782141451998541
time in solving system 0.15984495500015328
time in solving system 0.13978527299877896
concluded in  8.806323431999772
Solving snapshot 0 47
36
time in solving system 2.595728659998713
time in solving system 0.1531551309999486
time in solving system 0.14135949999945296
concluded in  8.52033094899889
Solving snapshot 0 48
36
time in solving system 2.6267785079999157
time in solving system 0.15389178899931721
time in solving system 0.13899346399921342
concluded in  8.62897054700079
Solving snapshot 0 49
36
time in solving system 2.591171806001512
time in solving system 0.15058961900103895
time in solving system 0.13434262400005537
concluded in  8.922272373998567
Solving snapshot 0 50
36
time in solving system 2.442030689000603
time in solving system 0.13405206500101485
time in solving system 0.12661556199964252
concluded in  8.12495635200139
Solving snapshot 0 51
36
time in solving system 2.713271619000807
time in solving system 0.16627370599962887
time in solving system 0.14169326999945042
concluded in  9.293775674999779
Solving snapshot 0 52
36
time in solving system 2.7633203099994716
time in solving system 0.15614212999935262
time in solving system 0.1457253539992962
concluded in  8.989813483000034
Solving snapshot 0 53
36
time in solving system 2.9407631829999445
time in solving system 0.19264836699949228
time in solving system 0.19738479999978154
concluded in  9.220379512000363
Solving snapshot 0 54
36
time in solving system 2.3590628740003012
time in solving system 0.21896146399922145
time in solving system 0.14175984299981792
concluded in  7.77392092700029
Solving snapshot 0 55
36
time in solving system 2.534133903000111
time in solving system 0.1582578059988009
time in solving system 0.16561035399899993
concluded in  8.67110246899938
Solving snapshot 0 56
36
time in solving system 2.866139206000298
time in solving system 0.232275878001019
time in solving system 0.2695393279991549
concluded in  9.451510572000188
Solving snapshot 0 57
36
time in solving system 2.8749023789987405
time in solving system 0.1732847990006121
time in solving system 0.1716369299992948
concluded in  8.808757572000104
Solving snapshot 0 58
36
time in solving system 2.5382859550009016
time in solving system 0.1576712360001693
time in solving system 0.1704541409999365
concluded in  7.89666791899981
Solving snapshot 0 59
36
time in solving system 2.3793161939993297
time in solving system 0.1316494149996288
time in solving system 0.12517676400057098
concluded in  8.464741272000538
Solving snapshot 0 60
36
time in solving system 2.6120279949991527
time in solving system 0.1588735639998049
time in solving system 0.19386862099963764
concluded in  9.17931682299968
Solving snapshot 0 61
36
time in solving system 2.4017534799986606
time in solving system 0.13449121600024228
time in solving system 0.12367671399988467
concluded in  8.355032700001175
Solving snapshot 0 62
36
time in solving system 2.4032901959999435
time in solving system 0.1337279370000033
time in solving system 0.12469299900112674
concluded in  8.599275013000806
Solving snapshot 0 63
36
time in solving system 2.60709508599939
time in solving system 0.1511205639999389
time in solving system 0.14089523599977838
concluded in  8.903870067999378
Solving snapshot 0 64
36
time in solving system 2.659634305999134
time in solving system 0.15207904300041264
time in solving system 0.16150359000130265
concluded in  8.413140161001138
Solving snapshot 0 65
36
time in solving system 3.091622326999641
time in solving system 0.17872449000060442
time in solving system 0.15300234299866133
concluded in  9.423992337999152
Solving snapshot 0 66
36
time in solving system 2.7631507000005513
time in solving system 0.21146310600124707
time in solving system 0.16563322600086394
concluded in  9.185151841000334
Solving snapshot 0 67
36
time in solving system 3.2781275210018066
time in solving system 0.162617247999151
time in solving system 0.14148607900096977
concluded in  9.260584350999125
Solving snapshot 0 68
36
time in solving system 3.7445823790003487
time in solving system 0.18037828600063222
time in solving system 0.18150170700027957
concluded in  9.777597013999184
Solving snapshot 0 69
36
time in solving system 3.342296560998875
time in solving system 0.1745380659995135
time in solving system 0.2060376270001143
concluded in  8.80705721800041
Solving snapshot 0 70
36
time in solving system 3.0193227580002713
time in solving system 0.31274432099962723
time in solving system 0.17198245100007625
concluded in  8.483869558000151
Solving snapshot 0 71
36
time in solving system 2.5785317529989698
time in solving system 0.15393388899974525
time in solving system 0.14208830799907446
concluded in  7.666563869999663
Solving snapshot 0 72
36
time in solving system 2.5916743469988432
time in solving system 0.1524899310006731
time in solving system 0.14327627700004086
concluded in  8.60348740200061
Solving snapshot 0 73
36
time in solving system 2.401844539001104
time in solving system 0.13186041100016155
time in solving system 0.12234069899932365
concluded in  7.830119472999286
Solving snapshot 0 74
36
time in solving system 2.458192178999525
time in solving system 0.1467886329992325
time in solving system 0.12052015100016433
concluded in  7.967733649000365
Solving snapshot 0 75
36
time in solving system 2.7299761270005547
time in solving system 0.17860200600080134
time in solving system 0.1725132030005625
concluded in  8.938937410999642
Solving snapshot 0 76
36
time in solving system 2.5384356469985505
time in solving system 0.15961704900109908
time in solving system 0.1684530040001846
concluded in  8.644260375998783
Solving snapshot 0 77
36
time in solving system 2.422147863999271
time in solving system 0.1302581050003937
time in solving system 0.13387489799970353
concluded in  7.807263091001005
Solving snapshot 0 78
36
time in solving system 2.4143025529992883
time in solving system 0.13141090699900815
time in solving system 0.12282734099972004
concluded in  8.435189801999513
Solving snapshot 0 79
36
time in solving system 2.5999678219995985
time in solving system 0.14968608600065636
time in solving system 0.15135068000017782
concluded in  8.907232223000392
Solving snapshot 0 80
36
time in solving system 2.423716721999881
time in solving system 0.16627951800001028
time in solving system 0.164415162998921
concluded in  8.565400724999563
Solving snapshot 0 81
36
time in solving system 2.412702457000705
time in solving system 0.14098310900044453
time in solving system 0.15591437599869096
concluded in  8.004080039001565
Solving snapshot 0 82
36
time in solving system 2.7084304800009704
time in solving system 0.22644007799863175
time in solving system 0.19284708699888142
concluded in  8.537507777000428
Solving snapshot 0 83
36
time in solving system 2.8998002790012833
time in solving system 0.1987789270006033
time in solving system 0.16980777999924612
concluded in  8.804715195999961
Solving snapshot 0 84
36
time in solving system 3.5173622589991282
time in solving system 0.15831700000126148
time in solving system 0.2592171539999981
concluded in  9.649324736999915
Solving snapshot 0 85
36
time in solving system 3.1439862309998716
time in solving system 0.23969789399961883
time in solving system 0.21369849900111149
concluded in  8.542710256999271
Solving snapshot 0 86
36
time in solving system 3.2422582970011717
time in solving system 0.15961798799980897
time in solving system 0.16689305599902582
concluded in  9.124880232000578
Solving snapshot 0 87
36
time in solving system 3.0405594389994803
time in solving system 0.19770712200079288
time in solving system 0.1404576509994513
concluded in  8.722795265999594
Solving snapshot 0 88
36
time in solving system 3.626427690998753
time in solving system 0.1708624660004716
time in solving system 0.20652989500013064
concluded in  9.687336752000192
Solving snapshot 0 89
36
time in solving system 4.005635931998768
time in solving system 0.28617841999948723
time in solving system 0.1357217610002408
concluded in  9.74644654199983
Solving snapshot 0 90
36
time in solving system 3.6510768629996164
time in solving system 0.23423814700072398
time in solving system 0.17433460499887588
concluded in  9.076723301999664
Solving snapshot 0 91
36
time in solving system 3.6638479649991496
time in solving system 0.22093558499909705
time in solving system 0.18608913000025495
concluded in  9.12744228200063
Solving snapshot 0 92
36
time in solving system 3.634776733999388
time in solving system 0.2826865400002134
time in solving system 0.17047395299960044
concluded in  9.484946512000533
Solving snapshot 0 93
36
time in solving system 4.209043324999584
time in solving system 0.274310084998433
time in solving system 0.16080401299950609
concluded in  9.654069915000946
Solving snapshot 0 94
36
time in solving system 4.565291337001327
time in solving system 0.1317420299983496
time in solving system 0.13032875699900615
concluded in  10.233804338000482
Solving snapshot 0 95
36
time in solving system 3.253873960000419
time in solving system 0.15990785699978005
time in solving system 0.17278405000070052
concluded in  8.702577510000992
Solving snapshot 0 96
36
time in solving system 3.8837702999990142
time in solving system 0.15963657000065723
time in solving system 0.28445848699993803
concluded in  9.788780675000453
Solving snapshot 0 97
36
time in solving system 3.8289616420006496
time in solving system 0.21209169299982022
time in solving system 0.1942604530013341
concluded in  9.837014667999028
Solving snapshot 0 98
36
time in solving system 3.6613478020008188
time in solving system 0.1601170900012221
time in solving system 0.16766200300116907
concluded in  9.69250624400047
Solving snapshot 0 99
36
time in solving system 4.1620162290000735
time in solving system 0.15264718900107255
time in solving system 0.1419238789985684
concluded in  10.209384936999413
Solving snapshot 0 100
36
time in solving system 3.907226883000476
time in solving system 0.15368951999880665
time in solving system 0.16915644600157975
concluded in  9.959508973000993
Solving snapshot 0 101
36
time in solving system 3.991026208999756
time in solving system 0.13997183200081054
time in solving system 0.1286506200012809
concluded in  9.381249195001146
Solving snapshot 0 102
36
time in solving system 4.357511170001089
time in solving system 0.21467295299953548
time in solving system 0.1977925099999993
concluded in  9.783184218000315
Solving snapshot 0 103
36
time in solving system 3.7091367400007584
time in solving system 0.15007354999943345
time in solving system 0.12775611799952458
concluded in  9.507329579000725
Solving snapshot 0 104
36
time in solving system 4.148002353998891
time in solving system 0.18958501599990996
time in solving system 0.12280314800045744
concluded in  9.92168504700021
Solving snapshot 0 105
36
time in solving system 4.074524455998471
time in solving system 0.1859219599991775
time in solving system 0.1770563529989886
concluded in  9.329213942999559
Solving snapshot 0 106
36
time in solving system 3.6535641179998493
time in solving system 0.3040555730003689
time in solving system 0.19808018999901833
concluded in  9.660824323998895
Solving snapshot 0 107
36
time in solving system 4.047183078999296
time in solving system 0.24587805600094725
time in solving system 0.16031583299991325
concluded in  9.654232179000246
Solving snapshot 0 108
36
time in solving system 4.389065012999708
time in solving system 0.13701838099950692
time in solving system 0.21519579300002079
concluded in  10.040110748001098
Solving snapshot 0 109
36
time in solving system 3.7515224199996737
time in solving system 0.2846776749993296
time in solving system 0.1652738060001866
concluded in  9.325984054999935
Solving snapshot 0 110
36
time in solving system 4.007923373999802
time in solving system 0.2897571169996809
time in solving system 0.15988231299888866
concluded in  9.801288162001583
Solving snapshot 0 111
36
time in solving system 3.8156774539984326
time in solving system 0.2268109779997758
time in solving system 0.26928525699986494
concluded in  9.174052350001148
Solving snapshot 0 112
36
time in solving system 4.12517164899873
time in solving system 0.14608894599950872
time in solving system 0.2857065339994733
concluded in  10.047002369001348
Solving snapshot 0 113
36
time in solving system 4.400644384999396
time in solving system 0.23201161799988768
time in solving system 0.1390420939987962
concluded in  9.881077080999603
Solving snapshot 0 114
36
time in solving system 3.736103438999635
time in solving system 0.2606822719990305
time in solving system 0.214704485000766
concluded in  9.619391489999543
Solving snapshot 0 115
36
time in solving system 3.963196422000692
time in solving system 0.16628240700083552
time in solving system 0.14258284700008517
concluded in  9.478540633999728
Solving snapshot 0 116
36
time in solving system 3.6750610939998296
time in solving system 0.35333256099875143
time in solving system 0.2383598250016803
concluded in  9.587859360999573
Solving snapshot 0 117
36
time in solving system 4.096553504001349
time in solving system 0.2197263580001163
time in solving system 0.20832933400015463
concluded in  9.45163436599978
Solving snapshot 0 118
36
time in solving system 3.880208209000557
time in solving system 0.22429436600032204
time in solving system 0.17825814499883563
concluded in  9.270005218000733
Solving snapshot 0 119
36
time in solving system 4.185109420999652
time in solving system 0.2156286950012145
time in solving system 0.28233577699938905
concluded in  10.00536576200102
Solving snapshot 0 120
36
time in solving system 3.602015554999525
time in solving system 0.20383102800042252
time in solving system 0.21548840400100744
concluded in  8.978167827001016
Solving snapshot 0 121
36
time in solving system 4.051973367000755
time in solving system 0.13700932400024612
time in solving system 0.22819067999989784
concluded in  9.739599242999248
Solving snapshot 0 122
36
time in solving system 3.816122414998972
time in solving system 0.14606831199853332
time in solving system 0.23357358799876238
concluded in  9.594100381998942
Solving snapshot 0 123
36
time in solving system 4.009958841999833
time in solving system 0.23503460000029008
time in solving system 0.13570572099888523
concluded in  9.75277628999902
Solving snapshot 0 124
36
time in solving system 4.06511248499919
time in solving system 0.2328849479999917
time in solving system 0.2257832609993784
concluded in  9.520064161999471
Solving snapshot 0 125
36
time in solving system 4.631279682998866
time in solving system 0.24549021299935703
time in solving system 0.22543990799931635
concluded in  10.583000714999798
Solving snapshot 0 126
36
time in solving system 4.21174086999963
time in solving system 0.16440496999894094
time in solving system 0.2135607889995299
concluded in  9.451402173001043
Solving snapshot 0 127
36
time in solving system 4.240930957999808
time in solving system 0.15248304799933976
time in solving system 0.2512845919991378
concluded in  9.973984542000835
Solving snapshot 0 128
36
time in solving system 4.257950074001201
time in solving system 0.16106521599976986
time in solving system 0.29666456899940385
concluded in  9.72214729100051
Solving snapshot 0 129
36
time in solving system 3.8441127030000644
time in solving system 0.19586474399875442
time in solving system 0.23460864200023934
concluded in  9.63405535200036
Solving snapshot 0 130
36
time in solving system 3.83778989700113
time in solving system 0.34971927300102834
time in solving system 0.3281848890001129
concluded in  9.552227365000363
Solving snapshot 0 131
36
time in solving system 2.8256988680004724
time in solving system 0.1870291029990767
time in solving system 0.1666793449985562
concluded in  8.038162155000464
Solving snapshot 0 132
36
time in solving system 3.1780060889996093
time in solving system 0.19386962299904553
time in solving system 0.21887974600031157
concluded in  9.19656731899886
Solving snapshot 0 133
36
time in solving system 2.91414488800001
time in solving system 0.21981506400152284
time in solving system 0.14232897500005492
concluded in  8.10075235000113
Solving snapshot 0 134
36
time in solving system 2.911767162000615
time in solving system 0.18696698200074024
time in solving system 0.18084048600030656
concluded in  8.728430911000032
Solving snapshot 0 135
36
time in solving system 3.1007959449998452
time in solving system 0.21542695900097897
time in solving system 0.27557247599906987
concluded in  9.120669205998638
Solving snapshot 0 136
36
time in solving system 3.162467645999641
time in solving system 0.2909061020000081
time in solving system 0.2599121479997848
concluded in  8.808542214999761
Solving snapshot 0 137
36
time in solving system 2.953885109998737
time in solving system 0.15015355099967564
time in solving system 0.16673515000002226
concluded in  8.212134240000523
Solving snapshot 0 138
36
time in solving system 2.768803435999871
time in solving system 0.15484616100002313
time in solving system 0.19712542599882
concluded in  8.147739345000446
Solving snapshot 0 139
36
time in solving system 3.0900145750001684
time in solving system 0.15317077299914672
time in solving system 0.14339621500039357
concluded in  8.870150848000776
Solving snapshot 0 140
36
time in solving system 3.1202293910009757
time in solving system 0.17521068499991088
time in solving system 0.24932463900040602
concluded in  9.179957332000413
Solving snapshot 0 141
36
time in solving system 3.437893846999941
time in solving system 0.21020413800033566
time in solving system 0.25985396100077196
concluded in  8.841386146001241
Solving snapshot 0 142
36
time in solving system 3.9985142340010498
time in solving system 0.1817784449995088
time in solving system 0.1751558969990583
concluded in  9.788644423999358
Solving snapshot 0 143
36
time in solving system 3.598442394000813
time in solving system 0.25132036799914204
time in solving system 0.171742890999667
concluded in  9.061649387000216
Solving snapshot 0 144
36
time in solving system 3.7443524949994753
time in solving system 0.1680253670001548
time in solving system 0.21400368900140165
concluded in  9.183976360000088
Solving snapshot 0 145
36
time in solving system 3.719589977999931
time in solving system 0.16693002000101842
time in solving system 0.24408182099978148
concluded in  9.058723198000735
Solving snapshot 0 146
36
time in solving system 3.370718858001055
time in solving system 0.17126223400009621
time in solving system 0.18101410900089832
concluded in  9.230053355999189
Solving snapshot 0 147
36
time in solving system 3.730931148000309
time in solving system 0.1720689610010595
time in solving system 0.231679090000398
concluded in  9.596510782999758
Solving snapshot 0 148
36
time in solving system 3.9334129449998727
time in solving system 0.17141706500115106
time in solving system 0.1395701179990283
concluded in  9.689260791999914
Solving snapshot 0 149
36
time in solving system 3.8786183620013617
time in solving system 0.19620975799989537
time in solving system 0.1804501819988218
concluded in  9.326007245001165
Solving snapshot 0 150
36
time in solving system 4.184025546001067
time in solving system 0.19514831500055152
time in solving system 0.22347636600170517
concluded in  10.042527550000159
Solving snapshot 0 151
36
time in solving system 4.459359303000383
time in solving system 0.20307391100141103
time in solving system 0.124813472999449
concluded in  10.1434830649996
Solving snapshot 0 152
36
time in solving system 4.588136766999014
time in solving system 0.27787789600006363
time in solving system 0.22560549899935722
concluded in  10.155621355999756
Solving snapshot 0 153
36
time in solving system 4.209684137000295
time in solving system 0.2264494660012133
time in solving system 0.22269854600017425
concluded in  10.027165504998266
Solving snapshot 0 154
36
time in solving system 4.167512950998571
time in solving system 0.151760558001115
time in solving system 0.22051312499934284
concluded in  9.598030253000616
Solving snapshot 0 155
36
time in solving system 4.15182902700144
time in solving system 0.19268180100152676
time in solving system 0.19731615999990026
concluded in  9.574668424000265
Solving snapshot 0 156
36
time in solving system 4.078496328000256
time in solving system 0.21957752599882951
time in solving system 0.18489524100004928
concluded in  9.420072150998749
Solving snapshot 0 157
36
time in solving system 4.116724157000135
time in solving system 0.15835982600037823
time in solving system 0.2194055820000358
concluded in  9.837936478999836
Solving snapshot 0 158
36
time in solving system 3.872718877000807
time in solving system 0.17753068300044106
time in solving system 0.20145165699977952
concluded in  9.853064225999333
Solving snapshot 0 159
36
time in solving system 4.106860068999595
time in solving system 0.13927693699952215
time in solving system 0.2288659669993649
concluded in  9.477705836001405
Solving snapshot 0 160
36
time in solving system 3.6690389630002755
time in solving system 0.15572538900050859
time in solving system 0.1782433789994684
concluded in  9.530194585999197
Solving snapshot 0 161
36
time in solving system 3.577211341998918
time in solving system 0.22601334799946926
time in solving system 0.23504097699878912
concluded in  9.42532055599986
Solving snapshot 0 162
36
time in solving system 4.13373568300085
time in solving system 0.15638931400098954
time in solving system 0.13850804100002279
concluded in  9.890689978999944
Solving snapshot 0 163
36
time in solving system 3.7934548070006713
time in solving system 0.22059178699964832
time in solving system 0.16326000899971405
concluded in  9.611112937000144
Solving snapshot 0 164
36
time in solving system 3.866749393999271
time in solving system 0.1892268809988309
time in solving system 0.21655894799914677
concluded in  9.667594759999702
Solving snapshot 0 165
36
time in solving system 4.477724921000117
time in solving system 0.16569705399888335
time in solving system 0.20648839800014684
concluded in  10.044741416999386
Solving snapshot 0 166
36
time in solving system 3.832600581999941
time in solving system 0.20693392000066524
time in solving system 0.12576441400051408
concluded in  9.882341544000155
Solving snapshot 0 167
36
time in solving system 3.6022089180005423
time in solving system 0.2048460639998666
time in solving system 0.18431271000008564
concluded in  8.973633859999609
Solving snapshot 0 168
36
time in solving system 4.2672136680012045
time in solving system 0.18210804499904043
time in solving system 0.12185571900045034
concluded in  9.59029986799942
Solving snapshot 0 169
36
time in solving system 3.8088895860000775
time in solving system 0.1866183229994931
time in solving system 0.15617425000164076
concluded in  9.214141124999514
Solving snapshot 0 170
36
time in solving system 4.157824556999913
time in solving system 0.2357824709997658
time in solving system 0.1833511439999711
concluded in  9.950121422001757
Solving snapshot 0 171
36
time in solving system 3.6532052910006314
time in solving system 0.178046742999868
time in solving system 0.19449629000155255
concluded in  9.287904316001004
Solving snapshot 0 172
36
time in solving system 3.9399384509997617
time in solving system 0.16399117299988575
time in solving system 0.25230703899978835
concluded in  9.397042403999876
Solving snapshot 0 173
36
time in solving system 4.005692086000636
time in solving system 0.1732898970003589
time in solving system 0.12629708100030257
concluded in  9.678728684000816
Solving snapshot 0 174
36
time in solving system 3.9194505600007687
time in solving system 0.15237637700010964
time in solving system 0.2091361059992778
concluded in  9.913255376000961
Solving snapshot 0 175
36
time in solving system 4.150772605000384
time in solving system 0.14985124899976654
time in solving system 0.20249420099935378
concluded in  9.47862795400033
Solving snapshot 0 176
36
time in solving system 3.51769203799995
time in solving system 0.25147926099998585
time in solving system 0.2571553390007466
concluded in  9.040153777999876
Solving snapshot 0 177
36
time in solving system 3.972172158999456
time in solving system 0.20238569200046186
time in solving system 0.13121053500071866
concluded in  9.579061426000408
Solving snapshot 0 178
36
time in solving system 3.696032334000847
time in solving system 0.18205174800095847
time in solving system 0.2188242780011933
concluded in  9.099032751000777
Solving snapshot 0 179
36
time in solving system 3.837849608999022
time in solving system 0.27649192700118874
time in solving system 0.24138928699903772
concluded in  9.451287874999252
Solving snapshot 0 180
36
time in solving system 3.8166079620004894
time in solving system 0.22190159300043888
time in solving system 0.13418902800003707
concluded in  9.793038173000241
Solving snapshot 0 181
36
time in solving system 3.7220446770006674
time in solving system 0.22846380000009958
time in solving system 0.1566962960005185
concluded in  9.481471228000373
Solving snapshot 0 182
36
time in solving system 3.2514917669996066
time in solving system 0.13017281699831074
time in solving system 0.1532703840002796
concluded in  7.976847870999336
Solving snapshot 0 183
36
time in solving system 3.3215786020009546
time in solving system 0.1458406929996272
time in solving system 0.1220716400002857
concluded in  8.115522348000013
Solving snapshot 0 184
36
time in solving system 3.416586310000639
time in solving system 0.16668735099847254
time in solving system 0.13061345099959
concluded in  8.5827363039989
Solving snapshot 0 185
36
time in solving system 3.1699080520011194
time in solving system 0.1508697530007339
time in solving system 0.15445174200067413
concluded in  8.26371933900009
Solving snapshot 0 186
36
time in solving system 3.1711468339999556
time in solving system 0.13159452400032023
time in solving system 0.21730461900006048
concluded in  8.46934242000134
Solving snapshot 0 187
36
time in solving system 3.18032944100014
time in solving system 0.12588517099902674
time in solving system 0.21574425299877475
concluded in  8.0541658380007
Solving snapshot 0 188
36
time in solving system 3.2825423649992445
time in solving system 0.14480336700034968
time in solving system 0.12810496100064483
concluded in  8.337901947999853
Solving snapshot 0 189
36
time in solving system 3.147212869998839
time in solving system 0.20762257899878023
time in solving system 0.17249075600011565
concluded in  7.916713036998772
Solving snapshot 0 190
36
time in solving system 3.1071721209991665
time in solving system 0.2161404250000487
time in solving system 0.12573516500015103
concluded in  8.289658976000283
Solving snapshot 0 191
36
time in solving system 3.2515592750005453
time in solving system 0.13848517299993546
time in solving system 0.1773666940007388
concluded in  8.045779097999912
Solving snapshot 0 192
36
time in solving system 3.124924887000816
time in solving system 0.13004493799962802
time in solving system 0.21152807699945697
concluded in  7.904022906999671
Solving snapshot 0 193
36
time in solving system 3.270729450001454
time in solving system 0.18393277100039995
time in solving system 0.16229307600042375
concluded in  8.091490609000175
Solving snapshot 0 194
36
time in solving system 2.971345881000161
time in solving system 0.23237633899952925
time in solving system 0.1792796890003956
concluded in  7.775836954999249
Solving snapshot 0 195
36
time in solving system 2.7789411260000634
time in solving system 0.16423676799968234
time in solving system 0.15743413699965458
concluded in  7.657934549000856
Solving snapshot 0 196
36
time in solving system 2.5703945419991214
time in solving system 0.2378111819998594
time in solving system 0.15931766299945593
concluded in  7.502970343000925
Solving snapshot 0 197
36
time in solving system 2.940126880999742
time in solving system 0.23903208199953951
time in solving system 0.19065399399914895
concluded in  8.381083242999011
Solving snapshot 0 198
36
time in solving system 3.4327014190002956
time in solving system 0.14668792400152597
time in solving system 0.12059158000010939
concluded in  8.187970821001727
Solving snapshot 0 199
36
time in solving system 3.0986654170010297
time in solving system 0.20827464399917517
time in solving system 0.1516242190009507
concluded in  8.462464690999695
Solving snapshot 0 200
36
time in solving system 2.793938397000602
time in solving system 0.15772344800097926
time in solving system 0.16048068000054627
concluded in  7.680438235998736
Solving snapshot 0 201
36
time in solving system 2.9785347819997696
time in solving system 0.22592189799979678
time in solving system 0.157321734001016
concluded in  8.269690319000802
Solving snapshot 0 202
36
time in solving system 2.8100592009996035
time in solving system 0.20237225199889508
time in solving system 0.22900269599995227
concluded in  7.735883125000328
Solving snapshot 0 203
36
time in solving system 2.9159854379995522
time in solving system 0.24341584899957525
time in solving system 0.23320524500013562
concluded in  8.199906455998644
Solving snapshot 0 204
36
time in solving system 2.8956369730003644
time in solving system 0.15259565300038958
time in solving system 0.16718069299895433
concluded in  7.747045022999373
Solving snapshot 0 205
36
time in solving system 3.27935497100043
time in solving system 0.14310567599932256
time in solving system 0.1177799099987169
concluded in  8.176517997000701
Solving snapshot 0 206
36
time in solving system 2.8265955919996486
time in solving system 0.19302303699987533
time in solving system 0.1119385340007284
concluded in  7.544312046999039
Solving snapshot 0 207
36
time in solving system 3.2415148510008294
time in solving system 0.14579751899873372
time in solving system 0.21703439200064167
concluded in  7.85913086400069
Solving snapshot 0 208
36
time in solving system 3.213872962000096
time in solving system 0.1739223390013649
time in solving system 0.18093883500114316
concluded in  8.20007196699953
Solving snapshot 0 209
36
time in solving system 3.46690574600143
time in solving system 0.2188637249983003
time in solving system 0.2850822039999912
concluded in  9.129430860999491
Solving snapshot 0 210
36
time in solving system 4.847715555999457
time in solving system 0.25668877600037376
time in solving system 0.2573068349993264
concluded in  11.184803538999404
Solving snapshot 0 211
36
time in solving system 6.138770591998764
time in solving system 0.17683401300018886
time in solving system 0.19922354600021208
concluded in  12.03245312800027
Solving snapshot 0 212
36
time in solving system 5.476616476000345
time in solving system 0.16145003599922347
time in solving system 0.30502048500056844
concluded in  11.82880429800025
Solving snapshot 0 213
36
time in solving system 4.858689026999855
time in solving system 0.2605161359988415
time in solving system 0.3097613680001814
concluded in  10.955976646999261
Solving snapshot 0 214
36
time in solving system 5.6241758030009805
time in solving system 0.38648389799891447
time in solving system 0.3481782109993219
concluded in  11.945739585999036
Solving snapshot 0 215
36
time in solving system 5.609456910000517
time in solving system 0.25877530600155296
time in solving system 0.2599270830014575
concluded in  12.76142390699897
Solving snapshot 0 216
36
time in solving system 6.009681302999525
time in solving system 0.16381982399980188
time in solving system 0.22764238899981137
concluded in  12.684083539001222
Solving snapshot 0 217
36
time in solving system 6.250577735998377
time in solving system 0.2745942549991014
time in solving system 0.16313532599997416
concluded in  13.20464709999942
Solving snapshot 0 218
36
time in solving system 5.521697951000533
time in solving system 0.22750603999884333
time in solving system 0.18130180300067877
concluded in  11.597273976998622
Solving snapshot 0 219
36
time in solving system 6.462734095000997
time in solving system 0.3164358789999824
time in solving system 0.1908210000001418
concluded in  13.391206140000577
Solving snapshot 0 220
36
time in solving system 6.633499212999595
time in solving system 0.1828303109996341
time in solving system 0.29194792099951883
concluded in  12.977144996999414
Solving snapshot 0 221
36
time in solving system 6.728213627999139
time in solving system 0.30948341300063476
time in solving system 0.1999369109998952
concluded in  13.108422974999485
Solving snapshot 0 222
36
time in solving system 6.363629031999153
time in solving system 0.2420419909994962
time in solving system 0.24945886100067582
concluded in  12.901646633999917
Solving snapshot 0 223
36
time in solving system 6.405851038998662
time in solving system 0.19558878900170384
time in solving system 0.23910834200069075
concluded in  12.788322100001096
Solving snapshot 0 224
36
time in solving system 6.16611294500035
time in solving system 0.23956114499924297
time in solving system 0.24566162999872176
concluded in  13.0766433459994
Solving snapshot 0 225
36
time in solving system 4.891833851999763
time in solving system 0.21017767699959222
time in solving system 0.21310547099892574
concluded in  11.523782170999766
Solving snapshot 0 226
36
time in solving system 6.099427409999407
time in solving system 0.23856806500043604
time in solving system 0.3260561890001554
concluded in  13.135575164000329
Solving snapshot 0 227
36
time in solving system 6.199723784999151
time in solving system 0.24140603100022417
time in solving system 0.1596648529994127
concluded in  13.085282650999943
Solving snapshot 0 228
36
time in solving system 5.038528379998752
time in solving system 0.20020215300064592
time in solving system 0.19033860599847685
concluded in  11.297165322999717
Solving snapshot 0 229
36
time in solving system 5.007992081000339
time in solving system 0.158687221000946
time in solving system 0.2549614570016274
concluded in  11.043224183000348
Solving snapshot 0 230
36
time in solving system 5.23518569999942
time in solving system 0.2566154780015495
time in solving system 0.22180056700017303
concluded in  11.024109912001222
Solving snapshot 0 231
36
time in solving system 5.0417517549994955
time in solving system 0.18154779499855067
time in solving system 0.212835422000353
concluded in  11.350016001000768
Solving snapshot 0 232
36
time in solving system 4.873185892000038
time in solving system 0.16052500899968436
time in solving system 0.2243430639991857
concluded in  11.092324334000295
Solving snapshot 0 233
36
time in solving system 4.838786702999641
time in solving system 0.19592920399918512
time in solving system 0.13951529400037543
concluded in  11.022546267000507
Solving snapshot 0 234
36
time in solving system 5.298913456999799
time in solving system 0.19230540999888035
time in solving system 0.14611608199993498
concluded in  11.717705518000002
Solving snapshot 0 235
36
time in solving system 5.431159631998526
time in solving system 0.2329590859990276
time in solving system 0.19474691499999608
concluded in  11.738421422000101
Solving snapshot 0 236
36
time in solving system 4.875212516000829
time in solving system 0.23328834200037818
time in solving system 0.26197438499912096
concluded in  11.24730393199934
Solving snapshot 0 237
36
time in solving system 4.907417131998955
time in solving system 0.20575793399984832
time in solving system 0.2639189419987815
concluded in  11.203725620000114
Solving snapshot 0 238
36
time in solving system 4.705678217000241
time in solving system 0.21861626399913803
time in solving system 0.2379894490004517
concluded in  11.095156403000146
Solving snapshot 0 239
36
time in solving system 4.4385142650007765
time in solving system 0.21519417099989369
time in solving system 0.27197705499929725
concluded in  10.841779125999892
Solving snapshot 0 240
36
time in solving system 4.536457843998505
time in solving system 0.27025750699976925
time in solving system 0.2266280249987176
concluded in  10.644652926999697
Solving snapshot 0 241
36
time in solving system 4.515325332999055
time in solving system 0.3543723900002078
time in solving system 0.180130578999524
concluded in  10.429155884001375
Solving snapshot 0 242
36
time in solving system 4.461358017999373
time in solving system 0.2606177319994458
time in solving system 0.22046961799969722
concluded in  10.427629955000157
Solving snapshot 0 243
36
time in solving system 3.242100108000159
time in solving system 0.4460713480002596
time in solving system 0.2601837139991403
concluded in  9.698661231001097
Solving snapshot 0 244
36
time in solving system 3.4133764629987127
time in solving system 0.2708889610003098
time in solving system 0.2490555009990203
concluded in  10.229105618000176
Solving snapshot 0 245
36
time in solving system 2.5607510530007858
time in solving system 0.14826891800112207
time in solving system 0.13297702700037917
concluded in  7.8820194649997575
Solving snapshot 0 246
36
time in solving system 2.5979474449995905
time in solving system 0.14910749699993175
time in solving system 0.12373935799951141
concluded in  8.168848123999851
Solving snapshot 0 247
36
time in solving system 2.5734337810008583
time in solving system 0.17273067700079991
time in solving system 0.1806450229996699
concluded in  8.76004597300016
Solving snapshot 0 248
36
time in solving system 2.99438103600005
time in solving system 0.20919764099926397
time in solving system 0.17265015600059996
concluded in  8.765623904999302
Solving snapshot 0 249
36
time in solving system 3.465908946000127
time in solving system 0.20151268700101355
time in solving system 0.1843724669997755
concluded in  9.285959200000434
Solving snapshot 0 250
36
time in solving system 3.0661160979998385
time in solving system 0.1580054559999553
time in solving system 0.17365995000000112
concluded in  8.354143040000054
Solving snapshot 0 251
36
time in solving system 2.4496006890003628
time in solving system 0.18086497200056328
time in solving system 0.2557449189989711
concluded in  7.919782237999243
Solving snapshot 0 252
36
time in solving system 2.6217672120001225
time in solving system 0.14672600899939425
time in solving system 0.12537292900015018
concluded in  8.204077365000558
Solving snapshot 0 253
36
time in solving system 2.6507245779994264
time in solving system 0.16049446599936346
time in solving system 0.13872564600023907
concluded in  8.735173353999926
Solving snapshot 0 254
36
time in solving system 2.7049507459996676
time in solving system 0.16452044499965268
time in solving system 0.1629419910004799
concluded in  8.21521357599886
Solving snapshot 0 255
36
time in solving system 2.399628979999761
time in solving system 0.2315791579985671
time in solving system 0.1632335089998378
concluded in  8.428307099999074
Solving snapshot 0 256
36
time in solving system 2.935623952000242
time in solving system 0.23293063899836852
time in solving system 0.25935514999946463
concluded in  9.255389660000219
Solving snapshot 0 257
36
time in solving system 2.5975655680013006
time in solving system 0.1625453420001577
time in solving system 0.17648341099993559
concluded in  8.247872615000233
Solving snapshot 0 258
36
time in solving system 2.7115563200004544
time in solving system 0.16925383699890517
time in solving system 0.1633293009999761
concluded in  8.934465947999342
Solving snapshot 0 259
36
time in solving system 2.7210465830012254
time in solving system 0.15645029699953739
time in solving system 0.13942642999973032
concluded in  8.332211373000973
Solving snapshot 0 260
36
time in solving system 2.4336587710004096
time in solving system 0.1331514440007595
time in solving system 0.12141885200071556
concluded in  8.038576765000471
Solving snapshot 0 261
36
time in solving system 2.4642937049993634
time in solving system 0.13724361000095087
time in solving system 0.13000585000008869
concluded in  8.623173020998365
Solving snapshot 0 262
36
time in solving system 2.6816242750010133
time in solving system 0.15306761400097457
time in solving system 0.1270368099994812
concluded in  9.879775393999807
Solving snapshot 0 263
36
time in solving system 2.4476280189992394
time in solving system 0.13503699600005348
time in solving system 0.1262090119998902
concluded in  9.093209774999195
Solving snapshot 0 264
36
time in solving system 2.6324167029997625
time in solving system 0.15211816099872522
time in solving system 0.13115636099973926
concluded in  9.088941653999427
Solving snapshot 0 265
36
time in solving system 2.5314001469996583
time in solving system 0.1357423449990165
time in solving system 0.12826308200055792
concluded in  8.52984236499833
Solving snapshot 0 266
36
time in solving system 2.6210413870012417
time in solving system 0.1640932199989038
time in solving system 0.16411529699871608
concluded in  9.518014733999735
Solving snapshot 0 267
36
time in solving system 2.9375414669993916
time in solving system 0.264140536000923
time in solving system 0.276479381000172
concluded in  9.495431418999942
Solving snapshot 0 268
36
time in solving system 2.792551065000225
time in solving system 0.19625168000129634
time in solving system 0.23030952000044635
concluded in  8.30953181500081
Solving snapshot 0 269
36
time in solving system 3.599214430001666
time in solving system 0.34912572400025965
time in solving system 0.3024871769994206
concluded in  9.979004621000058
Solving snapshot 0 270
36
time in solving system 2.8668012210000597
time in solving system 0.288438549001512
time in solving system 0.32213675300044997
concluded in  8.502937281999039
Solving snapshot 0 271
36
time in solving system 3.4120545599998877
time in solving system 0.21927385600065463
time in solving system 0.18971075899935386
concluded in  9.313748020000276
Solving snapshot 0 272
36
time in solving system 3.906541254000331
time in solving system 0.20957785599966883
time in solving system 0.2168453430003865
concluded in  9.94013385800099
Solving snapshot 0 273
36
time in solving system 4.1624862480002776
time in solving system 0.19593173499924887
time in solving system 0.14307068400012213
concluded in  9.379735462000099
Solving snapshot 0 274
36
time in solving system 3.9006071419989894
time in solving system 0.26963215800060425
time in solving system 0.1560053129996959
concluded in  9.73771199100156
Solving snapshot 0 275
36
time in solving system 4.091606535999745
time in solving system 0.23828733400114288
time in solving system 0.22259577099976013
concluded in  9.43655029600086
Solving snapshot 0 276
36
time in solving system 4.020912034999128
time in solving system 0.24069056600092154
time in solving system 0.2707943500008696
concluded in  9.884796725998967
Solving snapshot 0 277
36
time in solving system 4.128054853999856
time in solving system 0.15947914299977128
time in solving system 0.24208506300055888
concluded in  9.77227075799965
Solving snapshot 0 278
36
time in solving system 3.691058753998732
time in solving system 0.31016569699932006
time in solving system 0.1834845960001985
concluded in  9.059625818999848
Solving snapshot 0 279
36
time in solving system 4.096886489000099
time in solving system 0.41195312199852196
time in solving system 0.21792301800087444
concluded in  9.498277002001487
Solving snapshot 0 280
36
time in solving system 3.6934371319985075
time in solving system 0.24165590899974632
time in solving system 0.21166065699981118
concluded in  9.230475169999409
Solving snapshot 0 281
36
time in solving system 4.1750937680008064
time in solving system 0.19993677399907028
time in solving system 0.1747652089998155
concluded in  9.365458961001423
Solving snapshot 0 282
36
time in solving system 3.542474983998545
time in solving system 0.33678056499957165
time in solving system 0.3053086969994183
concluded in  9.175165851998827
Solving snapshot 0 283
36
time in solving system 3.804535052000574
time in solving system 0.1647571039993636
time in solving system 0.2750878799997736
concluded in  9.624396048999188
Solving snapshot 0 284
36
time in solving system 3.8422418250011106
time in solving system 0.2049399400002585
time in solving system 0.25043334800102457
concluded in  9.306715387001532
Solving snapshot 0 285
36
time in solving system 4.2858834079997905
time in solving system 0.13461296899913577
time in solving system 0.1319303749987739
concluded in  10.033229302000109
Solving snapshot 0 286
36
time in solving system 4.1107908459998725
time in solving system 0.15093664199957857
time in solving system 0.12452166199909698
concluded in  9.718507854000563
Solving snapshot 0 287
36
time in solving system 3.8192022099992755
time in solving system 0.18809425099971122
time in solving system 0.19013169100071536
concluded in  9.597415397000077
Solving snapshot 0 288
36
time in solving system 3.689312718999645
time in solving system 0.1843795759996283
time in solving system 0.20686034299978928
concluded in  9.45912973799932
Solving snapshot 0 289
36
time in solving system 3.600650370000949
time in solving system 0.24795891900066636
time in solving system 0.21014067099895328
concluded in  9.46765484000025
Solving snapshot 0 290
36
time in solving system 4.269867917999363
time in solving system 0.1466952600003424
time in solving system 0.12825923700074782
concluded in  9.54385730300055
Solving snapshot 0 291
36
time in solving system 4.1784447800000635
time in solving system 0.2358815780007717
time in solving system 0.24510769799962873
concluded in  10.141756969000198
Solving snapshot 0 292
36
time in solving system 3.939243594999425
time in solving system 0.15422608199878596
time in solving system 0.22396996000134095
concluded in  9.56573069300066
Solving snapshot 0 293
36
time in solving system 4.314948642999298
time in solving system 0.171417821000432
time in solving system 0.19227629200031515
concluded in  9.968579955999303
Solving snapshot 0 294
36
time in solving system 4.09533251799985
time in solving system 0.2502010690004681
time in solving system 0.13514088099873334
concluded in  9.803348878000179
Solving snapshot 0 295
36
time in solving system 4.036041454999577
time in solving system 0.1777840019985888
time in solving system 0.12649925799996709
concluded in  9.237222607000149
Solving snapshot 0 296
36
time in solving system 3.828843858000255
time in solving system 0.22324152500004857
time in solving system 0.1678807219996088
concluded in  9.309798414000397
Solving snapshot 0 297
36
time in solving system 4.342775141001766
time in solving system 0.15040519699869037
time in solving system 0.22186743000020215
concluded in  10.267226039999514
Solving snapshot 0 298
36
time in solving system 3.811102451998522
time in solving system 0.15170089400089637
time in solving system 0.2232251500008715
concluded in  9.644964609999079
Solving snapshot 0 299
36
time in solving system 3.270612587000869
time in solving system 0.19427664000068035
time in solving system 0.2165294360002008
concluded in  9.416927623000447
[]
Not completed: []
