Solving not completed simulation: 0-th chance
Solving snapshot 0 0
36
time in solving system 9.359560909004358
time in solving system 0.47680824199778726
time in solving system 0.3746052589995088
concluded in  13.73547539399442
Solving snapshot 0 1
36
time in solving system 7.689761043002363
time in solving system 0.23314674999710405
time in solving system 0.2546871669983375
concluded in  11.647022179997293
Solving snapshot 0 2
36
time in solving system 7.658125212001323
time in solving system 0.45145221099664923
time in solving system 0.38723731099889847
concluded in  11.982265083002858
Solving snapshot 0 3
36
time in solving system 7.621482355003536
time in solving system 0.4820212519989582
time in solving system 0.3360825019990443
concluded in  12.685932968000998
Solving snapshot 0 4
36
time in solving system 8.17351547099679
time in solving system 0.40138452899554977
time in solving system 0.28825219399732305
concluded in  13.757214250996185
Solving snapshot 0 5
36
time in solving system 7.0586323059978895
time in solving system 0.20848220900370507
time in solving system 0.14013377200171817
concluded in  13.774130663005053
Solving snapshot 0 6
36
time in solving system 7.791691252998135
time in solving system 0.41753916000016034
time in solving system 0.47023215200169943
concluded in  13.74331182300375
Solving snapshot 0 7
36
time in solving system 8.20113847599714
time in solving system 0.19764360899716849
time in solving system 0.35740883099788334
concluded in  11.944857228998444
Solving snapshot 0 8
36
time in solving system 7.0354199779976625
time in solving system 0.3935645300007309
time in solving system 0.4235270720018889
concluded in  11.145966919000784
Solving snapshot 0 9
36
time in solving system 7.173214041002211
time in solving system 0.5704549580041203
time in solving system 0.42813660699903267
concluded in  11.904466877997038
Solving snapshot 0 10
36
time in solving system 6.896255207997456
time in solving system 0.23634807000053115
time in solving system 0.2500261200038949
concluded in  11.98233656299999
Solving snapshot 0 11
36
time in solving system 6.376262156001758
time in solving system 0.11529708899615798
time in solving system 0.14208395299647236
concluded in  10.560029088999727
Solving snapshot 0 12
36
time in solving system 5.754739146002976
time in solving system 0.2542655150027713
time in solving system 0.26542116100608837
concluded in  10.972930151001492
Solving snapshot 0 13
36
time in solving system 6.814858858997468
time in solving system 0.11853672900178935
time in solving system 0.12785444600012852
concluded in  13.521382703002018
Solving snapshot 0 14
36
time in solving system 6.141976011997031
time in solving system 0.2900879890003125
time in solving system 0.263755788000708
concluded in  13.256842459995823
Solving snapshot 0 15
36
time in solving system 7.3552872389991535
time in solving system 0.3747586120007327
time in solving system 0.24593218499649083
concluded in  13.72397247000481
Solving snapshot 0 16
36
time in solving system 6.919662699001492
time in solving system 0.12083229200652568
time in solving system 0.22940949700569035
concluded in  12.880922609001573
Solving snapshot 0 17
36
time in solving system 6.731170788996678
time in solving system 0.17599686199537246
time in solving system 0.12182518299960066
concluded in  14.566004013002384
Solving snapshot 0 18
36
time in solving system 6.468862043002446
time in solving system 0.25981304999731947
time in solving system 0.39606754499982344
concluded in  12.679627853001875
Solving snapshot 0 19
36
time in solving system 7.32964200200513
time in solving system 0.1186941750056576
time in solving system 0.22544707499764627
concluded in  12.847685297005228
Solving snapshot 0 20
36
time in solving system 8.187986948993057
time in solving system 0.22970122699916828
time in solving system 0.12249731100018835
concluded in  12.624716483005614
Solving snapshot 0 21
36
time in solving system 8.861003199999686
time in solving system 0.16085605399712222
time in solving system 0.1468267329983064
concluded in  14.477845236004214
Solving snapshot 0 22
36
time in solving system 7.539913831999002
time in solving system 0.2898724590049824
time in solving system 0.2735475640001823
concluded in  11.375013188000594
Solving snapshot 0 23
36
time in solving system 6.946002582000801
time in solving system 0.24502247999771498
time in solving system 0.26061669499904383
concluded in  10.634865490996162
Solving snapshot 0 24
36
time in solving system 6.128396654006792
time in solving system 0.471982287002902
time in solving system 0.2918757480001659
concluded in  11.911495784996077
Solving snapshot 0 25
36
time in solving system 6.978212055000768
time in solving system 0.6638784679962555
time in solving system 0.5382613670008141
concluded in  13.154108909999195
Solving snapshot 0 26
36
time in solving system 6.8931136739993235
time in solving system 0.2419040410022717
time in solving system 0.44252738199429587
concluded in  11.528110993996961
Solving snapshot 0 27
36
time in solving system 7.1686310449949815
time in solving system 0.181420872999297
time in solving system 0.25897550599620445
concluded in  11.339700748001633
Solving snapshot 0 28
36
time in solving system 6.047637101000873
time in solving system 0.48468351399787934
time in solving system 0.3461000309980591
concluded in  10.613650240004063
Solving snapshot 0 29
36
time in solving system 6.490286324005865
time in solving system 0.3686705639993306
time in solving system 0.19999185100459727
concluded in  13.181188088005001
Solving snapshot 0 30
36
time in solving system 6.84111054600362
time in solving system 0.6252937410026789
time in solving system 0.5139841249983874
concluded in  11.65141436200065
Solving snapshot 0 31
36
time in solving system 6.215433494995523
time in solving system 0.5085385880011017
time in solving system 0.23874593499931507
concluded in  10.38013955000497
Solving snapshot 0 32
36
time in solving system 6.33197128699976
time in solving system 0.2992192169986083
time in solving system 0.3853723740030546
concluded in  10.826316935999785
Solving snapshot 0 33
36
time in solving system 5.833675059999223
time in solving system 0.2631181199976709
time in solving system 0.24236268600361655
concluded in  9.953267921999213
Solving snapshot 0 34
36
time in solving system 5.904054463993816
time in solving system 0.30146270700060995
time in solving system 0.2413791310027591
concluded in  10.989167625004484
Solving snapshot 0 35
36
time in solving system 5.470004805996723
time in solving system 0.36443243399844505
time in solving system 0.37600987399491714
concluded in  11.118484867001825
Solving snapshot 0 36
36
time in solving system 5.294989355003054
time in solving system 0.39369485499628354
time in solving system 0.38258417900215136
concluded in  13.068755185995542
Solving snapshot 0 37
36
time in solving system 5.241800900999806
time in solving system 0.4810476580023533
time in solving system 0.2541523019972374
concluded in  12.820491669001058
Solving snapshot 0 38
36
time in solving system 6.181350833001488
time in solving system 0.1571366750067682
time in solving system 0.12620065599912778
concluded in  13.171647663999465
Solving snapshot 0 39
36
time in solving system 6.0895559010023135
time in solving system 0.3242560849976144
time in solving system 0.24521704299695557
concluded in  12.448425198002951
Solving snapshot 0 40
36
time in solving system 8.176207829004852
time in solving system 0.33003063600335736
time in solving system 0.2617243069980759
concluded in  13.63265026800218
Solving snapshot 0 41
36
time in solving system 7.38031994800258
time in solving system 0.30637153099814896
time in solving system 0.23087133900116896
concluded in  11.138561450999987
Solving snapshot 0 42
36
time in solving system 6.476901171998179
time in solving system 0.2728770160028944
time in solving system 0.1807485210010782
concluded in  10.703378999998677
Solving snapshot 0 43
36
time in solving system 6.169405277003534
time in solving system 0.6045786779941409
time in solving system 0.2507862440033932
concluded in  10.791564177998225
Solving snapshot 0 44
36
time in solving system 7.530702938005561
time in solving system 0.29860873900179286
time in solving system 0.17859994700120296
concluded in  12.533961442000873
Solving snapshot 0 45
36
time in solving system 7.047025439002027
time in solving system 0.12748317999648862
time in solving system 0.11558709100063425
concluded in  12.087861982996401
Solving snapshot 0 46
36
time in solving system 6.981982109005912
time in solving system 0.350109008999425
time in solving system 0.4996631249960046
concluded in  12.274777735998214
Solving snapshot 0 47
36
time in solving system 6.31558506500005
time in solving system 0.4345078990008915
time in solving system 0.42975472300167894
concluded in  11.314428899000632
Solving snapshot 0 48
36
time in solving system 6.36111989300116
time in solving system 0.3651042260025861
time in solving system 0.3396971839974867
concluded in  11.738692205995903
Solving snapshot 0 49
36
time in solving system 7.548624313996697
time in solving system 0.33088297300128033
time in solving system 0.47056101099587977
concluded in  13.654303324001376
Solving snapshot 0 50
36
time in solving system 6.9206741279995185
time in solving system 0.4771698850017856
time in solving system 0.4326465830017696
concluded in  11.383209753999836
Solving snapshot 0 51
36
time in solving system 7.014922659000149
time in solving system 0.3387608439952601
time in solving system 0.48042005299794255
concluded in  11.257082291995175
Solving snapshot 0 52
36
time in solving system 6.962534774997039
time in solving system 0.4248115160007728
time in solving system 0.422031882997544
concluded in  11.248973982997995
Solving snapshot 0 53
36
time in solving system 6.806455411999195
time in solving system 0.12879907099704724
time in solving system 0.16571778200159315
concluded in  10.308838450997428
Solving snapshot 0 54
36
time in solving system 7.431930721002573
time in solving system 0.29560186299931956
time in solving system 0.16010665200155927
concluded in  11.77769896999962
Solving snapshot 0 55
36
time in solving system 7.275950766001188
time in solving system 0.2425848969942308
time in solving system 0.26347779000207083
concluded in  11.379610303003574
Solving snapshot 0 56
36
time in solving system 6.110539253997558
time in solving system 0.4076640090061119
time in solving system 0.28943796499515884
concluded in  11.167638760001864
Solving snapshot 0 57
36
time in solving system 6.564381875003164
time in solving system 0.4127302709966898
time in solving system 0.3940769049950177
concluded in  13.831127338002261
Solving snapshot 0 58
36
time in solving system 7.099236201996973
time in solving system 0.3261342659970978
time in solving system 0.388110809995851
concluded in  11.610336865996942
Solving snapshot 0 59
36
time in solving system 5.859595150999667
time in solving system 0.2030192559977877
time in solving system 0.3451393290015403
concluded in  10.16714715899434
Solving snapshot 0 60
36
time in solving system 6.520632784006011
time in solving system 0.11541552400012733
time in solving system 0.19650195899885148
concluded in  11.843863721995149
Solving snapshot 0 61
36
time in solving system 6.328446758001519
time in solving system 0.23545651599852135
time in solving system 0.26659079800447216
concluded in  13.7393825859981
Solving snapshot 0 62
36
time in solving system 6.603267250000499
time in solving system 0.11331552199408179
time in solving system 0.20160622800176498
concluded in  10.943268948998593
Solving snapshot 0 63
36
time in solving system 4.745206846004294
time in solving system 0.48636329100554576
time in solving system 0.3736156410013791
concluded in  10.611718952000956
Solving snapshot 0 64
36
time in solving system 5.250547773001017
time in solving system 0.4979736480017891
time in solving system 0.416475874997559
concluded in  12.458103952994861
Solving snapshot 0 65
36
time in solving system 5.720667237997986
time in solving system 0.2710737200031872
time in solving system 0.12125657300202874
concluded in  10.557732331995794
Solving snapshot 0 66
36
time in solving system 6.551813767000567
time in solving system 0.14948604700475698
time in solving system 0.12287644499883754
concluded in  11.112956674005545
Solving snapshot 0 67
36
time in solving system 6.285762024999713
time in solving system 0.2882432910046191
time in solving system 0.29396464800083777
concluded in  11.486205032997532
Solving snapshot 0 68
36
time in solving system 4.545098088994564
time in solving system 0.26901133700448554
time in solving system 0.26685192299919436
concluded in  9.599091263000446
Solving snapshot 0 69
36
time in solving system 6.122382497997023
time in solving system 0.454853257004288
time in solving system 0.35640673900343245
concluded in  12.877151943001081
Solving snapshot 0 70
36
time in solving system 5.6165464320001774
time in solving system 0.28384011600428494
time in solving system 0.24080901200068183
concluded in  11.653495509002823
Solving snapshot 0 71
36
time in solving system 5.982734269993671
time in solving system 0.12983734499721322
time in solving system 0.1770767460038769
concluded in  11.836258338000334
Solving snapshot 0 72
36
time in solving system 5.588918581001053
time in solving system 0.3183862890000455
time in solving system 0.24362153300171485
concluded in  11.666171423996275
Solving snapshot 0 73
36
time in solving system 5.127794813000946
time in solving system 0.23768751899478957
time in solving system 0.18497526699502487
concluded in  12.723582377999264
Solving snapshot 0 74
36
time in solving system 8.21339697199437
time in solving system 0.5028674999994109
time in solving system 0.4577764960049535
concluded in  16.86094385900651
Solving snapshot 0 75
36
time in solving system 8.336837589995412
time in solving system 0.44700102799833985
time in solving system 0.41155005100154085
concluded in  14.494449718004034
Solving snapshot 0 76
36
time in solving system 6.083789787997375
time in solving system 0.2682887760020094
time in solving system 0.2906555839945213
concluded in  10.791419387001952
Solving snapshot 0 77
36
time in solving system 5.691590226000699
time in solving system 0.1639611540012993
time in solving system 0.16189790499629453
concluded in  10.735627713002032
Solving snapshot 0 78
36
time in solving system 5.880607646002318
time in solving system 0.24009472100442508
time in solving system 0.2128772249998292
concluded in  13.246513692000008
Solving snapshot 0 79
36
time in solving system 5.038416801995481
time in solving system 0.25046856200060574
time in solving system 0.2864257129986072
concluded in  11.703067384994938
Solving snapshot 0 80
36
time in solving system 4.9235824619972846
time in solving system 0.37826659200072754
time in solving system 0.4153344910009764
concluded in  13.652452866001113
Solving snapshot 0 81
36
time in solving system 5.98501953700179
time in solving system 0.11415961599414004
time in solving system 0.11781083999812836
concluded in  13.650783607001358
Solving snapshot 0 82
36
time in solving system 7.563841761999356
time in solving system 0.190420933002315
time in solving system 0.15964614500262542
concluded in  14.593491348001407
Solving snapshot 0 83
36
time in solving system 6.709325242001796
time in solving system 0.1358690100023523
time in solving system 0.1169184660029714
concluded in  14.255707005999284
Solving snapshot 0 84
36
time in solving system 6.100098476999847
time in solving system 0.18880331599939382
time in solving system 0.14050275499903364
concluded in  13.507015816998319
Solving snapshot 0 85
36
time in solving system 5.184237184999802
time in solving system 0.179758286998549
time in solving system 0.22060647000034805
concluded in  12.646989487002429
Solving snapshot 0 86
36
time in solving system 4.865870869005448
time in solving system 0.2399454659971525
time in solving system 0.3507985899996129
concluded in  12.64113031099987
Solving snapshot 0 87
36
time in solving system 6.027122906998557
time in solving system 0.3941326679996564
time in solving system 0.37475011900096433
concluded in  13.767241143999854
Solving snapshot 0 88
36
time in solving system 6.262655725993682
time in solving system 0.3439969520040904
time in solving system 0.2559622670014505
concluded in  14.176734772998316
Solving snapshot 0 89
36
time in solving system 7.200001003002399
time in solving system 0.43354151499806903
time in solving system 0.32242467300238786
concluded in  14.733508787001483
Solving snapshot 0 90
36
time in solving system 4.494271021998429
time in solving system 0.35364014100196073
time in solving system 0.31067352699756157
concluded in  11.888912342998083
Solving snapshot 0 91
36
time in solving system 7.131202981996466
time in solving system 0.12775117099954514
time in solving system 0.14814487699914025
concluded in  14.117984137003077
Solving snapshot 0 92
36
time in solving system 7.271212870000454
time in solving system 0.31199107599968556
time in solving system 0.2910523570026271
concluded in  14.556918766000308
Solving snapshot 0 93
36
time in solving system 7.137579884001752
time in solving system 0.2535763539999607
time in solving system 0.2818670370033942
concluded in  14.580971174000297
Solving snapshot 0 94
36
time in solving system 6.672939247000613
time in solving system 0.14280121900083032
time in solving system 0.14014963900262956
concluded in  14.540843859998859
Solving snapshot 0 95
36
time in solving system 5.389869952996378
time in solving system 0.25688260599417845
time in solving system 0.2076010849996237
concluded in  13.224836380002671
Solving snapshot 0 96
36
time in solving system 4.94460698900366
time in solving system 0.35646133300178917
time in solving system 0.43655084900092334
concluded in  12.871470721998776
Solving snapshot 0 97
36
time in solving system 5.591721162003523
time in solving system 0.15678143400145927
time in solving system 0.2688224080047803
concluded in  13.608525588999328
Solving snapshot 0 98
36
time in solving system 5.4460752320010215
time in solving system 0.4184489220060641
time in solving system 0.4224246630037669
concluded in  13.935871085996041
Solving snapshot 0 99
36
time in solving system 5.472729474000516
time in solving system 0.26702473100158386
time in solving system 0.40751344800082734
concluded in  12.496929723994981
Solving snapshot 0 100
36
time in solving system 4.943431017003604
time in solving system 0.24464145000092685
time in solving system 0.3156499909964623
concluded in  13.073127029994794
Solving snapshot 0 101
36
time in solving system 6.795511213000282
time in solving system 0.2686470839980757
time in solving system 0.2823977830048534
concluded in  15.135351145996538
Solving snapshot 0 102
36
time in solving system 5.746422759999405
time in solving system 0.24986987499869429
time in solving system 0.22926859599829186
concluded in  13.279456071999448
Solving snapshot 0 103
36
time in solving system 5.662192899995716
time in solving system 0.17504363899934106
time in solving system 0.11813508300110698
concluded in  13.291541318998497
Solving snapshot 0 104
36
time in solving system 5.460173945000861
time in solving system 0.255101916998683
time in solving system 0.23231763199873967
concluded in  13.655787718998909
Solving snapshot 0 105
36
time in solving system 5.211573114000203
time in solving system 0.30010996900091413
time in solving system 0.3613188790041022
concluded in  13.85382377300266
Solving snapshot 0 106
36
time in solving system 6.769403909995162
time in solving system 0.17285508399800165
time in solving system 0.1906354949969682
concluded in  14.597259009999107
Solving snapshot 0 107
36
time in solving system 4.684988134999003
time in solving system 0.4101594679959817
time in solving system 0.29533110900229076
concluded in  12.181646924000233
Solving snapshot 0 108
36
time in solving system 5.311196299997391
time in solving system 0.3304744550041505
time in solving system 0.28901546000270173
concluded in  13.165335347999644
Solving snapshot 0 109
36
time in solving system 5.268534757000452
time in solving system 0.37413270700199064
time in solving system 0.42047022499900777
concluded in  13.846265967993531
Solving snapshot 0 110
36
time in solving system 5.623456936998991
time in solving system 0.21231651199923363
time in solving system 0.26651451799989445
concluded in  13.375190042002941
Solving snapshot 0 111
36
time in solving system 5.3439511739998125
time in solving system 0.13968659000238404
time in solving system 0.15422570100054145
concluded in  13.040103312996507
Solving snapshot 0 112
36
time in solving system 5.566718605005008
time in solving system 0.3021324639994418
time in solving system 0.26250015199912013
concluded in  13.095619436004199
Solving snapshot 0 113
36
time in solving system 6.661303116001363
time in solving system 0.144314317003591
time in solving system 0.11675196400028653
concluded in  14.55772716699721
Solving snapshot 0 114
36
time in solving system 5.954534763004631
time in solving system 0.23957660399901215
time in solving system 0.17302162499981932
concluded in  13.411493514002359
Solving snapshot 0 115
36
time in solving system 4.559750472995802
time in solving system 0.13897274299961282
time in solving system 0.2511480289977044
concluded in  12.33654383099929
Solving snapshot 0 116
36
time in solving system 5.276085025005159
time in solving system 0.37233432799985167
time in solving system 0.38212733800173737
concluded in  13.227711255996837
Solving snapshot 0 117
36
time in solving system 6.415514902997529
time in solving system 0.27613368300080765
time in solving system 0.24263609600166092
concluded in  14.208237865001138
Solving snapshot 0 118
36
time in solving system 5.717272060996038
time in solving system 0.22756208099599462
time in solving system 0.12840832899382804
concluded in  13.121018931000435
Solving snapshot 0 119
36
time in solving system 6.592673305996868
time in solving system 0.22967338699527318
time in solving system 0.19894759100134252
concluded in  13.568466569995508
Solving snapshot 0 120
36
time in solving system 6.157299429003615
time in solving system 0.11400959500315366
time in solving system 0.11807064199820161
concluded in  13.696792078000726
Solving snapshot 0 121
36
time in solving system 5.035154748999048
time in solving system 0.1598158519991557
time in solving system 0.23307337800360983
concluded in  12.50658087299962
Solving snapshot 0 122
36
time in solving system 7.454949234997912
time in solving system 0.4041510940005537
time in solving system 0.29756907599949045
concluded in  14.165380987004028
Solving snapshot 0 123
36
time in solving system 8.974470476998249
time in solving system 0.2672013359988341
time in solving system 0.2877674820047105
concluded in  14.091413351998199
Solving snapshot 0 124
36
time in solving system 9.666394148996915
time in solving system 0.20946765299595427
time in solving system 0.1928174510030658
concluded in  14.621002592000877
Solving snapshot 0 125
36
time in solving system 6.8380433799975435
time in solving system 0.11442914700455731
time in solving system 0.11292932800279232
concluded in  13.321845268001198
Solving snapshot 0 126
36
time in solving system 5.198750637995545
time in solving system 0.22970360299950698
time in solving system 0.17383719200006453
concluded in  13.001453045006201
Solving snapshot 0 127
36
time in solving system 8.134672271000454
time in solving system 0.14864632499666186
time in solving system 0.11586966699542245
concluded in  13.632908686005976
Solving snapshot 0 128
36
time in solving system 10.070402501994977
time in solving system 0.1338503689985373
time in solving system 0.12442267000005813
concluded in  16.889955623999413
Solving snapshot 0 129
36
time in solving system 5.711370771001384
time in solving system 0.11044548400241183
time in solving system 0.1189861849998124
concluded in  14.854962306999369
Solving snapshot 0 130
36
time in solving system 7.615775901998859
time in solving system 0.6084855349981808
time in solving system 0.6631647819958744
concluded in  17.205200250995404
Solving snapshot 0 131
36
time in solving system 4.215455341996858
time in solving system 0.22735871599434176
time in solving system 0.3416152540012263
concluded in  10.838851800996053
Solving snapshot 0 132
36
time in solving system 6.63633088899951
time in solving system 0.29263266199995996
time in solving system 0.30703774400171824
concluded in  12.639844605997496
Solving snapshot 0 133
36
time in solving system 5.1446951600009925
time in solving system 0.12446066700067604
time in solving system 0.2388652700028615
concluded in  10.415800432994729
Solving snapshot 0 134
36
time in solving system 5.567829853003786
time in solving system 0.64410035200126
time in solving system 0.32592901699536014
concluded in  12.916571752997697
Solving snapshot 0 135
36
time in solving system 6.834101766995445
time in solving system 0.4199672679969808
time in solving system 0.4262108509938116
concluded in  13.483141005002835
Solving snapshot 0 136
36
time in solving system 5.075136593004572
time in solving system 0.5870790990011301
time in solving system 0.5861253359980765
concluded in  11.947176050998678
Solving snapshot 0 137
36
time in solving system 7.306658645997231
time in solving system 0.31664602999808267
time in solving system 0.29279080299602356
concluded in  12.295808983995812
Solving snapshot 0 138
36
time in solving system 5.983843980997335
time in solving system 0.4591195820030407
time in solving system 0.275606606999645
concluded in  11.972523766999075
Solving snapshot 0 139
36
time in solving system 6.131880109998747
time in solving system 0.5736564659964642
time in solving system 0.534954573995492
concluded in  13.297163640003419
Solving snapshot 0 140
36
time in solving system 8.069617310000467
time in solving system 0.3902228630031459
time in solving system 0.39808123400143813
concluded in  12.410285259000375
Solving snapshot 0 141
36
time in solving system 7.523872090001532
time in solving system 0.46736445300484775
time in solving system 0.36188715099706315
concluded in  12.098070444997575
Solving snapshot 0 142
36
time in solving system 6.355469923000783
time in solving system 0.24719050700514344
time in solving system 0.2580341239954578
concluded in  10.235497364999901
Solving snapshot 0 143
36
time in solving system 6.10526733599545
time in solving system 0.4442418960024952
time in solving system 0.29262654299964197
concluded in  11.47680378199584
Solving snapshot 0 144
36
time in solving system 7.359225444997719
time in solving system 0.1737108529996476
time in solving system 0.18357275599555578
concluded in  13.491113006006344
Solving snapshot 0 145
36
time in solving system 6.0787475100005395
time in solving system 0.23840829000255326
time in solving system 0.244157441004063
concluded in  13.11252978599805
Solving snapshot 0 146
36
time in solving system 5.247624943003757
time in solving system 0.4430734450070304
time in solving system 0.4100419870010228
concluded in  12.821448864000558
Solving snapshot 0 147
36
time in solving system 5.9500468429978355
time in solving system 0.4384807300011744
time in solving system 0.383335320999322
concluded in  13.260053313999379
Solving snapshot 0 148
36
time in solving system 6.7848400060029235
time in solving system 0.12307960200269008
time in solving system 0.16165665799780982
concluded in  14.576124027997139
Solving snapshot 0 149
36
time in solving system 7.040251646998513
time in solving system 0.3035060629990767
time in solving system 0.19627945899992483
concluded in  11.91104909600108
Solving snapshot 0 150
36
time in solving system 7.976224388003175
time in solving system 0.21589361999940593
time in solving system 0.1292688659959822
concluded in  14.205307478994655
Solving snapshot 0 151
36
time in solving system 10.121934611001052
time in solving system 0.10725701799674425
time in solving system 0.11320338099903893
concluded in  15.743421790997672
Solving snapshot 0 152
36
time in solving system 5.765861472005781
time in solving system 0.11734892799722729
time in solving system 0.12132649299746845
concluded in  13.997264269004518
Solving snapshot 0 153
36
time in solving system 6.666917875998479
time in solving system 0.1177945980016375
time in solving system 0.11151583399623632
concluded in  15.043102396004542
Solving snapshot 0 154
36
time in solving system 9.210471403996053
time in solving system 0.8259937430048012
time in solving system 0.8017706219980028
concluded in  19.623339520003356
Solving snapshot 0 155
36
time in solving system 7.021365747998061
time in solving system 0.5102935690010781
time in solving system 0.25515021300088847
concluded in  10.92661066599976
Solving snapshot 0 156
36
time in solving system 7.006161918005091
time in solving system 0.25260439699923154
time in solving system 0.11265367699525086
concluded in  10.955610726996383
Solving snapshot 0 157
36
time in solving system 6.313656352998805
time in solving system 0.5157632249974995
time in solving system 0.4143027620011708
concluded in  11.188732722002896
Solving snapshot 0 158
36
time in solving system 7.003182578002452
time in solving system 0.41480346499884035
time in solving system 0.14160195799922803
concluded in  12.313684568995086
Solving snapshot 0 159
36
time in solving system 7.1715619359965785
time in solving system 0.6068563730004826
time in solving system 0.4008822109972243
concluded in  13.716879147999862
Solving snapshot 0 160
36
time in solving system 7.962449097998615
time in solving system 0.3871061660029227
time in solving system 0.21973291500034975
concluded in  12.278242925996892
Solving snapshot 0 161
36
time in solving system 8.457226393999008
time in solving system 0.2611244510044344
time in solving system 0.2297129340004176
concluded in  12.451719163000234
Solving snapshot 0 162
36
time in solving system 7.981972266999946
time in solving system 0.18719564699858893
time in solving system 0.24235851899720728
concluded in  11.382223802997032
Solving snapshot 0 163
36
time in solving system 7.146402430997114
time in solving system 0.2507060459975037
time in solving system 0.26765178800269496
concluded in  11.058312900000601
Solving snapshot 0 164
36
time in solving system 6.441988924998441
time in solving system 0.4148443610029062
time in solving system 0.3913553550009965
concluded in  10.99101763699582
Solving snapshot 0 165
36
time in solving system 6.546276573004434
time in solving system 0.34204492199933156
time in solving system 0.37583629800064955
concluded in  10.704148614997393
Solving snapshot 0 166
36
time in solving system 7.2450388919969555
time in solving system 0.22816835599951446
time in solving system 0.2778087949991459
concluded in  11.181090074001986
Solving snapshot 0 167
36
time in solving system 6.013768953998806
time in solving system 0.35792894999758573
time in solving system 0.37160739400133025
concluded in  10.623022388004756
Solving snapshot 0 168
36
time in solving system 7.424872036994202
time in solving system 0.18584862100397004
time in solving system 0.1288539369998034
concluded in  11.944115932004934
Solving snapshot 0 169
36
time in solving system 6.359807271001046
time in solving system 0.17147618099988904
time in solving system 0.22313258099893574
concluded in  12.92647763399873
Solving snapshot 0 170
36
time in solving system 7.408914450003067
time in solving system 0.20487155700539006
time in solving system 0.25877037899772404
concluded in  11.576583679001487
Solving snapshot 0 171
36
time in solving system 7.113860355995712
time in solving system 0.2392856309961644
time in solving system 0.2679105100032757
concluded in  12.213164458000392
Solving snapshot 0 172
36
time in solving system 7.168206121001276
time in solving system 0.4719569419976324
time in solving system 0.12076864000118803
concluded in  12.868813788998523
Solving snapshot 0 173
36
time in solving system 7.710150020000583
time in solving system 0.36228324100375175
time in solving system 0.412668846998713
concluded in  12.283823731995653
Solving snapshot 0 174
36
time in solving system 6.600087777995213
time in solving system 0.381061950000003
time in solving system 0.2993565139986458
concluded in  11.042983213999833
Solving snapshot 0 175
36
time in solving system 6.9998428910039365
time in solving system 0.13314639100281056
time in solving system 0.15188774700072827
concluded in  10.921753686001466
Solving snapshot 0 176
36
time in solving system 7.007911615000921
time in solving system 0.26587545599613804
time in solving system 0.17251528500491986
concluded in  12.011709267004335
Solving snapshot 0 177
36
time in solving system 6.807081534003373
time in solving system 0.25339897599769756
time in solving system 0.31682792700303253
concluded in  13.494584824999038
Solving snapshot 0 178
36
time in solving system 6.2038207779987715
time in solving system 0.7015436070068972
time in solving system 0.3730590260020108
concluded in  11.078359065999393
Solving snapshot 0 179
36
time in solving system 6.694541858996672
time in solving system 0.5089650259978953
time in solving system 0.4046273579951958
concluded in  11.402900456996576
Solving snapshot 0 180
36
time in solving system 6.961904297997535
time in solving system 0.1184436729963636
time in solving system 0.1563946530004614
concluded in  10.920609649998369
Solving snapshot 0 181
36
time in solving system 6.167686478998803
time in solving system 0.5413701869983925
time in solving system 0.4408207990054507
concluded in  11.07380945100158
Solving snapshot 0 182
36
time in solving system 6.950172871998802
time in solving system 0.2301529659962398
time in solving system 0.19548245899932226
concluded in  12.238058162001835
Solving snapshot 0 183
36
time in solving system 6.820334722993721
time in solving system 0.3948451370015391
time in solving system 0.29756935899786185
concluded in  13.114678190999257
Solving snapshot 0 184
36
time in solving system 6.339540220993513
time in solving system 0.2600533470031223
time in solving system 0.2873116949995165
concluded in  10.524515058998077
Solving snapshot 0 185
36
time in solving system 7.552785587999097
time in solving system 0.4205996039963793
time in solving system 0.1425944279981195
concluded in  12.538021040003514
Solving snapshot 0 186
36
time in solving system 7.303840284999751
time in solving system 0.19668251300026895
time in solving system 0.21900628400180722
concluded in  13.85210497600201
Solving snapshot 0 187
36
time in solving system 7.518515342002502
time in solving system 0.42510690000199247
time in solving system 0.33950205899600405
concluded in  12.500640746999125
Solving snapshot 0 188
36
time in solving system 7.085947373998351
time in solving system 0.2444755870019435
time in solving system 0.20633790599822532
concluded in  10.772399802997825
Solving snapshot 0 189
36
time in solving system 8.720099762002064
time in solving system 0.15303049099748023
time in solving system 0.12025645499670645
concluded in  14.211190329006058
Solving snapshot 0 190
36
time in solving system 7.41483127099491
time in solving system 0.11813756299670786
time in solving system 0.1430798639994464
concluded in  14.121111743996153
Solving snapshot 0 191
36
time in solving system 8.6646373590047
time in solving system 0.2954059179974138
time in solving system 0.24612177300150506
concluded in  13.587781606001954
Solving snapshot 0 192
36
time in solving system 10.109089464000135
time in solving system 0.13606000700383447
time in solving system 0.16478840700438013
concluded in  14.176122332995874
Solving snapshot 0 193
36
time in solving system 5.619070823995571
time in solving system 0.13752945000305772
time in solving system 0.187765994000074
concluded in  12.59371304299566
Solving snapshot 0 194
36
time in solving system 7.917149982997216
time in solving system 0.20307929000409786
time in solving system 0.12150930100324331
concluded in  13.38066611699469
Solving snapshot 0 195
36
time in solving system 8.783778217999497
time in solving system 0.14471473600133322
time in solving system 0.12009120699804043
concluded in  15.609648325997114
Solving snapshot 0 196
36
time in solving system 6.598213213001145
time in solving system 0.1272460870022769
time in solving system 0.12314108799910173
concluded in  15.472395333003078
Solving snapshot 0 197
36
time in solving system 5.307432564994087
time in solving system 0.2170305539984838
time in solving system 0.2563261789982789
concluded in  14.326419222998084
Solving snapshot 0 198
36
time in solving system 4.196468532005383
time in solving system 0.2406895500025712
time in solving system 0.2663965520041529
concluded in  12.328596795996418
Solving snapshot 0 199
36
time in solving system 8.08996303800086
time in solving system 0.3021693429982406
time in solving system 0.2694979180014343
concluded in  17.60961447500449
Solving snapshot 0 200
36
time in solving system 5.6822885110013885
time in solving system 0.3494533120028791
time in solving system 0.3004987930034986
concluded in  12.739329775002261
Solving snapshot 0 201
36
time in solving system 6.900527572004648
time in solving system 0.12969415199768264
time in solving system 0.16295492900098907
concluded in  13.38126032299624
Solving snapshot 0 202
36
time in solving system 7.068759752997721
time in solving system 0.3174953279958572
time in solving system 0.2603919789980864
concluded in  13.20248313999764
Solving snapshot 0 203
36
time in solving system 5.3360529849960585
time in solving system 0.43726127200352494
time in solving system 0.29980375400191406
concluded in  12.09487350800191
Solving snapshot 0 204
36
time in solving system 6.069630417005101
time in solving system 0.4343439709991799
time in solving system 0.38918315900082234
concluded in  10.961676696002542
Solving snapshot 0 205
36
time in solving system 7.370772211004805
time in solving system 0.22989726800005883
time in solving system 0.12984867899649544
concluded in  12.443622279999545
Solving snapshot 0 206
36
time in solving system 7.109752905998903
time in solving system 0.1770376389977173
time in solving system 0.13229901900194818
concluded in  13.517655520001426
Solving snapshot 0 207
36
time in solving system 8.32060455300234
time in solving system 0.11770264999358915
time in solving system 0.13485226300690556
concluded in  16.32221800399566
Solving snapshot 0 208
36
time in solving system 7.418983798997942
time in solving system 0.1123904779960867
time in solving system 0.11213333499472355
concluded in  16.378874829999404
Solving snapshot 0 209
36
time in solving system 6.793314802998793
time in solving system 0.26070327200432075
time in solving system 0.3035038620000705
concluded in  16.099165912004537
Solving snapshot 0 210
36
time in solving system 5.777977424004348
time in solving system 0.42344038999726763
time in solving system 0.5211706959962612
concluded in  14.160277404000226
Solving snapshot 0 211
36
time in solving system 7.109165946996654
time in solving system 0.2794557080051163
time in solving system 0.3448782769992249
concluded in  14.61268633799773
Solving snapshot 0 212
36
time in solving system 6.761797387996921
time in solving system 0.4334043739945628
time in solving system 0.5843894069985254
concluded in  13.758249127000454
Solving snapshot 0 213
36
time in solving system 5.506352565003908
time in solving system 0.6730696410013479
time in solving system 0.5068878960009897
concluded in  11.708251567004481
Solving snapshot 0 214
36
time in solving system 6.356930456997361
time in solving system 0.38002905400207965
time in solving system 0.34741025900439126
concluded in  12.70246581799438
Solving snapshot 0 215
36
time in solving system 5.859115494000434
time in solving system 0.2733478809968801
time in solving system 0.2683841250036494
concluded in  11.442140984996513
Solving snapshot 0 216
36
time in solving system 5.589532320002036
time in solving system 0.5040297200030182
time in solving system 0.34699426499719266
concluded in  11.508045073001995
Solving snapshot 0 217
36
time in solving system 5.5640241660003085
time in solving system 0.490549916998134
time in solving system 0.38380004299688153
concluded in  12.457615822000662
Solving snapshot 0 218
36
time in solving system 5.810875468996528
time in solving system 0.509619032003684
time in solving system 0.4583369589963695
concluded in  12.126567893996253
Solving snapshot 0 219
36
time in solving system 6.394308255003125
time in solving system 0.12641998400067678
time in solving system 0.12041516699537169
concluded in  12.090026167999895
Solving snapshot 0 220
36
time in solving system 6.510054557998956
time in solving system 0.40899288799846545
time in solving system 0.36238597000192385
concluded in  11.651489727999433
Solving snapshot 0 221
36
time in solving system 6.4285157790000085
time in solving system 0.12282216099993093
time in solving system 0.22774307199870236
concluded in  13.172558847996697
Solving snapshot 0 222
36
time in solving system 6.285804894992907
time in solving system 0.37739383499865653
time in solving system 0.4546971259987913
concluded in  14.429848044994287
Solving snapshot 0 223
36
time in solving system 5.217113472994242
time in solving system 0.4249346729993704
time in solving system 0.44684520400187466
concluded in  12.476216786002624
Solving snapshot 0 224
36
time in solving system 7.345081961997494
time in solving system 0.6700510660011787
time in solving system 0.4682601660024375
concluded in  12.747852191001584
Solving snapshot 0 225
36
time in solving system 7.012373753001157
time in solving system 0.4443218849992263
time in solving system 0.11796519400377292
concluded in  10.824233149003703
Solving snapshot 0 226
36
time in solving system 6.132969844999025
time in solving system 0.6519256300016423
time in solving system 0.49188788299943553
concluded in  10.807891579002899
Solving snapshot 0 227
36
time in solving system 6.461667318995751
time in solving system 0.2202683670038823
time in solving system 0.11376282700075535
concluded in  9.980408308998449
Solving snapshot 0 228
36
time in solving system 6.420667318001506
time in solving system 0.36105056000087643
time in solving system 0.22069643800205085
concluded in  11.16560084199591
Solving snapshot 0 229
36
time in solving system 5.6895348640027805
time in solving system 0.2485545710005681
time in solving system 0.1773511130013503
concluded in  11.551280000996485
Solving snapshot 0 230
36
time in solving system 5.532631616995786
time in solving system 0.5156300240050768
time in solving system 0.586267589002091
concluded in  13.373929594999936
Solving snapshot 0 231
36
time in solving system 7.174832247001177
time in solving system 0.254273947000911
time in solving system 0.3823482250008965
concluded in  13.67504991000169
Solving snapshot 0 232
36
time in solving system 7.138065947001451
time in solving system 0.19117662600183394
time in solving system 0.28513925000152085
concluded in  11.781455652999284
Solving snapshot 0 233
36
time in solving system 7.820609198999591
time in solving system 0.31730493500072043
time in solving system 0.32337605800421443
concluded in  12.442032441002084
Solving snapshot 0 234
36
time in solving system 8.350048306994722
time in solving system 0.25783109899930423
time in solving system 0.44176134900044417
concluded in  12.849678249003773
Solving snapshot 0 235
36
time in solving system 7.469932291001896
time in solving system 0.11131412699614884
time in solving system 0.2223665740020806
concluded in  13.154612951002491
Solving snapshot 0 236
36
time in solving system 7.536875013000099
time in solving system 0.4541148990028887
time in solving system 0.45462875699740835
concluded in  15.276038884003356
Solving snapshot 0 237
36
time in solving system 5.668288305001624
time in solving system 0.3810395449982025
time in solving system 0.37807628700102214
concluded in  13.980355421997956
Solving snapshot 0 238
36
time in solving system 6.031503967002209
time in solving system 0.1307069539980148
time in solving system 0.15733247499883873
concluded in  13.685519172002387
Solving snapshot 0 239
36
time in solving system 7.575833237999177
time in solving system 0.16568018600082723
time in solving system 0.14796186099556508
concluded in  16.501482194005803
Solving snapshot 0 240
36
time in solving system 5.792728345004434
time in solving system 0.18073791800270556
time in solving system 0.1226372809978784
concluded in  14.433450759999687
Solving snapshot 0 241
36
time in solving system 5.128218850004487
time in solving system 0.15575883199926466
time in solving system 0.12330193600064376
concluded in  13.121830048999982
Solving snapshot 0 242
36
time in solving system 6.053013981996628
time in solving system 0.2763154479980585
time in solving system 0.27114073999837274
concluded in  13.572087756001565
Solving snapshot 0 243
36
time in solving system 7.01451672600524
time in solving system 0.2753683520058985
time in solving system 0.24152324500028044
concluded in  15.147116505999293
Solving snapshot 0 244
36
time in solving system 8.727063489997818
time in solving system 0.1319444629989448
time in solving system 0.11754544800351141
concluded in  16.134355416994367
Solving snapshot 0 245
36
time in solving system 5.346774028999789
time in solving system 0.12084531800064724
time in solving system 0.18537815699528437
concluded in  13.880530526999792
Solving snapshot 0 246
36
time in solving system 7.00457393599936
time in solving system 0.19495242500124732
time in solving system 0.16379368499474367
concluded in  14.784382024001388
Solving snapshot 0 247
36
time in solving system 5.190196476003621
time in solving system 0.2697674060036661
time in solving system 0.250804720002634
concluded in  12.964360470999964
Solving snapshot 0 248
36
time in solving system 7.285220847996243
time in solving system 0.23375576700345846
time in solving system 0.2507769180010655
concluded in  13.179039943002863
Solving snapshot 0 249
36
time in solving system 8.241828788995917
time in solving system 0.23958265100372955
time in solving system 0.2298147740002605
concluded in  13.8743678489991
Solving snapshot 0 250
36
time in solving system 7.639054538005439
time in solving system 0.11986169900046661
time in solving system 0.1135354889993323
concluded in  15.669096058001742
Solving snapshot 0 251
36
time in solving system 7.163877956998476
time in solving system 0.14234452699747635
time in solving system 0.13695662100508343
concluded in  15.359310216001177
Solving snapshot 0 252
36
time in solving system 6.747990998002933
time in solving system 0.1369902170044952
time in solving system 0.12214079499972286
concluded in  15.026476532999368
Solving snapshot 0 253
36
time in solving system 5.590530483001203
time in solving system 0.12841930799913825
time in solving system 0.1320384809951065
concluded in  13.058053886998096
Solving snapshot 0 254
36
time in solving system 5.879943384003127
time in solving system 0.13651347000268288
time in solving system 0.19399636999878567
concluded in  13.30507761300396
Solving snapshot 0 255
36
time in solving system 4.980208269997092
time in solving system 0.25359638599911705
time in solving system 0.24198972600424895
concluded in  12.65077595099865
Solving snapshot 0 256
36
time in solving system 5.669815015004133
time in solving system 0.4252667600012501
time in solving system 0.34357387300406117
concluded in  13.609085954005423
Solving snapshot 0 257
36
time in solving system 5.696864555000502
time in solving system 0.3715590170031646
time in solving system 0.25785691200144356
concluded in  13.22165703200153
Solving snapshot 0 258
36
time in solving system 7.298130837996723
time in solving system 0.23819355600426206
time in solving system 0.1252475820001564
concluded in  15.138012558003538
Solving snapshot 0 259
36
time in solving system 5.929854444999364
time in solving system 0.14250802499736892
time in solving system 0.1181438000057824
concluded in  13.180727331004164
Solving snapshot 0 260
36
time in solving system 5.968238841996936
time in solving system 0.2554655010026181
time in solving system 0.1309335070036468
concluded in  13.16137201499805
Solving snapshot 0 261
36
time in solving system 6.251077020999219
time in solving system 0.41287175699835643
time in solving system 0.26841314600460464
concluded in  14.018827063999197
Solving snapshot 0 262
36
time in solving system 6.860856742001488
time in solving system 0.1450503279993427
time in solving system 0.14986283100006403
concluded in  13.533670524004265
Solving snapshot 0 263
36
time in solving system 7.421285178999824
time in solving system 0.3507045259975712
time in solving system 0.3905199669970898
concluded in  13.327453992998926
Solving snapshot 0 264
36
time in solving system 7.078537023997342
time in solving system 0.506476444999862
time in solving system 0.523873015998106
concluded in  12.109338586997183
Solving snapshot 0 265
36
time in solving system 6.0716562009984045
time in solving system 0.11031862699746853
time in solving system 0.11248175299988361
concluded in  9.596262772000046
Solving snapshot 0 266
36
time in solving system 6.444599875001586
time in solving system 0.41214114000467816
time in solving system 0.4042791199972271
concluded in  11.729327651999483
Solving snapshot 0 267
36
time in solving system 6.2811520239993115
time in solving system 0.4316266500027268
time in solving system 0.4838869169980171
concluded in  11.266858299000887
Solving snapshot 0 268
36
time in solving system 6.226952621000237
time in solving system 0.6201186519974726
time in solving system 0.48294131599686807
concluded in  11.913025469999411
Solving snapshot 0 269
36
time in solving system 7.205655764002586
time in solving system 0.45146736899914686
time in solving system 0.3232510380039457
concluded in  13.273142227997596
Solving snapshot 0 270
36
time in solving system 6.140026506996946
time in solving system 0.4990102070005378
time in solving system 0.3096505639987299
concluded in  12.129426721003256
Solving snapshot 0 271
36
time in solving system 7.039312847002293
time in solving system 0.2886699739974574
time in solving system 0.2995401350053726
concluded in  11.436375760000374
Solving snapshot 0 272
36
time in solving system 6.9841271249970305
time in solving system 0.30955237000307534
time in solving system 0.29502514199703
concluded in  12.866699758000323
Solving snapshot 0 273
36
time in solving system 7.603620549998595
time in solving system 0.3182681460020831
time in solving system 0.28584525299811503
concluded in  13.279842620999261
Solving snapshot 0 274
36
time in solving system 8.34587322200241
time in solving system 0.32452581599500263
time in solving system 0.4646206079996773
concluded in  12.61659362899809
Solving snapshot 0 275
36
time in solving system 6.769918802994653
time in solving system 0.378556319999916
time in solving system 0.3820622339990223
concluded in  10.837894035001227
Solving snapshot 0 276
36
time in solving system 6.432931659001042
time in solving system 0.26828986699547386
time in solving system 0.36044551999657415
concluded in  10.64717687999655
Solving snapshot 0 277
36
time in solving system 6.8481406300052186
time in solving system 0.31941551100317156
time in solving system 0.37942707700130995
concluded in  11.50563105999754
Solving snapshot 0 278
36
time in solving system 5.749804289996973
time in solving system 0.5378484259999823
time in solving system 0.4562104040014674
concluded in  11.89235868799733
Solving snapshot 0 279
36
time in solving system 6.676721443996939
time in solving system 0.41083056299976306
time in solving system 0.5317187990003731
concluded in  12.913520925998455
Solving snapshot 0 280
36
time in solving system 7.412420195003506
time in solving system 0.32232591199863236
time in solving system 0.25401310599409044
concluded in  13.204882086996804
Solving snapshot 0 281
36
time in solving system 6.245512153000163
time in solving system 0.3685058939954615
time in solving system 0.2548343010057579
concluded in  11.877220294001745
Solving snapshot 0 282
36
time in solving system 5.498430009000003
time in solving system 0.39510715800133767
time in solving system 0.30555579400243005
concluded in  13.197943442006363
Solving snapshot 0 283
36
time in solving system 6.159363498998573
time in solving system 0.39405138899746817
time in solving system 0.3242921569981263
concluded in  12.748425550998945
Solving snapshot 0 284
36
time in solving system 5.769003326000529
time in solving system 0.41811833600513637
time in solving system 0.43776575800438877
concluded in  12.016388275005738
Solving snapshot 0 285
36
time in solving system 5.556419863001793
time in solving system 0.5952648050006246
time in solving system 0.4422418079993804
concluded in  12.665358833997743
Solving snapshot 0 286
36
time in solving system 7.253339128001244
time in solving system 0.3234871500026202
time in solving system 0.2318301129998872
concluded in  13.65468788400176
Solving snapshot 0 287
36
time in solving system 8.673408575996291
time in solving system 0.2378296329989098
time in solving system 0.27369520100182854
concluded in  15.575510091999604
Solving snapshot 0 288
36
time in solving system 8.304321217998222
time in solving system 0.11908783700346248
time in solving system 0.12311935600155266
concluded in  12.454683816999022
Solving snapshot 0 289
36
time in solving system 9.956871174996195
time in solving system 0.12224317900108872
time in solving system 0.11605792499904055
concluded in  15.961208214997896
Solving snapshot 0 290
36
time in solving system 6.91304918199603
time in solving system 0.18674128500424558
time in solving system 0.24074697199830553
concluded in  15.19145804800064
Solving snapshot 0 291
36
time in solving system 5.537321754003642
time in solving system 0.34056127600342734
time in solving system 0.3482090010002139
concluded in  13.742215862999728
Solving snapshot 0 292
36
time in solving system 8.035419792002358
time in solving system 0.5722714940056903
time in solving system 0.6129596190003213
concluded in  16.183608573999663
Solving snapshot 0 293
36
time in solving system 7.633903798996471
time in solving system 0.4739455090020783
time in solving system 0.5472944089997327
concluded in  14.3671332360027
Solving snapshot 0 294
36
time in solving system 7.138747281998803
time in solving system 0.5878354099986609
time in solving system 0.814169404002314
concluded in  12.991247432000819
Solving snapshot 0 295
36
time in solving system 6.644602713000495
time in solving system 0.46475468099379214
time in solving system 0.6055597339945962
concluded in  11.361850133995176
Solving snapshot 0 296
36
time in solving system 7.8775094990051
time in solving system 0.2855805290018907
time in solving system 0.2885673040000256
concluded in  12.580034947997774
Solving snapshot 0 297
36
time in solving system 6.182331813994097
time in solving system 0.5836938749998808
time in solving system 0.25434537500404986
concluded in  11.11462188900623
Solving snapshot 0 298
36
time in solving system 6.432640682003694
time in solving system 0.11492255499615567
time in solving system 0.19290783900214592
concluded in  10.415046460999292
Solving snapshot 0 299
36
time in solving system 7.204159767999954
time in solving system 0.41031054299673997
time in solving system 0.4442119819941581
concluded in  11.716939179998008
[]
Not completed: []
