Solving not completed simulation: 0-th chance
Solving snapshot 0 0
36
time in solving system 3.756362721993355
time in solving system 0.46532559201295953
time in solving system 0.4554739229934057
concluded in  7.743148585999734
Solving snapshot 0 1
36
time in solving system 3.9549485130119137
time in solving system 0.5064731949969428
time in solving system 0.3901659550028853
concluded in  8.133123692998197
Solving snapshot 0 2
36
time in solving system 3.2859071960119763
time in solving system 0.4543626439990476
time in solving system 0.45121822599321604
concluded in  7.504851601988776
Solving snapshot 0 3
36
time in solving system 3.364686824992532
time in solving system 0.43337092199362814
time in solving system 0.5179272499954095
concluded in  7.624551851011347
Solving snapshot 0 4
36
time in solving system 3.1939158870081883
time in solving system 0.39911794201179873
time in solving system 0.4720794780005235
concluded in  7.647519268008182
Solving snapshot 0 5
36
time in solving system 2.8192262740049046
time in solving system 0.34865110300597735
time in solving system 0.39335766500153113
concluded in  6.66495218500495
Solving snapshot 0 6
36
time in solving system 3.6595301179913804
time in solving system 0.4851097490027314
time in solving system 0.4878106329997536
concluded in  7.997467111010337
Solving snapshot 0 7
36
time in solving system 3.1035072800004855
time in solving system 0.3913484619988594
time in solving system 0.49986901199736167
concluded in  7.424535124999238
Solving snapshot 0 8
36
time in solving system 2.8439430099970195
time in solving system 0.16691034499672242
time in solving system 0.3179757079924457
concluded in  6.906916576001095
Solving snapshot 0 9
36
time in solving system 2.7823984429996926
time in solving system 0.28611827800341416
time in solving system 0.41861372100538574
concluded in  7.183426870004041
Solving snapshot 0 10
36
time in solving system 2.7704939679970266
time in solving system 0.25853967800503597
time in solving system 0.3479292069969233
concluded in  6.846599418000551
Solving snapshot 0 11
36
time in solving system 2.98172174001229
time in solving system 0.44598308199783787
time in solving system 0.4861010929889744
concluded in  7.214874561992474
Solving snapshot 0 12
36
time in solving system 3.712700870994013
time in solving system 0.4893568719999166
time in solving system 0.43287866600439884
concluded in  7.819168273010291
Solving snapshot 0 13
36
time in solving system 4.07454202498775
time in solving system 0.31532514399441425
time in solving system 0.3174553970020497
concluded in  7.950517310993746
Solving snapshot 0 14
36
time in solving system 2.975382634002017
time in solving system 0.4115010780078592
time in solving system 0.41501966401119716
concluded in  6.980956325001898
Solving snapshot 0 15
36
time in solving system 3.3256428120075725
time in solving system 0.406611544007319
time in solving system 0.46121527199284174
concluded in  7.53754760499578
Solving snapshot 0 16
36
time in solving system 3.780902686994523
time in solving system 0.4084977599995909
time in solving system 0.24803517499822192
concluded in  7.751851298991824
Solving snapshot 0 17
36
time in solving system 4.702676774002612
time in solving system 0.14282008000009228
time in solving system 0.283919674999197
concluded in  8.379780625997228
Solving snapshot 0 18
36
time in solving system 4.783849037004984
time in solving system 0.24470772600034252
time in solving system 0.2073398759966949
concluded in  8.536572924989741
Solving snapshot 0 19
36
time in solving system 5.395340801012935
time in solving system 0.26879786199424416
time in solving system 0.11590379000699613
concluded in  8.493050081000547
Solving snapshot 0 20
36
time in solving system 4.576206269994145
time in solving system 0.19113645899051335
time in solving system 0.1105486220039893
concluded in  7.909133117995225
Solving snapshot 0 21
36
time in solving system 3.9096709779987577
time in solving system 0.1636865990003571
time in solving system 0.17942975999903865
concluded in  7.800847787002567
Solving snapshot 0 22
36
time in solving system 4.943121575997793
time in solving system 0.10782495999592356
time in solving system 0.10643722799431998
concluded in  9.471890838001855
Solving snapshot 0 23
36
time in solving system 5.3461358189961175
time in solving system 0.10282946799998172
time in solving system 0.10082171099202242
concluded in  9.42832656900282
Solving snapshot 0 24
36
time in solving system 4.496522695990279
time in solving system 0.11164841300342232
time in solving system 0.14354017800360452
concluded in  8.06960928501212
Solving snapshot 0 25
36
time in solving system 4.827135026003816
time in solving system 0.1473000889964169
time in solving system 0.1400602229987271
concluded in  9.089933073002612
Solving snapshot 0 26
36
time in solving system 4.730868018988986
time in solving system 0.11924043399631046
time in solving system 0.25224401999730617
concluded in  8.749726148991613
Solving snapshot 0 27
36
time in solving system 4.890092280998942
time in solving system 0.12851911899633706
time in solving system 0.12713989500480238
concluded in  8.833271922005224
Solving snapshot 0 28
36
time in solving system 4.42726408400631
time in solving system 0.13186202400538605
time in solving system 0.10422017899691127
concluded in  7.856703106997884
Solving snapshot 0 29
36
time in solving system 5.179801976002636
time in solving system 0.12115937299677171
time in solving system 0.11417532000632491
concluded in  9.424014182994142
Solving snapshot 0 30
36
time in solving system 4.028377829992678
time in solving system 0.1224643070017919
time in solving system 0.12254236100125127
concluded in  8.00018396700034
Solving snapshot 0 31
36
time in solving system 4.737894994003
time in solving system 0.18899477500235662
time in solving system 0.1237488289916655
concluded in  8.442659603999346
Solving snapshot 0 32
36
time in solving system 4.043537669000216
time in solving system 0.10806845600018278
time in solving system 0.1402513130014995
concluded in  7.799600204001763
Solving snapshot 0 33
36
time in solving system 4.327879211996333
time in solving system 0.16000058299687225
time in solving system 0.10598471100092866
concluded in  8.851777934993152
Solving snapshot 0 34
36
time in solving system 2.9817387650109595
time in solving system 0.18238919699797407
time in solving system 0.11749026499455795
concluded in  7.575315269990824
Solving snapshot 0 35
36
time in solving system 3.908893846994033
time in solving system 0.10520912300853524
time in solving system 0.11363907800114248
concluded in  7.870942831999855
Solving snapshot 0 36
36
time in solving system 3.925884586002212
time in solving system 0.1048751440102933
time in solving system 0.11333824601024389
concluded in  7.395783889995073
Solving snapshot 0 37
36
time in solving system 4.149340804011445
time in solving system 0.12486251299560536
time in solving system 0.10826116299722344
concluded in  8.62389452700154
Solving snapshot 0 38
36
time in solving system 3.549536556005478
time in solving system 0.10813037600019015
time in solving system 0.10247132199583575
concluded in  9.173038111999631
Solving snapshot 0 39
36
time in solving system 3.806012393004494
time in solving system 0.14667314500547945
time in solving system 0.11148446500010323
concluded in  8.786193348001689
Solving snapshot 0 40
36
time in solving system 4.430212393999682
time in solving system 0.10738397100067232
time in solving system 0.10806057800073177
concluded in  9.416173275007168
Solving snapshot 0 41
36
time in solving system 2.797153501989669
time in solving system 0.11423713900148869
time in solving system 0.11154481601261068
concluded in  7.9857662509894
Solving snapshot 0 42
36
time in solving system 4.200138231011806
time in solving system 0.10575498000252992
time in solving system 0.1030127510020975
concluded in  7.923931105993688
Solving snapshot 0 43
36
time in solving system 2.140815784994629
time in solving system 0.12204811901028734
time in solving system 0.10544275099528022
concluded in  6.7859822750033345
Solving snapshot 0 44
36
time in solving system 4.506205141005921
time in solving system 0.1697548119991552
time in solving system 0.3516099710104754
concluded in  9.01896261300135
Solving snapshot 0 45
36
time in solving system 3.0368188440043014
time in solving system 0.2371609260007972
time in solving system 0.24176825099857524
concluded in  7.218831773992861
Solving snapshot 0 46
36
time in solving system 2.8741221119998954
time in solving system 0.23165473999688402
time in solving system 0.1308172540011583
concluded in  7.541205097993952
Solving snapshot 0 47
36
time in solving system 4.175836121998145
time in solving system 0.10809144799713977
time in solving system 0.14215107000200078
concluded in  8.845834276013193
Solving snapshot 0 48
36
time in solving system 5.1832097900041845
time in solving system 0.12215127100353129
time in solving system 0.12241196200193372
concluded in  10.420933601999423
Solving snapshot 0 49
36
time in solving system 5.003526721993694
time in solving system 0.11661897700105328
time in solving system 0.10855148400878534
concluded in  9.596869870001683
Solving snapshot 0 50
36
time in solving system 3.2159482459974242
time in solving system 0.13758880099339876
time in solving system 0.12388242100132629
concluded in  7.62056117899192
Solving snapshot 0 51
36
time in solving system 2.9694342110014986
time in solving system 0.11646257700340357
time in solving system 0.12634385398996528
concluded in  7.4583391649939585
Solving snapshot 0 52
36
time in solving system 4.236895402005757
time in solving system 0.18859202599560376
time in solving system 0.24794032600766513
concluded in  8.400162019010168
Solving snapshot 0 53
36
time in solving system 5.351173564995406
time in solving system 0.2088807789987186
time in solving system 0.11644925399741624
concluded in  9.254991809997591
Solving snapshot 0 54
36
time in solving system 3.1307493670028634
time in solving system 0.23518775099364575
time in solving system 0.2394172539934516
concluded in  7.004941700011841
Solving snapshot 0 55
36
time in solving system 4.673234775997116
time in solving system 0.1667514499858953
time in solving system 0.10816399300529156
concluded in  8.06091352000658
Solving snapshot 0 56
36
time in solving system 4.245005069999024
time in solving system 0.23351053601072636
time in solving system 0.23760119501093868
concluded in  8.688589558994863
Solving snapshot 0 57
36
time in solving system 4.3646589380077785
time in solving system 0.22514396700717043
time in solving system 0.12766308299615048
concluded in  8.224766346000251
Solving snapshot 0 58
36
time in solving system 4.160510086992872
time in solving system 0.12388635700335726
time in solving system 0.1765563060034765
concluded in  8.03724876299384
Solving snapshot 0 59
36
time in solving system 3.832992811992881
time in solving system 0.13646340399282053
time in solving system 0.12473441600741353
concluded in  7.723937040005694
Solving snapshot 0 60
36
time in solving system 2.221738167005242
time in solving system 0.10888218300533481
time in solving system 0.11247403400193434
concluded in  6.201975199990557
Solving snapshot 0 61
36
time in solving system 4.173406051006168
time in solving system 0.20322633600153495
time in solving system 0.11648588099342305
concluded in  8.24858192699321
Solving snapshot 0 62
36
time in solving system 3.0136274300020887
time in solving system 0.16501694401085842
time in solving system 0.15372189499612432
concluded in  6.725629706998006
Solving snapshot 0 63
36
time in solving system 3.651989941005013
time in solving system 0.23112802501418628
time in solving system 0.26805067399982363
concluded in  7.59972380301042
Solving snapshot 0 64
36
time in solving system 4.268564166006399
time in solving system 0.1486113569990266
time in solving system 0.16868761599471327
concluded in  8.483764229007647
Solving snapshot 0 65
36
time in solving system 4.696951915990212
time in solving system 0.28498336298798677
time in solving system 0.23283880700182635
concluded in  8.964553331999923
Solving snapshot 0 66
36
time in solving system 3.6358116129995324
time in solving system 0.18838794498878997
time in solving system 0.11292873899219558
concluded in  7.550057910993928
Solving snapshot 0 67
36
time in solving system 4.28096498400555
time in solving system 0.20846890199754853
time in solving system 0.13163986800645944
concluded in  8.321211022994248
Solving snapshot 0 68
36
time in solving system 2.9574496159912087
time in solving system 0.24434496999310795
time in solving system 0.14975390999461524
concluded in  7.3592492589959875
Solving snapshot 0 69
36
time in solving system 2.470897678998881
time in solving system 0.15306042799784336
time in solving system 0.12668285900144838
concluded in  6.347333846992115
Solving snapshot 0 70
36
time in solving system 3.7595639760111226
time in solving system 0.11487287501222454
time in solving system 0.11008186999242753
concluded in  8.462188785008038
Solving snapshot 0 71
36
time in solving system 3.7202019579999615
time in solving system 0.10957168300228659
time in solving system 0.10411531900172122
concluded in  7.956638361007208
Solving snapshot 0 72
36
time in solving system 3.4786448280065088
time in solving system 0.11801082699093968
time in solving system 0.11275794298853725
concluded in  8.46269762799784
Solving snapshot 0 73
36
time in solving system 4.187130325997714
time in solving system 0.28864006999356207
time in solving system 0.10760476200084668
concluded in  8.989528983001946
Solving snapshot 0 74
36
time in solving system 4.673975630008499
time in solving system 0.11416618600196671
time in solving system 0.12052122299792245
concluded in  8.9963919169968
Solving snapshot 0 75
36
time in solving system 3.470436989009613
time in solving system 0.109212938012206
time in solving system 0.10186394800257403
concluded in  7.093123240993009
Solving snapshot 0 76
36
time in solving system 2.143827590989531
time in solving system 0.10527808500046376
time in solving system 0.10942445899127051
concluded in  7.2094196420075605
Solving snapshot 0 77
36
time in solving system 3.290037545011728
time in solving system 0.22160207100387197
time in solving system 0.2402397530095186
concluded in  8.880705859002774
Solving snapshot 0 78
36
time in solving system 2.966436809991137
time in solving system 0.23954075999790803
time in solving system 0.2549414980021538
concluded in  8.04043984299642
Solving snapshot 0 79
36
time in solving system 2.3156896010041237
time in solving system 0.12661189799837302
time in solving system 0.11762265500146896
concluded in  6.713535802991828
Solving snapshot 0 80
36
time in solving system 2.6845841409958666
time in solving system 0.1262198409967823
time in solving system 0.1238450849923538
concluded in  6.941492069003289
Solving snapshot 0 81
36
time in solving system 3.339710856002057
time in solving system 0.14461031099199317
time in solving system 0.15754847000062
concluded in  7.516591031002463
Solving snapshot 0 82
36
time in solving system 4.218722741003148
time in solving system 0.11469080799724907
time in solving system 0.11776385598932393
concluded in  9.801459056994645
Solving snapshot 0 83
36
time in solving system 4.312934169996879
time in solving system 0.10871227199095301
time in solving system 0.10827519500162452
concluded in  8.073587047998444
Solving snapshot 0 84
36
time in solving system 3.7990899149881443
time in solving system 0.17356501499307342
time in solving system 0.13764705600624438
concluded in  7.617674074994284
Solving snapshot 0 85
36
time in solving system 4.151879384997301
time in solving system 0.12685882099322043
time in solving system 0.12933398300083354
concluded in  7.736733892001212
Solving snapshot 0 86
36
time in solving system 3.1184192119981162
time in solving system 0.11648173800494988
time in solving system 0.1520280489930883
concluded in  6.922652873996412
Solving snapshot 0 87
36
time in solving system 3.33619098100462
time in solving system 0.11188614999991842
time in solving system 0.11574759299401194
concluded in  6.6195343359868275
Solving snapshot 0 88
36
time in solving system 3.99857181700645
time in solving system 0.11494106300233398
time in solving system 0.11152702200342901
concluded in  7.342875317990547
Solving snapshot 0 89
36
time in solving system 3.9437112000014167
time in solving system 0.11370611499296501
time in solving system 0.10717266499705147
concluded in  8.214357453995035
Solving snapshot 0 90
36
time in solving system 3.7254426300060004
time in solving system 0.1504029389907373
time in solving system 0.10610241499671247
concluded in  9.052139696010272
Solving snapshot 0 91
36
time in solving system 3.3902150640060427
time in solving system 0.10859688700293191
time in solving system 0.10786196700064465
concluded in  8.045831080002245
Solving snapshot 0 92
36
time in solving system 4.441318375989795
time in solving system 0.11744665099831764
time in solving system 0.10848317900672555
concluded in  8.979470443999162
Solving snapshot 0 93
36
time in solving system 4.474535793997347
time in solving system 0.10561457899166271
time in solving system 0.11551221400441136
concluded in  9.22849573098938
Solving snapshot 0 94
36
time in solving system 2.5497103570087347
time in solving system 0.10930935198848601
time in solving system 0.09605047000513878
concluded in  6.774118506000377
Solving snapshot 0 95
36
time in solving system 3.9583006850007223
time in solving system 0.10358895499666687
time in solving system 0.0972344530018745
concluded in  7.89192959900538
Solving snapshot 0 96
36
time in solving system 5.212045024993131
time in solving system 0.11265102399920579
time in solving system 0.10506680699472781
concluded in  8.963820283999667
Solving snapshot 0 97
36
time in solving system 3.869650590000674
time in solving system 0.22746542099048384
time in solving system 0.253934267006116
concluded in  8.184763138997369
Solving snapshot 0 98
36
time in solving system 2.6961512499983655
time in solving system 0.11190532699401956
time in solving system 0.11875970600522123
concluded in  6.9526009039982455
Solving snapshot 0 99
36
time in solving system 4.045405750992359
time in solving system 0.13747019199945498
time in solving system 0.26183916900481563
concluded in  8.241297051004949
Solving snapshot 0 100
36
time in solving system 3.973457343003247
time in solving system 0.23630492700613104
time in solving system 0.24369994598964695
concluded in  8.781785408995347
Solving snapshot 0 101
36
time in solving system 3.6462236899969866
time in solving system 0.11868295699241571
time in solving system 0.1370126359979622
concluded in  8.187040033997619
Solving snapshot 0 102
36
time in solving system 2.871541303000413
time in solving system 0.11398750900116283
time in solving system 0.1483367820037529
concluded in  7.508696575998329
Solving snapshot 0 103
36
time in solving system 2.894198983995011
time in solving system 0.1318860649917042
time in solving system 0.10710180600290187
concluded in  7.237357955003972
Solving snapshot 0 104
36
time in solving system 2.02695872199547
time in solving system 0.10740875199553557
time in solving system 0.10798066300048959
concluded in  7.478584201002377
Solving snapshot 0 105
36
time in solving system 2.849400307997712
time in solving system 0.11130985300405882
time in solving system 0.12504840800829697
concluded in  8.135471596993739
Solving snapshot 0 106
36
time in solving system 4.1084353610058315
time in solving system 0.23080667399335653
time in solving system 0.2639710169896716
concluded in  9.506664626998827
Solving snapshot 0 107
36
time in solving system 3.0788225599972066
time in solving system 0.1319490289897658
time in solving system 0.15262749000976328
concluded in  7.955758406009409
Solving snapshot 0 108
36
time in solving system 3.256552584003657
time in solving system 0.20485792100953404
time in solving system 0.17916569201042876
concluded in  8.327086182995117
Solving snapshot 0 109
36
time in solving system 4.17156045298907
time in solving system 0.12185101000068244
time in solving system 0.1262982440093765
concluded in  9.003979408997111
Solving snapshot 0 110
36
time in solving system 3.7068241640081396
time in solving system 0.11303458899783436
time in solving system 0.1391744669963373
concluded in  8.455754089009133
Solving snapshot 0 111
36
time in solving system 3.6229701999982353
time in solving system 0.11458629499247763
time in solving system 0.11408997299440671
concluded in  7.6182970740046585
Solving snapshot 0 112
36
time in solving system 4.423490925997612
time in solving system 0.11401129899604712
time in solving system 0.12412207400484476
concluded in  9.170572490998893
Solving snapshot 0 113
36
time in solving system 2.46382499099127
time in solving system 0.13312351101194508
time in solving system 0.10656266499427147
concluded in  7.62446253199596
Solving snapshot 0 114
36
time in solving system 2.0790800809918437
time in solving system 0.11167825800657738
time in solving system 0.11570677898998838
concluded in  7.78943651499867
Solving snapshot 0 115
36
time in solving system 2.2693597660108935
time in solving system 0.10768699100299273
time in solving system 0.10479297199344728
concluded in  7.789929436999955
Solving snapshot 0 116
36
time in solving system 2.076571466997848
time in solving system 0.10962962100165896
time in solving system 0.11412349400052335
concluded in  8.561987317996682
Solving snapshot 0 117
36
time in solving system 3.7399931559921242
time in solving system 0.10771506400487851
time in solving system 0.110016810009256
concluded in  8.0224012319959
Solving snapshot 0 118
36
time in solving system 4.730637234999449
time in solving system 0.10796735998883378
time in solving system 0.09875039799953811
concluded in  8.189138722009375
Solving snapshot 0 119
36
time in solving system 3.0336650219978765
time in solving system 0.14160801499383524
time in solving system 0.11450151000462938
concluded in  8.966000578002422
Solving snapshot 0 120
36
time in solving system 4.764174194991938
time in solving system 0.11385518401220907
time in solving system 0.10305903099651914
concluded in  8.808895054011373
Solving snapshot 0 121
36
time in solving system 4.704536945995642
time in solving system 0.10836168100649957
time in solving system 0.11803433499881066
concluded in  9.035657170999912
Solving snapshot 0 122
36
time in solving system 3.728351809011656
time in solving system 0.10987875699356664
time in solving system 0.10669000299822073
concluded in  9.740574135998031
Solving snapshot 0 123
36
time in solving system 3.1905916039977456
time in solving system 0.24097480899945367
time in solving system 0.23976160999154672
concluded in  9.582031102007022
Solving snapshot 0 124
36
time in solving system 2.5124124830035726
time in solving system 0.2368542109907139
time in solving system 0.23534313599520829
concluded in  7.362848133998341
Solving snapshot 0 125
36
time in solving system 3.148082378000254
time in solving system 0.20331701899704058
time in solving system 0.32104419099050574
concluded in  8.455181033001281
Solving snapshot 0 126
36
time in solving system 2.883115803997498
time in solving system 0.3567515009926865
time in solving system 0.30558738599938806
concluded in  7.5422684799996205
Solving snapshot 0 127
36
time in solving system 3.7500399999989895
time in solving system 0.24378015799447894
time in solving system 0.16882218098908197
concluded in  8.515833348996239
Solving snapshot 0 128
36
time in solving system 3.926001140003791
time in solving system 0.11308232699229848
time in solving system 0.14322405100392643
concluded in  8.21675363399845
Solving snapshot 0 129
36
time in solving system 3.1243275799934054
time in solving system 0.12640875299985055
time in solving system 0.11031155599630438
concluded in  7.382466837996617
Solving snapshot 0 130
36
time in solving system 3.270349244994577
time in solving system 0.2497532239940483
time in solving system 0.25534473700099625
concluded in  9.225742423994234
Solving snapshot 0 131
36
time in solving system 2.1058869780099485
time in solving system 0.11773817799985409
time in solving system 0.11978427399299107
concluded in  6.62029486100073
Solving snapshot 0 132
36
time in solving system 3.1086739620077424
time in solving system 0.23748787101067137
time in solving system 0.22129518500878476
concluded in  8.24450948399317
Solving snapshot 0 133
36
time in solving system 2.69483110299916
time in solving system 0.23928434899426065
time in solving system 0.23801217899017502
concluded in  7.423259167000651
Solving snapshot 0 134
36
time in solving system 3.924161199000082
time in solving system 0.3834056580089964
time in solving system 0.22690871800296009
concluded in  7.941237603998161
Solving snapshot 0 135
36
time in solving system 3.715099987006397
time in solving system 0.11096813699987251
time in solving system 0.11217468800896313
concluded in  8.369498430998647
Solving snapshot 0 136
36
time in solving system 3.834017399000004
time in solving system 0.24188492599932943
time in solving system 0.25915731299028266
concluded in  8.041818584999419
Solving snapshot 0 137
36
time in solving system 3.5667848599987337
time in solving system 0.2559960719954688
time in solving system 0.2333484560076613
concluded in  7.768699709995417
Solving snapshot 0 138
36
time in solving system 3.820478085996001
time in solving system 0.10866984100721311
time in solving system 0.10827652001171373
concluded in  7.4766974249941995
Solving snapshot 0 139
36
time in solving system 3.782953414003714
time in solving system 0.11112682601378765
time in solving system 0.13182001699169632
concluded in  9.464348970999708
Solving snapshot 0 140
36
time in solving system 3.6271149270032765
time in solving system 0.25371395399270114
time in solving system 0.1493464430095628
concluded in  8.514734352007508
Solving snapshot 0 141
36
time in solving system 3.2769527130003553
time in solving system 0.11674829399271403
time in solving system 0.12048323699855246
concluded in  8.042032018012833
Solving snapshot 0 142
36
time in solving system 4.465370003003045
time in solving system 0.154162204999011
time in solving system 0.23168784299923573
concluded in  8.858678091011825
Solving snapshot 0 143
36
time in solving system 2.8184269290068187
time in solving system 0.2390973559959093
time in solving system 0.2441126159974374
concluded in  7.08542665099958
Solving snapshot 0 144
36
time in solving system 3.49473160400521
time in solving system 0.22676183799922
time in solving system 0.21387135800614487
concluded in  7.471415188992978
Solving snapshot 0 145
36
time in solving system 4.552852859997074
time in solving system 0.11810007400345057
time in solving system 0.20306508700014092
concluded in  8.60355411999626
Solving snapshot 0 146
36
time in solving system 3.6277074750105385
time in solving system 0.2714114419941325
time in solving system 0.23951044600107707
concluded in  7.832663467997918
Solving snapshot 0 147
36
time in solving system 3.9474254719971213
time in solving system 0.11508936999598518
time in solving system 0.18805552400590386
concluded in  8.076925975998165
Solving snapshot 0 148
36
time in solving system 4.753961399997934
time in solving system 0.1319282740005292
time in solving system 0.16837260099418927
concluded in  8.606233993006754
Solving snapshot 0 149
36
time in solving system 4.517297548998613
time in solving system 0.11509080899122637
time in solving system 0.1726491379959043
concluded in  8.411753827007487
Solving snapshot 0 150
36
time in solving system 4.75962774999789
time in solving system 0.10880138099309988
time in solving system 0.10723897600837518
concluded in  8.543561615006183
Solving snapshot 0 151
36
time in solving system 4.823689226002898
time in solving system 0.13929428700066637
time in solving system 0.113032387002022
concluded in  8.115800701998523
Solving snapshot 0 152
36
time in solving system 4.390431537001859
time in solving system 0.12782386000617407
time in solving system 0.14523862799978815
concluded in  7.809836248998181
Solving snapshot 0 153
36
time in solving system 4.579433855993557
time in solving system 0.1280289830028778
time in solving system 0.18678881600499153
concluded in  8.347777711998788
Solving snapshot 0 154
36
time in solving system 4.002500413000234
time in solving system 0.13202825898770243
time in solving system 0.1556443839945132
concluded in  7.7128696410072735
Solving snapshot 0 155
36
time in solving system 4.682863754002028
time in solving system 0.11578294000355527
time in solving system 0.11248573299963027
concluded in  8.70198746600363
Solving snapshot 0 156
36
time in solving system 4.2732382389949635
time in solving system 0.11518523600534536
time in solving system 0.16970470899832435
concluded in  7.923295539992978
Solving snapshot 0 157
36
time in solving system 4.672378971998114
time in solving system 0.21074182499432936
time in solving system 0.15577154199127108
concluded in  8.514268693994381
Solving snapshot 0 158
36
time in solving system 5.138502365996828
time in solving system 0.11958400699950289
time in solving system 0.10863691799750086
concluded in  8.544266283992329
Solving snapshot 0 159
36
time in solving system 3.586568389000604
time in solving system 0.11443191498983651
time in solving system 0.10491119300422724
concluded in  7.457540789997438
Solving snapshot 0 160
36
time in solving system 4.699900181993144
time in solving system 0.16780612600268796
time in solving system 0.12260916600644123
concluded in  8.653187035000883
Solving snapshot 0 161
36
time in solving system 4.634236811005394
time in solving system 0.16088155999023002
time in solving system 0.11710156699700747
concluded in  8.081686859994079
Solving snapshot 0 162
36
time in solving system 4.402445993007859
time in solving system 0.11918978599715047
time in solving system 0.11123421898810193
concluded in  8.919292809994658
Solving snapshot 0 163
36
time in solving system 4.367814458993962
time in solving system 0.11062464700080454
time in solving system 0.14645498400204815
concluded in  7.997677423001733
Solving snapshot 0 164
36
time in solving system 4.515066463005496
time in solving system 0.11775482700613793
time in solving system 0.10975945000245702
concluded in  8.251465769004426
Solving snapshot 0 165
36
time in solving system 5.950855500006583
time in solving system 0.11395448401162867
time in solving system 0.10758847200486343
concluded in  9.465852930996334
Solving snapshot 0 166
36
time in solving system 3.9817085639951983
time in solving system 0.11085419300070498
time in solving system 0.10366239999711979
concluded in  9.456266125998809
Solving snapshot 0 167
36
time in solving system 3.5964553669909947
time in solving system 0.23450911599502433
time in solving system 0.2925307289988268
concluded in  8.544250302002183
Solving snapshot 0 168
36
time in solving system 2.858797313005198
time in solving system 0.17986488000315148
time in solving system 0.1642501890019048
concluded in  7.975208308998845
Solving snapshot 0 169
36
time in solving system 4.000307465001242
time in solving system 0.22799392198794521
time in solving system 0.31106237399217207
concluded in  8.397729479009286
Solving snapshot 0 170
36
time in solving system 3.501593116001459
time in solving system 0.3400895280065015
time in solving system 0.2311321949964622
concluded in  8.649080309987767
Solving snapshot 0 171
36
time in solving system 4.57943370299472
time in solving system 0.15250150400970597
time in solving system 0.10108551000303123
concluded in  9.649208182003349
Solving snapshot 0 172
36
time in solving system 4.536732868000399
time in solving system 0.11645581699849572
time in solving system 0.1105301860079635
concluded in  8.586312939005438
Solving snapshot 0 173
36
time in solving system 3.8192790519970004
time in solving system 0.24069224900449626
time in solving system 0.24696465898887254
concluded in  8.5264842530014
Solving snapshot 0 174
36
time in solving system 4.6237440510012675
time in solving system 0.11776753200683743
time in solving system 0.1129157480027061
concluded in  8.668101925999508
Solving snapshot 0 175
36
time in solving system 3.6093922189902514
time in solving system 0.2359391640056856
time in solving system 0.27773730299668387
concluded in  7.638759856999968
Solving snapshot 0 176
36
time in solving system 4.416402392002055
time in solving system 0.13774668800760992
time in solving system 0.11033040500478819
concluded in  8.265741655995953
Solving snapshot 0 177
36
time in solving system 3.3152655900048558
time in solving system 0.10604801400040742
time in solving system 0.18626731599215418
concluded in  7.560831148992293
Solving snapshot 0 178
36
time in solving system 4.0086197380005615
time in solving system 0.10427076499036048
time in solving system 0.10690560900548007
concluded in  7.684679823010811
Solving snapshot 0 179
36
time in solving system 6.3096624439931475
time in solving system 0.23940022599708755
time in solving system 0.11957836500369012
concluded in  12.51370250499167
Solving snapshot 0 180
36
time in solving system 2.6162736719998065
time in solving system 0.2199392530019395
time in solving system 0.2429186349909287
concluded in  7.432608189003076
Solving snapshot 0 181
36
time in solving system 4.173148181987926
time in solving system 0.1159196590015199
time in solving system 0.2066137640067609
concluded in  8.042802406998817
Solving snapshot 0 182
36
time in solving system 3.1556405250012176
time in solving system 0.11269738100236282
time in solving system 0.2006270910060266
concluded in  7.8233746430050815
Solving snapshot 0 183
36
time in solving system 2.3311409129964886
time in solving system 0.10662258299998939
time in solving system 0.12246628099819645
concluded in  6.7260571049991995
Solving snapshot 0 184
36
time in solving system 3.5662021080061095
time in solving system 0.11159476399188861
time in solving system 0.11247128299146425
concluded in  8.338364868992358
Solving snapshot 0 185
36
time in solving system 4.542135256997426
time in solving system 0.11591661900456529
time in solving system 0.14115671000035945
concluded in  9.273756645998219
Solving snapshot 0 186
36
time in solving system 4.165719815995544
time in solving system 0.15608601699932478
time in solving system 0.11134661400865298
concluded in  8.690392896998674
Solving snapshot 0 187
36
time in solving system 3.6522078870038968
time in solving system 0.11441508799907751
time in solving system 0.2081301240104949
concluded in  8.602798630003235
Solving snapshot 0 188
36
time in solving system 3.8555717379931593
time in solving system 0.12406816700240597
time in solving system 0.11327187799906824
concluded in  8.986189270988689
Solving snapshot 0 189
36
time in solving system 2.6741644509893376
time in solving system 0.10716618799779098
time in solving system 0.09289410299970768
concluded in  8.56463986900053
Solving snapshot 0 190
36
time in solving system 2.8598015579918865
time in solving system 0.1156571530009387
time in solving system 0.11601544699806254
concluded in  8.320957235991955
Solving snapshot 0 191
36
time in solving system 4.353900486006751
time in solving system 0.11729064899554942
time in solving system 0.1159298770071473
concluded in  9.404588923003757
Solving snapshot 0 192
36
time in solving system 3.0242726870055776
time in solving system 0.10593255401181523
time in solving system 0.11036046799563337
concluded in  7.528583635008545
Solving snapshot 0 193
36
time in solving system 2.8409023780113785
time in solving system 0.10928129000240006
time in solving system 0.1083099020033842
concluded in  7.497503528997186
Solving snapshot 0 194
36
time in solving system 4.271945150001557
time in solving system 0.11442420000093989
time in solving system 0.10624617399298586
concluded in  8.825079699992784
Solving snapshot 0 195
36
time in solving system 3.746302346989978
time in solving system 0.10804117799852975
time in solving system 0.10756211300031282
concluded in  8.48130287299864
Solving snapshot 0 196
36
time in solving system 1.866343029003474
time in solving system 0.09959943201101851
time in solving system 0.09100723000301514
concluded in  6.882586805004394
Solving snapshot 0 197
36
time in solving system 1.6222372600022936
time in solving system 0.10554219399637077
time in solving system 0.08573840800090693
concluded in  4.390831726996112
Solving snapshot 0 198
36
time in solving system 1.5202136610023445
time in solving system 0.09907607499917503
time in solving system 0.09012848700513132
concluded in  4.287802299004397
Solving snapshot 0 199
36
time in solving system 1.5090143709967379
time in solving system 0.09748818399384618
time in solving system 0.08941018501354847
concluded in  4.067415951998555
Solving snapshot 0 200
36
time in solving system 1.6110816810105462
time in solving system 0.09895530498761218
time in solving system 0.08922482699563261
concluded in  4.122696985999937
Solving snapshot 0 201
36
time in solving system 1.5021430019987747
time in solving system 0.09645916298904922
time in solving system 0.08893565300968476
concluded in  4.028294321993599
[]
Not completed: []
