Solving not completed simulation: 0-th chance
Solving snapshot 0 0
36
time in solving system 10.288882995999302
time in solving system 0.12716588899638737
time in solving system 0.24635733700415585
concluded in  14.26714537999942
Solving snapshot 0 1
36
time in solving system 8.419174909999128
time in solving system 0.34402646699891193
time in solving system 0.19057150399748934
concluded in  12.488979040004779
Solving snapshot 0 2
36
time in solving system 11.683809193993511
time in solving system 0.14251981800043723
time in solving system 0.116235345005407
concluded in  15.445401288001449
Solving snapshot 0 3
36
time in solving system 8.60449124599836
time in solving system 0.11972954300290439
time in solving system 0.11874936400272418
concluded in  16.31202034200396
Solving snapshot 0 4
36
time in solving system 6.078028218995314
time in solving system 0.2466698999996879
time in solving system 0.16427150500385324
concluded in  16.900198573996022
Solving snapshot 0 5
36
time in solving system 7.541622136996011
time in solving system 0.7689228629969875
time in solving system 1.127157996997994
concluded in  17.7957647430012
Solving snapshot 0 6
36
time in solving system 6.6068166159966495
time in solving system 0.555501198003185
time in solving system 0.4439506610069657
concluded in  11.416893810004694
Solving snapshot 0 7
36
time in solving system 7.967681770998752
time in solving system 0.2406966719936463
time in solving system 0.2897005650011124
concluded in  12.498405209000339
Solving snapshot 0 8
36
time in solving system 9.398172709996288
time in solving system 0.36517048600217095
time in solving system 0.26090084300085437
concluded in  14.041716345003806
Solving snapshot 0 9
36
time in solving system 9.171962768006779
time in solving system 0.12586907600052655
time in solving system 0.11997187499946449
concluded in  13.501153304998297
Solving snapshot 0 10
36
time in solving system 8.079983069001173
time in solving system 0.23087235999992117
time in solving system 0.24480614499771036
concluded in  13.951523629999429
Solving snapshot 0 11
36
time in solving system 5.958076998998877
time in solving system 0.22537673799524782
time in solving system 0.11238982899521943
concluded in  14.478702884996892
Solving snapshot 0 12
36
time in solving system 6.26204350599437
time in solving system 0.11589843800175004
time in solving system 0.11349918599444209
concluded in  14.874564295998425
Solving snapshot 0 13
36
time in solving system 7.116135151001799
time in solving system 0.2290204079981777
time in solving system 0.3615443230009987
concluded in  16.246295790995646
Solving snapshot 0 14
36
time in solving system 7.086532542001805
time in solving system 0.5507393160005449
time in solving system 0.47481672299909405
concluded in  14.650597658997867
Solving snapshot 0 15
36
time in solving system 7.132388110003376
time in solving system 0.4410346930017113
time in solving system 0.41601810400607064
concluded in  13.13803543800168
Solving snapshot 0 16
36
time in solving system 8.234612779997406
time in solving system 0.3875592480035266
time in solving system 0.2731349550012965
concluded in  13.733365658998082
Solving snapshot 0 17
36
time in solving system 7.894765279997955
time in solving system 0.44022526600019773
time in solving system 0.3764931639962015
concluded in  12.611860896999133
Solving snapshot 0 18
36
time in solving system 7.144851666002069
time in solving system 0.40064921299926937
time in solving system 0.33259597600408597
concluded in  12.03086789399822
Solving snapshot 0 19
36
time in solving system 7.837967838997429
time in solving system 0.2573727180060814
time in solving system 0.22954024100181414
concluded in  14.570421171003545
Solving snapshot 0 20
36
time in solving system 9.849969872993825
time in solving system 0.14783134800381958
time in solving system 0.1325846210020245
concluded in  13.986035772002651
Solving snapshot 0 21
36
time in solving system 9.65238952999789
time in solving system 0.14025602900073864
time in solving system 0.11937983299867483
concluded in  16.099177469994174
Solving snapshot 0 22
36
time in solving system 6.2401495480007725
time in solving system 0.15238641000178177
time in solving system 0.25579034599650186
concluded in  16.245274088003498
Solving snapshot 0 23
36
time in solving system 7.4699608759983676
time in solving system 0.6302244990001782
time in solving system 0.6295077290051267
concluded in  14.025101786995947
Solving snapshot 0 24
36
time in solving system 5.8845455710034
time in solving system 0.649487192997185
time in solving system 0.5446227920037927
concluded in  10.733248320997518
Solving snapshot 0 25
36
time in solving system 6.543941140000243
time in solving system 0.49543231000279775
time in solving system 0.2083223219960928
concluded in  11.246412956003041
Solving snapshot 0 26
36
time in solving system 6.71138621699356
time in solving system 0.3382253160016262
time in solving system 0.20742177899956005
concluded in  13.038084801999503
Solving snapshot 0 27
36
time in solving system 7.292668313995819
time in solving system 0.3870915600055014
time in solving system 0.38792394099436933
concluded in  12.187725788004173
Solving snapshot 0 28
36
time in solving system 6.651434396000695
time in solving system 0.29547176900086924
time in solving system 0.28266448600334115
concluded in  10.713654538005358
Solving snapshot 0 29
36
time in solving system 6.582442325998272
time in solving system 0.12214023200067459
time in solving system 0.14880664999509463
concluded in  10.451411136993556
Solving snapshot 0 30
36
time in solving system 6.394886125002813
time in solving system 0.23160251400258858
time in solving system 0.2557748730032472
concluded in  10.652405122003984
Solving snapshot 0 31
36
time in solving system 5.684908473005635
time in solving system 0.4282989630009979
time in solving system 0.23015619999932824
concluded in  10.763050857000053
Solving snapshot 0 32
36
time in solving system 6.544931034004549
time in solving system 0.13549072399473516
time in solving system 0.20634000899735838
concluded in  12.011026626001694
Solving snapshot 0 33
36
time in solving system 6.583755122999719
time in solving system 0.1259337220035377
time in solving system 0.20769453200045973
concluded in  12.74771218100068
Solving snapshot 0 34
36
time in solving system 6.49184726599924
time in solving system 0.1870199330005562
time in solving system 0.21125432400003774
concluded in  13.118759655000758
Solving snapshot 0 35
36
time in solving system 6.291877992996888
time in solving system 0.12645765500201378
time in solving system 0.12653844399756053
concluded in  12.81219593300193
Solving snapshot 0 36
36
time in solving system 7.349261149000085
time in solving system 0.1898630569994566
time in solving system 0.1743988169982913
concluded in  13.71573446399998
Solving snapshot 0 37
36
time in solving system 8.240449378994526
time in solving system 0.13901372400141554
time in solving system 0.1165485079982318
concluded in  14.890916905998893
Solving snapshot 0 38
36
time in solving system 6.572345792003034
time in solving system 0.12914246899890713
time in solving system 0.1260119049984496
concluded in  12.799621940001089
Solving snapshot 0 39
36
time in solving system 7.1191580279992195
time in solving system 0.11503596600232413
time in solving system 0.10964382399833994
concluded in  12.409732168001938
Solving snapshot 0 40
36
time in solving system 5.969885155005613
time in solving system 0.11088829400250688
time in solving system 0.11376296199887292
concluded in  13.307334441997227
Solving snapshot 0 41
36
time in solving system 6.866671798998141
time in solving system 0.10745022600167431
time in solving system 0.11648310399323236
concluded in  15.913574594000238
Solving snapshot 0 42
36
time in solving system 8.020588196006429
time in solving system 0.616795469999488
time in solving system 0.6103449799993541
concluded in  15.666103351002675
Solving snapshot 0 43
36
time in solving system 6.372943292000855
time in solving system 0.36841803599963896
time in solving system 0.3707656679980573
concluded in  11.918155317995115
Solving snapshot 0 44
36
time in solving system 6.702450162003515
time in solving system 0.3189089630031958
time in solving system 0.1810150480014272
concluded in  12.440712262003217
Solving snapshot 0 45
36
time in solving system 8.009115884000494
time in solving system 0.2032196459986153
time in solving system 0.13104716799716698
concluded in  14.031796420000319
Solving snapshot 0 46
36
time in solving system 8.054501763996086
time in solving system 0.26593914499972016
time in solving system 0.1484860429991386
concluded in  11.710478893997788
Solving snapshot 0 47
36
time in solving system 8.950083691001055
time in solving system 0.14789876999566332
time in solving system 0.18102421900402987
concluded in  12.461283814001945
Solving snapshot 0 48
36
time in solving system 9.455029534998175
time in solving system 0.1275752729998203
time in solving system 0.12802126099995803
concluded in  13.17268655099906
Solving snapshot 0 49
36
time in solving system 5.75800863099721
time in solving system 0.14629660100035835
time in solving system 0.10747953899408458
concluded in  12.185633660999883
Solving snapshot 0 50
36
time in solving system 4.787997334002284
time in solving system 0.11334063499816693
time in solving system 0.11084782700345386
concluded in  12.279757299998892
Solving snapshot 0 51
36
time in solving system 4.652332243000274
time in solving system 0.12010289099998772
time in solving system 0.10508462200232316
concluded in  13.068046080996282
Solving snapshot 0 52
36
time in solving system 8.34707586299919
time in solving system 0.13959035799780395
time in solving system 0.10839137300354196
concluded in  16.743169124994893
Solving snapshot 0 53
36
time in solving system 7.500206682998396
time in solving system 0.6553603250067681
time in solving system 0.8075197099969955
concluded in  16.082781977995182
Solving snapshot 0 54
36
time in solving system 6.235885217000032
time in solving system 0.3771316030033631
time in solving system 0.38759627800027374
concluded in  10.914696492996882
Solving snapshot 0 55
36
time in solving system 6.211365478004154
time in solving system 0.33477059400320286
time in solving system 0.2428183820011327
concluded in  11.509071057000256
Solving snapshot 0 56
36
time in solving system 8.722642975000781
time in solving system 0.2414924980039359
time in solving system 0.23906647200055886
concluded in  16.112719336000737
Solving snapshot 0 57
36
time in solving system 7.515697943003033
time in solving system 0.2979484380048234
time in solving system 0.2955515200010268
concluded in  11.978266014994006
Solving snapshot 0 58
36
time in solving system 8.670577848002722
time in solving system 0.26393212899711216
time in solving system 0.23841597000136971
concluded in  14.828860446999897
Solving snapshot 0 59
36
time in solving system 8.327693904000625
time in solving system 0.35242718299559783
time in solving system 0.4039743670000462
concluded in  18.479212730002473
Solving snapshot 0 60
36
time in solving system 6.578997341996001
time in solving system 0.293512299998838
time in solving system 0.13088393000361975
concluded in  13.090738746002899
Solving snapshot 0 61
36
time in solving system 4.789457740000216
time in solving system 0.4404416809993563
time in solving system 0.4117094680041191
concluded in  11.476015694002854
Solving snapshot 0 62
36
time in solving system 6.309226082994428
time in solving system 0.2737183270000969
time in solving system 0.255287321000651
concluded in  12.553732360996946
Solving snapshot 0 63
36
time in solving system 5.679789116002212
time in solving system 0.26325962700502714
time in solving system 0.221895469003357
concluded in  10.56762916399748
Solving snapshot 0 64
36
time in solving system 5.694624351002858
time in solving system 0.2945935140014626
time in solving system 0.3730385320013738
concluded in  11.960880376995192
Solving snapshot 0 65
36
time in solving system 4.501648448000196
time in solving system 0.3879374509997433
time in solving system 0.34188178300246364
concluded in  10.34295994599961
Solving snapshot 0 66
36
time in solving system 6.58351486200263
time in solving system 0.11320815599901835
time in solving system 0.14425598199886736
concluded in  12.773922726999444
Solving snapshot 0 67
36
time in solving system 6.337195160005649
time in solving system 0.2620892909981194
time in solving system 0.2471544840009301
concluded in  13.964862565997464
Solving snapshot 0 68
36
time in solving system 7.50917592800397
time in solving system 0.25938436800061027
time in solving system 0.4121409059953294
concluded in  15.047509213000012
Solving snapshot 0 69
36
time in solving system 4.53032012499898
time in solving system 0.274588936001237
time in solving system 0.2784284269946511
concluded in  10.231387362997339
Solving snapshot 0 70
36
time in solving system 3.734545219995198
time in solving system 0.11050355400220724
time in solving system 0.1799846779977088
concluded in  8.942207831001724
Solving snapshot 0 71
36
time in solving system 6.54992740599846
time in solving system 0.25188888200500514
time in solving system 0.27452954000182217
concluded in  14.616767796993372
Solving snapshot 0 72
36
time in solving system 6.007985395001015
time in solving system 0.13021299600222846
time in solving system 0.12474136799573898
concluded in  14.087289411996608
Solving snapshot 0 73
36
time in solving system 6.953471808999893
time in solving system 0.11413567999989027
time in solving system 0.11919582699920284
concluded in  13.555284581001615
Solving snapshot 0 74
36
time in solving system 6.042678960999183
time in solving system 0.14059028399788076
time in solving system 0.13456298500386765
concluded in  14.122211793997849
Solving snapshot 0 75
36
time in solving system 5.336333362996811
time in solving system 0.11772425399976783
time in solving system 0.13011119099974167
concluded in  12.763357174997509
Solving snapshot 0 76
36
time in solving system 5.690651338001771
time in solving system 0.23421990699716844
time in solving system 0.2575961010006722
concluded in  13.365581054000359
Solving snapshot 0 77
36
time in solving system 6.514360813001986
time in solving system 0.23257666500285268
time in solving system 0.15778052499808837
concluded in  14.433444615999178
Solving snapshot 0 78
36
time in solving system 5.314543927001068
time in solving system 0.13629566099552903
time in solving system 0.13250463199801743
concluded in  12.989685966997058
Solving snapshot 0 79
36
time in solving system 5.927653206999821
time in solving system 0.2439522790009505
time in solving system 0.12146516799839446
concluded in  13.081467183001223
Solving snapshot 0 80
36
time in solving system 6.773134030998335
time in solving system 0.16137704299762845
time in solving system 0.17233426900202176
concluded in  13.722774472997116
Solving snapshot 0 81
36
time in solving system 6.9227274030054105
time in solving system 0.19026833400130272
time in solving system 0.11345766000158619
concluded in  14.466150034997554
Solving snapshot 0 82
36
time in solving system 6.959955963000539
time in solving system 0.16849672600073973
time in solving system 0.20895626400306355
concluded in  14.885774286995002
Solving snapshot 0 83
36
time in solving system 6.217593003995717
time in solving system 0.14525344900175696
time in solving system 0.1486438720021397
concluded in  14.316118032002123
Solving snapshot 0 84
36
time in solving system 6.074904681001499
time in solving system 0.15374575500027277
time in solving system 0.1287379380009952
concluded in  13.535826223000186
Solving snapshot 0 85
36
time in solving system 5.145167301001493
time in solving system 0.34709915299754357
time in solving system 0.23508857999695465
concluded in  13.44542075899517
Solving snapshot 0 86
36
time in solving system 6.63758232100372
time in solving system 0.2520916389985359
time in solving system 0.2644241819944
concluded in  14.995675215999654
Solving snapshot 0 87
36
time in solving system 5.424595087002672
time in solving system 0.43219351999869104
time in solving system 0.3827281289995881
concluded in  13.45443269899988
Solving snapshot 0 88
36
time in solving system 6.478671035001753
time in solving system 0.41219866299798014
time in solving system 0.20097693300340325
concluded in  14.379723881997052
Solving snapshot 0 89
36
time in solving system 6.94678417200339
time in solving system 0.1413567769996007
time in solving system 0.13164870499895187
concluded in  14.004845301999012
Solving snapshot 0 90
36
time in solving system 6.167992820002837
time in solving system 0.17895237600168912
time in solving system 0.12834789299813565
concluded in  13.315329592995113
Solving snapshot 0 91
36
time in solving system 5.983901137005887
time in solving system 0.25982495000062045
time in solving system 0.16201826500036987
concluded in  14.157761283000582
Solving snapshot 0 92
36
time in solving system 6.414648592006415
time in solving system 0.12984619999770075
time in solving system 0.17246723599964753
concluded in  14.379768421997142
Solving snapshot 0 93
36
time in solving system 6.882270506997884
time in solving system 0.17361940199771198
time in solving system 0.23768012799700955
concluded in  14.248080729004869
Solving snapshot 0 94
36
time in solving system 6.07241798099858
time in solving system 0.155183520000719
time in solving system 0.11397969399695285
concluded in  12.265533883000899
Solving snapshot 0 95
36
time in solving system 5.710210177996487
time in solving system 0.2838917289991514
time in solving system 0.24508904499816708
concluded in  13.509693571002572
Solving snapshot 0 96
36
time in solving system 6.699005346999911
time in solving system 0.11901866699918173
time in solving system 0.11664451900287531
concluded in  13.586236832001305
Solving snapshot 0 97
36
time in solving system 6.086347887998272
time in solving system 0.12446120000095107
time in solving system 0.11703563800256234
concluded in  13.261307861001114
Solving snapshot 0 98
36
time in solving system 5.120321477996185
time in solving system 0.4046900169996661
time in solving system 0.25685911400069017
concluded in  13.336821701996087
Solving snapshot 0 99
36
time in solving system 6.7592623209930025
time in solving system 0.1176152740008547
time in solving system 0.2699222040027962
concluded in  14.974318257998675
Solving snapshot 0 100
36
time in solving system 5.5724589899982675
time in solving system 0.23499464599444764
time in solving system 0.24310032499488443
concluded in  13.400581185000192
Solving snapshot 0 101
36
time in solving system 6.322993460002181
time in solving system 0.16435385899967514
time in solving system 0.19329924599878723
concluded in  13.95729224099341
Solving snapshot 0 102
36
time in solving system 6.4203532459941925
time in solving system 0.17477109099854715
time in solving system 0.19388050799898338
concluded in  14.174836679994769
Solving snapshot 0 103
36
time in solving system 5.9695117919982295
time in solving system 0.17483470200386364
time in solving system 0.12807764000172028
concluded in  13.86716439799784
Solving snapshot 0 104
36
time in solving system 6.064968894999765
time in solving system 0.22391021799558075
time in solving system 0.17648276000545593
concluded in  13.38174538900057
Solving snapshot 0 105
36
time in solving system 5.345809773003566
time in solving system 0.3317145059991162
time in solving system 0.25036866500158794
concluded in  12.857347668999864
Solving snapshot 0 106
36
time in solving system 5.376719393003441
time in solving system 0.23422426600154722
time in solving system 0.1561175250026281
concluded in  13.055015849000483
Solving snapshot 0 107
36
time in solving system 5.950573973997962
time in solving system 0.29917712400492746
time in solving system 0.17162607900536386
concluded in  14.072487684999942
Solving snapshot 0 108
36
time in solving system 5.000078024000686
time in solving system 0.20016428800590802
time in solving system 0.2588477169992984
concluded in  12.783202881000761
Solving snapshot 0 109
36
time in solving system 4.701866554001754
time in solving system 0.31633974100259366
time in solving system 0.25607479400059674
concluded in  12.27713048300211
Solving snapshot 0 110
36
time in solving system 6.667443715996342
time in solving system 0.27266508100001374
time in solving system 0.17526240399456583
concluded in  14.285490555994329
Solving snapshot 0 111
36
time in solving system 6.235085712003638
time in solving system 0.23577553599898238
time in solving system 0.1988564569983282
concluded in  13.805583079003554
Solving snapshot 0 112
36
time in solving system 4.499681023997255
time in solving system 0.2708045250037685
time in solving system 0.39733382599661127
concluded in  12.167896631006442
Solving snapshot 0 113
36
time in solving system 5.626472436997574
time in solving system 0.12158064499817556
time in solving system 0.12618358100007754
concluded in  12.738122744005523
Solving snapshot 0 114
36
time in solving system 6.808936219997122
time in solving system 0.24089365899999393
time in solving system 0.1759025900028064
concluded in  14.140414882000186
Solving snapshot 0 115
36
time in solving system 6.355554226000095
time in solving system 0.27027101900603157
time in solving system 0.2434565490038949
concluded in  12.914717204002955
Solving snapshot 0 116
36
time in solving system 8.802925840995158
time in solving system 0.1721845909996773
time in solving system 0.15162923599564238
concluded in  14.742892335998476
Solving snapshot 0 117
36
time in solving system 7.810041776996513
time in solving system 0.32395130400254857
time in solving system 0.2516853909983183
concluded in  13.140150466002524
Solving snapshot 0 118
36
time in solving system 7.86063470299996
time in solving system 0.35728499900142197
time in solving system 0.35660323099727975
concluded in  13.707521279000503
Solving snapshot 0 119
36
time in solving system 6.235038177001115
time in solving system 0.11879692100046668
time in solving system 0.11766760300088208
concluded in  11.922933761001332
Solving snapshot 0 120
36
time in solving system 7.1263454309955705
time in solving system 0.20308492699405178
time in solving system 0.38279583000257844
concluded in  11.649727292002353
Solving snapshot 0 121
36
time in solving system 8.161940484002116
time in solving system 0.2811139789992012
time in solving system 0.38590586299687857
concluded in  13.145527982000203
Solving snapshot 0 122
36
time in solving system 8.017377486998157
time in solving system 0.343660833001195
time in solving system 0.3045829650000087
concluded in  12.167131941998377
Solving snapshot 0 123
36
time in solving system 6.989387034998799
time in solving system 0.21817792899673805
time in solving system 0.20970171200315235
concluded in  11.85157893900032
Solving snapshot 0 124
36
time in solving system 6.833869753005274
time in solving system 0.338096694998967
time in solving system 0.24484486900473712
concluded in  11.943340491001436
Solving snapshot 0 125
36
time in solving system 6.2002502090035705
time in solving system 0.31897784100146964
time in solving system 0.3454524830012815
concluded in  11.748131909000222
Solving snapshot 0 126
36
time in solving system 5.032756527994934
time in solving system 0.11401799000304891
time in solving system 0.2440006090037059
concluded in  11.192414092001854
Solving snapshot 0 127
36
time in solving system 6.095062013999268
time in solving system 0.2942859370014048
time in solving system 0.2709454919968266
concluded in  11.245712606003508
Solving snapshot 0 128
36
time in solving system 5.213822158002586
time in solving system 0.5426278009981615
time in solving system 0.24420276299497345
concluded in  11.052631908001786
Solving snapshot 0 129
36
time in solving system 6.270972564998374
time in solving system 0.11936868199700257
time in solving system 0.11889534000511048
concluded in  13.100579530000687
Solving snapshot 0 130
36
time in solving system 7.868748113003676
time in solving system 0.1957229309991817
time in solving system 0.1515736810033559
concluded in  13.986170693999156
Solving snapshot 0 131
36
time in solving system 5.927740382998309
time in solving system 0.4199485459976131
time in solving system 0.42353446999914013
concluded in  11.55362436100404
Solving snapshot 0 132
36
time in solving system 6.178017420999822
time in solving system 0.470867714000633
time in solving system 0.3848902679965249
concluded in  11.811243322001246
Solving snapshot 0 133
36
time in solving system 7.081063803998404
time in solving system 0.42060960899834754
time in solving system 0.4157541430031415
concluded in  12.489495339999849
Solving snapshot 0 134
36
time in solving system 6.979344150997349
time in solving system 0.14450603499426506
time in solving system 0.11472507900180062
concluded in  13.455726017004054
Solving snapshot 0 135
36
time in solving system 8.66805505600496
time in solving system 0.3146022700020694
time in solving system 0.34868812399508897
concluded in  13.23596019300021
Solving snapshot 0 136
36
time in solving system 8.136202564994164
time in solving system 0.29359816999931354
time in solving system 0.3360282729991013
concluded in  12.335710842999106
Solving snapshot 0 137
36
time in solving system 7.397387899000023
time in solving system 0.3116878380023991
time in solving system 0.2904370079995715
concluded in  11.70407998200244
Solving snapshot 0 138
36
time in solving system 7.964217232998635
time in solving system 0.1298436369979754
time in solving system 0.12156102299923077
concluded in  12.22013509500539
Solving snapshot 0 139
36
time in solving system 9.214046989000053
time in solving system 0.22767015900171828
time in solving system 0.2413836129999254
concluded in  17.234776656994654
Solving snapshot 0 140
36
time in solving system 7.7160732920019655
time in solving system 0.11802240399993025
time in solving system 0.11421558599977288
concluded in  16.636561933999474
Solving snapshot 0 141
36
time in solving system 7.5406817229959415
time in solving system 0.5082911150020664
time in solving system 0.559223648000625
concluded in  16.035959521999757
Solving snapshot 0 142
36
time in solving system 6.872007914003916
time in solving system 0.3867368310020538
time in solving system 0.38612481900054263
concluded in  12.696009933002642
Solving snapshot 0 143
36
time in solving system 7.394853269994201
time in solving system 0.31720788999518845
time in solving system 0.362275668005168
concluded in  12.843339355000353
Solving snapshot 0 144
36
time in solving system 6.445143199998711
time in solving system 0.19499932599865133
time in solving system 0.2483973850030452
concluded in  13.043604901002254
Solving snapshot 0 145
36
time in solving system 7.8491376750025665
time in solving system 0.30193680599768413
time in solving system 0.33157930499874055
concluded in  12.276664487995731
Solving snapshot 0 146
36
time in solving system 8.426265932001115
time in solving system 0.15425911200145492
time in solving system 0.2829014119997737
concluded in  13.232196013996145
Solving snapshot 0 147
36
time in solving system 7.376864712998213
time in solving system 0.17869868499838049
time in solving system 0.1990031320019625
concluded in  11.45217923799646
Solving snapshot 0 148
36
time in solving system 6.867172655001923
time in solving system 0.16649358199356357
time in solving system 0.17317664499569219
concluded in  12.538892912998563
Solving snapshot 0 149
36
time in solving system 7.4854363780032145
time in solving system 0.3728197110031033
time in solving system 0.29687436500535114
concluded in  12.664759458006301
Solving snapshot 0 150
36
time in solving system 6.591374563002319
time in solving system 0.4635338690059143
time in solving system 0.37486968300072476
concluded in  10.73084994799865
Solving snapshot 0 151
36
time in solving system 7.796774144000665
time in solving system 0.27393907400255557
time in solving system 0.31579982699622633
concluded in  11.922581086997525
Solving snapshot 0 152
36
time in solving system 7.328351340001973
time in solving system 0.23887532300432213
time in solving system 0.2852988099984941
concluded in  11.243059988999448
Solving snapshot 0 153
36
time in solving system 6.869326790001651
time in solving system 0.29280875400581863
time in solving system 0.1811851669990574
concluded in  11.616280082998856
Solving snapshot 0 154
36
time in solving system 7.685353816996212
time in solving system 0.2849762530022417
time in solving system 0.14263630699861096
concluded in  13.870593405998079
Solving snapshot 0 155
36
time in solving system 8.282474594001542
time in solving system 0.16961580800125375
time in solving system 0.2595131819980452
concluded in  12.383979127000202
Solving snapshot 0 156
36
time in solving system 7.394041491999815
time in solving system 0.2544483319943538
time in solving system 0.2957367859999067
concluded in  11.23052022500633
Solving snapshot 0 157
36
time in solving system 6.9811052630029735
time in solving system 0.41015772100217873
time in solving system 0.5162514330004342
concluded in  11.308403907001775
Solving snapshot 0 158
36
time in solving system 6.752382517996011
time in solving system 0.4887410950032063
time in solving system 0.26274630799889565
concluded in  10.972575358995527
Solving snapshot 0 159
36
time in solving system 5.820559767002123
time in solving system 0.7821248499967624
time in solving system 0.4810025120023056
concluded in  10.938742836005986
Solving snapshot 0 160
36
time in solving system 6.489596655999776
time in solving system 0.3582622959947912
time in solving system 0.3621950619999552
concluded in  10.95819875899906
Solving snapshot 0 161
36
time in solving system 6.859164711000631
time in solving system 0.3343937890022062
time in solving system 0.24444171799405012
concluded in  10.802076132997172
Solving snapshot 0 162
36
time in solving system 6.3262905110022984
time in solving system 0.3612764780045836
time in solving system 0.4372826249964419
concluded in  10.872023092000745
Solving snapshot 0 163
36
time in solving system 6.904158762001316
time in solving system 0.4650161850004224
time in solving system 0.3817009029953624
concluded in  11.90420765199815
Solving snapshot 0 164
36
time in solving system 6.560654231005174
time in solving system 0.5441674870016868
time in solving system 0.19242806999682216
concluded in  13.380343181997887
Solving snapshot 0 165
36
time in solving system 6.520201687999361
time in solving system 0.25489127799664857
time in solving system 0.21492074599518673
concluded in  10.155806661998213
Solving snapshot 0 166
36
time in solving system 7.6852923660044326
time in solving system 0.3240117620007368
time in solving system 0.2449108580040047
concluded in  13.263854834993253
Solving snapshot 0 167
36
time in solving system 7.332481473997177
time in solving system 0.11912818400014658
time in solving system 0.2634032729984028
concluded in  13.090622042000177
Solving snapshot 0 168
36
time in solving system 7.435912754001038
time in solving system 0.445368458997109
time in solving system 0.25342238700250164
concluded in  11.782381292003265
Solving snapshot 0 169
36
time in solving system 6.476182759004587
time in solving system 0.13675847600097768
time in solving system 0.2696690969969495
concluded in  10.94576625499758
Solving snapshot 0 170
36
time in solving system 6.780089241001406
time in solving system 0.4087963279962423
time in solving system 0.16958727200108115
concluded in  11.443612076000136
Solving snapshot 0 171
36
time in solving system 6.711615429005178
time in solving system 0.3043528350026463
time in solving system 0.22670502500113798
concluded in  12.079142601003696
Solving snapshot 0 172
36
time in solving system 7.301065547995677
time in solving system 0.4427910800004611
time in solving system 0.3631260670008487
concluded in  12.515372936002677
Solving snapshot 0 173
36
time in solving system 7.350853680996806
time in solving system 0.2458116269990569
time in solving system 0.41164395800296916
concluded in  12.232692994999525
Solving snapshot 0 174
36
time in solving system 6.9822162550044595
time in solving system 0.4443559080027626
time in solving system 0.4321085129995481
concluded in  11.53087370999856
Solving snapshot 0 175
36
time in solving system 6.4762532630047644
time in solving system 0.3740494680023403
time in solving system 0.2528893449998577
concluded in  10.318682742996316
Solving snapshot 0 176
36
time in solving system 7.837946920000832
time in solving system 0.23711462399660377
time in solving system 0.396753446002549
concluded in  12.216518050998275
Solving snapshot 0 177
36
time in solving system 6.644792418999714
time in solving system 0.21394921900355257
time in solving system 0.15341015600279206
concluded in  11.680340729995805
Solving snapshot 0 178
36
time in solving system 7.173798064999573
time in solving system 0.4093974529969273
time in solving system 0.3096097439993173
concluded in  13.298800053999003
Solving snapshot 0 179
36
time in solving system 6.517748721998942
time in solving system 0.3457878539993544
time in solving system 0.3104353050002828
concluded in  10.849835111002903
Solving snapshot 0 180
36
time in solving system 6.56742827600101
time in solving system 0.3987704169994686
time in solving system 0.4224898610045784
concluded in  11.888127534999512
Solving snapshot 0 181
36
time in solving system 6.587226589996135
time in solving system 0.43348124300246127
time in solving system 0.2779699390011956
concluded in  12.907579439000983
Solving snapshot 0 182
36
time in solving system 7.051596341996628
time in solving system 0.28228879800008144
time in solving system 0.3319838110037381
concluded in  11.130627753998851
Solving snapshot 0 183
36
time in solving system 5.846762560999196
time in solving system 0.4689388199985842
time in solving system 0.37690252999891527
concluded in  10.409797821004759
Solving snapshot 0 184
36
time in solving system 7.4899722860063775
time in solving system 0.34367931300221244
time in solving system 0.3230281180003658
concluded in  13.613532961004239
Solving snapshot 0 185
36
time in solving system 6.696185574000992
time in solving system 0.3938845740049146
time in solving system 0.4538363350002328
concluded in  13.086001678995672
Solving snapshot 0 186
36
time in solving system 5.988702877002652
time in solving system 0.5170242699969094
time in solving system 0.509488486997725
concluded in  11.025172983994707
Solving snapshot 0 187
36
time in solving system 6.236783633001323
time in solving system 0.505932086998655
time in solving system 0.41119605299900286
concluded in  10.806429914999171
Solving snapshot 0 188
36
time in solving system 6.225870403999579
time in solving system 0.2973817300007795
time in solving system 0.2654040480047115
concluded in  10.868100296997
Solving snapshot 0 189
36
time in solving system 5.745568721002201
time in solving system 0.5623195450025378
time in solving system 0.40279956800077343
concluded in  10.963113769001211
Solving snapshot 0 190
36
time in solving system 5.872422375003225
time in solving system 0.27608221200353
time in solving system 0.24983980799879646
concluded in  10.115825901004428
Solving snapshot 0 191
36
time in solving system 6.314240461993904
time in solving system 0.1672629379972932
time in solving system 0.251103114002035
concluded in  12.124296882997442
Solving snapshot 0 192
36
time in solving system 6.939781045002746
time in solving system 0.24651330999768106
time in solving system 0.23510267399979057
concluded in  13.818008420006663
Solving snapshot 0 193
36
time in solving system 6.374984444002621
time in solving system 0.2924373209971236
time in solving system 0.28424854799959576
concluded in  14.018567686005554
Solving snapshot 0 194
36
time in solving system 5.6453326839982765
time in solving system 0.2650575090010534
time in solving system 0.3102215840044664
concluded in  12.006556437001564
Solving snapshot 0 195
36
time in solving system 7.652282585004286
time in solving system 0.13584134000120685
time in solving system 0.14927997299673734
concluded in  14.851304052004707
Solving snapshot 0 196
36
time in solving system 6.83292389500275
time in solving system 0.16168909399857512
time in solving system 0.19017628599976888
concluded in  13.868778957003087
Solving snapshot 0 197
36
time in solving system 8.185688022997056
time in solving system 0.11971257100231014
time in solving system 0.11561559300025692
concluded in  15.597356289996242
Solving snapshot 0 198
36
time in solving system 7.344202505999419
time in solving system 0.12826048599526985
time in solving system 0.24086521899880609
concluded in  16.198390083998675
Solving snapshot 0 199
36
time in solving system 7.092892264998227
time in solving system 0.4351550529972883
time in solving system 0.5431329280036152
concluded in  16.346199489002174
Solving snapshot 0 200
36
time in solving system 6.099056642000505
time in solving system 0.5452039309966494
time in solving system 0.4490314010035945
concluded in  13.267208247998497
Solving snapshot 0 201
36
time in solving system 5.905208522999601
time in solving system 0.20368903999769827
time in solving system 0.11336459199810633
concluded in  12.82891920900147
Solving snapshot 0 202
36
time in solving system 7.266341693000868
time in solving system 0.16387314200255787
time in solving system 0.2646880109969061
concluded in  14.087430217005021
Solving snapshot 0 203
36
time in solving system 5.200099597997905
time in solving system 0.45467892500164453
time in solving system 0.2725786710070679
concluded in  11.83867896800075
Solving snapshot 0 204
36
time in solving system 6.573678866996488
time in solving system 0.24400998600322055
time in solving system 0.25156609099940397
concluded in  13.07476931400015
Solving snapshot 0 205
36
time in solving system 7.154163724000682
time in solving system 0.27800894399842946
time in solving system 0.23646285299764713
concluded in  13.153792010998586
Solving snapshot 0 206
36
time in solving system 7.560067869002523
time in solving system 0.16221942399715772
time in solving system 0.16427973299869336
concluded in  13.178919988000416
Solving snapshot 0 207
36
time in solving system 7.484435651997046
time in solving system 0.12200473499979125
time in solving system 0.178516056999797
concluded in  13.031189914996503
Solving snapshot 0 208
36
time in solving system 7.037597125003231
time in solving system 0.1509738879976794
time in solving system 0.2009956250039977
concluded in  13.075931643004878
Solving snapshot 0 209
36
time in solving system 8.028968655999051
time in solving system 0.35954493500321405
time in solving system 0.2943138150003506
concluded in  13.60522345899517
Solving snapshot 0 210
36
time in solving system 9.38076172300498
time in solving system 0.15786093399947276
time in solving system 0.11070805999770528
concluded in  15.22275278899906
Solving snapshot 0 211
36
time in solving system 6.688059077998332
time in solving system 0.12047749000339536
time in solving system 0.11588036000466673
concluded in  15.316321088001132
Solving snapshot 0 212
36
time in solving system 6.69898173299589
time in solving system 0.24739929899806157
time in solving system 0.23463980900123715
concluded in  17.4707596119988
Solving snapshot 0 213
36
time in solving system 6.817515768998419
time in solving system 0.4121386520055239
time in solving system 0.49148844499723054
concluded in  14.257119089001208
Solving snapshot 0 214
36
time in solving system 6.787222664999717
time in solving system 0.1827400280017173
time in solving system 0.20137291499850107
concluded in  12.512782486002834
Solving snapshot 0 215
36
time in solving system 7.03758204299811
time in solving system 0.13526296299824025
time in solving system 0.13193755500105908
concluded in  11.448039206996327
Solving snapshot 0 216
36
time in solving system 7.125630242000625
time in solving system 0.17213729800278088
time in solving system 0.28918591600086074
concluded in  14.105993970995769
Solving snapshot 0 217
36
time in solving system 6.536009226998431
time in solving system 0.23050063099799445
time in solving system 0.1298496570016141
concluded in  13.919452091002313
Solving snapshot 0 218
36
time in solving system 6.780404889999772
time in solving system 0.19906304799951613
time in solving system 0.28575540499878116
concluded in  13.861302592995344
Solving snapshot 0 219
36
time in solving system 7.7105317050009035
time in solving system 0.2550894550004159
time in solving system 0.2417139489989495
concluded in  12.409320089995163
Solving snapshot 0 220
36
time in solving system 8.381573244994797
time in solving system 0.28842296000220813
time in solving system 0.22271645400178386
concluded in  12.859480416002043
Solving snapshot 0 221
36
time in solving system 7.880517953002709
time in solving system 0.3127420870005153
time in solving system 0.35642124799778685
concluded in  11.969581605997519
Solving snapshot 0 222
36
time in solving system 8.154962571003125
time in solving system 0.12753007499850355
time in solving system 0.18342153099365532
concluded in  11.837096796996775
Solving snapshot 0 223
36
time in solving system 8.140039798003272
time in solving system 0.16193337599543156
time in solving system 0.11721889600448776
concluded in  11.691021507998812
Solving snapshot 0 224
36
time in solving system 10.409530270000687
time in solving system 0.24610686800588155
time in solving system 0.24973480599874165
concluded in  17.242007355998794
Solving snapshot 0 225
36
time in solving system 7.573755186000199
time in solving system 0.2478017710018321
time in solving system 0.28308853400085354
concluded in  16.638832274999004
Solving snapshot 0 226
36
time in solving system 6.174501276000228
time in solving system 0.39193085299484665
time in solving system 0.39722920100030024
concluded in  12.22590902599768
Solving snapshot 0 227
36
time in solving system 6.205712681003206
time in solving system 0.27983386800042354
time in solving system 0.264653972000815
concluded in  12.230114598998625
Solving snapshot 0 228
36
time in solving system 5.292865679002716
time in solving system 0.356558841005608
time in solving system 0.3758557809997001
concluded in  10.823463550004817
Solving snapshot 0 229
36
time in solving system 6.01184046400158
time in solving system 0.343094897994888
time in solving system 0.2501217569952132
concluded in  13.105226874999062
Solving snapshot 0 230
36
time in solving system 4.986453182995319
time in solving system 0.24670869300462073
time in solving system 0.23988478899991605
concluded in  11.226150608999887
Solving snapshot 0 231
36
time in solving system 5.882500834995881
time in solving system 0.37629137899784837
time in solving system 0.2664900830059196
concluded in  13.78815958499763
Solving snapshot 0 232
36
time in solving system 6.498542487002851
time in solving system 0.1160717390011996
time in solving system 0.17783995500212768
concluded in  13.886430538004788
Solving snapshot 0 233
36
time in solving system 7.962174380998476
time in solving system 0.23555152399785584
time in solving system 0.12348155099607538
concluded in  15.724048307005432
Solving snapshot 0 234
36
time in solving system 6.589907317000325
time in solving system 0.2116381240048213
time in solving system 0.1344310350032174
concluded in  14.583851896000851
Solving snapshot 0 235
36
time in solving system 6.408063525996113
time in solving system 0.2942354209953919
time in solving system 0.24697650299640372
concluded in  14.144191434999811
Solving snapshot 0 236
36
time in solving system 5.236361041999771
time in solving system 0.41915698500088183
time in solving system 0.40151917500043055
concluded in  12.091066184002557
Solving snapshot 0 237
36
time in solving system 7.047716449000291
time in solving system 0.24394686199957505
time in solving system 0.23389725200104294
concluded in  14.837235769002291
Solving snapshot 0 238
36
time in solving system 7.037036861998786
time in solving system 0.20044966400018893
time in solving system 0.14830753600108437
concluded in  14.080017321000923
Solving snapshot 0 239
36
time in solving system 6.916471381999145
time in solving system 0.33346567300031893
time in solving system 0.27159171200037235
concluded in  14.36764957599371
Solving snapshot 0 240
36
time in solving system 6.406903563001833
time in solving system 0.27541942300013034
time in solving system 0.2745683210014249
concluded in  12.208223346002342
Solving snapshot 0 241
36
time in solving system 6.907415436995507
time in solving system 0.22834776400122792
time in solving system 0.2329456170045887
concluded in  12.177678041996842
Solving snapshot 0 242
36
time in solving system 5.72204273200623
time in solving system 0.2354869749979116
time in solving system 0.23054163200140465
concluded in  11.366079840001476
Solving snapshot 0 243
36
time in solving system 5.805110711000452
time in solving system 0.24556728500465397
time in solving system 0.2244797439998365
concluded in  11.073620213996037
Solving snapshot 0 244
36
time in solving system 7.48023174899572
time in solving system 0.41330832300445763
time in solving system 0.36565957400307525
concluded in  14.284567902999697
Solving snapshot 0 245
36
time in solving system 6.193165896998835
time in solving system 0.22860989400214748
time in solving system 0.24858482400304638
concluded in  12.319233763002558
Solving snapshot 0 246
36
time in solving system 5.770511771996098
time in solving system 0.4507416900014505
time in solving system 0.2729238140018424
concluded in  13.010086996997416
Solving snapshot 0 247
36
time in solving system 6.0691976150046685
time in solving system 0.13232555500144372
time in solving system 0.15934482800366823
concluded in  13.755384613999922
Solving snapshot 0 248
36
time in solving system 5.907470514001034
time in solving system 0.15420808400085662
time in solving system 0.14304198200261453
concluded in  12.966714123998827
Solving snapshot 0 249
36
time in solving system 5.990858108998509
time in solving system 0.11319204199389787
time in solving system 0.11688874100218527
concluded in  12.535537744995963
Solving snapshot 0 250
36
time in solving system 4.233263618996716
time in solving system 0.41064726799959317
time in solving system 0.41165376600110903
concluded in  11.836847116996069
Solving snapshot 0 251
36
time in solving system 6.413496251996548
time in solving system 0.17428830199787626
time in solving system 0.2613035949980258
concluded in  14.200296297000023
Solving snapshot 0 252
36
time in solving system 6.529843784002878
time in solving system 0.19289642800140427
time in solving system 0.12080992299888749
concluded in  14.321976428997004
Solving snapshot 0 253
36
time in solving system 6.25830547100486
time in solving system 0.2626974120066734
time in solving system 0.152415636999649
concluded in  14.155854932003422
Solving snapshot 0 254
36
time in solving system 5.174729794998711
time in solving system 0.22148303099675104
time in solving system 0.1269094649978797
concluded in  12.624568135004665
Solving snapshot 0 255
36
time in solving system 5.90099321299931
time in solving system 0.11510716599877924
time in solving system 0.19083669100655243
concluded in  12.934702667997044
Solving snapshot 0 256
36
time in solving system 6.793287787004374
time in solving system 0.11063841199938906
time in solving system 0.11525418399833143
concluded in  14.24613702300121
Solving snapshot 0 257
36
time in solving system 5.6880935939989286
time in solving system 0.15442170500318753
time in solving system 0.25080451300163986
concluded in  12.967582769000728
Solving snapshot 0 258
36
time in solving system 7.843235818996618
time in solving system 0.11665142799756723
time in solving system 0.12169990799884545
concluded in  13.695556193997618
Solving snapshot 0 259
36
time in solving system 8.678329630005464
time in solving system 0.12573949299985543
time in solving system 0.1790401410034974
concluded in  14.010379860003013
Solving snapshot 0 260
36
time in solving system 7.8580236330017215
time in solving system 0.14572617799422005
time in solving system 0.12374802799604367
concluded in  13.451142632999108
Solving snapshot 0 261
36
time in solving system 7.371183723997092
time in solving system 0.13990694800304482
time in solving system 0.12386480900022434
concluded in  12.367759419998038
Solving snapshot 0 262
36
time in solving system 7.668504428002052
time in solving system 0.44557562199770473
time in solving system 0.35048754300078144
concluded in  11.888729981001234
Solving snapshot 0 263
36
time in solving system 6.848346108999976
time in solving system 0.4646388629989815
time in solving system 0.4353637019958114
concluded in  11.27732054500666
Solving snapshot 0 264
36
time in solving system 6.816648086998612
time in solving system 0.4992958720031311
time in solving system 0.4089291350028361
concluded in  13.116669338000065
Solving snapshot 0 265
36
time in solving system 8.30041837200406
time in solving system 0.3804441600004793
time in solving system 0.3384528579990729
concluded in  14.371617345997947
Solving snapshot 0 266
36
time in solving system 7.40740738700697
time in solving system 0.19493645899638068
time in solving system 0.2760333999976865
concluded in  11.39685438000015
Solving snapshot 0 267
36
time in solving system 7.7958342249985435
time in solving system 0.24033365699870046
time in solving system 0.22231735399691388
concluded in  12.491932582001027
Solving snapshot 0 268
36
time in solving system 9.005436565996206
time in solving system 0.1565605619980488
time in solving system 0.1321004030032782
concluded in  14.580643407003663
Solving snapshot 0 269
36
time in solving system 8.004487840000365
time in solving system 0.12442395299876807
time in solving system 0.12393168199923821
concluded in  12.576274099999864
Solving snapshot 0 270
36
time in solving system 7.978045807998569
time in solving system 0.22459810000145808
time in solving system 0.13560399300331483
concluded in  12.294248817001062
Solving snapshot 0 271
36
time in solving system 7.633317555999383
time in solving system 0.2608556029954343
time in solving system 0.2826848490003613
concluded in  11.401417421999213
Solving snapshot 0 272
36
time in solving system 7.52257633300178
time in solving system 0.2308077459965716
time in solving system 0.22347238599468255
concluded in  12.027119506994495
Solving snapshot 0 273
36
time in solving system 8.271369301997765
time in solving system 0.23232333100168034
time in solving system 0.17726472399954218
concluded in  13.011640397999145
Solving snapshot 0 274
36
time in solving system 10.511157632005052
time in solving system 0.1086754470015876
time in solving system 0.10843929700058652
concluded in  16.45768397500069
Solving snapshot 0 275
36
time in solving system 5.423596597000142
time in solving system 0.13310669299971778
time in solving system 0.11536194699874613
concluded in  15.005584452999756
Solving snapshot 0 276
36
time in solving system 7.743780115000845
time in solving system 0.11719420400186209
time in solving system 0.11308591000124579
concluded in  16.925468262001232
Solving snapshot 0 277
36
time in solving system 7.322401611003443
time in solving system 0.47217114600061905
time in solving system 0.48180895800032886
concluded in  15.186314726001001
Solving snapshot 0 278
36
time in solving system 6.186179206000816
time in solving system 0.4012477560027037
time in solving system 0.43745817599847214
concluded in  11.997201346996007
Solving snapshot 0 279
36
time in solving system 7.600873675997718
time in solving system 0.373427022001124
time in solving system 0.2667680219965405
concluded in  13.741877258995373
Solving snapshot 0 280
36
time in solving system 6.319376028004626
time in solving system 0.4272106909993454
time in solving system 0.4300804390004487
concluded in  12.191807618000894
Solving snapshot 0 281
36
time in solving system 7.546983216001536
time in solving system 0.28648350200091954
time in solving system 0.1832416480028769
concluded in  14.54595869199693
Solving snapshot 0 282
36
time in solving system 7.274447985000734
time in solving system 0.2641436319972854
time in solving system 0.28637773899390595
concluded in  11.837353515002178
Solving snapshot 0 283
36
time in solving system 7.753601369004173
time in solving system 0.24114274999737972
time in solving system 0.25868865799566265
concluded in  13.224131771996326
Solving snapshot 0 284
36
time in solving system 6.060205663001398
time in solving system 0.11637681200227235
time in solving system 0.1132090920000337
concluded in  13.211015667002357
Solving snapshot 0 285
36
time in solving system 7.244764847004262
time in solving system 0.11490378700545989
time in solving system 0.112981630001741
concluded in  14.159129257001041
Solving snapshot 0 286
36
time in solving system 8.244922458005021
time in solving system 0.11634379799943417
time in solving system 0.11778070800210116
concluded in  18.673534546003793
Solving snapshot 0 287
36
time in solving system 6.696207708999282
time in solving system 0.3748230880009942
time in solving system 0.38584021200222196
concluded in  17.206094098000904
Solving snapshot 0 288
36
time in solving system 5.492759244996705
time in solving system 0.6217878430034034
time in solving system 0.16646255399973597
concluded in  11.482183490996249
Solving snapshot 0 289
36
time in solving system 7.107812163994822
time in solving system 0.6494775070023024
time in solving system 0.5966852670026128
concluded in  12.442675537000468
Solving snapshot 0 290
36
time in solving system 6.275526484998409
time in solving system 0.3829032700014068
time in solving system 1.172687735001091
concluded in  12.326056222998886
Solving snapshot 0 291
36
time in solving system 6.857231522997608
time in solving system 0.37852320299862185
time in solving system 0.3007256740020239
concluded in  11.801586338995548
Solving snapshot 0 292
36
time in solving system 5.585598074001609
time in solving system 0.5101037720014574
time in solving system 0.3363903339995886
concluded in  10.271736531001807
Solving snapshot 0 293
36
time in solving system 6.419392611998774
time in solving system 0.40507845600222936
time in solving system 0.4003676119973534
concluded in  11.30054169199866
Solving snapshot 0 294
36
time in solving system 4.4338548479936435
time in solving system 0.2476864359996398
time in solving system 0.2419835780019639
concluded in  8.227460582995263
Solving snapshot 0 295
36
time in solving system 4.180912129995704
time in solving system 0.3751297969938605
time in solving system 0.4663053139956901
concluded in  8.772231369999645
Solving snapshot 0 296
36
time in solving system 1.9760737279939349
time in solving system 0.12835083099344047
time in solving system 0.17516952100413619
concluded in  5.5352407329992275
Solving snapshot 0 297
36
time in solving system 3.9529101439984515
time in solving system 0.2621917409996968
time in solving system 0.23816280499886489
concluded in  9.660418357998424
Solving snapshot 0 298
36
time in solving system 3.1826045959969633
time in solving system 0.14045388299564365
time in solving system 0.12053753800137201
concluded in  7.849667793998378
Solving snapshot 0 299
36
time in solving system 2.6460264719935367
time in solving system 0.11304530900088139
time in solving system 0.10366368100221734
concluded in  7.447064785003022
[]
Not completed: []
