Solving not completed simulation: 0-th chance
Solving snapshot 0 0
36
time in solving system 3.2648046969998177
time in solving system 0.16166789199996856
time in solving system 0.14299092599958385
concluded in  7.790984310000567
Solving snapshot 0 1
36
time in solving system 2.9303057699999044
time in solving system 0.14380429699940578
time in solving system 0.15199507499983156
concluded in  7.470315864999975
Solving snapshot 0 2
36
time in solving system 2.928726658999949
time in solving system 0.17867974500040873
time in solving system 0.1638894910001909
concluded in  7.739178933999938
Solving snapshot 0 3
36
time in solving system 2.5140524899998127
time in solving system 0.2158817409999756
time in solving system 0.14605336699969484
concluded in  7.09953436700016
Solving snapshot 0 4
36
time in solving system 2.472177757999816
time in solving system 0.2238685490001444
time in solving system 0.15111829600027704
concluded in  7.151880114999585
Solving snapshot 0 5
36
time in solving system 2.192558233999989
time in solving system 0.19422532199951092
time in solving system 0.16024014399954467
concluded in  6.776822404000086
Solving snapshot 0 6
36
time in solving system 2.2324095610001677
time in solving system 0.1497207479997087
time in solving system 0.16329651300020487
concluded in  6.836531201000071
Solving snapshot 0 7
36
time in solving system 2.058703943999717
time in solving system 0.11609960699934163
time in solving system 0.11110980699959327
concluded in  6.42995049900037
Solving snapshot 0 8
36
time in solving system 2.268957675999445
time in solving system 0.12622685299993464
time in solving system 0.12261846399997012
concluded in  7.0131224090000615
Solving snapshot 0 9
36
time in solving system 2.168810006000058
time in solving system 0.12496233699948789
time in solving system 0.12600826499965478
concluded in  7.449977178000154
Solving snapshot 0 10
36
time in solving system 2.1749647690003258
time in solving system 0.1470074429998931
time in solving system 0.16347515800043766
concluded in  7.598322040000312
Solving snapshot 0 11
36
time in solving system 2.3325623860000633
time in solving system 0.14004570500037516
time in solving system 0.12212843899942527
concluded in  7.185414651999963
Solving snapshot 0 12
36
time in solving system 2.2271087760000228
time in solving system 0.12342624700067972
time in solving system 0.11692741400020168
concluded in  6.987623596000049
Solving snapshot 0 13
36
time in solving system 2.3479857270003777
time in solving system 0.1400704380002935
time in solving system 0.11458796299939422
concluded in  7.333589569000651
Solving snapshot 0 14
36
time in solving system 2.223415761999604
time in solving system 0.1264188329996614
time in solving system 0.12558374699983688
concluded in  7.6444737980000355
Solving snapshot 0 15
36
time in solving system 2.223892031000105
time in solving system 0.12526247400001012
time in solving system 0.1164521649998278
concluded in  7.124164690999351
Solving snapshot 0 16
36
time in solving system 2.4054371270003685
time in solving system 0.14495269100007135
time in solving system 0.11901965899960487
concluded in  7.585186743999657
Solving snapshot 0 17
36
time in solving system 2.3846123769999394
time in solving system 0.14214437200007524
time in solving system 0.14283106200036855
concluded in  7.649343404999854
Solving snapshot 0 18
36
time in solving system 2.227987915000085
time in solving system 0.12248821799948928
time in solving system 0.11638732299979893
concluded in  7.091349774000264
Solving snapshot 0 19
36
time in solving system 2.408692912999868
time in solving system 0.151470634999896
time in solving system 0.13706681200073945
concluded in  7.77907885500008
Solving snapshot 0 20
36
time in solving system 2.4430398879994755
time in solving system 0.1556346900006247
time in solving system 0.13884931699976732
concluded in  7.755817338999805
Solving snapshot 0 21
36
time in solving system 2.467679739000232
time in solving system 0.15910929999972723
time in solving system 0.19793271200069285
concluded in  7.701676682000652
Solving snapshot 0 22
36
time in solving system 2.8938199450003594
time in solving system 0.16435377900052117
time in solving system 0.1651251350003804
concluded in  8.268821372000275
Solving snapshot 0 23
36
time in solving system 2.7870446929991886
time in solving system 0.21913376200063794
time in solving system 0.19178674300019338
concluded in  7.758353189000445
Solving snapshot 0 24
36
time in solving system 2.6693423369997618
time in solving system 0.17796825600089505
time in solving system 0.18521506099932594
concluded in  7.952993000999413
Solving snapshot 0 25
36
time in solving system 3.2363488669998333
time in solving system 0.13035599199974968
time in solving system 0.25287558699892543
concluded in  8.594416142001137
Solving snapshot 0 26
36
time in solving system 3.1858830499986652
time in solving system 0.12825013300061983
time in solving system 0.11642233800012036
concluded in  8.282993589000398
Solving snapshot 0 27
36
time in solving system 3.2024892770004953
time in solving system 0.13534697099930781
time in solving system 0.16097034000085841
concluded in  8.329049721000047
Solving snapshot 0 28
36
time in solving system 2.7384183220001432
time in solving system 0.13763700799972867
time in solving system 0.11549587199988309
concluded in  7.566829469998993
Solving snapshot 0 29
36
time in solving system 3.0730049240009976
time in solving system 0.12033718599923304
time in solving system 0.11555457599934016
concluded in  7.874803795999469
Solving snapshot 0 30
36
time in solving system 2.881548080000357
time in solving system 0.12515170400001807
time in solving system 0.20048931800010905
concluded in  7.848962184998527
Solving snapshot 0 31
36
time in solving system 2.9076406120002503
time in solving system 0.1225589410005341
time in solving system 0.2071038789999875
concluded in  7.944112056000449
Solving snapshot 0 32
36
time in solving system 2.754288764001103
time in solving system 0.11936433499977284
time in solving system 0.14315423100015323
concluded in  7.8401603550009895
Solving snapshot 0 33
36
time in solving system 2.742041050998523
time in solving system 0.19047196000065014
time in solving system 0.16299780499866756
concluded in  7.735901635000118
Solving snapshot 0 34
36
time in solving system 2.638492607000444
time in solving system 0.19073839299926476
time in solving system 0.15556633800042619
concluded in  7.899526769999284
Solving snapshot 0 35
36
time in solving system 2.712745676999475
time in solving system 0.13766633199884382
time in solving system 0.13045348599916906
concluded in  7.409229626000524
Solving snapshot 0 36
36
time in solving system 3.10400880799898
time in solving system 0.11955616600062058
time in solving system 0.11376965100134839
concluded in  7.996555189998617
Solving snapshot 0 37
36
time in solving system 2.8836651679994247
time in solving system 0.12012963800043508
time in solving system 0.11544895200131577
concluded in  7.833207341000161
Solving snapshot 0 38
36
time in solving system 2.807211379000364
time in solving system 0.20930029400005878
time in solving system 0.11336336800013669
concluded in  7.736699133000002
Solving snapshot 0 39
36
time in solving system 2.9612498299993604
time in solving system 0.1269696910003404
time in solving system 0.21290006999879552
concluded in  7.695427822000056
Solving snapshot 0 40
36
time in solving system 3.1032660599994415
time in solving system 0.15361787900110357
time in solving system 0.22170469200136722
concluded in  8.361095389998809
Solving snapshot 0 41
36
time in solving system 3.2325777280002512
time in solving system 0.20671257199865067
time in solving system 0.11834741299935558
concluded in  8.120450840999183
Solving snapshot 0 42
36
time in solving system 3.1839941649996035
time in solving system 0.12816892699993332
time in solving system 0.12297043399848917
concluded in  7.8629372699997475
Solving snapshot 0 43
36
time in solving system 2.9961423329987156
time in solving system 0.1738007160001871
time in solving system 0.14710256500075047
concluded in  8.135718579998866
Solving snapshot 0 44
36
time in solving system 3.259775548000107
time in solving system 0.20194189799985907
time in solving system 0.23360575700098707
concluded in  8.140056443000503
Solving snapshot 0 45
36
time in solving system 2.9423434439995617
time in solving system 0.15913659000034386
time in solving system 0.18985739999880025
concluded in  8.048790320999615
Solving snapshot 0 46
36
time in solving system 3.1098833729993203
time in solving system 0.1302583920005418
time in solving system 0.12560406899865484
concluded in  8.175441309000234
Solving snapshot 0 47
36
time in solving system 3.1713489860012487
time in solving system 0.15428915899974527
time in solving system 0.1274896640006773
concluded in  7.903966273999686
Solving snapshot 0 48
36
time in solving system 2.7253599369996664
time in solving system 0.19746095500158845
time in solving system 0.1932026170015888
concluded in  7.5472614520003845
Solving snapshot 0 49
36
time in solving system 2.9728351070007193
time in solving system 0.17047992200059525
time in solving system 0.20554403499954788
concluded in  8.142778574998374
Solving snapshot 0 50
36
time in solving system 2.784686519000388
time in solving system 0.24243806000049517
time in solving system 0.18807322900102008
concluded in  7.821376660000169
Solving snapshot 0 51
36
time in solving system 3.077703602000838
time in solving system 0.2032840230003785
time in solving system 0.2053893850006716
concluded in  8.316934489999767
Solving snapshot 0 52
36
time in solving system 3.0270937909990607
time in solving system 0.17000843599998916
time in solving system 0.14066514300066046
concluded in  8.113934826000332
Solving snapshot 0 53
36
time in solving system 2.965945650001231
time in solving system 0.16164420700079063
time in solving system 0.1320725699988543
concluded in  7.707916987999852
Solving snapshot 0 54
36
time in solving system 2.792241847999321
time in solving system 0.2473355759993865
time in solving system 0.16937433800012514
concluded in  7.854619347999687
Solving snapshot 0 55
36
time in solving system 2.790924069000539
time in solving system 0.15374251400135108
time in solving system 0.157458839001265
concluded in  8.075170083999183
Solving snapshot 0 56
36
time in solving system 3.2761206409995793
time in solving system 0.1746488219996536
time in solving system 0.2189884819999861
concluded in  9.122333536999577
Solving snapshot 0 57
36
time in solving system 3.591073513000083
time in solving system 0.20264746300017578
time in solving system 0.16731266100032371
concluded in  8.763749470999755
Solving snapshot 0 58
36
time in solving system 4.0852225919989
time in solving system 0.24602760400011903
time in solving system 0.23256476000096882
concluded in  9.217407813999671
Solving snapshot 0 59
36
time in solving system 4.020841532999839
time in solving system 0.14439165399926424
time in solving system 0.12278283900013776
concluded in  9.436748001000524
Solving snapshot 0 60
36
time in solving system 3.879038168999614
time in solving system 0.2295524330002081
time in solving system 0.17348366099940904
concluded in  9.211737323001216
Solving snapshot 0 61
36
time in solving system 4.055657748000158
time in solving system 0.15811959900020156
time in solving system 0.3059193459994276
concluded in  9.913814654999442
Solving snapshot 0 62
36
time in solving system 4.388560716999564
time in solving system 0.1970202659995266
time in solving system 0.2139704500004882
concluded in  10.13399063900033
Solving snapshot 0 63
36
time in solving system 4.565317484999468
time in solving system 0.30759261200000765
time in solving system 0.19549188399832929
concluded in  10.421980795999843
Solving snapshot 0 64
36
time in solving system 4.872833624998748
time in solving system 0.2605184809999628
time in solving system 0.1523806169989257
concluded in  10.362454497999352
Solving snapshot 0 65
36
time in solving system 4.103915481999138
time in solving system 0.2257798009995895
time in solving system 0.21359530099834956
concluded in  9.253441199000008
Solving snapshot 0 66
36
time in solving system 4.010367770000812
time in solving system 0.16187945599995146
time in solving system 0.15017130900014308
concluded in  9.866311073999896
Solving snapshot 0 67
36
time in solving system 3.5711110399988684
time in solving system 0.23120415700032027
time in solving system 0.3299971349988482
concluded in  9.39753025400023
Solving snapshot 0 68
36
time in solving system 3.9223188079995452
time in solving system 0.2653338399995846
time in solving system 0.17130415799874754
concluded in  9.461301813998944
Solving snapshot 0 69
36
time in solving system 3.449063975000172
time in solving system 0.14699226499942597
time in solving system 0.20132793800075888
concluded in  8.609045119001166
Solving snapshot 0 70
36
time in solving system 4.177392596999198
time in solving system 0.16090929200072424
time in solving system 0.23009630200067477
concluded in  9.271503990999918
Solving snapshot 0 71
36
time in solving system 3.7757294530001673
time in solving system 0.24094708300071943
time in solving system 0.25175215099989146
concluded in  8.86905115800073
Solving snapshot 0 72
36
time in solving system 3.6880283570008032
time in solving system 0.258820327999274
time in solving system 0.20928057200035255
concluded in  8.940629081000225
Solving snapshot 0 73
36
time in solving system 3.846564355000737
time in solving system 0.2554516260006494
time in solving system 0.2251411070010363
concluded in  9.334333273000084
Solving snapshot 0 74
36
time in solving system 4.182951185999627
time in solving system 0.2390171660008491
time in solving system 0.17068274399935035
concluded in  9.865343059000224
Solving snapshot 0 75
36
time in solving system 4.4388564639994
time in solving system 0.21968372599985742
time in solving system 0.25635293500090484
concluded in  9.84745281799951
Solving snapshot 0 76
36
time in solving system 4.068921744999898
time in solving system 0.1976657070008514
time in solving system 0.29260549299942795
concluded in  9.590224612000384
Solving snapshot 0 77
36
time in solving system 3.6459450160000415
time in solving system 0.16580774400063092
time in solving system 0.2501085950007109
concluded in  8.80279841599986
Solving snapshot 0 78
36
time in solving system 4.794716800999595
time in solving system 0.195142405000297
time in solving system 0.12371401400014292
concluded in  10.671614536000561
Solving snapshot 0 79
36
time in solving system 3.6996220459986944
time in solving system 0.14225433300089207
time in solving system 0.21837840999978653
concluded in  9.941805291000492
Solving snapshot 0 80
36
time in solving system 3.7512762709993694
time in solving system 0.1914260320008907
time in solving system 0.21973580999838305
concluded in  9.477760874000523
Solving snapshot 0 81
36
time in solving system 4.513123459000781
time in solving system 0.2449463229986577
time in solving system 0.3180415560000256
concluded in  10.14865871999973
Solving snapshot 0 82
36
time in solving system 4.43999450299998
time in solving system 0.228385487000196
time in solving system 0.2806565109985968
concluded in  10.100776448998658
Solving snapshot 0 83
36
time in solving system 4.109208552999917
time in solving system 0.19475360099932004
time in solving system 0.12127662300008524
concluded in  9.54186375000063
Solving snapshot 0 84
36
time in solving system 3.950390334999611
time in solving system 0.18851324699971883
time in solving system 0.20878812900082266
concluded in  9.390169119000348
Solving snapshot 0 85
36
time in solving system 3.6342703370009986
time in solving system 0.16563806300109718
time in solving system 0.20126989700111153
concluded in  9.23519357799887
Solving snapshot 0 86
36
time in solving system 4.145976043000701
time in solving system 0.2046170429985068
time in solving system 0.12382705399977567
concluded in  9.316402648999428
Solving snapshot 0 87
36
time in solving system 3.6429058919984527
time in solving system 0.144195992999812
time in solving system 0.1132209290008177
concluded in  9.555337394000162
Solving snapshot 0 88
36
time in solving system 3.602710441000454
time in solving system 0.14151314700029616
time in solving system 0.12102840700026718
concluded in  9.035487188999468
Solving snapshot 0 89
36
time in solving system 3.474923805000799
time in solving system 0.2091508060002525
time in solving system 0.1543488259994774
concluded in  8.70042857000044
Solving snapshot 0 90
36
time in solving system 3.543252257999484
time in solving system 0.21583847500005504
time in solving system 0.11829180200038536
concluded in  9.105896798000686
Solving snapshot 0 91
36
time in solving system 3.7753531220005243
time in solving system 0.15400355200108606
time in solving system 0.17261602100006712
concluded in  9.085094314999878
Solving snapshot 0 92
36
time in solving system 3.8566372750010487
time in solving system 0.1692603940009576
time in solving system 0.18219716100065853
concluded in  8.84739808699851
Solving snapshot 0 93
36
time in solving system 3.6787649060006515
time in solving system 0.1261313520008116
time in solving system 0.12424775199906435
concluded in  9.228187067999897
Solving snapshot 0 94
36
time in solving system 4.094431834999341
time in solving system 0.2144056309989537
time in solving system 0.17876160400010122
concluded in  9.881415661999199
Solving snapshot 0 95
36
time in solving system 3.407574017001025
time in solving system 0.1522687680007948
time in solving system 0.23048866399949475
concluded in  8.750796901000285
Solving snapshot 0 96
36
time in solving system 3.875311670000883
time in solving system 0.2222582459999103
time in solving system 0.1384245409990399
concluded in  9.547580524000296
Solving snapshot 0 97
36
time in solving system 3.6967640219991154
time in solving system 0.15726653399906354
time in solving system 0.1257977999994182
concluded in  9.109994929000095
Solving snapshot 0 98
36
time in solving system 3.4119886139997107
time in solving system 0.17896504000054847
time in solving system 0.20167946600122377
concluded in  9.272043890001441
Solving snapshot 0 99
36
time in solving system 3.3550564109991683
time in solving system 0.14189768100004585
time in solving system 0.12255956300032267
concluded in  8.492053837999265
Solving snapshot 0 100
36
time in solving system 3.4558143980011664
time in solving system 0.1563763630001631
time in solving system 0.1779927219995443
concluded in  8.563909996000802
Solving snapshot 0 101
36
time in solving system 4.1426272159988
time in solving system 0.20049451899831183
time in solving system 0.20559205899917288
concluded in  9.497910496000259
Solving snapshot 0 102
36
time in solving system 3.9416585239996493
time in solving system 0.15639735400145582
time in solving system 0.13122052600010647
concluded in  9.570738257001722
Solving snapshot 0 103
36
time in solving system 3.90868004100048
time in solving system 0.1353438140013168
time in solving system 0.1278455900010158
concluded in  9.306844391998311
Solving snapshot 0 104
36
time in solving system 3.414113679998991
time in solving system 0.16472003499984567
time in solving system 0.15887890299927676
concluded in  8.82549225600087
Solving snapshot 0 105
36
time in solving system 3.4834864029999153
time in solving system 0.20424065299994254
time in solving system 0.21872810199965897
concluded in  9.3170851699997
Solving snapshot 0 106
36
time in solving system 3.6728620720004983
time in solving system 0.15674650899927656
time in solving system 0.17281834599998547
concluded in  9.372182322998924
Solving snapshot 0 107
36
time in solving system 3.847590196000965
time in solving system 0.22399290800058225
time in solving system 0.18344207399968582
concluded in  9.497878555999705
Solving snapshot 0 108
36
time in solving system 3.958727508001175
time in solving system 0.20878481200088572
time in solving system 0.24937599599979876
concluded in  9.754057317000843
Solving snapshot 0 109
36
time in solving system 4.320729468001446
time in solving system 0.18532349500128475
time in solving system 0.14229276800142543
concluded in  9.96297430499908
Solving snapshot 0 110
36
time in solving system 4.391069778999736
time in solving system 0.17855451200011885
time in solving system 0.1398071349995007
concluded in  9.702854806999312
Solving snapshot 0 111
36
time in solving system 4.239927422999244
time in solving system 0.14174359800017555
time in solving system 0.23198763700020208
concluded in  9.614457812998808
Solving snapshot 0 112
36
time in solving system 3.176462489998812
time in solving system 0.16180102600083046
time in solving system 0.17771332099982828
concluded in  8.686224700999446
Solving snapshot 0 113
36
time in solving system 4.204945360999773
time in solving system 0.294957614998566
time in solving system 0.1591123370017158
concluded in  10.02417724499901
Solving snapshot 0 114
36
time in solving system 4.154127391999282
time in solving system 0.152565827998842
time in solving system 0.13373210299869243
concluded in  9.80820256700099
Solving snapshot 0 115
36
time in solving system 4.225468417000229
time in solving system 0.17445521100125916
time in solving system 0.12862975200005167
concluded in  9.849131605000366
Solving snapshot 0 116
36
time in solving system 4.617758495998714
time in solving system 0.1542208139999275
time in solving system 0.13070172699917748
concluded in  10.3169519460007
Solving snapshot 0 117
36
time in solving system 3.959498377998898
time in solving system 0.3105403249992378
time in solving system 0.1871288199999981
concluded in  9.91699091100054
Solving snapshot 0 118
36
time in solving system 3.6761652490004053
time in solving system 0.14532631400106766
time in solving system 0.12488022199977422
concluded in  9.286461351999606
Solving snapshot 0 119
36
time in solving system 3.652675487999659
time in solving system 0.17390866899950197
time in solving system 0.12273609600015334
concluded in  9.628456493999693
Solving snapshot 0 120
36
time in solving system 4.04578266200042
time in solving system 0.1574282889996539
time in solving system 0.21759150300022156
concluded in  9.83330440499958
Solving snapshot 0 121
36
time in solving system 3.7220190610005375
time in solving system 0.14793629300038447
time in solving system 0.1506316289996903
concluded in  9.043030189001001
Solving snapshot 0 122
36
time in solving system 4.1221388279991515
time in solving system 0.15419010799996613
time in solving system 0.1218587290004507
concluded in  9.760197039000559
Solving snapshot 0 123
36
time in solving system 3.8395031860000017
time in solving system 0.31357177200152364
time in solving system 0.20546914499936975
concluded in  9.54318351600159
Solving snapshot 0 124
36
time in solving system 4.164494807000665
time in solving system 0.19674682799995935
time in solving system 0.1382511110004998
concluded in  9.874855694999496
Solving snapshot 0 125
36
time in solving system 4.074779417998798
time in solving system 0.26768707299925154
time in solving system 0.14101006100099767
concluded in  9.459447506000288
Solving snapshot 0 126
36
time in solving system 4.275626040000134
time in solving system 0.13590192300034687
time in solving system 0.22453157299969462
concluded in  10.02424205600073
Solving snapshot 0 127
36
time in solving system 4.463352748000034
time in solving system 0.22627683899918338
time in solving system 0.13198406399897067
concluded in  9.934330774000045
Solving snapshot 0 128
36
time in solving system 3.9088880470008007
time in solving system 0.14312357199924008
time in solving system 0.2158156470013637
concluded in  9.186237874999279
Solving snapshot 0 129
36
time in solving system 3.6739005489998817
time in solving system 0.1583927390001918
time in solving system 0.16583467600139556
concluded in  8.87646195400157
Solving snapshot 0 130
36
time in solving system 3.401433506000103
time in solving system 0.2995772210015275
time in solving system 0.27564941000127874
concluded in  8.974860388998422
Solving snapshot 0 131
36
time in solving system 3.069337181999799
time in solving system 0.18720263199975307
time in solving system 0.281890320000457
concluded in  8.663158981999004
Solving snapshot 0 132
36
time in solving system 3.4742341879991727
time in solving system 0.17392176300018036
time in solving system 0.28070385600040026
concluded in  9.364592428000833
Solving snapshot 0 133
36
time in solving system 3.9461689380004827
time in solving system 0.22482592000051227
time in solving system 0.18927317099951324
concluded in  9.698638068999571
Solving snapshot 0 134
36
time in solving system 2.7654679930001294
time in solving system 0.24946419000116293
time in solving system 0.1752454139987094
concluded in  8.2883228339997
Solving snapshot 0 135
36
time in solving system 3.1961990510008036
time in solving system 0.18206875800024136
time in solving system 0.26094367199948465
concluded in  9.108875996998904
Solving snapshot 0 136
36
time in solving system 3.7038063740001235
time in solving system 0.21390455000073416
time in solving system 0.2769894960001693
concluded in  9.701504189000843
Solving snapshot 0 137
36
time in solving system 3.7830786800004716
time in solving system 0.22890788299991982
time in solving system 0.21029194699985965
concluded in  9.264795803001107
Solving snapshot 0 138
36
time in solving system 4.171108005999486
time in solving system 0.1550047020009515
time in solving system 0.13022570700013603
concluded in  9.78727829700074
Solving snapshot 0 139
36
time in solving system 4.521484410999619
time in solving system 0.17280174699953932
time in solving system 0.21243942599903676
concluded in  10.220046845999605
Solving snapshot 0 140
36
time in solving system 3.658527382000102
time in solving system 0.2177060120011447
time in solving system 0.18244502000015927
concluded in  9.57956615799958
Solving snapshot 0 141
36
time in solving system 3.6643125110003893
time in solving system 0.21856089399989287
time in solving system 0.17915958400044474
concluded in  9.537335143999371
Solving snapshot 0 142
36
time in solving system 3.9127484159998858
time in solving system 0.22492230199895857
time in solving system 0.14376631500090298
concluded in  9.904660856000191
Solving snapshot 0 143
36
time in solving system 4.024870609999198
time in solving system 0.18263687099897652
time in solving system 0.2831767169991508
concluded in  9.620198025000718
Solving snapshot 0 144
36
time in solving system 3.992417404999287
time in solving system 0.13489002300048014
time in solving system 0.2274273010007164
concluded in  9.39769164899917
Solving snapshot 0 145
36
time in solving system 4.144624069000201
time in solving system 0.15784553999947093
time in solving system 0.22065256499990937
concluded in  9.878296999999293
Solving snapshot 0 146
36
time in solving system 3.8720121679998556
time in solving system 0.22464570900046965
time in solving system 0.20399756299957517
concluded in  9.363374644999567
Solving snapshot 0 147
36
time in solving system 3.768690892999075
time in solving system 0.2007114680000086
time in solving system 0.21880782599873783
concluded in  9.105720034000115
Solving snapshot 0 148
36
time in solving system 4.067228506000902
time in solving system 0.1430731910004397
time in solving system 0.2565975110010186
concluded in  9.950440749000336
Solving snapshot 0 149
36
time in solving system 4.6281456719989365
time in solving system 0.22433270200053812
time in solving system 0.16472650799914845
concluded in  9.991079466000883
Solving snapshot 0 150
36
time in solving system 4.172872458999336
time in solving system 0.15749715300080425
time in solving system 0.18902415800039307
concluded in  9.890808959999049
Solving snapshot 0 151
36
time in solving system 3.9826667979996273
time in solving system 0.15642748400023265
time in solving system 0.22246291200099222
concluded in  9.759681124998679
Solving snapshot 0 152
36
time in solving system 4.219145582001147
time in solving system 0.17021518799992919
time in solving system 0.22114514299937582
concluded in  9.928764356998727
Solving snapshot 0 153
36
time in solving system 3.3778248700000404
time in solving system 0.18875299700084724
time in solving system 0.18788402199970733
concluded in  9.096361746000184
Solving snapshot 0 154
36
time in solving system 3.798817954999322
time in solving system 0.1972850260008272
time in solving system 0.19649660399954882
concluded in  9.824769445000129
Solving snapshot 0 155
36
time in solving system 3.8255203859989706
time in solving system 0.1927094839993515
time in solving system 0.16699314300058177
concluded in  9.853461480999613
Solving snapshot 0 156
36
time in solving system 3.5471766049995495
time in solving system 0.24419089799994254
time in solving system 0.22844657999849005
concluded in  9.180825713001468
Solving snapshot 0 157
36
time in solving system 3.1461172189992794
time in solving system 0.19803311800023948
time in solving system 0.18042683600106102
concluded in  8.625098910000816
Solving snapshot 0 158
36
time in solving system 3.097025651999502
time in solving system 0.1953288140011864
time in solving system 0.16508102900115773
concluded in  8.489187515000594
Solving snapshot 0 159
36
time in solving system 2.942738373998509
time in solving system 0.15142307200039795
time in solving system 0.21564071200009494
concluded in  8.319050004998644
Solving snapshot 0 160
36
time in solving system 3.056749500001388
time in solving system 0.2724054519985657
time in solving system 0.30432580199885706
concluded in  9.392859344001408
Solving snapshot 0 161
36
time in solving system 3.1460194350001984
time in solving system 0.1688792770000873
time in solving system 0.33239706399945135
concluded in  9.100244564000604
Solving snapshot 0 162
36
time in solving system 3.290530521000619
time in solving system 0.2157823939996888
time in solving system 0.1520985160004784
concluded in  8.642057152999769
Solving snapshot 0 163
36
time in solving system 3.8277669769995555
time in solving system 0.16421105500012345
time in solving system 0.23779949100025988
concluded in  9.67471987799945
Solving snapshot 0 164
36
time in solving system 4.429759725999247
time in solving system 0.25138693699955184
time in solving system 0.24960494799961452
concluded in  10.308088273999601
Solving snapshot 0 165
36
time in solving system 4.132585053001094
time in solving system 0.15454852000038954
time in solving system 0.21834666100039613
concluded in  9.853324457000781
Solving snapshot 0 166
36
time in solving system 4.1936235440007295
time in solving system 0.14158515199960675
time in solving system 0.21882783500041114
concluded in  9.534246600998813
Solving snapshot 0 167
36
time in solving system 3.7534448120004527
time in solving system 0.25531051399957505
time in solving system 0.2768709250012762
concluded in  9.130833589999384
Solving snapshot 0 168
36
time in solving system 4.47098927099978
time in solving system 0.15037888400001975
time in solving system 0.14146365000124206
concluded in  10.283615054999245
Solving snapshot 0 169
36
time in solving system 4.23413887300012
time in solving system 0.21599357100058114
time in solving system 0.20420106399978977
concluded in  9.966573207999318
Solving snapshot 0 170
36
time in solving system 3.8358153279987164
time in solving system 0.15153862800070783
time in solving system 0.12640975399881427
concluded in  9.276286647998859
Solving snapshot 0 171
36
time in solving system 4.168418389999715
time in solving system 0.15361784399829048
time in solving system 0.13143195699922217
concluded in  9.823072061000858
Solving snapshot 0 172
36
time in solving system 4.348246587000176
time in solving system 0.22723732499980542
time in solving system 0.14547394399960467
concluded in  9.744317474000127
Solving snapshot 0 173
36
time in solving system 4.01524489500116
time in solving system 0.2214230929985206
time in solving system 0.13257179699940025
concluded in  9.342671738000718
Solving snapshot 0 174
36
time in solving system 3.661533334001433
time in solving system 0.1776477090006665
time in solving system 0.18251990700082388
concluded in  9.089435204999972
Solving snapshot 0 175
36
time in solving system 3.655760072000703
time in solving system 0.18624655499843357
time in solving system 0.22229394300120475
concluded in  9.363718708000306
Solving snapshot 0 176
36
time in solving system 3.9413840849992994
time in solving system 0.15996838799947
time in solving system 0.19065997899997456
concluded in  9.243928043999404
Solving snapshot 0 177
36
time in solving system 3.2553078279997862
time in solving system 0.25858524100112845
time in solving system 0.1768712110006163
concluded in  8.648655458000576
Solving snapshot 0 178
36
time in solving system 3.084097816999929
time in solving system 0.1632665889992495
time in solving system 0.16538595800011535
concluded in  8.467039432000092
Solving snapshot 0 179
36
time in solving system 3.1638066209998215
time in solving system 0.15832897900145326
time in solving system 0.19493420100116055
concluded in  9.035098727999866
Solving snapshot 0 180
36
time in solving system 2.7591609900009644
time in solving system 0.18706486299925018
time in solving system 0.3292349200000899
concluded in  8.835166085998935
Solving snapshot 0 181
36
time in solving system 3.320640745001583
time in solving system 0.19787173599979724
time in solving system 0.1786776879998797
concluded in  9.222022869000284
Solving snapshot 0 182
36
time in solving system 3.690752358001191
time in solving system 0.2395339270005934
time in solving system 0.29802362399823323
concluded in  9.541032951001398
Solving snapshot 0 183
36
time in solving system 4.048966689999361
time in solving system 0.23262745600004564
time in solving system 0.17242013499890163
concluded in  9.668226861000221
Solving snapshot 0 184
36
time in solving system 3.5264131459989585
time in solving system 0.17666885200014804
time in solving system 0.18136195199986105
concluded in  9.367422747998717
Solving snapshot 0 185
36
time in solving system 4.690531094000107
time in solving system 0.18111255899930256
time in solving system 0.21998761800023203
concluded in  10.534444982999048
Solving snapshot 0 186
36
time in solving system 3.9024922540011175
time in solving system 0.2048778520002088
time in solving system 0.12490843199884694
concluded in  9.825351384999522
Solving snapshot 0 187
36
time in solving system 3.6573327039986907
time in solving system 0.19707079600084398
time in solving system 0.13226561300143658
concluded in  9.486996321998959
Solving snapshot 0 188
36
time in solving system 4.003915535999113
time in solving system 0.13223336299961375
time in solving system 0.12453255899890792
concluded in  9.68964563499867
Solving snapshot 0 189
36
time in solving system 3.598986688999503
time in solving system 0.2684856750001927
time in solving system 0.21746795999933966
concluded in  9.201394674000767
Solving snapshot 0 190
36
time in solving system 4.052779771000132
time in solving system 0.19959067600029812
time in solving system 0.2374624900003255
concluded in  9.968832259999544
Solving snapshot 0 191
36
time in solving system 3.964531835001253
time in solving system 0.22419671900024696
time in solving system 0.2007169429998612
concluded in  9.363497660999201
Solving snapshot 0 192
36
time in solving system 4.086543605999395
time in solving system 0.1524687780001841
time in solving system 0.21294969900009164
concluded in  9.877268664999065
Solving snapshot 0 193
36
time in solving system 3.6633119950001856
time in solving system 0.1754053099994053
time in solving system 0.17487130299923592
concluded in  8.98501547700107
Solving snapshot 0 194
36
time in solving system 3.577947664000021
time in solving system 0.1942923829992651
time in solving system 0.17143051299899525
concluded in  9.05192469999929
Solving snapshot 0 195
36
time in solving system 3.976365820000865
time in solving system 0.20360524099851318
time in solving system 0.17560096899978817
concluded in  9.343061736999516
Solving snapshot 0 196
36
time in solving system 3.5058684590003395
time in solving system 0.16800497000076575
time in solving system 0.2530325330008054
concluded in  8.792292594000173
Solving snapshot 0 197
36
time in solving system 2.786003012000947
time in solving system 0.217496208000739
time in solving system 0.2326525889984623
concluded in  8.21687463499984
Solving snapshot 0 198
36
time in solving system 3.2563641839988122
time in solving system 0.2001380949986924
time in solving system 0.17196307599988359
concluded in  8.609381910000593
Solving snapshot 0 199
36
time in solving system 4.0201681809994625
time in solving system 0.20937818299898936
time in solving system 0.2628623009986768
concluded in  9.92170165800053
Solving snapshot 0 200
36
time in solving system 3.6660474370000884
time in solving system 0.1984629059988947
time in solving system 0.22701994099952572
concluded in  9.047441919999983
Solving snapshot 0 201
36
time in solving system 4.182921349000026
time in solving system 0.2212544699996215
time in solving system 0.2224438109988114
concluded in  9.938521869000397
Solving snapshot 0 202
36
time in solving system 3.5577249830002984
time in solving system 0.19741970099858008
time in solving system 0.1649350259995117
concluded in  8.967927513998802
Solving snapshot 0 203
36
time in solving system 3.9180586459988263
time in solving system 0.3000398790009058
time in solving system 0.2813749690012628
concluded in  9.452938086000358
Solving snapshot 0 204
36
time in solving system 3.9060515809997014
time in solving system 0.23924491599973408
time in solving system 0.24126612399959413
concluded in  9.899627050999698
Solving snapshot 0 205
36
time in solving system 3.9062051400014752
time in solving system 0.17311914200035972
time in solving system 0.20672329900116893
concluded in  9.788051519999499
Solving snapshot 0 206
36
time in solving system 4.157467032000568
time in solving system 0.23979689699990558
time in solving system 0.20557332499993208
concluded in  9.878333987000588
Solving snapshot 0 207
36
time in solving system 3.6329204679987015
time in solving system 0.22489567499906116
time in solving system 0.20725948399922345
concluded in  9.631373694999638
Solving snapshot 0 208
36
time in solving system 3.9549893750008778
time in solving system 0.18289706500036118
time in solving system 0.16694169000038528
concluded in  9.644306919999508
Solving snapshot 0 209
36
time in solving system 3.9831858790003025
time in solving system 0.20446791500035033
time in solving system 0.14630287999898428
concluded in  9.674200502999156
Solving snapshot 0 210
36
time in solving system 4.052128859999357
time in solving system 0.21045649299958313
time in solving system 0.14803468200079806
concluded in  9.363435339000716
Solving snapshot 0 211
36
time in solving system 4.19330623300084
time in solving system 0.1759928650008078
time in solving system 0.19841294899924833
concluded in  9.50931444699927
Solving snapshot 0 212
36
time in solving system 3.9616766540002573
time in solving system 0.1677160740000545
time in solving system 0.1647644720014796
concluded in  9.445966968998619
Solving snapshot 0 213
36
time in solving system 3.6781058609994943
time in solving system 0.1753695580009662
time in solving system 0.1597042710000096
concluded in  9.596551786000418
Solving snapshot 0 214
36
time in solving system 3.508033551999688
time in solving system 0.16471749400079716
time in solving system 0.24481676799950947
concluded in  9.380926661999183
Solving snapshot 0 215
36
time in solving system 3.9410781619990303
time in solving system 0.1697137040009693
time in solving system 0.14733185799923376
concluded in  9.655732354000065
Solving snapshot 0 216
36
time in solving system 3.6232984749985917
time in solving system 0.1594836820004275
time in solving system 0.2590039619990421
concluded in  9.032841262000147
Solving snapshot 0 217
36
time in solving system 3.779186691999712
time in solving system 0.20525586700023268
time in solving system 0.2432214649998059
concluded in  9.16678935299933
Solving snapshot 0 218
36
time in solving system 3.3367637089995696
time in solving system 0.26692752099916106
time in solving system 0.19247995899968373
concluded in  8.712685247999616
Solving snapshot 0 219
36
time in solving system 3.4496640710003703
time in solving system 0.26762000900089333
time in solving system 0.2225711440005398
concluded in  9.176568864999354
Solving snapshot 0 220
36
time in solving system 3.613664033000532
time in solving system 0.1742393919994356
time in solving system 0.2808079229998839
concluded in  9.468315533998975
Solving snapshot 0 221
36
time in solving system 3.0414002100005746
time in solving system 0.16560481399937999
time in solving system 0.161676185000033
concluded in  8.28505871500056
Solving snapshot 0 222
36
time in solving system 2.996872429999712
time in solving system 0.23257564899904537
time in solving system 0.13742935999835026
concluded in  8.447294976998819
Solving snapshot 0 223
36
time in solving system 3.3135894009992626
time in solving system 0.15846128299926932
time in solving system 0.174270080999122
concluded in  9.2067341460006
Solving snapshot 0 224
36
time in solving system 3.6979020290000335
time in solving system 0.211581292000119
time in solving system 0.22067715199955273
concluded in  9.61705941099899
Solving snapshot 0 225
36
time in solving system 3.2047560950013576
time in solving system 0.27993842199975916
time in solving system 0.1679123060002894
concluded in  8.676198096998633
Solving snapshot 0 226
36
time in solving system 3.1894717149989447
time in solving system 0.2987721520003106
time in solving system 0.2765456950000953
concluded in  9.566588707000847
Solving snapshot 0 227
36
time in solving system 3.610470522000469
time in solving system 0.18701078800040705
time in solving system 0.190574297999774
concluded in  9.000705727999957
Solving snapshot 0 228
36
time in solving system 2.8587472460003482
time in solving system 0.15588725700035866
time in solving system 0.14594721399953414
concluded in  8.018198128000222
Solving snapshot 0 229
36
time in solving system 3.3306347399993683
time in solving system 0.1695894220010814
time in solving system 0.25926441099909425
concluded in  9.27101530300024
Solving snapshot 0 230
36
time in solving system 3.047694582000986
time in solving system 0.23591526599921053
time in solving system 0.16723590299989155
concluded in  8.800272264999876
Solving snapshot 0 231
36
time in solving system 2.9206542080009967
time in solving system 0.18310375200053386
time in solving system 0.18346914799985825
concluded in  8.332273128000452
Solving snapshot 0 232
36
time in solving system 3.0705622670011508
time in solving system 0.22170157199980167
time in solving system 0.22035731300093175
concluded in  8.589105782000843
Solving snapshot 0 233
36
time in solving system 3.2371144520002417
time in solving system 0.3150930720003089
time in solving system 0.3241389459999482
concluded in  9.385152470998946
Solving snapshot 0 234
36
time in solving system 3.2254844559993217
time in solving system 0.20477856500110647
time in solving system 0.18109912900035852
concluded in  8.683835427000304
Solving snapshot 0 235
36
time in solving system 3.636422809000578
time in solving system 0.2005724390000978
time in solving system 0.28320583999993687
concluded in  9.57904180100013
Solving snapshot 0 236
36
time in solving system 3.0542012080004497
time in solving system 0.22644680599842104
time in solving system 0.20700184700035607
concluded in  8.585797878000449
Solving snapshot 0 237
36
time in solving system 3.007541229999333
time in solving system 0.1645617009999114
time in solving system 0.24470881600063876
concluded in  8.35276534500008
Solving snapshot 0 238
36
time in solving system 3.0752149550007744
time in solving system 0.18436329900032433
time in solving system 0.13146012099969084
concluded in  8.190077141000074
Solving snapshot 0 239
36
time in solving system 3.1001648280016525
time in solving system 0.26552971500132116
time in solving system 0.19385979999970004
concluded in  8.384188497999276
Solving snapshot 0 240
36
time in solving system 2.7915687589993468
time in solving system 0.24133379199884075
time in solving system 0.21606450999934168
concluded in  8.12048467799832
Solving snapshot 0 241
36
time in solving system 2.7253454029996647
time in solving system 0.15986924199933128
time in solving system 0.14636285100095847
concluded in  7.818925554000089
Solving snapshot 0 242
36
time in solving system 2.600849271999323
time in solving system 0.24455935599871736
time in solving system 0.1604349449989968
concluded in  7.47873692200119
Solving snapshot 0 243
36
time in solving system 2.6672426579989406
time in solving system 0.21404456699929142
time in solving system 0.1556535680010711
concluded in  7.659462723000615
Solving snapshot 0 244
36
time in solving system 2.7108057940004073
time in solving system 0.16027666599984514
time in solving system 0.17391827099891088
concluded in  7.638264148001326
Solving snapshot 0 245
36
time in solving system 2.6730936280000606
time in solving system 0.14399375599896302
time in solving system 0.15514362800058734
concluded in  7.8254706709994934
Solving snapshot 0 246
36
time in solving system 2.633903141000701
time in solving system 0.15855993600052898
time in solving system 0.23440343900074367
concluded in  7.91455292000137
Solving snapshot 0 247
36
time in solving system 2.72321878799994
time in solving system 0.23200412899859657
time in solving system 0.16231674600021506
concluded in  8.017499363000752
Solving snapshot 0 248
36
time in solving system 3.009686669000075
time in solving system 0.19238184799905866
time in solving system 0.17359452900018368
concluded in  8.046357935998458
Solving snapshot 0 249
36
time in solving system 3.0952936180001416
time in solving system 0.1942781500001729
time in solving system 0.13954148000084388
concluded in  8.180550348999532
Solving snapshot 0 250
36
time in solving system 3.2131625450001593
time in solving system 0.21832847299992864
time in solving system 0.16774462399916956
concluded in  8.540127573998689
Solving snapshot 0 251
36
time in solving system 3.120255461999477
time in solving system 0.23854533600024297
time in solving system 0.24117132399987895
concluded in  8.475129078999089
Solving snapshot 0 252
36
time in solving system 3.221033947000251
time in solving system 0.13335784500122827
time in solving system 0.17694368499905977
concluded in  8.045404589998725
Solving snapshot 0 253
36
time in solving system 3.1315550609997445
time in solving system 0.16039773900047294
time in solving system 0.14068347699867445
concluded in  7.831481420998898
Solving snapshot 0 254
36
time in solving system 2.9666753620003874
time in solving system 0.15875433400105976
time in solving system 0.2055165580004541
concluded in  7.964944733001175
Solving snapshot 0 255
36
time in solving system 3.59448044400051
time in solving system 0.17619492599988007
time in solving system 0.17286418299954676
concluded in  8.979448396999942
Solving snapshot 0 256
36
time in solving system 3.138800718999846
time in solving system 0.1495459950001532
time in solving system 0.21046614199985925
concluded in  8.027014580999094
Solving snapshot 0 257
36
time in solving system 2.9381849729998066
time in solving system 0.22226842200143437
time in solving system 0.25523326199981966
concluded in  8.072708423000222
Solving snapshot 0 258
36
time in solving system 3.0563345269983984
time in solving system 0.12014975199963374
time in solving system 0.11916079500042542
concluded in  8.190267411000605
Solving snapshot 0 259
36
time in solving system 2.9852776669995365
time in solving system 0.20656982500076992
time in solving system 0.12206128399884619
concluded in  7.868767132998983
Solving snapshot 0 260
36
time in solving system 3.1648256169992237
time in solving system 0.16676910299975134
time in solving system 0.12551341399921512
concluded in  7.812144331001036
Solving snapshot 0 261
36
time in solving system 2.8506454809994466
time in solving system 0.20255247200111626
time in solving system 0.15579637100017862
concluded in  7.5194751620001625
Solving snapshot 0 262
36
time in solving system 3.2757368900001893
time in solving system 0.1513833059998433
time in solving system 0.23331215500002145
concluded in  7.943376561999685
Solving snapshot 0 263
36
time in solving system 3.163653579998936
time in solving system 0.2710957060007786
time in solving system 0.15456161399924895
concluded in  8.019864648998919
Solving snapshot 0 264
36
time in solving system 3.685315944001559
time in solving system 0.23699196300003678
time in solving system 0.20763986299971293
concluded in  9.219092859999364
Solving snapshot 0 265
36
time in solving system 3.7695965460006846
time in solving system 0.17738097999972524
time in solving system 0.18108858000050532
concluded in  9.335906336000335
Solving snapshot 0 266
36
time in solving system 3.669875055000375
time in solving system 0.24959246899925347
time in solving system 0.1744357730003685
concluded in  9.92080013099985
Solving snapshot 0 267
36
time in solving system 4.199361836999742
time in solving system 0.45286992599903897
time in solving system 0.4135309890007193
concluded in  11.351303221999842
Solving snapshot 0 268
36
time in solving system 3.258352267999726
time in solving system 0.16718798400142987
time in solving system 0.1885051690005639
concluded in  9.580582267000864
Solving snapshot 0 269
36
time in solving system 3.54760770699977
time in solving system 0.20222787799866637
time in solving system 0.23999882700081798
concluded in  10.410100916000374
Solving snapshot 0 270
36
time in solving system 3.1431919850001577
time in solving system 0.14976246699916373
time in solving system 0.12929694000013114
concluded in  9.033653035001407
Solving snapshot 0 271
36
time in solving system 3.391270567000902
time in solving system 0.22508046099937928
time in solving system 0.19452764199922967
concluded in  10.829331876000651
Solving snapshot 0 272
36
time in solving system 3.988660119999622
time in solving system 0.14826637900114292
time in solving system 0.12805929999922228
concluded in  12.24853951499972
Solving snapshot 0 273
36
time in solving system 3.7777474260001327
time in solving system 0.20595693699942785
time in solving system 0.23754922499938402
concluded in  11.210453781999604
Solving snapshot 0 274
36
time in solving system 4.015788751999935
time in solving system 0.16062019200035138
time in solving system 0.13008792599976005
concluded in  10.460684994000985
Solving snapshot 0 275
36
time in solving system 3.6243557520010654
time in solving system 0.4248308120004367
time in solving system 0.4460141180006758
concluded in  12.077208634000272
Solving snapshot 0 276
36
time in solving system 3.9356726730002265
time in solving system 0.48973757599924284
time in solving system 0.5020169929994154
concluded in  11.19907966699975
Solving snapshot 0 277
36
time in solving system 3.6770700800007035
time in solving system 0.30283764799969504
time in solving system 0.2943351670000993
concluded in  10.587644581999484
Solving snapshot 0 278
36
time in solving system 3.0019098749999102
time in solving system 0.15679239200107986
time in solving system 0.13213403400004609
concluded in  9.616812152999046
Solving snapshot 0 279
36
time in solving system 3.003266920000897
time in solving system 0.1612165670012473
time in solving system 0.14332559499962372
concluded in  10.370777123000153
Solving snapshot 0 280
36
time in solving system 3.447344056001384
time in solving system 0.1741425279997202
time in solving system 0.1501893470012874
concluded in  10.813191759001711
Solving snapshot 0 281
36
time in solving system 3.0693173079998815
time in solving system 0.17120860700015328
time in solving system 0.18565951900018263
concluded in  11.80033775099946
Solving snapshot 0 282
36
time in solving system 3.214912989000368
time in solving system 0.16341060499871674
time in solving system 0.2679187230005482
concluded in  11.741500307000024
Solving snapshot 0 283
36
time in solving system 3.0608393749989773
time in solving system 0.25048317899927497
time in solving system 0.25749335499858717
concluded in  10.173265204999552
Solving snapshot 0 284
36
time in solving system 2.769947654000134
time in solving system 0.21553464999851712
time in solving system 0.185924547000468
concluded in  9.669553738000104
Solving snapshot 0 285
36
time in solving system 3.3779369910007517
time in solving system 0.22838108200085117
time in solving system 0.30034827000054065
concluded in  10.508238681000876
Solving snapshot 0 286
36
time in solving system 3.1514618389992393
time in solving system 0.16145395999956236
time in solving system 0.2625418179995904
concluded in  9.54881515499983
Solving snapshot 0 287
36
time in solving system 2.9631214599994564
time in solving system 0.21952038500057824
time in solving system 0.29270287299914344
concluded in  9.620317257000352
Solving snapshot 0 288
36
time in solving system 3.2596233269996446
time in solving system 0.18551251200005936
time in solving system 0.1729962199988222
concluded in  9.440915680999751
Solving snapshot 0 289
36
time in solving system 4.400468493000517
time in solving system 0.3800591979997989
time in solving system 0.3343436369996198
concluded in  11.819749598000271
Solving snapshot 0 290
36
time in solving system 5.088289420000365
time in solving system 0.21923268499995174
time in solving system 0.3105329019999772
concluded in  11.583435079999617
Solving snapshot 0 291
36
time in solving system 4.116646589998709
time in solving system 0.25850144300056854
time in solving system 0.27201012700061256
concluded in  10.190315010999257
Solving snapshot 0 292
36
time in solving system 3.7590935040007025
time in solving system 0.3313198169998941
time in solving system 0.3781199170007312
concluded in  10.176422041999103
Solving snapshot 0 293
36
time in solving system 4.745164548001412
time in solving system 0.19902301799993438
time in solving system 0.252505165999537
concluded in  10.699866926999675
Solving snapshot 0 294
36
time in solving system 3.3744957460003207
time in solving system 0.31144521800160874
time in solving system 0.2137650759996177
concluded in  9.503057124000406
Solving snapshot 0 295
36
time in solving system 3.862949642998501
time in solving system 0.1945164390017453
time in solving system 0.2249656310013961
concluded in  9.757038826999633
Solving snapshot 0 296
36
time in solving system 3.5661342200000945
time in solving system 0.3123186489992804
time in solving system 0.31987849500001175
concluded in  10.27544885700081
Solving snapshot 0 297
36
time in solving system 4.913907807000214
time in solving system 0.25932640499922854
time in solving system 0.4007180150001659
concluded in  11.560440830999141
Solving snapshot 0 298
36
time in solving system 4.109010353000485
time in solving system 0.2724062529996445
time in solving system 0.2885347299998102
concluded in  10.155845454999508
Solving snapshot 0 299
36
time in solving system 4.496545499001513
time in solving system 0.42632419300025504
time in solving system 0.25070214600054896
concluded in  11.191949428999578
[]
Not completed: []
