Solving not completed simulation: 0-th chance
Solving snapshot 0 0
36
time in solving system 1.8838231160007126
time in solving system 0.0970872860016243
time in solving system 0.09543454199956614
concluded in  5.862083725998673
Solving snapshot 0 1
36
time in solving system 2.132048188999761
time in solving system 0.10512562899748445
time in solving system 0.11380040599760832
concluded in  6.3820069809989945
Solving snapshot 0 2
36
time in solving system 2.0375981369979854
time in solving system 0.10627257300075144
time in solving system 0.1059212549989752
concluded in  7.320956429000944
Solving snapshot 0 3
36
time in solving system 1.9797620689969335
time in solving system 0.1100451320016873
time in solving system 0.11170112900072127
concluded in  6.719586574999994
Solving snapshot 0 4
36
time in solving system 2.2516567519996897
time in solving system 0.13935684099851642
time in solving system 0.13552215399977285
concluded in  7.7304720359970815
Solving snapshot 0 5
36
time in solving system 2.60099954999896
time in solving system 0.1777715719981643
time in solving system 0.12840402599977097
concluded in  8.552425179001148
Solving snapshot 0 6
36
time in solving system 2.9416500569968775
time in solving system 0.2343452780005464
time in solving system 0.18831622799916659
concluded in  8.426315942000656
Solving snapshot 0 7
36
time in solving system 3.2971815680029977
time in solving system 0.14167476600050577
time in solving system 0.20790186500016716
concluded in  9.193692453998665
Solving snapshot 0 8
36
time in solving system 3.182143702000758
time in solving system 0.16350405299817794
time in solving system 0.1359865689992148
concluded in  9.387430775001121
Solving snapshot 0 9
36
time in solving system 3.358799426998303
time in solving system 0.1564239709987305
time in solving system 0.14069274599751225
concluded in  9.396332219002943
Solving snapshot 0 10
36
time in solving system 3.4090108839991444
time in solving system 0.28413608800110524
time in solving system 0.17705439099881914
concluded in  9.56420485900162
Solving snapshot 0 11
36
time in solving system 3.702388293997501
time in solving system 0.24020096999811358
time in solving system 0.171129567999742
concluded in  9.109147950999613
Solving snapshot 0 12
36
time in solving system 3.8661594040022464
time in solving system 0.2106584440007282
time in solving system 0.21383799700197414
concluded in  9.397160699998494
Solving snapshot 0 13
36
time in solving system 3.7684188070015807
time in solving system 0.1666341320014908
time in solving system 0.22335070700137294
concluded in  9.778050097997038
Solving snapshot 0 14
36
time in solving system 3.672232998000254
time in solving system 0.22473181699751876
time in solving system 0.160589588998846
concluded in  9.160846119997586
Solving snapshot 0 15
36
time in solving system 4.138223827998445
time in solving system 0.21022311699925922
time in solving system 0.15389035900079762
concluded in  9.927754781998374
Solving snapshot 0 16
36
time in solving system 3.4584363870017114
time in solving system 0.19726898800217896
time in solving system 0.2166300900025817
concluded in  8.98481626499779
Solving snapshot 0 17
36
time in solving system 3.188075411999307
time in solving system 0.18825008400017396
time in solving system 0.16988403700088384
concluded in  9.053146717997151
Solving snapshot 0 18
36
time in solving system 3.0121011529990938
time in solving system 0.15642550800112076
time in solving system 0.13598122899929876
concluded in  8.228419476999989
Solving snapshot 0 19
36
time in solving system 3.137687698999798
time in solving system 0.16727425299905008
time in solving system 0.16782686099759303
concluded in  9.134625426999264
Solving snapshot 0 20
36
time in solving system 3.273579458997119
time in solving system 0.18721865100087598
time in solving system 0.1989586119998421
concluded in  9.377213996998762
Solving snapshot 0 21
36
time in solving system 3.425634979001188
time in solving system 0.23519191699961084
time in solving system 0.17266264100180706
concluded in  9.561648358001548
Solving snapshot 0 22
36
time in solving system 3.738378058998933
time in solving system 0.16686288700293517
time in solving system 0.16460500600078376
concluded in  9.65526578600111
Solving snapshot 0 23
36
time in solving system 3.4419143900013296
time in solving system 0.16434075200231746
time in solving system 0.19919290899997577
concluded in  9.114046619000874
Solving snapshot 0 24
36
time in solving system 4.093944547003048
time in solving system 0.21488413800034323
time in solving system 0.1289527739972982
concluded in  10.093091443999583
Solving snapshot 0 25
36
time in solving system 3.4433202350010106
time in solving system 0.15013283000007505
time in solving system 0.21108761700088507
concluded in  9.644478422000248
Solving snapshot 0 26
36
time in solving system 3.5368249290004314
time in solving system 0.15017977100069402
time in solving system 0.2193831990007311
concluded in  9.419653566001216
Solving snapshot 0 27
36
time in solving system 4.008724193001399
time in solving system 0.19413489200087497
time in solving system 0.1261667260005197
concluded in  10.015222250000079
Solving snapshot 0 28
36
time in solving system 3.5842412950005382
time in solving system 0.22831826300171087
time in solving system 0.12375772499945015
concluded in  9.254233853000187
Solving snapshot 0 29
36
time in solving system 4.13832770800218
time in solving system 0.20895592599845259
time in solving system 0.12611325000034412
concluded in  9.87726703700173
Solving snapshot 0 30
36
time in solving system 3.7637956549988303
time in solving system 0.250503804996697
time in solving system 0.21860173000095529
concluded in  9.444267622999178
Solving snapshot 0 31
36
time in solving system 3.3807297849998577
time in solving system 0.22020001499913633
time in solving system 0.14475331300127436
concluded in  8.687828026999341
Solving snapshot 0 32
36
time in solving system 3.6102762860027724
time in solving system 0.1738267620021361
time in solving system 0.17110217899971758
concluded in  9.397664789001283
Solving snapshot 0 33
36
time in solving system 3.7910550820015487
time in solving system 0.1795061570010148
time in solving system 0.19582939599786187
concluded in  9.55828074099918
Solving snapshot 0 34
36
time in solving system 3.754846236999583
time in solving system 0.15493430399874342
time in solving system 0.2229017979989294
concluded in  9.537713833997259
Solving snapshot 0 35
36
time in solving system 3.950542057998973
time in solving system 0.24859663999814074
time in solving system 0.1322147459977714
concluded in  9.34249093300241
Solving snapshot 0 36
36
time in solving system 3.8863217800026177
time in solving system 0.13942752399816527
time in solving system 0.2268560439988505
concluded in  9.22763742099778
Solving snapshot 0 37
36
time in solving system 3.9620647219999228
time in solving system 0.13832078400082537
time in solving system 0.16178288999799406
concluded in  9.634973815002013
Solving snapshot 0 38
36
time in solving system 3.975930311000411
time in solving system 0.17587548200026504
time in solving system 0.23907495800085599
concluded in  9.29437870000038
Solving snapshot 0 39
36
time in solving system 4.138334110000869
time in solving system 0.1624855469999602
time in solving system 0.17933088399877306
concluded in  9.393721667001955
Solving snapshot 0 40
36
time in solving system 3.6877085849992
time in solving system 0.17900681699757115
time in solving system 0.19998263600064092
concluded in  9.138441384002363
Solving snapshot 0 41
36
time in solving system 3.781071699999302
time in solving system 0.16709950400036178
time in solving system 0.21690514399961103
concluded in  9.59956369900101
Solving snapshot 0 42
36
time in solving system 4.08655820200147
time in solving system 0.19558763799795997
time in solving system 0.24038565199953155
concluded in  9.998653685997851
Solving snapshot 0 43
36
time in solving system 4.370341690999339
time in solving system 0.17841391000183648
time in solving system 0.2390800749999471
concluded in  9.735338140999374
Solving snapshot 0 44
36
time in solving system 3.844840579000447
time in solving system 0.20632355800262303
time in solving system 0.15743054000267875
concluded in  9.690650229000312
Solving snapshot 0 45
36
time in solving system 3.8394973850008682
time in solving system 0.22728977899896563
time in solving system 0.13275431200236198
concluded in  9.75950353799999
Solving snapshot 0 46
36
time in solving system 3.775567256998329
time in solving system 0.26839876800295315
time in solving system 0.22269666899956064
concluded in  9.614297567000904
Solving snapshot 0 47
36
time in solving system 4.47312237299775
time in solving system 0.23052071400161367
time in solving system 0.2721451690013055
concluded in  10.373005055000249
Solving snapshot 0 48
36
time in solving system 4.030321907997859
time in solving system 0.1966444589997991
time in solving system 0.2936289179997402
concluded in  9.957890451998537
Solving snapshot 0 49
36
time in solving system 4.000411247001466
time in solving system 0.25793732199963415
time in solving system 0.15752160199917853
concluded in  9.963512400998297
Solving snapshot 0 50
36
time in solving system 4.245489445002022
time in solving system 0.2261664979996567
time in solving system 0.15048076400125865
concluded in  9.986354485001357
Solving snapshot 0 51
36
time in solving system 4.131711795002047
time in solving system 0.136660200998449
time in solving system 0.2084399070008658
concluded in  9.871862623000197
Solving snapshot 0 52
36
time in solving system 4.042788394999661
time in solving system 0.1495988300011959
time in solving system 0.13568644399856566
concluded in  9.846503553999355
Solving snapshot 0 53
36
time in solving system 3.9388033479990554
time in solving system 0.23754068100242876
time in solving system 0.1361463069988531
concluded in  9.764092493001954
Solving snapshot 0 54
36
time in solving system 4.118235979000019
time in solving system 0.17804529999921215
time in solving system 0.12468576500032214
concluded in  9.787343719999626
Solving snapshot 0 55
36
time in solving system 3.684053661996586
time in solving system 0.15717899700030102
time in solving system 0.2624329169993871
concluded in  9.236164979000023
Solving snapshot 0 56
36
time in solving system 3.6796330170000147
time in solving system 0.17319005899844342
time in solving system 0.25213396799881593
concluded in  9.160612469000625
Solving snapshot 0 57
36
time in solving system 3.440008329002012
time in solving system 0.1614832129998831
time in solving system 0.2368995350007026
concluded in  9.371944313999848
Solving snapshot 0 58
36
time in solving system 3.8153620359989873
time in solving system 0.1744875599979423
time in solving system 0.28484529799970915
concluded in  9.271531757000048
Solving snapshot 0 59
36
time in solving system 3.940288329999021
time in solving system 0.17957878000015626
time in solving system 0.24908968599993386
concluded in  9.334496360002959
Solving snapshot 0 60
36
time in solving system 4.1469475099984265
time in solving system 0.23723129000063636
time in solving system 0.14587343400125974
concluded in  10.00947465399804
Solving snapshot 0 61
36
time in solving system 4.057721365999896
time in solving system 0.30141769500187365
time in solving system 0.1558323780009232
concluded in  9.950479833001737
Solving snapshot 0 62
36
time in solving system 4.051075947001664
time in solving system 0.19020074400032172
time in solving system 0.210058921999007
concluded in  9.71018561299934
Solving snapshot 0 63
36
time in solving system 3.8729650450004556
time in solving system 0.13904360699962126
time in solving system 0.3250891600000614
concluded in  9.605414798999846
Solving snapshot 0 64
36
time in solving system 3.885763604001113
time in solving system 0.16969467300077667
time in solving system 0.3013234639984148
concluded in  9.317044188999716
Solving snapshot 0 65
36
time in solving system 4.139709648999997
time in solving system 0.19928381199861178
time in solving system 0.16012014300213195
concluded in  9.9191170769991
Solving snapshot 0 66
36
time in solving system 3.7796228189981775
time in solving system 0.25514628200107836
time in solving system 0.1854062079983123
concluded in  9.5769507469995
Solving snapshot 0 67
36
time in solving system 3.690924778002227
time in solving system 0.23357795500123757
time in solving system 0.1823656699998537
concluded in  9.540054671997495
Solving snapshot 0 68
36
time in solving system 4.090858990002744
time in solving system 0.20715790100075537
time in solving system 0.21372017199973925
concluded in  9.80844697199791
Solving snapshot 0 69
36
time in solving system 3.6436637260012503
time in solving system 0.2276728489996458
time in solving system 0.2603348990014638
concluded in  9.081318762000592
Solving snapshot 0 70
36
time in solving system 4.280546033998689
time in solving system 0.1641881760006072
time in solving system 0.27656884499810985
concluded in  9.794126002001576
Solving snapshot 0 71
36
time in solving system 4.176077362000797
time in solving system 0.15681645600125194
time in solving system 0.22078790600062348
concluded in  9.589542743000493
Solving snapshot 0 72
36
time in solving system 4.699451155000133
time in solving system 0.23172157400040305
time in solving system 0.21940607400028966
concluded in  10.395719121999718
Solving snapshot 0 73
36
time in solving system 4.132216656002129
time in solving system 0.14073832700159983
time in solving system 0.14790609500050778
concluded in  9.716393694001454
Solving snapshot 0 74
36
time in solving system 3.8520068649995665
time in solving system 0.13622245599981397
time in solving system 0.23214911399918492
concluded in  9.628289087999292
Solving snapshot 0 75
36
time in solving system 3.850440644997434
time in solving system 0.1725005449989112
time in solving system 0.1396822209972015
concluded in  9.044091498999478
Solving snapshot 0 76
36
time in solving system 3.825479508999706
time in solving system 0.22206706200086046
time in solving system 0.28044045599745004
concluded in  9.406973147000826
Solving snapshot 0 77
36
time in solving system 3.7891383369969844
time in solving system 0.2676823900001182
time in solving system 0.1948984320006275
concluded in  9.337549700998352
Solving snapshot 0 78
36
time in solving system 4.355798668002535
time in solving system 0.18194182899969746
time in solving system 0.2349813600012567
concluded in  10.255221060000622
Solving snapshot 0 79
36
time in solving system 3.9187817230013025
time in solving system 0.26448064299984253
time in solving system 0.23266911799873924
concluded in  9.76903389799918
Solving snapshot 0 80
36
time in solving system 3.388738627996645
time in solving system 0.2644543700007489
time in solving system 0.23062105999997584
concluded in  8.983954321000056
Solving snapshot 0 81
36
time in solving system 4.240796186997613
time in solving system 0.21239741599856643
time in solving system 0.15964659599922015
concluded in  9.89281711899821
Solving snapshot 0 82
36
time in solving system 3.4342827969994687
time in solving system 0.2382673190004425
time in solving system 0.22339113500129315
concluded in  8.954150243000186
Solving snapshot 0 83
36
time in solving system 4.169047637999029
time in solving system 0.15889550800056895
time in solving system 0.19491163199927541
concluded in  10.013590163001936
Solving snapshot 0 84
36
time in solving system 3.777257173001999
time in solving system 0.191237702001672
time in solving system 0.1782757360015239
concluded in  9.652592562000791
Solving snapshot 0 85
36
time in solving system 3.599874659001216
time in solving system 0.1937844269996276
time in solving system 0.22582460199919296
concluded in  9.064324248000048
Solving snapshot 0 86
36
time in solving system 3.9157253859993943
time in solving system 0.1734352659987053
time in solving system 0.1490629709987843
concluded in  9.387550003997603
Solving snapshot 0 87
36
time in solving system 3.711727587000496
time in solving system 0.1933628270016925
time in solving system 0.16009808099988732
concluded in  9.04375582099965
Solving snapshot 0 88
36
time in solving system 3.40147427500051
time in solving system 0.1537886919977609
time in solving system 0.13660728000104427
concluded in  9.154099932002282
Solving snapshot 0 89
36
time in solving system 3.321519670997077
time in solving system 0.22278708599696984
time in solving system 0.1577573750000738
concluded in  8.557216222001443
Solving snapshot 0 90
36
time in solving system 3.2692079650005326
time in solving system 0.18163276499763015
time in solving system 0.2311801049982023
concluded in  8.826955975000601
Solving snapshot 0 91
36
time in solving system 3.4076187259997823
time in solving system 0.16925922899827128
time in solving system 0.21481390099870623
concluded in  8.933482067001023
Solving snapshot 0 92
36
time in solving system 3.371011299001111
time in solving system 0.21016684499772964
time in solving system 0.23348014500152203
concluded in  9.476768137999898
Solving snapshot 0 93
36
time in solving system 2.9695579079998424
time in solving system 0.15527949699753663
time in solving system 0.1413874419995409
concluded in  8.1443327220004
Solving snapshot 0 94
36
time in solving system 3.2088379809974867
time in solving system 0.18682057399928453
time in solving system 0.2321199260004505
concluded in  8.751578011000674
Solving snapshot 0 95
36
time in solving system 2.993847743000515
time in solving system 0.16693222599860746
time in solving system 0.18294623300243984
concluded in  8.82131233200198
Solving snapshot 0 96
36
time in solving system 3.414723600002617
time in solving system 0.1654116379977495
time in solving system 0.22071571099877474
concluded in  9.162546300998656
Solving snapshot 0 97
36
time in solving system 3.7080048200004967
time in solving system 0.2667410119975102
time in solving system 0.21866449099979945
concluded in  9.676135516998329
Solving snapshot 0 98
36
time in solving system 3.249516092000704
time in solving system 0.2001001440003165
time in solving system 0.16619820800042362
concluded in  8.87777814799847
Solving snapshot 0 99
36
time in solving system 2.931243680002808
time in solving system 0.15795982599956915
time in solving system 0.16286736199981533
concluded in  8.18559363699751
Solving snapshot 0 100
36
time in solving system 3.0180002359993523
time in solving system 0.17633942199972807
time in solving system 0.1691415479981515
concluded in  9.026114446001884
Solving snapshot 0 101
36
time in solving system 2.9818156350011122
time in solving system 0.1880259199970169
time in solving system 0.16432792399791651
concluded in  8.24281198600147
Solving snapshot 0 102
36
time in solving system 2.905864388001646
time in solving system 0.2210862649990304
time in solving system 0.22534941000049002
concluded in  8.852793089001352
Solving snapshot 0 103
36
time in solving system 3.6630010579974623
time in solving system 0.24446660800094833
time in solving system 0.17187541300154408
concluded in  9.342150422002305
Solving snapshot 0 104
36
time in solving system 3.20348172499871
time in solving system 0.24173152800358366
time in solving system 0.2995114820005256
concluded in  9.225937062998128
Solving snapshot 0 105
36
time in solving system 3.013702601001569
time in solving system 0.16422308599794633
time in solving system 0.1678683380014263
concluded in  8.30848739999783
Solving snapshot 0 106
36
time in solving system 3.9464463610020175
time in solving system 0.23495640799956163
time in solving system 0.1738713929989899
concluded in  9.69767449199935
Solving snapshot 0 107
36
time in solving system 3.5812071109976387
time in solving system 0.23233447299935506
time in solving system 0.23816286099827266
concluded in  9.300231478999194
Solving snapshot 0 108
36
time in solving system 3.7086660099994333
time in solving system 0.2210256690013921
time in solving system 0.18842310000036377
concluded in  9.141202886999963
Solving snapshot 0 109
36
time in solving system 3.5347548370009463
time in solving system 0.2178567680020933
time in solving system 0.24457331800294924
concluded in  9.195551978002186
Solving snapshot 0 110
36
time in solving system 3.3360477899987018
time in solving system 0.16044194600181072
time in solving system 0.17549068999869633
concluded in  8.75078194699745
Solving snapshot 0 111
36
time in solving system 3.8654474600007234
time in solving system 0.20266795600036858
time in solving system 0.19481452300169622
concluded in  9.795529475999501
Solving snapshot 0 112
36
time in solving system 4.161515947998851
time in solving system 0.17387910300021758
time in solving system 0.17853764400206273
concluded in  9.597062979999464
Solving snapshot 0 113
36
time in solving system 3.5650911459997587
time in solving system 0.1608981360004691
time in solving system 0.2764615220003179
concluded in  9.745549237999512
Solving snapshot 0 114
36
time in solving system 3.557089822999842
time in solving system 0.1703474419991835
time in solving system 0.16584882099778042
concluded in  9.575862822999625
Solving snapshot 0 115
36
time in solving system 3.5131707840009767
time in solving system 0.24372665800183313
time in solving system 0.16353366899784305
concluded in  9.48192969700176
Solving snapshot 0 116
36
time in solving system 3.873542780002026
time in solving system 0.134005520001665
time in solving system 0.12835134000124526
concluded in  9.696385515002476
Solving snapshot 0 117
36
time in solving system 4.498758374000317
time in solving system 0.1968271769983403
time in solving system 0.13043147300049895
concluded in  9.850979078000819
Solving snapshot 0 118
36
time in solving system 3.8086860129988054
time in solving system 0.23754978000215488
time in solving system 0.14194094899721676
concluded in  9.690267046000372
Solving snapshot 0 119
36
time in solving system 3.747152288997313
time in solving system 0.23661270099910325
time in solving system 0.13158140499945148
concluded in  9.70900783199977
Solving snapshot 0 120
36
time in solving system 4.092364465002902
time in solving system 0.13344465699992725
time in solving system 0.12406453400035389
concluded in  9.396064764001494
Solving snapshot 0 121
36
time in solving system 3.8699191710002196
time in solving system 0.1524414470004558
time in solving system 0.21634375600115163
concluded in  9.256842722999863
Solving snapshot 0 122
36
time in solving system 3.7439047089974338
time in solving system 0.24286196500179358
time in solving system 0.18553660900215618
concluded in  9.709852298998157
Solving snapshot 0 123
36
time in solving system 4.023366049998003
time in solving system 0.14127391399961198
time in solving system 0.1718264379996981
concluded in  9.422827608999796
Solving snapshot 0 124
36
time in solving system 4.0709674959980475
time in solving system 0.13185445199997048
time in solving system 0.1286603099979402
concluded in  9.255218136000622
Solving snapshot 0 125
36
time in solving system 3.8581465300012496
time in solving system 0.1336801280012878
time in solving system 0.2356036609999137
concluded in  9.644150582000293
Solving snapshot 0 126
36
time in solving system 3.4299035719996027
time in solving system 0.18731909000052838
time in solving system 0.2091155140005867
concluded in  8.782555148998654
Solving snapshot 0 127
36
time in solving system 4.51858193299995
time in solving system 0.20913913500044146
time in solving system 0.2124829860003956
concluded in  10.38291366699923
Solving snapshot 0 128
36
time in solving system 4.167784124001628
time in solving system 0.2516447820016765
time in solving system 0.16010996800105204
concluded in  9.530939280000894
Solving snapshot 0 129
36
time in solving system 3.8708233629986353
time in solving system 0.19750801999907708
time in solving system 0.2294210469990503
concluded in  9.681286798997462
Solving snapshot 0 130
36
time in solving system 3.858999406998919
time in solving system 0.2075451169985172
time in solving system 0.22447342799932812
concluded in  9.99060423300034
Solving snapshot 0 131
36
time in solving system 3.849679049999395
time in solving system 0.17929432099845144
time in solving system 0.25698734800243983
concluded in  9.903121570001531
Solving snapshot 0 132
36
time in solving system 4.307575907998398
time in solving system 0.1926216840001871
time in solving system 0.16081673400185537
concluded in  10.193282247997558
Solving snapshot 0 133
36
time in solving system 4.035119422002026
time in solving system 0.17465975300001446
time in solving system 0.12525880199973471
concluded in  9.950958379999065
Solving snapshot 0 134
36
time in solving system 3.589970913999423
time in solving system 0.2127237079985207
time in solving system 0.2253893059969414
concluded in  9.009946266000043
Solving snapshot 0 135
36
time in solving system 3.8740116370026954
time in solving system 0.2775340129992401
time in solving system 0.15942839300259948
concluded in  9.782326300999557
Solving snapshot 0 136
36
time in solving system 3.9419677990008495
time in solving system 0.18595301399909658
time in solving system 0.1489546299999347
concluded in  9.315017463999538
Solving snapshot 0 137
36
time in solving system 4.409241695000674
time in solving system 0.20283431200004998
time in solving system 0.23071790000176406
concluded in  10.249311444997147
Solving snapshot 0 138
36
time in solving system 4.169017741998687
time in solving system 0.20932021800035727
time in solving system 0.1677359700006491
concluded in  9.59638681800061
Solving snapshot 0 139
36
time in solving system 4.205860092999501
time in solving system 0.1501935689993843
time in solving system 0.1700914550019661
concluded in  9.45646909000061
Solving snapshot 0 140
36
time in solving system 4.092943916002696
time in solving system 0.22733605999746942
time in solving system 0.2259641000018746
concluded in  9.933019236999826
Solving snapshot 0 141
36
time in solving system 4.068403320998186
time in solving system 0.15251387899843394
time in solving system 0.22004772899890668
concluded in  9.759900728000503
Solving snapshot 0 142
36
time in solving system 4.086430961997394
time in solving system 0.1855738600024779
time in solving system 0.2207201269993675
concluded in  9.484830410998256
Solving snapshot 0 143
36
time in solving system 4.331133758998476
time in solving system 0.13590400400062208
time in solving system 0.12902851099715917
concluded in  9.977544071000011
Solving snapshot 0 144
36
time in solving system 3.921915982999053
time in solving system 0.2910942320013419
time in solving system 0.2346848269990005
concluded in  9.434762182998384
Solving snapshot 0 145
36
time in solving system 3.8473583400009375
time in solving system 0.18292695499985712
time in solving system 0.15747312899839017
concluded in  9.499896575998719
Solving snapshot 0 146
36
time in solving system 3.5106625449989224
time in solving system 0.16403927500141435
time in solving system 0.17865336899922113
concluded in  9.241565847998572
Solving snapshot 0 147
36
time in solving system 4.012512345001596
time in solving system 0.24441548599861562
time in solving system 0.21859353400213877
concluded in  9.385597254997265
Solving snapshot 0 148
36
time in solving system 4.172319800003606
time in solving system 0.14220613200086518
time in solving system 0.14143598599912366
concluded in  9.844681277001655
Solving snapshot 0 149
36
time in solving system 4.405056332998356
time in solving system 0.13309131099958904
time in solving system 0.12797932800094713
concluded in  9.580266355002095
Solving snapshot 0 150
36
time in solving system 3.7655123910008115
time in solving system 0.13183107799704885
time in solving system 0.20768898900132626
concluded in  9.786686928000563
Solving snapshot 0 151
36
time in solving system 3.6737127310007054
time in solving system 0.14800051299971528
time in solving system 0.12545493699872168
concluded in  9.344438430001901
Solving snapshot 0 152
36
time in solving system 3.7731559650019335
time in solving system 0.22203310299664736
time in solving system 0.13338304799981415
concluded in  9.72136508100084
Solving snapshot 0 153
36
time in solving system 3.9308068079990335
time in solving system 0.22202377199937473
time in solving system 0.1339296000005561
concluded in  9.369466672000272
Solving snapshot 0 154
36
time in solving system 4.052036367000255
time in solving system 0.2641254949994618
time in solving system 0.14332393199947546
concluded in  9.81260783000107
Solving snapshot 0 155
36
time in solving system 3.872862022002664
time in solving system 0.25725136199980625
time in solving system 0.17576882600042154
concluded in  9.317059422002785
Solving snapshot 0 156
36
time in solving system 4.038170182997419
time in solving system 0.17471954800203093
time in solving system 0.16600882900092984
concluded in  9.719114559000445
Solving snapshot 0 157
36
time in solving system 3.535733094999159
time in solving system 0.19103127700145706
time in solving system 0.1447665039995627
concluded in  8.77315371900113
Solving snapshot 0 158
36
time in solving system 3.407699325998692
time in solving system 0.2021500599985302
time in solving system 0.2578990529982548
concluded in  9.484471900999779
Solving snapshot 0 159
36
time in solving system 3.3728698970007827
time in solving system 0.16847124199921382
time in solving system 0.21353000399903976
concluded in  9.27992393599925
Solving snapshot 0 160
36
time in solving system 2.894238417997258
time in solving system 0.12748232699959772
time in solving system 0.12979432900101529
concluded in  7.939625293001882
Solving snapshot 0 161
36
time in solving system 2.8886541749998287
time in solving system 0.1497048530000029
time in solving system 0.12243081899941899
concluded in  8.117602808000811
Solving snapshot 0 162
36
time in solving system 2.8556950089987367
time in solving system 0.24613041500197141
time in solving system 0.12181408100150293
concluded in  8.811608127001819
Solving snapshot 0 163
36
time in solving system 3.1138570010007243
time in solving system 0.18351700200219057
time in solving system 0.21601800600183196
concluded in  9.031528858999081
Solving snapshot 0 164
36
time in solving system 2.908698775998346
time in solving system 0.24393777699879138
time in solving system 0.1803637430020899
concluded in  9.377934944001026
Solving snapshot 0 165
36
time in solving system 2.838239840002643
time in solving system 0.2099754880000546
time in solving system 0.15500725400124793
concluded in  8.734026324000297
Solving snapshot 0 166
36
time in solving system 2.9017883099986648
time in solving system 0.2508793679990049
time in solving system 0.21417590399869368
concluded in  8.799563445001695
Solving snapshot 0 167
36
time in solving system 2.8738670960010495
time in solving system 0.15950671799873817
time in solving system 0.23951563200171222
concluded in  8.222447382999235
Solving snapshot 0 168
36
time in solving system 3.721796371999517
time in solving system 0.250838747000671
time in solving system 0.23640339499979746
concluded in  9.725627485000587
Solving snapshot 0 169
36
time in solving system 3.010222443997918
time in solving system 0.1977954600006342
time in solving system 0.2585168320001685
concluded in  8.525528343998303
Solving snapshot 0 170
36
time in solving system 2.947971416000655
time in solving system 0.13341963999846485
time in solving system 0.21881194000161486
concluded in  8.193718481998076
Solving snapshot 0 171
36
time in solving system 2.976084460999118
time in solving system 0.16510470100183738
time in solving system 0.1227357989992015
concluded in  8.610927063997224
Solving snapshot 0 172
36
time in solving system 3.20189066400053
time in solving system 0.2455419109974173
time in solving system 0.2374152350021177
concluded in  9.497271395001007
Solving snapshot 0 173
36
time in solving system 2.9565564789991186
time in solving system 0.27287915800116025
time in solving system 0.23521158099902095
concluded in  8.767586427002243
Solving snapshot 0 174
36
time in solving system 3.1307974320006906
time in solving system 0.1500395059993025
time in solving system 0.13528628600033699
concluded in  8.675152403000538
Solving snapshot 0 175
36
time in solving system 3.1172958409988496
time in solving system 0.1578874189981434
time in solving system 0.1376571140026499
concluded in  8.794329389998893
Solving snapshot 0 176
36
time in solving system 2.9378049170009035
time in solving system 0.21729318400321063
time in solving system 0.12178621299972292
concluded in  8.657850669002073
Solving snapshot 0 177
36
time in solving system 2.9813746299987542
time in solving system 0.18105667700001504
time in solving system 0.16300910700010718
concluded in  8.911641018999944
Solving snapshot 0 178
36
time in solving system 3.2086767420005344
time in solving system 0.20565942100074608
time in solving system 0.2202350480001769
concluded in  8.594990444998984
Solving snapshot 0 179
36
time in solving system 2.9178387310021208
time in solving system 0.16664725699956762
time in solving system 0.12210624200088205
concluded in  8.667496857000515
Solving snapshot 0 180
36
time in solving system 3.17987010700017
time in solving system 0.15209956299804617
time in solving system 0.12053968700274709
concluded in  8.82884026100146
Solving snapshot 0 181
36
time in solving system 3.007308213000215
time in solving system 0.24769969200133346
time in solving system 0.200265538001986
concluded in  8.996370093998848
Solving snapshot 0 182
36
time in solving system 2.992231885000365
time in solving system 0.2808134019978752
time in solving system 0.19656888200188405
concluded in  9.19605449699884
Solving snapshot 0 183
36
time in solving system 3.031315435997385
time in solving system 0.17774810000264551
time in solving system 0.2155446859978838
concluded in  8.377911568000854
Solving snapshot 0 184
36
time in solving system 3.0441172739992908
time in solving system 0.18365826299850596
time in solving system 0.1700897150003584
concluded in  8.93704903500111
Solving snapshot 0 185
36
time in solving system 3.06514777099801
time in solving system 0.16261486199800856
time in solving system 0.1454373550004675
concluded in  8.335400018000655
Solving snapshot 0 186
36
time in solving system 3.1136449620025815
time in solving system 0.15497029200196266
time in solving system 0.24170440200032317
concluded in  8.705974238997442
Solving snapshot 0 187
36
time in solving system 3.0479545000016515
time in solving system 0.24869401500109234
time in solving system 0.1679264720005449
concluded in  8.93341063600019
Solving snapshot 0 188
36
time in solving system 3.105915272997663
time in solving system 0.13947376899886876
time in solving system 0.16011913399779587
concluded in  8.775877377000143
Solving snapshot 0 189
36
time in solving system 2.933341593001387
time in solving system 0.25788089700290584
time in solving system 0.16858199100170168
concluded in  8.550753746003465
Solving snapshot 0 190
36
time in solving system 3.8403369600018777
time in solving system 0.229239268002857
time in solving system 0.1643739920000371
concluded in  9.557027116999961
Solving snapshot 0 191
36
time in solving system 3.9781955760008714
time in solving system 0.16418698900088202
time in solving system 0.24405588900117436
concluded in  9.79363858600118
Solving snapshot 0 192
36
time in solving system 3.911950377001631
time in solving system 0.2556014750007307
time in solving system 0.18548008799916715
concluded in  9.706840552000358
Solving snapshot 0 193
36
time in solving system 4.204793185999733
time in solving system 0.22927858299954096
time in solving system 0.14652422400104115
concluded in  10.146053012998891
Solving snapshot 0 194
36
time in solving system 3.9522506579996843
time in solving system 0.23497181700076908
time in solving system 0.1369993100015563
concluded in  9.7604880100007
Solving snapshot 0 195
36
time in solving system 4.030930998000258
time in solving system 0.21540807700148434
time in solving system 0.18453474399939296
concluded in  9.699637826997787
Solving snapshot 0 196
36
time in solving system 3.9062043629965046
time in solving system 0.175664386999415
time in solving system 0.26489121000122395
concluded in  9.671820961000776
Solving snapshot 0 197
36
time in solving system 4.604902906001371
time in solving system 0.17013621700243675
time in solving system 0.11680406899904483
concluded in  10.08498127799976
Solving snapshot 0 198
36
time in solving system 4.015576461002638
time in solving system 0.3257383710006252
time in solving system 0.19293367900172598
concluded in  9.382928809998702
Solving snapshot 0 199
36
time in solving system 3.9965936089975003
time in solving system 0.15956288800225593
time in solving system 0.3520702679998067
concluded in  9.887422720999893
Solving snapshot 0 200
36
time in solving system 4.37765996500093
time in solving system 0.14827113199862652
time in solving system 0.27341548199910903
concluded in  10.356281255997601
Solving snapshot 0 201
36
time in solving system 4.290567792999354
time in solving system 0.20759053100118763
time in solving system 0.3382241110011819
concluded in  10.2323597709983
Solving snapshot 0 202
36
time in solving system 4.346187150000333
time in solving system 0.14649672599989572
time in solving system 0.15518547000101535
concluded in  10.068335332998686
Solving snapshot 0 203
36
time in solving system 3.735527553999418
time in solving system 0.22611401000176556
time in solving system 0.1608617400015646
concluded in  9.508553712999856
Solving snapshot 0 204
36
time in solving system 4.234884420002345
time in solving system 0.17108476299836184
time in solving system 0.12888736599779804
concluded in  9.95480459400278
Solving snapshot 0 205
36
time in solving system 3.915866248000384
time in solving system 0.22635199499927694
time in solving system 0.1314278869976988
concluded in  9.740247727000678
Solving snapshot 0 206
36
time in solving system 4.095166009003151
time in solving system 0.14867271900220658
time in solving system 0.1982941739988746
concluded in  9.439469925000594
Solving snapshot 0 207
36
time in solving system 3.9943686029982928
time in solving system 0.22053007099748356
time in solving system 0.22752201000184868
concluded in  9.911257065999962
Solving snapshot 0 208
36
time in solving system 3.6186163070015027
time in solving system 0.29951068299851613
time in solving system 0.2096127049990173
concluded in  9.572955413001182
Solving snapshot 0 209
36
time in solving system 3.849116534998757
time in solving system 0.15684218399837846
time in solving system 0.2232190439972328
concluded in  9.651731399997516
Solving snapshot 0 210
36
time in solving system 3.8623553949983034
time in solving system 0.31526889800079516
time in solving system 0.15203252699939185
concluded in  9.830114111999137
Solving snapshot 0 211
36
time in solving system 3.79334277900125
time in solving system 0.15211843300130568
time in solving system 0.22598928899969906
concluded in  9.63249478799844
Solving snapshot 0 212
36
time in solving system 4.272746606002329
time in solving system 0.17520444099864108
time in solving system 0.21409882299849414
concluded in  9.960782823000045
Solving snapshot 0 213
36
time in solving system 3.915191787000367
time in solving system 0.18844299800184672
time in solving system 0.12416507899979479
concluded in  9.171876424999937
Solving snapshot 0 214
36
time in solving system 3.723747768002795
time in solving system 0.19175582800016855
time in solving system 0.1914647599987802
concluded in  9.079299136999907
Solving snapshot 0 215
36
time in solving system 4.077074093998817
time in solving system 0.2620707109999785
time in solving system 0.20016561499869567
concluded in  9.431621788000484
Solving snapshot 0 216
36
time in solving system 4.087996040001599
time in solving system 0.28262261399868294
time in solving system 0.23146703200109187
concluded in  9.695771859998786
Solving snapshot 0 217
36
time in solving system 4.081424527001218
time in solving system 0.15419656700032647
time in solving system 0.12742443100069067
concluded in  9.986464445999445
Solving snapshot 0 218
36
time in solving system 3.913384016999771
time in solving system 0.1681874700007029
time in solving system 0.1513927199994214
concluded in  9.436771764998412
Solving snapshot 0 219
36
time in solving system 3.9018924349984445
time in solving system 0.20021427100073197
time in solving system 0.12295222799730254
concluded in  9.77420573999916
Solving snapshot 0 220
36
time in solving system 3.284847737999371
time in solving system 0.15850832700016326
time in solving system 0.18588945900046383
concluded in  8.825238689998514
Solving snapshot 0 221
36
time in solving system 3.7435416900007112
time in solving system 0.1988888819978456
time in solving system 0.18497543000194128
concluded in  9.242088758997852
Solving snapshot 0 222
36
time in solving system 3.4603589579965046
time in solving system 0.3177712509968842
time in solving system 0.2164571020002768
concluded in  8.945018229002017
Solving snapshot 0 223
36
time in solving system 3.6602375929978734
time in solving system 0.20281228499879944
time in solving system 0.2485942499988596
concluded in  9.478892557999643
Solving snapshot 0 224
36
time in solving system 4.1997426170019025
time in solving system 0.2491678199985472
time in solving system 0.15735501400195062
concluded in  10.069883020998532
Solving snapshot 0 225
36
time in solving system 4.02072564899936
time in solving system 0.2461007530000643
time in solving system 0.14936925500296638
concluded in  10.244068906002212
Solving snapshot 0 226
36
time in solving system 4.330945793000865
time in solving system 0.20805396599826054
time in solving system 0.23590614100248786
concluded in  9.855711706000875
Solving snapshot 0 227
36
time in solving system 4.269544258000678
time in solving system 0.16765671000030125
time in solving system 0.18541947999983677
concluded in  9.706454939998366
Solving snapshot 0 228
36
time in solving system 3.601338308999402
time in solving system 0.22983456200017827
time in solving system 0.1339617370031192
concluded in  9.607558744002745
Solving snapshot 0 229
36
time in solving system 3.533875891000207
time in solving system 0.22580510600164416
time in solving system 0.21090898100010236
concluded in  9.132953674998134
Solving snapshot 0 230
36
time in solving system 3.612810188998992
time in solving system 0.1650146969986963
time in solving system 0.23818316599863465
concluded in  8.969233260999317
Solving snapshot 0 231
36
time in solving system 3.4499773290008307
time in solving system 0.25178880499879597
time in solving system 0.1469489480004995
concluded in  9.090761784998904
Solving snapshot 0 232
36
time in solving system 3.5691443210016587
time in solving system 0.1841599330000463
time in solving system 0.2625314590004564
concluded in  9.366820302999258
Solving snapshot 0 233
36
time in solving system 4.2364126600004965
time in solving system 0.155333161001181
time in solving system 0.2221311639987107
concluded in  9.930080631998862
Solving snapshot 0 234
36
time in solving system 3.8448692669990123
time in solving system 0.23678784599906066
time in solving system 0.14110358499965514
concluded in  9.513977793998492
Solving snapshot 0 235
36
time in solving system 4.032200410998485
time in solving system 0.2556807269975252
time in solving system 0.13671730399801163
concluded in  9.735670104000747
Solving snapshot 0 236
36
time in solving system 4.244035922001785
time in solving system 0.18964314699769602
time in solving system 0.2180565070011653
concluded in  9.86612528200203
Solving snapshot 0 237
36
time in solving system 3.8982829390006373
time in solving system 0.16651332800029195
time in solving system 0.21380815600059577
concluded in  9.649840664002113
Solving snapshot 0 238
36
time in solving system 3.8230455519988027
time in solving system 0.24885182000070927
time in solving system 0.1752136920003977
concluded in  9.048014185002103
Solving snapshot 0 239
36
time in solving system 3.6597762899982627
time in solving system 0.241305748000741
time in solving system 0.19867374699970242
concluded in  9.416288410000561
Solving snapshot 0 240
36
time in solving system 4.160932823000621
time in solving system 0.1569684710011643
time in solving system 0.3235894380013633
concluded in  10.099776682000083
Solving snapshot 0 241
36
time in solving system 4.034387553001579
time in solving system 0.1527871620019141
time in solving system 0.1361485259985784
concluded in  9.851219759999367
Solving snapshot 0 242
36
time in solving system 3.924269340997853
time in solving system 0.15631525600110763
time in solving system 0.22211875100038014
concluded in  9.353858907998074
Solving snapshot 0 243
36
time in solving system 4.112145317001705
time in solving system 0.14803807600037544
time in solving system 0.22139159499784
concluded in  9.861081429000478
Solving snapshot 0 244
36
time in solving system 4.165568682001322
time in solving system 0.13380789499933599
time in solving system 0.21604398500130628
concluded in  9.559449551998114
Solving snapshot 0 245
36
time in solving system 3.841815640000277
time in solving system 0.27072100499935914
time in solving system 0.13898538899957202
concluded in  9.141011329000321
Solving snapshot 0 246
36
time in solving system 3.93962508900222
time in solving system 0.24331707199962693
time in solving system 0.1340432300021348
concluded in  9.609144094996736
Solving snapshot 0 247
36
time in solving system 3.930780380000215
time in solving system 0.2522489940020023
time in solving system 0.17988761499873362
concluded in  9.832889531000546
Solving snapshot 0 248
36
time in solving system 3.9412437849969137
time in solving system 0.15789561299970956
time in solving system 0.23776347800230724
concluded in  9.301610067999718
Solving snapshot 0 249
36
time in solving system 3.650149536002573
time in solving system 0.2771463019998919
time in solving system 0.17699097899821936
concluded in  9.002725438000198
Solving snapshot 0 250
36
time in solving system 3.792908842002362
time in solving system 0.2963873100015917
time in solving system 0.283089160999225
concluded in  9.81343787300284
Solving snapshot 0 251
36
time in solving system 3.2576232039973547
time in solving system 0.2547992850013543
time in solving system 0.19499899800212006
concluded in  8.679767007000919
Solving snapshot 0 252
36
time in solving system 3.51920740100104
time in solving system 0.1907256470003631
time in solving system 0.22899560600126279
concluded in  9.377349269998376
Solving snapshot 0 253
36
time in solving system 3.6743931529999827
time in solving system 0.2861323930010258
time in solving system 0.19945926400032477
concluded in  9.429445359000965
Solving snapshot 0 254
36
time in solving system 2.983714152000175
time in solving system 0.17805605700050364
time in solving system 0.1949425759994483
concluded in  8.375423905999924
Solving snapshot 0 255
36
time in solving system 2.8818077680007264
time in solving system 0.1598702539995429
time in solving system 0.2729080709978007
concluded in  8.72495031699873
Solving snapshot 0 256
36
time in solving system 2.8363128669989237
time in solving system 0.2641915349995543
time in solving system 0.174637377000181
concluded in  8.580750250002893
Solving snapshot 0 257
36
time in solving system 3.188802773998759
time in solving system 0.21158842099976027
time in solving system 0.18830791000073077
concluded in  9.182697517000634
Solving snapshot 0 258
36
time in solving system 3.3310515800003486
time in solving system 0.20363130700206966
time in solving system 0.2522549599998456
concluded in  9.127418518000923
Solving snapshot 0 259
36
time in solving system 2.908087441999669
time in solving system 0.2164151489996584
time in solving system 0.1889667540017399
concluded in  8.212159631999384
Solving snapshot 0 260
36
time in solving system 3.042162470999756
time in solving system 0.1523734099973808
time in solving system 0.13474920599765028
concluded in  8.649780310999631
Solving snapshot 0 261
36
time in solving system 3.0581720789996325
time in solving system 0.15053032499781693
time in solving system 0.20583326300038607
concluded in  8.2414744839989
Solving snapshot 0 262
36
time in solving system 3.3368702180014225
time in solving system 0.2770098719993257
time in solving system 0.18906210500063025
concluded in  9.466951954000251
Solving snapshot 0 263
36
time in solving system 3.3732295500012697
time in solving system 0.22570295100013027
time in solving system 0.2070998099989083
concluded in  9.264838374998362
Solving snapshot 0 264
36
time in solving system 3.920530935996794
time in solving system 0.19465031799700228
time in solving system 0.19245222199970158
concluded in  9.619569754999247
Solving snapshot 0 265
36
time in solving system 3.006792455998948
time in solving system 0.15735919599683257
time in solving system 0.2648480239986384
concluded in  8.385899056000198
Solving snapshot 0 266
36
time in solving system 4.428010752999398
time in solving system 0.3721221900013916
time in solving system 0.15538451600150438
concluded in  10.1473364759986
Solving snapshot 0 267
36
time in solving system 3.6577636980000534
time in solving system 0.2915271900019434
time in solving system 0.28101939499902073
concluded in  9.571179678998305
Solving snapshot 0 268
36
time in solving system 3.4985652230025153
time in solving system 0.28629847100091865
time in solving system 0.250344854001014
concluded in  8.926496666997991
Solving snapshot 0 269
36
time in solving system 3.468715332001011
time in solving system 0.21248252199802664
time in solving system 0.22869722199902753
concluded in  9.00982684200062
Solving snapshot 0 270
36
time in solving system 3.6874868429986236
time in solving system 0.20276906799699645
time in solving system 0.19367562099796487
concluded in  9.629187541999272
Solving snapshot 0 271
36
time in solving system 4.443272224001703
time in solving system 0.32183597599942004
time in solving system 0.1595677590012201
concluded in  9.956867049997527
Solving snapshot 0 272
36
time in solving system 3.793121938000695
time in solving system 0.21587521800029208
time in solving system 0.1734195799981535
concluded in  9.645149960000708
Solving snapshot 0 273
36
time in solving system 4.027827850000904
time in solving system 0.25141650099976687
time in solving system 0.187784970003122
concluded in  9.898771644999215
Solving snapshot 0 274
36
time in solving system 3.808897742001136
time in solving system 0.1571745209985238
time in solving system 0.21661620899976697
concluded in  9.4021797839996
Solving snapshot 0 275
36
time in solving system 4.033255124999414
time in solving system 0.2016718859995308
time in solving system 0.2364552930011996
concluded in  9.413879546002136
Solving snapshot 0 276
36
time in solving system 3.6191742599985446
time in solving system 0.27484613900014665
time in solving system 0.16169945300134714
concluded in  9.488516296998569
Solving snapshot 0 277
36
time in solving system 3.895540677000099
time in solving system 0.16311766899889335
time in solving system 0.18272496899953694
concluded in  9.279589149002277
Solving snapshot 0 278
36
time in solving system 4.336962195000524
time in solving system 0.21820846600166988
time in solving system 0.2428528570017079
concluded in  10.09204984399912
Solving snapshot 0 279
36
time in solving system 4.189419649002957
time in solving system 0.15498672999819973
time in solving system 0.21822052800052916
concluded in  10.091006793001725
Solving snapshot 0 280
36
time in solving system 3.85323935300039
time in solving system 0.15876149900213932
time in solving system 0.26051503300186596
concluded in  9.300799618999008
Solving snapshot 0 281
36
time in solving system 3.911704619000375
time in solving system 0.21298408299844596
time in solving system 0.2160070120007731
concluded in  9.462610188998951
Solving snapshot 0 282
36
time in solving system 3.2844909170016763
time in solving system 0.21236974700150313
time in solving system 0.13710037000055308
concluded in  9.10361667899997
Solving snapshot 0 283
36
time in solving system 3.7319671270015533
time in solving system 0.16413288499825285
time in solving system 0.16688047100251424
concluded in  9.431878737999796
Solving snapshot 0 284
36
time in solving system 3.66852348500106
time in solving system 0.2403594899988093
time in solving system 0.18434250599966617
concluded in  9.413677589000145
Solving snapshot 0 285
36
time in solving system 4.331806999998662
time in solving system 0.17845374299940886
time in solving system 0.17091778400208568
concluded in  10.042957001001923
Solving snapshot 0 286
36
time in solving system 4.029500594999263
time in solving system 0.22096520000195596
time in solving system 0.1331242599990219
concluded in  9.920124482003303
Solving snapshot 0 287
36
time in solving system 3.9799052230009693
time in solving system 0.15394020299936528
time in solving system 0.12506972799747018
concluded in  9.255622255997878
Solving snapshot 0 288
36
time in solving system 4.159314683001867
time in solving system 0.17882531799841672
time in solving system 0.2642940109981282
concluded in  10.044837402998382
Solving snapshot 0 289
36
time in solving system 4.196353752002324
time in solving system 0.1435327330000291
time in solving system 0.22746506199837313
concluded in  9.903896967000037
Solving snapshot 0 290
36
time in solving system 3.5422801509994315
time in solving system 0.16501171500203782
time in solving system 0.2903617249976378
concluded in  9.053213094000967
Solving snapshot 0 291
36
time in solving system 3.4383513829998265
time in solving system 0.1788898179984244
time in solving system 0.2138822410015564
concluded in  9.272807092998846
Solving snapshot 0 292
36
time in solving system 4.106700913001987
time in solving system 0.16026134800267755
time in solving system 0.25503974100138294
concluded in  9.49009326399755
Solving snapshot 0 293
36
time in solving system 3.435938757000258
time in solving system 0.16362817600020207
time in solving system 0.2296531399988453
concluded in  9.159832215998904
Solving snapshot 0 294
36
time in solving system 3.8713847840008384
time in solving system 0.2808767650021764
time in solving system 0.2255493730008311
concluded in  9.293937998001638
Solving snapshot 0 295
36
time in solving system 3.759460144003242
time in solving system 0.25256121499842266
time in solving system 0.16866716499862378
concluded in  9.636291065999103
Solving snapshot 0 296
36
time in solving system 3.9516167450019566
time in solving system 0.20533365400115144
time in solving system 0.20474815700072213
concluded in  9.618421383001987
Solving snapshot 0 297
36
time in solving system 4.320360797999456
time in solving system 0.16554989100040984
time in solving system 0.2350072680019366
concluded in  9.6012369400014
Solving snapshot 0 298
36
time in solving system 3.992431860999204
time in solving system 0.16849548100071843
time in solving system 0.2940981310021016
concluded in  9.85568652999791
Solving snapshot 0 299
36
time in solving system 4.158967704999668
time in solving system 0.20587348499975633
time in solving system 0.21045576100004837
concluded in  10.026240398998198
[]
Not completed: []
